runJobCommand
arguents: child
arguents: job
arguents: mode
Careful, HavocLimit is not zero. Call Abstraction is activated
handleJobInSeparateProcess0

Checking job 7900 ...about to run job:
preconNumber: 0, 0

  Running Model Checker with 1 checks ...try
try ready

    SMTSolver : stp
    CallStackBound : 0
    StopEncodingAfterCheckLoop : 0
    LoopUnrollBound : 1
    HavocLimit : 1
    PreconditionNumber : 0
    PreconditionLocation : jobs/7900
    TimeOut : 600
    InitializedGlobals : false
    IgnoreMissingFunctions : false
    StopEncodingAfterCheck : false
    OverApproxVaArgs : false
    PreconditionCheckMemory : false
    PreconditionOnlyArguments : trueI [0] lib/ModelChecker/Verifier.cpp:247 | EntryPoint : sqlite3WhereEnd
m_checker->run()

    Performing bounded model checking ...
      Unrolling loop in function "sqlite3WhereEnd" for 1 iterations succeeded.
      Unrolling loop in function "sqlite3WhereEnd" for 1 iterations succeeded.
      Unrolling loop in function "sqlite3WhereEnd" for 1 iterations succeeded.
      Unrolling loop in function "sqlite3WhereEnd" for 1 iterations succeeded.
      Unrolling loop in function "sqlite3WhereEnd" for 1 iterations succeeded.
      Transformed "sqlite3WhereEnd" from 94 to 98 basic blocks and from 659 to 676 instructions
      Performing pre-transformations on LLVM IR ...        0 sec [DONE]
        
      Performing logical encoding ...Current: sqlite3WhereEnd Havoced: sqlite3VdbeCurrentAddr
Current: sqlite3WhereEnd Havoced: sqlite3VdbeResolveLabel
Current: sqlite3WhereEnd Havoced: sqlite3VdbeAddOp3
Current: sqlite3WhereEnd Havoced: sqlite3VdbeAddOp4Int
Current: sqlite3WhereEnd Havoced: sqlite3VdbeAddOp2
Current: sqlite3WhereEnd Havoced: sqlite3VdbeResolveLabel
Current: sqlite3WhereEnd Havoced: sqlite3VdbeAddOp3
Current: sqlite3WhereEnd Havoced: sqlite3VdbeChangeP5
Current: sqlite3WhereEnd Havoced: sqlite3VdbeResolveLabel
Current: sqlite3WhereEnd Havoced: sqlite3VdbeAddOp2
Current: sqlite3WhereEnd Havoced: sqlite3VdbeJumpHere
Current: sqlite3WhereEnd Havoced: sqlite3VdbeResolveLabel
Current: sqlite3WhereEnd Havoced: sqlite3VdbeJumpHere
Current: sqlite3WhereEnd Havoced: sqlite3VdbeCurrentAddr
Current: sqlite3WhereEnd Havoced: sqlite3VdbeAddOp2
Current: sqlite3WhereEnd Havoced: sqlite3VdbeCurrentAddr
Current: sqlite3WhereEnd Havoced: sqlite3VdbeAddOp4Int
Current: sqlite3WhereEnd Havoced: sqlite3VdbeJumpHere
Current: sqlite3WhereEnd Havoced: sqlite3VdbeAddOp2
Current: sqlite3WhereEnd Havoced: sqlite3VdbeJumpHere
Current: sqlite3WhereEnd Havoced: sqlite3VdbeResolveLabel
Current: sqlite3WhereEnd Havoced: sqlite3VdbeGoto
Current: sqlite3WhereEnd Havoced: sqlite3VdbeJumpHere
Current: sqlite3WhereEnd Havoced: sqlite3VdbeJumpHere
Current: sqlite3WhereEnd Havoced: sqlite3VdbeAddOp2
Current: sqlite3WhereEnd Havoced: sqlite3VdbeAddOp1
Current: sqlite3WhereEnd Havoced: sqlite3VdbeAddOp1
Current: sqlite3WhereEnd Havoced: sqlite3VdbeAddOp1
Current: sqlite3WhereEnd Havoced: sqlite3VdbeGoto
Current: sqlite3WhereEnd Havoced: sqlite3VdbeAddOp2
Current: sqlite3WhereEnd Havoced: sqlite3VdbeJumpHere
Current: sqlite3WhereEnd Havoced: sqlite3VdbeResolveLabel
Current: sqlite3WhereEnd Havoced: sqlite3VdbeGetOp
Current: sqlite3WhereEnd Havoced: sqlite3PrimaryKeyIndex
Current: sqlite3WhereEnd Havoced: sqlite3StorageColumnToTable
Current: sqlite3WhereEnd Havoced: sqlite3TableColumnToIndex
Current: sqlite3WhereEnd Havoced: translateColumnToCopy
Current: sqlite3WhereEnd Havoced: whereUndoExprMods
Current: sqlite3WhereEnd Havoced: whereInfoFree
                      0 sec [DONE]
        Number of expressions:                        156176
        after encoding

      6 assertions before transformations (5 no_back_edge, 1 custom).

      Performing formula transformations ...
        Simplifier
          Number of rewrites                            3911
        Fixed Memory Address Assigner
          Number of moved ops                              0
          Number of rewrites                            5208
        Simplifier
          Number of moved ops                              0
          Number of rewrites                           72651
        Memory Model Encoder
          Number of moved ops                              0
          Number of rewrites                               0
        Simplifier
          Number of rewrites                               4
        Simplifier
          Number of moved ops                              0
          Number of rewrites                             142
        ToASC Analyser
          Memcpy/memset found                             no
        Byte-Based Memory Creator
        Instantiation-Based ToASC Simplifier
        Simplifier
        FP Abstraction
          Number of rewrites                              44

Abstracted floating point operations.  The result might be a false positive.

        Simplifier
          Number of moved ops                              0
          Number of rewrites                               0
                                                           0 sec [DONE]
        
      6 assertions remain after transformations (5 no_back_edge, 1 custom).
after rewriteFormula
after sanityCheckFormula

      Running SMT solver (STP with MiniSat) ...