runJobCommand
arguents: child
arguents: job
arguents: mode
handleJobInSeparateProcess0

Checking job 2043 ...about to run job:
preconNumber: 5, 1

  Running Model Checker with 1 checks ...try
try ready

    SMTSolver : stp
    CallStackBound : 0
    StopEncodingAfterCheckLoop : 1
    LoopUnrollBound : 1
    HavocLimit : 0
    PreconditionNumber : 5
    PreconditionLocation : jobs/2043
    TimeOut : 600
    InitializedGlobals : false
    IgnoreMissingFunctions : false
    StopEncodingAfterCheck : true
    OverApproxVaArgs : false
    PreconditionCheckMemory : false
    PreconditionOnlyArguments : trueI [1] lib/ModelChecker/Verifier.cpp:247 | EntryPoint : sqlite3LogEstFromDouble
m_checker->run()

    Performing bounded model checking ...
      Performing pre-transformations on LLVM IR ...        0 sec [DONE]
        
      Performing logical encoding ...isMemcpy:   call void @llvm.memcpy.p0i8.p0i8.i64(i8* %9, i8* %10, i64 8, i32 8, i1 false), !dbg !5631
-----found check = true
                      0 sec [DONE]
        Number of expressions:                        155042
        after encoding

      1 assertion before transformations (1 custom).

      Performing formula transformations ...
        Simplifier
          Number of rewrites                            3358
        Fixed Memory Address Assigner
          Number of moved ops                              0
          Number of rewrites                            5208
        Simplifier
          Number of moved ops                              0
          Number of rewrites                           72597
        Memory Model Encoder
          Number of moved ops                              0rewriteAllocaOprewriteStackAddressOp
rewriteAllocaOprewriteStackAddressOp

          Number of rewrites                               2
        Simplifier
          Number of moved ops                              0
          Number of rewrites                               3
        Simplifier
          Number of moved ops                              0
          Number of rewrites                             159
        ToASC Analyser
          Memcpy/memset found                             no
        Byte-Based Memory Creator
        Instantiation-Based ToASC Simplifier
        Simplifier
        FP Abstraction
          Number of rewrites                              49

Abstracted floating point operations.  The result might be a false positive.

        Simplifier
          Number of moved ops                              0
          Number of rewrites                               3
                                                           0 sec [DONE]
        
      1 assertion remains after transformations (1 custom).
after rewriteFormula
after sanityCheckFormula

      Running SMT solver (STP with MiniSat) ...            0 sec [DONE]
        
                                                           0 sec [DONE]
      after performing Check
evaluateCheckerResultsViaRefinementLoop
checker.getResult() is Trace
checkOnlyPrecon: 0, size:1
getFailingCheckFor
setCheckToUnsafe
setCheckToUnsafe
Check for floating point traces / abstractions currently deactivated
getCheckerResultAfterUpdatingMarker
failingInst:   call void @llbmc.assert(i1 %5, i32 %0)
Preconditions internal: 
double %arg0:arbitrary; 
 function does not read memory: 0, checkValidLoad:0, checkMemory: 0
function does not read memory 

assumePair: fp_11_52 %arg0 = nondef() : 0.0E+0
error: No matching SMT expression for Op %arg0 (nondef) found!
    Rerunning SMT solver (STP with MiniSat) ...            0 sec [DONE]
      failingInst:   call void @llbmc.assert(i1 %5, i32 %0)
Preconditions internal: 
double %arg0:arbitrary; 
 function does not read memory: 0, checkValidLoad:0, checkMemory: 0
function does not read memory 

assumePair: fp_11_52 %arg0 = nondef() : 0.0E+0
error: No matching SMT expression for Op %arg0 (nondef) found!
    Rerunning SMT solver (STP with MiniSat) ...            0 sec [DONE]
      failingInst:   call void @llbmc.assert(i1 %5, i32 %0)
Preconditions internal: 
double %arg0:arbitrary; 
 function does not read memory: 0, checkValidLoad:0, checkMemory: 0
function does not read memory 

assumePair: fp_11_52 %arg0 = nondef() : 0.0E+0
error: No matching SMT expression for Op %arg0 (nondef) found!
    Rerunning SMT solver (STP with MiniSat) ...            0 sec [DONE]
      failingInst:   call void @llbmc.assert(i1 %5, i32 %0)
Preconditions internal: 
double %arg0:arbitrary; 
 function does not read memory: 0, checkValidLoad:0, checkMemory: 0
function does not read memory 

assumePair: fp_11_52 %arg0 = nondef() : 0.0E+0
error: No matching SMT expression for Op %arg0 (nondef) found!
    Rerunning SMT solver (STP with MiniSat) ...            0 sec [DONE]
      failingInst:   call void @llbmc.assert(i1 %5, i32 %0)
Preconditions internal: 
double %arg0:arbitrary; 
 function does not read memory: 0, checkValidLoad:0, checkMemory: 0
function does not read memory 

assumePair: fp_11_52 %arg0 = nondef() : 0.0E+0
error: No matching SMT expression for Op %arg0 (nondef) found!
    Rerunning SMT solver (STP with MiniSat) ...            0 sec [DONE]
      name of function arguments: Writing precondition at: jobs/2043/precondition_sqlite3LogEstFromDouble.txt

Generated Preconditions:
[underoverapprox]name of function arguments: 
double %arg0:arbitrary; 
double %arg0:arbitrary; 
double %arg0:arbitrary; 
double %arg0:arbitrary; 
double %arg0:arbitrary; 

                                                           2 sec [DONE]
    allunsafe
    
                                                           2 sec [DONE]
  