runJobCommand
arguents: child
arguents: job
arguents: mode
Careful, HavocLimit is not zero. Call Abstraction is activated
handleJobInSeparateProcess0

Checking job 548 ...about to run job:
preconNumber: 0, 0

  Running Model Checker with 1 checks ...try
try ready

    SMTSolver : stp
    CallStackBound : 0
    StopEncodingAfterCheckLoop : 0
    LoopUnrollBound : 1
    HavocLimit : 1
    PreconditionNumber : 0
    PreconditionLocation : jobs/548
    TimeOut : 600
    InitializedGlobals : false
    IgnoreMissingFunctions : false
    StopEncodingAfterCheck : false
    OverApproxVaArgs : false
    PreconditionCheckMemory : false
    PreconditionOnlyArguments : trueI [0] lib/ModelChecker/Verifier.cpp:247 | EntryPoint : idxHashClear
m_checker->run()

    Performing bounded model checking ...
      Unrolling loop in function "idxHashClear" for 1 iterations succeeded.
      Unrolling loop in function "idxHashClear" for 1023 iterations succeeded.
      Transformed "idxHashClear" from 9 to 7163 basic blocks and from 41 to 33770 instructions
      Performing pre-transformations on LLVM IR ...        0 sec [DONE]
        
      Performing logical encoding ...Current: idxHashClear Havoced: sqlite3_free
Current: idxHashClear Havoced: sqlite3_free
Current: idxHashClear Havoced: sqlite3_free
Current: idxHashClear Havoced: sqlite3_free
Current: idxHashClear Havoced: sqlite3_free
Current: idxHashClear Havoced: sqlite3_free
Current: idxHashClear Havoced: sqlite3_free
Current: idxHashClear Havoced: sqlite3_free
Current: idxHashClear Havoced: sqlite3_free
Current: idxHashClear Havoced: sqlite3_free
Current: idxHashClear Havoced: sqlite3_free
Current: idxHashClear Havoced: sqlite3_free
Current: idxHashClear Havoced: sqlite3_free
Current: idxHashClear Havoced: sqlite3_free
Current: idxHashClear Havoced: sqlite3_free
Current: idxHashClear Havoced: sqlite3_free
Current: idxHashClear Havoced: sqlite3_free
Current: idxHashClear Havoced: sqlite3_free
Current: idxHashClear Havoced: sqlite3_free
Current: idxHashClear Havoced: sqlite3_free
Current: idxHashClear Havoced: sqlite3_free
Current: idxHashClear Havoced: sqlite3_free
Current: idxHashClear Havoced: sqlite3_free
Current: idxHashClear Havoced: sqlite3_free
Current: idxHashClear Havoced: sqlite3_free
Current: idxHashClear Havoced: sqlite3_free
Current: idxHashClear Havoced: sqlite3_free
Current: idxHashClear Havoced: sqlite3_free
Current: idxHashClear Havoced: sqlite3_free
Current: idxHashClear Havoced: sqlite3_free
Current: idxHashClear Havoced: sqlite3_free
Current: idxHashClear Havoced: sqlite3_free
Current: idxHashClear Havoced: sqlite3_free
Current: idxHashClear Havoced: sqlite3_free
Current: idxHashClear Havoced: sqlite3_free
Current: idxHashClear Havoced: sqlite3_free
Current: idxHashClear Havoced: sqlite3_free
Current: idxHashClear Havoced: sqlite3_free
Current: idxHashClear Havoced: sqlite3_free
Current: idxHashClear Havoced: sqlite3_free
Current: idxHashClear Havoced: sqlite3_free
Current: idxHashClear Havoced: sqlite3_free
Current: idxHashClear Havoced: sqlite3_free
Current: idxHashClear Havoced: sqlite3_free
Current: idxHashClear Havoced: sqlite3_free
Current: idxHashClear Havoced: sqlite3_free
Current: idxHashClear Havoced: sqlite3_free
Current: idxHashClear Havoced: sqlite3_free
Current: idxHashClear Havoced: sqlite3_free
Current: idxHashClear Havoced: sqlite3_free
Current: idxHashClear Havoced: sqlite3_free
Current: idxHashClear Havoced: sqlite3_free
Current: idxHashClear Havoced: sqlite3_free
Current: idxHashClear Havoced: sqlite3_free
Current: idxHashClear Havoced: sqlite3_free
Current: idxHashClear Havoced: sqlite3_free
Current: idxHashClear Havoced: sqlite3_free
Current: idxHashClear Havoced: sqlite3_free
Current: idxHashClear Havoced: sqlite3_free
Current: idxHashClear Havoced: sqlite3_free
Current: idxHashClear Havoced: sqlite3_free
Current: idxHashClear Havoced: sqlite3_free
Current: idxHashClear Havoced: sqlite3_free
Current: idxHashClear Havoced: sqlite3_free
Current: idxHashClear Havoced: sqlite3_free
Current: idxHashClear Havoced: sqlite3_free
Current: idxHashClear Havoced: sqlite3_free
Current: idxHashClear Havoced: sqlite3_free
Current: idxHashClear Havoced: sqlite3_free
Current: idxHashClear Havoced: sqlite3_free
Current: idxHashClear Havoced: sqlite3_free
Current: idxHashClear Havoced: sqlite3_free
Current: idxHashClear Havoced: sqlite3_free
Current: idxHashClear Havoced: sqlite3_free
Current: idxHashClear Havoced: sqlite3_free
Current: idxHashClear Havoced: sqlite3_free
Current: idxHashClear Havoced: sqlite3_free
Current: idxHashClear Havoced: sqlite3_free
Current: idxHashClear Havoced: sqlite3_free
Current: idxHashClear Havoced: sqlite3_free
Current: idxHashClear Havoced: sqlite3_free
Current: idxHashClear Havoced: sqlite3_free
Current: idxHashClear Havoced: sqlite3_free
Current: idxHashClear Havoced: sqlite3_free
Current: idxHashClear Havoced: sqlite3_free
Current: idxHashClear Havoced: sqlite3_free
Current: idxHashClear Havoced: sqlite3_free
Current: idxHashClear Havoced: sqlite3_free
Current: idxHashClear Havoced: sqlite3_free
Current: idxHashClear Havoced: sqlite3_free
Current: idxHashClear Havoced: sqlite3_free
Current: idxHashClear Havoced: sqlite3_free
Current: idxHashClear Havoced: sqlite3_free
Current: idxHashClear Havoced: sqlite3_free
Current: idxHashClear Havoced: sqlite3_free
Current: idxHashClear Havoced: sqlite3_free
Current: idxHashClear Havoced: sqlite3_free
Current: idxHashClear Havoced: sqlite3_free
Current: idxHashClear Havoced: sqlite3_free
Current: idxHashClear Havoced: sqlite3_free
Current: idxHashClear Havoced: sqlite3_free
Current: idxHashClear Havoced: sqlite3_free
Current: idxHashClear Havoced: sqlite3_free
Current: idxHashClear Havoced: sqlite3_free
Current: idxHashClear Havoced: sqlite3_free
Current: idxHashClear Havoced: sqlite3_free
Current: idxHashClear Havoced: sqlite3_free
Current: idxHashClear Havoced: sqlite3_free
Current: idxHashClear Havoced: sqlite3_free
Current: idxHashClear Havoced: sqlite3_free
Current: idxHashClear Havoced: sqlite3_free
Current: idxHashClear Havoced: sqlite3_free
Current: idxHashClear Havoced: sqlite3_free
Current: idxHashClear Havoced: sqlite3_free
Current: idxHashClear Havoced: sqlite3_free
Current: idxHashClear Havoced: sqlite3_free
Current: idxHashClear Havoced: sqlite3_free
Current: idxHashClear Havoced: sqlite3_free
Current: idxHashClear Havoced: sqlite3_free
Current: idxHashClear Havoced: sqlite3_free
Current: idxHashClear Havoced: sqlite3_free
Current: idxHashClear Havoced: sqlite3_free
Current: idxHashClear Havoced: sqlite3_free
Current: idxHashClear Havoced: sqlite3_free
Current: idxHashClear Havoced: sqlite3_free
Current: idxHashClear Havoced: sqlite3_free
Current: idxHashClear Havoced: sqlite3_free
Current: idxHashClear Havoced: sqlite3_free
Current: idxHashClear Havoced: sqlite3_free
Current: idxHashClear Havoced: sqlite3_free
Current: idxHashClear Havoced: sqlite3_free
Current: idxHashClear Havoced: sqlite3_free
Current: idxHashClear Havoced: sqlite3_free
Current: idxHashClear Havoced: sqlite3_free
Current: idxHashClear Havoced: sqlite3_free
Current: idxHashClear Havoced: sqlite3_free
Current: idxHashClear Havoced: sqlite3_free
Current: idxHashClear Havoced: sqlite3_free
Current: idxHashClear Havoced: sqlite3_free
Current: idxHashClear Havoced: sqlite3_free
Current: idxHashClear Havoced: sqlite3_free
Current: idxHashClear Havoced: sqlite3_free
Current: idxHashClear Havoced: sqlite3_free
Current: idxHashClear Havoced: sqlite3_free
Current: idxHashClear Havoced: sqlite3_free
Current: idxHashClear Havoced: sqlite3_free
Current: idxHashClear Havoced: sqlite3_free
Current: idxHashClear Havoced: sqlite3_free
Current: idxHashClear Havoced: sqlite3_free
Current: idxHashClear Havoced: sqlite3_free
Current: idxHashClear Havoced: sqlite3_free
Current: idxHashClear Havoced: sqlite3_free
Current: idxHashClear Havoced: sqlite3_free
Current: idxHashClear Havoced: sqlite3_free
Current: idxHashClear Havoced: sqlite3_free
Current: idxHashClear Havoced: sqlite3_free
Current: idxHashClear Havoced: sqlite3_free
Current: idxHashClear Havoced: sqlite3_free
Current: idxHashClear Havoced: sqlite3_free
Current: idxHashClear Havoced: sqlite3_free
Current: idxHashClear Havoced: sqlite3_free
Current: idxHashClear Havoced: sqlite3_free
Current: idxHashClear Havoced: sqlite3_free
Current: idxHashClear Havoced: sqlite3_free
Current: idxHashClear Havoced: sqlite3_free
Current: idxHashClear Havoced: sqlite3_free
Current: idxHashClear Havoced: sqlite3_free
Current: idxHashClear Havoced: sqlite3_free
Current: idxHashClear Havoced: sqlite3_free
Current: idxHashClear Havoced: sqlite3_free
Current: idxHashClear Havoced: sqlite3_free
Current: idxHashClear Havoced: sqlite3_free
Current: idxHashClear Havoced: sqlite3_free
Current: idxHashClear Havoced: sqlite3_free
Current: idxHashClear Havoced: sqlite3_free
Current: idxHashClear Havoced: sqlite3_free
Current: idxHashClear Havoced: sqlite3_free
Current: idxHashClear Havoced: sqlite3_free
Current: idxHashClear Havoced: sqlite3_free
Current: idxHashClear Havoced: sqlite3_free
Current: idxHashClear Havoced: sqlite3_free
Current: idxHashClear Havoced: sqlite3_free
Current: idxHashClear Havoced: sqlite3_free
Current: idxHashClear Havoced: sqlite3_free
Current: idxHashClear Havoced: sqlite3_free
Current: idxHashClear Havoced: sqlite3_free
Current: idxHashClear Havoced: sqlite3_free
Current: idxHashClear Havoced: sqlite3_free
Current: idxHashClear Havoced: sqlite3_free
Current: idxHashClear Havoced: sqlite3_free
Current: idxHashClear Havoced: sqlite3_free
Current: idxHashClear Havoced: sqlite3_free
Current: idxHashClear Havoced: sqlite3_free
Current: idxHashClear Havoced: sqlite3_free
Current: idxHashClear Havoced: sqlite3_free
Current: idxHashClear Havoced: sqlite3_free
Current: idxHashClear Havoced: sqlite3_free
Current: idxHashClear Havoced: sqlite3_free
Current: idxHashClear Havoced: sqlite3_free
Current: idxHashClear Havoced: sqlite3_free
Current: idxHashClear Havoced: sqlite3_free
Current: idxHashClear Havoced: sqlite3_free
Current: idxHashClear Havoced: sqlite3_free
Current: idxHashClear Havoced: sqlite3_free
Current: idxHashClear Havoced: sqlite3_free
Current: idxHashClear Havoced: sqlite3_free
Current: idxHashClear Havoced: sqlite3_free
Current: idxHashClear Havoced: sqlite3_free
Current: idxHashClear Havoced: sqlite3_free
Current: idxHashClear Havoced: sqlite3_free
Current: idxHashClear Havoced: sqlite3_free
Current: idxHashClear Havoced: sqlite3_free
Current: idxHashClear Havoced: sqlite3_free
Current: idxHashClear Havoced: sqlite3_free
Current: idxHashClear Havoced: sqlite3_free
Current: idxHashClear Havoced: sqlite3_free
Current: idxHashClear Havoced: sqlite3_free
Current: idxHashClear Havoced: sqlite3_free
Current: idxHashClear Havoced: sqlite3_free
Current: idxHashClear Havoced: sqlite3_free
Current: idxHashClear Havoced: sqlite3_free
Current: idxHashClear Havoced: sqlite3_free
Current: idxHashClear Havoced: sqlite3_free
Current: idxHashClear Havoced: sqlite3_free
Current: idxHashClear Havoced: sqlite3_free
Current: idxHashClear Havoced: sqlite3_free
Current: idxHashClear Havoced: sqlite3_free
Current: idxHashClear Havoced: sqlite3_free
Current: idxHashClear Havoced: sqlite3_free
Current: idxHashClear Havoced: sqlite3_free
Current: idxHashClear Havoced: sqlite3_free
Current: idxHashClear Havoced: sqlite3_free
Current: idxHashClear Havoced: sqlite3_free
Current: idxHashClear Havoced: sqlite3_free
Current: idxHashClear Havoced: sqlite3_free
Current: idxHashClear Havoced: sqlite3_free
Current: idxHashClear Havoced: sqlite3_free
Current: idxHashClear Havoced: sqlite3_free
Current: idxHashClear Havoced: sqlite3_free
Current: idxHashClear Havoced: sqlite3_free
Current: idxHashClear Havoced: sqlite3_free
Current: idxHashClear Havoced: sqlite3_free
Current: idxHashClear Havoced: sqlite3_free
Current: idxHashClear Havoced: sqlite3_free
Current: idxHashClear Havoced: sqlite3_free
Current: idxHashClear Havoced: sqlite3_free
Current: idxHashClear Havoced: sqlite3_free
Current: idxHashClear Havoced: sqlite3_free
Current: idxHashClear Havoced: sqlite3_free
Current: idxHashClear Havoced: sqlite3_free
Current: idxHashClear Havoced: sqlite3_free
Current: idxHashClear Havoced: sqlite3_free
Current: idxHashClear Havoced: sqlite3_free
Current: idxHashClear Havoced: sqlite3_free
Current: idxHashClear Havoced: sqlite3_free
Current: idxHashClear Havoced: sqlite3_free
Current: idxHashClear Havoced: sqlite3_free
Current: idxHashClear Havoced: sqlite3_free
Current: idxHashClear Havoced: sqlite3_free
Current: idxHashClear Havoced: sqlite3_free
Current: idxHashClear Havoced: sqlite3_free
Current: idxHashClear Havoced: sqlite3_free
Current: idxHashClear Havoced: sqlite3_free
Current: idxHashClear Havoced: sqlite3_free
Current: idxHashClear Havoced: sqlite3_free
Current: idxHashClear Havoced: sqlite3_free
Current: idxHashClear Havoced: sqlite3_free
Current: idxHashClear Havoced: sqlite3_free
Current: idxHashClear Havoced: sqlite3_free
Current: idxHashClear Havoced: sqlite3_free
Current: idxHashClear Havoced: sqlite3_free
Current: idxHashClear Havoced: sqlite3_free
Current: idxHashClear Havoced: sqlite3_free
Current: idxHashClear Havoced: sqlite3_free
Current: idxHashClear Havoced: sqlite3_free
Current: idxHashClear Havoced: sqlite3_free
Current: idxHashClear Havoced: sqlite3_free
Current: idxHashClear Havoced: sqlite3_free
Current: idxHashClear Havoced: sqlite3_free
Current: idxHashClear Havoced: sqlite3_free
Current: idxHashClear Havoced: sqlite3_free
Current: idxHashClear Havoced: sqlite3_free
Current: idxHashClear Havoced: sqlite3_free
Current: idxHashClear Havoced: sqlite3_free
Current: idxHashClear Havoced: sqlite3_free
Current: idxHashClear Havoced: sqlite3_free
Current: idxHashClear Havoced: sqlite3_free
Current: idxHashClear Havoced: sqlite3_free
Current: idxHashClear Havoced: sqlite3_free
Current: idxHashClear Havoced: sqlite3_free
Current: idxHashClear Havoced: sqlite3_free
Current: idxHashClear Havoced: sqlite3_free
Current: idxHashClear Havoced: sqlite3_free
Current: idxHashClear Havoced: sqlite3_free
Current: idxHashClear Havoced: sqlite3_free
Current: idxHashClear Havoced: sqlite3_free
Current: idxHashClear Havoced: sqlite3_free
Current: idxHashClear Havoced: sqlite3_free
Current: idxHashClear Havoced: sqlite3_free
Current: idxHashClear Havoced: sqlite3_free
Current: idxHashClear Havoced: sqlite3_free
Current: idxHashClear Havoced: sqlite3_free
Current: idxHashClear Havoced: sqlite3_free
Current: idxHashClear Havoced: sqlite3_free
Current: idxHashClear Havoced: sqlite3_free
Current: idxHashClear Havoced: sqlite3_free
Current: idxHashClear Havoced: sqlite3_free
Current: idxHashClear Havoced: sqlite3_free
Current: idxHashClear Havoced: sqlite3_free
Current: idxHashClear Havoced: sqlite3_free
Current: idxHashClear Havoced: sqlite3_free
Current: idxHashClear Havoced: sqlite3_free
Current: idxHashClear Havoced: sqlite3_free
Current: idxHashClear Havoced: sqlite3_free
Current: idxHashClear Havoced: sqlite3_free
Current: idxHashClear Havoced: sqlite3_free
Current: idxHashClear Havoced: sqlite3_free
Current: idxHashClear Havoced: sqlite3_free
Current: idxHashClear Havoced: sqlite3_free
Current: idxHashClear Havoced: sqlite3_free
Current: idxHashClear Havoced: sqlite3_free
Current: idxHashClear Havoced: sqlite3_free
Current: idxHashClear Havoced: sqlite3_free
Current: idxHashClear Havoced: sqlite3_free
Current: idxHashClear Havoced: sqlite3_free
Current: idxHashClear Havoced: sqlite3_free
Current: idxHashClear Havoced: sqlite3_free
Current: idxHashClear Havoced: sqlite3_free
Current: idxHashClear Havoced: sqlite3_free
Current: idxHashClear Havoced: sqlite3_free
Current: idxHashClear Havoced: sqlite3_free
Current: idxHashClear Havoced: sqlite3_free
Current: idxHashClear Havoced: sqlite3_free
Current: idxHashClear Havoced: sqlite3_free
Current: idxHashClear Havoced: sqlite3_free
Current: idxHashClear Havoced: sqlite3_free
Current: idxHashClear Havoced: sqlite3_free
Current: idxHashClear Havoced: sqlite3_free
Current: idxHashClear Havoced: sqlite3_free
Current: idxHashClear Havoced: sqlite3_free
Current: idxHashClear Havoced: sqlite3_free
Current: idxHashClear Havoced: sqlite3_free
Current: idxHashClear Havoced: sqlite3_free
Current: idxHashClear Havoced: sqlite3_free
Current: idxHashClear Havoced: sqlite3_free
Current: idxHashClear Havoced: sqlite3_free
Current: idxHashClear Havoced: sqlite3_free
Current: idxHashClear Havoced: sqlite3_free
Current: idxHashClear Havoced: sqlite3_free
Current: idxHashClear Havoced: sqlite3_free
Current: idxHashClear Havoced: sqlite3_free
Current: idxHashClear Havoced: sqlite3_free
Current: idxHashClear Havoced: sqlite3_free
Current: idxHashClear Havoced: sqlite3_free
Current: idxHashClear Havoced: sqlite3_free
Current: idxHashClear Havoced: sqlite3_free
Current: idxHashClear Havoced: sqlite3_free
Current: idxHashClear Havoced: sqlite3_free
Current: idxHashClear Havoced: sqlite3_free
Current: idxHashClear Havoced: sqlite3_free
Current: idxHashClear Havoced: sqlite3_free
Current: idxHashClear Havoced: sqlite3_free
Current: idxHashClear Havoced: sqlite3_free
Current: idxHashClear Havoced: sqlite3_free
Current: idxHashClear Havoced: sqlite3_free
Current: idxHashClear Havoced: sqlite3_free
Current: idxHashClear Havoced: sqlite3_free
Current: idxHashClear Havoced: sqlite3_free
Current: idxHashClear Havoced: sqlite3_free
Current: idxHashClear Havoced: sqlite3_free
Current: idxHashClear Havoced: sqlite3_free
Current: idxHashClear Havoced: sqlite3_free
Current: idxHashClear Havoced: sqlite3_free
Current: idxHashClear Havoced: sqlite3_free
Current: idxHashClear Havoced: sqlite3_free
Current: idxHashClear Havoced: sqlite3_free
Current: idxHashClear Havoced: sqlite3_free
Current: idxHashClear Havoced: sqlite3_free
Current: idxHashClear Havoced: sqlite3_free
Current: idxHashClear Havoced: sqlite3_free
Current: idxHashClear Havoced: sqlite3_free
Current: idxHashClear Havoced: sqlite3_free
Current: idxHashClear Havoced: sqlite3_free
Current: idxHashClear Havoced: sqlite3_free
Current: idxHashClear Havoced: sqlite3_free
Current: idxHashClear Havoced: sqlite3_free
Current: idxHashClear Havoced: sqlite3_free
Current: idxHashClear Havoced: sqlite3_free
Current: idxHashClear Havoced: sqlite3_free
Current: idxHashClear Havoced: sqlite3_free
Current: idxHashClear Havoced: sqlite3_free
Current: idxHashClear Havoced: sqlite3_free
Current: idxHashClear Havoced: sqlite3_free
Current: idxHashClear Havoced: sqlite3_free
Current: idxHashClear Havoced: sqlite3_free
Current: idxHashClear Havoced: sqlite3_free
Current: idxHashClear Havoced: sqlite3_free
Current: idxHashClear Havoced: sqlite3_free
Current: idxHashClear Havoced: sqlite3_free
Current: idxHashClear Havoced: sqlite3_free
Current: idxHashClear Havoced: sqlite3_free
Current: idxHashClear Havoced: sqlite3_free
Current: idxHashClear Havoced: sqlite3_free
Current: idxHashClear Havoced: sqlite3_free
Current: idxHashClear Havoced: sqlite3_free
Current: idxHashClear Havoced: sqlite3_free
Current: idxHashClear Havoced: sqlite3_free
Current: idxHashClear Havoced: sqlite3_free
Current: idxHashClear Havoced: sqlite3_free
Current: idxHashClear Havoced: sqlite3_free
Current: idxHashClear Havoced: sqlite3_free
Current: idxHashClear Havoced: sqlite3_free
Current: idxHashClear Havoced: sqlite3_free
Current: idxHashClear Havoced: sqlite3_free
Current: idxHashClear Havoced: sqlite3_free
Current: idxHashClear Havoced: sqlite3_free
Current: idxHashClear Havoced: sqlite3_free
Current: idxHashClear Havoced: sqlite3_free
Current: idxHashClear Havoced: sqlite3_free
Current: idxHashClear Havoced: sqlite3_free
Current: idxHashClear Havoced: sqlite3_free
Current: idxHashClear Havoced: sqlite3_free
Current: idxHashClear Havoced: sqlite3_free
Current: idxHashClear Havoced: sqlite3_free
Current: idxHashClear Havoced: sqlite3_free
Current: idxHashClear Havoced: sqlite3_free
Current: idxHashClear Havoced: sqlite3_free
Current: idxHashClear Havoced: sqlite3_free
Current: idxHashClear Havoced: sqlite3_free
Current: idxHashClear Havoced: sqlite3_free
Current: idxHashClear Havoced: sqlite3_free
Current: idxHashClear Havoced: sqlite3_free
Current: idxHashClear Havoced: sqlite3_free
Current: idxHashClear Havoced: sqlite3_free
Current: idxHashClear Havoced: sqlite3_free
Current: idxHashClear Havoced: sqlite3_free
Current: idxHashClear Havoced: sqlite3_free
Current: idxHashClear Havoced: sqlite3_free
Current: idxHashClear Havoced: sqlite3_free
Current: idxHashClear Havoced: sqlite3_free
Current: idxHashClear Havoced: sqlite3_free
Current: idxHashClear Havoced: sqlite3_free
Current: idxHashClear Havoced: sqlite3_free
Current: idxHashClear Havoced: sqlite3_free
Current: idxHashClear Havoced: sqlite3_free
Current: idxHashClear Havoced: sqlite3_free
Current: idxHashClear Havoced: sqlite3_free
Current: idxHashClear Havoced: sqlite3_free
Current: idxHashClear Havoced: sqlite3_free
Current: idxHashClear Havoced: sqlite3_free
Current: idxHashClear Havoced: sqlite3_free
Current: idxHashClear Havoced: sqlite3_free
Current: idxHashClear Havoced: sqlite3_free
Current: idxHashClear Havoced: sqlite3_free
Current: idxHashClear Havoced: sqlite3_free
Current: idxHashClear Havoced: sqlite3_free
Current: idxHashClear Havoced: sqlite3_free
Current: idxHashClear Havoced: sqlite3_free
Current: idxHashClear Havoced: sqlite3_free
Current: idxHashClear Havoced: sqlite3_free
Current: idxHashClear Havoced: sqlite3_free
Current: idxHashClear Havoced: sqlite3_free
Current: idxHashClear Havoced: sqlite3_free
Current: idxHashClear Havoced: sqlite3_free
Current: idxHashClear Havoced: sqlite3_free
Current: idxHashClear Havoced: sqlite3_free
Current: idxHashClear Havoced: sqlite3_free
Current: idxHashClear Havoced: sqlite3_free
Current: idxHashClear Havoced: sqlite3_free
Current: idxHashClear Havoced: sqlite3_free
Current: idxHashClear Havoced: sqlite3_free
Current: idxHashClear Havoced: sqlite3_free
Current: idxHashClear Havoced: sqlite3_free
Current: idxHashClear Havoced: sqlite3_free
Current: idxHashClear Havoced: sqlite3_free
Current: idxHashClear Havoced: sqlite3_free
Current: idxHashClear Havoced: sqlite3_free
Current: idxHashClear Havoced: sqlite3_free
Current: idxHashClear Havoced: sqlite3_free
Current: idxHashClear Havoced: sqlite3_free
Current: idxHashClear Havoced: sqlite3_free
Current: idxHashClear Havoced: sqlite3_free
Current: idxHashClear Havoced: sqlite3_free
Current: idxHashClear Havoced: sqlite3_free
Current: idxHashClear Havoced: sqlite3_free
Current: idxHashClear Havoced: sqlite3_free
Current: idxHashClear Havoced: sqlite3_free
Current: idxHashClear Havoced: sqlite3_free
Current: idxHashClear Havoced: sqlite3_free
Current: idxHashClear Havoced: sqlite3_free
Current: idxHashClear Havoced: sqlite3_free
Current: idxHashClear Havoced: sqlite3_free
Current: idxHashClear Havoced: sqlite3_free
Current: idxHashClear Havoced: sqlite3_free
Current: idxHashClear Havoced: sqlite3_free
Current: idxHashClear Havoced: sqlite3_free
Current: idxHashClear Havoced: sqlite3_free
Current: idxHashClear Havoced: sqlite3_free
Current: idxHashClear Havoced: sqlite3_free
Current: idxHashClear Havoced: sqlite3_free
Current: idxHashClear Havoced: sqlite3_free
Current: idxHashClear Havoced: sqlite3_free
Current: idxHashClear Havoced: sqlite3_free
Current: idxHashClear Havoced: sqlite3_free
Current: idxHashClear Havoced: sqlite3_free
Current: idxHashClear Havoced: sqlite3_free
Current: idxHashClear Havoced: sqlite3_free
Current: idxHashClear Havoced: sqlite3_free
Current: idxHashClear Havoced: sqlite3_free
Current: idxHashClear Havoced: sqlite3_free
Current: idxHashClear Havoced: sqlite3_free
Current: idxHashClear Havoced: sqlite3_free
Current: idxHashClear Havoced: sqlite3_free
Current: idxHashClear Havoced: sqlite3_free
Current: idxHashClear Havoced: sqlite3_free
Current: idxHashClear Havoced: sqlite3_free
Current: idxHashClear Havoced: sqlite3_free
Current: idxHashClear Havoced: sqlite3_free
Current: idxHashClear Havoced: sqlite3_free
Current: idxHashClear Havoced: sqlite3_free
Current: idxHashClear Havoced: sqlite3_free
Current: idxHashClear Havoced: sqlite3_free
Current: idxHashClear Havoced: sqlite3_free
Current: idxHashClear Havoced: sqlite3_free
Current: idxHashClear Havoced: sqlite3_free
Current: idxHashClear Havoced: sqlite3_free
Current: idxHashClear Havoced: sqlite3_free
Current: idxHashClear Havoced: sqlite3_free
Current: idxHashClear Havoced: sqlite3_free
Current: idxHashClear Havoced: sqlite3_free
Current: idxHashClear Havoced: sqlite3_free
Current: idxHashClear Havoced: sqlite3_free
Current: idxHashClear Havoced: sqlite3_free
Current: idxHashClear Havoced: sqlite3_free
Current: idxHashClear Havoced: sqlite3_free
Current: idxHashClear Havoced: sqlite3_free
Current: idxHashClear Havoced: sqlite3_free
Current: idxHashClear Havoced: sqlite3_free
Current: idxHashClear Havoced: sqlite3_free
Current: idxHashClear Havoced: sqlite3_free
Current: idxHashClear Havoced: sqlite3_free
Current: idxHashClear Havoced: sqlite3_free
Current: idxHashClear Havoced: sqlite3_free
Current: idxHashClear Havoced: sqlite3_free
Current: idxHashClear Havoced: sqlite3_free
Current: idxHashClear Havoced: sqlite3_free
Current: idxHashClear Havoced: sqlite3_free
Current: idxHashClear Havoced: sqlite3_free
Current: idxHashClear Havoced: sqlite3_free
Current: idxHashClear Havoced: sqlite3_free
Current: idxHashClear Havoced: sqlite3_free
Current: idxHashClear Havoced: sqlite3_free
Current: idxHashClear Havoced: sqlite3_free
Current: idxHashClear Havoced: sqlite3_free
Current: idxHashClear Havoced: sqlite3_free
Current: idxHashClear Havoced: sqlite3_free
Current: idxHashClear Havoced: sqlite3_free
Current: idxHashClear Havoced: sqlite3_free
Current: idxHashClear Havoced: sqlite3_free
Current: idxHashClear Havoced: sqlite3_free
Current: idxHashClear Havoced: sqlite3_free
Current: idxHashClear Havoced: sqlite3_free
Current: idxHashClear Havoced: sqlite3_free
Current: idxHashClear Havoced: sqlite3_free
Current: idxHashClear Havoced: sqlite3_free
Current: idxHashClear Havoced: sqlite3_free
Current: idxHashClear Havoced: sqlite3_free
Current: idxHashClear Havoced: sqlite3_free
Current: idxHashClear Havoced: sqlite3_free
Current: idxHashClear Havoced: sqlite3_free
Current: idxHashClear Havoced: sqlite3_free
Current: idxHashClear Havoced: sqlite3_free
Current: idxHashClear Havoced: sqlite3_free
Current: idxHashClear Havoced: sqlite3_free
Current: idxHashClear Havoced: sqlite3_free
Current: idxHashClear Havoced: sqlite3_free
Current: idxHashClear Havoced: sqlite3_free
Current: idxHashClear Havoced: sqlite3_free
Current: idxHashClear Havoced: sqlite3_free
Current: idxHashClear Havoced: sqlite3_free
Current: idxHashClear Havoced: sqlite3_free
Current: idxHashClear Havoced: sqlite3_free
Current: idxHashClear Havoced: sqlite3_free
Current: idxHashClear Havoced: sqlite3_free
Current: idxHashClear Havoced: sqlite3_free
Current: idxHashClear Havoced: sqlite3_free
Current: idxHashClear Havoced: sqlite3_free
Current: idxHashClear Havoced: sqlite3_free
Current: idxHashClear Havoced: sqlite3_free
Current: idxHashClear Havoced: sqlite3_free
Current: idxHashClear Havoced: sqlite3_free
Current: idxHashClear Havoced: sqlite3_free
Current: idxHashClear Havoced: sqlite3_free
Current: idxHashClear Havoced: sqlite3_free
Current: idxHashClear Havoced: sqlite3_free
Current: idxHashClear Havoced: sqlite3_free
Current: idxHashClear Havoced: sqlite3_free
Current: idxHashClear Havoced: sqlite3_free
Current: idxHashClear Havoced: sqlite3_free
Current: idxHashClear Havoced: sqlite3_free
Current: idxHashClear Havoced: sqlite3_free
Current: idxHashClear Havoced: sqlite3_free
Current: idxHashClear Havoced: sqlite3_free
Current: idxHashClear Havoced: sqlite3_free
Current: idxHashClear Havoced: sqlite3_free
Current: idxHashClear Havoced: sqlite3_free
Current: idxHashClear Havoced: sqlite3_free
Current: idxHashClear Havoced: sqlite3_free
Current: idxHashClear Havoced: sqlite3_free
Current: idxHashClear Havoced: sqlite3_free
Current: idxHashClear Havoced: sqlite3_free
Current: idxHashClear Havoced: sqlite3_free
Current: idxHashClear Havoced: sqlite3_free
Current: idxHashClear Havoced: sqlite3_free
Current: idxHashClear Havoced: sqlite3_free
Current: idxHashClear Havoced: sqlite3_free
Current: idxHashClear Havoced: sqlite3_free
Current: idxHashClear Havoced: sqlite3_free
Current: idxHashClear Havoced: sqlite3_free
Current: idxHashClear Havoced: sqlite3_free
Current: idxHashClear Havoced: sqlite3_free
Current: idxHashClear Havoced: sqlite3_free
Current: idxHashClear Havoced: sqlite3_free
Current: idxHashClear Havoced: sqlite3_free
Current: idxHashClear Havoced: sqlite3_free
Current: idxHashClear Havoced: sqlite3_free
Current: idxHashClear Havoced: sqlite3_free
Current: idxHashClear Havoced: sqlite3_free
Current: idxHashClear Havoced: sqlite3_free
Current: idxHashClear Havoced: sqlite3_free
Current: idxHashClear Havoced: sqlite3_free
Current: idxHashClear Havoced: sqlite3_free
Current: idxHashClear Havoced: sqlite3_free
Current: idxHashClear Havoced: sqlite3_free
Current: idxHashClear Havoced: sqlite3_free
Current: idxHashClear Havoced: sqlite3_free
Current: idxHashClear Havoced: sqlite3_free
Current: idxHashClear Havoced: sqlite3_free
Current: idxHashClear Havoced: sqlite3_free
Current: idxHashClear Havoced: sqlite3_free
Current: idxHashClear Havoced: sqlite3_free
Current: idxHashClear Havoced: sqlite3_free
Current: idxHashClear Havoced: sqlite3_free
Current: idxHashClear Havoced: sqlite3_free
Current: idxHashClear Havoced: sqlite3_free
Current: idxHashClear Havoced: sqlite3_free
Current: idxHashClear Havoced: sqlite3_free
Current: idxHashClear Havoced: sqlite3_free
Current: idxHashClear Havoced: sqlite3_free
Current: idxHashClear Havoced: sqlite3_free
Current: idxHashClear Havoced: sqlite3_free
Current: idxHashClear Havoced: sqlite3_free
Current: idxHashClear Havoced: sqlite3_free
Current: idxHashClear Havoced: sqlite3_free
Current: idxHashClear Havoced: sqlite3_free
Current: idxHashClear Havoced: sqlite3_free
Current: idxHashClear Havoced: sqlite3_free
Current: idxHashClear Havoced: sqlite3_free
Current: idxHashClear Havoced: sqlite3_free
Current: idxHashClear Havoced: sqlite3_free
Current: idxHashClear Havoced: sqlite3_free
Current: idxHashClear Havoced: sqlite3_free
Current: idxHashClear Havoced: sqlite3_free
Current: idxHashClear Havoced: sqlite3_free
Current: idxHashClear Havoced: sqlite3_free
Current: idxHashClear Havoced: sqlite3_free
Current: idxHashClear Havoced: sqlite3_free
Current: idxHashClear Havoced: sqlite3_free
Current: idxHashClear Havoced: sqlite3_free
Current: idxHashClear Havoced: sqlite3_free
Current: idxHashClear Havoced: sqlite3_free
Current: idxHashClear Havoced: sqlite3_free
Current: idxHashClear Havoced: sqlite3_free
Current: idxHashClear Havoced: sqlite3_free
Current: idxHashClear Havoced: sqlite3_free
Current: idxHashClear Havoced: sqlite3_free
Current: idxHashClear Havoced: sqlite3_free
Current: idxHashClear Havoced: sqlite3_free
Current: idxHashClear Havoced: sqlite3_free
Current: idxHashClear Havoced: sqlite3_free
Current: idxHashClear Havoced: sqlite3_free
Current: idxHashClear Havoced: sqlite3_free
Current: idxHashClear Havoced: sqlite3_free
Current: idxHashClear Havoced: sqlite3_free
Current: idxHashClear Havoced: sqlite3_free
Current: idxHashClear Havoced: sqlite3_free
Current: idxHashClear Havoced: sqlite3_free
Current: idxHashClear Havoced: sqlite3_free
Current: idxHashClear Havoced: sqlite3_free
Current: idxHashClear Havoced: sqlite3_free
Current: idxHashClear Havoced: sqlite3_free
Current: idxHashClear Havoced: sqlite3_free
Current: idxHashClear Havoced: sqlite3_free
Current: idxHashClear Havoced: sqlite3_free
Current: idxHashClear Havoced: sqlite3_free
Current: idxHashClear Havoced: sqlite3_free
Current: idxHashClear Havoced: sqlite3_free
Current: idxHashClear Havoced: sqlite3_free
Current: idxHashClear Havoced: sqlite3_free
Current: idxHashClear Havoced: sqlite3_free
Current: idxHashClear Havoced: sqlite3_free
Current: idxHashClear Havoced: sqlite3_free
Current: idxHashClear Havoced: sqlite3_free
Current: idxHashClear Havoced: sqlite3_free
Current: idxHashClear Havoced: sqlite3_free
Current: idxHashClear Havoced: sqlite3_free
Current: idxHashClear Havoced: sqlite3_free
Current: idxHashClear Havoced: sqlite3_free
Current: idxHashClear Havoced: sqlite3_free
Current: idxHashClear Havoced: sqlite3_free
Current: idxHashClear Havoced: sqlite3_free
Current: idxHashClear Havoced: sqlite3_free
Current: idxHashClear Havoced: sqlite3_free
Current: idxHashClear Havoced: sqlite3_free
Current: idxHashClear Havoced: sqlite3_free
Current: idxHashClear Havoced: sqlite3_free
Current: idxHashClear Havoced: sqlite3_free
Current: idxHashClear Havoced: sqlite3_free
Current: idxHashClear Havoced: sqlite3_free
Current: idxHashClear Havoced: sqlite3_free
Current: idxHashClear Havoced: sqlite3_free
Current: idxHashClear Havoced: sqlite3_free
Current: idxHashClear Havoced: sqlite3_free
Current: idxHashClear Havoced: sqlite3_free
Current: idxHashClear Havoced: sqlite3_free
Current: idxHashClear Havoced: sqlite3_free
Current: idxHashClear Havoced: sqlite3_free
Current: idxHashClear Havoced: sqlite3_free
Current: idxHashClear Havoced: sqlite3_free
Current: idxHashClear Havoced: sqlite3_free
Current: idxHashClear Havoced: sqlite3_free
Current: idxHashClear Havoced: sqlite3_free
Current: idxHashClear Havoced: sqlite3_free
Current: idxHashClear Havoced: sqlite3_free
Current: idxHashClear Havoced: sqlite3_free
Current: idxHashClear Havoced: sqlite3_free
Current: idxHashClear Havoced: sqlite3_free
Current: idxHashClear Havoced: sqlite3_free
Current: idxHashClear Havoced: sqlite3_free
Current: idxHashClear Havoced: sqlite3_free
Current: idxHashClear Havoced: sqlite3_free
Current: idxHashClear Havoced: sqlite3_free
Current: idxHashClear Havoced: sqlite3_free
Current: idxHashClear Havoced: sqlite3_free
Current: idxHashClear Havoced: sqlite3_free
Current: idxHashClear Havoced: sqlite3_free
Current: idxHashClear Havoced: sqlite3_free
Current: idxHashClear Havoced: sqlite3_free
Current: idxHashClear Havoced: sqlite3_free
Current: idxHashClear Havoced: sqlite3_free
Current: idxHashClear Havoced: sqlite3_free
Current: idxHashClear Havoced: sqlite3_free
Current: idxHashClear Havoced: sqlite3_free
Current: idxHashClear Havoced: sqlite3_free
Current: idxHashClear Havoced: sqlite3_free
Current: idxHashClear Havoced: sqlite3_free
Current: idxHashClear Havoced: sqlite3_free
Current: idxHashClear Havoced: sqlite3_free
Current: idxHashClear Havoced: sqlite3_free
Current: idxHashClear Havoced: sqlite3_free
Current: idxHashClear Havoced: sqlite3_free
Current: idxHashClear Havoced: sqlite3_free
Current: idxHashClear Havoced: sqlite3_free
Current: idxHashClear Havoced: sqlite3_free
Current: idxHashClear Havoced: sqlite3_free
Current: idxHashClear Havoced: sqlite3_free
Current: idxHashClear Havoced: sqlite3_free
Current: idxHashClear Havoced: sqlite3_free
Current: idxHashClear Havoced: sqlite3_free
Current: idxHashClear Havoced: sqlite3_free
Current: idxHashClear Havoced: sqlite3_free
Current: idxHashClear Havoced: sqlite3_free
Current: idxHashClear Havoced: sqlite3_free
Current: idxHashClear Havoced: sqlite3_free
Current: idxHashClear Havoced: sqlite3_free
Current: idxHashClear Havoced: sqlite3_free
Current: idxHashClear Havoced: sqlite3_free
Current: idxHashClear Havoced: sqlite3_free
Current: idxHashClear Havoced: sqlite3_free
Current: idxHashClear Havoced: sqlite3_free
Current: idxHashClear Havoced: sqlite3_free
Current: idxHashClear Havoced: sqlite3_free
Current: idxHashClear Havoced: sqlite3_free
Current: idxHashClear Havoced: sqlite3_free
Current: idxHashClear Havoced: sqlite3_free
Current: idxHashClear Havoced: sqlite3_free
Current: idxHashClear Havoced: sqlite3_free
Current: idxHashClear Havoced: sqlite3_free
Current: idxHashClear Havoced: sqlite3_free
Current: idxHashClear Havoced: sqlite3_free
Current: idxHashClear Havoced: sqlite3_free
Current: idxHashClear Havoced: sqlite3_free
Current: idxHashClear Havoced: sqlite3_free
Current: idxHashClear Havoced: sqlite3_free
Current: idxHashClear Havoced: sqlite3_free
Current: idxHashClear Havoced: sqlite3_free
Current: idxHashClear Havoced: sqlite3_free
Current: idxHashClear Havoced: sqlite3_free
Current: idxHashClear Havoced: sqlite3_free
Current: idxHashClear Havoced: sqlite3_free
Current: idxHashClear Havoced: sqlite3_free
Current: idxHashClear Havoced: sqlite3_free
Current: idxHashClear Havoced: sqlite3_free
Current: idxHashClear Havoced: sqlite3_free
Current: idxHashClear Havoced: sqlite3_free
Current: idxHashClear Havoced: sqlite3_free
Current: idxHashClear Havoced: sqlite3_free
Current: idxHashClear Havoced: sqlite3_free
Current: idxHashClear Havoced: sqlite3_free
Current: idxHashClear Havoced: sqlite3_free
Current: idxHashClear Havoced: sqlite3_free
Current: idxHashClear Havoced: sqlite3_free
Current: idxHashClear Havoced: sqlite3_free
Current: idxHashClear Havoced: sqlite3_free
Current: idxHashClear Havoced: sqlite3_free
Current: idxHashClear Havoced: sqlite3_free
Current: idxHashClear Havoced: sqlite3_free
Current: idxHashClear Havoced: sqlite3_free
Current: idxHashClear Havoced: sqlite3_free
Current: idxHashClear Havoced: sqlite3_free
Current: idxHashClear Havoced: sqlite3_free
Current: idxHashClear Havoced: sqlite3_free
Current: idxHashClear Havoced: sqlite3_free
Current: idxHashClear Havoced: sqlite3_free
Current: idxHashClear Havoced: sqlite3_free
Current: idxHashClear Havoced: sqlite3_free
Current: idxHashClear Havoced: sqlite3_free
Current: idxHashClear Havoced: sqlite3_free
Current: idxHashClear Havoced: sqlite3_free
Current: idxHashClear Havoced: sqlite3_free
Current: idxHashClear Havoced: sqlite3_free
Current: idxHashClear Havoced: sqlite3_free
Current: idxHashClear Havoced: sqlite3_free
Current: idxHashClear Havoced: sqlite3_free
Current: idxHashClear Havoced: sqlite3_free
Current: idxHashClear Havoced: sqlite3_free
Current: idxHashClear Havoced: sqlite3_free
Current: idxHashClear Havoced: sqlite3_free
Current: idxHashClear Havoced: sqlite3_free
Current: idxHashClear Havoced: sqlite3_free
Current: idxHashClear Havoced: sqlite3_free
Current: idxHashClear Havoced: sqlite3_free
Current: idxHashClear Havoced: sqlite3_free
Current: idxHashClear Havoced: sqlite3_free
Current: idxHashClear Havoced: sqlite3_free
Current: idxHashClear Havoced: sqlite3_free
Current: idxHashClear Havoced: sqlite3_free
Current: idxHashClear Havoced: sqlite3_free
Current: idxHashClear Havoced: sqlite3_free
Current: idxHashClear Havoced: sqlite3_free
Current: idxHashClear Havoced: sqlite3_free
Current: idxHashClear Havoced: sqlite3_free
Current: idxHashClear Havoced: sqlite3_free
Current: idxHashClear Havoced: sqlite3_free
Current: idxHashClear Havoced: sqlite3_free
Current: idxHashClear Havoced: sqlite3_free
Current: idxHashClear Havoced: sqlite3_free
Current: idxHashClear Havoced: sqlite3_free
Current: idxHashClear Havoced: sqlite3_free
Current: idxHashClear Havoced: sqlite3_free
Current: idxHashClear Havoced: sqlite3_free
Current: idxHashClear Havoced: sqlite3_free
Current: idxHashClear Havoced: sqlite3_free
Current: idxHashClear Havoced: sqlite3_free
Current: idxHashClear Havoced: sqlite3_free
Current: idxHashClear Havoced: sqlite3_free
Current: idxHashClear Havoced: sqlite3_free
Current: idxHashClear Havoced: sqlite3_free
Current: idxHashClear Havoced: sqlite3_free
Current: idxHashClear Havoced: sqlite3_free
Current: idxHashClear Havoced: sqlite3_free
Current: idxHashClear Havoced: sqlite3_free
Current: idxHashClear Havoced: sqlite3_free
Current: idxHashClear Havoced: sqlite3_free
Current: idxHashClear Havoced: sqlite3_free
Current: idxHashClear Havoced: sqlite3_free
Current: idxHashClear Havoced: sqlite3_free
Current: idxHashClear Havoced: sqlite3_free
Current: idxHashClear Havoced: sqlite3_free
Current: idxHashClear Havoced: sqlite3_free
Current: idxHashClear Havoced: sqlite3_free
Current: idxHashClear Havoced: sqlite3_free
Current: idxHashClear Havoced: sqlite3_free
Current: idxHashClear Havoced: sqlite3_free
Current: idxHashClear Havoced: sqlite3_free
Current: idxHashClear Havoced: sqlite3_free
Current: idxHashClear Havoced: sqlite3_free
Current: idxHashClear Havoced: sqlite3_free
Current: idxHashClear Havoced: sqlite3_free
Current: idxHashClear Havoced: sqlite3_free
Current: idxHashClear Havoced: sqlite3_free
Current: idxHashClear Havoced: sqlite3_free
Current: idxHashClear Havoced: sqlite3_free
Current: idxHashClear Havoced: sqlite3_free
Current: idxHashClear Havoced: sqlite3_free
Current: idxHashClear Havoced: sqlite3_free
Current: idxHashClear Havoced: sqlite3_free
Current: idxHashClear Havoced: sqlite3_free
Current: idxHashClear Havoced: sqlite3_free
Current: idxHashClear Havoced: sqlite3_free
Current: idxHashClear Havoced: sqlite3_free
Current: idxHashClear Havoced: sqlite3_free
Current: idxHashClear Havoced: sqlite3_free
Current: idxHashClear Havoced: sqlite3_free
Current: idxHashClear Havoced: sqlite3_free
Current: idxHashClear Havoced: sqlite3_free
Current: idxHashClear Havoced: sqlite3_free
Current: idxHashClear Havoced: sqlite3_free
Current: idxHashClear Havoced: sqlite3_free
Current: idxHashClear Havoced: sqlite3_free
Current: idxHashClear Havoced: sqlite3_free
Current: idxHashClear Havoced: sqlite3_free
Current: idxHashClear Havoced: sqlite3_free
Current: idxHashClear Havoced: sqlite3_free
Current: idxHashClear Havoced: sqlite3_free
Current: idxHashClear Havoced: sqlite3_free
Current: idxHashClear Havoced: sqlite3_free
Current: idxHashClear Havoced: sqlite3_free
Current: idxHashClear Havoced: sqlite3_free
Current: idxHashClear Havoced: sqlite3_free
Current: idxHashClear Havoced: sqlite3_free
Current: idxHashClear Havoced: sqlite3_free
Current: idxHashClear Havoced: sqlite3_free
Current: idxHashClear Havoced: sqlite3_free
Current: idxHashClear Havoced: sqlite3_free
Current: idxHashClear Havoced: sqlite3_free
Current: idxHashClear Havoced: sqlite3_free
Current: idxHashClear Havoced: sqlite3_free
Current: idxHashClear Havoced: sqlite3_free
Current: idxHashClear Havoced: sqlite3_free
Current: idxHashClear Havoced: sqlite3_free
Current: idxHashClear Havoced: sqlite3_free
Current: idxHashClear Havoced: sqlite3_free
Current: idxHashClear Havoced: sqlite3_free
Current: idxHashClear Havoced: sqlite3_free
Current: idxHashClear Havoced: sqlite3_free
Current: idxHashClear Havoced: sqlite3_free
Current: idxHashClear Havoced: sqlite3_free
Current: idxHashClear Havoced: sqlite3_free
Current: idxHashClear Havoced: sqlite3_free
Current: idxHashClear Havoced: sqlite3_free
Current: idxHashClear Havoced: sqlite3_free
Current: idxHashClear Havoced: sqlite3_free
Current: idxHashClear Havoced: sqlite3_free
Current: idxHashClear Havoced: sqlite3_free
Current: idxHashClear Havoced: sqlite3_free
Current: idxHashClear Havoced: sqlite3_free
Current: idxHashClear Havoced: sqlite3_free
Current: idxHashClear Havoced: sqlite3_free
Current: idxHashClear Havoced: sqlite3_free
Current: idxHashClear Havoced: sqlite3_free
Current: idxHashClear Havoced: sqlite3_free
Current: idxHashClear Havoced: sqlite3_free
Current: idxHashClear Havoced: sqlite3_free
Current: idxHashClear Havoced: sqlite3_free
Current: idxHashClear Havoced: sqlite3_free
Current: idxHashClear Havoced: sqlite3_free
Current: idxHashClear Havoced: sqlite3_free
Current: idxHashClear Havoced: sqlite3_free
Current: idxHashClear Havoced: sqlite3_free
Current: idxHashClear Havoced: sqlite3_free
Current: idxHashClear Havoced: sqlite3_free
Current: idxHashClear Havoced: sqlite3_free
Current: idxHashClear Havoced: sqlite3_free
Current: idxHashClear Havoced: sqlite3_free
Current: idxHashClear Havoced: sqlite3_free
Current: idxHashClear Havoced: sqlite3_free
Current: idxHashClear Havoced: sqlite3_free
Current: idxHashClear Havoced: sqlite3_free
Current: idxHashClear Havoced: sqlite3_free
Current: idxHashClear Havoced: sqlite3_free
Current: idxHashClear Havoced: sqlite3_free
Current: idxHashClear Havoced: sqlite3_free
Current: idxHashClear Havoced: sqlite3_free
Current: idxHashClear Havoced: sqlite3_free
Current: idxHashClear Havoced: sqlite3_free
Current: idxHashClear Havoced: sqlite3_free
Current: idxHashClear Havoced: sqlite3_free
Current: idxHashClear Havoced: sqlite3_free
Current: idxHashClear Havoced: sqlite3_free
Current: idxHashClear Havoced: sqlite3_free
Current: idxHashClear Havoced: sqlite3_free
Current: idxHashClear Havoced: sqlite3_free
Current: idxHashClear Havoced: sqlite3_free
Current: idxHashClear Havoced: sqlite3_free
Current: idxHashClear Havoced: sqlite3_free
Current: idxHashClear Havoced: sqlite3_free
Current: idxHashClear Havoced: sqlite3_free
Current: idxHashClear Havoced: sqlite3_free
Current: idxHashClear Havoced: sqlite3_free
Current: idxHashClear Havoced: sqlite3_free
Current: idxHashClear Havoced: sqlite3_free
Current: idxHashClear Havoced: sqlite3_free
Current: idxHashClear Havoced: sqlite3_free
Current: idxHashClear Havoced: sqlite3_free
Current: idxHashClear Havoced: sqlite3_free
Current: idxHashClear Havoced: sqlite3_free
Current: idxHashClear Havoced: sqlite3_free
Current: idxHashClear Havoced: sqlite3_free
Current: idxHashClear Havoced: sqlite3_free
Current: idxHashClear Havoced: sqlite3_free
Current: idxHashClear Havoced: sqlite3_free
Current: idxHashClear Havoced: sqlite3_free
Current: idxHashClear Havoced: sqlite3_free
Current: idxHashClear Havoced: sqlite3_free
Current: idxHashClear Havoced: sqlite3_free
Current: idxHashClear Havoced: sqlite3_free
Current: idxHashClear Havoced: sqlite3_free
Current: idxHashClear Havoced: sqlite3_free
Current: idxHashClear Havoced: sqlite3_free
Current: idxHashClear Havoced: sqlite3_free
Current: idxHashClear Havoced: sqlite3_free
Current: idxHashClear Havoced: sqlite3_free
Current: idxHashClear Havoced: sqlite3_free
Current: idxHashClear Havoced: sqlite3_free
Current: idxHashClear Havoced: sqlite3_free
Current: idxHashClear Havoced: sqlite3_free
Current: idxHashClear Havoced: sqlite3_free
Current: idxHashClear Havoced: sqlite3_free
Current: idxHashClear Havoced: sqlite3_free
Current: idxHashClear Havoced: sqlite3_free
Current: idxHashClear Havoced: sqlite3_free
Current: idxHashClear Havoced: sqlite3_free
Current: idxHashClear Havoced: sqlite3_free
Current: idxHashClear Havoced: sqlite3_free
Current: idxHashClear Havoced: sqlite3_free
Current: idxHashClear Havoced: sqlite3_free
Current: idxHashClear Havoced: sqlite3_free
Current: idxHashClear Havoced: sqlite3_free
Current: idxHashClear Havoced: sqlite3_free
Current: idxHashClear Havoced: sqlite3_free
Current: idxHashClear Havoced: sqlite3_free
Current: idxHashClear Havoced: sqlite3_free
Current: idxHashClear Havoced: sqlite3_free
Current: idxHashClear Havoced: sqlite3_free
Current: idxHashClear Havoced: sqlite3_free
Current: idxHashClear Havoced: sqlite3_free
Current: idxHashClear Havoced: sqlite3_free
Current: idxHashClear Havoced: sqlite3_free
Current: idxHashClear Havoced: sqlite3_free
Current: idxHashClear Havoced: sqlite3_free
Current: idxHashClear Havoced: sqlite3_free
Current: idxHashClear Havoced: sqlite3_free
Current: idxHashClear Havoced: sqlite3_free
Current: idxHashClear Havoced: sqlite3_free
Current: idxHashClear Havoced: sqlite3_free
Current: idxHashClear Havoced: sqlite3_free
Current: idxHashClear Havoced: sqlite3_free
Current: idxHashClear Havoced: sqlite3_free
Current: idxHashClear Havoced: sqlite3_free
Current: idxHashClear Havoced: sqlite3_free
Current: idxHashClear Havoced: sqlite3_free
Current: idxHashClear Havoced: sqlite3_free
Current: idxHashClear Havoced: sqlite3_free
Current: idxHashClear Havoced: sqlite3_free
Current: idxHashClear Havoced: sqlite3_free
Current: idxHashClear Havoced: sqlite3_free
Current: idxHashClear Havoced: sqlite3_free
Current: idxHashClear Havoced: sqlite3_free
Current: idxHashClear Havoced: sqlite3_free
Current: idxHashClear Havoced: sqlite3_free
Current: idxHashClear Havoced: sqlite3_free
Current: idxHashClear Havoced: sqlite3_free
Current: idxHashClear Havoced: sqlite3_free
Current: idxHashClear Havoced: sqlite3_free
Current: idxHashClear Havoced: sqlite3_free
Current: idxHashClear Havoced: sqlite3_free
Current: idxHashClear Havoced: sqlite3_free
Current: idxHashClear Havoced: sqlite3_free
Current: idxHashClear Havoced: sqlite3_free
Current: idxHashClear Havoced: sqlite3_free
Current: idxHashClear Havoced: sqlite3_free
Current: idxHashClear Havoced: sqlite3_free
Current: idxHashClear Havoced: sqlite3_free
Current: idxHashClear Havoced: sqlite3_free
Current: idxHashClear Havoced: sqlite3_free
Current: idxHashClear Havoced: sqlite3_free
Current: idxHashClear Havoced: sqlite3_free
Current: idxHashClear Havoced: sqlite3_free
Current: idxHashClear Havoced: sqlite3_free
Current: idxHashClear Havoced: sqlite3_free
Current: idxHashClear Havoced: sqlite3_free
Current: idxHashClear Havoced: sqlite3_free
Current: idxHashClear Havoced: sqlite3_free
Current: idxHashClear Havoced: sqlite3_free
Current: idxHashClear Havoced: sqlite3_free
Current: idxHashClear Havoced: sqlite3_free
Current: idxHashClear Havoced: sqlite3_free
Current: idxHashClear Havoced: sqlite3_free
Current: idxHashClear Havoced: sqlite3_free
Current: idxHashClear Havoced: sqlite3_free
Current: idxHashClear Havoced: sqlite3_free
Current: idxHashClear Havoced: sqlite3_free
Current: idxHashClear Havoced: sqlite3_free
Current: idxHashClear Havoced: sqlite3_free
Current: idxHashClear Havoced: sqlite3_free
Current: idxHashClear Havoced: sqlite3_free
Current: idxHashClear Havoced: sqlite3_free
Current: idxHashClear Havoced: sqlite3_free
Current: idxHashClear Havoced: sqlite3_free
Current: idxHashClear Havoced: sqlite3_free
Current: idxHashClear Havoced: sqlite3_free
Current: idxHashClear Havoced: sqlite3_free
Current: idxHashClear Havoced: sqlite3_free
Current: idxHashClear Havoced: sqlite3_free
Current: idxHashClear Havoced: sqlite3_free
Current: idxHashClear Havoced: sqlite3_free
Current: idxHashClear Havoced: sqlite3_free
Current: idxHashClear Havoced: sqlite3_free
Current: idxHashClear Havoced: sqlite3_free
Current: idxHashClear Havoced: sqlite3_free
Current: idxHashClear Havoced: sqlite3_free
Current: idxHashClear Havoced: sqlite3_free
Current: idxHashClear Havoced: sqlite3_free
Current: idxHashClear Havoced: sqlite3_free
Current: idxHashClear Havoced: sqlite3_free
Current: idxHashClear Havoced: sqlite3_free
Current: idxHashClear Havoced: sqlite3_free
Current: idxHashClear Havoced: sqlite3_free
Current: idxHashClear Havoced: sqlite3_free
Current: idxHashClear Havoced: sqlite3_free
Current: idxHashClear Havoced: sqlite3_free
Current: idxHashClear Havoced: sqlite3_free
Current: idxHashClear Havoced: sqlite3_free
Current: idxHashClear Havoced: sqlite3_free
Current: idxHashClear Havoced: sqlite3_free
Current: idxHashClear Havoced: sqlite3_free
Current: idxHashClear Havoced: sqlite3_free
Current: idxHashClear Havoced: sqlite3_free
Current: idxHashClear Havoced: sqlite3_free
Current: idxHashClear Havoced: sqlite3_free
Current: idxHashClear Havoced: sqlite3_free
Current: idxHashClear Havoced: sqlite3_free
Current: idxHashClear Havoced: sqlite3_free
Current: idxHashClear Havoced: sqlite3_free
Current: idxHashClear Havoced: sqlite3_free
Current: idxHashClear Havoced: sqlite3_free
Current: idxHashClear Havoced: sqlite3_free
Current: idxHashClear Havoced: sqlite3_free
Current: idxHashClear Havoced: sqlite3_free
Current: idxHashClear Havoced: sqlite3_free
Current: idxHashClear Havoced: sqlite3_free
Current: idxHashClear Havoced: sqlite3_free
Current: idxHashClear Havoced: sqlite3_free
Current: idxHashClear Havoced: sqlite3_free
Current: idxHashClear Havoced: sqlite3_free
Current: idxHashClear Havoced: sqlite3_free
Current: idxHashClear Havoced: sqlite3_free
Current: idxHashClear Havoced: sqlite3_free
Current: idxHashClear Havoced: sqlite3_free
Current: idxHashClear Havoced: sqlite3_free
Current: idxHashClear Havoced: sqlite3_free
Current: idxHashClear Havoced: sqlite3_free
Current: idxHashClear Havoced: sqlite3_free
Current: idxHashClear Havoced: sqlite3_free
Current: idxHashClear Havoced: sqlite3_free
Current: idxHashClear Havoced: sqlite3_free
Current: idxHashClear Havoced: sqlite3_free
Current: idxHashClear Havoced: sqlite3_free
Current: idxHashClear Havoced: sqlite3_free
Current: idxHashClear Havoced: sqlite3_free
Current: idxHashClear Havoced: sqlite3_free
Current: idxHashClear Havoced: sqlite3_free
Current: idxHashClear Havoced: sqlite3_free
Current: idxHashClear Havoced: sqlite3_free
Current: idxHashClear Havoced: sqlite3_free
Current: idxHashClear Havoced: sqlite3_free
Current: idxHashClear Havoced: sqlite3_free
Current: idxHashClear Havoced: sqlite3_free
Current: idxHashClear Havoced: sqlite3_free
Current: idxHashClear Havoced: sqlite3_free
Current: idxHashClear Havoced: sqlite3_free
Current: idxHashClear Havoced: sqlite3_free
Current: idxHashClear Havoced: sqlite3_free
Current: idxHashClear Havoced: sqlite3_free
Current: idxHashClear Havoced: sqlite3_free
Current: idxHashClear Havoced: sqlite3_free
Current: idxHashClear Havoced: sqlite3_free
Current: idxHashClear Havoced: sqlite3_free
Current: idxHashClear Havoced: sqlite3_free
Current: idxHashClear Havoced: sqlite3_free
Current: idxHashClear Havoced: sqlite3_free
Current: idxHashClear Havoced: sqlite3_free
Current: idxHashClear Havoced: sqlite3_free
Current: idxHashClear Havoced: sqlite3_free
Current: idxHashClear Havoced: sqlite3_free
Current: idxHashClear Havoced: sqlite3_free
Current: idxHashClear Havoced: sqlite3_free
Current: idxHashClear Havoced: sqlite3_free
Current: idxHashClear Havoced: sqlite3_free
Current: idxHashClear Havoced: sqlite3_free
Current: idxHashClear Havoced: sqlite3_free
Current: idxHashClear Havoced: sqlite3_free
Current: idxHashClear Havoced: sqlite3_free
Current: idxHashClear Havoced: sqlite3_free
Current: idxHashClear Havoced: sqlite3_free
Current: idxHashClear Havoced: sqlite3_free
Current: idxHashClear Havoced: sqlite3_free
Current: idxHashClear Havoced: sqlite3_free
Current: idxHashClear Havoced: sqlite3_free
Current: idxHashClear Havoced: sqlite3_free
Current: idxHashClear Havoced: sqlite3_free
Current: idxHashClear Havoced: sqlite3_free
Current: idxHashClear Havoced: sqlite3_free
Current: idxHashClear Havoced: sqlite3_free
Current: idxHashClear Havoced: sqlite3_free
Current: idxHashClear Havoced: sqlite3_free
Current: idxHashClear Havoced: sqlite3_free
Current: idxHashClear Havoced: sqlite3_free
Current: idxHashClear Havoced: sqlite3_free
Current: idxHashClear Havoced: sqlite3_free
Current: idxHashClear Havoced: sqlite3_free
Current: idxHashClear Havoced: sqlite3_free
Current: idxHashClear Havoced: sqlite3_free
Current: idxHashClear Havoced: sqlite3_free
Current: idxHashClear Havoced: sqlite3_free
Current: idxHashClear Havoced: sqlite3_free
Current: idxHashClear Havoced: sqlite3_free
Current: idxHashClear Havoced: sqlite3_free
Current: idxHashClear Havoced: sqlite3_free
Current: idxHashClear Havoced: sqlite3_free
Current: idxHashClear Havoced: sqlite3_free
Current: idxHashClear Havoced: sqlite3_free
Current: idxHashClear Havoced: sqlite3_free
Current: idxHashClear Havoced: sqlite3_free
Current: idxHashClear Havoced: sqlite3_free
Current: idxHashClear Havoced: sqlite3_free
Current: idxHashClear Havoced: sqlite3_free
Current: idxHashClear Havoced: sqlite3_free
Current: idxHashClear Havoced: sqlite3_free
Current: idxHashClear Havoced: sqlite3_free
Current: idxHashClear Havoced: sqlite3_free
Current: idxHashClear Havoced: sqlite3_free
Current: idxHashClear Havoced: sqlite3_free
Current: idxHashClear Havoced: sqlite3_free
Current: idxHashClear Havoced: sqlite3_free
Current: idxHashClear Havoced: sqlite3_free
Current: idxHashClear Havoced: sqlite3_free
Current: idxHashClear Havoced: sqlite3_free
Current: idxHashClear Havoced: sqlite3_free
Current: idxHashClear Havoced: sqlite3_free
Current: idxHashClear Havoced: sqlite3_free
Current: idxHashClear Havoced: sqlite3_free
Current: idxHashClear Havoced: sqlite3_free
Current: idxHashClear Havoced: sqlite3_free
Current: idxHashClear Havoced: sqlite3_free
Current: idxHashClear Havoced: sqlite3_free
Current: idxHashClear Havoced: sqlite3_free
Current: idxHashClear Havoced: sqlite3_free
Current: idxHashClear Havoced: sqlite3_free
Current: idxHashClear Havoced: sqlite3_free
Current: idxHashClear Havoced: sqlite3_free
Current: idxHashClear Havoced: sqlite3_free
Current: idxHashClear Havoced: sqlite3_free
Current: idxHashClear Havoced: sqlite3_free
Current: idxHashClear Havoced: sqlite3_free
Current: idxHashClear Havoced: sqlite3_free
Current: idxHashClear Havoced: sqlite3_free
Current: idxHashClear Havoced: sqlite3_free
Current: idxHashClear Havoced: sqlite3_free
Current: idxHashClear Havoced: sqlite3_free
Current: idxHashClear Havoced: sqlite3_free
Current: idxHashClear Havoced: sqlite3_free
Current: idxHashClear Havoced: sqlite3_free
Current: idxHashClear Havoced: sqlite3_free
Current: idxHashClear Havoced: sqlite3_free
Current: idxHashClear Havoced: sqlite3_free
Current: idxHashClear Havoced: sqlite3_free
Current: idxHashClear Havoced: sqlite3_free
Current: idxHashClear Havoced: sqlite3_free
Current: idxHashClear Havoced: sqlite3_free
Current: idxHashClear Havoced: sqlite3_free
Current: idxHashClear Havoced: sqlite3_free
Current: idxHashClear Havoced: sqlite3_free
Current: idxHashClear Havoced: sqlite3_free
Current: idxHashClear Havoced: sqlite3_free
Current: idxHashClear Havoced: sqlite3_free
Current: idxHashClear Havoced: sqlite3_free
Current: idxHashClear Havoced: sqlite3_free
Current: idxHashClear Havoced: sqlite3_free
Current: idxHashClear Havoced: sqlite3_free
Current: idxHashClear Havoced: sqlite3_free
Current: idxHashClear Havoced: sqlite3_free
Current: idxHashClear Havoced: sqlite3_free
Current: idxHashClear Havoced: sqlite3_free
Current: idxHashClear Havoced: sqlite3_free
Current: idxHashClear Havoced: sqlite3_free
Current: idxHashClear Havoced: sqlite3_free
Current: idxHashClear Havoced: sqlite3_free
Current: idxHashClear Havoced: sqlite3_free
Current: idxHashClear Havoced: sqlite3_free
Current: idxHashClear Havoced: sqlite3_free
Current: idxHashClear Havoced: sqlite3_free
Current: idxHashClear Havoced: sqlite3_free
Current: idxHashClear Havoced: sqlite3_free
Current: idxHashClear Havoced: sqlite3_free
Current: idxHashClear Havoced: sqlite3_free
Current: idxHashClear Havoced: sqlite3_free
Current: idxHashClear Havoced: sqlite3_free
Current: idxHashClear Havoced: sqlite3_free
Current: idxHashClear Havoced: sqlite3_free
Current: idxHashClear Havoced: sqlite3_free
Current: idxHashClear Havoced: sqlite3_free
Current: idxHashClear Havoced: sqlite3_free
Current: idxHashClear Havoced: sqlite3_free
Current: idxHashClear Havoced: sqlite3_free
Current: idxHashClear Havoced: sqlite3_free
Current: idxHashClear Havoced: sqlite3_free
Current: idxHashClear Havoced: sqlite3_free
Current: idxHashClear Havoced: sqlite3_free
Current: idxHashClear Havoced: sqlite3_free
Current: idxHashClear Havoced: sqlite3_free
Current: idxHashClear Havoced: sqlite3_free
Current: idxHashClear Havoced: sqlite3_free
Current: idxHashClear Havoced: sqlite3_free
Current: idxHashClear Havoced: sqlite3_free
Current: idxHashClear Havoced: sqlite3_free
Current: idxHashClear Havoced: sqlite3_free
Current: idxHashClear Havoced: sqlite3_free
Current: idxHashClear Havoced: sqlite3_free
Current: idxHashClear Havoced: sqlite3_free
Current: idxHashClear Havoced: sqlite3_free
Current: idxHashClear Havoced: sqlite3_free
Current: idxHashClear Havoced: sqlite3_free
Current: idxHashClear Havoced: sqlite3_free
Current: idxHashClear Havoced: sqlite3_free
Current: idxHashClear Havoced: sqlite3_free
Current: idxHashClear Havoced: sqlite3_free
Current: idxHashClear Havoced: sqlite3_free
Current: idxHashClear Havoced: sqlite3_free
Current: idxHashClear Havoced: sqlite3_free
Current: idxHashClear Havoced: sqlite3_free
Current: idxHashClear Havoced: sqlite3_free
Current: idxHashClear Havoced: sqlite3_free
Current: idxHashClear Havoced: sqlite3_free
Current: idxHashClear Havoced: sqlite3_free
Current: idxHashClear Havoced: sqlite3_free
Current: idxHashClear Havoced: sqlite3_free
Current: idxHashClear Havoced: sqlite3_free
Current: idxHashClear Havoced: sqlite3_free
Current: idxHashClear Havoced: sqlite3_free
Current: idxHashClear Havoced: sqlite3_free
Current: idxHashClear Havoced: sqlite3_free
Current: idxHashClear Havoced: sqlite3_free
Current: idxHashClear Havoced: sqlite3_free
Current: idxHashClear Havoced: sqlite3_free
Current: idxHashClear Havoced: sqlite3_free
Current: idxHashClear Havoced: sqlite3_free
Current: idxHashClear Havoced: sqlite3_free
Current: idxHashClear Havoced: sqlite3_free
Current: idxHashClear Havoced: sqlite3_free
Current: idxHashClear Havoced: sqlite3_free
Current: idxHashClear Havoced: sqlite3_free
Current: idxHashClear Havoced: sqlite3_free
Current: idxHashClear Havoced: sqlite3_free
Current: idxHashClear Havoced: sqlite3_free
Current: idxHashClear Havoced: sqlite3_free
Current: idxHashClear Havoced: sqlite3_free
Current: idxHashClear Havoced: sqlite3_free
Current: idxHashClear Havoced: sqlite3_free
Current: idxHashClear Havoced: sqlite3_free
Current: idxHashClear Havoced: sqlite3_free
Current: idxHashClear Havoced: sqlite3_free
Current: idxHashClear Havoced: sqlite3_free
Current: idxHashClear Havoced: sqlite3_free
Current: idxHashClear Havoced: sqlite3_free
Current: idxHashClear Havoced: sqlite3_free
Current: idxHashClear Havoced: sqlite3_free
Current: idxHashClear Havoced: sqlite3_free
Current: idxHashClear Havoced: sqlite3_free
Current: idxHashClear Havoced: sqlite3_free
Current: idxHashClear Havoced: sqlite3_free
Current: idxHashClear Havoced: sqlite3_free
Current: idxHashClear Havoced: sqlite3_free
Current: idxHashClear Havoced: sqlite3_free
Current: idxHashClear Havoced: sqlite3_free
Current: idxHashClear Havoced: sqlite3_free
Current: idxHashClear Havoced: sqlite3_free
Current: idxHashClear Havoced: sqlite3_free
Current: idxHashClear Havoced: sqlite3_free
Current: idxHashClear Havoced: sqlite3_free
Current: idxHashClear Havoced: sqlite3_free
Current: idxHashClear Havoced: sqlite3_free
Current: idxHashClear Havoced: sqlite3_free
Current: idxHashClear Havoced: sqlite3_free
Current: idxHashClear Havoced: sqlite3_free
Current: idxHashClear Havoced: sqlite3_free
Current: idxHashClear Havoced: sqlite3_free
Current: idxHashClear Havoced: sqlite3_free
Current: idxHashClear Havoced: sqlite3_free
Current: idxHashClear Havoced: sqlite3_free
Current: idxHashClear Havoced: sqlite3_free
Current: idxHashClear Havoced: sqlite3_free
Current: idxHashClear Havoced: sqlite3_free
Current: idxHashClear Havoced: sqlite3_free
Current: idxHashClear Havoced: sqlite3_free
Current: idxHashClear Havoced: sqlite3_free
Current: idxHashClear Havoced: sqlite3_free
Current: idxHashClear Havoced: sqlite3_free
Current: idxHashClear Havoced: sqlite3_free
Current: idxHashClear Havoced: sqlite3_free
Current: idxHashClear Havoced: sqlite3_free
Current: idxHashClear Havoced: sqlite3_free
Current: idxHashClear Havoced: sqlite3_free
Current: idxHashClear Havoced: sqlite3_free
Current: idxHashClear Havoced: sqlite3_free
Current: idxHashClear Havoced: sqlite3_free
Current: idxHashClear Havoced: sqlite3_free
Current: idxHashClear Havoced: sqlite3_free
Current: idxHashClear Havoced: sqlite3_free
Current: idxHashClear Havoced: sqlite3_free
Current: idxHashClear Havoced: sqlite3_free
Current: idxHashClear Havoced: sqlite3_free
Current: idxHashClear Havoced: sqlite3_free
Current: idxHashClear Havoced: sqlite3_free
Current: idxHashClear Havoced: sqlite3_free
Current: idxHashClear Havoced: sqlite3_free
Current: idxHashClear Havoced: sqlite3_free
Current: idxHashClear Havoced: sqlite3_free
Current: idxHashClear Havoced: sqlite3_free
Current: idxHashClear Havoced: sqlite3_free
Current: idxHashClear Havoced: sqlite3_free
Current: idxHashClear Havoced: sqlite3_free
Current: idxHashClear Havoced: sqlite3_free
Current: idxHashClear Havoced: sqlite3_free
Current: idxHashClear Havoced: sqlite3_free
Current: idxHashClear Havoced: sqlite3_free
Current: idxHashClear Havoced: sqlite3_free
Current: idxHashClear Havoced: sqlite3_free
Current: idxHashClear Havoced: sqlite3_free
Current: idxHashClear Havoced: sqlite3_free
Current: idxHashClear Havoced: sqlite3_free
Current: idxHashClear Havoced: sqlite3_free
Current: idxHashClear Havoced: sqlite3_free
Current: idxHashClear Havoced: sqlite3_free
Current: idxHashClear Havoced: sqlite3_free
Current: idxHashClear Havoced: sqlite3_free
Current: idxHashClear Havoced: sqlite3_free
Current: idxHashClear Havoced: sqlite3_free
Current: idxHashClear Havoced: sqlite3_free
Current: idxHashClear Havoced: sqlite3_free
Current: idxHashClear Havoced: sqlite3_free
Current: idxHashClear Havoced: sqlite3_free
Current: idxHashClear Havoced: sqlite3_free
Current: idxHashClear Havoced: sqlite3_free
Current: idxHashClear Havoced: sqlite3_free
Current: idxHashClear Havoced: sqlite3_free
Current: idxHashClear Havoced: sqlite3_free
Current: idxHashClear Havoced: sqlite3_free
Current: idxHashClear Havoced: sqlite3_free
Current: idxHashClear Havoced: sqlite3_free
Current: idxHashClear Havoced: sqlite3_free
Current: idxHashClear Havoced: sqlite3_free
Current: idxHashClear Havoced: sqlite3_free
Current: idxHashClear Havoced: sqlite3_free
Current: idxHashClear Havoced: sqlite3_free
Current: idxHashClear Havoced: sqlite3_free
Current: idxHashClear Havoced: sqlite3_free
Current: idxHashClear Havoced: sqlite3_free
Current: idxHashClear Havoced: sqlite3_free
Current: idxHashClear Havoced: sqlite3_free
Current: idxHashClear Havoced: sqlite3_free
Current: idxHashClear Havoced: sqlite3_free
Current: idxHashClear Havoced: sqlite3_free
Current: idxHashClear Havoced: sqlite3_free
Current: idxHashClear Havoced: sqlite3_free
Current: idxHashClear Havoced: sqlite3_free
Current: idxHashClear Havoced: sqlite3_free
Current: idxHashClear Havoced: sqlite3_free
Current: idxHashClear Havoced: sqlite3_free
Current: idxHashClear Havoced: sqlite3_free
Current: idxHashClear Havoced: sqlite3_free
Current: idxHashClear Havoced: sqlite3_free
Current: idxHashClear Havoced: sqlite3_free
Current: idxHashClear Havoced: sqlite3_free
Current: idxHashClear Havoced: sqlite3_free
Current: idxHashClear Havoced: sqlite3_free
Current: idxHashClear Havoced: sqlite3_free
Current: idxHashClear Havoced: sqlite3_free
Current: idxHashClear Havoced: sqlite3_free
Current: idxHashClear Havoced: sqlite3_free
Current: idxHashClear Havoced: sqlite3_free
Current: idxHashClear Havoced: sqlite3_free
Current: idxHashClear Havoced: sqlite3_free
Current: idxHashClear Havoced: sqlite3_free
Current: idxHashClear Havoced: sqlite3_free
Current: idxHashClear Havoced: sqlite3_free
Current: idxHashClear Havoced: sqlite3_free
Current: idxHashClear Havoced: sqlite3_free
Current: idxHashClear Havoced: sqlite3_free
Current: idxHashClear Havoced: sqlite3_free
Current: idxHashClear Havoced: sqlite3_free
Current: idxHashClear Havoced: sqlite3_free
Current: idxHashClear Havoced: sqlite3_free
Current: idxHashClear Havoced: sqlite3_free
Current: idxHashClear Havoced: sqlite3_free
Current: idxHashClear Havoced: sqlite3_free
Current: idxHashClear Havoced: sqlite3_free
Current: idxHashClear Havoced: sqlite3_free
Current: idxHashClear Havoced: sqlite3_free
Current: idxHashClear Havoced: sqlite3_free
Current: idxHashClear Havoced: sqlite3_free
Current: idxHashClear Havoced: sqlite3_free
Current: idxHashClear Havoced: sqlite3_free
Current: idxHashClear Havoced: sqlite3_free
Current: idxHashClear Havoced: sqlite3_free
Current: idxHashClear Havoced: sqlite3_free
Current: idxHashClear Havoced: sqlite3_free
Current: idxHashClear Havoced: sqlite3_free
Current: idxHashClear Havoced: sqlite3_free
Current: idxHashClear Havoced: sqlite3_free
Current: idxHashClear Havoced: sqlite3_free
Current: idxHashClear Havoced: sqlite3_free
Current: idxHashClear Havoced: sqlite3_free
Current: idxHashClear Havoced: sqlite3_free
Current: idxHashClear Havoced: sqlite3_free
Current: idxHashClear Havoced: sqlite3_free
Current: idxHashClear Havoced: sqlite3_free
Current: idxHashClear Havoced: sqlite3_free
Current: idxHashClear Havoced: sqlite3_free
Current: idxHashClear Havoced: sqlite3_free
Current: idxHashClear Havoced: sqlite3_free
Current: idxHashClear Havoced: sqlite3_free
Current: idxHashClear Havoced: sqlite3_free
Current: idxHashClear Havoced: sqlite3_free
Current: idxHashClear Havoced: sqlite3_free
Current: idxHashClear Havoced: sqlite3_free
Current: idxHashClear Havoced: sqlite3_free
Current: idxHashClear Havoced: sqlite3_free
Current: idxHashClear Havoced: sqlite3_free
Current: idxHashClear Havoced: sqlite3_free
Current: idxHashClear Havoced: sqlite3_free
Current: idxHashClear Havoced: sqlite3_free
Current: idxHashClear Havoced: sqlite3_free
Current: idxHashClear Havoced: sqlite3_free
Current: idxHashClear Havoced: sqlite3_free
Current: idxHashClear Havoced: sqlite3_free
Current: idxHashClear Havoced: sqlite3_free
Current: idxHashClear Havoced: sqlite3_free
Current: idxHashClear Havoced: sqlite3_free
Current: idxHashClear Havoced: sqlite3_free
Current: idxHashClear Havoced: sqlite3_free
Current: idxHashClear Havoced: sqlite3_free
Current: idxHashClear Havoced: sqlite3_free
Current: idxHashClear Havoced: sqlite3_free
Current: idxHashClear Havoced: sqlite3_free
Current: idxHashClear Havoced: sqlite3_free
Current: idxHashClear Havoced: sqlite3_free
Current: idxHashClear Havoced: sqlite3_free
Current: idxHashClear Havoced: sqlite3_free
Current: idxHashClear Havoced: sqlite3_free
Current: idxHashClear Havoced: sqlite3_free
Current: idxHashClear Havoced: sqlite3_free
Current: idxHashClear Havoced: sqlite3_free
Current: idxHashClear Havoced: sqlite3_free
Current: idxHashClear Havoced: sqlite3_free
Current: idxHashClear Havoced: sqlite3_free
Current: idxHashClear Havoced: sqlite3_free
Current: idxHashClear Havoced: sqlite3_free
Current: idxHashClear Havoced: sqlite3_free
Current: idxHashClear Havoced: sqlite3_free
Current: idxHashClear Havoced: sqlite3_free
Current: idxHashClear Havoced: sqlite3_free
Current: idxHashClear Havoced: sqlite3_free
Current: idxHashClear Havoced: sqlite3_free
Current: idxHashClear Havoced: sqlite3_free
Current: idxHashClear Havoced: sqlite3_free
Current: idxHashClear Havoced: sqlite3_free
Current: idxHashClear Havoced: sqlite3_free
Current: idxHashClear Havoced: sqlite3_free
Current: idxHashClear Havoced: sqlite3_free
Current: idxHashClear Havoced: sqlite3_free
Current: idxHashClear Havoced: sqlite3_free
Current: idxHashClear Havoced: sqlite3_free
Current: idxHashClear Havoced: sqlite3_free
Current: idxHashClear Havoced: sqlite3_free
Current: idxHashClear Havoced: sqlite3_free
Current: idxHashClear Havoced: sqlite3_free
Current: idxHashClear Havoced: sqlite3_free
Current: idxHashClear Havoced: sqlite3_free
Current: idxHashClear Havoced: sqlite3_free
Current: idxHashClear Havoced: sqlite3_free
Current: idxHashClear Havoced: sqlite3_free
Current: idxHashClear Havoced: sqlite3_free
Current: idxHashClear Havoced: sqlite3_free
Current: idxHashClear Havoced: sqlite3_free
Current: idxHashClear Havoced: sqlite3_free
Current: idxHashClear Havoced: sqlite3_free
Current: idxHashClear Havoced: sqlite3_free
Current: idxHashClear Havoced: sqlite3_free
Current: idxHashClear Havoced: sqlite3_free
Current: idxHashClear Havoced: sqlite3_free
Current: idxHashClear Havoced: sqlite3_free
Current: idxHashClear Havoced: sqlite3_free
Current: idxHashClear Havoced: sqlite3_free
Current: idxHashClear Havoced: sqlite3_free
Current: idxHashClear Havoced: sqlite3_free
Current: idxHashClear Havoced: sqlite3_free
Current: idxHashClear Havoced: sqlite3_free
Current: idxHashClear Havoced: sqlite3_free
Current: idxHashClear Havoced: sqlite3_free
Current: idxHashClear Havoced: sqlite3_free
Current: idxHashClear Havoced: sqlite3_free
Current: idxHashClear Havoced: sqlite3_free
Current: idxHashClear Havoced: sqlite3_free
Current: idxHashClear Havoced: sqlite3_free
Current: idxHashClear Havoced: sqlite3_free
Current: idxHashClear Havoced: sqlite3_free
Current: idxHashClear Havoced: sqlite3_free
Current: idxHashClear Havoced: sqlite3_free
Current: idxHashClear Havoced: sqlite3_free
Current: idxHashClear Havoced: sqlite3_free
Current: idxHashClear Havoced: sqlite3_free
Current: idxHashClear Havoced: sqlite3_free
Current: idxHashClear Havoced: sqlite3_free
Current: idxHashClear Havoced: sqlite3_free
Current: idxHashClear Havoced: sqlite3_free
Current: idxHashClear Havoced: sqlite3_free
Current: idxHashClear Havoced: sqlite3_free
Current: idxHashClear Havoced: sqlite3_free
Current: idxHashClear Havoced: sqlite3_free
Current: idxHashClear Havoced: sqlite3_free
Current: idxHashClear Havoced: sqlite3_free
Current: idxHashClear Havoced: sqlite3_free
Current: idxHashClear Havoced: sqlite3_free
Current: idxHashClear Havoced: sqlite3_free
Current: idxHashClear Havoced: sqlite3_free
Current: idxHashClear Havoced: sqlite3_free
Current: idxHashClear Havoced: sqlite3_free
Current: idxHashClear Havoced: sqlite3_free
Current: idxHashClear Havoced: sqlite3_free
Current: idxHashClear Havoced: sqlite3_free
Current: idxHashClear Havoced: sqlite3_free
Current: idxHashClear Havoced: sqlite3_free
Current: idxHashClear Havoced: sqlite3_free
Current: idxHashClear Havoced: sqlite3_free
Current: idxHashClear Havoced: sqlite3_free
Current: idxHashClear Havoced: sqlite3_free
Current: idxHashClear Havoced: sqlite3_free
Current: idxHashClear Havoced: sqlite3_free
Current: idxHashClear Havoced: sqlite3_free
Current: idxHashClear Havoced: sqlite3_free
Current: idxHashClear Havoced: sqlite3_free
Current: idxHashClear Havoced: sqlite3_free
Current: idxHashClear Havoced: sqlite3_free
Current: idxHashClear Havoced: sqlite3_free
Current: idxHashClear Havoced: sqlite3_free
Current: idxHashClear Havoced: sqlite3_free
Current: idxHashClear Havoced: sqlite3_free
Current: idxHashClear Havoced: sqlite3_free
Current: idxHashClear Havoced: sqlite3_free
Current: idxHashClear Havoced: sqlite3_free
Current: idxHashClear Havoced: sqlite3_free
Current: idxHashClear Havoced: sqlite3_free
Current: idxHashClear Havoced: sqlite3_free
Current: idxHashClear Havoced: sqlite3_free
Current: idxHashClear Havoced: sqlite3_free
Current: idxHashClear Havoced: sqlite3_free
Current: idxHashClear Havoced: sqlite3_free
Current: idxHashClear Havoced: sqlite3_free
Current: idxHashClear Havoced: sqlite3_free
Current: idxHashClear Havoced: sqlite3_free
Current: idxHashClear Havoced: sqlite3_free
Current: idxHashClear Havoced: sqlite3_free
Current: idxHashClear Havoced: sqlite3_free
Current: idxHashClear Havoced: sqlite3_free
Current: idxHashClear Havoced: sqlite3_free
Current: idxHashClear Havoced: sqlite3_free
Current: idxHashClear Havoced: sqlite3_free
Current: idxHashClear Havoced: sqlite3_free
Current: idxHashClear Havoced: sqlite3_free
Current: idxHashClear Havoced: sqlite3_free
Current: idxHashClear Havoced: sqlite3_free
Current: idxHashClear Havoced: sqlite3_free
Current: idxHashClear Havoced: sqlite3_free
Current: idxHashClear Havoced: sqlite3_free
Current: idxHashClear Havoced: sqlite3_free
Current: idxHashClear Havoced: sqlite3_free
Current: idxHashClear Havoced: sqlite3_free
Current: idxHashClear Havoced: sqlite3_free
Current: idxHashClear Havoced: sqlite3_free
Current: idxHashClear Havoced: sqlite3_free
Current: idxHashClear Havoced: sqlite3_free
Current: idxHashClear Havoced: sqlite3_free
Current: idxHashClear Havoced: sqlite3_free
Current: idxHashClear Havoced: sqlite3_free
Current: idxHashClear Havoced: sqlite3_free
Current: idxHashClear Havoced: sqlite3_free
Current: idxHashClear Havoced: sqlite3_free
Current: idxHashClear Havoced: sqlite3_free
Current: idxHashClear Havoced: sqlite3_free
Current: idxHashClear Havoced: sqlite3_free
Current: idxHashClear Havoced: sqlite3_free
Current: idxHashClear Havoced: sqlite3_free
Current: idxHashClear Havoced: sqlite3_free
Current: idxHashClear Havoced: sqlite3_free
Current: idxHashClear Havoced: sqlite3_free
Current: idxHashClear Havoced: sqlite3_free
Current: idxHashClear Havoced: sqlite3_free
Current: idxHashClear Havoced: sqlite3_free
Current: idxHashClear Havoced: sqlite3_free
Current: idxHashClear Havoced: sqlite3_free
Current: idxHashClear Havoced: sqlite3_free
Current: idxHashClear Havoced: sqlite3_free
Current: idxHashClear Havoced: sqlite3_free
Current: idxHashClear Havoced: sqlite3_free
Current: idxHashClear Havoced: sqlite3_free
Current: idxHashClear Havoced: sqlite3_free
Current: idxHashClear Havoced: sqlite3_free
Current: idxHashClear Havoced: sqlite3_free
Current: idxHashClear Havoced: sqlite3_free
Current: idxHashClear Havoced: sqlite3_free
Current: idxHashClear Havoced: sqlite3_free
Current: idxHashClear Havoced: sqlite3_free
Current: idxHashClear Havoced: sqlite3_free
Current: idxHashClear Havoced: sqlite3_free
Current: idxHashClear Havoced: sqlite3_free
Current: idxHashClear Havoced: sqlite3_free
Current: idxHashClear Havoced: sqlite3_free
Current: idxHashClear Havoced: sqlite3_free
Current: idxHashClear Havoced: sqlite3_free
Current: idxHashClear Havoced: sqlite3_free
Current: idxHashClear Havoced: sqlite3_free
Current: idxHashClear Havoced: sqlite3_free
Current: idxHashClear Havoced: sqlite3_free
Current: idxHashClear Havoced: sqlite3_free
Current: idxHashClear Havoced: sqlite3_free
Current: idxHashClear Havoced: sqlite3_free
Current: idxHashClear Havoced: sqlite3_free
Current: idxHashClear Havoced: sqlite3_free
Current: idxHashClear Havoced: sqlite3_free
Current: idxHashClear Havoced: sqlite3_free
Current: idxHashClear Havoced: sqlite3_free
Current: idxHashClear Havoced: sqlite3_free
Current: idxHashClear Havoced: sqlite3_free
Current: idxHashClear Havoced: sqlite3_free
Current: idxHashClear Havoced: sqlite3_free
Current: idxHashClear Havoced: sqlite3_free
Current: idxHashClear Havoced: sqlite3_free
Current: idxHashClear Havoced: sqlite3_free
Current: idxHashClear Havoced: sqlite3_free
Current: idxHashClear Havoced: sqlite3_free
Current: idxHashClear Havoced: sqlite3_free
Current: idxHashClear Havoced: sqlite3_free
Current: idxHashClear Havoced: sqlite3_free
Current: idxHashClear Havoced: sqlite3_free
Current: idxHashClear Havoced: sqlite3_free
Current: idxHashClear Havoced: sqlite3_free
Current: idxHashClear Havoced: sqlite3_free
Current: idxHashClear Havoced: sqlite3_free
Current: idxHashClear Havoced: sqlite3_free
Current: idxHashClear Havoced: sqlite3_free
Current: idxHashClear Havoced: sqlite3_free
Current: idxHashClear Havoced: sqlite3_free
Current: idxHashClear Havoced: sqlite3_free
Current: idxHashClear Havoced: sqlite3_free
Current: idxHashClear Havoced: sqlite3_free
Current: idxHashClear Havoced: sqlite3_free
Current: idxHashClear Havoced: sqlite3_free
Current: idxHashClear Havoced: sqlite3_free
Current: idxHashClear Havoced: sqlite3_free
Current: idxHashClear Havoced: sqlite3_free
Current: idxHashClear Havoced: sqlite3_free
Current: idxHashClear Havoced: sqlite3_free
Current: idxHashClear Havoced: sqlite3_free
Current: idxHashClear Havoced: sqlite3_free
Current: idxHashClear Havoced: sqlite3_free
Current: idxHashClear Havoced: sqlite3_free
Current: idxHashClear Havoced: sqlite3_free
Current: idxHashClear Havoced: sqlite3_free
Current: idxHashClear Havoced: sqlite3_free
Current: idxHashClear Havoced: sqlite3_free
Current: idxHashClear Havoced: sqlite3_free
Current: idxHashClear Havoced: sqlite3_free
Current: idxHashClear Havoced: sqlite3_free
Current: idxHashClear Havoced: sqlite3_free
Current: idxHashClear Havoced: sqlite3_free
Current: idxHashClear Havoced: sqlite3_free
Current: idxHashClear Havoced: sqlite3_free
Current: idxHashClear Havoced: sqlite3_free
Current: idxHashClear Havoced: sqlite3_free
Current: idxHashClear Havoced: sqlite3_free
Current: idxHashClear Havoced: sqlite3_free
Current: idxHashClear Havoced: sqlite3_free
Current: idxHashClear Havoced: sqlite3_free
Current: idxHashClear Havoced: sqlite3_free
Current: idxHashClear Havoced: sqlite3_free
Current: idxHashClear Havoced: sqlite3_free
Current: idxHashClear Havoced: sqlite3_free
Current: idxHashClear Havoced: sqlite3_free
Current: idxHashClear Havoced: sqlite3_free
Current: idxHashClear Havoced: sqlite3_free
Current: idxHashClear Havoced: sqlite3_free
Current: idxHashClear Havoced: sqlite3_free
Current: idxHashClear Havoced: sqlite3_free
Current: idxHashClear Havoced: sqlite3_free
Current: idxHashClear Havoced: sqlite3_free
Current: idxHashClear Havoced: sqlite3_free
Current: idxHashClear Havoced: sqlite3_free
Current: idxHashClear Havoced: sqlite3_free
Current: idxHashClear Havoced: sqlite3_free
Current: idxHashClear Havoced: sqlite3_free
Current: idxHashClear Havoced: sqlite3_free
Current: idxHashClear Havoced: sqlite3_free
Current: idxHashClear Havoced: sqlite3_free
Current: idxHashClear Havoced: sqlite3_free
Current: idxHashClear Havoced: sqlite3_free
Current: idxHashClear Havoced: sqlite3_free
Current: idxHashClear Havoced: sqlite3_free
Current: idxHashClear Havoced: sqlite3_free
Current: idxHashClear Havoced: sqlite3_free
Current: idxHashClear Havoced: sqlite3_free
Current: idxHashClear Havoced: sqlite3_free
Current: idxHashClear Havoced: sqlite3_free
Current: idxHashClear Havoced: sqlite3_free
Current: idxHashClear Havoced: sqlite3_free
Current: idxHashClear Havoced: sqlite3_free
Current: idxHashClear Havoced: sqlite3_free
Current: idxHashClear Havoced: sqlite3_free
Current: idxHashClear Havoced: sqlite3_free
Current: idxHashClear Havoced: sqlite3_free
Current: idxHashClear Havoced: sqlite3_free
Current: idxHashClear Havoced: sqlite3_free
Current: idxHashClear Havoced: sqlite3_free
Current: idxHashClear Havoced: sqlite3_free
Current: idxHashClear Havoced: sqlite3_free
Current: idxHashClear Havoced: sqlite3_free
Current: idxHashClear Havoced: sqlite3_free
Current: idxHashClear Havoced: sqlite3_free
Current: idxHashClear Havoced: sqlite3_free
Current: idxHashClear Havoced: sqlite3_free
Current: idxHashClear Havoced: sqlite3_free
Current: idxHashClear Havoced: sqlite3_free
Current: idxHashClear Havoced: sqlite3_free
Current: idxHashClear Havoced: sqlite3_free
Current: idxHashClear Havoced: sqlite3_free
Current: idxHashClear Havoced: sqlite3_free
Current: idxHashClear Havoced: sqlite3_free
Current: idxHashClear Havoced: sqlite3_free
Current: idxHashClear Havoced: sqlite3_free
Current: idxHashClear Havoced: sqlite3_free
Current: idxHashClear Havoced: sqlite3_free
Current: idxHashClear Havoced: sqlite3_free
Current: idxHashClear Havoced: sqlite3_free
Current: idxHashClear Havoced: sqlite3_free
Current: idxHashClear Havoced: sqlite3_free
Current: idxHashClear Havoced: sqlite3_free
Current: idxHashClear Havoced: sqlite3_free
Current: idxHashClear Havoced: sqlite3_free
Current: idxHashClear Havoced: sqlite3_free
Current: idxHashClear Havoced: sqlite3_free
Current: idxHashClear Havoced: sqlite3_free
Current: idxHashClear Havoced: sqlite3_free
Current: idxHashClear Havoced: sqlite3_free
Current: idxHashClear Havoced: sqlite3_free
Current: idxHashClear Havoced: sqlite3_free
Current: idxHashClear Havoced: sqlite3_free
Current: idxHashClear Havoced: sqlite3_free
Current: idxHashClear Havoced: sqlite3_free
Current: idxHashClear Havoced: sqlite3_free
Current: idxHashClear Havoced: sqlite3_free
Current: idxHashClear Havoced: sqlite3_free
Current: idxHashClear Havoced: sqlite3_free
Current: idxHashClear Havoced: sqlite3_free
Current: idxHashClear Havoced: sqlite3_free
Current: idxHashClear Havoced: sqlite3_free
Current: idxHashClear Havoced: sqlite3_free
Current: idxHashClear Havoced: sqlite3_free
Current: idxHashClear Havoced: sqlite3_free
Current: idxHashClear Havoced: sqlite3_free
Current: idxHashClear Havoced: sqlite3_free
Current: idxHashClear Havoced: sqlite3_free
Current: idxHashClear Havoced: sqlite3_free
Current: idxHashClear Havoced: sqlite3_free
Current: idxHashClear Havoced: sqlite3_free
Current: idxHashClear Havoced: sqlite3_free
Current: idxHashClear Havoced: sqlite3_free
Current: idxHashClear Havoced: sqlite3_free
Current: idxHashClear Havoced: sqlite3_free
Current: idxHashClear Havoced: sqlite3_free
Current: idxHashClear Havoced: sqlite3_free
Current: idxHashClear Havoced: sqlite3_free
Current: idxHashClear Havoced: sqlite3_free
Current: idxHashClear Havoced: sqlite3_free
Current: idxHashClear Havoced: sqlite3_free
Current: idxHashClear Havoced: sqlite3_free
Current: idxHashClear Havoced: sqlite3_free
Current: idxHashClear Havoced: sqlite3_free
Current: idxHashClear Havoced: sqlite3_free
Current: idxHashClear Havoced: sqlite3_free
Current: idxHashClear Havoced: sqlite3_free
Current: idxHashClear Havoced: sqlite3_free
Current: idxHashClear Havoced: sqlite3_free
Current: idxHashClear Havoced: sqlite3_free
Current: idxHashClear Havoced: sqlite3_free
Current: idxHashClear Havoced: sqlite3_free
Current: idxHashClear Havoced: sqlite3_free
Current: idxHashClear Havoced: sqlite3_free
Current: idxHashClear Havoced: sqlite3_free
Current: idxHashClear Havoced: sqlite3_free
Current: idxHashClear Havoced: sqlite3_free
Current: idxHashClear Havoced: sqlite3_free
Current: idxHashClear Havoced: sqlite3_free
Current: idxHashClear Havoced: sqlite3_free
Current: idxHashClear Havoced: sqlite3_free
Current: idxHashClear Havoced: sqlite3_free
Current: idxHashClear Havoced: sqlite3_free
Current: idxHashClear Havoced: sqlite3_free
Current: idxHashClear Havoced: sqlite3_free
Current: idxHashClear Havoced: sqlite3_free
Current: idxHashClear Havoced: sqlite3_free
Current: idxHashClear Havoced: sqlite3_free
Current: idxHashClear Havoced: sqlite3_free
Current: idxHashClear Havoced: sqlite3_free
Current: idxHashClear Havoced: sqlite3_free
Current: idxHashClear Havoced: sqlite3_free
Current: idxHashClear Havoced: sqlite3_free
Current: idxHashClear Havoced: sqlite3_free
Current: idxHashClear Havoced: sqlite3_free
Current: idxHashClear Havoced: sqlite3_free
Current: idxHashClear Havoced: sqlite3_free
Current: idxHashClear Havoced: sqlite3_free
Current: idxHashClear Havoced: sqlite3_free
Current: idxHashClear Havoced: sqlite3_free
Current: idxHashClear Havoced: sqlite3_free
Current: idxHashClear Havoced: sqlite3_free
Current: idxHashClear Havoced: sqlite3_free
Current: idxHashClear Havoced: sqlite3_free
Current: idxHashClear Havoced: sqlite3_free
Current: idxHashClear Havoced: sqlite3_free
Current: idxHashClear Havoced: sqlite3_free
Current: idxHashClear Havoced: sqlite3_free
Current: idxHashClear Havoced: sqlite3_free
Current: idxHashClear Havoced: sqlite3_free
Current: idxHashClear Havoced: sqlite3_free
Current: idxHashClear Havoced: sqlite3_free
Current: idxHashClear Havoced: sqlite3_free
Current: idxHashClear Havoced: sqlite3_free
Current: idxHashClear Havoced: sqlite3_free
Current: idxHashClear Havoced: sqlite3_free
Current: idxHashClear Havoced: sqlite3_free
Current: idxHashClear Havoced: sqlite3_free
Current: idxHashClear Havoced: sqlite3_free
Current: idxHashClear Havoced: sqlite3_free
Current: idxHashClear Havoced: sqlite3_free
Current: idxHashClear Havoced: sqlite3_free
Current: idxHashClear Havoced: sqlite3_free
Current: idxHashClear Havoced: sqlite3_free
Current: idxHashClear Havoced: sqlite3_free
Current: idxHashClear Havoced: sqlite3_free
Current: idxHashClear Havoced: sqlite3_free
Current: idxHashClear Havoced: sqlite3_free
Current: idxHashClear Havoced: sqlite3_free
Current: idxHashClear Havoced: sqlite3_free
Current: idxHashClear Havoced: sqlite3_free
Current: idxHashClear Havoced: sqlite3_free
Current: idxHashClear Havoced: sqlite3_free
Current: idxHashClear Havoced: sqlite3_free
Current: idxHashClear Havoced: sqlite3_free
Current: idxHashClear Havoced: sqlite3_free
Current: idxHashClear Havoced: sqlite3_free
Current: idxHashClear Havoced: sqlite3_free
Current: idxHashClear Havoced: sqlite3_free
Current: idxHashClear Havoced: sqlite3_free
Current: idxHashClear Havoced: sqlite3_free
Current: idxHashClear Havoced: sqlite3_free
Current: idxHashClear Havoced: sqlite3_free
Current: idxHashClear Havoced: sqlite3_free
Current: idxHashClear Havoced: sqlite3_free
Current: idxHashClear Havoced: sqlite3_free
Current: idxHashClear Havoced: sqlite3_free
Current: idxHashClear Havoced: sqlite3_free
Current: idxHashClear Havoced: sqlite3_free
Current: idxHashClear Havoced: sqlite3_free
Current: idxHashClear Havoced: sqlite3_free
Current: idxHashClear Havoced: sqlite3_free
Current: idxHashClear Havoced: sqlite3_free
Current: idxHashClear Havoced: sqlite3_free
Current: idxHashClear Havoced: sqlite3_free
Current: idxHashClear Havoced: sqlite3_free
Current: idxHashClear Havoced: sqlite3_free
Current: idxHashClear Havoced: sqlite3_free
Current: idxHashClear Havoced: sqlite3_free
Current: idxHashClear Havoced: sqlite3_free
Current: idxHashClear Havoced: sqlite3_free
Current: idxHashClear Havoced: sqlite3_free
Current: idxHashClear Havoced: sqlite3_free
Current: idxHashClear Havoced: sqlite3_free
Current: idxHashClear Havoced: sqlite3_free
Current: idxHashClear Havoced: sqlite3_free
Current: idxHashClear Havoced: sqlite3_free
Current: idxHashClear Havoced: sqlite3_free
Current: idxHashClear Havoced: sqlite3_free
Current: idxHashClear Havoced: sqlite3_free
Current: idxHashClear Havoced: sqlite3_free
Current: idxHashClear Havoced: sqlite3_free
Current: idxHashClear Havoced: sqlite3_free
Current: idxHashClear Havoced: sqlite3_free
Current: idxHashClear Havoced: sqlite3_free
Current: idxHashClear Havoced: sqlite3_free
Current: idxHashClear Havoced: sqlite3_free
Current: idxHashClear Havoced: sqlite3_free
Current: idxHashClear Havoced: sqlite3_free
Current: idxHashClear Havoced: sqlite3_free
Current: idxHashClear Havoced: sqlite3_free
Current: idxHashClear Havoced: sqlite3_free
Current: idxHashClear Havoced: sqlite3_free
Current: idxHashClear Havoced: sqlite3_free
Current: idxHashClear Havoced: sqlite3_free
Current: idxHashClear Havoced: sqlite3_free
Current: idxHashClear Havoced: sqlite3_free
Current: idxHashClear Havoced: sqlite3_free
Current: idxHashClear Havoced: sqlite3_free
Current: idxHashClear Havoced: sqlite3_free
Current: idxHashClear Havoced: sqlite3_free
Current: idxHashClear Havoced: sqlite3_free
Current: idxHashClear Havoced: sqlite3_free
Current: idxHashClear Havoced: sqlite3_free
Current: idxHashClear Havoced: sqlite3_free
Current: idxHashClear Havoced: sqlite3_free
Current: idxHashClear Havoced: sqlite3_free
Current: idxHashClear Havoced: sqlite3_free
Current: idxHashClear Havoced: sqlite3_free
Current: idxHashClear Havoced: sqlite3_free
Current: idxHashClear Havoced: sqlite3_free
Current: idxHashClear Havoced: sqlite3_free
Current: idxHashClear Havoced: sqlite3_free
Current: idxHashClear Havoced: sqlite3_free
Current: idxHashClear Havoced: sqlite3_free
Current: idxHashClear Havoced: sqlite3_free
Current: idxHashClear Havoced: sqlite3_free
Current: idxHashClear Havoced: sqlite3_free
Current: idxHashClear Havoced: sqlite3_free
Current: idxHashClear Havoced: sqlite3_free
Current: idxHashClear Havoced: sqlite3_free
Current: idxHashClear Havoced: sqlite3_free
Current: idxHashClear Havoced: sqlite3_free
Current: idxHashClear Havoced: sqlite3_free
Current: idxHashClear Havoced: sqlite3_free
Current: idxHashClear Havoced: sqlite3_free
Current: idxHashClear Havoced: sqlite3_free
Current: idxHashClear Havoced: sqlite3_free
Current: idxHashClear Havoced: sqlite3_free
Current: idxHashClear Havoced: sqlite3_free
Current: idxHashClear Havoced: sqlite3_free
Current: idxHashClear Havoced: sqlite3_free
isMemset:   call void @llvm.memset.p0i8.i64(i8* %15345, i8 0, i64 8192, i32 8, i1 false), !dbg !5653
                      0 sec [DONE]
        Number of expressions:                        236850
        after encoding

      2047 assertions before transformations (1024 no_back_edge, 1023 custom).

      Performing formula transformations ...
        Simplifier
          Number of rewrites                           57570
        Fixed Memory Address Assigner
          Number of moved ops                              0
          Number of rewrites                            5208
        Simplifier
          Number of moved ops                              0
          Number of rewrites                           73622
        Memory Model Encoder
          Number of moved ops                              1
          Number of rewrites                               0
        Simplifier
          Number of rewrites                               0
        Simplifier
          Number of rewrites                             142
        ToASC Analyser
          Memcpy/memset found                            yes
        Byte-Based Memory Creator
          Number of rewrites                           15045
        Instantiation-Based ToASC Simplifier
          Number of rewrites                               1
        Simplifier
          Number of moved ops                              0
          Number of rewrites                           30206
        FP Abstraction
          Number of rewrites                              22

Abstracted floating point operations.  The result might be a false positive.

        Simplifier
          Number of moved ops                              0
          Number of rewrites                               0
                                                           1 sec [DONE]
        
      2047 assertions remain after transformations (1024 no_back_edge, 1023 custom).
after rewriteFormula
after sanityCheckFormula

      Running SMT solver (STP with MiniSat) ...