runJobCommand
arguents: child
arguents: job
arguents: mode
Careful, HavocLimit is not zero. Call Abstraction is activated
handleJobInSeparateProcess0

Checking job 5237 ...about to run job:
preconNumber: 0, 0

  Running Model Checker with 1 checks ...try
try ready

    SMTSolver : stp
    CallStackBound : 0
    StopEncodingAfterCheckLoop : 0
    LoopUnrollBound : 1
    HavocLimit : 1
    PreconditionNumber : 0
    PreconditionLocation : jobs/5237
    TimeOut : 600
    InitializedGlobals : false
    IgnoreMissingFunctions : false
    StopEncodingAfterCheck : false
    OverApproxVaArgs : false
    PreconditionCheckMemory : false
    PreconditionOnlyArguments : trueI [0] lib/ModelChecker/Verifier.cpp:247 | EntryPoint : codeVectorCompare
m_checker->run()

    Performing bounded model checking ...
      Unrolling loop in function "codeVectorCompare" for 1 iterations succeeded.
      Transformed "codeVectorCompare" from 196 to 201 instructions
      Performing pre-transformations on LLVM IR ...        0 sec [DONE]
        
      Performing logical encoding ...Current: codeVectorCompare Havoced: sqlite3ExprVectorSize
Current: codeVectorCompare Havoced: sqlite3VdbeMakeLabel
Current: codeVectorCompare Havoced: sqlite3ExprVectorSize
Current: codeVectorCompare Havoced: exprCodeSubselect
Current: codeVectorCompare Havoced: exprCodeSubselect
Current: codeVectorCompare Havoced: sqlite3VdbeAddOp2
Current: codeVectorCompare Havoced: sqlite3VdbeJumpHere
Current: codeVectorCompare Havoced: exprVectorRegister
Current: codeVectorCompare Havoced: exprVectorRegister
Current: codeVectorCompare Havoced: sqlite3VdbeCurrentAddr
Current: codeVectorCompare Havoced: codeCompare
Current: codeVectorCompare Havoced: sqlite3ReleaseTempReg
Current: codeVectorCompare Havoced: sqlite3ReleaseTempReg
Current: codeVectorCompare Havoced: sqlite3VdbeAddOp0
Current: codeVectorCompare Havoced: sqlite3VdbeAddOp3
Current: codeVectorCompare Havoced: sqlite3VdbeAddOp2
Current: codeVectorCompare Havoced: sqlite3VdbeAddOp2
Current: codeVectorCompare Havoced: sqlite3VdbeAddOp2
Current: codeVectorCompare Havoced: sqlite3VdbeJumpHere
Current: codeVectorCompare Havoced: sqlite3VdbeResolveLabel
Current: codeVectorCompare Havoced: sqlite3VdbeAddOp2
Current: codeVectorCompare Havoced: sqlite3ErrorMsg
                      0 sec [DONE]
        Number of expressions:                        155356
        after encoding

      2 assertions before transformations (1 no_back_edge, 1 custom).

      Performing formula transformations ...
        Simplifier
          Number of rewrites                            3549
        Fixed Memory Address Assigner
          Number of moved ops                              0
          Number of rewrites                            5208
        Simplifier
          Number of moved ops                              0
          Number of rewrites                           72610
        Memory Model Encoder
          Number of moved ops                              0rewriteAllocaOprewriteStackAddressOp
rewriteAllocaOprewriteStackAddressOp
rewriteAllocaOprewriteStackAddressOp
rewriteAllocaOprewriteStackAddressOp

          Number of rewrites                               4
        Simplifier
          Number of moved ops                              0
          Number of rewrites                               0
        Simplifier
          Number of rewrites                             142
        ToASC Analyser
          Memcpy/memset found                             no
        Byte-Based Memory Creator
        Instantiation-Based ToASC Simplifier
        Simplifier
        FP Abstraction
          Number of rewrites                              44

Abstracted floating point operations.  The result might be a false positive.

        Simplifier
          Number of moved ops                              0
          Number of rewrites                               0
                                                           0 sec [DONE]
        
      2 assertions remain after transformations (1 no_back_edge, 1 custom).
after rewriteFormula
after sanityCheckFormula

      Running SMT solver (STP with MiniSat) ...            0 sec [DONE]
        
                                                           0 sec [DONE]
      after performing Check
evaluateCheckerResultsViaRefinementLoop
checker.getResult() is Trace
checkOnlyPrecon: 0, size:1
getFailingCheckFor
setStatusMarkerAccordingToFailingInstruction
BranchInst - LoopBound
trying to exclude Assertions for Failing Instruction

    Rerunning SMT solver (STP with MiniSat) ...            0 sec [DONE]
      getCheckerResultAfterUpdatingMarker
Result is NoTrace

                                                           1 sec [DONE]
    allsafe
    
                                                           1 sec [DONE]
  