runJobCommand
arguents: child
arguents: job
arguents: mode
handleJobInSeparateProcess0

Checking job 1015 ...about to run job:
preconNumber: 0, 0

  Running Model Checker with 54 checks ...try
try ready

    SMTSolver : stp
    CallStackBound : 0
    StopEncodingAfterCheckLoop : 0
    LoopUnrollBound : 1
    HavocLimit : 0
    PreconditionNumber : 0
    PreconditionLocation : jobs/1015
    TimeOut : 600
    InitializedGlobals : false
    IgnoreMissingFunctions : false
    StopEncodingAfterCheck : false
    OverApproxVaArgs : false
    PreconditionCheckMemory : false
    PreconditionOnlyArguments : trueI [0] lib/ModelChecker/Verifier.cpp:247 | EntryPoint : sqlite3GetToken
m_checker->run()

    Performing bounded model checking ...
      Unrolling loop in function "sqlite3GetToken" for 1 iterations succeeded.
      Unrolling loop in function "sqlite3GetToken" for 1 iterations succeeded.
      Unrolling loop in function "sqlite3GetToken" for 1 iterations succeeded.
      Unrolling loop in function "sqlite3GetToken" for 1 iterations succeeded.
      Unrolling loop in function "sqlite3GetToken" for 1 iterations succeeded.
      Unrolling loop in function "sqlite3GetToken" for 1 iterations succeeded.
      Unrolling loop in function "sqlite3GetToken" for 1 iterations succeeded.
      Unrolling loop in function "sqlite3GetToken" for 1 iterations succeeded.
      Unrolling loop in function "sqlite3GetToken" for 1 iterations succeeded.
      Unrolling loop in function "sqlite3GetToken" for 1 iterations succeeded.
      Unrolling loop in function "sqlite3GetToken" for 1 iterations succeeded.
      Unrolling loop in function "sqlite3GetToken" for 1 iterations succeeded.
      Unrolling loop in function "sqlite3GetToken" for 1 iterations succeeded.
      Unrolling loop in function "sqlite3GetToken" for 1 iterations succeeded.
      Unrolling loop in function "sqlite3GetToken" for 1 iterations succeeded.
      Unrolling loop in function "sqlite3GetToken" for 1 iterations succeeded.
      Unrolling loop in function "sqlite3GetToken" for 1 iterations succeeded.
      Transformed "sqlite3GetToken" from 180 to 246 basic blocks and from 827 to 1172 instructions
      Performing pre-transformations on LLVM IR ...        0 sec [DONE]
        
      Performing logical encoding ...
        Unrolling loop in function "keywordCode" for 1 iterations succeeded.
        Unrolling loop in function "keywordCode" for 1 iterations succeeded.
        Transformed "keywordCode" from 20 to 26 basic blocks and from 146 to 176 instructions
                                                           0 sec [DONE]
        Number of expressions:                        158682
        after encoding

      87 assertions before transformations (19 no_back_edge, 68 custom).

      Performing formula transformations ...
        Simplifier
          Number of rewrites                            5551
        Fixed Memory Address Assigner
          Number of moved ops                              0
          Number of rewrites                            5208
        Simplifier
          Number of moved ops                              0
          Number of rewrites                           72758
        Memory Model Encoder
          Number of moved ops                              0
          Number of rewrites                               0
        Simplifier
          Number of rewrites                              74
        Simplifier
          Number of moved ops                              0
          Number of rewrites                             142
        ToASC Analyser
          Memcpy/memset found                             no
        Byte-Based Memory Creator
        Instantiation-Based ToASC Simplifier
        Simplifier
        FP Abstraction
          Number of rewrites                              44

Abstracted floating point operations.  The result might be a false positive.

        Simplifier
          Number of moved ops                              0
          Number of rewrites                               0
                                                           0 sec [DONE]
        
      87 assertions remain after transformations (19 no_back_edge, 68 custom).
after rewriteFormula
after sanityCheckFormula

      Running SMT solver (STP with MiniSat) ...