runJobCommand
arguents: child
arguents: job
arguents: mode
Careful, HavocLimit is not zero. Call Abstraction is activated
handleJobInSeparateProcess0

Checking job 5200 ...about to run job:
preconNumber: 0, 0

  Running Model Checker with 1 checks ...try
try ready

    SMTSolver : stp
    CallStackBound : 0
    StopEncodingAfterCheckLoop : 0
    LoopUnrollBound : 1
    HavocLimit : 1
    PreconditionNumber : 0
    PreconditionLocation : jobs/5200
    TimeOut : 600
    InitializedGlobals : false
    IgnoreMissingFunctions : false
    StopEncodingAfterCheck : false
    OverApproxVaArgs : false
    PreconditionCheckMemory : false
    PreconditionOnlyArguments : trueI [0] lib/ModelChecker/Verifier.cpp:247 | EntryPoint : resolveOrderGroupBy
m_checker->run()

    Performing bounded model checking ...
      Unrolling loop in function "resolveOrderGroupBy" for 1 iterations succeeded.
      Unrolling loop in function "resolveOrderGroupBy" for 1 iterations succeeded.
      Transformed "resolveOrderGroupBy" from 25 to 27 basic blocks and from 146 to 159 instructions
      Performing pre-transformations on LLVM IR ...        0 sec [DONE]
        
      Performing logical encoding ...Current: resolveOrderGroupBy Havoced: sqlite3ExprSkipCollateAndLikely
Current: resolveOrderGroupBy Havoced: resolveAsName
Current: resolveOrderGroupBy Havoced: sqlite3ExprIsInteger
Current: resolveOrderGroupBy Havoced: sqlite3ResolveExprNames
Current: resolveOrderGroupBy Havoced: sqlite3ExprCompare
Current: resolveOrderGroupBy Havoced: windowRemoveExprFromSelect
Current: resolveOrderGroupBy Havoced: resolveOutOfRangeError
Current: resolveOrderGroupBy Havoced: sqlite3ResolveOrderGroupBy
                      0 sec [DONE]
        Number of expressions:                        155299
        after encoding

      3 assertions before transformations (2 no_back_edge, 1 custom).

      Performing formula transformations ...
        Simplifier
          Number of rewrites                            3521
        Fixed Memory Address Assigner
          Number of moved ops                              0
          Number of rewrites                            5208
        Simplifier
          Number of moved ops                              0
          Number of rewrites                           72613
        Memory Model Encoder
          Number of moved ops                              0rewriteAllocaOprewriteStackAddressOp

          Number of rewrites                               1
        Simplifier
          Number of moved ops                              0
          Number of rewrites                               4
        Simplifier
          Number of moved ops                              0
          Number of rewrites                             142
        ToASC Analyser
          Memcpy/memset found                             no
        Byte-Based Memory Creator
        Instantiation-Based ToASC Simplifier
        Simplifier
        FP Abstraction
          Number of rewrites                              44

Abstracted floating point operations.  The result might be a false positive.

        Simplifier
          Number of moved ops                              0
          Number of rewrites                               0
                                                           0 sec [DONE]
        
      3 assertions remain after transformations (2 no_back_edge, 1 custom).
after rewriteFormula
after sanityCheckFormula

      Running SMT solver (STP with MiniSat) ...