runJobCommand
arguents: child
arguents: job
arguents: mode
Careful, HavocLimit is not zero. Call Abstraction is activated
handleJobInSeparateProcess0

Checking job 7004 ...about to run job:
preconNumber: 0, 0

  Running Model Checker with 1 checks ...try
try ready

    SMTSolver : stp
    CallStackBound : 0
    StopEncodingAfterCheckLoop : 0
    LoopUnrollBound : 1
    HavocLimit : 1
    PreconditionNumber : 0
    PreconditionLocation : jobs/7004
    TimeOut : 600
    InitializedGlobals : false
    IgnoreMissingFunctions : false
    StopEncodingAfterCheck : false
    OverApproxVaArgs : false
    PreconditionCheckMemory : false
    PreconditionOnlyArguments : trueI [0] lib/ModelChecker/Verifier.cpp:247 | EntryPoint : updateAccumulator
m_checker->run()

    Performing bounded model checking ...
      Unrolling loop in function "updateAccumulator" for 1 iterations succeeded.
      Unrolling loop in function "updateAccumulator" for 1 iterations succeeded.
      Unrolling loop in function "updateAccumulator" for 1 iterations succeeded.
      Transformed "updateAccumulator" from 47 to 54 basic blocks and from 289 to 326 instructions
      Performing pre-transformations on LLVM IR ...        0 sec [DONE]
        
      Performing logical encoding ...Current: updateAccumulator Havoced: sqlite3VdbeAddOp2
Current: updateAccumulator Havoced: sqlite3VdbeMakeLabel
Current: updateAccumulator Havoced: sqlite3ExprIfFalse
Current: updateAccumulator Havoced: sqlite3GetTempRange
Current: updateAccumulator Havoced: sqlite3ExprCodeExprList
Current: updateAccumulator Havoced: sqlite3VdbeMakeLabel
Current: updateAccumulator Havoced: codeDistinct
Current: updateAccumulator Havoced: sqlite3ExprCollSeq
Current: updateAccumulator Havoced: sqlite3VdbeAddOp4
Current: updateAccumulator Havoced: sqlite3VdbeAddOp3
Current: updateAccumulator Havoced: sqlite3VdbeAppendP4
Current: updateAccumulator Havoced: sqlite3VdbeChangeP5
Current: updateAccumulator Havoced: sqlite3ReleaseTempRange
Current: updateAccumulator Havoced: sqlite3VdbeResolveLabel
Current: updateAccumulator Havoced: sqlite3VdbeAddOp1
Current: updateAccumulator Havoced: sqlite3ExprCode
Current: updateAccumulator Havoced: sqlite3VdbeJumpHereOrPopInst
Current: updateAccumulator Havoced: sqlite3ExprCollSeq
                      0 sec [DONE]
        Number of expressions:                        155585
        after encoding

      4 assertions before transformations (3 no_back_edge, 1 custom).

      Performing formula transformations ...
        Simplifier
          Number of rewrites                            3683
        Fixed Memory Address Assigner
          Number of moved ops                              0
          Number of rewrites                            5208
        Simplifier
          Number of moved ops                              0
          Number of rewrites                           72636
        Memory Model Encoder
          Number of moved ops                              0
          Number of rewrites                               0
        Simplifier
          Number of rewrites                               1
        Simplifier
          Number of moved ops                              0
          Number of rewrites                             142
        ToASC Analyser
          Memcpy/memset found                             no
        Byte-Based Memory Creator
        Instantiation-Based ToASC Simplifier
        Simplifier
        FP Abstraction
          Number of rewrites                              44

Abstracted floating point operations.  The result might be a false positive.

        Simplifier
          Number of moved ops                              0
          Number of rewrites                               0
                                                           0 sec [DONE]
        
      4 assertions remain after transformations (3 no_back_edge, 1 custom).
after rewriteFormula
after sanityCheckFormula

      Running SMT solver (STP with MiniSat) ...