runJobCommand
arguents: child
arguents: job
arguents: mode
handleJobInSeparateProcess0

Checking job 93 ...about to run job:
preconNumber: 0, 0

  Running Model Checker with 3 checks ...try
try ready

    SMTSolver : stp
    CallStackBound : 0
    StopEncodingAfterCheckLoop : 0
    LoopUnrollBound : 1
    HavocLimit : 0
    PreconditionNumber : 0
    PreconditionLocation : jobs/93
    TimeOut : 300
    InitializedGlobals : false
    IgnoreMissingFunctions : true
    StopEncodingAfterCheck : false
    OverApproxVaArgs : false
    PreconditionCheckMemory : false
    PreconditionOnlyArguments : trueI [0] lib/ModelChecker/Verifier.cpp:247 | EntryPoint : mat_mul
m_checker->run()

    Performing bounded model checking ...
      Unrolling loop in function "mat_mul" for 1 iterations succeeded.
      Unrolling loop in function "mat_mul" for 1 iterations succeeded.
      Unrolling loop in function "mat_mul" for 1 iterations succeeded.
      Transformed "mat_mul" from 13 to 16 basic blocks and from 82 to 94 instructions
      Performing pre-transformations on LLVM IR ...        0 sec [DONE]
        
      Performing logical encoding ...                      0 sec [DONE]
        Number of expressions:                          6238
        after encoding

      6 assertions before transformations (3 no_back_edge, 3 custom).

      Performing formula transformations ...
        Simplifier
          Number of rewrites                             209
        Fixed Memory Address Assigner
          Number of moved ops                              0
          Number of rewrites                             364
        Simplifier
          Number of moved ops                              0
          Number of rewrites                            2737
        Memory Model Encoder
          Number of moved ops                              0
          Number of rewrites                               0
        Simplifier
          Number of rewrites                               3
        Simplifier
          Number of moved ops                              0
          Number of rewrites                               0
        ToASC Analyser
          Memcpy/memset found                             no
        Byte-Based Memory Creator
        Instantiation-Based ToASC Simplifier
        Simplifier
        FP Abstraction
          Number of rewrites                               5

Abstracted floating point operations.  The result might be a false positive.

        Simplifier
          Number of rewrites                               0
                                                           0 sec [DONE]
        
      6 assertions remain after transformations (3 no_back_edge, 3 custom).
after rewriteFormula
after sanityCheckFormula

      Running SMT solver (STP with MiniSat) ...            2 sec [DONE]
        
                                                           2 sec [DONE]
      after performing Check
evaluateCheckerResultsViaRefinementLoop
checker.getResult() is Trace
checkOnlyPrecon: 0, size:3
getFailingCheckFor
setStatusMarkerAccordingToFailingInstruction
BranchInst - LoopBound
trying to exclude Assertions for Failing Instruction

    Rerunning SMT solver (STP with MiniSat) ...            2 sec [DONE]
      checker.getResult() is Trace
checkOnlyPrecon: 0, size:3
getFailingCheckFor
setStatusMarkerAccordingToFailingInstruction
BranchInst - LoopBound
trying to exclude Assertions for Failing Instruction

    Rerunning SMT solver (STP with MiniSat) ...            2 sec [DONE]
      checker.getResult() is Trace
checkOnlyPrecon: 0, size:3
getFailingCheckFor
setStatusMarkerAccordingToFailingInstruction
BranchInst - LoopBound
trying to exclude Assertions for Failing Instruction

    Rerunning SMT solver (STP with MiniSat) ...            0 sec [DONE]
      getCheckerResultAfterUpdatingMarker
Result is NoTrace

                                                           9 sec [DONE]
    allsafe
    
                                                           9 sec [DONE]
  