runJobCommand
arguents: child
arguents: job
arguents: mode
handleJobInSeparateProcess0

Checking job 5389 ...about to run job:
preconNumber: 0, 0

  Running Model Checker with 1 checks ...E [0] lib/Slicer/LocalDependencyCollector.cpp:75 | check with ID 16781 not found in function 'sqlite3ExprCodeTarget'
F [0] lib/Frontend/RunJobCommand.cpp:175 | Assertion failed: collecing local dependencies failed
p:175 | Assertion failed: collecing local dependencies failed
 argument 0 (i32* undef) has pointer type
W [0] lib/Slicer/LocalSlicer.cpp:357 | argument %struct.Expr* null of call instruction has pointer type
W [0] lib/Slicer/LocalSlicer.cpp:368 | argument 0 (i8* undef) has pointer type
W [0] lib/Slicer/LocalSlicer.cpp:368 | argument 0 (i32* undef) has pointer type
W [0] lib/Slicer/LocalSlicer.cpp:495 | unused argument: , qpr.slicing.unused.arg.sqlite3ExprVectorSize.0
W [0] lib/Slicer/LocalSlicer.cpp:495 | unused argument: , qpr.slicing.unused.arg.exprCodeVector.0
W [0] lib/Slicer/LocalSlicer.cpp:495 | unused argument: , qpr.slicing.unused.arg.exprCodeVector.1
W [0] lib/Slicer/LocalSlicer.cpp:495 | unused argument: , qpr.slicing.unused.arg.exprCodeVector.2
I [0] lib/Slicer/LocalSlicer.cpp:104 | slicing finished
try
try ready

    SMTSolver : stp
    CallStackBound : 0
    StopEncodingAfterCheckLoop : 0
    LoopUnrollBound : 1
    HavocLimit : 0
    PreconditionNumber : 0
    PreconditionLocation : jobs/5389
    TimeOut : 600
    InitializedGlobals : false
    IgnoreMissingFunctions : false
    StopEncodingAfterCheck : false
    OverApproxVaArgs : false
    PreconditionCheckMemory : false
    PreconditionOnlyArguments : trueI [0] lib/ModelChecker/Verifier.cpp:247 | EntryPoint : exprCodeVector
m_checker->run()

    Performing bounded model checking ...
      Unrolling loop in function "exprCodeVector" for 1 iterations succeeded.
      Transformed "exprCodeVector" from 7 to 9 basic blocks and from 29 to 33 instructions
      Performing pre-transformations on LLVM IR ...        0 sec [DONE]
        
      Performing logical encoding ...                      0 sec [DONE]
        Number of expressions:                        130943
        after encoding

      2 assertions before transformations (1 no_back_edge, 1 custom).

      Performing formula transformations ...
        Simplifier
          Number of rewrites                            2600
        Fixed Memory Address Assigner
          Number of moved ops                              0
          Number of rewrites                            4896
        Simplifier
          Number of moved ops                              0
          Number of rewrites                           61880
        Memory Model Encoder
          Number of moved ops                              0
          Number of rewrites                               0
        Simplifier
          Number of rewrites                               2
        Simplifier
          Number of moved ops                              0
          Number of rewrites                              88
        ToASC Analyser
          Memcpy/memset found                             no
        Byte-Based Memory Creator
        Instantiation-Based ToASC Simplifier
        Simplifier
        FP Abstraction
          Number of rewrites                               0
        Simplifier
          Number of moved ops                              0
          Number of rewrites                               0
                                                           0 sec [DONE]
        
      2 assertions remain after transformations (1 no_back_edge, 1 custom).
after rewriteFormula
after sanityCheckFormula

      Running SMT solver (STP with MiniSat) ...            0 sec [DONE]
        
                                                           0 sec [DONE]
      after performing Check
evaluateCheckerResultsViaRefinementLoop
checker.getResult() is Trace
checkOnlyPrecon: 0, size:1
getFailingCheckFor
setStatusMarkerAccordingToFailingInstruction
BranchInst - LoopBound
trying to exclude Assertions for Failing Instruction

    Rerunning SMT solver (STP with MiniSat) ...            0 sec [DONE]
      getCheckerResultAfterUpdatingMarker
Result is NoTrace

                                                           1 sec [DONE]
    allsafe
    
                                                           1 sec [DONE]
  