runJobCommand
arguents: child
arguents: job
arguents: mode
Careful, HavocLimit is not zero. Call Abstraction is activated
handleJobInSeparateProcess0

Checking job 7977 ...about to run job:
preconNumber: 0, 0

  Running Model Checker with 1 checks ...try
try ready

    SMTSolver : stp
    CallStackBound : 0
    StopEncodingAfterCheckLoop : 0
    LoopUnrollBound : 1
    HavocLimit : 1
    PreconditionNumber : 0
    PreconditionLocation : jobs/7977
    TimeOut : 600
    InitializedGlobals : false
    IgnoreMissingFunctions : false
    StopEncodingAfterCheck : false
    OverApproxVaArgs : false
    PreconditionCheckMemory : false
    PreconditionOnlyArguments : trueI [0] lib/ModelChecker/Verifier.cpp:247 | EntryPoint : sqlite3WindowRewrite
m_checker->run()

    Performing bounded model checking ...
      Unrolling loop in function "sqlite3WindowRewrite" for 1 iterations succeeded.
      Transformed "sqlite3WindowRewrite" from 48 to 49 basic blocks and from 394 to 397 instructions
      Performing pre-transformations on LLVM IR ...        0 sec [DONE]
        
      Performing logical encoding ...Current: sqlite3WindowRewrite Havoced: sqlite3GetVdbe
Current: sqlite3WindowRewrite Havoced: sqlite3DbMallocZero
Current: sqlite3WindowRewrite Havoced: sqlite3AggInfoPersistWalkerInit
Current: sqlite3WindowRewrite Havoced: sqlite3WalkSelect
Current: sqlite3WindowRewrite Havoced: sqlite3WalkExprList
Current: sqlite3WindowRewrite Havoced: exprListAppendList
Current: sqlite3WindowRewrite Havoced: exprListAppendList
Current: sqlite3WindowRewrite Havoced: sqlite3ExprListCompare
Current: sqlite3WindowRewrite Havoced: sqlite3ExprListDelete
Current: sqlite3WindowRewrite Havoced: selectWindowRewriteEList
Current: sqlite3WindowRewrite Havoced: selectWindowRewriteEList
Current: sqlite3WindowRewrite Havoced: exprListAppendList
Current: sqlite3WindowRewrite Havoced: exprListAppendList
Current: sqlite3WindowRewrite Havoced: exprListAppendList
Current: sqlite3WindowRewrite Havoced: selectWindowRewriteEList
Current: sqlite3WindowRewrite Havoced: sqlite3ExprDup
Current: sqlite3WindowRewrite Havoced: sqlite3ExprListAppend
Current: sqlite3WindowRewrite Havoced: sqlite3VdbeAddOp2
Current: sqlite3WindowRewrite Havoced: sqlite3Expr
Current: sqlite3WindowRewrite Havoced: sqlite3ExprListAppend
Current: sqlite3WindowRewrite Havoced: sqlite3SelectNew
Current: sqlite3WindowRewrite Havoced: sqlite3SrcListAppend
Current: sqlite3WindowRewrite Havoced: sqlite3SelectDelete
Current: sqlite3WindowRewrite Havoced: sqlite3SrcListAssignCursors
Current: sqlite3WindowRewrite Havoced: sqlite3ResultSetOfSelect
isMemcpy:   call void @llvm.memcpy.p0i8.p0i8.i64(i8* %192, i8* %193, i64 120, i32 8, i1 false), !dbg !6010
isMemset:   call void @llvm.memset.p0i8.i64(i8* %202, i8 0, i64 48, i32 8, i1 false), !dbg !6020
Current: sqlite3WindowRewrite Havoced: sqlite3WalkSelect
Current: sqlite3WindowRewrite Havoced: sqlite3DbFree
Current: sqlite3WindowRewrite Havoced: sqlite3ErrorToParser
Current: sqlite3WindowRewrite Havoced: sqlite3ErrorToParser
                      0 sec [DONE]
        Number of expressions:                        155660
        after encoding

      2 assertions before transformations (1 no_back_edge, 1 custom).

      Performing formula transformations ...
        Simplifier
          Number of rewrites                            3632
        Fixed Memory Address Assigner
          Number of moved ops                              0
          Number of rewrites                            5208
        Simplifier
          Number of moved ops                              0
          Number of rewrites                           72632
        Memory Model Encoder
          Number of moved ops                              0rewriteAllocaOprewriteStackAddressOp
rewriteAllocaOprewriteStackAddressOp

          Number of rewrites                               2
        Simplifier
          Number of moved ops                              0
          Number of rewrites                               9
        Simplifier
          Number of moved ops                              0
          Number of rewrites                             194
        ToASC Analyser
          Memcpy/memset found                             no
        Byte-Based Memory Creator
        Instantiation-Based ToASC Simplifier
        Simplifier
        FP Abstraction
          Number of rewrites                              44

Abstracted floating point operations.  The result might be a false positive.

        Simplifier
          Number of moved ops                              0
          Number of rewrites                               0
                                                           0 sec [DONE]
        
      2 assertions remain after transformations (1 no_back_edge, 1 custom).
after rewriteFormula
after sanityCheckFormula

      Running SMT solver (STP with MiniSat) ...