runJobCommand
arguents: child
arguents: job
arguents: mode
Careful, HavocLimit is not zero. Call Abstraction is activated
handleJobInSeparateProcess0

Checking job 5163 ...about to run job:
preconNumber: 0, 0

  Running Model Checker with 1 checks ...try
try ready

    SMTSolver : stp
    CallStackBound : 0
    StopEncodingAfterCheckLoop : 0
    LoopUnrollBound : 1
    HavocLimit : 2
    PreconditionNumber : 0
    PreconditionLocation : jobs/5163
    TimeOut : 600
    InitializedGlobals : false
    IgnoreMissingFunctions : false
    StopEncodingAfterCheck : false
    OverApproxVaArgs : false
    PreconditionCheckMemory : false
    PreconditionOnlyArguments : trueI [0] lib/ModelChecker/Verifier.cpp:247 | EntryPoint : addWhereTerm
m_checker->run()

    Performing bounded model checking ...
      Performing pre-transformations on LLVM IR ...        0 sec [DONE]
        
      Performing logical encoding ...Current: sqlite3CreateColumnExpr Havoced: sqlite3ExprAlloc
Current: sqlite3CreateColumnExpr Havoced: sqlite3ExprAlloc
Current: sqlite3PExpr Havoced: sqlite3DbMallocRawNN
Current: sqlite3PExpr Havoced: sqlite3ExprDelete
Current: sqlite3PExpr Havoced: sqlite3ExprDelete
isMemset:   call void @llvm.memset.p0i8.i64(i8* %9, i8 0, i64 72, i32 8, i1 false), !dbg !5626
Current: sqlite3PExpr Havoced: sqlite3ExprAttachSubtrees
Current: sqlite3PExpr Havoced: sqlite3ExprCheckHeight
Current: sqlite3ExprAnd Havoced: sqlite3ExprDeferredDelete
Current: sqlite3ExprAnd Havoced: sqlite3ExprDeferredDelete
Current: sqlite3ExprAnd Havoced: sqlite3Expr
Current: sqlite3ExprAnd Havoced: sqlite3PExpr
                      0 sec [DONE]
        Number of expressions:                        155560
        after encoding

      2 assertions before transformations (2 custom).

      Performing formula transformations ...
        Simplifier
          Number of rewrites                            3618
        Fixed Memory Address Assigner
          Number of moved ops                              0
          Number of rewrites                            5208
        Simplifier
          Number of moved ops                              0
          Number of rewrites                           72620
        Memory Model Encoder
          Number of moved ops                              0
          Number of rewrites                               0
        Simplifier
          Number of rewrites                               6
        Simplifier
          Number of moved ops                              0
          Number of rewrites                             144
        ToASC Analyser
          Memcpy/memset found                             no
        Byte-Based Memory Creator
        Instantiation-Based ToASC Simplifier
        Simplifier
        FP Abstraction
          Number of rewrites                              44

Abstracted floating point operations.  The result might be a false positive.

        Simplifier
          Number of moved ops                              0
          Number of rewrites                               0
                                                           0 sec [DONE]
        
      2 assertions remain after transformations (2 custom).
after rewriteFormula
after sanityCheckFormula

      Running SMT solver (STP with MiniSat) ...            0 sec [DONE]
        
                                                           1 sec [DONE]
      after performing Check
evaluateCheckerResultsViaRefinementLoop
checker.getResult() is Trace
checkOnlyPrecon: 0, size:1
getFailingCheckFor
setCheckToUnsafe
setCheckToUnsafe
Check for floating point traces / abstractions currently deactivated
trying to exclude Assertions for Failing Instruction

    Rerunning SMT solver (STP with MiniSat) ...            0 sec [DONE]
      getCheckerResultAfterUpdatingMarker
Result is NoTrace

                                                           2 sec [DONE]
    allunsafe
    
                                                           2 sec [DONE]
                  4 sec [DONE]
  