runJobCommand
arguents: child
arguents: job
arguents: mode
Careful, HavocLimit is not zero. Call Abstraction is activated
handleJobInSeparateProcess0

Checking job 4349 ...about to run job:
preconNumber: 0, 0

  Running Model Checker with 1 checks ...try
try ready

    SMTSolver : stp
    CallStackBound : 0
    StopEncodingAfterCheckLoop : 0
    LoopUnrollBound : 1
    HavocLimit : 2
    PreconditionNumber : 0
    PreconditionLocation : jobs/4349
    TimeOut : 600
    InitializedGlobals : false
    IgnoreMissingFunctions : false
    StopEncodingAfterCheck : false
    OverApproxVaArgs : false
    PreconditionCheckMemory : false
    PreconditionOnlyArguments : trueI [0] lib/ModelChecker/Verifier.cpp:247 | EntryPoint : sqlite3VdbeMakeReady
m_checker->run()

    Performing bounded model checking ...
      Unrolling loop in function "sqlite3VdbeMakeReady" for 1 iterations succeeded.
      Transformed "sqlite3VdbeMakeReady" from 24 to 25 basic blocks and from 327 to 330 instructions
      Performing pre-transformations on LLVM IR ...        0 sec [DONE]
        
      Performing logical encoding ...
        Unrolling loop in function "resolveP2Values" for 1 iterations succeeded.
        Transformed "resolveP2Values" from 24 to 33 basic blocks and from 163 to 182 instructionsCurrent: resolveP2Values Havoced: sqlite3DbFree
Current: sqlite3VdbeSetNumCols Havoced: releaseMemArray
Current: sqlite3VdbeSetNumCols Havoced: sqlite3DbFree
Current: sqlite3VdbeSetNumCols Havoced: sqlite3DbMallocRawNN
Current: sqlite3VdbeSetNumCols Havoced: initMemArray
Current: sqlite3VdbeSetNumCols Havoced: releaseMemArray
Current: sqlite3VdbeSetNumCols Havoced: sqlite3DbFree
Current: sqlite3VdbeSetNumCols Havoced: sqlite3DbMallocRawNN
Current: sqlite3VdbeSetNumCols Havoced: initMemArray
Current: sqlite3VdbeSetColName Havoced: sqlite3VdbeMemSetStr
Current: sqlite3DbMallocRawNN Havoced: dbMallocRawFinish
Current: sqlite3DbMallocRawNN Havoced: dbMallocRawFinish

        Unrolling loop in function "initMemArray" for 1 iterations succeeded.
        Transformed "initMemArray" from 4 to 5 basic blocks and from 28 to 35 instructionsisMemset:   call void @llvm.memset.p0i8.i64(i8* %181, i8 0, i64 %183, i32 8, i1 false), !dbg !5829

                                                           0 sec [DONE]
        Number of expressions:                        156925
        after encoding

      12 assertions before transformations (4 no_back_edge, 8 custom).

      Performing formula transformations ...
        Simplifier
          Number of rewrites                            4295
        Fixed Memory Address Assigner
          Number of moved ops                              0
          Number of rewrites                            5208
        Simplifier
          Number of moved ops                              0
          Number of rewrites                           72711
        Memory Model Encoder
          Number of moved ops                              0rewriteAllocaOprewriteStackAddressOp
rewriteAllocaOprewriteStackAddressOp

          Number of rewrites                               2
        Simplifier
          Number of moved ops                              0
          Number of rewrites                              76
        Simplifier
          Number of moved ops                              0
          Number of rewrites                             142
        ToASC Analyser
          Memcpy/memset found                            yes
        Byte-Based Memory Creator
          Number of rewrites                            9166
        Instantiation-Based ToASC Simplifier
          Number of rewrites                               1
        Simplifier
          Number of moved ops                              0
          Number of rewrites                           23622
        FP Abstraction
          Number of rewrites                              22

Abstracted floating point operations.  The result might be a false positive.

        Simplifier
          Number of moved ops                              0
          Number of rewrites                               0
                                                           0 sec [DONE]
        
      12 assertions remain after transformations (4 no_back_edge, 8 custom).
after rewriteFormula
after sanityCheckFormula

      Running SMT solver (STP with MiniSat) ...