runJobCommand
arguents: child
arguents: job
arguents: mode
Careful, HavocLimit is not zero. Call Abstraction is activated
handleJobInSeparateProcess0

Checking job 2771 ...about to run job:
preconNumber: 0, 0

  Running Model Checker with 1 checks ...try
try ready

    SMTSolver : stp
    CallStackBound : 0
    StopEncodingAfterCheckLoop : 0
    LoopUnrollBound : 1
    HavocLimit : 1
    PreconditionNumber : 0
    PreconditionLocation : jobs/2771
    TimeOut : 600
    InitializedGlobals : false
    IgnoreMissingFunctions : false
    StopEncodingAfterCheck : false
    OverApproxVaArgs : false
    PreconditionCheckMemory : false
    PreconditionOnlyArguments : trueI [0] lib/ModelChecker/Verifier.cpp:247 | EntryPoint : pagerOpenSavepoint
m_checker->run()

    Performing bounded model checking ...
      Unrolling loop in function "pagerOpenSavepoint" for 1 iterations succeeded.
      Transformed "pagerOpenSavepoint" from 16 to 17 basic blocks and from 125 to 128 instructions
      Performing pre-transformations on LLVM IR ...        0 sec [DONE]
        
      Performing logical encoding ...Current: pagerOpenSavepoint Havoced: sqlite3Realloc
isMemset:   call void @llvm.memset.p0i8.i64(i8* %12, i8 0, i64 %15, i32 8, i1 false), !dbg !5634
Current: pagerOpenSavepoint Havoced: sqlite3BitvecCreate
Current: pagerOpenSavepoint Havoced: sqlite3WalSavepoint
                      0 sec [DONE]
        Number of expressions:                        155227
        after encoding

      2 assertions before transformations (1 no_back_edge, 1 custom).

      Performing formula transformations ...
        Simplifier
          Number of rewrites                            3439
        Fixed Memory Address Assigner
          Number of moved ops                              0
          Number of rewrites                            5208
        Simplifier
          Number of moved ops                              0
          Number of rewrites                           72607
        Memory Model Encoder
          Number of moved ops                              0
          Number of rewrites                               0
        Simplifier
          Number of rewrites                               2
        Simplifier
          Number of moved ops                              0
          Number of rewrites                             142
        ToASC Analyser
          Memcpy/memset found                            yes
        Byte-Based Memory Creator
          Number of rewrites                            8936
        Instantiation-Based ToASC Simplifier
          Number of rewrites                               1
        Simplifier
          Number of moved ops                            133
          Number of rewrites                           23167
        FP Abstraction
          Number of rewrites                              22

Abstracted floating point operations.  The result might be a false positive.

        Simplifier
          Number of moved ops                              0
          Number of rewrites                               0
                                                           0 sec [DONE]
        
      2 assertions remain after transformations (1 no_back_edge, 1 custom).
after rewriteFormula
after sanityCheckFormula

      Running SMT solver (STP with MiniSat) ...