runJobCommand
arguents: child
arguents: job
arguents: mode
Careful, HavocLimit is not zero. Call Abstraction is activated
handleJobInSeparateProcess0

Checking job 2419 ...about to run job:
preconNumber: 0, 0

  Running Model Checker with 1 checks ...try
try ready

    SMTSolver : stp
    CallStackBound : 0
    StopEncodingAfterCheckLoop : 0
    LoopUnrollBound : 1
    HavocLimit : 2
    PreconditionNumber : 0
    PreconditionLocation : jobs/2419
    TimeOut : 600
    InitializedGlobals : false
    IgnoreMissingFunctions : false
    StopEncodingAfterCheck : false
    OverApproxVaArgs : false
    PreconditionCheckMemory : false
    PreconditionOnlyArguments : trueI [0] lib/ModelChecker/Verifier.cpp:247 | EntryPoint : sqlite3PcacheDirtyList
m_checker->run()

    Performing bounded model checking ...
      Unrolling loop in function "sqlite3PcacheDirtyList" for 1 iterations succeeded.
      Transformed "sqlite3PcacheDirtyList" from 5 to 6 basic blocks and from 24 to 27 instructions
      Performing pre-transformations on LLVM IR ...        0 sec [DONE]
        
      Performing logical encoding ...
        Unrolling loop in function "pcacheSortDirtyList" for 31 iterations succeeded.
        Unrolling loop in function "pcacheSortDirtyList" for 1 iterations succeeded.
        Unrolling loop in function "pcacheSortDirtyList" for 1 iterations succeeded.
        Transformed "pcacheSortDirtyList" from 22 to 232 basic blocks and from 112 to 1146 instructionsisMemset:   call void @llvm.memset.p0i8.i64(i8* %3, i8 0, i64 256, i32 16, i1 false), !dbg !5619
Current: pcacheSortDirtyList Havoced: pcacheMergeDirtyList
Current: pcacheSortDirtyList Havoced: pcacheMergeDirtyList
Current: pcacheSortDirtyList Havoced: pcacheMergeDirtyList
Current: pcacheSortDirtyList Havoced: pcacheMergeDirtyList
Current: pcacheSortDirtyList Havoced: pcacheMergeDirtyList
Current: pcacheSortDirtyList Havoced: pcacheMergeDirtyList
Current: pcacheSortDirtyList Havoced: pcacheMergeDirtyList
Current: pcacheSortDirtyList Havoced: pcacheMergeDirtyList
Current: pcacheSortDirtyList Havoced: pcacheMergeDirtyList
Current: pcacheSortDirtyList Havoced: pcacheMergeDirtyList
Current: pcacheSortDirtyList Havoced: pcacheMergeDirtyList
Current: pcacheSortDirtyList Havoced: pcacheMergeDirtyList
Current: pcacheSortDirtyList Havoced: pcacheMergeDirtyList
Current: pcacheSortDirtyList Havoced: pcacheMergeDirtyList
Current: pcacheSortDirtyList Havoced: pcacheMergeDirtyList
Current: pcacheSortDirtyList Havoced: pcacheMergeDirtyList
Current: pcacheSortDirtyList Havoced: pcacheMergeDirtyList
Current: pcacheSortDirtyList Havoced: pcacheMergeDirtyList
Current: pcacheSortDirtyList Havoced: pcacheMergeDirtyList
Current: pcacheSortDirtyList Havoced: pcacheMergeDirtyList
Current: pcacheSortDirtyList Havoced: pcacheMergeDirtyList
Current: pcacheSortDirtyList Havoced: pcacheMergeDirtyList
Current: pcacheSortDirtyList Havoced: pcacheMergeDirtyList
Current: pcacheSortDirtyList Havoced: pcacheMergeDirtyList
Current: pcacheSortDirtyList Havoced: pcacheMergeDirtyList
Current: pcacheSortDirtyList Havoced: pcacheMergeDirtyList
Current: pcacheSortDirtyList Havoced: pcacheMergeDirtyList
Current: pcacheSortDirtyList Havoced: pcacheMergeDirtyList
Current: pcacheSortDirtyList Havoced: pcacheMergeDirtyList
Current: pcacheSortDirtyList Havoced: pcacheMergeDirtyList
Current: pcacheSortDirtyList Havoced: pcacheMergeDirtyList
Current: pcacheSortDirtyList Havoced: pcacheMergeDirtyList
Current: pcacheSortDirtyList Havoced: pcacheMergeDirtyList

                                                           0 sec [DONE]
        Number of expressions:                        157229
        after encoding

      5 assertions before transformations (4 no_back_edge, 1 custom).

      Performing formula transformations ...
        Simplifier
          Number of rewrites                            4959
        Fixed Memory Address Assigner
          Number of moved ops                              0
          Number of rewrites                            5208
        Simplifier
          Number of moved ops                              0
          Number of rewrites                           72726
        Memory Model Encoder
          Number of moved ops                              1rewriteAllocaOprewriteStackAddressOp

          Number of rewrites                               1
        Simplifier
          Number of moved ops                              0
          Number of rewrites                              96
        Simplifier
          Number of moved ops                              0
          Number of rewrites                             399
        ToASC Analyser
          Memcpy/memset found                             no
        Byte-Based Memory Creator
        Instantiation-Based ToASC Simplifier
        Simplifier
        FP Abstraction
          Number of rewrites                              44

Abstracted floating point operations.  The result might be a false positive.

        Simplifier
          Number of moved ops                              0
          Number of rewrites                               0
                                                           0 sec [DONE]
        
      5 assertions remain after transformations (4 no_back_edge, 1 custom).
after rewriteFormula
after sanityCheckFormula

      Running SMT solver (STP with MiniSat) ...