runJobCommand
arguents: child
arguents: job
arguents: mode
Careful, HavocLimit is not zero. Call Abstraction is activated
handleJobInSeparateProcess0

Checking job 133 ...about to run job:
preconNumber: 0, 0

  Running Model Checker with 1 checks ...try
try ready

    SMTSolver : stp
    CallStackBound : 0
    StopEncodingAfterCheckLoop : 0
    LoopUnrollBound : 1
    HavocLimit : 1
    PreconditionNumber : 0
    PreconditionLocation : jobs/133
    TimeOut : 300
    InitializedGlobals : false
    IgnoreMissingFunctions : true
    StopEncodingAfterCheck : false
    OverApproxVaArgs : false
    PreconditionCheckMemory : false
    PreconditionOnlyArguments : trueI [0] lib/ModelChecker/Verifier.cpp:247 | EntryPoint : ahrs_main
m_checker->run()

    Performing bounded model checking ...
      Unrolling loop in function "ahrs_main" for 1 iterations succeeded.
      Transformed "ahrs_main" from 18 to 34 basic blocks and from 202 to 273 instructions
      Performing pre-transformations on LLVM IR ...        0 sec [DONE]
        
      Performing logical encoding ...Current: ahrs_main Havoced: mat_creat
Current: ahrs_main Havoced: mat_creat
Current: ahrs_main Havoced: mat_creat
Current: ahrs_main Havoced: mat_creat
Current: ahrs_main Havoced: mat_creat
Current: ahrs_main Havoced: mat_creat
Current: ahrs_main Havoced: mat_creat
Current: ahrs_main Havoced: mat_creat
Current: ahrs_main Havoced: mat_creat
Current: ahrs_main Havoced: mat_creat
Current: ahrs_main Havoced: mat_creat
Current: ahrs_main Havoced: mat_creat
Current: ahrs_main Havoced: mat_creat
Current: ahrs_main Havoced: mat_creat
Current: ahrs_main Havoced: mat_creat
Current: ahrs_main Havoced: mat_creat
Current: ahrs_main Havoced: AHRS_Algorithm
Current: ahrs_main Havoced: snap_time_interval
Current: ahrs_main Havoced: control_uav
Current: ahrs_main Havoced: AHRS_Algorithm
Current: ahrs_main Havoced: snap_time_interval
Current: ahrs_main Havoced: control_uav
                      0 sec [DONE]
        Number of expressions:                          6498
        after encoding

      3 assertions before transformations (1 no_back_edge, 2 custom).

      Performing formula transformations ...
        Simplifier
          Number of rewrites                             263
        Fixed Memory Address Assigner
          Number of moved ops                              2
          Number of rewrites                             364
        Simplifier
          Number of moved ops                              0
          Number of rewrites                            2763
        Memory Model Encoder
          Number of moved ops                              0
          Number of rewrites                               0
        Simplifier
          Number of rewrites                               6
        Simplifier
          Number of moved ops                              0
          Number of rewrites                               0
        ToASC Analyser
          Memcpy/memset found                             no
        Byte-Based Memory Creator
        Instantiation-Based ToASC Simplifier
        Simplifier
        FP Abstraction
          Number of rewrites                              21

Abstracted floating point operations.  The result might be a false positive.

        Simplifier
          Number of rewrites                               0
                                                           0 sec [DONE]
        
      3 assertions remain after transformations (1 no_back_edge, 2 custom).
after rewriteFormula
after sanityCheckFormula

      Running SMT solver (STP with MiniSat) ...            0 sec [DONE]
        
                                                           0 sec [DONE]
      after performing Check
evaluateCheckerResultsViaRefinementLoop
checker.getResult() is Trace
checkOnlyPrecon: 0, size:1
getFailingCheckFor
setStatusMarkerAccordingToFailingInstruction
BranchInst - LoopBound
trying to exclude Assertions for Failing Instruction

    Rerunning SMT solver (STP with MiniSat) ...            0 sec [DONE]
      getCheckerResultAfterUpdatingMarker
Result is NoTrace

                                                           0 sec [DONE]
    allsafe
    
                                                           0 sec [DONE]
  