runJobCommand
precondition analysis with entry:walIndexPage
arguents: child
arguents: job
arguents: mode
arguents: precondition
handleJobInSeparateProcess0

Checking job 2781 ...about to run job:
preconNumber: 5, 1

  Running Model Checker with 1 checks ...entry: walIndexPage, functionName: walIndexPageRealloc
  <badref> = call i32 @qpr.precondition.walIndexPageRealloc(%struct.Wal.139* %0, i32 %1, i32** %2)
entry: walIndexPage, functionName: walIndexPage
entry: walIndexPage, functionName: walIndexPageRealloc
try
try ready

    SMTSolver : stp
    CallStackBound : 0
    StopEncodingAfterCheckLoop : 1
    LoopUnrollBound : 1
    HavocLimit : 0
    PreconditionNumber : 5
    PreconditionLocation : jobs/2781
    TimeOut : 600
    InitializedGlobals : false
    IgnoreMissingFunctions : false
    StopEncodingAfterCheck : true
    OverApproxVaArgs : false
    PreconditionCheckMemory : false
    PreconditionOnlyArguments : trueI [0] lib/ModelChecker/Verifier.cpp:247 | EntryPoint : walIndexPage
m_checker->run()

    Performing bounded model checking ...
      Performing pre-transformations on LLVM IR ...        0 sec [DONE]
        
      Performing logical encoding ...size Alloca: 1
size Alloca: 1
TODO MKB implement precondition handling: IE
Reading in precondition at: jobs/2781/precondition_walIndexPageRealloc.txt
preconFile: jobs/2781/precondition_walIndexPageRealloc.txt
ref: [underoverapprox]name of function arguments, argValue:  
ref: [underoverapprox]name of function arguments, argValue:  
name of function arguments line
param: i32 %arg1:2147483647
---name: i32 %arg1, value: 2147483647.
integer, char or other simple types
name: i32 %arg1
assuming that there are not more then 10 arguments
nameIndex: 1
nameID: 1
argument name: arg1
value: 2147483647
###new bool cond: bool % = compare(%arg1, %i32__2147483647)
pruneOrAssert -- adding line boolCond: bool % = compare(%arg1, %i32__2147483647)
param: i32 %arg1:-1073741825
---name: i32 %arg1, value: -1073741825.
integer, char or other simple types
name: i32 %arg1
assuming that there are not more then 10 arguments
nameIndex: 1
nameID: 1
argument name: arg1
value: -1073741825
###new bool cond: bool % = compare(%arg1, %i32__3221225471)
pruneOrAssert -- adding line boolCond: bool % = compare(%arg1, %i32__3221225471)
param: i32 %arg1:-536870913
---name: i32 %arg1, value: -536870913.
integer, char or other simple types
name: i32 %arg1
assuming that there are not more then 10 arguments
nameIndex: 1
nameID: 1
argument name: arg1
value: -536870913
###new bool cond: bool % = compare(%arg1, %i32__3758096383)
pruneOrAssert -- adding line boolCond: bool % = compare(%arg1, %i32__3758096383)
param: i32 %arg1:-1073774593
---name: i32 %arg1, value: -1073774593.
integer, char or other simple types
name: i32 %arg1
assuming that there are not more then 10 arguments
nameIndex: 1
nameID: 1
argument name: arg1
value: -1073774593
###new bool cond: bool % = compare(%arg1, %i32__3221192703)
pruneOrAssert -- adding line boolCond: bool % = compare(%arg1, %i32__3221192703)
param: i32 %arg1:-1610612737
---name: i32 %arg1, value: -1610612737.
integer, char or other simple types
name: i32 %arg1
assuming that there are not more then 10 arguments
nameIndex: 1
nameID: 1
argument name: arg1
value: -1610612737
###new bool cond: bool % = compare(%arg1, %i32__2684354559)
pruneOrAssert -- adding line boolCond: bool % = compare(%arg1, %i32__2684354559)
Writing precondition type at: jobs/2781/precondition_type_walIndexPage.txt

Type of Precondition:
[underoverapprox]
precondition found, end encoding
                      0 sec [DONE]
        Number of expressions:                        155069
        after encoding

      5 assertions before transformations (5 custom).

      Performing formula transformations ...
        Simplifier
          Number of rewrites                            3358
        Fixed Memory Address Assigner
          Number of moved ops                              2
          Number of rewrites                            5210
        Simplifier
          Number of moved ops                              2
          Number of rewrites                          142987
        Memory Model Encoder
          Number of moved ops                              0
          Number of rewrites                               0
        Simplifier
          Number of rewrites                               0
        Simplifier
          Number of rewrites                           69268
        ToASC Analyser
          Memcpy/memset found                             no
        Byte-Based Memory Creator
        Instantiation-Based ToASC Simplifier
        Simplifier
        FP Abstraction
          Number of rewrites                              44

Abstracted floating point operations.  The result might be a false positive.

        Simplifier
          Number of moved ops                              0
          Number of rewrites                               0
                                                           0 sec [DONE]
        
      5 assertions remain after transformations (5 custom).
after rewriteFormula
after sanityCheckFormula

      Running SMT solver (STP with MiniSat) ...%arg1:-1073774593; 
i32 %arg1:-1610612737; 

                                                           1 sec [DONE]
    allunsafe
    
                                                           1 sec [DONE]
  