runJobCommand
arguents: child
arguents: job
arguents: mode
Careful, HavocLimit is not zero. Call Abstraction is activated
handleJobInSeparateProcess0

Checking job 7407 ...about to run job:
preconNumber: 0, 0

  Running Model Checker with 1 checks ...try
try ready

    SMTSolver : stp
    CallStackBound : 0
    StopEncodingAfterCheckLoop : 0
    LoopUnrollBound : 1
    HavocLimit : 1
    PreconditionNumber : 0
    PreconditionLocation : jobs/7407
    TimeOut : 600
    InitializedGlobals : false
    IgnoreMissingFunctions : false
    StopEncodingAfterCheck : false
    OverApproxVaArgs : false
    PreconditionCheckMemory : false
    PreconditionOnlyArguments : trueI [0] lib/ModelChecker/Verifier.cpp:247 | EntryPoint : sqlite3WhereCodeOneLoopStart
m_checker->run()

    Performing bounded model checking ...
      Unrolling loop in function "sqlite3WhereCodeOneLoopStart" for 1 iterations succeeded.
      Unrolling loop in function "sqlite3WhereCodeOneLoopStart" for 1 iterations succeeded.
      Unrolling loop in function "sqlite3WhereCodeOneLoopStart" for 1 iterations succeeded.
      Unrolling loop in function "sqlite3WhereCodeOneLoopStart" for 1 iterations succeeded.
      Unrolling loop in function "sqlite3WhereCodeOneLoopStart" for 1 iterations succeeded.
      Unrolling loop in function "sqlite3WhereCodeOneLoopStart" for 1 iterations succeeded.
      Unrolling loop in function "sqlite3WhereCodeOneLoopStart" for 1 iterations succeeded.
      Unrolling loop in function "sqlite3WhereCodeOneLoopStart" for 1 iterations succeeded.
      Unrolling loop in function "sqlite3WhereCodeOneLoopStart" for 1 iterations succeeded.
      Unrolling loop in function "sqlite3WhereCodeOneLoopStart" for 1 iterations succeeded.
      Unrolling loop in function "sqlite3WhereCodeOneLoopStart" for 1 iterations succeeded.
      Unrolling loop in function "sqlite3WhereCodeOneLoopStart" for 1 iterations succeeded.
      Transformed "sqlite3WhereCodeOneLoopStart" from 357 to 372 basic blocks and from 2566 to 2641 instructions
      Performing pre-transformations on LLVM IR ...        0 sec [DONE]
        
      Performing logical encoding ...Current: sqlite3WhereCodeOneLoopStart Havoced: sqlite3WhereGetMask
Current: sqlite3WhereCodeOneLoopStart Havoced: sqlite3VdbeMakeLabel
Current: sqlite3WhereCodeOneLoopStart Havoced: sqlite3VdbeMakeLabel
Current: sqlite3WhereCodeOneLoopStart Havoced: sqlite3VdbeAddOp2
Current: sqlite3WhereCodeOneLoopStart Havoced: sqlite3VdbeAddOp2
Current: sqlite3WhereCodeOneLoopStart Havoced: sqlite3VdbeMakeLabel
Current: sqlite3WhereCodeOneLoopStart Havoced: sqlite3DbMallocRaw
isMemcpy:   call void @llvm.memcpy.p0i8.p0i8.i64(i8* %924, i8* %925, i64 112, i32 8, i1 false), !dbg !6986
isMemcpy:   call void @llvm.memcpy.p0i8.p0i8.i64(i8* %935, i8* %942, i64 112, i32 8, i1 false), !dbg !7001
Current: sqlite3WhereCodeOneLoopStart Havoced: sqlite3PrimaryKeyIndex
Current: sqlite3WhereCodeOneLoopStart Havoced: sqlite3VdbeAddOp2
Current: sqlite3WhereCodeOneLoopStart Havoced: sqlite3VdbeSetP4KeyInfo
Current: sqlite3WhereCodeOneLoopStart Havoced: sqlite3VdbeAddOp2
Current: sqlite3WhereCodeOneLoopStart Havoced: sqlite3VdbeAddOp2
Current: sqlite3WhereCodeOneLoopStart Havoced: sqlite3ExprDup
Current: sqlite3WhereCodeOneLoopStart Havoced: sqlite3ExprAnd
Current: sqlite3WhereCodeOneLoopStart Havoced: sqlite3PExpr
Current: sqlite3WhereCodeOneLoopStart Havoced: sqlite3VdbeExplain
Current: sqlite3WhereCodeOneLoopStart Havoced: sqlite3ExprDup
Current: sqlite3WhereCodeOneLoopStart Havoced: sqlite3VdbeExplain
Current: sqlite3WhereCodeOneLoopStart Havoced: sqlite3WhereBegin
Current: sqlite3WhereCodeOneLoopStart Havoced: sqlite3WhereExplainOneScan
Current: sqlite3WhereCodeOneLoopStart Havoced: sqlite3PrimaryKeyIndex
Current: sqlite3WhereCodeOneLoopStart Havoced: sqlite3GetTempRange
Current: sqlite3WhereCodeOneLoopStart Havoced: sqlite3ExprCodeGetColumnOfTable
Current: sqlite3WhereCodeOneLoopStart Havoced: sqlite3VdbeAddOp4Int
Current: sqlite3WhereCodeOneLoopStart Havoced: sqlite3VdbeAddOp3
Current: sqlite3WhereCodeOneLoopStart Havoced: sqlite3VdbeAddOp4Int
Current: sqlite3WhereCodeOneLoopStart Havoced: sqlite3VdbeChangeP5
Current: sqlite3WhereCodeOneLoopStart Havoced: sqlite3ReleaseTempRange
Current: sqlite3WhereCodeOneLoopStart Havoced: sqlite3ExprCodeGetColumnOfTable
Current: sqlite3WhereCodeOneLoopStart Havoced: sqlite3VdbeAddOp4Int
Current: sqlite3WhereCodeOneLoopStart Havoced: sqlite3VdbeAddOp2
Current: sqlite3WhereCodeOneLoopStart Havoced: sqlite3VdbeJumpHere
Current: sqlite3WhereCodeOneLoopStart Havoced: sqlite3WhereUsesDeferredSeek
Current: sqlite3WhereCodeOneLoopStart Havoced: sqlite3WhereEnd
Current: sqlite3WhereCodeOneLoopStart Havoced: sqlite3VdbeExplainPop
Current: sqlite3WhereCodeOneLoopStart Havoced: sqlite3ExprDelete
Current: sqlite3WhereCodeOneLoopStart Havoced: sqlite3ExprDelete
Current: sqlite3WhereCodeOneLoopStart Havoced: sqlite3VdbeExplainPop
Current: sqlite3WhereCodeOneLoopStart Havoced: sqlite3ExprDelete
Current: sqlite3WhereCodeOneLoopStart Havoced: sqlite3VdbeCurrentAddr
Current: sqlite3WhereCodeOneLoopStart Havoced: sqlite3VdbeChangeP1
Current: sqlite3WhereCodeOneLoopStart Havoced: sqlite3VdbeGoto
Current: sqlite3WhereCodeOneLoopStart Havoced: sqlite3VdbeResolveLabel
Current: sqlite3WhereCodeOneLoopStart Havoced: sqlite3DbFree
Current: sqlite3WhereCodeOneLoopStart Havoced: disableTerm
Current: sqlite3WhereCodeOneLoopStart Havoced: sqlite3VdbeAddOp2
Current: sqlite3WhereCodeOneLoopStart Havoced: sqlite3VdbeCurrentAddr
Current: sqlite3WhereCodeOneLoopStart Havoced: sqlite3VdbeAddOp2
Current: sqlite3WhereCodeOneLoopStart Havoced: sqlite3VdbeMakeLabel
Current: sqlite3WhereCodeOneLoopStart Havoced: sqlite3VdbeAddOp1
Current: sqlite3WhereCodeOneLoopStart Havoced: codeAllEqualityTerms
Current: sqlite3WhereCodeOneLoopStart Havoced: sqlite3DbStrDup
Current: sqlite3WhereCodeOneLoopStart Havoced: sqlite3VdbeAddOp2
Current: sqlite3WhereCodeOneLoopStart Havoced: sqlite3VdbeAddOp2
Current: sqlite3WhereCodeOneLoopStart Havoced: codeExprOrVector
Current: sqlite3WhereCodeOneLoopStart Havoced: whereLikeOptimizationStringFixup
Current: sqlite3WhereCodeOneLoopStart Havoced: sqlite3ExprCanBeNull
Current: sqlite3WhereCodeOneLoopStart Havoced: sqlite3VdbeAddOp2
Current: sqlite3WhereCodeOneLoopStart Havoced: updateRangeAffinityStr
Current: sqlite3WhereCodeOneLoopStart Havoced: sqlite3ExprIsVector
Current: sqlite3WhereCodeOneLoopStart Havoced: disableTerm
Current: sqlite3WhereCodeOneLoopStart Havoced: codeApplyAffinity
Current: sqlite3WhereCodeOneLoopStart Havoced: sqlite3VdbeAddOp2
Current: sqlite3WhereCodeOneLoopStart Havoced: sqlite3VdbeAddOp1
Current: sqlite3WhereCodeOneLoopStart Havoced: sqlite3VdbeAddOp4Int
Current: sqlite3WhereCodeOneLoopStart Havoced: sqlite3VdbeCurrentAddr
Current: sqlite3WhereCodeOneLoopStart Havoced: sqlite3VdbeAddOp2
Current: sqlite3WhereCodeOneLoopStart Havoced: sqlite3VdbeAddOp4Int
Current: sqlite3WhereCodeOneLoopStart Havoced: sqlite3VdbeAddOp2
Current: sqlite3WhereCodeOneLoopStart Havoced: codeExprOrVector
Current: sqlite3WhereCodeOneLoopStart Havoced: whereLikeOptimizationStringFixup
Current: sqlite3WhereCodeOneLoopStart Havoced: sqlite3ExprCanBeNull
Current: sqlite3WhereCodeOneLoopStart Havoced: sqlite3VdbeAddOp2
Current: sqlite3WhereCodeOneLoopStart Havoced: updateRangeAffinityStr
Current: sqlite3WhereCodeOneLoopStart Havoced: codeApplyAffinity
Current: sqlite3WhereCodeOneLoopStart Havoced: sqlite3ExprIsVector
Current: sqlite3WhereCodeOneLoopStart Havoced: disableTerm
Current: sqlite3WhereCodeOneLoopStart Havoced: sqlite3DbFree
Current: sqlite3WhereCodeOneLoopStart Havoced: sqlite3DbFree
Current: sqlite3WhereCodeOneLoopStart Havoced: sqlite3VdbeCurrentAddr
Current: sqlite3WhereCodeOneLoopStart Havoced: sqlite3VdbeCurrentAddr
Current: sqlite3WhereCodeOneLoopStart Havoced: sqlite3VdbeAddOp2
Current: sqlite3WhereCodeOneLoopStart Havoced: sqlite3VdbeAddOp4Int
Current: sqlite3WhereCodeOneLoopStart Havoced: sqlite3VdbeJumpHere
Current: sqlite3WhereCodeOneLoopStart Havoced: sqlite3VdbeCurrentAddr
Current: sqlite3WhereCodeOneLoopStart Havoced: sqlite3VdbeAddOp2
Current: sqlite3WhereCodeOneLoopStart Havoced: sqlite3VdbeAddOp4Int
Current: sqlite3WhereCodeOneLoopStart Havoced: sqlite3VdbeAddOp3
Current: sqlite3WhereCodeOneLoopStart Havoced: sqlite3PrimaryKeyIndex
Current: sqlite3WhereCodeOneLoopStart Havoced: sqlite3GetTempRange
Current: sqlite3WhereCodeOneLoopStart Havoced: sqlite3TableColumnToIndex
Current: sqlite3WhereCodeOneLoopStart Havoced: sqlite3VdbeAddOp3
Current: sqlite3WhereCodeOneLoopStart Havoced: sqlite3VdbeAddOp4Int
Current: sqlite3WhereCodeOneLoopStart Havoced: codeDeferredSeek
Current: sqlite3WhereCodeOneLoopStart Havoced: whereIndexExprTrans
Current: sqlite3WhereCodeOneLoopStart Havoced: whereApplyPartialIndexConstraints
Current: sqlite3WhereCodeOneLoopStart Havoced: sqlite3VdbeAddOp2
Current: sqlite3WhereCodeOneLoopStart Havoced: sqlite3ExprIsVector
Current: sqlite3WhereCodeOneLoopStart Havoced: sqlite3ExprCodeTemp
Current: sqlite3WhereCodeOneLoopStart Havoced: disableTerm
Current: sqlite3WhereCodeOneLoopStart Havoced: sqlite3GetTempReg
Current: sqlite3WhereCodeOneLoopStart Havoced: codeExprOrVector
Current: sqlite3WhereCodeOneLoopStart Havoced: sqlite3VdbeAddOp3
Current: sqlite3WhereCodeOneLoopStart Havoced: sqlite3ReleaseTempReg
Current: sqlite3WhereCodeOneLoopStart Havoced: codeExprOrVector
Current: sqlite3WhereCodeOneLoopStart Havoced: sqlite3ExprIsVector
Current: sqlite3WhereCodeOneLoopStart Havoced: sqlite3ExprIsVector
Current: sqlite3WhereCodeOneLoopStart Havoced: disableTerm
Current: sqlite3WhereCodeOneLoopStart Havoced: sqlite3VdbeCurrentAddr
Current: sqlite3WhereCodeOneLoopStart Havoced: sqlite3VdbeAddOp2
Current: sqlite3WhereCodeOneLoopStart Havoced: sqlite3VdbeAddOp3
Current: sqlite3WhereCodeOneLoopStart Havoced: sqlite3VdbeChangeP5
Current: sqlite3WhereCodeOneLoopStart Havoced: codeEqualityTerm
Current: sqlite3WhereCodeOneLoopStart Havoced: sqlite3ReleaseTempReg
Current: sqlite3WhereCodeOneLoopStart Havoced: sqlite3VdbeAddOp3
Current: sqlite3WhereCodeOneLoopStart Havoced: sqlite3GetTempRange
Current: sqlite3WhereCodeOneLoopStart Havoced: codeExprOrVector
Current: sqlite3WhereCodeOneLoopStart Havoced: codeEqualityTerm
Current: sqlite3WhereCodeOneLoopStart Havoced: sqlite3VdbeAddOp2
Current: sqlite3WhereCodeOneLoopStart Havoced: sqlite3VdbeAddOp2
Current: sqlite3WhereCodeOneLoopStart Havoced: sqlite3VdbeAddOp4
Current: sqlite3WhereCodeOneLoopStart Havoced: sqlite3VdbeCurrentAddr
Current: sqlite3WhereCodeOneLoopStart Havoced: sqlite3ExprVectorSize
Current: sqlite3WhereCodeOneLoopStart Havoced: sqlite3VdbeGetOp
Current: sqlite3WhereCodeOneLoopStart Havoced: sqlite3VdbeAddOp3
Current: sqlite3WhereCodeOneLoopStart Havoced: sqlite3PExpr
Current: sqlite3WhereCodeOneLoopStart Havoced: sqlite3Expr
Current: sqlite3WhereCodeOneLoopStart Havoced: sqlite3ExprIfFalse
Current: sqlite3WhereCodeOneLoopStart Havoced: sqlite3ExprDelete
Current: sqlite3WhereCodeOneLoopStart Havoced: disableTerm
Current: sqlite3WhereCodeOneLoopStart Havoced: sqlite3VdbeAddOp3
Current: sqlite3WhereCodeOneLoopStart Havoced: sqlite3VdbeAddOp2
Current: sqlite3WhereCodeOneLoopStart Havoced: sqlite3ExprCoveredByIndex
Current: sqlite3WhereCodeOneLoopStart Havoced: sqlite3VdbeAddOp1
Current: sqlite3WhereCodeOneLoopStart Havoced: sqlite3ExprIfFalse
Current: sqlite3WhereCodeOneLoopStart Havoced: sqlite3VdbeJumpHere
Current: sqlite3WhereCodeOneLoopStart Havoced: sqlite3WhereFindTerm
isMemcpy:   call void @llvm.memcpy.p0i8.p0i8.i64(i8* %1341, i8* %1342, i64 72, i32 8, i1 false), !dbg !7526
Current: sqlite3WhereCodeOneLoopStart Havoced: sqlite3ExprIfFalse
Current: sqlite3WhereCodeOneLoopStart Havoced: sqlite3VdbeCurrentAddr
Current: sqlite3WhereCodeOneLoopStart Havoced: sqlite3VdbeAddOp2
Current: sqlite3WhereCodeOneLoopStart Havoced: sqlite3ExprIfFalse
                      0 sec [DONE]
        Number of expressions:                        159282
        after encoding

      13 assertions before transformations (12 no_back_edge, 1 custom).

      Performing formula transformations ...
        Simplifier
          Number of rewrites                            5560
        Fixed Memory Address Assigner
          Number of moved ops                              0
          Number of rewrites                            5208
        Simplifier
          Number of moved ops                              0
          Number of rewrites                           72878
        Memory Model Encoder
          Number of moved ops                              0rewriteAllocaOprewriteStackAddressOp
rewriteAllocaOprewriteStackAddressOp
rewriteAllocaOprewriteStackAddressOp

          Number of rewrites                               3
        Simplifier
          Number of moved ops                              0
          Number of rewrites                              10
        Simplifier
          Number of moved ops                              0
          Number of rewrites                             222
        ToASC Analyser
          Memcpy/memset found                             no
        Byte-Based Memory Creator
        Instantiation-Based ToASC Simplifier
        Simplifier
        FP Abstraction
          Number of rewrites                              44

Abstracted floating point operations.  The result might be a false positive.

        Simplifier
          Number of moved ops                              0
          Number of rewrites                               0
                                                           0 sec [DONE]
        
      13 assertions remain after transformations (12 no_back_edge, 1 custom).
after rewriteFormula
after sanityCheckFormula

      Running SMT solver (STP with MiniSat) ...