runJobCommand
arguents: child
arguents: job
arguents: mode
handleJobInSeparateProcess0

Checking job 233 ...about to run job:
preconNumber: 0, 0

  Running Model Checker with 3 checks ...try
try ready

    SMTSolver : stp
    CallStackBound : 0
    StopEncodingAfterCheckLoop : 0
    LoopUnrollBound : 1
    HavocLimit : 0
    PreconditionNumber : 0
    PreconditionLocation : jobs/233
    TimeOut : 600
    InitializedGlobals : false
    IgnoreMissingFunctions : false
    StopEncodingAfterCheck : false
    OverApproxVaArgs : false
    PreconditionCheckMemory : false
    PreconditionOnlyArguments : trueI [0] lib/ModelChecker/Verifier.cpp:247 | EntryPoint : estimateIndexWidth
m_checker->run()

    Performing bounded model checking ...
      Unrolling loop in function "estimateIndexWidth" for 1 iterations succeeded.
      Transformed "estimateIndexWidth" from 8 to 9 basic blocks and from 67 to 76 instructions
      Performing pre-transformations on LLVM IR ...        0 sec [DONE]
        
      Performing logical encoding ...
        Unrolling loop in function "sqlite3LogEst" for 1 iterations succeeded.
        Unrolling loop in function "sqlite3LogEst" for 1 iterations succeeded.
        Unrolling loop in function "sqlite3LogEst" for 1 iterations succeeded.
        Transformed "sqlite3LogEst" from 16 to 19 basic blocks and from 91 to 118 instructions
                                                           0 sec [DONE]
        Number of expressions:                        155331
        after encoding

      7 assertions before transformations (4 no_back_edge, 3 custom).

      Performing formula transformations ...
        Simplifier
          Number of rewrites                            3558
        Fixed Memory Address Assigner
          Number of moved ops                              0
          Number of rewrites                            5208
        Simplifier
          Number of moved ops                              0
          Number of rewrites                           72617
        Memory Model Encoder
          Number of moved ops                              1
          Number of rewrites                               0
        Simplifier
          Number of rewrites                               1
        Simplifier
          Number of moved ops                              0
          Number of rewrites                             142
        ToASC Analyser
          Memcpy/memset found                             no
        Byte-Based Memory Creator
        Instantiation-Based ToASC Simplifier
        Simplifier
        FP Abstraction
          Number of rewrites                              44

Abstracted floating point operations.  The result might be a false positive.

        Simplifier
          Number of moved ops                              0
          Number of rewrites                               0
                                                           0 sec [DONE]
        
      7 assertions remain after transformations (4 no_back_edge, 3 custom).
after rewriteFormula
after sanityCheckFormula

      Running SMT solver (STP with MiniSat) ...