runJobCommand
arguents: child
arguents: job
arguents: mode
Careful, HavocLimit is not zero. Call Abstraction is activated
handleJobInSeparateProcess0

Checking job 8034 ...about to run job:
preconNumber: 0, 0

  Running Model Checker with 1 checks ...try
try ready

    SMTSolver : stp
    CallStackBound : 0
    StopEncodingAfterCheckLoop : 0
    LoopUnrollBound : 1
    HavocLimit : 2
    PreconditionNumber : 0
    PreconditionLocation : jobs/8034
    TimeOut : 600
    InitializedGlobals : false
    IgnoreMissingFunctions : false
    StopEncodingAfterCheck : false
    OverApproxVaArgs : false
    PreconditionCheckMemory : false
    PreconditionOnlyArguments : trueI [0] lib/ModelChecker/Verifier.cpp:247 | EntryPoint : sqlite3WindowCodeStep
m_checker->run()

    Performing bounded model checking ...
      Unrolling loop in function "sqlite3WindowCodeStep" for 1 iterations succeeded.
      Transformed "sqlite3WindowCodeStep" from 106 to 111 basic blocks and from 832 to 842 instructions
      Performing pre-transformations on LLVM IR ...        0 sec [DONE]
        
      Performing logical encoding ...Current: sqlite3GetVdbe Havoced: sqlite3VdbeCreate
isMemset:   call void @llvm.memset.p0i8.i64(i8* %22, i8 0, i64 72, i32 8, i1 false), !dbg !5757

        Unrolling loop in function "windowCacheFrame" for 1 iterations succeeded.
        Transformed "windowCacheFrame" from 13 to 14 basic blocks and from 43 to 46 instructionsCurrent: windowExprGtZero Havoced: sqlite3ValueFromExpr
Current: windowExprGtZero Havoced: sqlite3_value_int
Current: windowExprGtZero Havoced: sqlite3ValueFree
Current: windowExprGtZero Havoced: sqlite3ValueFromExpr
Current: windowExprGtZero Havoced: sqlite3_value_int
Current: windowExprGtZero Havoced: sqlite3ValueFree
Current: sqlite3VdbeAddOp3 Havoced: growOp3
Current: sqlite3VdbeAddOp3 Havoced: growOp3

        Unrolling loop in function "sqlite3KeyInfoFromExprList" for 1 iterations succeeded.
        Transformed "sqlite3KeyInfoFromExprList" from 7 to 8 basic blocks and from 68 to 72 instructionsCurrent: sqlite3KeyInfoFromExprList Havoced: sqlite3KeyInfoAlloc
Current: sqlite3KeyInfoFromExprList Havoced: sqlite3ExprNNCollSeq
Current: sqlite3VdbeAddOp3 Havoced: growOp3
Current: sqlite3VdbeAppendP4 Havoced: freeP4
Current: sqlite3VdbeAddOp3 Havoced: growOp3
Current: sqlite3VdbeAddOp1 Havoced: sqlite3VdbeAddOp3
Current: sqlite3VdbeAddOp3 Havoced: growOp3
Current: sqlite3VdbeAddOp2 Havoced: sqlite3VdbeAddOp3
Current: sqlite3VdbeAddOp3 Havoced: growOp3
Current: sqlite3VdbeAddOp3 Havoced: growOp3

        Unrolling loop in function "windowInitAccum" for 1 iterations succeeded.
        Transformed "windowInitAccum" from 16 to 17 basic blocks and from 92 to 98 instructionsCurrent: windowInitAccum Havoced: sqlite3GetVdbe
Current: windowInitAccum Havoced: sqlite3VdbeAddOp2
Current: windowInitAccum Havoced: windowArgCount
Current: windowInitAccum Havoced: windowArgCount
Current: windowInitAccum Havoced: sqlite3VdbeAddOp2
Current: windowInitAccum Havoced: sqlite3VdbeAddOp2
Current: windowInitAccum Havoced: sqlite3VdbeAddOp1
Current: windowInitAccum Havoced: sqlite3VdbeAddOp2
Current: sqlite3ExprCode Havoced: sqlite3ExprCodeTarget
Current: sqlite3ExprCode Havoced: sqlite3VdbeAddOp2
Current: windowCheckValue Havoced: sqlite3GetVdbe
Current: windowCheckValue Havoced: sqlite3GetTempReg
Current: windowCheckValue Havoced: sqlite3VdbeAddOp2
Current: windowCheckValue Havoced: sqlite3VdbeCurrentAddr
Current: windowCheckValue Havoced: sqlite3VdbeAddOp2
Current: windowCheckValue Havoced: sqlite3GetTempReg
Current: windowCheckValue Havoced: sqlite3VdbeAddOp4
Current: windowCheckValue Havoced: sqlite3VdbeCurrentAddr
Current: windowCheckValue Havoced: sqlite3VdbeAddOp3
Current: windowCheckValue Havoced: sqlite3VdbeChangeP5
Current: windowCheckValue Havoced: sqlite3VdbeCurrentAddr
Current: windowCheckValue Havoced: sqlite3VdbeAddOp3
Current: windowCheckValue Havoced: sqlite3VdbeChangeP5
Current: windowCheckValue Havoced: sqlite3MayAbort
Current: windowCheckValue Havoced: sqlite3VdbeAddOp2
Current: windowCheckValue Havoced: sqlite3VdbeAppendP4
Current: windowCheckValue Havoced: sqlite3ReleaseTempReg
Current: sqlite3ExprCode Havoced: sqlite3ExprCodeTarget
Current: sqlite3ExprCode Havoced: sqlite3VdbeAddOp2
Current: windowCheckValue Havoced: sqlite3GetVdbe
Current: windowCheckValue Havoced: sqlite3GetTempReg
Current: windowCheckValue Havoced: sqlite3VdbeAddOp2
Current: windowCheckValue Havoced: sqlite3VdbeCurrentAddr
Current: windowCheckValue Havoced: sqlite3VdbeAddOp2
Current: windowCheckValue Havoced: sqlite3GetTempReg
Current: windowCheckValue Havoced: sqlite3VdbeAddOp4
Current: windowCheckValue Havoced: sqlite3VdbeCurrentAddr
Current: windowCheckValue Havoced: sqlite3VdbeAddOp3
Current: windowCheckValue Havoced: sqlite3VdbeChangeP5
Current: windowCheckValue Havoced: sqlite3VdbeCurrentAddr
Current: windowCheckValue Havoced: sqlite3VdbeAddOp3
Current: windowCheckValue Havoced: sqlite3VdbeChangeP5
Current: windowCheckValue Havoced: sqlite3MayAbort
Current: windowCheckValue Havoced: sqlite3VdbeAddOp2
Current: windowCheckValue Havoced: sqlite3VdbeAppendP4
Current: windowCheckValue Havoced: sqlite3ReleaseTempReg
Current: sqlite3VdbeAddOp3 Havoced: growOp3

        Unrolling loop in function "windowAggFinal" for 1 iterations succeeded.
        Transformed "windowAggFinal" from 16 to 17 basic blocks and from 102 to 105 instructionsCurrent: windowAggFinal Havoced: sqlite3GetVdbe
Current: windowAggFinal Havoced: windowArgCount
Current: windowAggFinal Havoced: sqlite3VdbeAddOp3
Current: windowAggFinal Havoced: sqlite3VdbeAppendP4
Current: windowAggFinal Havoced: sqlite3VdbeAddOp2
Current: windowAggFinal Havoced: sqlite3VdbeAppendP4
Current: windowAggFinal Havoced: sqlite3VdbeAddOp2
Current: windowAggFinal Havoced: sqlite3VdbeAddOp2
Current: windowAggFinal Havoced: sqlite3VdbeAddOp2
Current: windowAggFinal Havoced: sqlite3VdbeAddOp1
Current: windowAggFinal Havoced: sqlite3VdbeAddOp3
Current: windowAggFinal Havoced: sqlite3VdbeCurrentAddr
Current: windowAggFinal Havoced: sqlite3VdbeJumpHere
Current: sqlite3VdbeAddOp2 Havoced: sqlite3VdbeAddOp3

        Unrolling loop in function "windowReturnOneRow" for 1 iterations succeeded.
        Transformed "windowReturnOneRow" from 24 to 25 basic blocks and from 180 to 183 instructionsCurrent: windowReturnOneRow Havoced: sqlite3VdbeMakeLabel
Current: windowReturnOneRow Havoced: sqlite3GetTempReg
Current: windowReturnOneRow Havoced: sqlite3VdbeAddOp3
Current: windowReturnOneRow Havoced: sqlite3VdbeAddOp2
Current: windowReturnOneRow Havoced: sqlite3VdbeAddOp2
Current: windowReturnOneRow Havoced: sqlite3GetTempReg
Current: windowReturnOneRow Havoced: sqlite3VdbeAddOp3
Current: windowReturnOneRow Havoced: sqlite3VdbeAddOp3
Current: windowReturnOneRow Havoced: sqlite3ReleaseTempReg
Current: windowReturnOneRow Havoced: sqlite3VdbeAddOp2
Current: windowReturnOneRow Havoced: sqlite3VdbeAddOp3
Current: windowReturnOneRow Havoced: sqlite3VdbeAddOp3
Current: windowReturnOneRow Havoced: sqlite3VdbeResolveLabel
Current: windowReturnOneRow Havoced: sqlite3ReleaseTempReg
Current: windowReturnOneRow Havoced: sqlite3VdbeMakeLabel
Current: windowReturnOneRow Havoced: sqlite3GetTempReg
Current: windowReturnOneRow Havoced: sqlite3VdbeAddOp2
Current: windowReturnOneRow Havoced: sqlite3VdbeAddOp2
Current: windowReturnOneRow Havoced: sqlite3VdbeAddOp3
Current: windowReturnOneRow Havoced: windowCheckValue
Current: windowReturnOneRow Havoced: sqlite3VdbeAddOp3
Current: windowReturnOneRow Havoced: sqlite3VdbeAddOp3
Current: windowReturnOneRow Havoced: sqlite3VdbeAddOp3
Current: windowReturnOneRow Havoced: sqlite3VdbeAddOp3
Current: windowReturnOneRow Havoced: sqlite3VdbeResolveLabel
Current: windowReturnOneRow Havoced: sqlite3ReleaseTempReg
Current: windowReturnOneRow Havoced: windowFullScan
Current: windowReturnOneRow Havoced: sqlite3VdbeAddOp2
Current: sqlite3VdbeAddOp1 Havoced: sqlite3VdbeAddOp3
Current: sqlite3VdbeAddOp2 Havoced: sqlite3VdbeAddOp3
Current: sqlite3VdbeJumpHere Havoced: sqlite3VdbeChangeP2
Current: sqlite3VdbeAddOp3 Havoced: growOp3
Current: sqlite3VdbeAddOp2 Havoced: sqlite3VdbeAddOp3
Current: sqlite3VdbeAddOp2 Havoced: sqlite3VdbeAddOp3
Current: sqlite3VdbeAddOp2 Havoced: sqlite3VdbeAddOp3
Current: sqlite3VdbeAddOp3 Havoced: growOp3
Current: sqlite3VdbeAddOp3 Havoced: growOp3
Current: sqlite3VdbeAddOp3 Havoced: growOp3
Current: sqlite3VdbeAddOp3 Havoced: growOp3
Current: sqlite3VdbeAddOp2 Havoced: sqlite3VdbeAddOp3
Current: sqlite3VdbeJumpHere Havoced: sqlite3VdbeChangeP2
Current: windowIfNewPeer Havoced: sqlite3GetVdbe
Current: windowIfNewPeer Havoced: sqlite3VdbeAddOp2
Current: windowIfNewPeer Havoced: sqlite3KeyInfoFromExprList
Current: windowIfNewPeer Havoced: sqlite3VdbeAddOp3
Current: windowIfNewPeer Havoced: sqlite3VdbeAppendP4
Current: windowIfNewPeer Havoced: sqlite3VdbeCurrentAddr
Current: windowIfNewPeer Havoced: sqlite3VdbeCurrentAddr
Current: windowIfNewPeer Havoced: sqlite3VdbeAddOp3
Current: windowIfNewPeer Havoced: sqlite3VdbeAddOp3

        Transformed "windowCodeOp" from 55 to 59 basic blocks and from 285 to 292 instructionsCurrent: windowCodeOp Havoced: sqlite3VdbeMakeLabel
Current: windowCodeOp Havoced: sqlite3VdbeAddOp3
Current: windowCodeOp Havoced: sqlite3VdbeCurrentAddr
Current: windowCodeOp Havoced: windowCodeRangeTest
Current: windowCodeOp Havoced: windowCodeRangeTest
Current: windowCodeOp Havoced: windowCodeRangeTest
Current: windowCodeOp Havoced: windowAggFinal
Current: windowCodeOp Havoced: sqlite3VdbeCurrentAddr
Current: windowCodeOp Havoced: sqlite3GetTempReg
Current: windowCodeOp Havoced: sqlite3GetTempReg
Current: windowCodeOp Havoced: sqlite3VdbeAddOp2
Current: windowCodeOp Havoced: sqlite3VdbeAddOp3
Current: windowCodeOp Havoced: sqlite3VdbeAddOp2
Current: windowCodeOp Havoced: sqlite3VdbeAddOp2
Current: windowCodeOp Havoced: sqlite3VdbeAddOp3
Current: windowCodeOp Havoced: sqlite3ReleaseTempReg
Current: windowCodeOp Havoced: sqlite3ReleaseTempReg
Current: windowCodeOp Havoced: windowAggStep
Current: windowCodeOp Havoced: sqlite3VdbeAddOp2
Current: windowCodeOp Havoced: windowAggStep
Current: windowCodeOp Havoced: sqlite3VdbeAddOp2
Current: windowCodeOp Havoced: windowReturnOneRow
Current: windowCodeOp Havoced: sqlite3VdbeAddOp1
Current: windowCodeOp Havoced: sqlite3VdbeChangeP5
Current: windowCodeOp Havoced: sqlite3VdbeCurrentAddr
Current: windowCodeOp Havoced: sqlite3VdbeAddOp2
Current: windowCodeOp Havoced: sqlite3VdbeAddOp2
Current: windowCodeOp Havoced: sqlite3VdbeCurrentAddr
Current: windowCodeOp Havoced: sqlite3VdbeAddOp2
Current: windowCodeOp Havoced: sqlite3VdbeAddOp0
Current: windowCodeOp Havoced: sqlite3GetTempRange
Current: windowCodeOp Havoced: windowReadPeerValues
Current: windowCodeOp Havoced: windowIfNewPeer
Current: windowCodeOp Havoced: sqlite3ReleaseTempRange
Current: windowCodeOp Havoced: sqlite3VdbeAddOp2
Current: windowCodeOp Havoced: sqlite3VdbeResolveLabel
Current: sqlite3VdbeAddOp3 Havoced: growOp3
Current: windowCodeOp Havoced: sqlite3VdbeMakeLabel
Current: windowCodeOp Havoced: sqlite3VdbeAddOp3
Current: windowCodeOp Havoced: sqlite3VdbeCurrentAddr
Current: windowCodeOp Havoced: windowCodeRangeTest
Current: windowCodeOp Havoced: windowCodeRangeTest
Current: windowCodeOp Havoced: windowCodeRangeTest
Current: windowCodeOp Havoced: windowAggFinal
Current: windowCodeOp Havoced: sqlite3VdbeCurrentAddr
Current: windowCodeOp Havoced: sqlite3GetTempReg
Current: windowCodeOp Havoced: sqlite3GetTempReg
Current: windowCodeOp Havoced: sqlite3VdbeAddOp2
Current: windowCodeOp Havoced: sqlite3VdbeAddOp3
Current: windowCodeOp Havoced: sqlite3VdbeAddOp2
Current: windowCodeOp Havoced: sqlite3VdbeAddOp2
Current: windowCodeOp Havoced: sqlite3VdbeAddOp3
Current: windowCodeOp Havoced: sqlite3ReleaseTempReg
Current: windowCodeOp Havoced: sqlite3ReleaseTempReg
Current: windowCodeOp Havoced: windowAggStep
Current: windowCodeOp Havoced: sqlite3VdbeAddOp2
Current: windowCodeOp Havoced: windowAggStep
Current: windowCodeOp Havoced: sqlite3VdbeAddOp2
Current: windowCodeOp Havoced: windowReturnOneRow
Current: windowCodeOp Havoced: sqlite3VdbeAddOp1
Current: windowCodeOp Havoced: sqlite3VdbeChangeP5
Current: windowCodeOp Havoced: sqlite3VdbeCurrentAddr
Current: windowCodeOp Havoced: sqlite3VdbeAddOp2
Current: windowCodeOp Havoced: sqlite3VdbeAddOp2
Current: windowCodeOp Havoced: sqlite3VdbeCurrentAddr
Current: windowCodeOp Havoced: sqlite3VdbeAddOp2
Current: windowCodeOp Havoced: sqlite3VdbeAddOp0
Current: windowCodeOp Havoced: sqlite3GetTempRange
Current: windowCodeOp Havoced: windowReadPeerValues
Current: windowCodeOp Havoced: windowIfNewPeer
Current: windowCodeOp Havoced: sqlite3ReleaseTempRange
Current: windowCodeOp Havoced: sqlite3VdbeAddOp2
Current: windowCodeOp Havoced: sqlite3VdbeResolveLabel
Current: windowCodeOp Havoced: sqlite3VdbeMakeLabel
Current: windowCodeOp Havoced: sqlite3VdbeAddOp3
Current: windowCodeOp Havoced: sqlite3VdbeCurrentAddr
Current: windowCodeOp Havoced: windowCodeRangeTest
Current: windowCodeOp Havoced: windowCodeRangeTest
Current: windowCodeOp Havoced: windowCodeRangeTest
Current: windowCodeOp Havoced: windowAggFinal
Current: windowCodeOp Havoced: sqlite3VdbeCurrentAddr
Current: windowCodeOp Havoced: sqlite3GetTempReg
Current: windowCodeOp Havoced: sqlite3GetTempReg
Current: windowCodeOp Havoced: sqlite3VdbeAddOp2
Current: windowCodeOp Havoced: sqlite3VdbeAddOp3
Current: windowCodeOp Havoced: sqlite3VdbeAddOp2
Current: windowCodeOp Havoced: sqlite3VdbeAddOp2
Current: windowCodeOp Havoced: sqlite3VdbeAddOp3
Current: windowCodeOp Havoced: sqlite3ReleaseTempReg
Current: windowCodeOp Havoced: sqlite3ReleaseTempReg
Current: windowCodeOp Havoced: windowAggStep
Current: windowCodeOp Havoced: sqlite3VdbeAddOp2
Current: windowCodeOp Havoced: windowAggStep
Current: windowCodeOp Havoced: sqlite3VdbeAddOp2
Current: windowCodeOp Havoced: windowReturnOneRow
Current: windowCodeOp Havoced: sqlite3VdbeAddOp1
Current: windowCodeOp Havoced: sqlite3VdbeChangeP5
Current: windowCodeOp Havoced: sqlite3VdbeCurrentAddr
Current: windowCodeOp Havoced: sqlite3VdbeAddOp2
Current: windowCodeOp Havoced: sqlite3VdbeAddOp2
Current: windowCodeOp Havoced: sqlite3VdbeCurrentAddr
Current: windowCodeOp Havoced: sqlite3VdbeAddOp2
Current: windowCodeOp Havoced: sqlite3VdbeAddOp0
Current: windowCodeOp Havoced: sqlite3GetTempRange
Current: windowCodeOp Havoced: windowReadPeerValues
Current: windowCodeOp Havoced: windowIfNewPeer
Current: windowCodeOp Havoced: sqlite3ReleaseTempRange
Current: windowCodeOp Havoced: sqlite3VdbeAddOp2
Current: windowCodeOp Havoced: sqlite3VdbeResolveLabel
Current: sqlite3VdbeJumpHere Havoced: sqlite3VdbeChangeP2

        Transformed "windowCodeRangeTest" from 22 to 32 basic blocks and from 138 to 156 instructionsCurrent: windowCodeRangeTest Havoced: sqlite3GetVdbe
Current: windowCodeRangeTest Havoced: sqlite3GetTempReg
Current: windowCodeRangeTest Havoced: sqlite3GetTempReg
Current: windowCodeRangeTest Havoced: sqlite3VdbeMakeLabel
Current: windowCodeRangeTest Havoced: windowReadPeerValues
Current: windowCodeRangeTest Havoced: windowReadPeerValues
Current: windowCodeRangeTest Havoced: sqlite3VdbeAddOp1
Current: windowCodeRangeTest Havoced: sqlite3VdbeAddOp2
Current: windowCodeRangeTest Havoced: sqlite3VdbeAddOp2
Current: windowCodeRangeTest Havoced: sqlite3VdbeAddOp2
Current: windowCodeRangeTest Havoced: sqlite3VdbeAddOp2
Current: windowCodeRangeTest Havoced: sqlite3VdbeJumpHere
Current: windowCodeRangeTest Havoced: sqlite3VdbeAddOp2
Current: windowCodeRangeTest Havoced: sqlite3VdbeChangeP2
Current: windowCodeRangeTest Havoced: sqlite3VdbeAddOp4
Current: windowCodeRangeTest Havoced: sqlite3VdbeAddOp3
Current: windowCodeRangeTest Havoced: sqlite3VdbeAddOp3
Current: windowCodeRangeTest Havoced: sqlite3VdbeAddOp3
Current: windowCodeRangeTest Havoced: sqlite3VdbeJumpHere
Current: windowCodeRangeTest Havoced: sqlite3VdbeAddOp3
Current: windowCodeRangeTest Havoced: sqlite3ExprNNCollSeq
Current: windowCodeRangeTest Havoced: sqlite3VdbeAppendP4
Current: windowCodeRangeTest Havoced: sqlite3VdbeChangeP5
Current: windowCodeRangeTest Havoced: sqlite3VdbeResolveLabel
Current: windowCodeRangeTest Havoced: sqlite3ReleaseTempReg
Current: windowCodeRangeTest Havoced: sqlite3ReleaseTempReg
Current: windowCodeOp Havoced: sqlite3VdbeMakeLabel
Current: windowCodeOp Havoced: sqlite3VdbeAddOp3
Current: windowCodeOp Havoced: sqlite3VdbeCurrentAddr
Current: windowCodeOp Havoced: windowCodeRangeTest
Current: windowCodeOp Havoced: windowCodeRangeTest
Current: windowCodeOp Havoced: windowCodeRangeTest
Current: windowCodeOp Havoced: windowAggFinal
Current: windowCodeOp Havoced: sqlite3VdbeCurrentAddr
Current: windowCodeOp Havoced: sqlite3GetTempReg
Current: windowCodeOp Havoced: sqlite3GetTempReg
Current: windowCodeOp Havoced: sqlite3VdbeAddOp2
Current: windowCodeOp Havoced: sqlite3VdbeAddOp3
Current: windowCodeOp Havoced: sqlite3VdbeAddOp2
Current: windowCodeOp Havoced: sqlite3VdbeAddOp2
Current: windowCodeOp Havoced: sqlite3VdbeAddOp3
Current: windowCodeOp Havoced: sqlite3ReleaseTempReg
Current: windowCodeOp Havoced: sqlite3ReleaseTempReg
Current: windowCodeOp Havoced: windowAggStep
Current: windowCodeOp Havoced: sqlite3VdbeAddOp2
Current: windowCodeOp Havoced: windowAggStep
Current: windowCodeOp Havoced: sqlite3VdbeAddOp2
Current: windowCodeOp Havoced: windowReturnOneRow
Current: windowCodeOp Havoced: sqlite3VdbeAddOp1
Current: windowCodeOp Havoced: sqlite3VdbeChangeP5
Current: windowCodeOp Havoced: sqlite3VdbeCurrentAddr
Current: windowCodeOp Havoced: sqlite3VdbeAddOp2
Current: windowCodeOp Havoced: sqlite3VdbeAddOp2
Current: windowCodeOp Havoced: sqlite3VdbeCurrentAddr
Current: windowCodeOp Havoced: sqlite3VdbeAddOp2
Current: windowCodeOp Havoced: sqlite3VdbeAddOp0
Current: windowCodeOp Havoced: sqlite3GetTempRange
Current: windowCodeOp Havoced: windowReadPeerValues
Current: windowCodeOp Havoced: windowIfNewPeer
Current: windowCodeOp Havoced: sqlite3ReleaseTempRange
Current: windowCodeOp Havoced: sqlite3VdbeAddOp2
Current: windowCodeOp Havoced: sqlite3VdbeResolveLabel
Current: windowCodeOp Havoced: sqlite3VdbeMakeLabel
Current: windowCodeOp Havoced: sqlite3VdbeAddOp3
Current: windowCodeOp Havoced: sqlite3VdbeCurrentAddr
Current: windowCodeOp Havoced: windowCodeRangeTest
Current: windowCodeOp Havoced: windowCodeRangeTest
Current: windowCodeOp Havoced: windowCodeRangeTest
Current: windowCodeOp Havoced: windowAggFinal
Current: windowCodeOp Havoced: sqlite3VdbeCurrentAddr
Current: windowCodeOp Havoced: sqlite3GetTempReg
Current: windowCodeOp Havoced: sqlite3GetTempReg
Current: windowCodeOp Havoced: sqlite3VdbeAddOp2
Current: windowCodeOp Havoced: sqlite3VdbeAddOp3
Current: windowCodeOp Havoced: sqlite3VdbeAddOp2
Current: windowCodeOp Havoced: sqlite3VdbeAddOp2
Current: windowCodeOp Havoced: sqlite3VdbeAddOp3
Current: windowCodeOp Havoced: sqlite3ReleaseTempReg
Current: windowCodeOp Havoced: sqlite3ReleaseTempReg
Current: windowCodeOp Havoced: windowAggStep
Current: windowCodeOp Havoced: sqlite3VdbeAddOp2
Current: windowCodeOp Havoced: windowAggStep
Current: windowCodeOp Havoced: sqlite3VdbeAddOp2
Current: windowCodeOp Havoced: windowReturnOneRow
Current: windowCodeOp Havoced: sqlite3VdbeAddOp1
Current: windowCodeOp Havoced: sqlite3VdbeChangeP5
Current: windowCodeOp Havoced: sqlite3VdbeCurrentAddr
Current: windowCodeOp Havoced: sqlite3VdbeAddOp2
Current: windowCodeOp Havoced: sqlite3VdbeAddOp2
Current: windowCodeOp Havoced: sqlite3VdbeCurrentAddr
Current: windowCodeOp Havoced: sqlite3VdbeAddOp2
Current: windowCodeOp Havoced: sqlite3VdbeAddOp0
Current: windowCodeOp Havoced: sqlite3GetTempRange
Current: windowCodeOp Havoced: windowReadPeerValues
Current: windowCodeOp Havoced: windowIfNewPeer
Current: windowCodeOp Havoced: sqlite3ReleaseTempRange
Current: windowCodeOp Havoced: sqlite3VdbeAddOp2
Current: windowCodeOp Havoced: sqlite3VdbeResolveLabel
Current: sqlite3VdbeAddOp2 Havoced: sqlite3VdbeAddOp3
Current: sqlite3VdbeResolveLabel Havoced: resizeResolveLabel
Current: windowCodeOp Havoced: sqlite3VdbeMakeLabel
Current: windowCodeOp Havoced: sqlite3VdbeAddOp3
Current: windowCodeOp Havoced: sqlite3VdbeCurrentAddr
Current: windowCodeOp Havoced: windowCodeRangeTest
Current: windowCodeOp Havoced: windowCodeRangeTest
Current: windowCodeOp Havoced: windowCodeRangeTest
Current: windowCodeOp Havoced: windowAggFinal
Current: windowCodeOp Havoced: sqlite3VdbeCurrentAddr
Current: windowCodeOp Havoced: sqlite3GetTempReg
Current: windowCodeOp Havoced: sqlite3GetTempReg
Current: windowCodeOp Havoced: sqlite3VdbeAddOp2
Current: windowCodeOp Havoced: sqlite3VdbeAddOp3
Current: windowCodeOp Havoced: sqlite3VdbeAddOp2
Current: windowCodeOp Havoced: sqlite3VdbeAddOp2
Current: windowCodeOp Havoced: sqlite3VdbeAddOp3
Current: windowCodeOp Havoced: sqlite3ReleaseTempReg
Current: windowCodeOp Havoced: sqlite3ReleaseTempReg
Current: windowCodeOp Havoced: windowAggStep
Current: windowCodeOp Havoced: sqlite3VdbeAddOp2
Current: windowCodeOp Havoced: windowAggStep
Current: windowCodeOp Havoced: sqlite3VdbeAddOp2
Current: windowCodeOp Havoced: windowReturnOneRow
Current: windowCodeOp Havoced: sqlite3VdbeAddOp1
Current: windowCodeOp Havoced: sqlite3VdbeChangeP5
Current: windowCodeOp Havoced: sqlite3VdbeCurrentAddr
Current: windowCodeOp Havoced: sqlite3VdbeAddOp2
Current: windowCodeOp Havoced: sqlite3VdbeAddOp2
Current: windowCodeOp Havoced: sqlite3VdbeCurrentAddr
Current: windowCodeOp Havoced: sqlite3VdbeAddOp2
Current: windowCodeOp Havoced: sqlite3VdbeAddOp0
Current: windowCodeOp Havoced: sqlite3GetTempRange
Current: windowCodeOp Havoced: windowReadPeerValues
Current: windowCodeOp Havoced: windowIfNewPeer
Current: windowCodeOp Havoced: sqlite3ReleaseTempRange
Current: windowCodeOp Havoced: sqlite3VdbeAddOp2
Current: windowCodeOp Havoced: sqlite3VdbeResolveLabel
Current: windowCodeOp Havoced: sqlite3VdbeMakeLabel
Current: windowCodeOp Havoced: sqlite3VdbeAddOp3
Current: windowCodeOp Havoced: sqlite3VdbeCurrentAddr
Current: windowCodeOp Havoced: windowCodeRangeTest
Current: windowCodeOp Havoced: windowCodeRangeTest
Current: windowCodeOp Havoced: windowCodeRangeTest
Current: windowCodeOp Havoced: windowAggFinal
Current: windowCodeOp Havoced: sqlite3VdbeCurrentAddr
Current: windowCodeOp Havoced: sqlite3GetTempReg
Current: windowCodeOp Havoced: sqlite3GetTempReg
Current: windowCodeOp Havoced: sqlite3VdbeAddOp2
Current: windowCodeOp Havoced: sqlite3VdbeAddOp3
Current: windowCodeOp Havoced: sqlite3VdbeAddOp2
Current: windowCodeOp Havoced: sqlite3VdbeAddOp2
Current: windowCodeOp Havoced: sqlite3VdbeAddOp3
Current: windowCodeOp Havoced: sqlite3ReleaseTempReg
Current: windowCodeOp Havoced: sqlite3ReleaseTempReg
Current: windowCodeOp Havoced: windowAggStep
Current: windowCodeOp Havoced: sqlite3VdbeAddOp2
Current: windowCodeOp Havoced: windowAggStep
Current: windowCodeOp Havoced: sqlite3VdbeAddOp2
Current: windowCodeOp Havoced: windowReturnOneRow
Current: windowCodeOp Havoced: sqlite3VdbeAddOp1
Current: windowCodeOp Havoced: sqlite3VdbeChangeP5
Current: windowCodeOp Havoced: sqlite3VdbeCurrentAddr
Current: windowCodeOp Havoced: sqlite3VdbeAddOp2
Current: windowCodeOp Havoced: sqlite3VdbeAddOp2
Current: windowCodeOp Havoced: sqlite3VdbeCurrentAddr
Current: windowCodeOp Havoced: sqlite3VdbeAddOp2
Current: windowCodeOp Havoced: sqlite3VdbeAddOp0
Current: windowCodeOp Havoced: sqlite3GetTempRange
Current: windowCodeOp Havoced: windowReadPeerValues
Current: windowCodeOp Havoced: windowIfNewPeer
Current: windowCodeOp Havoced: sqlite3ReleaseTempRange
Current: windowCodeOp Havoced: sqlite3VdbeAddOp2
Current: windowCodeOp Havoced: sqlite3VdbeResolveLabel
Current: windowCodeOp Havoced: sqlite3VdbeMakeLabel
Current: windowCodeOp Havoced: sqlite3VdbeAddOp3
Current: windowCodeOp Havoced: sqlite3VdbeCurrentAddr
Current: windowCodeOp Havoced: windowCodeRangeTest
Current: windowCodeOp Havoced: windowCodeRangeTest
Current: windowCodeOp Havoced: windowCodeRangeTest
Current: windowCodeOp Havoced: windowAggFinal
Current: windowCodeOp Havoced: sqlite3VdbeCurrentAddr
Current: windowCodeOp Havoced: sqlite3GetTempReg
Current: windowCodeOp Havoced: sqlite3GetTempReg
Current: windowCodeOp Havoced: sqlite3VdbeAddOp2
Current: windowCodeOp Havoced: sqlite3VdbeAddOp3
Current: windowCodeOp Havoced: sqlite3VdbeAddOp2
Current: windowCodeOp Havoced: sqlite3VdbeAddOp2
Current: windowCodeOp Havoced: sqlite3VdbeAddOp3
Current: windowCodeOp Havoced: sqlite3ReleaseTempReg
Current: windowCodeOp Havoced: sqlite3ReleaseTempReg
Current: windowCodeOp Havoced: windowAggStep
Current: windowCodeOp Havoced: sqlite3VdbeAddOp2
Current: windowCodeOp Havoced: windowAggStep
Current: windowCodeOp Havoced: sqlite3VdbeAddOp2
Current: windowCodeOp Havoced: windowReturnOneRow
Current: windowCodeOp Havoced: sqlite3VdbeAddOp1
Current: windowCodeOp Havoced: sqlite3VdbeChangeP5
Current: windowCodeOp Havoced: sqlite3VdbeCurrentAddr
Current: windowCodeOp Havoced: sqlite3VdbeAddOp2
Current: windowCodeOp Havoced: sqlite3VdbeAddOp2
Current: windowCodeOp Havoced: sqlite3VdbeCurrentAddr
Current: windowCodeOp Havoced: sqlite3VdbeAddOp2
Current: windowCodeOp Havoced: sqlite3VdbeAddOp0
Current: windowCodeOp Havoced: sqlite3GetTempRange
Current: windowCodeOp Havoced: windowReadPeerValues
Current: windowCodeOp Havoced: windowIfNewPeer
Current: windowCodeOp Havoced: sqlite3ReleaseTempRange
Current: windowCodeOp Havoced: sqlite3VdbeAddOp2
Current: windowCodeOp Havoced: sqlite3VdbeResolveLabel
Current: windowCodeOp Havoced: sqlite3VdbeMakeLabel
Current: windowCodeOp Havoced: sqlite3VdbeAddOp3
Current: windowCodeOp Havoced: sqlite3VdbeCurrentAddr
Current: windowCodeOp Havoced: windowCodeRangeTest
Current: windowCodeOp Havoced: windowCodeRangeTest
Current: windowCodeOp Havoced: windowCodeRangeTest
Current: windowCodeOp Havoced: windowAggFinal
Current: windowCodeOp Havoced: sqlite3VdbeCurrentAddr
Current: windowCodeOp Havoced: sqlite3GetTempReg
Current: windowCodeOp Havoced: sqlite3GetTempReg
Current: windowCodeOp Havoced: sqlite3VdbeAddOp2
Current: windowCodeOp Havoced: sqlite3VdbeAddOp3
Current: windowCodeOp Havoced: sqlite3VdbeAddOp2
Current: windowCodeOp Havoced: sqlite3VdbeAddOp2
Current: windowCodeOp Havoced: sqlite3VdbeAddOp3
Current: windowCodeOp Havoced: sqlite3ReleaseTempReg
Current: windowCodeOp Havoced: sqlite3ReleaseTempReg
Current: windowCodeOp Havoced: windowAggStep
Current: windowCodeOp Havoced: sqlite3VdbeAddOp2
Current: windowCodeOp Havoced: windowAggStep
Current: windowCodeOp Havoced: sqlite3VdbeAddOp2
Current: windowCodeOp Havoced: windowReturnOneRow
Current: windowCodeOp Havoced: sqlite3VdbeAddOp1
Current: windowCodeOp Havoced: sqlite3VdbeChangeP5
Current: windowCodeOp Havoced: sqlite3VdbeCurrentAddr
Current: windowCodeOp Havoced: sqlite3VdbeAddOp2
Current: windowCodeOp Havoced: sqlite3VdbeAddOp2
Current: windowCodeOp Havoced: sqlite3VdbeCurrentAddr
Current: windowCodeOp Havoced: sqlite3VdbeAddOp2
Current: windowCodeOp Havoced: sqlite3VdbeAddOp0
Current: windowCodeOp Havoced: sqlite3GetTempRange
Current: windowCodeOp Havoced: windowReadPeerValues
Current: windowCodeOp Havoced: windowIfNewPeer
Current: windowCodeOp Havoced: sqlite3ReleaseTempRange
Current: windowCodeOp Havoced: sqlite3VdbeAddOp2
Current: windowCodeOp Havoced: sqlite3VdbeResolveLabel
Current: windowCodeOp Havoced: sqlite3VdbeMakeLabel
Current: windowCodeOp Havoced: sqlite3VdbeAddOp3
Current: windowCodeOp Havoced: sqlite3VdbeCurrentAddr
Current: windowCodeOp Havoced: windowCodeRangeTest
Current: windowCodeOp Havoced: windowCodeRangeTest
Current: windowCodeOp Havoced: windowCodeRangeTest
Current: windowCodeOp Havoced: windowAggFinal
Current: windowCodeOp Havoced: sqlite3VdbeCurrentAddr
Current: windowCodeOp Havoced: sqlite3GetTempReg
Current: windowCodeOp Havoced: sqlite3GetTempReg
Current: windowCodeOp Havoced: sqlite3VdbeAddOp2
Current: windowCodeOp Havoced: sqlite3VdbeAddOp3
Current: windowCodeOp Havoced: sqlite3VdbeAddOp2
Current: windowCodeOp Havoced: sqlite3VdbeAddOp2
Current: windowCodeOp Havoced: sqlite3VdbeAddOp3
Current: windowCodeOp Havoced: sqlite3ReleaseTempReg
Current: windowCodeOp Havoced: sqlite3ReleaseTempReg
Current: windowCodeOp Havoced: windowAggStep
Current: windowCodeOp Havoced: sqlite3VdbeAddOp2
Current: windowCodeOp Havoced: windowAggStep
Current: windowCodeOp Havoced: sqlite3VdbeAddOp2
Current: windowCodeOp Havoced: windowReturnOneRow
Current: windowCodeOp Havoced: sqlite3VdbeAddOp1
Current: windowCodeOp Havoced: sqlite3VdbeChangeP5
Current: windowCodeOp Havoced: sqlite3VdbeCurrentAddr
Current: windowCodeOp Havoced: sqlite3VdbeAddOp2
Current: windowCodeOp Havoced: sqlite3VdbeAddOp2
Current: windowCodeOp Havoced: sqlite3VdbeCurrentAddr
Current: windowCodeOp Havoced: sqlite3VdbeAddOp2
Current: windowCodeOp Havoced: sqlite3VdbeAddOp0
Current: windowCodeOp Havoced: sqlite3GetTempRange
Current: windowCodeOp Havoced: windowReadPeerValues
Current: windowCodeOp Havoced: windowIfNewPeer
Current: windowCodeOp Havoced: sqlite3ReleaseTempRange
Current: windowCodeOp Havoced: sqlite3VdbeAddOp2
Current: windowCodeOp Havoced: sqlite3VdbeResolveLabel
Current: windowCodeOp Havoced: sqlite3VdbeMakeLabel
Current: windowCodeOp Havoced: sqlite3VdbeAddOp3
Current: windowCodeOp Havoced: sqlite3VdbeCurrentAddr
Current: windowCodeOp Havoced: windowCodeRangeTest
Current: windowCodeOp Havoced: windowCodeRangeTest
Current: windowCodeOp Havoced: windowCodeRangeTest
Current: windowCodeOp Havoced: windowAggFinal
Current: windowCodeOp Havoced: sqlite3VdbeCurrentAddr
Current: windowCodeOp Havoced: sqlite3GetTempReg
Current: windowCodeOp Havoced: sqlite3GetTempReg
Current: windowCodeOp Havoced: sqlite3VdbeAddOp2
Current: windowCodeOp Havoced: sqlite3VdbeAddOp3
Current: windowCodeOp Havoced: sqlite3VdbeAddOp2
Current: windowCodeOp Havoced: sqlite3VdbeAddOp2
Current: windowCodeOp Havoced: sqlite3VdbeAddOp3
Current: windowCodeOp Havoced: sqlite3ReleaseTempReg
Current: windowCodeOp Havoced: sqlite3ReleaseTempReg
Current: windowCodeOp Havoced: windowAggStep
Current: windowCodeOp Havoced: sqlite3VdbeAddOp2
Current: windowCodeOp Havoced: windowAggStep
Current: windowCodeOp Havoced: sqlite3VdbeAddOp2
Current: windowCodeOp Havoced: windowReturnOneRow
Current: windowCodeOp Havoced: sqlite3VdbeAddOp1
Current: windowCodeOp Havoced: sqlite3VdbeChangeP5
Current: windowCodeOp Havoced: sqlite3VdbeCurrentAddr
Current: windowCodeOp Havoced: sqlite3VdbeAddOp2
Current: windowCodeOp Havoced: sqlite3VdbeAddOp2
Current: windowCodeOp Havoced: sqlite3VdbeCurrentAddr
Current: windowCodeOp Havoced: sqlite3VdbeAddOp2
Current: windowCodeOp Havoced: sqlite3VdbeAddOp0
Current: windowCodeOp Havoced: sqlite3GetTempRange
Current: windowCodeOp Havoced: windowReadPeerValues
Current: windowCodeOp Havoced: windowIfNewPeer
Current: windowCodeOp Havoced: sqlite3ReleaseTempRange
Current: windowCodeOp Havoced: sqlite3VdbeAddOp2
Current: windowCodeOp Havoced: sqlite3VdbeResolveLabel
Current: windowCodeOp Havoced: sqlite3VdbeMakeLabel
Current: windowCodeOp Havoced: sqlite3VdbeAddOp3
Current: windowCodeOp Havoced: sqlite3VdbeCurrentAddr
Current: windowCodeOp Havoced: windowCodeRangeTest
Current: windowCodeOp Havoced: windowCodeRangeTest
Current: windowCodeOp Havoced: windowCodeRangeTest
Current: windowCodeOp Havoced: windowAggFinal
Current: windowCodeOp Havoced: sqlite3VdbeCurrentAddr
Current: windowCodeOp Havoced: sqlite3GetTempReg
Current: windowCodeOp Havoced: sqlite3GetTempReg
Current: windowCodeOp Havoced: sqlite3VdbeAddOp2
Current: windowCodeOp Havoced: sqlite3VdbeAddOp3
Current: windowCodeOp Havoced: sqlite3VdbeAddOp2
Current: windowCodeOp Havoced: sqlite3VdbeAddOp2
Current: windowCodeOp Havoced: sqlite3VdbeAddOp3
Current: windowCodeOp Havoced: sqlite3ReleaseTempReg
Current: windowCodeOp Havoced: sqlite3ReleaseTempReg
Current: windowCodeOp Havoced: windowAggStep
Current: windowCodeOp Havoced: sqlite3VdbeAddOp2
Current: windowCodeOp Havoced: windowAggStep
Current: windowCodeOp Havoced: sqlite3VdbeAddOp2
Current: windowCodeOp Havoced: windowReturnOneRow
Current: windowCodeOp Havoced: sqlite3VdbeAddOp1
Current: windowCodeOp Havoced: sqlite3VdbeChangeP5
Current: windowCodeOp Havoced: sqlite3VdbeCurrentAddr
Current: windowCodeOp Havoced: sqlite3VdbeAddOp2
Current: windowCodeOp Havoced: sqlite3VdbeAddOp2
Current: windowCodeOp Havoced: sqlite3VdbeCurrentAddr
Current: windowCodeOp Havoced: sqlite3VdbeAddOp2
Current: windowCodeOp Havoced: sqlite3VdbeAddOp0
Current: windowCodeOp Havoced: sqlite3GetTempRange
Current: windowCodeOp Havoced: windowReadPeerValues
Current: windowCodeOp Havoced: windowIfNewPeer
Current: windowCodeOp Havoced: sqlite3ReleaseTempRange
Current: windowCodeOp Havoced: sqlite3VdbeAddOp2
Current: windowCodeOp Havoced: sqlite3VdbeResolveLabel
Current: windowCodeRangeTest Havoced: sqlite3GetVdbe
Current: windowCodeRangeTest Havoced: sqlite3GetTempReg
Current: windowCodeRangeTest Havoced: sqlite3GetTempReg
Current: windowCodeRangeTest Havoced: sqlite3VdbeMakeLabel
Current: windowCodeRangeTest Havoced: windowReadPeerValues
Current: windowCodeRangeTest Havoced: windowReadPeerValues
Current: windowCodeRangeTest Havoced: sqlite3VdbeAddOp1
Current: windowCodeRangeTest Havoced: sqlite3VdbeAddOp2
Current: windowCodeRangeTest Havoced: sqlite3VdbeAddOp2
Current: windowCodeRangeTest Havoced: sqlite3VdbeAddOp2
Current: windowCodeRangeTest Havoced: sqlite3VdbeAddOp2
Current: windowCodeRangeTest Havoced: sqlite3VdbeJumpHere
Current: windowCodeRangeTest Havoced: sqlite3VdbeAddOp2
Current: windowCodeRangeTest Havoced: sqlite3VdbeChangeP2
Current: windowCodeRangeTest Havoced: sqlite3VdbeAddOp4
Current: windowCodeRangeTest Havoced: sqlite3VdbeAddOp3
Current: windowCodeRangeTest Havoced: sqlite3VdbeAddOp3
Current: windowCodeRangeTest Havoced: sqlite3VdbeAddOp3
Current: windowCodeRangeTest Havoced: sqlite3VdbeJumpHere
Current: windowCodeRangeTest Havoced: sqlite3VdbeAddOp3
Current: windowCodeRangeTest Havoced: sqlite3ExprNNCollSeq
Current: windowCodeRangeTest Havoced: sqlite3VdbeAppendP4
Current: windowCodeRangeTest Havoced: sqlite3VdbeChangeP5
Current: windowCodeRangeTest Havoced: sqlite3VdbeResolveLabel
Current: windowCodeRangeTest Havoced: sqlite3ReleaseTempReg
Current: windowCodeRangeTest Havoced: sqlite3ReleaseTempReg
Current: windowCodeOp Havoced: sqlite3VdbeMakeLabel
Current: windowCodeOp Havoced: sqlite3VdbeAddOp3
Current: windowCodeOp Havoced: sqlite3VdbeCurrentAddr
Current: windowCodeOp Havoced: windowCodeRangeTest
Current: windowCodeOp Havoced: windowCodeRangeTest
Current: windowCodeOp Havoced: windowCodeRangeTest
Current: windowCodeOp Havoced: windowAggFinal
Current: windowCodeOp Havoced: sqlite3VdbeCurrentAddr
Current: windowCodeOp Havoced: sqlite3GetTempReg
Current: windowCodeOp Havoced: sqlite3GetTempReg
Current: windowCodeOp Havoced: sqlite3VdbeAddOp2
Current: windowCodeOp Havoced: sqlite3VdbeAddOp3
Current: windowCodeOp Havoced: sqlite3VdbeAddOp2
Current: windowCodeOp Havoced: sqlite3VdbeAddOp2
Current: windowCodeOp Havoced: sqlite3VdbeAddOp3
Current: windowCodeOp Havoced: sqlite3ReleaseTempReg
Current: windowCodeOp Havoced: sqlite3ReleaseTempReg
Current: windowCodeOp Havoced: windowAggStep
Current: windowCodeOp Havoced: sqlite3VdbeAddOp2
Current: windowCodeOp Havoced: windowAggStep
Current: windowCodeOp Havoced: sqlite3VdbeAddOp2
Current: windowCodeOp Havoced: windowReturnOneRow
Current: windowCodeOp Havoced: sqlite3VdbeAddOp1
Current: windowCodeOp Havoced: sqlite3VdbeChangeP5
Current: windowCodeOp Havoced: sqlite3VdbeCurrentAddr
Current: windowCodeOp Havoced: sqlite3VdbeAddOp2
Current: windowCodeOp Havoced: sqlite3VdbeAddOp2
Current: windowCodeOp Havoced: sqlite3VdbeCurrentAddr
Current: windowCodeOp Havoced: sqlite3VdbeAddOp2
Current: windowCodeOp Havoced: sqlite3VdbeAddOp0
Current: windowCodeOp Havoced: sqlite3GetTempRange
Current: windowCodeOp Havoced: windowReadPeerValues
Current: windowCodeOp Havoced: windowIfNewPeer
Current: windowCodeOp Havoced: sqlite3ReleaseTempRange
Current: windowCodeOp Havoced: sqlite3VdbeAddOp2
Current: windowCodeOp Havoced: sqlite3VdbeResolveLabel
Current: windowCodeOp Havoced: sqlite3VdbeMakeLabel
Current: windowCodeOp Havoced: sqlite3VdbeAddOp3
Current: windowCodeOp Havoced: sqlite3VdbeCurrentAddr
Current: windowCodeOp Havoced: windowCodeRangeTest
Current: windowCodeOp Havoced: windowCodeRangeTest
Current: windowCodeOp Havoced: windowCodeRangeTest
Current: windowCodeOp Havoced: windowAggFinal
Current: windowCodeOp Havoced: sqlite3VdbeCurrentAddr
Current: windowCodeOp Havoced: sqlite3GetTempReg
Current: windowCodeOp Havoced: sqlite3GetTempReg
Current: windowCodeOp Havoced: sqlite3VdbeAddOp2
Current: windowCodeOp Havoced: sqlite3VdbeAddOp3
Current: windowCodeOp Havoced: sqlite3VdbeAddOp2
Current: windowCodeOp Havoced: sqlite3VdbeAddOp2
Current: windowCodeOp Havoced: sqlite3VdbeAddOp3
Current: windowCodeOp Havoced: sqlite3ReleaseTempReg
Current: windowCodeOp Havoced: sqlite3ReleaseTempReg
Current: windowCodeOp Havoced: windowAggStep
Current: windowCodeOp Havoced: sqlite3VdbeAddOp2
Current: windowCodeOp Havoced: windowAggStep
Current: windowCodeOp Havoced: sqlite3VdbeAddOp2
Current: windowCodeOp Havoced: windowReturnOneRow
Current: windowCodeOp Havoced: sqlite3VdbeAddOp1
Current: windowCodeOp Havoced: sqlite3VdbeChangeP5
Current: windowCodeOp Havoced: sqlite3VdbeCurrentAddr
Current: windowCodeOp Havoced: sqlite3VdbeAddOp2
Current: windowCodeOp Havoced: sqlite3VdbeAddOp2
Current: windowCodeOp Havoced: sqlite3VdbeCurrentAddr
Current: windowCodeOp Havoced: sqlite3VdbeAddOp2
Current: windowCodeOp Havoced: sqlite3VdbeAddOp0
Current: windowCodeOp Havoced: sqlite3GetTempRange
Current: windowCodeOp Havoced: windowReadPeerValues
Current: windowCodeOp Havoced: windowIfNewPeer
Current: windowCodeOp Havoced: sqlite3ReleaseTempRange
Current: windowCodeOp Havoced: sqlite3VdbeAddOp2
Current: windowCodeOp Havoced: sqlite3VdbeResolveLabel
Current: sqlite3VdbeAddOp2 Havoced: sqlite3VdbeAddOp3
Current: sqlite3VdbeResolveLabel Havoced: resizeResolveLabel
Current: sqlite3VdbeResolveLabel Havoced: resizeResolveLabel

        Unrolling loop in function "sqlite3WhereEnd" for 1 iterations succeeded.
        Unrolling loop in function "sqlite3WhereEnd" for 1 iterations succeeded.
        Unrolling loop in function "sqlite3WhereEnd" for 1 iterations succeeded.
        Unrolling loop in function "sqlite3WhereEnd" for 1 iterations succeeded.
        Unrolling loop in function "sqlite3WhereEnd" for 1 iterations succeeded.
        Transformed "sqlite3WhereEnd" from 94 to 98 basic blocks and from 659 to 676 instructionsCurrent: sqlite3WhereEnd Havoced: sqlite3VdbeCurrentAddr
Current: sqlite3WhereEnd Havoced: sqlite3VdbeResolveLabel
Current: sqlite3WhereEnd Havoced: sqlite3VdbeAddOp3
Current: sqlite3WhereEnd Havoced: sqlite3VdbeAddOp4Int
Current: sqlite3WhereEnd Havoced: sqlite3VdbeAddOp2
Current: sqlite3WhereEnd Havoced: sqlite3VdbeResolveLabel
Current: sqlite3WhereEnd Havoced: sqlite3VdbeAddOp3
Current: sqlite3WhereEnd Havoced: sqlite3VdbeChangeP5
Current: sqlite3WhereEnd Havoced: sqlite3VdbeResolveLabel
Current: sqlite3WhereEnd Havoced: sqlite3VdbeAddOp2
Current: sqlite3WhereEnd Havoced: sqlite3VdbeJumpHere
Current: sqlite3WhereEnd Havoced: sqlite3VdbeResolveLabel
Current: sqlite3WhereEnd Havoced: sqlite3VdbeJumpHere
Current: sqlite3WhereEnd Havoced: sqlite3VdbeCurrentAddr
Current: sqlite3WhereEnd Havoced: sqlite3VdbeAddOp2
Current: sqlite3WhereEnd Havoced: sqlite3VdbeCurrentAddr
Current: sqlite3WhereEnd Havoced: sqlite3VdbeAddOp4Int
Current: sqlite3WhereEnd Havoced: sqlite3VdbeJumpHere
Current: sqlite3WhereEnd Havoced: sqlite3VdbeAddOp2
Current: sqlite3WhereEnd Havoced: sqlite3VdbeJumpHere
Current: sqlite3WhereEnd Havoced: sqlite3VdbeResolveLabel
Current: sqlite3WhereEnd Havoced: sqlite3VdbeGoto
Current: sqlite3WhereEnd Havoced: sqlite3VdbeJumpHere
Current: sqlite3WhereEnd Havoced: sqlite3VdbeJumpHere
Current: sqlite3WhereEnd Havoced: sqlite3VdbeAddOp2
Current: sqlite3WhereEnd Havoced: sqlite3VdbeAddOp1
Current: sqlite3WhereEnd Havoced: sqlite3VdbeAddOp1
Current: sqlite3WhereEnd Havoced: sqlite3VdbeAddOp1
Current: sqlite3WhereEnd Havoced: sqlite3VdbeGoto
Current: sqlite3WhereEnd Havoced: sqlite3VdbeAddOp2
Current: sqlite3WhereEnd Havoced: sqlite3VdbeJumpHere
Current: sqlite3WhereEnd Havoced: sqlite3VdbeResolveLabel
Current: sqlite3WhereEnd Havoced: sqlite3VdbeGetOp
Current: sqlite3WhereEnd Havoced: sqlite3PrimaryKeyIndex
Current: sqlite3WhereEnd Havoced: sqlite3StorageColumnToTable
Current: sqlite3WhereEnd Havoced: sqlite3TableColumnToIndex
Current: sqlite3WhereEnd Havoced: translateColumnToCopy
Current: sqlite3WhereEnd Havoced: whereUndoExprMods
Current: sqlite3WhereEnd Havoced: whereInfoFree
Current: sqlite3VdbeAddOp2 Havoced: sqlite3VdbeAddOp3
Current: sqlite3VdbeJumpHere Havoced: sqlite3VdbeChangeP2
Current: sqlite3VdbeAddOp1 Havoced: sqlite3VdbeAddOp3
Current: windowCodeOp Havoced: sqlite3VdbeMakeLabel
Current: windowCodeOp Havoced: sqlite3VdbeAddOp3
Current: windowCodeOp Havoced: sqlite3VdbeCurrentAddr
Current: windowCodeOp Havoced: windowCodeRangeTest
Current: windowCodeOp Havoced: windowCodeRangeTest
Current: windowCodeOp Havoced: windowCodeRangeTest
Current: windowCodeOp Havoced: windowAggFinal
Current: windowCodeOp Havoced: sqlite3VdbeCurrentAddr
Current: windowCodeOp Havoced: sqlite3GetTempReg
Current: windowCodeOp Havoced: sqlite3GetTempReg
Current: windowCodeOp Havoced: sqlite3VdbeAddOp2
Current: windowCodeOp Havoced: sqlite3VdbeAddOp3
Current: windowCodeOp Havoced: sqlite3VdbeAddOp2
Current: windowCodeOp Havoced: sqlite3VdbeAddOp2
Current: windowCodeOp Havoced: sqlite3VdbeAddOp3
Current: windowCodeOp Havoced: sqlite3ReleaseTempReg
Current: windowCodeOp Havoced: sqlite3ReleaseTempReg
Current: windowCodeOp Havoced: windowAggStep
Current: windowCodeOp Havoced: sqlite3VdbeAddOp2
Current: windowCodeOp Havoced: windowAggStep
Current: windowCodeOp Havoced: sqlite3VdbeAddOp2
Current: windowCodeOp Havoced: windowReturnOneRow
Current: windowCodeOp Havoced: sqlite3VdbeAddOp1
Current: windowCodeOp Havoced: sqlite3VdbeChangeP5
Current: windowCodeOp Havoced: sqlite3VdbeCurrentAddr
Current: windowCodeOp Havoced: sqlite3VdbeAddOp2
Current: windowCodeOp Havoced: sqlite3VdbeAddOp2
Current: windowCodeOp Havoced: sqlite3VdbeCurrentAddr
Current: windowCodeOp Havoced: sqlite3VdbeAddOp2
Current: windowCodeOp Havoced: sqlite3VdbeAddOp0
Current: windowCodeOp Havoced: sqlite3GetTempRange
Current: windowCodeOp Havoced: windowReadPeerValues
Current: windowCodeOp Havoced: windowIfNewPeer
Current: windowCodeOp Havoced: sqlite3ReleaseTempRange
Current: windowCodeOp Havoced: sqlite3VdbeAddOp2
Current: windowCodeOp Havoced: sqlite3VdbeResolveLabel
Current: windowCodeOp Havoced: sqlite3VdbeMakeLabel
Current: windowCodeOp Havoced: sqlite3VdbeAddOp3
Current: windowCodeOp Havoced: sqlite3VdbeCurrentAddr
Current: windowCodeOp Havoced: windowCodeRangeTest
Current: windowCodeOp Havoced: windowCodeRangeTest
Current: windowCodeOp Havoced: windowCodeRangeTest
Current: windowCodeOp Havoced: windowAggFinal
Current: windowCodeOp Havoced: sqlite3VdbeCurrentAddr
Current: windowCodeOp Havoced: sqlite3GetTempReg
Current: windowCodeOp Havoced: sqlite3GetTempReg
Current: windowCodeOp Havoced: sqlite3VdbeAddOp2
Current: windowCodeOp Havoced: sqlite3VdbeAddOp3
Current: windowCodeOp Havoced: sqlite3VdbeAddOp2
Current: windowCodeOp Havoced: sqlite3VdbeAddOp2
Current: windowCodeOp Havoced: sqlite3VdbeAddOp3
Current: windowCodeOp Havoced: sqlite3ReleaseTempReg
Current: windowCodeOp Havoced: sqlite3ReleaseTempReg
Current: windowCodeOp Havoced: windowAggStep
Current: windowCodeOp Havoced: sqlite3VdbeAddOp2
Current: windowCodeOp Havoced: windowAggStep
Current: windowCodeOp Havoced: sqlite3VdbeAddOp2
Current: windowCodeOp Havoced: windowReturnOneRow
Current: windowCodeOp Havoced: sqlite3VdbeAddOp1
Current: windowCodeOp Havoced: sqlite3VdbeChangeP5
Current: windowCodeOp Havoced: sqlite3VdbeCurrentAddr
Current: windowCodeOp Havoced: sqlite3VdbeAddOp2
Current: windowCodeOp Havoced: sqlite3VdbeAddOp2
Current: windowCodeOp Havoced: sqlite3VdbeCurrentAddr
Current: windowCodeOp Havoced: sqlite3VdbeAddOp2
Current: windowCodeOp Havoced: sqlite3VdbeAddOp0
Current: windowCodeOp Havoced: sqlite3GetTempRange
Current: windowCodeOp Havoced: windowReadPeerValues
Current: windowCodeOp Havoced: windowIfNewPeer
Current: windowCodeOp Havoced: sqlite3ReleaseTempRange
Current: windowCodeOp Havoced: sqlite3VdbeAddOp2
Current: windowCodeOp Havoced: sqlite3VdbeResolveLabel
Current: windowCodeOp Havoced: sqlite3VdbeMakeLabel
Current: windowCodeOp Havoced: sqlite3VdbeAddOp3
Current: windowCodeOp Havoced: sqlite3VdbeCurrentAddr
Current: windowCodeOp Havoced: windowCodeRangeTest
Current: windowCodeOp Havoced: windowCodeRangeTest
Current: windowCodeOp Havoced: windowCodeRangeTest
Current: windowCodeOp Havoced: windowAggFinal
Current: windowCodeOp Havoced: sqlite3VdbeCurrentAddr
Current: windowCodeOp Havoced: sqlite3GetTempReg
Current: windowCodeOp Havoced: sqlite3GetTempReg
Current: windowCodeOp Havoced: sqlite3VdbeAddOp2
Current: windowCodeOp Havoced: sqlite3VdbeAddOp3
Current: windowCodeOp Havoced: sqlite3VdbeAddOp2
Current: windowCodeOp Havoced: sqlite3VdbeAddOp2
Current: windowCodeOp Havoced: sqlite3VdbeAddOp3
Current: windowCodeOp Havoced: sqlite3ReleaseTempReg
Current: windowCodeOp Havoced: sqlite3ReleaseTempReg
Current: windowCodeOp Havoced: windowAggStep
Current: windowCodeOp Havoced: sqlite3VdbeAddOp2
Current: windowCodeOp Havoced: windowAggStep
Current: windowCodeOp Havoced: sqlite3VdbeAddOp2
Current: windowCodeOp Havoced: windowReturnOneRow
Current: windowCodeOp Havoced: sqlite3VdbeAddOp1
Current: windowCodeOp Havoced: sqlite3VdbeChangeP5
Current: windowCodeOp Havoced: sqlite3VdbeCurrentAddr
Current: windowCodeOp Havoced: sqlite3VdbeAddOp2
Current: windowCodeOp Havoced: sqlite3VdbeAddOp2
Current: windowCodeOp Havoced: sqlite3VdbeCurrentAddr
Current: windowCodeOp Havoced: sqlite3VdbeAddOp2
Current: windowCodeOp Havoced: sqlite3VdbeAddOp0
Current: windowCodeOp Havoced: sqlite3GetTempRange
Current: windowCodeOp Havoced: windowReadPeerValues
Current: windowCodeOp Havoced: windowIfNewPeer
Current: windowCodeOp Havoced: sqlite3ReleaseTempRange
Current: windowCodeOp Havoced: sqlite3VdbeAddOp2
Current: windowCodeOp Havoced: sqlite3VdbeResolveLabel
Current: sqlite3VdbeAddOp2 Havoced: sqlite3VdbeAddOp3
Current: sqlite3VdbeJumpHere Havoced: sqlite3VdbeChangeP2
Current: windowCodeOp Havoced: sqlite3VdbeMakeLabel
Current: windowCodeOp Havoced: sqlite3VdbeAddOp3
Current: windowCodeOp Havoced: sqlite3VdbeCurrentAddr
Current: windowCodeOp Havoced: windowCodeRangeTest
Current: windowCodeOp Havoced: windowCodeRangeTest
Current: windowCodeOp Havoced: windowCodeRangeTest
Current: windowCodeOp Havoced: windowAggFinal
Current: windowCodeOp Havoced: sqlite3VdbeCurrentAddr
Current: windowCodeOp Havoced: sqlite3GetTempReg
Current: windowCodeOp Havoced: sqlite3GetTempReg
Current: windowCodeOp Havoced: sqlite3VdbeAddOp2
Current: windowCodeOp Havoced: sqlite3VdbeAddOp3
Current: windowCodeOp Havoced: sqlite3VdbeAddOp2
Current: windowCodeOp Havoced: sqlite3VdbeAddOp2
Current: windowCodeOp Havoced: sqlite3VdbeAddOp3
Current: windowCodeOp Havoced: sqlite3ReleaseTempReg
Current: windowCodeOp Havoced: sqlite3ReleaseTempReg
Current: windowCodeOp Havoced: windowAggStep
Current: windowCodeOp Havoced: sqlite3VdbeAddOp2
Current: windowCodeOp Havoced: windowAggStep
Current: windowCodeOp Havoced: sqlite3VdbeAddOp2
Current: windowCodeOp Havoced: windowReturnOneRow
Current: windowCodeOp Havoced: sqlite3VdbeAddOp1
Current: windowCodeOp Havoced: sqlite3VdbeChangeP5
Current: windowCodeOp Havoced: sqlite3VdbeCurrentAddr
Current: windowCodeOp Havoced: sqlite3VdbeAddOp2
Current: windowCodeOp Havoced: sqlite3VdbeAddOp2
Current: windowCodeOp Havoced: sqlite3VdbeCurrentAddr
Current: windowCodeOp Havoced: sqlite3VdbeAddOp2
Current: windowCodeOp Havoced: sqlite3VdbeAddOp0
Current: windowCodeOp Havoced: sqlite3GetTempRange
Current: windowCodeOp Havoced: windowReadPeerValues
Current: windowCodeOp Havoced: windowIfNewPeer
Current: windowCodeOp Havoced: sqlite3ReleaseTempRange
Current: windowCodeOp Havoced: sqlite3VdbeAddOp2
Current: windowCodeOp Havoced: sqlite3VdbeResolveLabel
Current: windowCodeOp Havoced: sqlite3VdbeMakeLabel
Current: windowCodeOp Havoced: sqlite3VdbeAddOp3
Current: windowCodeOp Havoced: sqlite3VdbeCurrentAddr
Current: windowCodeOp Havoced: windowCodeRangeTest
Current: windowCodeOp Havoced: windowCodeRangeTest
Current: windowCodeOp Havoced: windowCodeRangeTest
Current: windowCodeOp Havoced: windowAggFinal
Current: windowCodeOp Havoced: sqlite3VdbeCurrentAddr
Current: windowCodeOp Havoced: sqlite3GetTempReg
Current: windowCodeOp Havoced: sqlite3GetTempReg
Current: windowCodeOp Havoced: sqlite3VdbeAddOp2
Current: windowCodeOp Havoced: sqlite3VdbeAddOp3
Current: windowCodeOp Havoced: sqlite3VdbeAddOp2
Current: windowCodeOp Havoced: sqlite3VdbeAddOp2
Current: windowCodeOp Havoced: sqlite3VdbeAddOp3
Current: windowCodeOp Havoced: sqlite3ReleaseTempReg
Current: windowCodeOp Havoced: sqlite3ReleaseTempReg
Current: windowCodeOp Havoced: windowAggStep
Current: windowCodeOp Havoced: sqlite3VdbeAddOp2
Current: windowCodeOp Havoced: windowAggStep
Current: windowCodeOp Havoced: sqlite3VdbeAddOp2
Current: windowCodeOp Havoced: windowReturnOneRow
Current: windowCodeOp Havoced: sqlite3VdbeAddOp1
Current: windowCodeOp Havoced: sqlite3VdbeChangeP5
Current: windowCodeOp Havoced: sqlite3VdbeCurrentAddr
Current: windowCodeOp Havoced: sqlite3VdbeAddOp2
Current: windowCodeOp Havoced: sqlite3VdbeAddOp2
Current: windowCodeOp Havoced: sqlite3VdbeCurrentAddr
Current: windowCodeOp Havoced: sqlite3VdbeAddOp2
Current: windowCodeOp Havoced: sqlite3VdbeAddOp0
Current: windowCodeOp Havoced: sqlite3GetTempRange
Current: windowCodeOp Havoced: windowReadPeerValues
Current: windowCodeOp Havoced: windowIfNewPeer
Current: windowCodeOp Havoced: sqlite3ReleaseTempRange
Current: windowCodeOp Havoced: sqlite3VdbeAddOp2
Current: windowCodeOp Havoced: sqlite3VdbeResolveLabel
Current: windowCodeOp Havoced: sqlite3VdbeMakeLabel
Current: windowCodeOp Havoced: sqlite3VdbeAddOp3
Current: windowCodeOp Havoced: sqlite3VdbeCurrentAddr
Current: windowCodeOp Havoced: windowCodeRangeTest
Current: windowCodeOp Havoced: windowCodeRangeTest
Current: windowCodeOp Havoced: windowCodeRangeTest
Current: windowCodeOp Havoced: windowAggFinal
Current: windowCodeOp Havoced: sqlite3VdbeCurrentAddr
Current: windowCodeOp Havoced: sqlite3GetTempReg
Current: windowCodeOp Havoced: sqlite3GetTempReg
Current: windowCodeOp Havoced: sqlite3VdbeAddOp2
Current: windowCodeOp Havoced: sqlite3VdbeAddOp3
Current: windowCodeOp Havoced: sqlite3VdbeAddOp2
Current: windowCodeOp Havoced: sqlite3VdbeAddOp2
Current: windowCodeOp Havoced: sqlite3VdbeAddOp3
Current: windowCodeOp Havoced: sqlite3ReleaseTempReg
Current: windowCodeOp Havoced: sqlite3ReleaseTempReg
Current: windowCodeOp Havoced: windowAggStep
Current: windowCodeOp Havoced: sqlite3VdbeAddOp2
Current: windowCodeOp Havoced: windowAggStep
Current: windowCodeOp Havoced: sqlite3VdbeAddOp2
Current: windowCodeOp Havoced: windowReturnOneRow
Current: windowCodeOp Havoced: sqlite3VdbeAddOp1
Current: windowCodeOp Havoced: sqlite3VdbeChangeP5
Current: windowCodeOp Havoced: sqlite3VdbeCurrentAddr
Current: windowCodeOp Havoced: sqlite3VdbeAddOp2
Current: windowCodeOp Havoced: sqlite3VdbeAddOp2
Current: windowCodeOp Havoced: sqlite3VdbeCurrentAddr
Current: windowCodeOp Havoced: sqlite3VdbeAddOp2
Current: windowCodeOp Havoced: sqlite3VdbeAddOp0
Current: windowCodeOp Havoced: sqlite3GetTempRange
Current: windowCodeOp Havoced: windowReadPeerValues
Current: windowCodeOp Havoced: windowIfNewPeer
Current: windowCodeOp Havoced: sqlite3ReleaseTempRange
Current: windowCodeOp Havoced: sqlite3VdbeAddOp2
Current: windowCodeOp Havoced: sqlite3VdbeResolveLabel
Current: windowCodeOp Havoced: sqlite3VdbeMakeLabel
Current: windowCodeOp Havoced: sqlite3VdbeAddOp3
Current: windowCodeOp Havoced: sqlite3VdbeCurrentAddr
Current: windowCodeOp Havoced: windowCodeRangeTest
Current: windowCodeOp Havoced: windowCodeRangeTest
Current: windowCodeOp Havoced: windowCodeRangeTest
Current: windowCodeOp Havoced: windowAggFinal
Current: windowCodeOp Havoced: sqlite3VdbeCurrentAddr
Current: windowCodeOp Havoced: sqlite3GetTempReg
Current: windowCodeOp Havoced: sqlite3GetTempReg
Current: windowCodeOp Havoced: sqlite3VdbeAddOp2
Current: windowCodeOp Havoced: sqlite3VdbeAddOp3
Current: windowCodeOp Havoced: sqlite3VdbeAddOp2
Current: windowCodeOp Havoced: sqlite3VdbeAddOp2
Current: windowCodeOp Havoced: sqlite3VdbeAddOp3
Current: windowCodeOp Havoced: sqlite3ReleaseTempReg
Current: windowCodeOp Havoced: sqlite3ReleaseTempReg
Current: windowCodeOp Havoced: windowAggStep
Current: windowCodeOp Havoced: sqlite3VdbeAddOp2
Current: windowCodeOp Havoced: windowAggStep
Current: windowCodeOp Havoced: sqlite3VdbeAddOp2
Current: windowCodeOp Havoced: windowReturnOneRow
Current: windowCodeOp Havoced: sqlite3VdbeAddOp1
Current: windowCodeOp Havoced: sqlite3VdbeChangeP5
Current: windowCodeOp Havoced: sqlite3VdbeCurrentAddr
Current: windowCodeOp Havoced: sqlite3VdbeAddOp2
Current: windowCodeOp Havoced: sqlite3VdbeAddOp2
Current: windowCodeOp Havoced: sqlite3VdbeCurrentAddr
Current: windowCodeOp Havoced: sqlite3VdbeAddOp2
Current: windowCodeOp Havoced: sqlite3VdbeAddOp0
Current: windowCodeOp Havoced: sqlite3GetTempRange
Current: windowCodeOp Havoced: windowReadPeerValues
Current: windowCodeOp Havoced: windowIfNewPeer
Current: windowCodeOp Havoced: sqlite3ReleaseTempRange
Current: windowCodeOp Havoced: sqlite3VdbeAddOp2
Current: windowCodeOp Havoced: sqlite3VdbeResolveLabel
Current: windowCodeOp Havoced: sqlite3VdbeMakeLabel
Current: windowCodeOp Havoced: sqlite3VdbeAddOp3
Current: windowCodeOp Havoced: sqlite3VdbeCurrentAddr
Current: windowCodeOp Havoced: windowCodeRangeTest
Current: windowCodeOp Havoced: windowCodeRangeTest
Current: windowCodeOp Havoced: windowCodeRangeTest
Current: windowCodeOp Havoced: windowAggFinal
Current: windowCodeOp Havoced: sqlite3VdbeCurrentAddr
Current: windowCodeOp Havoced: sqlite3GetTempReg
Current: windowCodeOp Havoced: sqlite3GetTempReg
Current: windowCodeOp Havoced: sqlite3VdbeAddOp2
Current: windowCodeOp Havoced: sqlite3VdbeAddOp3
Current: windowCodeOp Havoced: sqlite3VdbeAddOp2
Current: windowCodeOp Havoced: sqlite3VdbeAddOp2
Current: windowCodeOp Havoced: sqlite3VdbeAddOp3
Current: windowCodeOp Havoced: sqlite3ReleaseTempReg
Current: windowCodeOp Havoced: sqlite3ReleaseTempReg
Current: windowCodeOp Havoced: windowAggStep
Current: windowCodeOp Havoced: sqlite3VdbeAddOp2
Current: windowCodeOp Havoced: windowAggStep
Current: windowCodeOp Havoced: sqlite3VdbeAddOp2
Current: windowCodeOp Havoced: windowReturnOneRow
Current: windowCodeOp Havoced: sqlite3VdbeAddOp1
Current: windowCodeOp Havoced: sqlite3VdbeChangeP5
Current: windowCodeOp Havoced: sqlite3VdbeCurrentAddr
Current: windowCodeOp Havoced: sqlite3VdbeAddOp2
Current: windowCodeOp Havoced: sqlite3VdbeAddOp2
Current: windowCodeOp Havoced: sqlite3VdbeCurrentAddr
Current: windowCodeOp Havoced: sqlite3VdbeAddOp2
Current: windowCodeOp Havoced: sqlite3VdbeAddOp0
Current: windowCodeOp Havoced: sqlite3GetTempRange
Current: windowCodeOp Havoced: windowReadPeerValues
Current: windowCodeOp Havoced: windowIfNewPeer
Current: windowCodeOp Havoced: sqlite3ReleaseTempRange
Current: windowCodeOp Havoced: sqlite3VdbeAddOp2
Current: windowCodeOp Havoced: sqlite3VdbeResolveLabel
Current: windowCodeOp Havoced: sqlite3VdbeMakeLabel
Current: windowCodeOp Havoced: sqlite3VdbeAddOp3
Current: windowCodeOp Havoced: sqlite3VdbeCurrentAddr
Current: windowCodeOp Havoced: windowCodeRangeTest
Current: windowCodeOp Havoced: windowCodeRangeTest
Current: windowCodeOp Havoced: windowCodeRangeTest
Current: windowCodeOp Havoced: windowAggFinal
Current: windowCodeOp Havoced: sqlite3VdbeCurrentAddr
Current: windowCodeOp Havoced: sqlite3GetTempReg
Current: windowCodeOp Havoced: sqlite3GetTempReg
Current: windowCodeOp Havoced: sqlite3VdbeAddOp2
Current: windowCodeOp Havoced: sqlite3VdbeAddOp3
Current: windowCodeOp Havoced: sqlite3VdbeAddOp2
Current: windowCodeOp Havoced: sqlite3VdbeAddOp2
Current: windowCodeOp Havoced: sqlite3VdbeAddOp3
Current: windowCodeOp Havoced: sqlite3ReleaseTempReg
Current: windowCodeOp Havoced: sqlite3ReleaseTempReg
Current: windowCodeOp Havoced: windowAggStep
Current: windowCodeOp Havoced: sqlite3VdbeAddOp2
Current: windowCodeOp Havoced: windowAggStep
Current: windowCodeOp Havoced: sqlite3VdbeAddOp2
Current: windowCodeOp Havoced: windowReturnOneRow
Current: windowCodeOp Havoced: sqlite3VdbeAddOp1
Current: windowCodeOp Havoced: sqlite3VdbeChangeP5
Current: windowCodeOp Havoced: sqlite3VdbeCurrentAddr
Current: windowCodeOp Havoced: sqlite3VdbeAddOp2
Current: windowCodeOp Havoced: sqlite3VdbeAddOp2
Current: windowCodeOp Havoced: sqlite3VdbeCurrentAddr
Current: windowCodeOp Havoced: sqlite3VdbeAddOp2
Current: windowCodeOp Havoced: sqlite3VdbeAddOp0
Current: windowCodeOp Havoced: sqlite3GetTempRange
Current: windowCodeOp Havoced: windowReadPeerValues
Current: windowCodeOp Havoced: windowIfNewPeer
Current: windowCodeOp Havoced: sqlite3ReleaseTempRange
Current: windowCodeOp Havoced: sqlite3VdbeAddOp2
Current: windowCodeOp Havoced: sqlite3VdbeResolveLabel
Current: windowCodeOp Havoced: sqlite3VdbeMakeLabel
Current: windowCodeOp Havoced: sqlite3VdbeAddOp3
Current: windowCodeOp Havoced: sqlite3VdbeCurrentAddr
Current: windowCodeOp Havoced: windowCodeRangeTest
Current: windowCodeOp Havoced: windowCodeRangeTest
Current: windowCodeOp Havoced: windowCodeRangeTest
Current: windowCodeOp Havoced: windowAggFinal
Current: windowCodeOp Havoced: sqlite3VdbeCurrentAddr
Current: windowCodeOp Havoced: sqlite3GetTempReg
Current: windowCodeOp Havoced: sqlite3GetTempReg
Current: windowCodeOp Havoced: sqlite3VdbeAddOp2
Current: windowCodeOp Havoced: sqlite3VdbeAddOp3
Current: windowCodeOp Havoced: sqlite3VdbeAddOp2
Current: windowCodeOp Havoced: sqlite3VdbeAddOp2
Current: windowCodeOp Havoced: sqlite3VdbeAddOp3
Current: windowCodeOp Havoced: sqlite3ReleaseTempReg
Current: windowCodeOp Havoced: sqlite3ReleaseTempReg
Current: windowCodeOp Havoced: windowAggStep
Current: windowCodeOp Havoced: sqlite3VdbeAddOp2
Current: windowCodeOp Havoced: windowAggStep
Current: windowCodeOp Havoced: sqlite3VdbeAddOp2
Current: windowCodeOp Havoced: windowReturnOneRow
Current: windowCodeOp Havoced: sqlite3VdbeAddOp1
Current: windowCodeOp Havoced: sqlite3VdbeChangeP5
Current: windowCodeOp Havoced: sqlite3VdbeCurrentAddr
Current: windowCodeOp Havoced: sqlite3VdbeAddOp2
Current: windowCodeOp Havoced: sqlite3VdbeAddOp2
Current: windowCodeOp Havoced: sqlite3VdbeCurrentAddr
Current: windowCodeOp Havoced: sqlite3VdbeAddOp2
Current: windowCodeOp Havoced: sqlite3VdbeAddOp0
Current: windowCodeOp Havoced: sqlite3GetTempRange
Current: windowCodeOp Havoced: windowReadPeerValues
Current: windowCodeOp Havoced: windowIfNewPeer
Current: windowCodeOp Havoced: sqlite3ReleaseTempRange
Current: windowCodeOp Havoced: sqlite3VdbeAddOp2
Current: windowCodeOp Havoced: sqlite3VdbeResolveLabel
Current: sqlite3VdbeAddOp2 Havoced: sqlite3VdbeAddOp3
Current: sqlite3VdbeJumpHere Havoced: sqlite3VdbeChangeP2
Current: windowCodeOp Havoced: sqlite3VdbeMakeLabel
Current: windowCodeOp Havoced: sqlite3VdbeAddOp3
Current: windowCodeOp Havoced: sqlite3VdbeCurrentAddr
Current: windowCodeOp Havoced: windowCodeRangeTest
Current: windowCodeOp Havoced: windowCodeRangeTest
Current: windowCodeOp Havoced: windowCodeRangeTest
Current: windowCodeOp Havoced: windowAggFinal
Current: windowCodeOp Havoced: sqlite3VdbeCurrentAddr
Current: windowCodeOp Havoced: sqlite3GetTempReg
Current: windowCodeOp Havoced: sqlite3GetTempReg
Current: windowCodeOp Havoced: sqlite3VdbeAddOp2
Current: windowCodeOp Havoced: sqlite3VdbeAddOp3
Current: windowCodeOp Havoced: sqlite3VdbeAddOp2
Current: windowCodeOp Havoced: sqlite3VdbeAddOp2
Current: windowCodeOp Havoced: sqlite3VdbeAddOp3
Current: windowCodeOp Havoced: sqlite3ReleaseTempReg
Current: windowCodeOp Havoced: sqlite3ReleaseTempReg
Current: windowCodeOp Havoced: windowAggStep
Current: windowCodeOp Havoced: sqlite3VdbeAddOp2
Current: windowCodeOp Havoced: windowAggStep
Current: windowCodeOp Havoced: sqlite3VdbeAddOp2
Current: windowCodeOp Havoced: windowReturnOneRow
Current: windowCodeOp Havoced: sqlite3VdbeAddOp1
Current: windowCodeOp Havoced: sqlite3VdbeChangeP5
Current: windowCodeOp Havoced: sqlite3VdbeCurrentAddr
Current: windowCodeOp Havoced: sqlite3VdbeAddOp2
Current: windowCodeOp Havoced: sqlite3VdbeAddOp2
Current: windowCodeOp Havoced: sqlite3VdbeCurrentAddr
Current: windowCodeOp Havoced: sqlite3VdbeAddOp2
Current: windowCodeOp Havoced: sqlite3VdbeAddOp0
Current: windowCodeOp Havoced: sqlite3GetTempRange
Current: windowCodeOp Havoced: windowReadPeerValues
Current: windowCodeOp Havoced: windowIfNewPeer
Current: windowCodeOp Havoced: sqlite3ReleaseTempRange
Current: windowCodeOp Havoced: sqlite3VdbeAddOp2
Current: windowCodeOp Havoced: sqlite3VdbeResolveLabel
Current: sqlite3VdbeAddOp2 Havoced: sqlite3VdbeAddOp3
Current: sqlite3VdbeJumpHere Havoced: sqlite3VdbeChangeP2
Current: sqlite3VdbeJumpHere Havoced: sqlite3VdbeChangeP2
Current: windowCodeOp Havoced: sqlite3VdbeMakeLabel
Current: windowCodeOp Havoced: sqlite3VdbeAddOp3
Current: windowCodeOp Havoced: sqlite3VdbeCurrentAddr
Current: windowCodeOp Havoced: windowCodeRangeTest
Current: windowCodeOp Havoced: windowCodeRangeTest
Current: windowCodeOp Havoced: windowCodeRangeTest
Current: windowCodeOp Havoced: windowAggFinal
Current: windowCodeOp Havoced: sqlite3VdbeCurrentAddr
Current: windowCodeOp Havoced: sqlite3GetTempReg
Current: windowCodeOp Havoced: sqlite3GetTempReg
Current: windowCodeOp Havoced: sqlite3VdbeAddOp2
Current: windowCodeOp Havoced: sqlite3VdbeAddOp3
Current: windowCodeOp Havoced: sqlite3VdbeAddOp2
Current: windowCodeOp Havoced: sqlite3VdbeAddOp2
Current: windowCodeOp Havoced: sqlite3VdbeAddOp3
Current: windowCodeOp Havoced: sqlite3ReleaseTempReg
Current: windowCodeOp Havoced: sqlite3ReleaseTempReg
Current: windowCodeOp Havoced: windowAggStep
Current: windowCodeOp Havoced: sqlite3VdbeAddOp2
Current: windowCodeOp Havoced: windowAggStep
Current: windowCodeOp Havoced: sqlite3VdbeAddOp2
Current: windowCodeOp Havoced: windowReturnOneRow
Current: windowCodeOp Havoced: sqlite3VdbeAddOp1
Current: windowCodeOp Havoced: sqlite3VdbeChangeP5
Current: windowCodeOp Havoced: sqlite3VdbeCurrentAddr
Current: windowCodeOp Havoced: sqlite3VdbeAddOp2
Current: windowCodeOp Havoced: sqlite3VdbeAddOp2
Current: windowCodeOp Havoced: sqlite3VdbeCurrentAddr
Current: windowCodeOp Havoced: sqlite3VdbeAddOp2
Current: windowCodeOp Havoced: sqlite3VdbeAddOp0
Current: windowCodeOp Havoced: sqlite3GetTempRange
Current: windowCodeOp Havoced: windowReadPeerValues
Current: windowCodeOp Havoced: windowIfNewPeer
Current: windowCodeOp Havoced: sqlite3ReleaseTempRange
Current: windowCodeOp Havoced: sqlite3VdbeAddOp2
Current: windowCodeOp Havoced: sqlite3VdbeResolveLabel
Current: windowCodeOp Havoced: sqlite3VdbeMakeLabel
Current: windowCodeOp Havoced: sqlite3VdbeAddOp3
Current: windowCodeOp Havoced: sqlite3VdbeCurrentAddr
Current: windowCodeOp Havoced: windowCodeRangeTest
Current: windowCodeOp Havoced: windowCodeRangeTest
Current: windowCodeOp Havoced: windowCodeRangeTest
Current: windowCodeOp Havoced: windowAggFinal
Current: windowCodeOp Havoced: sqlite3VdbeCurrentAddr
Current: windowCodeOp Havoced: sqlite3GetTempReg
Current: windowCodeOp Havoced: sqlite3GetTempReg
Current: windowCodeOp Havoced: sqlite3VdbeAddOp2
Current: windowCodeOp Havoced: sqlite3VdbeAddOp3
Current: windowCodeOp Havoced: sqlite3VdbeAddOp2
Current: windowCodeOp Havoced: sqlite3VdbeAddOp2
Current: windowCodeOp Havoced: sqlite3VdbeAddOp3
Current: windowCodeOp Havoced: sqlite3ReleaseTempReg
Current: windowCodeOp Havoced: sqlite3ReleaseTempReg
Current: windowCodeOp Havoced: windowAggStep
Current: windowCodeOp Havoced: sqlite3VdbeAddOp2
Current: windowCodeOp Havoced: windowAggStep
Current: windowCodeOp Havoced: sqlite3VdbeAddOp2
Current: windowCodeOp Havoced: windowReturnOneRow
Current: windowCodeOp Havoced: sqlite3VdbeAddOp1
Current: windowCodeOp Havoced: sqlite3VdbeChangeP5
Current: windowCodeOp Havoced: sqlite3VdbeCurrentAddr
Current: windowCodeOp Havoced: sqlite3VdbeAddOp2
Current: windowCodeOp Havoced: sqlite3VdbeAddOp2
Current: windowCodeOp Havoced: sqlite3VdbeCurrentAddr
Current: windowCodeOp Havoced: sqlite3VdbeAddOp2
Current: windowCodeOp Havoced: sqlite3VdbeAddOp0
Current: windowCodeOp Havoced: sqlite3GetTempRange
Current: windowCodeOp Havoced: windowReadPeerValues
Current: windowCodeOp Havoced: windowIfNewPeer
Current: windowCodeOp Havoced: sqlite3ReleaseTempRange
Current: windowCodeOp Havoced: sqlite3VdbeAddOp2
Current: windowCodeOp Havoced: sqlite3VdbeResolveLabel
Current: windowCodeOp Havoced: sqlite3VdbeMakeLabel
Current: windowCodeOp Havoced: sqlite3VdbeAddOp3
Current: windowCodeOp Havoced: sqlite3VdbeCurrentAddr
Current: windowCodeOp Havoced: windowCodeRangeTest
Current: windowCodeOp Havoced: windowCodeRangeTest
Current: windowCodeOp Havoced: windowCodeRangeTest
Current: windowCodeOp Havoced: windowAggFinal
Current: windowCodeOp Havoced: sqlite3VdbeCurrentAddr
Current: windowCodeOp Havoced: sqlite3GetTempReg
Current: windowCodeOp Havoced: sqlite3GetTempReg
Current: windowCodeOp Havoced: sqlite3VdbeAddOp2
Current: windowCodeOp Havoced: sqlite3VdbeAddOp3
Current: windowCodeOp Havoced: sqlite3VdbeAddOp2
Current: windowCodeOp Havoced: sqlite3VdbeAddOp2
Current: windowCodeOp Havoced: sqlite3VdbeAddOp3
Current: windowCodeOp Havoced: sqlite3ReleaseTempReg
Current: windowCodeOp Havoced: sqlite3ReleaseTempReg
Current: windowCodeOp Havoced: windowAggStep
Current: windowCodeOp Havoced: sqlite3VdbeAddOp2
Current: windowCodeOp Havoced: windowAggStep
Current: windowCodeOp Havoced: sqlite3VdbeAddOp2
Current: windowCodeOp Havoced: windowReturnOneRow
Current: windowCodeOp Havoced: sqlite3VdbeAddOp1
Current: windowCodeOp Havoced: sqlite3VdbeChangeP5
Current: windowCodeOp Havoced: sqlite3VdbeCurrentAddr
Current: windowCodeOp Havoced: sqlite3VdbeAddOp2
Current: windowCodeOp Havoced: sqlite3VdbeAddOp2
Current: windowCodeOp Havoced: sqlite3VdbeCurrentAddr
Current: windowCodeOp Havoced: sqlite3VdbeAddOp2
Current: windowCodeOp Havoced: sqlite3VdbeAddOp0
Current: windowCodeOp Havoced: sqlite3GetTempRange
Current: windowCodeOp Havoced: windowReadPeerValues
Current: windowCodeOp Havoced: windowIfNewPeer
Current: windowCodeOp Havoced: sqlite3ReleaseTempRange
Current: windowCodeOp Havoced: sqlite3VdbeAddOp2
Current: windowCodeOp Havoced: sqlite3VdbeResolveLabel
Current: sqlite3VdbeJumpHere Havoced: sqlite3VdbeChangeP2
Current: sqlite3VdbeAddOp1 Havoced: sqlite3VdbeAddOp3
Current: sqlite3VdbeAddOp2 Havoced: sqlite3VdbeAddOp3
Current: sqlite3VdbeAddOp2 Havoced: sqlite3VdbeAddOp3
Current: sqlite3VdbeChangeP1 Havoced: sqlite3VdbeGetOp
Current: sqlite3VdbeAddOp1 Havoced: sqlite3VdbeAddOp3

                                                           0 sec [DONE]
        Number of expressions:                        177599
        after encoding

      12 assertions before transformations (11 no_back_edge, 1 custom).

      Performing formula transformations ...
        Simplifier
          Number of rewrites                           17564
        Fixed Memory Address Assigner
          Number of moved ops                              0
          Number of rewrites                            5208
        Simplifier
          Number of moved ops                              0
          Number of rewrites                           73491
        Memory Model Encoder
          Number of moved ops                              0rewriteAllocaOprewriteStackAddressOp
rewriteAllocaOprewriteStackAddressOp
rewriteAllocaOprewriteStackAddressOp

          Number of rewrites                               3
        Simplifier
          Number of moved ops                              0
          Number of rewrites                            1142
        Simplifier
          Number of moved ops                              0
          Number of rewrites                             215
        ToASC Analyser
          Memcpy/memset found                             no
        Byte-Based Memory Creator
        Instantiation-Based ToASC Simplifier
        Simplifier
        FP Abstraction
          Number of rewrites                              44

Abstracted floating point operations.  The result might be a false positive.

        Simplifier
          Number of moved ops                              0
          Number of rewrites                               0
                                                           0 sec [DONE]
        
      12 assertions remain after transformations (11 no_back_edge, 1 custom).
after rewriteFormula
after sanityCheckFormula

      Running SMT solver (STP with MiniSat) ...