runJobCommand
arguents: child
arguents: job
arguents: mode
Careful, HavocLimit is not zero. Call Abstraction is activated
handleJobInSeparateProcess0

Checking job 5364 ...about to run job:
preconNumber: 0, 0

  Running Model Checker with 1 checks ...try
try ready

    SMTSolver : stp
    CallStackBound : 0
    StopEncodingAfterCheckLoop : 0
    LoopUnrollBound : 1
    HavocLimit : 1
    PreconditionNumber : 0
    PreconditionLocation : jobs/5364
    TimeOut : 600
    InitializedGlobals : false
    IgnoreMissingFunctions : false
    StopEncodingAfterCheck : false
    OverApproxVaArgs : false
    PreconditionCheckMemory : false
    PreconditionOnlyArguments : trueI [0] lib/ModelChecker/Verifier.cpp:247 | EntryPoint : sqlite3ExprCodeIN
m_checker->run()

    Performing bounded model checking ...
      Unrolling loop in function "sqlite3ExprCodeIN" for 1 iterations succeeded.
      Unrolling loop in function "sqlite3ExprCodeIN" for 1 iterations succeeded.
      Unrolling loop in function "sqlite3ExprCodeIN" for 1 iterations succeeded.
      Unrolling loop in function "sqlite3ExprCodeIN" for 1 iterations succeeded.
      Unrolling loop in function "sqlite3ExprCodeIN" for 1 iterations succeeded.
      Transformed "sqlite3ExprCodeIN" from 77 to 86 basic blocks and from 393 to 423 instructions
      Performing pre-transformations on LLVM IR ...        0 sec [DONE]
        
      Performing logical encoding ...Current: sqlite3ExprCodeIN Havoced: sqlite3ExprCheckIN
Current: sqlite3ExprCodeIN Havoced: exprINAffinity
Current: sqlite3ExprCodeIN Havoced: sqlite3ExprVectorSize
Current: sqlite3ExprCodeIN Havoced: sqlite3DbMallocZero
Current: sqlite3ExprCodeIN Havoced: sqlite3FindInIndex
Current: sqlite3ExprCodeIN Havoced: exprCodeVector
Current: sqlite3ExprCodeIN Havoced: sqlite3GetTempRange
Current: sqlite3ExprCodeIN Havoced: sqlite3VdbeAddOp3
Current: sqlite3ExprCodeIN Havoced: sqlite3VdbeMakeLabel
Current: sqlite3ExprCodeIN Havoced: sqlite3VectorFieldSubexpr
Current: sqlite3ExprCodeIN Havoced: sqlite3ExprCanBeNull
Current: sqlite3ExprCodeIN Havoced: sqlite3VdbeAddOp2
Current: sqlite3ExprCodeIN Havoced: sqlite3VdbeAddOp4
Current: sqlite3ExprCodeIN Havoced: sqlite3VdbeAddOp4Int
Current: sqlite3ExprCodeIN Havoced: sqlite3VdbeAddOp4Int
Current: sqlite3ExprCodeIN Havoced: sqlite3VdbeAddOp3
Current: sqlite3ExprCodeIN Havoced: sqlite3VdbeAddOp0
Current: sqlite3ExprCodeIN Havoced: sqlite3VdbeAddOp2
Current: sqlite3ExprCodeIN Havoced: sqlite3VdbeGoto
Current: sqlite3ExprCodeIN Havoced: sqlite3VdbeResolveLabel
Current: sqlite3ExprCodeIN Havoced: sqlite3VdbeAddOp2
Current: sqlite3ExprCodeIN Havoced: sqlite3VdbeMakeLabel
Current: sqlite3ExprCodeIN Havoced: sqlite3GetTempReg
Current: sqlite3ExprCodeIN Havoced: sqlite3VectorFieldSubexpr
Current: sqlite3ExprCodeIN Havoced: sqlite3ExprCollSeq
Current: sqlite3ExprCodeIN Havoced: sqlite3VdbeAddOp3
Current: sqlite3ExprCodeIN Havoced: sqlite3VdbeAddOp4
Current: sqlite3ExprCodeIN Havoced: sqlite3ReleaseTempReg
Current: sqlite3ExprCodeIN Havoced: sqlite3VdbeAddOp2
Current: sqlite3ExprCodeIN Havoced: sqlite3VdbeResolveLabel
Current: sqlite3ExprCodeIN Havoced: sqlite3VdbeAddOp2
Current: sqlite3ExprCodeIN Havoced: sqlite3VdbeAddOp2
Current: sqlite3ExprCodeIN Havoced: sqlite3VdbeJumpHere
Current: sqlite3ExprCodeIN Havoced: sqlite3ExprCollSeq
Current: sqlite3ExprCodeIN Havoced: sqlite3VdbeMakeLabel
Current: sqlite3ExprCodeIN Havoced: sqlite3GetTempReg
Current: sqlite3ExprCodeIN Havoced: sqlite3VdbeAddOp3
Current: sqlite3ExprCodeIN Havoced: sqlite3ExprCodeTemp
Current: sqlite3ExprCodeIN Havoced: sqlite3ExprCanBeNull
Current: sqlite3ExprCodeIN Havoced: sqlite3VdbeAddOp3
Current: sqlite3ExprCodeIN Havoced: sqlite3ReleaseTempReg
Current: sqlite3ExprCodeIN Havoced: sqlite3VdbeAddOp4
Current: sqlite3ExprCodeIN Havoced: sqlite3VdbeChangeP5
Current: sqlite3ExprCodeIN Havoced: sqlite3VdbeAddOp4
Current: sqlite3ExprCodeIN Havoced: sqlite3VdbeChangeP5
Current: sqlite3ExprCodeIN Havoced: sqlite3VdbeAddOp2
Current: sqlite3ExprCodeIN Havoced: sqlite3VdbeGoto
Current: sqlite3ExprCodeIN Havoced: sqlite3VdbeResolveLabel
Current: sqlite3ExprCodeIN Havoced: sqlite3ReleaseTempReg
Current: sqlite3ExprCodeIN Havoced: sqlite3ReleaseTempReg
Current: sqlite3ExprCodeIN Havoced: sqlite3DbFree
Current: sqlite3ExprCodeIN Havoced: sqlite3DbFree
                      0 sec [DONE]
        Number of expressions:                        155857
        after encoding

      6 assertions before transformations (5 no_back_edge, 1 custom).

      Performing formula transformations ...
        Simplifier
          Number of rewrites                            3828
        Fixed Memory Address Assigner
          Number of moved ops                              0
          Number of rewrites                            5208
        Simplifier
          Number of moved ops                              0
          Number of rewrites                           72635
        Memory Model Encoder
          Number of moved ops                              0rewriteAllocaOprewriteStackAddressOp
rewriteAllocaOprewriteStackAddressOp
rewriteAllocaOprewriteStackAddressOp
rewriteAllocaOprewriteStackAddressOp

          Number of rewrites                               4
        Simplifier
          Number of moved ops                              0
          Number of rewrites                               5
        Simplifier
          Number of moved ops                              0
          Number of rewrites                             142
        ToASC Analyser
          Memcpy/memset found                             no
        Byte-Based Memory Creator
        Instantiation-Based ToASC Simplifier
        Simplifier
        FP Abstraction
          Number of rewrites                              44

Abstracted floating point operations.  The result might be a false positive.

        Simplifier
          Number of moved ops                              0
          Number of rewrites                               0
                                                           0 sec [DONE]
        
      6 assertions remain after transformations (5 no_back_edge, 1 custom).
after rewriteFormula
after sanityCheckFormula

      Running SMT solver (STP with MiniSat) ...