runJobCommand
arguents: child
arguents: job
arguents: mode
Careful, HavocLimit is not zero. Call Abstraction is activated
handleJobInSeparateProcess0

Checking job 4198 ...about to run job:
preconNumber: 0, 0

  Running Model Checker with 1 checks ...try
try ready

    SMTSolver : stp
    CallStackBound : 0
    StopEncodingAfterCheckLoop : 0
    LoopUnrollBound : 1
    HavocLimit : 1
    PreconditionNumber : 0
    PreconditionLocation : jobs/4198
    TimeOut : 600
    InitializedGlobals : false
    IgnoreMissingFunctions : false
    StopEncodingAfterCheck : false
    OverApproxVaArgs : false
    PreconditionCheckMemory : false
    PreconditionOnlyArguments : trueI [1] lib/ModelChecker/Verifier.cpp:247 | EntryPoint : backupOnePage
m_checker->run()

    Performing bounded model checking ...
      Unrolling loop in function "backupOnePage" for 1 iterations succeeded.
      Transformed "backupOnePage" from 21 to 34 basic blocks and from 158 to 255 instructions
      Performing pre-transformations on LLVM IR ...        0 sec [DONE]
        
      Performing logical encoding ...Current: backupOnePage Havoced: sqlite3BtreePager
Current: backupOnePage Havoced: sqlite3BtreeGetPageSize
Current: backupOnePage Havoced: sqlite3BtreeGetPageSize
Current: backupOnePage Havoced: sqlite3PagerIsMemdb
Current: backupOnePage Havoced: sqlite3PagerGet
Current: backupOnePage Havoced: sqlite3PagerWrite
Current: backupOnePage Havoced: sqlite3PagerGetData
isMemcpy:   call void @llvm.memcpy.p0i8.p0i8.i64(i8* %52, i8* %47, i64 %53, i32 1, i1 false), !dbg !5715
Current: backupOnePage Havoced: sqlite3PagerGetExtra
Current: backupOnePage Havoced: sqlite3BtreeLastPage
Current: backupOnePage Havoced: sqlite3Put4byte
Current: backupOnePage Havoced: sqlite3PagerUnref
Current: backupOnePage Havoced: sqlite3PagerGet
Current: backupOnePage Havoced: sqlite3PagerWrite
Current: backupOnePage Havoced: sqlite3PagerGetData
isMemcpy:   call void @llvm.memcpy.p0i8.p0i8.i64(i8* %99, i8* %94, i64 %100, i32 1, i1 false), !dbg !5715
Current: backupOnePage Havoced: sqlite3PagerGetExtra
Current: backupOnePage Havoced: sqlite3BtreeLastPage
Current: backupOnePage Havoced: sqlite3Put4byte
Current: backupOnePage Havoced: sqlite3PagerUnref
                      0 sec [DONE]
        Number of expressions:                        155423
        after encoding

      3 assertions before transformations (1 no_back_edge, 2 custom).

      Performing formula transformations ...
        Simplifier
          Number of rewrites                            3571
        Fixed Memory Address Assigner
          Number of moved ops                              0
          Number of rewrites                            5208
        Simplifier
          Number of moved ops                              0
          Number of rewrites                           72647
        Memory Model Encoder
          Number of moved ops                              0rewriteAllocaOprewriteStackAddressOp

          Number of rewrites                               1
        Simplifier
          Number of moved ops                              0
          Number of rewrites                               3
        Simplifier
          Number of moved ops                              0
          Number of rewrites                             142
        ToASC Analyser
          Memcpy/memset found                            yes
        Byte-Based Memory Creator
          Number of rewrites                            8949
        Instantiation-Based ToASC Simplifier
          Number of rewrites                               2
        Simplifier
          Number of moved ops                              0
          Number of rewrites                           23084
        FP Abstraction
          Number of rewrites                              22

Abstracted floating point operations.  The result might be a false positive.

        Simplifier
          Number of moved ops                              0
          Number of rewrites                               0
                                                           0 sec [DONE]
        
      3 assertions remain after transformations (1 no_back_edge, 2 custom).
after rewriteFormula
after sanityCheckFormula

      Running SMT solver (STP with MiniSat) ...            0 sec [DONE]
        
                                                           1 sec [DONE]
      after performing Check
evaluateCheckerResultsViaRefinementLoop
checker.getResult() is Trace
checkOnlyPrecon: 0, size:1
getFailingCheckFor
setCheckToUnsafe
setCheckToUnsafe
Check for floating point traces / abstractions currently deactivated
trying to exclude Assertions for Failing Instruction

    Rerunning SMT solver (STP with MiniSat) ...            0 sec [DONE]
      checker.getResult() is Trace
checkOnlyPrecon: 0, size:1
getFailingCheckFor
setStatusMarkerAccordingToFailingInstruction
BranchInst - LoopBound
trying to exclude Assertions for Failing Instruction

    Rerunning SMT solver (STP with MiniSat) ...            0 sec [DONE]
      getCheckerResultAfterUpdatingMarker
Result is NoTrace

                                                           3 sec [DONE]
    allunsafe
    
                                                           3 sec [DONE]
  