runJobCommand
precondition analysis with entry:sqlite3GetToken
arguents: child
arguents: job
arguents: mode
arguents: precondition
handleJobInSeparateProcess0

Checking job 8140 ...about to run job:
preconNumber: 5, 1

  Running Model Checker with 1 checks ...entry: sqlite3GetToken, functionName: keywordCode
  <badref> = call i32 @qpr.precondition.keywordCode(i8* %0, i32 %465, i32* %1)
entry: sqlite3GetToken, functionName: keywordCode
entry: sqlite3GetToken, functionName: sqlite3GetToken
entry: sqlite3GetToken, functionName: sqlite3KeywordCode
try
try ready

    SMTSolver : stp
    CallStackBound : 0
    StopEncodingAfterCheckLoop : 1
    LoopUnrollBound : 1
    HavocLimit : 0
    PreconditionNumber : 5
    PreconditionLocation : jobs/8140
    TimeOut : 600
    InitializedGlobals : false
    IgnoreMissingFunctions : false
    StopEncodingAfterCheck : true
    OverApproxVaArgs : false
    PreconditionCheckMemory : false
    PreconditionOnlyArguments : trueI [0] lib/ModelChecker/Verifier.cpp:247 | EntryPoint : sqlite3GetToken
m_checker->run()

    Performing bounded model checking ...
      Unrolling loop in function "sqlite3GetToken" for 1 iterations succeeded.
      Unrolling loop in function "sqlite3GetToken" for 1 iterations succeeded.
      Unrolling loop in function "sqlite3GetToken" for 1 iterations succeeded.
      Unrolling loop in function "sqlite3GetToken" for 1 iterations succeeded.
      Unrolling loop in function "sqlite3GetToken" for 1 iterations succeeded.
      Unrolling loop in function "sqlite3GetToken" for 1 iterations succeeded.
      Unrolling loop in function "sqlite3GetToken" for 1 iterations succeeded.
      Unrolling loop in function "sqlite3GetToken" for 1 iterations succeeded.
      Unrolling loop in function "sqlite3GetToken" for 1 iterations succeeded.
      Unrolling loop in function "sqlite3GetToken" for 1 iterations succeeded.
      Unrolling loop in function "sqlite3GetToken" for 1 iterations succeeded.
      Unrolling loop in function "sqlite3GetToken" for 1 iterations succeeded.
      Unrolling loop in function "sqlite3GetToken" for 1 iterations succeeded.
      Unrolling loop in function "sqlite3GetToken" for 1 iterations succeeded.
      Unrolling loop in function "sqlite3GetToken" for 1 iterations succeeded.
      Unrolling loop in function "sqlite3GetToken" for 1 iterations succeeded.
      Unrolling loop in function "sqlite3GetToken" for 1 iterations succeeded.
      Transformed "sqlite3GetToken" from 180 to 246 basic blocks and from 827 to 1172 instructions
      Performing pre-transformations on LLVM IR ...        0 sec [DONE]
        
      Performing logical encoding ...size Alloca: 1
size Alloca: 1
TODO MKB implement precondition handling: IE
Reading in precondition at: jobs/8140/precondition_keywordCode.txt
preconFile: jobs/8140/precondition_keywordCode.txt
ref: [underoverapprox]name of function arguments, argValue:  
ref: [underoverapprox]name of function arguments, argValue:  
name of function arguments line
param: i32 %arg1:2147483647
---name: i32 %arg1, value: 2147483647.
integer, char or other simple types
name: i32 %arg1
assuming that there are not more then 10 arguments
nameIndex: 1
nameID: 1
argument name: .lcssa202
value: 2147483647
###new bool cond: bool % = compare(%.lcssa202, %i32__2147483647)
pruneOrAssert -- adding line boolCond: bool % = compare(%.lcssa202, %i32__2147483647)
param: i32 %arg1:2
---name: i32 %arg1, value: 2.
integer, char or other simple types
name: i32 %arg1
assuming that there are not more then 10 arguments
nameIndex: 1
nameID: 1
argument name: .lcssa202
value: 2
###new bool cond: bool % = compare(%.lcssa202, %i32__2)
pruneOrAssert -- adding line boolCond: bool % = compare(%.lcssa202, %i32__2)
param: i32 %arg1:3
---name: i32 %arg1, value: 3.
integer, char or other simple types
name: i32 %arg1
assuming that there are not more then 10 arguments
nameIndex: 1
nameID: 1
argument name: .lcssa202
value: 3
###new bool cond: bool % = compare(%.lcssa202, %i32__3)
pruneOrAssert -- adding line boolCond: bool % = compare(%.lcssa202, %i32__3)
param: i32 %arg1:7
---name: i32 %arg1, value: 7.
integer, char or other simple types
name: i32 %arg1
assuming that there are not more then 10 arguments
nameIndex: 1
nameID: 1
argument name: .lcssa202
value: 7
###new bool cond: bool % = compare(%.lcssa202, %i32__7)
pruneOrAssert -- adding line boolCond: bool % = compare(%.lcssa202, %i32__7)
param: i32 %arg1:5
---name: i32 %arg1, value: 5.
integer, char or other simple types
name: i32 %arg1
assuming that there are not more then 10 arguments
nameIndex: 1
nameID: 1
argument name: .lcssa202
value: 5
###new bool cond: bool % = compare(%.lcssa202, %i32__5)
pruneOrAssert -- adding line boolCond: bool % = compare(%.lcssa202, %i32__5)
Writing precondition type at: jobs/8140/precondition_type_sqlite3GetToken.txt

Type of Precondition:
[underoverapprox]
precondition found, end encoding
                      0 sec [DONE]
        Number of expressions:                        157100
        after encoding

      19 assertions before transformations (14 no_back_edge, 5 custom).

      Performing formula transformations ...
        Simplifier
          Number of rewrites                            4675
        Fixed Memory Address Assigner
          Number of moved ops                              2
          Number of rewrites                            5210
        Simplifier
          Number of moved ops                              2
          Number of rewrites                         2303027
        Memory Model Encoder
          Number of moved ops                              0
          Number of rewrites                               0
        Simplifier
          Number of rewrites                               0
        Simplifier
          Number of rewrites                             142
        ToASC Analyser
          Memcpy/memset found                             no
        Byte-Based Memory Creator
        Instantiation-Based ToASC Simplifier
        Simplifier
        FP Abstraction
          Number of rewrites                              44

Abstracted floating point operations.  The result might be a false positive.

        Simplifier
          Number of moved ops                              0
          Number of rewrites                               0
                                                           2 sec [DONE]
        
      19 assertions remain after transformations (14 no_back_edge, 5 custom).
after rewriteFormula
after sanityCheckFormula

      Running SMT solver (STP with MiniSat) ...  0 sec [DONE]
      failingInst:   %1 = call i32 @qpr.precondition.keywordCode(i8* %arg0, i32 %arg1, i32* %0), !dbg !5616
Preconditions internal: 
i32 %arg1:2147483647; (i32 %arg1:2147483647)
 function does not read memory: 0, checkValidLoad:0, checkMemory: 0
function does not read memory 

assumePair: i32 %arg1 = nondef() : 2147483647

    Rerunning SMT solver (STP with MiniSat) ...            0 sec [DONE]
      name of function arguments: Writing precondition at: jobs/8140/precondition_sqlite3KeywordCode.txt

Generated Preconditions:
[underoverapprox]name of function arguments: 
i32 %arg1:2; 
i32 %arg1:3; 
i32 %arg1:5; 
i32 %arg1:7; 
i32 %arg1:2147483647; 

                                                           1 sec [DONE]
    allunsafe
    
                                                           1 sec [DONE]
  