runJobCommand
arguents: child
arguents: job
arguents: mode
Careful, HavocLimit is not zero. Call Abstraction is activated
handleJobInSeparateProcess0

Checking job 7963 ...about to run job:
preconNumber: 0, 0

  Running Model Checker with 1 checks ...try
try ready

    SMTSolver : stp
    CallStackBound : 0
    StopEncodingAfterCheckLoop : 0
    LoopUnrollBound : 1
    HavocLimit : 1
    PreconditionNumber : 0
    PreconditionLocation : jobs/7963
    TimeOut : 600
    InitializedGlobals : false
    IgnoreMissingFunctions : false
    StopEncodingAfterCheck : false
    OverApproxVaArgs : false
    PreconditionCheckMemory : false
    PreconditionOnlyArguments : trueI [0] lib/ModelChecker/Verifier.cpp:247 | EntryPoint : selectWindowRewriteExprCb
m_checker->run()

    Performing bounded model checking ...
      Unrolling loop in function "selectWindowRewriteExprCb" for 1 iterations succeeded.
      Unrolling loop in function "selectWindowRewriteExprCb" for 1 iterations succeeded.
      Unrolling loop in function "selectWindowRewriteExprCb" for 1 iterations succeeded.
      Transformed "selectWindowRewriteExprCb" from 50 to 59 basic blocks and from 240 to 267 instructions
      Performing pre-transformations on LLVM IR ...        0 sec [DONE]
        
      Performing logical encoding ...Current: selectWindowRewriteExprCb Havoced: sqlite3ExprCompare
Current: selectWindowRewriteExprCb Havoced: sqlite3ExprDup
Current: selectWindowRewriteExprCb Havoced: sqlite3ExprListAppend
Current: selectWindowRewriteExprCb Havoced: sqlite3ExprDelete
isMemset:   call void @llvm.memset.p0i8.i64(i8* %108, i8 0, i64 72, i32 8, i1 false), !dbg !5907
                      0 sec [DONE]
        Number of expressions:                        155571
        after encoding

      4 assertions before transformations (3 no_back_edge, 1 custom).

      Performing formula transformations ...
        Simplifier
          Number of rewrites                            3684
        Fixed Memory Address Assigner
          Number of moved ops                              1
          Number of rewrites                            5208
        Simplifier
          Number of moved ops                              0
          Number of rewrites                           72625
        Memory Model Encoder
          Number of moved ops                              0
          Number of rewrites                               0
        Simplifier
          Number of rewrites                               7
        Simplifier
          Number of moved ops                              0
          Number of rewrites                             144
        ToASC Analyser
          Memcpy/memset found                             no
        Byte-Based Memory Creator
        Instantiation-Based ToASC Simplifier
        Simplifier
        FP Abstraction
          Number of rewrites                              44

Abstracted floating point operations.  The result might be a false positive.

        Simplifier
          Number of moved ops                              0
          Number of rewrites                               0
                                                           0 sec [DONE]
        
      4 assertions remain after transformations (3 no_back_edge, 1 custom).
after rewriteFormula
after sanityCheckFormula

      Running SMT solver (STP with MiniSat) ...