runJobCommand
precondition analysis with entry:sqlite3VdbeChangeEncoding
arguents: child
arguents: job
arguents: mode
arguents: precondition
handleJobInSeparateProcess0

Checking job 1792 ...about to run job:
preconNumber: 5, 1

  Running Model Checker with 1 checks ...entry: sqlite3VdbeChangeEncoding, functionName: sqlite3VdbeMemTranslate
  <badref> = call i32 @qpr.precondition.sqlite3VdbeMemTranslate(%struct.sqlite3_value.97* %0, i8 %15)
entry: sqlite3VdbeChangeEncoding, functionName: sqlite3VdbeChangeEncoding
entry: sqlite3VdbeChangeEncoding, functionName: sqlite3VdbeMemTranslate
try
try ready

    SMTSolver : stp
    CallStackBound : 0
    StopEncodingAfterCheckLoop : 1
    LoopUnrollBound : 1
    HavocLimit : 0
    PreconditionNumber : 5
    PreconditionLocation : jobs/1792
    TimeOut : 600
    InitializedGlobals : false
    IgnoreMissingFunctions : false
    StopEncodingAfterCheck : true
    OverApproxVaArgs : false
    PreconditionCheckMemory : false
    PreconditionOnlyArguments : trueI [0] lib/ModelChecker/Verifier.cpp:247 | EntryPoint : sqlite3VdbeChangeEncoding
m_checker->run()

    Performing bounded model checking ...
      Performing pre-transformations on LLVM IR ...        0 sec [DONE]
        
      Performing logical encoding ...size Alloca: 1
TODO MKB implement precondition handling: IE
Reading in precondition at: jobs/1792/precondition_sqlite3VdbeMemTranslate.txt
preconFile: jobs/1792/precondition_sqlite3VdbeMemTranslate.txt
ref: [underoverapprox]name of function arguments, argValue:  
ref: [underoverapprox]name of function arguments, argValue:  
name of function arguments line
param: i8 %arg1:1
---name: i8 %arg1, value: 1.
integer, char or other simple types
name: i8 %arg1
assuming that there are not more then 10 arguments
nameIndex: 1
nameID: 1
argument name: 
value: 1
###new bool cond: bool % = compare(%, %i8__1)
pruneOrAssert -- adding line boolCond: bool % = compare(%, %i8__1)
param: i8 %arg1:2
---name: i8 %arg1, value: 2.
integer, char or other simple types
name: i8 %arg1
assuming that there are not more then 10 arguments
nameIndex: 1
nameID: 1
argument name: 
value: 2
###new bool cond: bool % = compare(%, %i8__2)
pruneOrAssert -- adding line boolCond: bool % = compare(%, %i8__2)
param: i8 %arg1:0
---name: i8 %arg1, value: 0.
integer, char or other simple types
name: i8 %arg1
assuming that there are not more then 10 arguments
nameIndex: 1
nameID: 1
argument name: 
value: 0
###new bool cond: bool % = compare(%, %i8__0)
pruneOrAssert -- adding line boolCond: bool % = compare(%, %i8__0)
param: i8 %arg1:3
---name: i8 %arg1, value: 3.
integer, char or other simple types
name: i8 %arg1
assuming that there are not more then 10 arguments
nameIndex: 1
nameID: 1
argument name: 
value: 3
###new bool cond: bool % = compare(%, %i8__3)
pruneOrAssert -- adding line boolCond: bool % = compare(%, %i8__3)
param: i8 %arg1:7
---name: i8 %arg1, value: 7.
integer, char or other simple types
name: i8 %arg1
assuming that there are not more then 10 arguments
nameIndex: 1
nameID: 1
argument name: 
value: 7
###new bool cond: bool % = compare(%, %i8__7)
pruneOrAssert -- adding line boolCond: bool % = compare(%, %i8__7)
Writing precondition type at: jobs/1792/precondition_type_sqlite3VdbeChangeEncoding.txt

Type of Precondition:
[underoverapprox]
precondition found, end encoding
                      0 sec [DONE]
        Number of expressions:                        155047
        after encoding

      5 assertions before transformations (5 custom).

      Performing formula transformations ...
        Simplifier
          Number of rewrites                            3352
        Fixed Memory Address Assigner
          Number of moved ops                              1
          Number of rewrites                            5209
        Simplifier
          Number of moved ops                              1
          Number of rewrites                          211993
        Memory Model Encoder
          Number of moved ops                              0
          Number of rewrites                               0
        Simplifier
          Number of rewrites                               0
        Simplifier
          Number of rewrites                             142
        ToASC Analyser
          Memcpy/memset found                             no
        Byte-Based Memory Creator
        Instantiation-Based ToASC Simplifier
        Simplifier
        FP Abstraction
          Number of rewrites                              44

Abstracted floating point operations.  The result might be a false positive.

        Simplifier
          Number of moved ops                              0
          Number of rewrites                               0
                                                           0 sec [DONE]
        
      5 assertions remain after transformations (5 custom).
after rewriteFormula
after sanityCheckFormula

      Running SMT solver (STP with MiniSat) ...            0 sec [DONE]
        
                                                           0 sec [DONE]
      after performing Check
evaluateCheckerResultsViaRefinementLoop
checker.getResult() is Trace
checkOnlyPrecon: 1, size:1
setCheckToUnsafe for precondition Instruction
checkID: 5848
setCheckToUnsafe
set check to unsafe
getCheckerResultAfterUpdatingMarker
failingInst:   %10 = call i32 @qpr.precondition.sqlite3VdbeMemTranslate(%struct.sqlite3_value.97* %arg0, i8 %9), !dbg !5630
Preconditions internal: 
i32 %arg1:1; (i32 %arg1:1)
 function does not read memory: 0, checkValidLoad:0, checkMemory: 0
function does not read memory 

assumePair: i32 %arg1 = nondef() : 1

    Rerunning SMT solver (STP with MiniSat) ...            0 sec [DONE]
      failingInst is nullptr
Preconditions internal: 
i32 %arg1:2; (i32 %arg1:2)
 function does not read memory: 0, checkValidLoad:0, checkMemory: 0
function does not read memory 

assumePair: i32 %arg1 = nondef() : 2

    Rerunning SMT solver (STP with MiniSat) ...            0 sec [DONE]
      failingInst is nullptr
Preconditions internal: 
i32 %arg1:3; (i32 %arg1:3)
 function does not read memory: 0, checkValidLoad:0, checkMemory: 0
function does not read memory 

assumePair: i32 %arg1 = nondef() : 3

    Rerunning SMT solver (STP with MiniSat) ...            0 sec [DONE]
      failingInst is nullptr
Preconditions internal: 
i32 %arg1:7; (i32 %arg1:7)
 function does not read memory: 0, checkValidLoad:0, checkMemory: 0
function does not read memory 

assumePair: i32 %arg1 = nondef() : 7

    Rerunning SMT solver (STP with MiniSat) ...            0 sec [DONE]
      failingInst:   %10 = call i32 @qpr.precondition.sqlite3VdbeMemTranslate(%struct.sqlite3_value.97* %arg0, i8 %9), !dbg !5630
Preconditions internal: 
i32 %arg1:32769; (i32 %arg1:32769)
 function does not read memory: 0, checkValidLoad:0, checkMemory: 0
function does not read memory 

assumePair: i32 %arg1 = nondef() : 32769

    Rerunning SMT solver (STP with MiniSat) ...            0 sec [DONE]
      name of function arguments: Writing precondition at: jobs/1792/precondition_sqlite3VdbeChangeEncoding.txt

Generated Preconditions:
[underoverapprox]name of function arguments: 
i32 %arg1:1; 
i32 %arg1:2; 
i32 %arg1:3; 
i32 %arg1:7; 
i32 %arg1:32769; 

                                                           2 sec [DONE]
    allunsafe
    
                                                           2 sec [DONE]
  