runJobCommand
arguents: child
arguents: job
arguents: mode
Careful, HavocLimit is not zero. Call Abstraction is activated
handleJobInSeparateProcess0

Checking job 8024 ...about to run job:
preconNumber: 0, 0

  Running Model Checker with 1 checks ...try
try ready

    SMTSolver : stp
    CallStackBound : 0
    StopEncodingAfterCheckLoop : 0
    LoopUnrollBound : 1
    HavocLimit : 1
    PreconditionNumber : 0
    PreconditionLocation : jobs/8024
    TimeOut : 600
    InitializedGlobals : false
    IgnoreMissingFunctions : false
    StopEncodingAfterCheck : false
    OverApproxVaArgs : false
    PreconditionCheckMemory : false
    PreconditionOnlyArguments : trueI [1] lib/ModelChecker/Verifier.cpp:247 | EntryPoint : windowAggFinal
m_checker->run()

    Performing bounded model checking ...
      Unrolling loop in function "windowAggFinal" for 1 iterations succeeded.
      Transformed "windowAggFinal" from 16 to 17 basic blocks and from 102 to 105 instructions
      Performing pre-transformations on LLVM IR ...        0 sec [DONE]
        
      Performing logical encoding ...Current: windowAggFinal Havoced: sqlite3GetVdbe
Current: windowAggFinal Havoced: windowArgCount
Current: windowAggFinal Havoced: sqlite3VdbeAddOp3
Current: windowAggFinal Havoced: sqlite3VdbeAppendP4
Current: windowAggFinal Havoced: sqlite3VdbeAddOp2
Current: windowAggFinal Havoced: sqlite3VdbeAppendP4
Current: windowAggFinal Havoced: sqlite3VdbeAddOp2
Current: windowAggFinal Havoced: sqlite3VdbeAddOp2
Current: windowAggFinal Havoced: sqlite3VdbeAddOp2
Current: windowAggFinal Havoced: sqlite3VdbeAddOp1
Current: windowAggFinal Havoced: sqlite3VdbeAddOp3
Current: windowAggFinal Havoced: sqlite3VdbeCurrentAddr
Current: windowAggFinal Havoced: sqlite3VdbeJumpHere
                      0 sec [DONE]
        Number of expressions:                        155210
        after encoding

      2 assertions before transformations (1 no_back_edge, 1 custom).

      Performing formula transformations ...
        Simplifier
          Number of rewrites                            3436
        Fixed Memory Address Assigner
          Number of moved ops                              0
          Number of rewrites                            5208
        Simplifier
          Number of moved ops                              0
          Number of rewrites                           72604
        Memory Model Encoder
          Number of moved ops                              0
          Number of rewrites                               0
        Simplifier
          Number of rewrites                               2
        Simplifier
          Number of moved ops                              0
          Number of rewrites                             142
        ToASC Analyser
          Memcpy/memset found                             no
        Byte-Based Memory Creator
        Instantiation-Based ToASC Simplifier
        Simplifier
        FP Abstraction
          Number of rewrites                              44

Abstracted floating point operations.  The result might be a false positive.

        Simplifier
          Number of moved ops                              0
          Number of rewrites                               0
                                                           0 sec [DONE]
        
      2 assertions remain after transformations (1 no_back_edge, 1 custom).
after rewriteFormula
after sanityCheckFormula

      Running SMT solver (STP with MiniSat) ...