runJobCommand
arguents: child
arguents: job
arguents: mode
Careful, HavocLimit is not zero. Call Abstraction is activated
handleJobInSeparateProcess0

Checking job 89 ...about to run job:
preconNumber: 0, 0

  Running Model Checker with 2 checks ...try
try ready

    SMTSolver : stp
    CallStackBound : 0
    StopEncodingAfterCheckLoop : 0
    LoopUnrollBound : 12
    HavocLimit : 1
    PreconditionNumber : 0
    PreconditionLocation : jobs/89
    TimeOut : 300
    InitializedGlobals : false
    IgnoreMissingFunctions : false
    StopEncodingAfterCheck : false
    OverApproxVaArgs : false
    PreconditionCheckMemory : false
    PreconditionOnlyArguments : trueI [0] lib/ModelChecker/Verifier.cpp:247 | EntryPoint : extract_aux_header_mode
m_checker->run()

    Performing bounded model checking ...
      Unrolling loop in function "extract_aux_header_mode" for 12 iterations succeeded.
      Transformed "extract_aux_header_mode" from 16 to 414 basic blocks and from 104 to 1401 instructions
      Performing pre-transformations on LLVM IR ...        0 sec [DONE]
        
      Performing logical encoding ...Current: extract_aux_header_mode Havoced: initStubs
Current: extract_aux_header_mode Havoced: unpack_aux_frame
Current: extract_aux_header_mode Havoced: move_next_frame
Current: extract_aux_header_mode Havoced: move_next_frame
Current: extract_aux_header_mode Havoced: move_next_frame
Current: extract_aux_header_mode Havoced: move_next_frame
Current: extract_aux_header_mode Havoced: unpack_sensortime_frame
Current: extract_aux_header_mode Havoced: unpack_skipped_frame
Current: extract_aux_header_mode Havoced: unpack_aux_frame
Current: extract_aux_header_mode Havoced: move_next_frame
Current: extract_aux_header_mode Havoced: move_next_frame
Current: extract_aux_header_mode Havoced: move_next_frame
Current: extract_aux_header_mode Havoced: move_next_frame
Current: extract_aux_header_mode Havoced: unpack_sensortime_frame
Current: extract_aux_header_mode Havoced: unpack_skipped_frame
Current: extract_aux_header_mode Havoced: unpack_aux_frame
Current: extract_aux_header_mode Havoced: move_next_frame
Current: extract_aux_header_mode Havoced: move_next_frame
Current: extract_aux_header_mode Havoced: move_next_frame
Current: extract_aux_header_mode Havoced: move_next_frame
Current: extract_aux_header_mode Havoced: unpack_sensortime_frame
Current: extract_aux_header_mode Havoced: unpack_skipped_frame
Current: extract_aux_header_mode Havoced: unpack_aux_frame
Current: extract_aux_header_mode Havoced: move_next_frame
Current: extract_aux_header_mode Havoced: move_next_frame
Current: extract_aux_header_mode Havoced: move_next_frame
Current: extract_aux_header_mode Havoced: move_next_frame
Current: extract_aux_header_mode Havoced: unpack_sensortime_frame
Current: extract_aux_header_mode Havoced: unpack_skipped_frame
Current: extract_aux_header_mode Havoced: unpack_aux_frame
Current: extract_aux_header_mode Havoced: move_next_frame
Current: extract_aux_header_mode Havoced: move_next_frame
Current: extract_aux_header_mode Havoced: move_next_frame
Current: extract_aux_header_mode Havoced: move_next_frame
Current: extract_aux_header_mode Havoced: unpack_sensortime_frame
Current: extract_aux_header_mode Havoced: unpack_skipped_frame
Current: extract_aux_header_mode Havoced: unpack_aux_frame
Current: extract_aux_header_mode Havoced: move_next_frame
Current: extract_aux_header_mode Havoced: move_next_frame
Current: extract_aux_header_mode Havoced: move_next_frame
Current: extract_aux_header_mode Havoced: move_next_frame
Current: extract_aux_header_mode Havoced: unpack_sensortime_frame
Current: extract_aux_header_mode Havoced: unpack_skipped_frame
Current: extract_aux_header_mode Havoced: unpack_aux_frame
Current: extract_aux_header_mode Havoced: move_next_frame
Current: extract_aux_header_mode Havoced: move_next_frame
Current: extract_aux_header_mode Havoced: move_next_frame
Current: extract_aux_header_mode Havoced: move_next_frame
Current: extract_aux_header_mode Havoced: unpack_sensortime_frame
Current: extract_aux_header_mode Havoced: unpack_skipped_frame
Current: extract_aux_header_mode Havoced: unpack_aux_frame
Current: extract_aux_header_mode Havoced: move_next_frame
Current: extract_aux_header_mode Havoced: move_next_frame
Current: extract_aux_header_mode Havoced: move_next_frame
Current: extract_aux_header_mode Havoced: move_next_frame
Current: extract_aux_header_mode Havoced: unpack_sensortime_frame
Current: extract_aux_header_mode Havoced: unpack_skipped_frame
Current: extract_aux_header_mode Havoced: unpack_aux_frame
Current: extract_aux_header_mode Havoced: move_next_frame
Current: extract_aux_header_mode Havoced: move_next_frame
Current: extract_aux_header_mode Havoced: move_next_frame
Current: extract_aux_header_mode Havoced: move_next_frame
Current: extract_aux_header_mode Havoced: unpack_sensortime_frame
Current: extract_aux_header_mode Havoced: unpack_skipped_frame
Current: extract_aux_header_mode Havoced: unpack_aux_frame
Current: extract_aux_header_mode Havoced: move_next_frame
Current: extract_aux_header_mode Havoced: move_next_frame
Current: extract_aux_header_mode Havoced: move_next_frame
Current: extract_aux_header_mode Havoced: move_next_frame
Current: extract_aux_header_mode Havoced: unpack_sensortime_frame
Current: extract_aux_header_mode Havoced: unpack_skipped_frame
Current: extract_aux_header_mode Havoced: unpack_aux_frame
Current: extract_aux_header_mode Havoced: move_next_frame
Current: extract_aux_header_mode Havoced: move_next_frame
Current: extract_aux_header_mode Havoced: move_next_frame
Current: extract_aux_header_mode Havoced: move_next_frame
Current: extract_aux_header_mode Havoced: unpack_sensortime_frame
Current: extract_aux_header_mode Havoced: unpack_skipped_frame
Current: extract_aux_header_mode Havoced: unpack_aux_frame
Current: extract_aux_header_mode Havoced: move_next_frame
Current: extract_aux_header_mode Havoced: move_next_frame
Current: extract_aux_header_mode Havoced: move_next_frame
Current: extract_aux_header_mode Havoced: move_next_frame
Current: extract_aux_header_mode Havoced: unpack_sensortime_frame
Current: extract_aux_header_mode Havoced: unpack_skipped_frame
                      0 sec [DONE]
        Number of expressions:                          4611
        after encoding

      25 assertions before transformations (1 no_back_edge, 24 custom).

      Performing formula transformations ...
        Simplifier
          Number of rewrites                            2631
        Fixed Memory Address Assigner
          Number of moved ops                              0
          Number of rewrites                               8
        Simplifier
          Number of moved ops                              0
          Number of rewrites                              78
        Memory Model Encoder
          Number of moved ops                              1rewriteAllocaOprewriteStackAddressOp
rewriteAllocaOprewriteStackAddressOp

          Number of rewrites                               2
        Simplifier
          Number of moved ops                              0
          Number of rewrites                              55
        Simplifier
          Number of moved ops                              0
          Number of rewrites                               0
        ToASC Analyser
          Memcpy/memset found                             no
        Byte-Based Memory Creator
        Instantiation-Based ToASC Simplifier
        Simplifier
        FP Abstraction
          Number of rewrites                               0
        Simplifier
          Number of rewrites                               0
                                                           0 sec [DONE]
        
      25 assertions remain after transformations (1 no_back_edge, 24 custom).
after rewriteFormula
after sanityCheckFormula

      Running SMT solver (STP with MiniSat) ...          131 sec [DONE]
        
                                                         131 sec [DONE]
      after performing Check
evaluateCheckerResultsViaRefinementLoop
checker.getResult() is Trace
checkOnlyPrecon: 0, size:2
getFailingCheckFor
setStatusMarkerAccordingToFailingInstruction
BranchInst - LoopBound
trying to exclude Assertions for Failing Instruction

    Rerunning SMT solver (STP with MiniSat) ...            0 sec [DONE]
      getCheckerResultAfterUpdatingMarker
Result is NoTrace

                                                         132 sec [DONE]
    allsafe
    
                                                         132 sec [DONE]
  