runJobCommand
arguents: child
arguents: job
arguents: mode
Careful, HavocLimit is not zero. Call Abstraction is activated
handleJobInSeparateProcess0

Checking job 5555 ...about to run job:
preconNumber: 0, 0

  Running Model Checker with 1 checks ...try
try ready

    SMTSolver : stp
    CallStackBound : 0
    StopEncodingAfterCheckLoop : 0
    LoopUnrollBound : 1
    HavocLimit : 2
    PreconditionNumber : 0
    PreconditionLocation : jobs/5555
    TimeOut : 600
    InitializedGlobals : false
    IgnoreMissingFunctions : false
    StopEncodingAfterCheck : false
    OverApproxVaArgs : false
    PreconditionCheckMemory : false
    PreconditionOnlyArguments : trueI [0] lib/ModelChecker/Verifier.cpp:247 | EntryPoint : renameTableSelectCb
m_checker->run()

    Performing bounded model checking ...
      Unrolling loop in function "renameTableSelectCb" for 1 iterations succeeded.
      Transformed "renameTableSelectCb" from 12 to 13 basic blocks and from 59 to 63 instructions
      Performing pre-transformations on LLVM IR ...        0 sec [DONE]
        
      Performing logical encoding ...
        Unrolling loop in function "renameTokenFind" for 1 iterations succeeded.
        Transformed "renameTokenFind" from 12 to 13 basic blocks and from 53 to 58 instructions
        Unrolling loop in function "renameWalkWith" for 1 iterations succeeded.
        Transformed "renameWalkWith" from 14 to 15 basic blocks and from 93 to 97 instructionsCurrent: renameWalkWith Havoced: sqlite3WithDup
Current: renameWalkWith Havoced: sqlite3WithPush
isMemset:   call void @llvm.memset.p0i8.i64(i8* %30, i8 0, i64 56, i32 8, i1 false), !dbg !5778
Current: renameWalkWith Havoced: sqlite3SelectPrep
Current: renameWalkWith Havoced: sqlite3WalkSelect
Current: renameWalkWith Havoced: sqlite3RenameExprlistUnmap

                                                           0 sec [DONE]
        Number of expressions:                        155417
        after encoding

      4 assertions before transformations (3 no_back_edge, 1 custom).

      Performing formula transformations ...
        Simplifier
          Number of rewrites                            3586
        Fixed Memory Address Assigner
          Number of moved ops                              0
          Number of rewrites                            5208
        Simplifier
          Number of moved ops                              0
          Number of rewrites                           72617
        Memory Model Encoder
          Number of moved ops                              0rewriteAllocaOprewriteStackAddressOp

          Number of rewrites                               1
        Simplifier
          Number of moved ops                              0
          Number of rewrites                              12
        Simplifier
          Number of moved ops                              0
          Number of rewrites                             199
        ToASC Analyser
          Memcpy/memset found                             no
        Byte-Based Memory Creator
        Instantiation-Based ToASC Simplifier
        Simplifier
        FP Abstraction
          Number of rewrites                              44

Abstracted floating point operations.  The result might be a false positive.

        Simplifier
          Number of moved ops                              0
          Number of rewrites                               0
                                                           0 sec [DONE]
        
      4 assertions remain after transformations (3 no_back_edge, 1 custom).
after rewriteFormula
after sanityCheckFormula

      Running SMT solver (STP with MiniSat) ...