runJobCommand
arguents: child
arguents: job
arguents: mode
Careful, HavocLimit is not zero. Call Abstraction is activated
handleJobInSeparateProcess0

Checking job 187 ...about to run job:
preconNumber: 0, 0

  Running Model Checker with 1 checks ...try
try ready

    SMTSolver : stp
    CallStackBound : 0
    StopEncodingAfterCheckLoop : 0
    LoopUnrollBound : 1
    HavocLimit : 1
    PreconditionNumber : 0
    PreconditionLocation : jobs/187
    TimeOut : 300
    InitializedGlobals : false
    IgnoreMissingFunctions : true
    StopEncodingAfterCheck : false
    OverApproxVaArgs : false
    PreconditionCheckMemory : false
    PreconditionOnlyArguments : trueI [0] lib/ModelChecker/Verifier.cpp:247 | EntryPoint : mat_durbin
m_checker->run()

    Performing bounded model checking ...
      Unrolling loop in function "mat_durbin" for 1 iterations succeeded.
      Unrolling loop in function "mat_durbin" for 1 iterations succeeded.
      Unrolling loop in function "mat_durbin" for 1 iterations succeeded.
      Unrolling loop in function "mat_durbin" for 1 iterations succeeded.
      Transformed "mat_durbin" from 34 to 38 basic blocks and from 280 to 292 instructions
      Performing pre-transformations on LLVM IR ...        0 sec [DONE]
        
      Performing logical encoding ...Current: mat_durbin Havoced: mat_creat
Current: mat_durbin Havoced: mat_creat
Current: mat_durbin Havoced: mat_creat
Current: mat_durbin Havoced: mat_creat
Current: mat_durbin Havoced: mat_free
Current: mat_durbin Havoced: mat_free
Current: mat_durbin Havoced: mat_free
Current: mat_durbin Havoced: mat_free
                      0 sec [DONE]
        Number of expressions:                          6517
        after encoding

      6 assertions before transformations (4 no_back_edge, 1 custom, 1 no_unreachable_executed).

      Performing formula transformations ...
        Simplifier
          Number of rewrites                             387
        Fixed Memory Address Assigner
          Number of moved ops                              0
          Number of rewrites                             364
        Simplifier
          Number of moved ops                              0
          Number of rewrites                            2745
        Memory Model Encoder
          Number of moved ops                              0
          Number of rewrites                               0
        Simplifier
          Number of rewrites                               3
        Simplifier
          Number of moved ops                              0
          Number of rewrites                               0
        ToASC Analyser
          Memcpy/memset found                             no
        Byte-Based Memory Creator
        Instantiation-Based ToASC Simplifier
        Simplifier
        FP Abstraction
          Number of rewrites                              21

Abstracted floating point operations.  The result might be a false positive.

        Simplifier
          Number of rewrites                               0
                                                           0 sec [DONE]
        
      6 assertions remain after transformations (4 no_back_edge, 1 custom, 1 no_unreachable_executed).
after rewriteFormula
after sanityCheckFormula

      Running SMT solver (STP with MiniSat) ...            1 sec [DONE]
        
                                                           1 sec [DONE]
      after performing Check
evaluateCheckerResultsViaRefinementLoop
checker.getResult() is Trace
checkOnlyPrecon: 0, size:1
getFailingCheckFor
setStatusMarkerAccordingToFailingInstruction
BranchInst - LoopBound
trying to exclude Assertions for Failing Instruction

    Rerunning SMT solver (STP with MiniSat) ...            1 sec [DONE]
      getCheckerResultAfterUpdatingMarker
Result is NoTrace

                                                           3 sec [DONE]
    allsafe
    
                                                           3 sec [DONE]
  