runJobCommand
arguents: child
arguents: job
arguents: mode
Careful, HavocLimit is not zero. Call Abstraction is activated
handleJobInSeparateProcess0

Checking job 6729 ...about to run job:
preconNumber: 0, 0

  Running Model Checker with 1 checks ...try
try ready

    SMTSolver : stp
    CallStackBound : 0
    StopEncodingAfterCheckLoop : 0
    LoopUnrollBound : 1
    HavocLimit : 2
    PreconditionNumber : 0
    PreconditionLocation : jobs/6729
    TimeOut : 600
    InitializedGlobals : false
    IgnoreMissingFunctions : false
    StopEncodingAfterCheck : false
    OverApproxVaArgs : false
    PreconditionCheckMemory : false
    PreconditionOnlyArguments : trueI [0] lib/ModelChecker/Verifier.cpp:247 | EntryPoint : selectInnerLoop
m_checker->run()

    Performing bounded model checking ...
      Unrolling loop in function "selectInnerLoop" for 1 iterations succeeded.
      Unrolling loop in function "selectInnerLoop" for 1 iterations succeeded.
      Unrolling loop in function "selectInnerLoop" for 1 iterations succeeded.
      Unrolling loop in function "selectInnerLoop" for 1 iterations succeeded.
      Transformed "selectInnerLoop" from 106 to 126 basic blocks and from 566 to 619 instructions
      Performing pre-transformations on LLVM IR ...        0 sec [DONE]
        
      Performing logical encoding ...Current: codeOffset Havoced: sqlite3VdbeAddOp3
Current: innerLoopLoadRow Havoced: sqlite3ExprCodeExprList
Current: sqlite3VdbeAddOp3 Havoced: growOp3

        Unrolling loop in function "codeDistinct" for 1 iterations succeeded.
        Transformed "codeDistinct" from 12 to 17 basic blocks and from 103 to 113 instructionsCurrent: codeDistinct Havoced: sqlite3VdbeCurrentAddr
Current: codeDistinct Havoced: sqlite3ExprCollSeq
Current: codeDistinct Havoced: sqlite3VdbeAddOp3
Current: codeDistinct Havoced: sqlite3VdbeAddOp3
Current: codeDistinct Havoced: sqlite3VdbeChangeP4
Current: codeDistinct Havoced: sqlite3VdbeChangeP5
Current: codeDistinct Havoced: sqlite3VdbeAddOp3
Current: codeDistinct Havoced: sqlite3GetTempReg
Current: codeDistinct Havoced: sqlite3VdbeAddOp4Int
Current: codeDistinct Havoced: sqlite3VdbeAddOp3
Current: codeDistinct Havoced: sqlite3VdbeAddOp4Int
Current: codeDistinct Havoced: sqlite3VdbeChangeP5
Current: codeDistinct Havoced: sqlite3ReleaseTempReg
Current: fixDistinctOpenEph Havoced: sqlite3VdbeChangeToNoop
Current: fixDistinctOpenEph Havoced: sqlite3VdbeGetOp
Current: fixDistinctOpenEph Havoced: sqlite3VdbeChangeToNoop
Current: fixDistinctOpenEph Havoced: sqlite3VdbeGetOp
Current: codeOffset Havoced: sqlite3VdbeAddOp3
Current: sqlite3VdbeAddOp2 Havoced: sqlite3VdbeAddOp3
Current: sqlite3VdbeAddOp3 Havoced: growOp3
Current: sqlite3VdbeAddOp4Int Havoced: sqlite3VdbeAddOp3
Current: sqlite3VdbeAddOp3 Havoced: growOp3
Current: pushOntoSorter Havoced: sqlite3VdbeMakeLabel
Current: pushOntoSorter Havoced: sqlite3ExprCodeExprList
Current: pushOntoSorter Havoced: sqlite3VdbeAddOp2
Current: pushOntoSorter Havoced: sqlite3ExprCodeMove
Current: pushOntoSorter Havoced: makeSorterRecord
Current: pushOntoSorter Havoced: sqlite3VdbeAddOp1
Current: pushOntoSorter Havoced: sqlite3VdbeAddOp1
Current: pushOntoSorter Havoced: sqlite3VdbeAddOp3
Current: pushOntoSorter Havoced: sqlite3VdbeGetOp
isMemset:   call void @llvm.memset.p0i8.i64(i8* %99, i8 0, i64 %102, i32 1, i1 false), !dbg !5790
Current: pushOntoSorter Havoced: sqlite3VdbeChangeP4
Current: pushOntoSorter Havoced: sqlite3KeyInfoFromExprList
Current: pushOntoSorter Havoced: sqlite3VdbeCurrentAddr
Current: pushOntoSorter Havoced: sqlite3VdbeAddOp3
Current: pushOntoSorter Havoced: sqlite3VdbeMakeLabel
Current: pushOntoSorter Havoced: sqlite3VdbeAddOp2
Current: pushOntoSorter Havoced: sqlite3VdbeAddOp1
Current: pushOntoSorter Havoced: sqlite3VdbeAddOp2
Current: pushOntoSorter Havoced: sqlite3VdbeJumpHere
Current: pushOntoSorter Havoced: sqlite3ExprCodeMove
Current: pushOntoSorter Havoced: sqlite3VdbeJumpHere
Current: pushOntoSorter Havoced: sqlite3VdbeCurrentAddr
Current: pushOntoSorter Havoced: sqlite3VdbeAddOp2
Current: pushOntoSorter Havoced: sqlite3VdbeAddOp2
Current: pushOntoSorter Havoced: sqlite3VdbeAddOp4Int
Current: pushOntoSorter Havoced: sqlite3VdbeAddOp1
Current: pushOntoSorter Havoced: makeSorterRecord
Current: pushOntoSorter Havoced: sqlite3VdbeAddOp4Int
Current: pushOntoSorter Havoced: sqlite3VdbeCurrentAddr
Current: pushOntoSorter Havoced: sqlite3VdbeChangeP2
Current: sqlite3VdbeAddOp4 Havoced: sqlite3VdbeAddOp3
Current: sqlite3VdbeAddOp4 Havoced: sqlite3VdbeChangeP4
Current: sqlite3VdbeAddOp4Int Havoced: sqlite3VdbeAddOp3
Current: pushOntoSorter Havoced: sqlite3VdbeMakeLabel
Current: pushOntoSorter Havoced: sqlite3ExprCodeExprList
Current: pushOntoSorter Havoced: sqlite3VdbeAddOp2
Current: pushOntoSorter Havoced: sqlite3ExprCodeMove
Current: pushOntoSorter Havoced: makeSorterRecord
Current: pushOntoSorter Havoced: sqlite3VdbeAddOp1
Current: pushOntoSorter Havoced: sqlite3VdbeAddOp1
Current: pushOntoSorter Havoced: sqlite3VdbeAddOp3
Current: pushOntoSorter Havoced: sqlite3VdbeGetOp
isMemset:   call void @llvm.memset.p0i8.i64(i8* %99, i8 0, i64 %102, i32 1, i1 false), !dbg !5790
Current: pushOntoSorter Havoced: sqlite3VdbeChangeP4
Current: pushOntoSorter Havoced: sqlite3KeyInfoFromExprList
Current: pushOntoSorter Havoced: sqlite3VdbeCurrentAddr
Current: pushOntoSorter Havoced: sqlite3VdbeAddOp3
Current: pushOntoSorter Havoced: sqlite3VdbeMakeLabel
Current: pushOntoSorter Havoced: sqlite3VdbeAddOp2
Current: pushOntoSorter Havoced: sqlite3VdbeAddOp1
Current: pushOntoSorter Havoced: sqlite3VdbeAddOp2
Current: pushOntoSorter Havoced: sqlite3VdbeJumpHere
Current: pushOntoSorter Havoced: sqlite3ExprCodeMove
Current: pushOntoSorter Havoced: sqlite3VdbeJumpHere
Current: pushOntoSorter Havoced: sqlite3VdbeCurrentAddr
Current: pushOntoSorter Havoced: sqlite3VdbeAddOp2
Current: pushOntoSorter Havoced: sqlite3VdbeAddOp2
Current: pushOntoSorter Havoced: sqlite3VdbeAddOp4Int
Current: pushOntoSorter Havoced: sqlite3VdbeAddOp1
Current: pushOntoSorter Havoced: makeSorterRecord
Current: pushOntoSorter Havoced: sqlite3VdbeAddOp4Int
Current: pushOntoSorter Havoced: sqlite3VdbeCurrentAddr
Current: pushOntoSorter Havoced: sqlite3VdbeChangeP2
Current: pushOntoSorter Havoced: sqlite3VdbeMakeLabel
Current: pushOntoSorter Havoced: sqlite3ExprCodeExprList
Current: pushOntoSorter Havoced: sqlite3VdbeAddOp2
Current: pushOntoSorter Havoced: sqlite3ExprCodeMove
Current: pushOntoSorter Havoced: makeSorterRecord
Current: pushOntoSorter Havoced: sqlite3VdbeAddOp1
Current: pushOntoSorter Havoced: sqlite3VdbeAddOp1
Current: pushOntoSorter Havoced: sqlite3VdbeAddOp3
Current: pushOntoSorter Havoced: sqlite3VdbeGetOp
isMemset:   call void @llvm.memset.p0i8.i64(i8* %99, i8 0, i64 %102, i32 1, i1 false), !dbg !5790
Current: pushOntoSorter Havoced: sqlite3VdbeChangeP4
Current: pushOntoSorter Havoced: sqlite3KeyInfoFromExprList
Current: pushOntoSorter Havoced: sqlite3VdbeCurrentAddr
Current: pushOntoSorter Havoced: sqlite3VdbeAddOp3
Current: pushOntoSorter Havoced: sqlite3VdbeMakeLabel
Current: pushOntoSorter Havoced: sqlite3VdbeAddOp2
Current: pushOntoSorter Havoced: sqlite3VdbeAddOp1
Current: pushOntoSorter Havoced: sqlite3VdbeAddOp2
Current: pushOntoSorter Havoced: sqlite3VdbeJumpHere
Current: pushOntoSorter Havoced: sqlite3ExprCodeMove
Current: pushOntoSorter Havoced: sqlite3VdbeJumpHere
Current: pushOntoSorter Havoced: sqlite3VdbeCurrentAddr
Current: pushOntoSorter Havoced: sqlite3VdbeAddOp2
Current: pushOntoSorter Havoced: sqlite3VdbeAddOp2
Current: pushOntoSorter Havoced: sqlite3VdbeAddOp4Int
Current: pushOntoSorter Havoced: sqlite3VdbeAddOp1
Current: pushOntoSorter Havoced: makeSorterRecord
Current: pushOntoSorter Havoced: sqlite3VdbeAddOp4Int
Current: pushOntoSorter Havoced: sqlite3VdbeCurrentAddr
Current: pushOntoSorter Havoced: sqlite3VdbeChangeP2
Current: sqlite3VdbeAddOp2 Havoced: sqlite3VdbeAddOp3
Current: sqlite3VdbeAddOp1 Havoced: sqlite3VdbeAddOp3
Current: pushOntoSorter Havoced: sqlite3VdbeMakeLabel
Current: pushOntoSorter Havoced: sqlite3ExprCodeExprList
Current: pushOntoSorter Havoced: sqlite3VdbeAddOp2
Current: pushOntoSorter Havoced: sqlite3ExprCodeMove
Current: pushOntoSorter Havoced: makeSorterRecord
Current: pushOntoSorter Havoced: sqlite3VdbeAddOp1
Current: pushOntoSorter Havoced: sqlite3VdbeAddOp1
Current: pushOntoSorter Havoced: sqlite3VdbeAddOp3
Current: pushOntoSorter Havoced: sqlite3VdbeGetOp
isMemset:   call void @llvm.memset.p0i8.i64(i8* %99, i8 0, i64 %102, i32 1, i1 false), !dbg !5790
Current: pushOntoSorter Havoced: sqlite3VdbeChangeP4
Current: pushOntoSorter Havoced: sqlite3KeyInfoFromExprList
Current: pushOntoSorter Havoced: sqlite3VdbeCurrentAddr
Current: pushOntoSorter Havoced: sqlite3VdbeAddOp3
Current: pushOntoSorter Havoced: sqlite3VdbeMakeLabel
Current: pushOntoSorter Havoced: sqlite3VdbeAddOp2
Current: pushOntoSorter Havoced: sqlite3VdbeAddOp1
Current: pushOntoSorter Havoced: sqlite3VdbeAddOp2
Current: pushOntoSorter Havoced: sqlite3VdbeJumpHere
Current: pushOntoSorter Havoced: sqlite3ExprCodeMove
Current: pushOntoSorter Havoced: sqlite3VdbeJumpHere
Current: pushOntoSorter Havoced: sqlite3VdbeCurrentAddr
Current: pushOntoSorter Havoced: sqlite3VdbeAddOp2
Current: pushOntoSorter Havoced: sqlite3VdbeAddOp2
Current: pushOntoSorter Havoced: sqlite3VdbeAddOp4Int
Current: pushOntoSorter Havoced: sqlite3VdbeAddOp1
Current: pushOntoSorter Havoced: makeSorterRecord
Current: pushOntoSorter Havoced: sqlite3VdbeAddOp4Int
Current: pushOntoSorter Havoced: sqlite3VdbeCurrentAddr
Current: pushOntoSorter Havoced: sqlite3VdbeChangeP2
Current: sqlite3GetTempRange Havoced: sqlite3GetTempReg
Current: sqlite3VdbeAddOp4Int Havoced: sqlite3VdbeAddOp3
Current: sqlite3VdbeAddOp3 Havoced: growOp3
Current: sqlite3VdbeAddOp2 Havoced: sqlite3VdbeAddOp3
Current: sqlite3VdbeAddOp2 Havoced: sqlite3VdbeAddOp3
Current: sqlite3VdbeAddOp2 Havoced: sqlite3VdbeAddOp3
Current: sqlite3VdbeAddOp3 Havoced: growOp3
Current: sqlite3VdbeAddOp4Int Havoced: sqlite3VdbeAddOp3
Current: sqlite3VdbeJumpHere Havoced: sqlite3VdbeChangeP2
Current: sqlite3ReleaseTempRange Havoced: sqlite3ReleaseTempReg
Current: sqlite3GetTempRange Havoced: sqlite3GetTempReg
Current: sqlite3VdbeAddOp3 Havoced: growOp3
Current: sqlite3VdbeAddOp4Int Havoced: sqlite3VdbeAddOp3
Current: sqlite3VdbeAddOp4Int Havoced: sqlite3VdbeAddOp3
Current: sqlite3VdbeAddOp2 Havoced: sqlite3VdbeAddOp3
Current: sqlite3VdbeAddOp3 Havoced: growOp3
Current: pushOntoSorter Havoced: sqlite3VdbeMakeLabel
Current: pushOntoSorter Havoced: sqlite3ExprCodeExprList
Current: pushOntoSorter Havoced: sqlite3VdbeAddOp2
Current: pushOntoSorter Havoced: sqlite3ExprCodeMove
Current: pushOntoSorter Havoced: makeSorterRecord
Current: pushOntoSorter Havoced: sqlite3VdbeAddOp1
Current: pushOntoSorter Havoced: sqlite3VdbeAddOp1
Current: pushOntoSorter Havoced: sqlite3VdbeAddOp3
Current: pushOntoSorter Havoced: sqlite3VdbeGetOp
isMemset:   call void @llvm.memset.p0i8.i64(i8* %99, i8 0, i64 %102, i32 1, i1 false), !dbg !5790
Current: pushOntoSorter Havoced: sqlite3VdbeChangeP4
Current: pushOntoSorter Havoced: sqlite3KeyInfoFromExprList
Current: pushOntoSorter Havoced: sqlite3VdbeCurrentAddr
Current: pushOntoSorter Havoced: sqlite3VdbeAddOp3
Current: pushOntoSorter Havoced: sqlite3VdbeMakeLabel
Current: pushOntoSorter Havoced: sqlite3VdbeAddOp2
Current: pushOntoSorter Havoced: sqlite3VdbeAddOp1
Current: pushOntoSorter Havoced: sqlite3VdbeAddOp2
Current: pushOntoSorter Havoced: sqlite3VdbeJumpHere
Current: pushOntoSorter Havoced: sqlite3ExprCodeMove
Current: pushOntoSorter Havoced: sqlite3VdbeJumpHere
Current: pushOntoSorter Havoced: sqlite3VdbeCurrentAddr
Current: pushOntoSorter Havoced: sqlite3VdbeAddOp2
Current: pushOntoSorter Havoced: sqlite3VdbeAddOp2
Current: pushOntoSorter Havoced: sqlite3VdbeAddOp4Int
Current: pushOntoSorter Havoced: sqlite3VdbeAddOp1
Current: pushOntoSorter Havoced: makeSorterRecord
Current: pushOntoSorter Havoced: sqlite3VdbeAddOp4Int
Current: pushOntoSorter Havoced: sqlite3VdbeCurrentAddr
Current: pushOntoSorter Havoced: sqlite3VdbeChangeP2
Current: sqlite3ReleaseTempRange Havoced: sqlite3ReleaseTempReg
Current: sqlite3VdbeAddOp2 Havoced: sqlite3VdbeAddOp3
Current: sqlite3VdbeAddOp3 Havoced: growOp3
Current: sqlite3VdbeAddOp3 Havoced: growOp3
Current: sqlite3VdbeAddOp4Int Havoced: sqlite3VdbeAddOp3
Current: sqlite3VdbeAddOp2 Havoced: sqlite3VdbeAddOp3

                                                           0 sec [DONE]
        Number of expressions:                        160347
        after encoding

      10 assertions before transformations (5 no_back_edge, 5 custom).

      Performing formula transformations ...
        Simplifier
          Number of rewrites                            5929
        Fixed Memory Address Assigner
          Number of moved ops                              0
          Number of rewrites                            5208
        Simplifier
          Number of moved ops                              0
          Number of rewrites                           72861
        Memory Model Encoder
          Number of moved ops                              0rewriteAllocaOprewriteStackAddressOp

          Number of rewrites                               1
        Simplifier
          Number of moved ops                              0
          Number of rewrites                              49
        Simplifier
          Number of moved ops                              0
          Number of rewrites                             142
        ToASC Analyser
          Memcpy/memset found                            yes
        Byte-Based Memory Creator
          Number of rewrites                            9471
        Instantiation-Based ToASC Simplifier
          Number of rewrites                               5
        Simplifier
          Number of moved ops                              0
          Number of rewrites                           23593
        FP Abstraction
          Number of rewrites                              22

Abstracted floating point operations.  The result might be a false positive.

        Simplifier
          Number of moved ops                              0
          Number of rewrites                               0
                                                           0 sec [DONE]
        
      10 assertions remain after transformations (5 no_back_edge, 5 custom).
after rewriteFormula
after sanityCheckFormula

      Running SMT solver (STP with MiniSat) ...