runJobCommand
arguents: child
arguents: job
arguents: mode
Careful, HavocLimit is not zero. Call Abstraction is activated
handleJobInSeparateProcess0

Checking job 5222 ...about to run job:
preconNumber: 0, 0

  Running Model Checker with 1 checks ...try
try ready

    SMTSolver : stp
    CallStackBound : 0
    StopEncodingAfterCheckLoop : 0
    LoopUnrollBound : 1
    HavocLimit : 2
    PreconditionNumber : 0
    PreconditionLocation : jobs/5222
    TimeOut : 600
    InitializedGlobals : false
    IgnoreMissingFunctions : false
    StopEncodingAfterCheck : false
    OverApproxVaArgs : false
    PreconditionCheckMemory : false
    PreconditionOnlyArguments : trueI [0] lib/ModelChecker/Verifier.cpp:247 | EntryPoint : updateRangeAffinityStr
m_checker->run()

    Performing bounded model checking ...
      Unrolling loop in function "updateRangeAffinityStr" for 1 iterations succeeded.
      Transformed "updateRangeAffinityStr" from 8 to 9 basic blocks and from 41 to 44 instructions
      Performing pre-transformations on LLVM IR ...        0 sec [DONE]
        
      Performing logical encoding ...Current: sqlite3VectorFieldSubexpr Havoced: sqlite3ExprIsVector
Current: sqlite3CompareAffinity Havoced: sqlite3ExprAffinity

        Unrolling loop in function "sqlite3ExprNeedsNoAffinityChange" for 1 iterations succeeded.
        Transformed "sqlite3ExprNeedsNoAffinityChange" from 23 to 37 basic blocks and from 100 to 149 instructions
                                                           0 sec [DONE]
        Number of expressions:                        155612
        after encoding

      3 assertions before transformations (2 no_back_edge, 1 custom).

      Performing formula transformations ...
        Simplifier
          Number of rewrites                            3723
        Fixed Memory Address Assigner
          Number of moved ops                              0
          Number of rewrites                            5208
        Simplifier
          Number of moved ops                              0
          Number of rewrites                           72618
        Memory Model Encoder
          Number of moved ops                              0
          Number of rewrites                               0
        Simplifier
          Number of rewrites                               4
        Simplifier
          Number of moved ops                              0
          Number of rewrites                             142
        ToASC Analyser
          Memcpy/memset found                             no
        Byte-Based Memory Creator
        Instantiation-Based ToASC Simplifier
        Simplifier
        FP Abstraction
          Number of rewrites                              44

Abstracted floating point operations.  The result might be a false positive.

        Simplifier
          Number of moved ops                              0
          Number of rewrites                               0
                                                           0 sec [DONE]
        
      3 assertions remain after transformations (2 no_back_edge, 1 custom).
after rewriteFormula
after sanityCheckFormula

      Running SMT solver (STP with MiniSat) ...            0 sec [DONE]
        
                                                           0 sec [DONE]
      after performing Check
evaluateCheckerResultsViaRefinementLoop
checker.getResult() is Trace
checkOnlyPrecon: 0, size:1
getFailingCheckFor
setStatusMarkerAccordingToFailingInstruction
BranchInst - LoopBound
trying to exclude Assertions for Failing Instruction

    Rerunning SMT solver (STP with MiniSat) ...            0 sec [DONE]
      checker.getResult() is Trace
checkOnlyPrecon: 0, size:1
getFailingCheckFor
setStatusMarkerAccordingToFailingInstruction
BranchInst - LoopBound
trying to exclude Assertions for Failing Instruction

    Rerunning SMT solver (STP with MiniSat) ...            0 sec [DONE]
      getCheckerResultAfterUpdatingMarker
Result is NoTrace

                                                           1 sec [DONE]
    allsafe
    
                                                           1 sec [DONE]
  ite3KeyInfoOfIndex
Current: sqlite3VdbeSetP4KeyInfo Havoced: sqlite3VdbeAppendP4
Current: sqlite3SetHasNullFlag Havoced: sqlite3VdbeAddOp2
Current: sqlite3SetHasNullFlag Havoced: sqlite3VdbeAddOp1
Current: sqlite3SetHasNullFlag Havoced: sqlite3VdbeAddOp3
Current: sqlite3SetHasNullFlag Havoced: sqlite3VdbeChangeP5
Current: sqlite3SetHasNullFlag Havoced: sqlite3VdbeJumpHere
Current: sqlite3VdbeJumpHere Havoced: sqlite3VdbeChangeP2
Current: sqlite3VectorFieldSubexpr Havoced: sqlite3ExprIsVector
Current: sqlite3CompareAffinity Havoced: sqlite3ExprAffinity
Current: sqlite3VdbeAddOp0 Havoced: sqlite3VdbeAddOp3
Current: sqlite3OpenTable Havoced: sqlite3TableLock
Current: sqlite3OpenTable Havoced: sqlite3PrimaryKeyIndex
Current: sqlite3OpenTable Havoced: sqlite3VdbeAddOp3
Current: sqlite3OpenTable Havoced: sqlite3VdbeSetP4KeyInfo
Current: sqlite3OpenTable Havoced: sqlite3VdbeAddOp4Int
Current: sqlite3VdbeExplain Havoced: sqlite3VMPrintf
Current: sqlite3VdbeExplain Havoced: sqlite3VdbeAddOp4
Current: sqlite3VdbeJumpHere Havoced: sqlite3VdbeChangeP2
Current: sqlite3InRhsIsConstant Havoced: sqlite3ExprIsConstant

        Unrolling loop in function "sqlite3CodeRhsOfIN" for 1 iterations succeeded.
        Unrolling loop in function "sqlite3CodeRhsOfIN" for 1 iterations succeeded.
        Transformed "sqlite3CodeRhsOfIN" from 42 to 44 basic blocks and from 334 to 344 instructionsCurrent: sqlite3CodeRhsOfIN Havoced: sqlite3VdbeAddOp2
Current: sqlite3CodeRhsOfIN Havoced: sqlite3VdbeAddOp0
Current: sqlite3CodeRhsOfIN Havoced: sqlite3VdbeAddOp0
Current: sqlite3CodeRhsOfIN Havoced: sqlite3VdbeExplain
Current: sqlite3CodeRhsOfIN Havoced: sqlite3VdbeAddOp2
Current: sqlite3CodeRhsOfIN Havoced: sqlite3VdbeAddOp2
Current: sqlite3CodeRhsOfIN Havoced: sqlite3VdbeJumpHere
Current: sqlite3CodeRhsOfIN Havoced: sqlite3ExprVectorSize
Current: sqlite3CodeRhsOfIN Havoced: sqlite3VdbeAddOp2
Current: sqlite3CodeRhsOfIN Havoced: sqlite3KeyInfoAlloc
Current: sqlite3CodeRhsOfIN Havoced: sqlite3ExprAffinity
Current: sqlite3CodeRhsOfIN Havoced: sqlite3ExprCollSeq
Current: sqlite3CodeRhsOfIN Havoced: sqlite3GetTempReg
Current: sqlite3CodeRhsOfIN Havoced: sqlite3GetTempReg
Current: sqlite3CodeRhsOfIN Havoced: sqlite3ExprIsConstant
Current: sqlite3CodeRhsOfIN Havoced: sqlite3VdbeChangeToNoop
Current: sqlite3CodeRhsOfIN Havoced: sqlite3ExprCode
Current: sqlite3CodeRhsOfIN Havoced: sqlite3VdbeAddOp4
Current: sqlite3CodeRhsOfIN Havoced: sqlite3VdbeAddOp4Int
Current: sqlite3CodeRhsOfIN Havoced: sqlite3ReleaseTempReg
Current: sqlite3CodeRhsOfIN Havoced: sqlite3ReleaseTempReg
Current: sqlite3CodeRhsOfIN Havoced: sqlite3VdbeExplain
Current: sqlite3CodeRhsOfIN Havoced: sqlite3SelectDestInit
Current: sqlite3CodeRhsOfIN Havoced: exprINAffinity
Current: sqlite3CodeRhsOfIN Havoced: sqlite3SelectDup
Current: sqlite3CodeRhsOfIN Havoced: sqlite3Select
Current: sqlite3CodeRhsOfIN Havoced: sqlite3SelectDelete
Current: sqlite3CodeRhsOfIN Havoced: sqlite3DbFree
Current: sqlite3CodeRhsOfIN Havoced: sqlite3VectorFieldSubexpr
Current: sqlite3CodeRhsOfIN Havoced: sqlite3BinaryCompareCollSeq
Current: sqlite3CodeRhsOfIN Havoced: sqlite3VdbeChangeP4
Current: sqlite3CodeRhsOfIN Havoced: sqlite3VdbeJumpHere
Current: sqlite3CodeRhsOfIN Havoced: sqlite3VdbeAddOp1
Current: sqlite3CodeRhsOfIN Havoced: sqlite3VdbeCurrentAddr
Current: sqlite3CodeRhsOfIN Havoced: sqlite3VdbeChangeP1
Current: sqlite3CodeRhsOfIN Havoced: sqlite3ClearTempRegCache
Current: sqlite3CodeRhsOfIN Havoced: sqlite3KeyInfoUnref
Current: sqlite3SetHasNullFlag Havoced: sqlite3VdbeAddOp2
Current: sqlite3SetHasNullFlag Havoced: sqlite3VdbeAddOp1
Current: sqlite3SetHasNullFlag Havoced: sqlite3VdbeAddOp3
Current: sqlite3SetHasNullFlag Havoced: sqlite3VdbeChangeP5
Current: sqlite3SetHasNullFlag Havoced: sqlite3VdbeJumpHere

                                                           0 sec [DONE]
        Number of expressions:                        159630
        after encoding

      17 assertions before transformations (15 no_back_edge, 2 custom).

      Performing formula transformations ...
        Simplifier
          Number of rewrites                            6046
        Fixed Memory Address Assigner
          Number of moved ops                              0
          Number of rewrites                            5208
        Simplifier
          Number of moved ops                              0
          Number of rewrites                           72850
        Memory Model Encoder
          Number of moved ops                              0rewriteAllocaOprewriteStackAddressOp
rewriteAllocaOprewriteStackAddressOp
rewriteAllocaOprewriteStackAddressOp
rewriteAllocaOprewriteStackAddressOp
rewriteAllocaOprewriteStackAddressOp
rewriteAllocaOprewriteStackAddressOp
rewriteAllocaOprewriteStackAddressOp
rewriteAllocaOprewriteStackAddressOp

          Number of rewrites                               8
        Simplifier
          Number of moved ops                              0
          Number of rewrites                             110
        Simplifier
          Number of moved ops                              0
          Number of rewrites                             142
        ToASC Analyser
          Memcpy/memset found                             no
        Byte-Based Memory Creator
        Instantiation-Based ToASC Simplifier
        Simplifier
        FP Abstraction
          Number of rewrites                              44

Abstracted floating point operations.  The result might be a false positive.

        Simplifier
          Number of moved ops                              0
          Number of rewrites                               0
                                                           0 sec [DONE]
        
      17 assertions remain after transformations (15 no_back_edge, 2 custom).
after rewriteFormula
after sanityCheckFormula

      Running SMT solver (STP with MiniSat) ...