runJobCommand
precondition analysis with entry:syncJournal
arguents: child
arguents: job
arguents: mode
arguents: precondition
handleJobInSeparateProcess0

Checking job 2524 ...about to run job:
preconNumber: 5, 1

  Running Model Checker with 1 checks ...entry: syncJournal, functionName: journalHdrOffset
  <badref> = call i64 @qpr.precondition.journalHdrOffset(%struct.Pager.140* %0)
entry: syncJournal, functionName: journalHdrOffset
entry: syncJournal, functionName: syncJournal
entry: syncJournal, functionName: writeJournalHdr
  <badref> = call i32 @qpr.precondition.writeJournalHdr(%struct.Pager.140* %0)
try
try ready

    SMTSolver : stp
    CallStackBound : 0
    StopEncodingAfterCheckLoop : 1
    LoopUnrollBound : 1
    HavocLimit : 0
    PreconditionNumber : 5
    PreconditionLocation : jobs/2524
    TimeOut : 600
    InitializedGlobals : false
    IgnoreMissingFunctions : false
    StopEncodingAfterCheck : true
    OverApproxVaArgs : false
    PreconditionCheckMemory : false
    PreconditionOnlyArguments : trueI [0] lib/ModelChecker/Verifier.cpp:247 | EntryPoint : syncJournal
m_checker->run()

    Performing bounded model checking ...
      Performing pre-transformations on LLVM IR ...        0 sec [DONE]
        
      Performing logical encoding ...size Alloca: 1

        Unrolling loop in function "pager_wait_on_lock" for 1 iterations succeeded.getMatchingFunctions
res.push_back: shellDeleteFile
res.push_back: unlink
res.push_back: strlen30
res.push_back: makeDirectory
res.push_back: memtraceSize
res.push_back: memtraceInit
res.push_back: idxIdentifierRequiresQuotes
res.push_back: system
res.push_back: booleanValue
res.push_back: chdir
res.push_back: atoi
res.push_back: progress_handler
res.push_back: notNormalFile
res.push_back: get2byteInt
res.push_back: get4byteInt
res.push_back: strlenChar
res.push_back: wsToEol
res.push_back: _all_whitespace
res.push_back: line_is_command_terminator
res.push_back: sqlite3MallocSize
res.push_back: sqlite3Strlen30
res.push_back: strHash
res.push_back: rmdir
res.push_back: dlclose
res.push_back: sqlite3Atoi
res.push_back: sqlite3MemSize
res.push_back: sqlite3MemInit
res.push_back: pcache1Init
res.push_back: sqlite3_compileoption_used
res.push_back: sqlite3_complete
res.push_back: sqlite3_complete16
res.push_back: sqlite3Get4byte
res.push_back: btreeInvokeBusyHandler
res.push_back: analyzeWindowKeyword
res.push_back: sqlite3IsRowid
res.push_back: sqlite3IsTrueOrFalse
res.push_back: getLockingMode
res.push_back: getAutoVacuum
res.push_back: getTempStore
res.push_back: identLength

        Transformed "pager_wait_on_lock" from 6 to 658 basic blocks and from 21 to 1895 instructionsgetMatchingFunctions
res.push_back: apndSync
res.push_back: apndLock
res.push_back: apndUnlock
res.push_back: apndShmUnmap
res.push_back: memdbSync
res.push_back: memdbLock
res.push_back: unixSync
res.push_back: dotlockLock
res.push_back: dotlockUnlock
res.push_back: unixShmUnmap
res.push_back: nolockLock
res.push_back: nolockUnlock
res.push_back: unixLock
res.push_back: unixUnlock
res.push_back: memjrnlSync
res.push_back: sqlite3OsUnlock
res.push_back: sqlite3OsSync
res.push_back: sqlite3OsShmUnmap
res.push_back: sqlite3OsLock

        Transformed "sqlite3OsLock" from 1 to 259 basic blocks and from 10 to 743 instructionsgetMatchingFunctions
res.push_back: sqlite3_mutex_enter
res.push_back: sqlite3_mutex_leave
res.push_back: sqlite3_mutex_free
res.push_back: noopMutexFree
res.push_back: noopMutexEnter
res.push_back: noopMutexLeave
res.push_back: pthreadMutexFree
res.push_back: pthreadMutexEnter
res.push_back: pthreadMutexLeave

        Transformed "sqlite3_mutex_enter" from 3 to 545 basic blocks and from 8 to 1612 instructionsgetMatchingFunctions
res.push_back: free
res.push_back: printBold
res.push_back: memtraceFree
res.push_back: memtraceShutdown
res.push_back: resolve_backslashes
res.push_back: sqlite3_free
res.push_back: sqlite3MemFree
res.push_back: sqlite3MemShutdown
res.push_back: pcache1Shutdown
res.push_back: pcache1Free
res.push_back: sqlite3_free_filename
res.push_back: sqlite3NoopDestructor
res.push_back: sqlite3SchemaClear
res.push_back: sqlite3PageFree
res.push_back: sqlite3ParserFinalize
res.push_back: statAccumDestructor
res.push_back: sqlite3Dequote
res.push_back: logBadConnection
res.push_back: sqlite3VdbeFrameMemDel
res.push_back: sqlite3RowSetClear
res.push_back: sqlite3RowSetDelete
getMatchingFunctions
res.push_back: free
res.push_back: printBold
res.push_back: memtraceFree
res.push_back: memtraceShutdown
res.push_back: resolve_backslashes
res.push_back: sqlite3_free
res.push_back: sqlite3MemFree
res.push_back: sqlite3MemShutdown
res.push_back: pcache1Shutdown
res.push_back: pcache1Free
res.push_back: sqlite3_free_filename
res.push_back: sqlite3NoopDestructor
res.push_back: sqlite3SchemaClear
res.push_back: sqlite3PageFree
res.push_back: sqlite3ParserFinalize
res.push_back: statAccumDestructor
res.push_back: sqlite3Dequote
res.push_back: logBadConnection
res.push_back: sqlite3VdbeFrameMemDel
res.push_back: sqlite3RowSetClear
res.push_back: sqlite3RowSetDelete

        Transformed "sqlite3_free" from 6 to 1090 basic blocks and from 22 to 3182 instructions
        Unrolling loop in function "renameParseCleanup" for 1 iterations succeeded.
        Transformed "renameParseCleanup" from 6 to 7 basic blocks and from 41 to 46 instructions
        Unrolling loop in function "closeAllCursors" for 1 iterations succeeded.
        Unrolling loop in function "closeAllCursors" for 1 iterations succeeded.
        Transformed "closeAllCursors" from 14 to 16 basic blocks and from 65 to 75 instructions
        Unrolling loop in function "closeCursorsInFrame" for 1 iterations succeeded.
        Transformed "closeCursorsInFrame" from 9 to 10 basic blocks and from 38 to 42 instructionsgetMatchingFunctions
res.push_back: fsdirClose
res.push_back: fsdirNext
res.push_back: fsdirEof
res.push_back: completionClose
res.push_back: completionNext
res.push_back: completionEof
res.push_back: seriesClose
res.push_back: seriesNext
res.push_back: seriesEof
res.push_back: expertClose
res.push_back: expertNext
res.push_back: expertEof
res.push_back: pragmaVtabClose
res.push_back: pragmaVtabNext
res.push_back: pragmaVtabEof

        Transformed "sqlite3VdbeFreeCursor" from 7 to 664 basic blocks and from 45 to 1976 instructionsTODO MKB implement precondition handling: IE
Reading in precondition at: jobs/2524/precondition_writeJournalHdr.txt
preconFile: jobs/2524/precondition_writeJournalHdr.txt

                                                           0 sec [DONE]
        
                                                           0 sec [DONE]
      E [1] lib/Core/CheckStatusMarker.cpp:61 | A job finished with an internal error
E [1] lib/Core/CheckStatusMarker.cpp:63 | Unable to open precondition file!
E [1] |  (job:2524)

                                                           1 sec [DONE]
    Unable to open precondition file!

    
                                                           1 sec [DONE]
  