runJobCommand
arguents: child
arguents: job
arguents: mode
handleJobInSeparateProcess0

Checking job 364 ...about to run job:
preconNumber: 0, 0

  Running Model Checker with 9 checks ...try
try ready

    SMTSolver : stp
    CallStackBound : 0
    StopEncodingAfterCheckLoop : 0
    LoopUnrollBound : 1
    HavocLimit : 0
    PreconditionNumber : 0
    PreconditionLocation : jobs/364
    TimeOut : 600
    InitializedGlobals : false
    IgnoreMissingFunctions : false
    StopEncodingAfterCheck : false
    OverApproxVaArgs : false
    PreconditionCheckMemory : false
    PreconditionOnlyArguments : trueI [0] lib/ModelChecker/Verifier.cpp:247 | EntryPoint : identPut
m_checker->run()

    Performing bounded model checking ...
      Unrolling loop in function "identPut" for 1 iterations succeeded.
      Unrolling loop in function "identPut" for 1 iterations succeeded.
      Transformed "identPut" from 22 to 25 basic blocks and from 146 to 162 instructions
      Performing pre-transformations on LLVM IR ...        0 sec [DONE]
        
      Performing logical encoding ...
        Unrolling loop in function "keywordCode" for 1 iterations succeeded.
        Unrolling loop in function "keywordCode" for 1 iterations succeeded.
        Transformed "keywordCode" from 20 to 26 basic blocks and from 146 to 176 instructions
                                                           0 sec [DONE]
        Number of expressions:                        155674
        after encoding

      13 assertions before transformations (4 no_back_edge, 9 custom).

      Performing formula transformations ...
        Simplifier
          Number of rewrites                            3693
        Fixed Memory Address Assigner
          Number of moved ops                              0
          Number of rewrites                            5208
        Simplifier
          Number of moved ops                              0
          Number of rewrites                           72626
        Memory Model Encoder
          Number of moved ops                              1rewriteAllocaOprewriteStackAddressOp

          Number of rewrites                               1
        Simplifier
          Number of moved ops                              0
          Number of rewrites                              16
        Simplifier
          Number of moved ops                              0
          Number of rewrites                             142
        ToASC Analyser
          Memcpy/memset found                             no
        Byte-Based Memory Creator
        Instantiation-Based ToASC Simplifier
        Simplifier
        FP Abstraction
          Number of rewrites                              44

Abstracted floating point operations.  The result might be a false positive.

        Simplifier
          Number of moved ops                              0
          Number of rewrites                               0
                                                           0 sec [DONE]
        
      13 assertions remain after transformations (4 no_back_edge, 9 custom).
after rewriteFormula
after sanityCheckFormula

      Running SMT solver (STP with MiniSat) ...