runJobCommand
arguents: child
arguents: job
arguents: mode
Careful, HavocLimit is not zero. Call Abstraction is activated
handleJobInSeparateProcess0

Checking job 2004 ...about to run job:
preconNumber: 0, 0

  Running Model Checker with 1 checks ...try
try ready

    SMTSolver : stp
    CallStackBound : 0
    StopEncodingAfterCheckLoop : 0
    LoopUnrollBound : 1
    HavocLimit : 2
    PreconditionNumber : 0
    PreconditionLocation : jobs/2004
    TimeOut : 600
    InitializedGlobals : false
    IgnoreMissingFunctions : false
    StopEncodingAfterCheck : false
    OverApproxVaArgs : false
    PreconditionCheckMemory : false
    PreconditionOnlyArguments : trueI [0] lib/ModelChecker/Verifier.cpp:247 | EntryPoint : sqlite3GetInt32
m_checker->run()

    Performing bounded model checking ...
      Unrolling loop in function "sqlite3GetInt32" for 1 iterations succeeded.
      Unrolling loop in function "sqlite3GetInt32" for 1 iterations succeeded.
      Unrolling loop in function "sqlite3GetInt32" for 1 iterations succeeded.
      Unrolling loop in function "sqlite3GetInt32" for 1 iterations succeeded.
      Transformed "sqlite3GetInt32" from 43 to 52 basic blocks and from 241 to 320 instructions
      Performing pre-transformations on LLVM IR ...        0 sec [DONE]
        
      Performing logical encoding ...isMemcpy:   call void @llvm.memcpy.p0i8.p0i8.i64(i8* %95, i8* %96, i64 4, i32 4, i1 false), !dbg !5698
                      0 sec [DONE]
        Number of expressions:                        155582
        after encoding

      6 assertions before transformations (4 no_back_edge, 2 custom).

      Performing formula transformations ...
        Simplifier
          Number of rewrites                            3754
        Fixed Memory Address Assigner
          Number of moved ops                              0
          Number of rewrites                            5208
        Simplifier
          Number of moved ops                              0
          Number of rewrites                           72661
        Memory Model Encoder
          Number of moved ops                              0rewriteAllocaOprewriteStackAddressOp

          Number of rewrites                               1
        Simplifier
          Number of moved ops                              0
          Number of rewrites                               5
        Simplifier
          Number of moved ops                              0
          Number of rewrites                             148
        ToASC Analyser
          Memcpy/memset found                             no
        Byte-Based Memory Creator
        Instantiation-Based ToASC Simplifier
        Simplifier
        FP Abstraction
          Number of rewrites                              44

Abstracted floating point operations.  The result might be a false positive.

        Simplifier
          Number of moved ops                              0
          Number of rewrites                               0
                                                           0 sec [DONE]
        
      6 assertions remain after transformations (4 no_back_edge, 2 custom).
after rewriteFormula
after sanityCheckFormula

      Running SMT solver (STP with MiniSat) ...    Transformed "llbmc.strcmp" from 4 to 3 basic blocks and from 14 to 16 instructionsCurrent: sqlite3_vfs_find Havoced: sqlite3_mutex_leave
Current: sqlite3_mprintf Havoced: sqlite3_initialize
Current: sqlite3_mprintf Havoced: sqlite3_vmprintf
Current: sqlite3_mprintf Havoced: sqlite3_initialize
Current: sqlite3_mprintf Havoced: sqlite3_vmprintf
Current: sqlite3_free_filename Havoced: databaseName
Current: sqlite3_free_filename Havoced: sqlite3_free

                                                           0 sec [DONE]
        Number of expressions:                        159452
        after encoding

      36 assertions before transformations (28 no_back_edge, 8 custom).

      Performing formula transformations ...
        Simplifier
          Number of rewrites                            6923
        Fixed Memory Address Assigner
          Number of moved ops                              1
          Number of rewrites                            5208
        Simplifier
          Number of moved ops                              0
          Number of rewrites                          158128
        Memory Model Encoder
          Number of moved ops                              0rewriteAllocaOprewriteStackAddressOp
rewriteAllocaOprewriteStackAddressOp
rewriteAllocaOprewriteStackAddressOp
rewriteAllocaOprewriteStackAddressOp
rewriteAllocaOprewriteStackAddressOp
rewriteAllocaOprewriteStackAddressOp
rewriteAllocaOprewriteStackAddressOp
rewriteAllocaOprewriteStackAddressOp

          Number of rewrites                               8
        Simplifier
          Number of moved ops                              0
          Number of rewrites                              42
        Simplifier
          Number of moved ops                              0
          Number of rewrites                             150
        ToASC Analyser
          Memcpy/memset found                             no
        Byte-Based Memory Creator
        Instantiation-Based ToASC Simplifier
        Simplifier
        FP Abstraction
          Number of rewrites                              44

Abstracted floating point operations.  The result might be a false positive.

        Simplifier
          Number of moved ops                              0
          Number of rewrites                               0
                                                           0 sec [DONE]
        
      36 assertions remain after transformations (28 no_back_edge, 8 custom).
after rewriteFormula
after sanityCheckFormula

      Running SMT solver (STP with MiniSat) ...