runJobCommand
arguents: child
arguents: job
arguents: mode
handleJobInSeparateProcess0

Checking job 5324 ...about to run job:
preconNumber: 0, 0

  Running Model Checker with 1 checks ...W [0] lib/Slicer/LocalSlicer.cpp:368 | argument 0 (%struct.Expr* %0) has pointer type
W [0] lib/Slicer/LocalSlicer.cpp:368 | argument 0 (i32* undef) has pointer type
W [0] lib/Slicer/LocalSlicer.cpp:368 | argument 0 (i8* undef) has pointer type
W [0] lib/Slicer/LocalSlicer.cpp:357 | argument %struct.Expr* null of call instruction has pointer type
W [0] lib/Slicer/LocalSlicer.cpp:357 | argument %struct.Expr* null of call instruction has pointer type
W [0] lib/Slicer/LocalSlicer.cpp:368 | argument 0 (i32* undef) has pointer type
W [0] lib/Slicer/LocalSlicer.cpp:495 | unused argument: , qpr.slicing.unused.arg.sqlite3ExprIsInteger.0
W [0] lib/Slicer/LocalSlicer.cpp:495 | unused argument: , qpr.slicing.unused.arg.sqlite3ExprIsInteger.1
I [0] lib/Slicer/LocalSlicer.cpp:104 | slicing finished
try
try ready

    SMTSolver : stp
    CallStackBound : 0
    StopEncodingAfterCheckLoop : 0
    LoopUnrollBound : 1
    HavocLimit : 0
    PreconditionNumber : 0
    PreconditionLocation : jobs/5324
    TimeOut : 600
    InitializedGlobals : false
    IgnoreMissingFunctions : false
    StopEncodingAfterCheck : false
    OverApproxVaArgs : false
    PreconditionCheckMemory : false
    PreconditionOnlyArguments : trueI [0] lib/ModelChecker/Verifier.cpp:247 | EntryPoint : sqlite3ExprIsInteger
m_checker->run()

    Performing bounded model checking ...
      Transformed "sqlite3ExprIsInteger" from 12 to 16 basic blocks and from 35 to 42 instructions
      Performing pre-transformations on LLVM IR ...        0 sec [DONE]
        
      Performing logical encoding ...                      0 sec [DONE]
        Number of expressions:                        130986
        after encoding

      1 assertion before transformations (1 custom).

      Performing formula transformations ...
        Simplifier
          Number of rewrites                            2625
        Fixed Memory Address Assigner
          Number of moved ops                              0
          Number of rewrites                            4896
        Simplifier
          Number of moved ops                              0
          Number of rewrites                           61884
        Memory Model Encoder
          Number of moved ops                              0
          Number of rewrites                               0
        Simplifier
          Number of rewrites                               4
        Simplifier
          Number of moved ops                              0
          Number of rewrites                              88
        ToASC Analyser
          Memcpy/memset found                             no
        Byte-Based Memory Creator
        Instantiation-Based ToASC Simplifier
        Simplifier
        FP Abstraction
          Number of rewrites                               0
        Simplifier
          Number of moved ops                              0
          Number of rewrites                               0
                                                           0 sec [DONE]
        
      1 assertion remains after transformations (1 custom).
after rewriteFormula
after sanityCheckFormula

      Running SMT solver (STP with MiniSat) ...            0 sec [DONE]
        
                                                           0 sec [DONE]
      after performing Check
evaluateCheckerResultsViaRefinementLoop
checker.getResult() is Trace
checkOnlyPrecon: 0, size:1
getFailingCheckFor
setCheckToUnsafe
setCheckToUnsafe
Check for floating point traces / abstractions currently deactivated
trying to exclude Assertions for Failing Instruction

    Rerunning SMT solver (STP with MiniSat) ...            0 sec [DONE]
      getCheckerResultAfterUpdatingMarker
Result is NoTrace

                                                           1 sec [DONE]
    allunsafe
    
                                                           1 sec [DONE]
  