runJobCommand
arguents: child
arguents: job
arguents: mode
Careful, HavocLimit is not zero. Call Abstraction is activated
handleJobInSeparateProcess0

Checking job 5656 ...about to run job:
preconNumber: 0, 0

  Running Model Checker with 1 checks ...try
try ready

    SMTSolver : stp
    CallStackBound : 0
    StopEncodingAfterCheckLoop : 0
    LoopUnrollBound : 1
    HavocLimit : 1
    PreconditionNumber : 0
    PreconditionLocation : jobs/5656
    TimeOut : 600
    InitializedGlobals : false
    IgnoreMissingFunctions : false
    StopEncodingAfterCheck : false
    OverApproxVaArgs : false
    PreconditionCheckMemory : false
    PreconditionOnlyArguments : trueI [1] lib/ModelChecker/Verifier.cpp:247 | EntryPoint : attachFunc
m_checker->run()

    Performing bounded model checking ...
      Unrolling loop in function "attachFunc" for 1 iterations succeeded.
      Transformed "attachFunc" from 66 to 67 basic blocks and from 450 to 454 instructions
      Performing pre-transformations on LLVM IR ...        0 sec [DONE]
        
      Performing logical encoding ...Current: attachFunc Havoced: sqlite3_context_db_handle
Current: attachFunc Havoced: sqlite3_value_text
Current: attachFunc Havoced: sqlite3_value_text
Current: attachFunc Havoced: sqlite3DbIsNamed
Current: attachFunc Havoced: sqlite3DbRealloc
Current: attachFunc Havoced: sqlite3DbMallocRawNN
isMemcpy:   call void @llvm.memcpy.p0i8.p0i8.i64(i8* %73, i8* %76, i64 64, i32 8, i1 false), !dbg !5751
isMemset:   call void @llvm.memset.p0i8.i64(i8* %96, i8 0, i64 32, i32 8, i1 false), !dbg !5774
Current: attachFunc Havoced: sqlite3ParseUri
Current: attachFunc Havoced: sqlite3BtreeOpen
Current: attachFunc Havoced: sqlite3DbStrDup
Current: attachFunc Havoced: sqlite3OomFault
Current: attachFunc Havoced: sqlite3_result_error
Current: attachFunc Havoced: sqlite3_free
Current: attachFunc Havoced: sqlite3MPrintf
Current: attachFunc Havoced: sqlite3MPrintf
Current: attachFunc Havoced: sqlite3_vfs_find
Current: attachFunc Havoced: sqlite3BtreeClose
Current: attachFunc Havoced: sqlite3BtreeOpen
Current: attachFunc Havoced: sqlite3SchemaGet
Current: attachFunc Havoced: sqlite3MPrintf
Current: attachFunc Havoced: sqlite3BtreeEnter
Current: attachFunc Havoced: sqlite3BtreePager
Current: attachFunc Havoced: sqlite3PagerLockingMode
Current: attachFunc Havoced: sqlite3BtreeSecureDelete
Current: attachFunc Havoced: sqlite3BtreeSecureDelete
Current: attachFunc Havoced: sqlite3BtreeSetPagerFlags
Current: attachFunc Havoced: sqlite3BtreeLeave
Current: attachFunc Havoced: sqlite3MPrintf
Current: attachFunc Havoced: sqlite3_free_filename
Current: attachFunc Havoced: sqlite3BtreeEnterAll
Current: attachFunc Havoced: sqlite3Init
Current: attachFunc Havoced: sqlite3BtreeLeaveAll
Current: attachFunc Havoced: sqlite3BtreeClose
Current: attachFunc Havoced: sqlite3ResetAllSchemasOfConnection
Current: attachFunc Havoced: sqlite3MPrintf
Current: attachFunc Havoced: sqlite3OomFault
Current: attachFunc Havoced: sqlite3DbFree
Current: attachFunc Havoced: sqlite3MPrintf
Current: attachFunc Havoced: sqlite3_result_error
Current: attachFunc Havoced: sqlite3DbFree
Current: attachFunc Havoced: sqlite3_result_error_code
                      0 sec [DONE]
        Number of expressions:                        155824
        after encoding

      2 assertions before transformations (1 no_back_edge, 1 custom).

      Performing formula transformations ...
        Simplifier
          Number of rewrites                            3720
        Fixed Memory Address Assigner
          Number of moved ops                              0
          Number of rewrites                            5208
        Simplifier
          Number of moved ops                              0
          Number of rewrites                           72643
        Memory Model Encoder
          Number of moved ops                              0rewriteAllocaOprewriteStackAddressOp
rewriteAllocaOprewriteStackAddressOp
rewriteAllocaOprewriteStackAddressOp
rewriteAllocaOprewriteStackAddressOp
rewriteAllocaOprewriteStackAddressOp

          Number of rewrites                               5
        Simplifier
          Number of moved ops                              0
          Number of rewrites                              10
        Simplifier
          Number of moved ops                              0
          Number of rewrites                             147
        ToASC Analyser
          Memcpy/memset found                             no
        Byte-Based Memory Creator
        Instantiation-Based ToASC Simplifier
        Simplifier
        FP Abstraction
          Number of rewrites                              44

Abstracted floating point operations.  The result might be a false positive.

        Simplifier
          Number of moved ops                              0
          Number of rewrites                               0
                                                           0 sec [DONE]
        
      2 assertions remain after transformations (1 no_back_edge, 1 custom).
after rewriteFormula
after sanityCheckFormula

      Running SMT solver (STP with MiniSat) ...            0 sec [DONE]
        
                                                           1 sec [DONE]
      after performing Check
evaluateCheckerResultsViaRefinementLoop
checker.getResult() is Trace
checkOnlyPrecon: 0, size:1
getFailingCheckFor
setCheckToUnsafe
setCheckToUnsafe
Check for floating point traces / abstractions currently deactivated
trying to exclude Assertions for Failing Instruction

    Rerunning SMT solver (STP with MiniSat) ...            0 sec [DONE]
      checker.getResult() is Trace
checkOnlyPrecon: 0, size:1
getFailingCheckFor
setStatusMarkerAccordingToFailingInstruction
BranchInst - LoopBound
trying to exclude Assertions for Failing Instruction

    Rerunning SMT solver (STP with MiniSat) ...            0 sec [DONE]
      getCheckerResultAfterUpdatingMarker
Result is NoTrace

                                                           1 sec [DONE]
    allunsafe
    
                                                           1 sec [DONE]
  