runJobCommand
arguents: child
arguents: job
arguents: mode
Careful, HavocLimit is not zero. Call Abstraction is activated
handleJobInSeparateProcess0

Checking job 3386 ...about to run job:
preconNumber: 0, 0

  Running Model Checker with 1 checks ...try
try ready

    SMTSolver : stp
    CallStackBound : 0
    StopEncodingAfterCheckLoop : 0
    LoopUnrollBound : 1
    HavocLimit : 2
    PreconditionNumber : 0
    PreconditionLocation : jobs/3386
    TimeOut : 600
    InitializedGlobals : false
    IgnoreMissingFunctions : false
    StopEncodingAfterCheck : false
    OverApproxVaArgs : false
    PreconditionCheckMemory : false
    PreconditionOnlyArguments : trueI [0] lib/ModelChecker/Verifier.cpp:247 | EntryPoint : autoVacuumCommit
m_checker->run()

    Performing bounded model checking ...
      Unrolling loop in function "autoVacuumCommit" for 1 iterations succeeded.
      Transformed "autoVacuumCommit" from 23 to 28 basic blocks and from 126 to 144 instructions
      Performing pre-transformations on LLVM IR ...        0 sec [DONE]
        
      Performing logical encoding ...
        Unrolling loop in function "invalidateAllOverflowCache" for 1 iterations succeeded.
        Transformed "invalidateAllOverflowCache" from 5 to 6 basic blocks and from 23 to 26 instructions
        Unrolling loop in function "finalDbSize" for 1 iterations succeeded.
        Transformed "finalDbSize" from 9 to 13 basic blocks and from 85 to 108 instructionsCurrent: finalDbSize Havoced: ptrmapPageno
Current: finalDbSize Havoced: ptrmapPageno
Current: finalDbSize Havoced: ptrmapPageno

        Unrolling loop in function "saveAllCursors" for 1 iterations succeeded.
        Transformed "saveAllCursors" from 14 to 16 basic blocks and from 46 to 54 instructionsCurrent: saveAllCursors Havoced: saveCursorsOnList

        Unrolling loop in function "incrVacuumStep" for 1 iterations succeeded.
        Unrolling loop in function "incrVacuumStep" for 1 iterations succeeded.
        Transformed "incrVacuumStep" from 164 to 166 instructionsCurrent: incrVacuumStep Havoced: ptrmapPageno
Current: incrVacuumStep Havoced: sqlite3Get4byte
Current: incrVacuumStep Havoced: ptrmapGet
Current: incrVacuumStep Havoced: btreeGetPage
Current: incrVacuumStep Havoced: allocateBtreePage
Current: incrVacuumStep Havoced: releasePage
Current: incrVacuumStep Havoced: relocatePage
Current: incrVacuumStep Havoced: releasePage
Current: incrVacuumStep Havoced: releasePage
Current: incrVacuumStep Havoced: allocateBtreePage
Current: incrVacuumStep Havoced: releasePage
Current: incrVacuumStep Havoced: sqlite3CorruptError
Current: incrVacuumStep Havoced: ptrmapPageno
Current: sqlite3PagerWrite Havoced: pager_write
Current: sqlite3PagerWrite Havoced: pagerWriteLargeSector
Current: sqlite3PagerWrite Havoced: subjournalPageIfRequired
Current: sqlite3PagerRollback Havoced: pager_playback
Current: sqlite3PagerRollback Havoced: pager_end_transaction
Current: sqlite3PagerRollback Havoced: setGetterMethod
Current: sqlite3PagerRollback Havoced: sqlite3PagerSavepoint
Current: sqlite3PagerRollback Havoced: pager_end_transaction
Current: sqlite3PagerRollback Havoced: pager_error
Current: incrVacuumStep Havoced: ptrmapPageno
Current: incrVacuumStep Havoced: sqlite3Get4byte
Current: incrVacuumStep Havoced: ptrmapGet
Current: incrVacuumStep Havoced: btreeGetPage
Current: incrVacuumStep Havoced: allocateBtreePage
Current: incrVacuumStep Havoced: releasePage
Current: incrVacuumStep Havoced: relocatePage
Current: incrVacuumStep Havoced: releasePage
Current: incrVacuumStep Havoced: releasePage
Current: incrVacuumStep Havoced: allocateBtreePage
Current: incrVacuumStep Havoced: releasePage
Current: incrVacuumStep Havoced: sqlite3CorruptError
Current: incrVacuumStep Havoced: ptrmapPageno
Current: sqlite3CorruptError Havoced: sqlite3ReportError
Current: sqlite3CorruptError Havoced: sqlite3ReportError

                                                           0 sec [DONE]
        Number of expressions:                        156810
        after encoding

      10 assertions before transformations (8 no_back_edge, 2 custom).

      Performing formula transformations ...
        Simplifier
          Number of rewrites                            4432
        Fixed Memory Address Assigner
          Number of moved ops                              0
          Number of rewrites                            5208
        Simplifier
          Number of moved ops                              0
          Number of rewrites                           72654
        Memory Model Encoder
          Number of moved ops                              1rewriteAllocaOprewriteStackAddressOp
rewriteAllocaOprewriteStackAddressOp
rewriteAllocaOprewriteStackAddressOp
rewriteAllocaOprewriteStackAddressOp
rewriteAllocaOprewriteStackAddressOp
rewriteAllocaOprewriteStackAddressOp
rewriteAllocaOprewriteStackAddressOp
rewriteAllocaOprewriteStackAddressOp
rewriteAllocaOprewriteStackAddressOp
rewriteAllocaOprewriteStackAddressOp
rewriteAllocaOprewriteStackAddressOp
rewriteAllocaOprewriteStackAddressOp
rewriteAllocaOprewriteStackAddressOp
rewriteAllocaOprewriteStackAddressOp

          Number of rewrites                              14
        Simplifier
          Number of moved ops                              0
          Number of rewrites                              49
        Simplifier
          Number of moved ops                              0
          Number of rewrites                             142
        ToASC Analyser
          Memcpy/memset found                             no
        Byte-Based Memory Creator
        Instantiation-Based ToASC Simplifier
        Simplifier
        FP Abstraction
          Number of rewrites                              44

Abstracted floating point operations.  The result might be a false positive.

        Simplifier
          Number of moved ops                              0
          Number of rewrites                               0
                                                           0 sec [DONE]
        
      10 assertions remain after transformations (8 no_back_edge, 2 custom).
after rewriteFormula
after sanityCheckFormula

      Running SMT solver (STP with MiniSat) ...BtreePage Havoced: sqlite3Put4byte
Current: allocateBtreePage Havoced: btreeGetUnusedPage
Current: allocateBtreePage Havoced: sqlite3PagerWrite
Current: allocateBtreePage Havoced: releasePage
Current: allocateBtreePage Havoced: ptrmapGet
Current: allocateBtreePage Havoced: sqlite3PagerWrite
Current: allocateBtreePage Havoced: sqlite3Put4byte
Current: allocateBtreePage Havoced: sqlite3Get4byte
Current: allocateBtreePage Havoced: sqlite3Get4byte
Current: allocateBtreePage Havoced: btreeGetUnusedPage
Current: allocateBtreePage Havoced: sqlite3CorruptError
Current: allocateBtreePage Havoced: sqlite3Get4byte
Current: allocateBtreePage Havoced: sqlite3PagerWrite
isMemcpy:   call void @llvm.memcpy.p0i8.p0i8.i64(i8* %77, i8* %81, i64 4, i32 1, i1 false), !dbg !5808
Current: allocateBtreePage Havoced: sqlite3Get4byte
Current: allocateBtreePage Havoced: sqlite3AbsInt32
Current: allocateBtreePage Havoced: sqlite3Get4byte
Current: allocateBtreePage Havoced: sqlite3AbsInt32
Current: allocateBtreePage Havoced: sqlite3Get4byte
Current: allocateBtreePage Havoced: sqlite3Get4byte
Current: allocateBtreePage Havoced: sqlite3PagerWrite
isMemcpy:   call void @llvm.memcpy.p0i8.p0i8.i64(i8* %238, i8* %242, i64 4, i32 1, i1 false), !dbg !6068
Current: allocateBtreePage Havoced: sqlite3Put4byte
Current: allocateBtreePage Havoced: btreeGetHasContent
Current: allocateBtreePage Havoced: btreeGetUnusedPage
Current: allocateBtreePage Havoced: sqlite3PagerWrite
Current: allocateBtreePage Havoced: releasePage
Current: allocateBtreePage Havoced: sqlite3CorruptError
Current: allocateBtreePage Havoced: sqlite3PagerWrite
Current: allocateBtreePage Havoced: sqlite3Get4byte
Current: allocateBtreePage Havoced: btreeGetUnusedPage
Current: allocateBtreePage Havoced: sqlite3PagerWrite
isMemcpy:   call void @llvm.memcpy.p0i8.p0i8.i64(i8* %140, i8* %144, i64 4, i32 1, i1 false), !dbg !5910
Current: allocateBtreePage Havoced: sqlite3Put4byte
isMemcpy:   call void @llvm.memcpy.p0i8.p0i8.i64(i8* %153, i8* %157, i64 %160, i32 1, i1 false), !dbg !5922
Current: allocateBtreePage Havoced: releasePage
Current: allocateBtreePage Havoced: sqlite3Put4byte
Current: allocateBtreePage Havoced: sqlite3PagerWrite
Current: allocateBtreePage Havoced: sqlite3Put4byte
Current: allocateBtreePage Havoced: releasePage
Current: allocateBtreePage Havoced: sqlite3CorruptError
isMemcpy:   call void @llvm.memcpy.p0i8.p0i8.i64(i8* %105, i8* %109, i64 4, i32 1, i1 false), !dbg !5859
Current: allocateBtreePage Havoced: sqlite3PagerWrite
isMemcpy:   call void @llvm.memcpy.p0i8.p0i8.i64(i8* %116, i8* %120, i64 4, i32 1, i1 false), !dbg !5874
Current: allocateBtreePage Havoced: releasePage
Current: allocateBtreePage Havoced: sqlite3CorruptError
Current: allocateBtreePage Havoced: releasePage
Current: allocateBtreePage Havoced: releasePage
Current: allocateBtreePage Havoced: sqlite3CorruptError
Current: releasePage Havoced: releasePageNotNull
Current: sqlite3CorruptError Havoced: sqlite3ReportError

                                                           0 sec [DONE]
        Number of expressions:                        158638
        after encoding

      9 assertions before transformations (8 no_back_edge, 1 custom).

      Performing formula transformations ...
        Simplifier
          Number of rewrites                            5523
        Fixed Memory Address Assigner
          Number of moved ops                              0
          Number of rewrites                            5208
        Simplifier
          Number of moved ops                              0
          Number of rewrites                          212264
        Memory Model Encoder
          Number of moved ops                              0rewriteAllocaOprewriteStackAddressOp
rewriteAllocaOprewriteStackAddressOp
rewriteAllocaOprewriteStackAddressOp
rewriteAllocaOprewriteStackAddressOp
rewriteAllocaOprewriteStackAddressOp
rewriteAllocaOprewriteStackAddressOp
rewriteAllocaOprewriteStackAddressOp
rewriteAllocaOprewriteStackAddressOp
rewriteAllocaOprewriteStackAddressOp
rewriteAllocaOprewriteStackAddressOp
rewriteAllocaOprewriteStackAddressOp
rewriteAllocaOprewriteStackAddressOp
rewriteAllocaOprewriteStackAddressOp
rewriteAllocaOprewriteStackAddressOp
rewriteAllocaOprewriteStackAddressOp
rewriteAllocaOprewriteStackAddressOp
rewriteAllocaOprewriteStackAddressOp
rewriteAllocaOprewriteStackAddressOp
rewriteAllocaOprewriteStackAddressOp

          Number of rewrites                              19
        Simplifier
          Number of moved ops                              0
          Number of rewrites                              31
        Simplifier
          Number of moved ops                              0
          Number of rewrites                             172
        ToASC Analyser
          Memcpy/memset found                            yes
        Byte-Based Memory Creator
          Number of rewrites                            9299
        Instantiation-Based ToASC Simplifier
          Number of rewrites                               2
        Simplifier
          Number of moved ops                              0
          Number of rewrites                           23521
        FP Abstraction
          Number of rewrites                              22

Abstracted floating point operations.  The result might be a false positive.

        Simplifier
          Number of moved ops                              0
          Number of rewrites                               0
                                                           0 sec [DONE]
        
      9 assertions remain after transformations (8 no_back_edge, 1 custom).
after rewriteFormula
after sanityCheckFormula

      Running SMT solver (STP with MiniSat) ...