runJobCommand
arguents: child
arguents: job
arguents: mode
Careful, HavocLimit is not zero. Call Abstraction is activated
handleJobInSeparateProcess0

Checking job 7660 ...about to run job:
preconNumber: 0, 0

  Running Model Checker with 1 checks ...try
try ready

    SMTSolver : stp
    CallStackBound : 0
    StopEncodingAfterCheckLoop : 0
    LoopUnrollBound : 1
    HavocLimit : 2
    PreconditionNumber : 0
    PreconditionLocation : jobs/7660
    TimeOut : 600
    InitializedGlobals : false
    IgnoreMissingFunctions : false
    StopEncodingAfterCheck : false
    OverApproxVaArgs : false
    PreconditionCheckMemory : false
    PreconditionOnlyArguments : trueI [0] lib/ModelChecker/Verifier.cpp:247 | EntryPoint : whereLoopAdjustCost
m_checker->run()

    Performing bounded model checking ...
      Unrolling loop in function "whereLoopAdjustCost" for 1 iterations succeeded.
      Transformed "whereLoopAdjustCost" from 16 to 18 basic blocks and from 79 to 83 instructions
      Performing pre-transformations on LLVM IR ...        0 sec [DONE]
        
      Performing logical encoding ...
        Unrolling loop in function "whereLoopCheaperProperSubset" for 1 iterations succeeded.
        Unrolling loop in function "whereLoopCheaperProperSubset" for 1 iterations succeeded.
        Transformed "whereLoopCheaperProperSubset" from 29 to 32 basic blocks and from 149 to 160 instructions
                                                           0 sec [DONE]
        Number of expressions:                        155806
        after encoding

      7 assertions before transformations (5 no_back_edge, 2 custom).

      Performing formula transformations ...
        Simplifier
          Number of rewrites                            3871
        Fixed Memory Address Assigner
          Number of moved ops                              0
          Number of rewrites                            5208
        Simplifier
          Number of moved ops                              0
          Number of rewrites                           72730
        Memory Model Encoder
          Number of moved ops                              0
          Number of rewrites                               0
        Simplifier
          Number of rewrites                              18
        Simplifier
          Number of moved ops                              0
          Number of rewrites                             142
        ToASC Analyser
          Memcpy/memset found                             no
        Byte-Based Memory Creator
        Instantiation-Based ToASC Simplifier
        Simplifier
        FP Abstraction
          Number of rewrites                              44

Abstracted floating point operations.  The result might be a false positive.

        Simplifier
          Number of moved ops                              0
          Number of rewrites                               0
                                                           0 sec [DONE]
        
      7 assertions remain after transformations (5 no_back_edge, 2 custom).
after rewriteFormula
after sanityCheckFormula

      Running SMT solver (STP with MiniSat) ...