runJobCommand
arguents: child
arguents: job
arguents: mode
Careful, HavocLimit is not zero. Call Abstraction is activated
handleJobInSeparateProcess0

Checking job 3239 ...about to run job:
preconNumber: 0, 0

  Running Model Checker with 1 checks ...try
try ready

    SMTSolver : stp
    CallStackBound : 0
    StopEncodingAfterCheckLoop : 0
    LoopUnrollBound : 1
    HavocLimit : 2
    PreconditionNumber : 0
    PreconditionLocation : jobs/3239
    TimeOut : 600
    InitializedGlobals : false
    IgnoreMissingFunctions : false
    StopEncodingAfterCheck : false
    OverApproxVaArgs : false
    PreconditionCheckMemory : false
    PreconditionOnlyArguments : trueI [0] lib/ModelChecker/Verifier.cpp:247 | EntryPoint : dropCell
m_checker->run()

    Performing bounded model checking ...
      Performing pre-transformations on LLVM IR ...        0 sec [DONE]
        
      Performing logical encoding ...
        Unrolling loop in function "freeSpace" for 1 iterations succeeded.
        Transformed "freeSpace" from 532 to 538 instructionsCurrent: freeSpace Havoced: sqlite3CorruptError
Current: freeSpace Havoced: sqlite3CorruptError
Current: freeSpace Havoced: sqlite3CorruptError
Current: freeSpace Havoced: sqlite3CorruptError
Current: freeSpace Havoced: sqlite3CorruptError
Current: freeSpace Havoced: sqlite3CorruptError
isMemset:   call void @llvm.memset.p0i8.i64(i8* %256, i8 0, i64 %257, i32 1, i1 false), !dbg !5820
Current: freeSpace Havoced: sqlite3CorruptError
Current: freeSpace Havoced: sqlite3CorruptError
isMemmove:   call void @llvm.memmove.p0i8.p0i8.i64(i8* %8, i8* %78, i64 %84, i32 1, i1 false), !dbg !5698
isMemset:   call void @llvm.memset.p0i8.i64(i8* %41, i8 0, i64 4, i32 1, i1 false), !dbg !5674
Current: sqlite3CorruptError Havoced: sqlite3ReportError

                                                           0 sec [DONE]
        Number of expressions:                        155781
        after encoding

      2 assertions before transformations (1 no_back_edge, 1 custom).

      Performing formula transformations ...
        Simplifier
          Number of rewrites                            3630
        Fixed Memory Address Assigner
          Number of moved ops                              0
          Number of rewrites                            5208
        Simplifier
          Number of moved ops                              0
          Number of rewrites                           72630
        Memory Model Encoder
          Number of moved ops                              0
          Number of rewrites                               0
        Simplifier
          Number of rewrites                              11
        Simplifier
          Number of moved ops                              0
          Number of rewrites                             144
        ToASC Analyser
          Memcpy/memset found                            yes
        Byte-Based Memory Creator
          Number of rewrites                            8949
        Instantiation-Based ToASC Simplifier
          Number of rewrites                               2
        Simplifier
          Number of moved ops                            264
          Number of rewrites                           23091
        FP Abstraction
          Number of rewrites                              22

Abstracted floating point operations.  The result might be a false positive.

        Simplifier
          Number of moved ops                              0
          Number of rewrites                               0
                                                           0 sec [DONE]
        
      2 assertions remain after transformations (1 no_back_edge, 1 custom).
after rewriteFormula
after sanityCheckFormula

      Running SMT solver (STP with MiniSat) ...sitive.

        Simplifier
          Number of moved ops                              0
          Number of rewrites                               0
                                                           0 sec [DONE]
        
      5 assertions remain after transformations (3 no_back_edge, 2 custom).
after rewriteFormula
after sanityCheckFormula

      Running SMT solver (STP with MiniSat) ...