runJobCommand
arguents: child
arguents: job
arguents: mode
Careful, HavocLimit is not zero. Call Abstraction is activated
handleJobInSeparateProcess0

Checking job 7124 ...about to run job:
preconNumber: 0, 0

  Running Model Checker with 1 checks ...try
try ready

    SMTSolver : stp
    CallStackBound : 0
    StopEncodingAfterCheckLoop : 0
    LoopUnrollBound : 1
    HavocLimit : 1
    PreconditionNumber : 0
    PreconditionLocation : jobs/7124
    TimeOut : 600
    InitializedGlobals : false
    IgnoreMissingFunctions : false
    StopEncodingAfterCheck : false
    OverApproxVaArgs : false
    PreconditionCheckMemory : false
    PreconditionOnlyArguments : trueI [1] lib/ModelChecker/Verifier.cpp:247 | EntryPoint : codeTriggerProgram
m_checker->run()

    Performing bounded model checking ...
      Unrolling loop in function "codeTriggerProgram" for 1 iterations succeeded.
      Transformed "codeTriggerProgram" from 15 to 21 basic blocks and from 108 to 120 instructions
      Performing pre-transformations on LLVM IR ...        0 sec [DONE]
        
      Performing logical encoding ...Current: codeTriggerProgram Havoced: sqlite3MPrintf
Current: codeTriggerProgram Havoced: sqlite3VdbeAddOp4
Current: codeTriggerProgram Havoced: sqlite3TriggerStepSrc
Current: codeTriggerProgram Havoced: sqlite3ExprListDup
Current: codeTriggerProgram Havoced: sqlite3ExprDup
Current: codeTriggerProgram Havoced: sqlite3Update
Current: codeTriggerProgram Havoced: sqlite3VdbeAddOp0
Current: codeTriggerProgram Havoced: sqlite3TriggerStepSrc
Current: codeTriggerProgram Havoced: sqlite3ExprDup
Current: codeTriggerProgram Havoced: sqlite3DeleteFrom
Current: codeTriggerProgram Havoced: sqlite3VdbeAddOp0
Current: codeTriggerProgram Havoced: sqlite3SelectDup
Current: codeTriggerProgram Havoced: sqlite3SelectDestInit
Current: codeTriggerProgram Havoced: sqlite3Select
Current: codeTriggerProgram Havoced: sqlite3SelectDelete
Current: codeTriggerProgram Havoced: sqlite3TriggerStepSrc
Current: codeTriggerProgram Havoced: sqlite3SelectDup
Current: codeTriggerProgram Havoced: sqlite3IdListDup
Current: codeTriggerProgram Havoced: sqlite3UpsertDup
Current: codeTriggerProgram Havoced: sqlite3Insert
Current: codeTriggerProgram Havoced: sqlite3VdbeAddOp0
                      0 sec [DONE]
        Number of expressions:                        155244
        after encoding

      2 assertions before transformations (1 no_back_edge, 1 custom).

      Performing formula transformations ...
        Simplifier
          Number of rewrites                            3459
        Fixed Memory Address Assigner
          Number of moved ops                              0
          Number of rewrites                            5208
        Simplifier
          Number of moved ops                              0
          Number of rewrites                           72604
        Memory Model Encoder
          Number of moved ops                              1rewriteAllocaOprewriteStackAddressOp

          Number of rewrites                               1
        Simplifier
          Number of moved ops                              0
          Number of rewrites                               1
        Simplifier
          Number of moved ops                              0
          Number of rewrites                             142
        ToASC Analyser
          Memcpy/memset found                             no
        Byte-Based Memory Creator
        Instantiation-Based ToASC Simplifier
        Simplifier
        FP Abstraction
          Number of rewrites                              44

Abstracted floating point operations.  The result might be a false positive.

        Simplifier
          Number of moved ops                              0
          Number of rewrites                               0
                                                           0 sec [DONE]
        
      2 assertions remain after transformations (1 no_back_edge, 1 custom).
after rewriteFormula
after sanityCheckFormula

      Running SMT solver (STP with MiniSat) ...