runJobCommand
precondition analysis with entry:mat_creat
arguents: child
arguents: job
arguents: mode
arguents: precondition
handleJobInSeparateProcess0

Checking job 407 ...about to run job:
preconNumber: 3, 1

  Running Model Checker with 1 checks ...entry: mat_creat, functionName: _mat_creat
  <badref> = call double** @qpr.precondition._mat_creat(i32 %0, i32 %1)
entry: mat_creat, functionName: _mat_creat
entry: mat_creat, functionName: mat_creat
try
try ready

    SMTSolver : stp
    CallStackBound : 0
    StopEncodingAfterCheckLoop : 0
    LoopUnrollBound : 4
    HavocLimit : 0
    PreconditionNumber : 3
    PreconditionLocation : jobs/407
    TimeOut : 300
    InitializedGlobals : false
    IgnoreMissingFunctions : false
    StopEncodingAfterCheck : false
    OverApproxVaArgs : false
    PreconditionCheckMemory : false
    PreconditionOnlyArguments : trueI [0] lib/ModelChecker/Verifier.cpp:247 | EntryPoint : mat_creat
m_checker->run()

    Performing bounded model checking ...
      Performing pre-transformations on LLVM IR ...        0 sec [DONE]
        
      Performing logical encoding ...TODO MKB implement precondition handling: IE
Reading in precondition at: jobs/407/precondition__mat_creat.txt
preconFile: jobs/407/precondition__mat_creat.txt
ref: [underoverapprox]name of function arguments, argValue:  
ref: [underoverapprox]name of function arguments, argValue:  
name of function arguments line
param: i32 %arg0:1375076095
---name: i32 %arg0, value: 1375076095.
integer, char or other simple types
name: i32 %arg0
assuming that there are not more then 10 arguments
nameIndex: 0
nameID: 0
argument name: arg0
value: 1375076095
###new bool cond: bool % = compare(%arg0, %i32__1375076095)
param:  i32 %arg1:-167772228
---name:  i32 %arg1, value: -167772228.
integer, char or other simple types
name:  i32 %arg1
assuming that there are not more then 10 arguments
nameIndex: 1
nameID: 1
argument name: arg1
value: -167772228
###added bool cond: bool % = or(%, %)
pruneOrAssert -- adding line boolCond: bool % = or(%, %)
param: i32 %arg0:1005961087
---name: i32 %arg0, value: 1005961087.
integer, char or other simple types
name: i32 %arg0
assuming that there are not more then 10 arguments
nameIndex: 0
nameID: 0
argument name: arg0
value: 1005961087
###new bool cond: bool % = compare(%arg0, %i32__1005961087)
param:  i32 %arg1:-536854656
---name:  i32 %arg1, value: -536854656.
integer, char or other simple types
name:  i32 %arg1
assuming that there are not more then 10 arguments
nameIndex: 1
nameID: 1
argument name: arg1
value: -536854656
###added bool cond: bool % = or(%, %)
pruneOrAssert -- adding line boolCond: bool % = or(%, %)
param: i32 %arg0:1002536042
---name: i32 %arg0, value: 1002536042.
integer, char or other simple types
name: i32 %arg0
assuming that there are not more then 10 arguments
nameIndex: 0
nameID: 0
argument name: arg0
value: 1002536042
###new bool cond: bool % = compare(%arg0, %i32__1002536042)
param:  i32 %arg1:-200179577
---name:  i32 %arg1, value: -200179577.
integer, char or other simple types
name:  i32 %arg1
assuming that there are not more then 10 arguments
nameIndex: 1
nameID: 1
argument name: arg1
value: -200179577
###added bool cond: bool % = or(%, %)
pruneOrAssert -- adding line boolCond: bool % = or(%, %)
Writing precondition type at: jobs/407/precondition_type_mat_creat.txt

Type of Precondition:
[underoverapprox]
precondition found, end encoding
                      0 sec [DONE]
        Number of expressions:                          6070
        after encoding

      3 assertions before transformations (3 custom).

      Performing formula transformations ...
        Simplifier
          Number of rewrites                              94
        Fixed Memory Address Assigner
          Number of moved ops                              3
          Number of rewrites                             364
        Simplifier
          Number of moved ops                              0
          Number of rewrites                            2730
        Memory Model Encoder
          Number of moved ops                              0
          Number of rewrites                               0
        Simplifier
          Number of rewrites                               0
        Simplifier
          Number of rewrites                               0
        ToASC Analyser
          Memcpy/memset found                             no
        Byte-Based Memory Creator
        Instantiation-Based ToASC Simplifier
        Simplifier
        FP Abstraction
          Number of rewrites                               0
        Simplifier
          Number of rewrites                               0
                                                           0 sec [DONE]
        
      3 assertions remain after transformations (3 custom).
after rewriteFormula
after sanityCheckFormula

      Running SMT solver (STP with MiniSat) ...            0 sec [DONE]
        
                                                           0 sec [DONE]
      after performing Check
evaluateCheckerResultsViaRefinementLoop
checker.getResult() is Trace
checkOnlyPrecon: 1, size:1
setCheckToUnsafe for precondition Instruction
checkID: 1438
setCheckToUnsafe
set check to unsafe
getCheckerResultAfterUpdatingMarker
failingInst is nullptr
Preconditions internal: 
i32 %arg0:1002536042; (i32 %arg0:1002536042)i32 %arg1:-200179577; (i32 %arg1:4094787719)i32 %arg2:arbitrary; 
 function does not read memory: 0, checkValidLoad:0, checkMemory: 0
function does not read memory 

assumePair: i32 %arg0 = nondef() : 1002536042
assumePair: i32 %arg1 = nondef() : -200179577
assumePair: i32 %arg2 = nondef() : 0
error: No matching SMT expression for Op %arg2 (nondef) found!
    Rerunning SMT solver (STP with MiniSat) ...            0 sec [DONE]
      failingInst is nullptr
Preconditions internal: 
i32 %arg0:1005961087; (i32 %arg0:1005961087)i32 %arg1:-536854656; (i32 %arg1:3758112640)i32 %arg2:arbitrary; 
 function does not read memory: 0, checkValidLoad:0, checkMemory: 0
function does not read memory 

assumePair: i32 %arg0 = nondef() : 1005961087
assumePair: i32 %arg1 = nondef() : -536854656
assumePair: i32 %arg2 = nondef() : 0
error: No matching SMT expression for Op %arg2 (nondef) found!
    Rerunning SMT solver (STP with MiniSat) ...            0 sec [DONE]
      failingInst:   %2 = call double** @qpr.precondition._mat_creat(i32 %arg0, i32 %arg1), !dbg !1389
Preconditions internal: 
i32 %arg0:1375076095; (i32 %arg0:1375076095)i32 %arg1:-167772228; (i32 %arg1:4127195068)i32 %arg2:arbitrary; 
 function does not read memory: 0, checkValidLoad:0, checkMemory: 0
function does not read memory 

assumePair: i32 %arg0 = nondef() : 1375076095
assumePair: i32 %arg1 = nondef() : -167772228
assumePair: i32 %arg2 = nondef() : 0
error: No matching SMT expression for Op %arg2 (nondef) found!
    Rerunning SMT solver (STP with MiniSat) ...            0 sec [DONE]
      name of function arguments: Writing precondition at: jobs/407/precondition_mat_creat.txt

Generated Preconditions:
[underoverapprox]name of function arguments: 
i32 %arg0:1002536042; i32 %arg1:-200179577; i32 %arg2:arbitrary; 
i32 %arg0:1005961087; i32 %arg1:-536854656; i32 %arg2:arbitrary; 
i32 %arg0:1375076095; i32 %arg1:-167772228; i32 %arg2:arbitrary; 

                                                           0 sec [DONE]
    allunsafe
    
                                                           0 sec [DONE]
  