runJobCommand
arguents: child
arguents: job
arguents: mode
handleJobInSeparateProcess0

Checking job 1422 ...about to run job:
preconNumber: 0, 0

  Running Model Checker with 1 checks ...try
try ready

    SMTSolver : stp
    CallStackBound : 0
    StopEncodingAfterCheckLoop : 0
    LoopUnrollBound : 1
    HavocLimit : 0
    PreconditionNumber : 0
    PreconditionLocation : jobs/1422
    TimeOut : 600
    InitializedGlobals : false
    IgnoreMissingFunctions : false
    StopEncodingAfterCheck : false
    OverApproxVaArgs : false
    PreconditionCheckMemory : false
    PreconditionOnlyArguments : trueI [1] lib/ModelChecker/Verifier.cpp:247 | EntryPoint : parseYyyyMmDd
m_checker->run()

    Performing bounded model checking ...
      Unrolling loop in function "parseYyyyMmDd" for 1 iterations succeeded.
      Transformed "parseYyyyMmDd" from 23 to 22 basic blocks
      Performing pre-transformations on LLVM IR ...        0 sec [DONE]
        
      Performing logical encoding ...
        Unrolling loop in function "getDigits" for 1 iterations succeeded.
        Unrolling loop in function "getDigits" for 1 iterations succeeded.
        Transformed "getDigits" from 18 to 19 basic blocks and from 152 to 167 instructions
        Unrolling loop in function "parseHhMmSs" for 1 iterations succeeded.
        Transformed "parseHhMmSs" from 17 to 19 basic blocks and from 132 to 165 instructions
        Unrolling loop in function "parseTimezone" for 1 iterations succeeded.
        Unrolling loop in function "parseTimezone" for 1 iterations succeeded.
        Transformed "parseTimezone" from 20 to 18 basic blocksisMemset:   call void @llvm.memset.p0i8.i64(i8* %1, i8 0, i64 48, i32 8, i1 false), !dbg !5631

                                                           0 sec [DONE]
        Number of expressions:                        156819
        after encoding

      13 assertions before transformations (12 no_back_edge, 1 custom).

      Performing formula transformations ...
        Simplifier
          Number of rewrites                            4566
        Fixed Memory Address Assigner
          Number of moved ops                              0
          Number of rewrites                            5208
        Simplifier
          Number of moved ops                              0
          Number of rewrites                           72638
        Memory Model Encoder
          Number of moved ops                              0rewriteAllocaOprewriteStackAddressOp
rewriteAllocaOprewriteStackAddressOp
rewriteAllocaOprewriteStackAddressOp
rewriteAllocaOprewriteStackAddressOp
rewriteAllocaOprewriteStackAddressOp
rewriteAllocaOprewriteStackAddressOp
rewriteAllocaOprewriteStackAddressOp
rewriteAllocaOprewriteStackAddressOp
rewriteAllocaOprewriteStackAddressOp
rewriteAllocaOprewriteStackAddressOp
rewriteAllocaOprewriteStackAddressOp
rewriteAllocaOprewriteStackAddressOp
rewriteAllocaOprewriteStackAddressOp
rewriteAllocaOprewriteStackAddressOp
rewriteAllocaOprewriteStackAddressOp
rewriteAllocaOprewriteStackAddressOp

          Number of rewrites                              16
        Simplifier
          Number of moved ops                              0
          Number of rewrites                            5394
        Simplifier
          Number of moved ops                              0
          Number of rewrites                           69270
        ToASC Analyser
          Memcpy/memset found                             no
        Byte-Based Memory Creator
        Instantiation-Based ToASC Simplifier
        Simplifier
        FP Abstraction
          Number of rewrites                              64

Abstracted floating point operations.  The result might be a false positive.

        Simplifier
          Number of moved ops                              0
          Number of rewrites                               0
                                                           0 sec [DONE]
        
      13 assertions remain after transformations (12 no_back_edge, 1 custom).
after rewriteFormula
after sanityCheckFormula

      Running SMT solver (STP with MiniSat) ...