runJobCommand
arguents: child
arguents: job
arguents: mode
Careful, HavocLimit is not zero. Call Abstraction is activated
handleJobInSeparateProcess0

Checking job 7127 ...about to run job:
preconNumber: 0, 0

  Running Model Checker with 1 checks ...try
try ready

    SMTSolver : stp
    CallStackBound : 0
    StopEncodingAfterCheckLoop : 0
    LoopUnrollBound : 1
    HavocLimit : 2
    PreconditionNumber : 0
    PreconditionLocation : jobs/7127
    TimeOut : 600
    InitializedGlobals : false
    IgnoreMissingFunctions : false
    StopEncodingAfterCheck : false
    OverApproxVaArgs : false
    PreconditionCheckMemory : false
    PreconditionOnlyArguments : trueI [0] lib/ModelChecker/Verifier.cpp:247 | EntryPoint : sqlite3FkActions
m_checker->run()

    Performing bounded model checking ...
      Unrolling loop in function "sqlite3FkActions" for 1 iterations succeeded.
      Transformed "sqlite3FkActions" from 12 to 13 basic blocks and from 48 to 51 instructions
      Performing pre-transformations on LLVM IR ...        0 sec [DONE]
        
      Performing logical encoding ...Current: sqlite3FkReferences Havoced: sqlite3HashFind

        Unrolling loop in function "fkParentIsModified" for 1 iterations succeeded.
        Unrolling loop in function "fkParentIsModified" for 1 iterations succeeded.
        Transformed "fkParentIsModified" from 21 to 23 basic blocks and from 87 to 97 instructionsCurrent: fkParentIsModified Havoced: sqlite3StrICmp

        Unrolling loop in function "fkActionTrigger" for 1 iterations succeeded.
        Transformed "fkActionTrigger" from 57 to 62 basic blocks and from 421 to 441 instructionsCurrent: fkActionTrigger Havoced: sqlite3FkLocateIndex
isMemcpy:   call void @llvm.memcpy.p0i8.p0i8.i64(i8* %40, i8* bitcast (%struct.anon.1* @fkActionTrigger.tOld to i8*), i64 16, i32 8, i1 false), !dbg !5705
isMemcpy:   call void @llvm.memcpy.p0i8.p0i8.i64(i8* %41, i8* bitcast (%struct.anon.1* @fkActionTrigger.tNew to i8*), i64 16, i32 8, i1 false), !dbg !5707
Current: fkActionTrigger Havoced: sqlite3TokenInit
Current: fkActionTrigger Havoced: sqlite3TokenInit
Current: fkActionTrigger Havoced: sqlite3ExprAlloc
Current: fkActionTrigger Havoced: sqlite3ExprAlloc
Current: fkActionTrigger Havoced: sqlite3PExpr
Current: fkActionTrigger Havoced: sqlite3ExprAlloc
Current: fkActionTrigger Havoced: sqlite3PExpr
Current: fkActionTrigger Havoced: sqlite3ExprAnd
Current: fkActionTrigger Havoced: sqlite3ExprAlloc
Current: fkActionTrigger Havoced: sqlite3ExprAlloc
Current: fkActionTrigger Havoced: sqlite3PExpr
Current: fkActionTrigger Havoced: sqlite3ExprAlloc
Current: fkActionTrigger Havoced: sqlite3ExprAlloc
Current: fkActionTrigger Havoced: sqlite3PExpr
Current: fkActionTrigger Havoced: sqlite3PExpr
Current: fkActionTrigger Havoced: sqlite3ExprAnd
Current: fkActionTrigger Havoced: sqlite3ExprAlloc
Current: fkActionTrigger Havoced: sqlite3ExprAlloc
Current: fkActionTrigger Havoced: sqlite3ExprDup
Current: fkActionTrigger Havoced: sqlite3ExprAlloc
Current: fkActionTrigger Havoced: sqlite3ExprAlloc
Current: fkActionTrigger Havoced: sqlite3PExpr
Current: fkActionTrigger Havoced: sqlite3ExprListAppend
Current: fkActionTrigger Havoced: sqlite3ExprListSetName
Current: fkActionTrigger Havoced: sqlite3DbFree
Current: fkActionTrigger Havoced: sqlite3Strlen30
Current: fkActionTrigger Havoced: sqlite3Expr
Current: fkActionTrigger Havoced: sqlite3ExprListAppend
Current: fkActionTrigger Havoced: sqlite3SrcListAppend
Current: fkActionTrigger Havoced: sqlite3SelectNew
Current: fkActionTrigger Havoced: sqlite3DbMallocZero
isMemcpy:   call void @llvm.memcpy.p0i8.p0i8.i64(i8* %168, i8* %135, i64 %169, i32 1, i1 false), !dbg !5874
Current: fkActionTrigger Havoced: sqlite3ExprDup
Current: fkActionTrigger Havoced: sqlite3ExprListDup
Current: fkActionTrigger Havoced: sqlite3SelectDup
Current: fkActionTrigger Havoced: sqlite3PExpr
Current: fkActionTrigger Havoced: sqlite3ExprDup
Current: fkActionTrigger Havoced: sqlite3ExprDelete
Current: fkActionTrigger Havoced: sqlite3ExprDelete
Current: fkActionTrigger Havoced: sqlite3ExprListDelete
Current: fkActionTrigger Havoced: sqlite3SelectDelete
Current: fkActionTrigger Havoced: fkTriggerDelete
Current: sqlite3CodeRowTriggerDirect Havoced: sqlite3GetVdbe
Current: sqlite3CodeRowTriggerDirect Havoced: getRowTrigger
Current: sqlite3CodeRowTriggerDirect Havoced: sqlite3VdbeAddOp4
Current: sqlite3CodeRowTriggerDirect Havoced: sqlite3VdbeChangeP5

                                                           0 sec [DONE]
        Number of expressions:                        156150
        after encoding

      5 assertions before transformations (4 no_back_edge, 1 custom).

      Performing formula transformations ...
        Simplifier
          Number of rewrites                            3964
        Fixed Memory Address Assigner
          Number of moved ops                              2
          Number of rewrites                            5208
        Simplifier
          Number of moved ops                              0
          Number of rewrites                           72679
        Memory Model Encoder
          Number of moved ops                              0rewriteAllocaOprewriteStackAddressOp
rewriteAllocaOprewriteStackAddressOp
rewriteAllocaOprewriteStackAddressOp
rewriteAllocaOprewriteStackAddressOp
rewriteAllocaOprewriteStackAddressOp
rewriteAllocaOprewriteStackAddressOp
rewriteAllocaOprewriteStackAddressOp

          Number of rewrites                               7
        Simplifier
          Number of moved ops                              0
          Number of rewrites                              61
        Simplifier
          Number of moved ops                              0
          Number of rewrites                             464
        ToASC Analyser
          Memcpy/memset found                            yes
        Byte-Based Memory Creator
          Number of rewrites                            9019
        Instantiation-Based ToASC Simplifier
          Number of rewrites                               1
        Simplifier
          Number of moved ops                              0
          Number of rewrites                           23306
        FP Abstraction
          Number of rewrites                              22

Abstracted floating point operations.  The result might be a false positive.

        Simplifier
          Number of moved ops                              0
          Number of rewrites                               0
                                                           0 sec [DONE]
        
      5 assertions remain after transformations (4 no_back_edge, 1 custom).
after rewriteFormula
after sanityCheckFormula

      Running SMT solver (STP with MiniSat) ...