runJobCommand
arguents: child
arguents: job
arguents: mode
handleJobInSeparateProcess0

Checking job 2091 ...about to run job:
preconNumber: 5, 1

  Running Model Checker with 1 checks ...try
try ready

    SMTSolver : stp
    CallStackBound : 0
    StopEncodingAfterCheckLoop : 1
    LoopUnrollBound : 1
    HavocLimit : 0
    PreconditionNumber : 5
    PreconditionLocation : jobs/2091
    TimeOut : 600
    InitializedGlobals : false
    IgnoreMissingFunctions : false
    StopEncodingAfterCheck : true
    OverApproxVaArgs : false
    PreconditionCheckMemory : false
    PreconditionOnlyArguments : trueI [0] lib/ModelChecker/Verifier.cpp:247 | EntryPoint : unixGetSystemCall
m_checker->run()

    Performing bounded model checking ...
      Unrolling loop in function "unixGetSystemCall" for 1 iterations succeeded.
      Transformed "unixGetSystemCall" from 8 to 7 basic blocks and from 37 to 40 instructions
      Performing pre-transformations on LLVM IR ...        0 sec [DONE]
        
      Performing logical encoding ...size Alloca: 1
size Alloca: 1

        Unrolling loop in function "llbmc.strcmp" for 0 iterations succeeded.
        Transformed "llbmc.strcmp" from 4 to 3 basic blocks and from 14 to 16 instructions-----found check = true

                                                           0 sec [DONE]
        Number of expressions:                        155100
        after encoding

      3 assertions before transformations (2 no_back_edge, 1 custom).

      Performing formula transformations ...
        Simplifier
          Number of rewrites                            3416
        Fixed Memory Address Assigner
          Number of moved ops                              2
          Number of rewrites                            5210
        Simplifier
          Number of moved ops                              2
          Number of rewrites                           73290
        Memory Model Encoder
          Number of moved ops                              0
          Number of rewrites                               0
        Simplifier
          Number of rewrites                               0
        Simplifier
          Number of rewrites                           69268
        ToASC Analyser
          Memcpy/memset found                             no
        Byte-Based Memory Creator
        Instantiation-Based ToASC Simplifier
        Simplifier
        FP Abstraction
          Number of rewrites                              44

Abstracted floating point operations.  The result might be a false positive.

        Simplifier
          Number of moved ops                              0
          Number of rewrites                               0
                                                           0 sec [DONE]
        
      3 assertions remain after transformations (2 no_back_edge, 1 custom).
after rewriteFormula
after sanityCheckFormula

      Running SMT solver (STP with MiniSat) ...