runJobCommand
arguents: child
arguents: job
arguents: mode
Careful, HavocLimit is not zero. Call Abstraction is activated
handleJobInSeparateProcess0

Checking job 2308 ...about to run job:
preconNumber: 0, 0

  Running Model Checker with 1 checks ...try
try ready

    SMTSolver : stp
    CallStackBound : 0
    StopEncodingAfterCheckLoop : 0
    LoopUnrollBound : 1
    HavocLimit : 1
    PreconditionNumber : 0
    PreconditionLocation : jobs/2308
    TimeOut : 600
    InitializedGlobals : false
    IgnoreMissingFunctions : false
    StopEncodingAfterCheck : false
    OverApproxVaArgs : false
    PreconditionCheckMemory : false
    PreconditionOnlyArguments : trueI [1] lib/ModelChecker/Verifier.cpp:247 | EntryPoint : sqlite3_serialize
m_checker->run()

    Performing bounded model checking ...
      Unrolling loop in function "sqlite3_serialize" for 1 iterations succeeded.
      Transformed "sqlite3_serialize" from 41 to 42 basic blocks and from 199 to 202 instructions
      Performing pre-transformations on LLVM IR ...        0 sec [DONE]
        
      Performing logical encoding ...Current: sqlite3_serialize Havoced: memdbFromDbSchema
Current: sqlite3_serialize Havoced: sqlite3FindDbName
Current: sqlite3_serialize Havoced: sqlite3BtreeGetPageSize
Current: sqlite3_serialize Havoced: sqlite3_mprintf
Current: sqlite3_serialize Havoced: sqlite3_prepare_v2
Current: sqlite3_serialize Havoced: sqlite3_free
Current: sqlite3_serialize Havoced: sqlite3_step
Current: sqlite3_serialize Havoced: sqlite3_column_int64
Current: sqlite3_serialize Havoced: sqlite3_malloc64
Current: sqlite3_serialize Havoced: sqlite3_column_int
Current: sqlite3_serialize Havoced: sqlite3BtreePager
Current: sqlite3_serialize Havoced: sqlite3PagerGet
isMemset:   call void @llvm.memset.p0i8.i64(i8* %66, i8 0, i64 %72, i32 1, i1 false), !dbg !5795
Current: sqlite3_serialize Havoced: sqlite3PagerGetData
isMemcpy:   call void @llvm.memcpy.p0i8.p0i8.i64(i8* %66, i8* %70, i64 %71, i32 1, i1 false), !dbg !5791
Current: sqlite3_serialize Havoced: sqlite3PagerUnref
Current: sqlite3_serialize Havoced: sqlite3_finalize
Current: sqlite3_serialize Havoced: sqlite3_malloc64
isMemcpy:   call void @llvm.memcpy.p0i8.p0i8.i64(i8* %25, i8* %28, i64 %30, i32 1, i1 false), !dbg !5708
                      0 sec [DONE]
        Number of expressions:                        155406
        after encoding

      2 assertions before transformations (1 no_back_edge, 1 custom).

      Performing formula transformations ...
        Simplifier
          Number of rewrites                            3575
        Fixed Memory Address Assigner
          Number of moved ops                              0
          Number of rewrites                            5208
        Simplifier
          Number of moved ops                              0
          Number of rewrites                           72628
        Memory Model Encoder
          Number of moved ops                              0rewriteAllocaOprewriteStackAddressOp
rewriteAllocaOprewriteStackAddressOp

          Number of rewrites                               2
        Simplifier
          Number of moved ops                              0
          Number of rewrites                               5
        Simplifier
          Number of moved ops                              0
          Number of rewrites                             142
        ToASC Analyser
          Memcpy/memset found                            yes
        Byte-Based Memory Creator
          Number of rewrites                            8943
        Instantiation-Based ToASC Simplifier
          Number of rewrites                               3
        Simplifier
          Number of moved ops                              8
          Number of rewrites                           23131
        FP Abstraction
          Number of rewrites                              22

Abstracted floating point operations.  The result might be a false positive.

        Simplifier
          Number of moved ops                              0
          Number of rewrites                               0
                                                           0 sec [DONE]
        
      2 assertions remain after transformations (1 no_back_edge, 1 custom).
after rewriteFormula
after sanityCheckFormula

      Running SMT solver (STP with MiniSat) ...            0 sec [DONE]
        
                                                           1 sec [DONE]
      after performing Check
evaluateCheckerResultsViaRefinementLoop
checker.getResult() is Trace
checkOnlyPrecon: 0, size:1
getFailingCheckFor
setStatusMarkerAccordingToFailingInstruction
BranchInst - LoopBound
trying to exclude Assertions for Failing Instruction

    Rerunning SMT solver (STP with MiniSat) ...            0 sec [DONE]
      getCheckerResultAfterUpdatingMarker
Result is NoTrace

                                                           2 sec [DONE]
    allsafe
    
                                                           2 sec [DONE]
  