runJobCommand
precondition analysis with entry:sqlite3MemRealloc
arguents: child
arguents: job
arguents: mode
arguents: precondition
handleJobInSeparateProcess0

Checking job 1530 ...about to run job:
preconNumber: 5, 1

  Running Model Checker with 1 checks ...entry: sqlite3MemRealloc, functionName: sqlite3MemSize
  <badref> = call i32 @qpr.precondition.sqlite3MemSize(i8* %0)
entry: sqlite3MemRealloc, functionName: sqlite3MemRealloc
entry: sqlite3MemRealloc, functionName: sqlite3MemSize
try
try ready

    SMTSolver : stp
    CallStackBound : 0
    StopEncodingAfterCheckLoop : 1
    LoopUnrollBound : 1
    HavocLimit : 0
    PreconditionNumber : 5
    PreconditionLocation : jobs/1530
    TimeOut : 600
    InitializedGlobals : false
    IgnoreMissingFunctions : false
    StopEncodingAfterCheck : true
    OverApproxVaArgs : false
    PreconditionCheckMemory : false
    PreconditionOnlyArguments : trueI [0] lib/ModelChecker/Verifier.cpp:247 | EntryPoint : sqlite3MemRealloc
m_checker->run()

    Performing bounded model checking ...
      Performing pre-transformations on LLVM IR ...        0 sec [DONE]
        
      Performing logical encoding ...size Alloca: 1
isMemmove:   call void @memmove(i8* %r, i8* %ptr, i64 %cpysize)
TODO MKB implement precondition handling: IE
Reading in precondition at: jobs/1530/precondition_sqlite3MemSize.txt
preconFile: jobs/1530/precondition_sqlite3MemSize.txt
ref: [underoverapprox]name of function arguments, argValue:  
ref: [underoverapprox]name of function arguments, argValue:  
name of function arguments line
ERROR boolCond is nullptr
ERROR boolCond is nullptr
ERROR boolCond is nullptr
ERROR boolCond is nullptr
ERROR boolCond is nullptr
Writing precondition type at: jobs/1530/precondition_type_sqlite3MemRealloc.txt

Type of Precondition:
[underoverapprox]
precondition found, end encoding
                      0 sec [DONE]
        Number of expressions:                        155080
        after encoding

      0 assertions before transformations.

      Performing formula transformations ...
        Simplifier
          Number of rewrites                            3383
        Fixed Memory Address Assigner
          Number of moved ops                              1
          Number of rewrites                            5211
        Simplifier
          Number of moved ops                              1
          Number of rewrites                           72619
        Memory Model Encoder
          Number of moved ops                              0
          Number of rewrites                               3
        Simplifier
          Number of moved ops                              0
          Number of rewrites                               2
        Simplifier
          Number of moved ops                              0
          Number of rewrites                             142
        ToASC Analyser
          Memcpy/memset found                            yes
        Byte-Based Memory Creator
          Number of rewrites                            8907
        Instantiation-Based ToASC Simplifier
          Number of rewrites                               1
        Simplifier
          Number of moved ops                              0
          Number of rewrites                           23044
        FP Abstraction
          Number of rewrites                              22

Abstracted floating point operations.  The result might be a false positive.

        Simplifier
          Number of moved ops                              0
          Number of rewrites                               0
                                                           0 sec [DONE]
        
      0 assertions remain after transformations.
after rewriteFormula
after sanityCheckFormula

      Running SMT solver (STP with MiniSat) ...            0 sec [DONE]
        
                                                           1 sec [DONE]
      after performing Check
evaluateCheckerResultsViaRefinementLoop
getCheckerResultAfterUpdatingMarker
Result is NoTrace

                                                           1 sec [DONE]
    allunsafe
    
                                                           1 sec [DONE]
  eckValidLoad:0, checkMemory: 0
function does not read memory 


    Rerunning SMT solver (STP with MiniSat) ...            0 sec [DONE]
      name of function arguments: Writing precondition at: jobs/1530/precondition_sqlite3MemSize.txt

Generated Preconditions:
[underoverapprox]name of function arguments: 






                                                           1 sec [DONE]
    allunsafe
    
                                                           1 sec [DONE]
  