runJobCommand
arguents: child
arguents: job
arguents: mode
Careful, HavocLimit is not zero. Call Abstraction is activated
handleJobInSeparateProcess0

Checking job 8015 ...about to run job:
preconNumber: 0, 0

  Running Model Checker with 1 checks ...try
try ready

    SMTSolver : stp
    CallStackBound : 0
    StopEncodingAfterCheckLoop : 0
    LoopUnrollBound : 1
    HavocLimit : 1
    PreconditionNumber : 0
    PreconditionLocation : jobs/8015
    TimeOut : 600
    InitializedGlobals : false
    IgnoreMissingFunctions : false
    StopEncodingAfterCheck : false
    OverApproxVaArgs : false
    PreconditionCheckMemory : false
    PreconditionOnlyArguments : trueI [1] lib/ModelChecker/Verifier.cpp:247 | EntryPoint : windowAggStep
m_checker->run()

    Performing bounded model checking ...
      Unrolling loop in function "windowAggStep" for 1 iterations succeeded.
      Unrolling loop in function "windowAggStep" for 1 iterations succeeded.
      Unrolling loop in function "windowAggStep" for 1 iterations succeeded.
      Transformed "windowAggStep" from 46 to 49 basic blocks and from 286 to 295 instructions
      Performing pre-transformations on LLVM IR ...        0 sec [DONE]
        
      Performing logical encoding ...Current: windowAggStep Havoced: sqlite3GetVdbe
Current: windowAggStep Havoced: windowArgCount
Current: windowAggStep Havoced: sqlite3VdbeAddOp3
Current: windowAggStep Havoced: sqlite3VdbeAddOp3
Current: windowAggStep Havoced: sqlite3GetTempReg
Current: windowAggStep Havoced: sqlite3VdbeAddOp3
Current: windowAggStep Havoced: sqlite3VdbeAddOp3
Current: windowAggStep Havoced: sqlite3ReleaseTempReg
Current: windowAggStep Havoced: sqlite3VdbeCurrentAddr
Current: windowAggStep Havoced: sqlite3GetTempRange
Current: windowAggStep Havoced: sqlite3ExprCodeExprList
Current: windowAggStep Havoced: sqlite3VdbeCurrentAddr
Current: windowAggStep Havoced: sqlite3VdbeGetOp
Current: windowAggStep Havoced: sqlite3ExprNNCollSeq
Current: windowAggStep Havoced: sqlite3VdbeAddOp4
Current: windowAggStep Havoced: sqlite3VdbeAddOp3
Current: windowAggStep Havoced: sqlite3VdbeAppendP4
Current: windowAggStep Havoced: sqlite3VdbeChangeP5
Current: windowAggStep Havoced: sqlite3ReleaseTempRange
Current: windowAggStep Havoced: sqlite3VdbeJumpHere
Current: windowAggStep Havoced: sqlite3VdbeAddOp2
Current: windowAggStep Havoced: sqlite3VdbeAddOp1
Current: windowAggStep Havoced: sqlite3VdbeAddOp4Int
Current: windowAggStep Havoced: sqlite3VdbeAddOp1
Current: windowAggStep Havoced: sqlite3VdbeCurrentAddr
Current: windowAggStep Havoced: sqlite3VdbeJumpHere
Current: windowAggStep Havoced: sqlite3VdbeAddOp2
Current: windowAggStep Havoced: sqlite3VdbeAddOp2
Current: windowAggStep Havoced: sqlite3VdbeAddOp3
Current: windowAggStep Havoced: sqlite3VdbeAddOp2
Current: windowAggStep Havoced: sqlite3VdbeJumpHere
                      0 sec [DONE]
        Number of expressions:                        155567
        after encoding

      4 assertions before transformations (3 no_back_edge, 1 custom).

      Performing formula transformations ...
        Simplifier
          Number of rewrites                            3626
        Fixed Memory Address Assigner
          Number of moved ops                              0
          Number of rewrites                            5208
        Simplifier
          Number of moved ops                              0
          Number of rewrites                           72620
        Memory Model Encoder
          Number of moved ops                              0
          Number of rewrites                               0
        Simplifier
          Number of rewrites                               3
        Simplifier
          Number of moved ops                              0
          Number of rewrites                             142
        ToASC Analyser
          Memcpy/memset found                             no
        Byte-Based Memory Creator
        Instantiation-Based ToASC Simplifier
        Simplifier
        FP Abstraction
          Number of rewrites                              44

Abstracted floating point operations.  The result might be a false positive.

        Simplifier
          Number of moved ops                              0
          Number of rewrites                               0
                                                           0 sec [DONE]
        
      4 assertions remain after transformations (3 no_back_edge, 1 custom).
after rewriteFormula
after sanityCheckFormula

      Running SMT solver (STP with MiniSat) ...            0 sec [DONE]
        
                                                           0 sec [DONE]
      after performing Check
evaluateCheckerResultsViaRefinementLoop
checker.getResult() is Trace
checkOnlyPrecon: 0, size:1
getFailingCheckFor
setStatusMarkerAccordingToFailingInstruction
BranchInst - LoopBound
trying to exclude Assertions for Failing Instruction

    Rerunning SMT solver (STP with MiniSat) ...            0 sec [DONE]
      checker.getResult() is Trace
checkOnlyPrecon: 0, size:1
getFailingCheckFor
setStatusMarkerAccordingToFailingInstruction
BranchInst - LoopBound
trying to exclude Assertions for Failing Instruction

    Rerunning SMT solver (STP with MiniSat) ...            0 sec [DONE]
      checker.getResult() is Trace
checkOnlyPrecon: 0, size:1
getFailingCheckFor
setStatusMarkerAccordingToFailingInstruction
BranchInst - LoopBound
trying to exclude Assertions for Failing Instruction

    Rerunning SMT solver (STP with MiniSat) ...            0 sec [DONE]
      checker.getResult() is Trace
checkOnlyPrecon: 0, size:1
getFailingCheckFor
setCheckToUnsafe
setCheckToUnsafe
Check for floating point traces / abstractions currently deactivated
trying to exclude Assertions for Failing Instruction

    Rerunning SMT solver (STP with MiniSat) ...            0 sec [DONE]
      getCheckerResultAfterUpdatingMarker
Result is NoTrace

                                                           1 sec [DONE]
    allunsafe
    
                                                           1 sec [DONE]
  