runJobCommand
arguents: child
arguents: job
arguents: mode
handleJobInSeparateProcess0

Checking job 4385 ...about to run job:
preconNumber: 5, 1

  Running Model Checker with 1 checks ...W [0] lib/Slicer/LocalSlicer.cpp:357 | argument %struct.Pager* null of call instruction has pointer type
W [0] lib/Slicer/LocalSlicer.cpp:368 | argument 0 (i32* undef) has pointer type
W [0] lib/Slicer/LocalSlicer.cpp:368 | argument 0 (%struct.Wal* undef) has pointer type
W [0] lib/Slicer/LocalSlicer.cpp:357 | argument %struct.Pager* null of call instruction has pointer type
W [0] lib/Slicer/LocalSlicer.cpp:368 | argument 0 (i8* undef) has pointer type
W [0] lib/Slicer/LocalSlicer.cpp:368 | argument 0 (i8* undef) has pointer type
W [0] lib/Slicer/LocalSlicer.cpp:368 | argument 0 (i8* undef) has pointer type
W [0] lib/Slicer/LocalSlicer.cpp:357 | argument %struct.sqlite3_file* null of call instruction has pointer type
W [0] lib/Slicer/LocalSlicer.cpp:368 | argument 0 (%struct.Btree* %0) has pointer type
W [0] lib/Slicer/LocalSlicer.cpp:368 | argument 0 (i8* undef) has pointer type
W [0] lib/Slicer/LocalSlicer.cpp:368 | argument 0 (i32* undef) has pointer type
W [0] lib/Slicer/LocalSlicer.cpp:368 | argument 0 (%struct.sqlite3_vtab* undef) has pointer type
W [0] lib/Slicer/LocalSlicer.cpp:368 | argument 0 (i32 (%struct.sqlite3_vtab*)* undef) has pointer type
W [0] lib/Slicer/LocalSlicer.cpp:357 | argument %struct.sqlite3* null of call instruction has pointer type
W [0] lib/Slicer/LocalSlicer.cpp:368 | argument 0 (i32* undef) has pointer type
W [0] lib/Slicer/LocalSlicer.cpp:357 | argument %struct.Btree* null of call instruction has pointer type
W [0] lib/Slicer/LocalSlicer.cpp:357 | argument %struct.Pager* null of call instruction has pointer type
W [0] lib/Slicer/LocalSlicer.cpp:495 | unused argument: , qpr.slicing.unused.arg.pager_wait_on_lock.0
W [0] lib/Slicer/LocalSlicer.cpp:495 | unused argument: , qpr.slicing.unused.arg.sqlite3PagerExclusiveLock.0
W [0] lib/Slicer/LocalSlicer.cpp:495 | unused argument: , qpr.slicing.unused.arg.pagerLockDb.0
W [0] lib/Slicer/LocalSlicer.cpp:495 | unused argument: , qpr.slicing.unused.arg.sqlite3BtreeTxnState.0
W [0] lib/Slicer/LocalSlicer.cpp:495 | unused argument: , qpr.slicing.unused.arg.sqlite3OsLock.0
W [0] lib/Slicer/LocalSlicer.cpp:495 | unused argument: , qpr.slicing.unused.arg.sqlite3OsLock.1
W [0] lib/Slicer/LocalSlicer.cpp:495 | unused argument: , qpr.slicing.unused.arg.sqlite3VtabSync.0
W [0] lib/Slicer/LocalSlicer.cpp:495 | unused argument: , qpr.slicing.unused.arg.sqlite3VtabSync.1
W [0] lib/Slicer/LocalSlicer.cpp:495 | unused argument: , qpr.slicing.unused.arg.vdbeCommit.0
W [0] lib/Slicer/LocalSlicer.cpp:495 | unused argument: , qpr.slicing.unused.arg.vdbeCommit.1
I [0] lib/Slicer/LocalSlicer.cpp:104 | slicing finished
try
try ready

    SMTSolver : stp
    CallStackBound : 0
    StopEncodingAfterCheckLoop : 1
    LoopUnrollBound : 1
    HavocLimit : 0
    PreconditionNumber : 5
    PreconditionLocation : jobs/4385
    TimeOut : 600
    InitializedGlobals : false
    IgnoreMissingFunctions : false
    StopEncodingAfterCheck : true
    OverApproxVaArgs : false
    PreconditionCheckMemory : false
    PreconditionOnlyArguments : trueI [0] lib/ModelChecker/Verifier.cpp:247 | EntryPoint : vdbeCommit
m_checker->run()

    Performing bounded model checking ...
      Unrolling loop in function "vdbeCommit" for 1 iterations succeeded.
      Transformed "vdbeCommit" from 9 to 16 basic blocks and from 36 to 60 instructions
      Performing pre-transformations on LLVM IR ...        0 sec [DONE]
        
      Performing logical encoding ...size Alloca: 1
size Alloca: 1
-----found check = true
                      0 sec [DONE]
        Number of expressions:                        130968
        after encoding

      1 assertion before transformations (1 custom).

      Performing formula transformations ...
        Simplifier
          Number of rewrites                            2612
        Fixed Memory Address Assigner
          Number of moved ops                              2
          Number of rewrites                            4898
        Simplifier
          Number of moved ops                              2
          Number of rewrites                           61885
        Memory Model Encoder
          Number of moved ops                              0
          Number of rewrites                               0
        Simplifier
          Number of rewrites                               1
        Simplifier
          Number of moved ops                              0
          Number of rewrites                              88
        ToASC Analyser
          Memcpy/memset found                             no
        Byte-Based Memory Creator
        Instantiation-Based ToASC Simplifier
        Simplifier
        FP Abstraction
          Number of rewrites                               0
        Simplifier
          Number of moved ops                              0
          Number of rewrites                               0
                                                           0 sec [DONE]
        
      1 assertion remains after transformations (1 custom).
after rewriteFormula
after sanityCheckFormula

      Running SMT solver (STP with MiniSat) ...            0 sec [DONE]
        
                                                           0 sec [DONE]
      after performing Check
evaluateCheckerResultsViaRefinementLoop
getCheckerResultAfterUpdatingMarker
Result is NoTrace

                                                           1 sec [DONE]
    allsafe
    
                                                           1 sec [DONE]
  