runJobCommand
arguents: child
arguents: job
arguents: mode
Careful, HavocLimit is not zero. Call Abstraction is activated
handleJobInSeparateProcess0

Checking job 5840 ...about to run job:
preconNumber: 0, 0

  Running Model Checker with 1 checks ...try
try ready

    SMTSolver : stp
    CallStackBound : 0
    StopEncodingAfterCheckLoop : 0
    LoopUnrollBound : 1
    HavocLimit : 1
    PreconditionNumber : 0
    PreconditionLocation : jobs/5840
    TimeOut : 600
    InitializedGlobals : false
    IgnoreMissingFunctions : false
    StopEncodingAfterCheck : false
    OverApproxVaArgs : false
    PreconditionCheckMemory : false
    PreconditionOnlyArguments : trueI [1] lib/ModelChecker/Verifier.cpp:247 | EntryPoint : sqlite3ClearStatTables
m_checker->run()

    Performing bounded model checking ...
      Unrolling loop in function "sqlite3ClearStatTables" for 4 iterations succeeded.
      Transformed "sqlite3ClearStatTables" from 7 to 18 basic blocks and from 45 to 108 instructions
      Performing pre-transformations on LLVM IR ...        0 sec [DONE]
        
      Performing logical encoding ...Current: sqlite3ClearStatTables Havoced: sqlite3_snprintf
Current: sqlite3ClearStatTables Havoced: sqlite3FindTable
Current: sqlite3ClearStatTables Havoced: sqlite3NestedParse
Current: sqlite3ClearStatTables Havoced: sqlite3_snprintf
Current: sqlite3ClearStatTables Havoced: sqlite3FindTable
Current: sqlite3ClearStatTables Havoced: sqlite3NestedParse
Current: sqlite3ClearStatTables Havoced: sqlite3_snprintf
Current: sqlite3ClearStatTables Havoced: sqlite3FindTable
Current: sqlite3ClearStatTables Havoced: sqlite3NestedParse
Current: sqlite3ClearStatTables Havoced: sqlite3_snprintf
Current: sqlite3ClearStatTables Havoced: sqlite3FindTable
Current: sqlite3ClearStatTables Havoced: sqlite3NestedParse
                      0 sec [DONE]
        Number of expressions:                        155240
        after encoding

      5 assertions before transformations (1 no_back_edge, 4 custom).

      Performing formula transformations ...
        Simplifier
          Number of rewrites                            3512
        Fixed Memory Address Assigner
          Number of moved ops                              0
          Number of rewrites                            5208
        Simplifier
          Number of moved ops                              0
          Number of rewrites                           72613
        Memory Model Encoder
          Number of moved ops                              0rewriteAllocaOprewriteStackAddressOp

          Number of rewrites                               1
        Simplifier
          Number of moved ops                              0
          Number of rewrites                               1
        Simplifier
          Number of moved ops                              0
          Number of rewrites                             142
        ToASC Analyser
          Memcpy/memset found                             no
        Byte-Based Memory Creator
        Instantiation-Based ToASC Simplifier
        Simplifier
        FP Abstraction
          Number of rewrites                              44

Abstracted floating point operations.  The result might be a false positive.

        Simplifier
          Number of moved ops                              0
          Number of rewrites                               0
                                                           0 sec [DONE]
        
      5 assertions remain after transformations (1 no_back_edge, 4 custom).
after rewriteFormula
after sanityCheckFormula

      Running SMT solver (STP with MiniSat) ...            0 sec [DONE]
        
                                                           0 sec [DONE]
      after performing Check
evaluateCheckerResultsViaRefinementLoop
getCheckerResultAfterUpdatingMarker
Result is NoTrace

                                                           1 sec [DONE]
    allsafe
    
                                                           1 sec [DONE]
  