runJobCommand
arguents: child
arguents: job
arguents: mode
Careful, HavocLimit is not zero. Call Abstraction is activated
handleJobInSeparateProcess0

Checking job 5993 ...about to run job:
preconNumber: 0, 0

  Running Model Checker with 1 checks ...try
try ready

    SMTSolver : stp
    CallStackBound : 0
    StopEncodingAfterCheckLoop : 0
    LoopUnrollBound : 1
    HavocLimit : 2
    PreconditionNumber : 0
    PreconditionLocation : jobs/5993
    TimeOut : 600
    InitializedGlobals : false
    IgnoreMissingFunctions : false
    StopEncodingAfterCheck : false
    OverApproxVaArgs : false
    PreconditionCheckMemory : false
    PreconditionOnlyArguments : trueI [0] lib/ModelChecker/Verifier.cpp:247 | EntryPoint : reindexTable
m_checker->run()

    Performing bounded model checking ...
      Unrolling loop in function "reindexTable" for 1 iterations succeeded.
      Transformed "reindexTable" from 10 to 11 basic blocks and from 42 to 45 instructions
      Performing pre-transformations on LLVM IR ...        0 sec [DONE]
        
      Performing logical encoding ...
        Unrolling loop in function "collationMatch" for 1 iterations succeeded.
        Transformed "collationMatch" from 9 to 10 basic blocks and from 43 to 49 instructionsCurrent: collationMatch Havoced: sqlite3StrICmp

        Unrolling loop in function "sqlite3SchemaToIndex" for 1 iterations succeeded.
        Transformed "sqlite3SchemaToIndex" from 32 to 36 instructionsCurrent: sqlite3BeginWriteOperation Havoced: sqlite3CodeVerifySchemaAtToplevel
Current: sqlite3RefillIndex Havoced: sqlite3SchemaToIndex
Current: sqlite3RefillIndex Havoced: sqlite3AuthCheck
Current: sqlite3RefillIndex Havoced: sqlite3TableLock
Current: sqlite3RefillIndex Havoced: sqlite3GetVdbe
Current: sqlite3RefillIndex Havoced: sqlite3KeyInfoOfIndex
Current: sqlite3RefillIndex Havoced: sqlite3KeyInfoRef
Current: sqlite3RefillIndex Havoced: sqlite3VdbeAddOp4
Current: sqlite3RefillIndex Havoced: sqlite3OpenTable
Current: sqlite3RefillIndex Havoced: sqlite3VdbeAddOp2
Current: sqlite3RefillIndex Havoced: sqlite3GetTempReg
Current: sqlite3RefillIndex Havoced: sqlite3MultiWrite
Current: sqlite3RefillIndex Havoced: sqlite3GenerateIndexKey
Current: sqlite3RefillIndex Havoced: sqlite3VdbeAddOp2
Current: sqlite3RefillIndex Havoced: sqlite3ResolvePartIdxLabel
Current: sqlite3RefillIndex Havoced: sqlite3VdbeAddOp2
Current: sqlite3RefillIndex Havoced: sqlite3VdbeJumpHere
Current: sqlite3RefillIndex Havoced: sqlite3VdbeAddOp2
Current: sqlite3RefillIndex Havoced: sqlite3VdbeAddOp4
Current: sqlite3RefillIndex Havoced: sqlite3VdbeChangeP5
Current: sqlite3RefillIndex Havoced: sqlite3VdbeAddOp2
Current: sqlite3RefillIndex Havoced: sqlite3MayAbort
Current: sqlite3RefillIndex Havoced: sqlite3VdbeCurrentAddr
Current: sqlite3RefillIndex Havoced: sqlite3VdbeGoto
Current: sqlite3RefillIndex Havoced: sqlite3VdbeCurrentAddr
Current: sqlite3RefillIndex Havoced: sqlite3VdbeAddOp4Int
Current: sqlite3RefillIndex Havoced: sqlite3UniqueConstraint
Current: sqlite3RefillIndex Havoced: sqlite3VdbeJumpHere
Current: sqlite3RefillIndex Havoced: sqlite3VdbeAddOp3
Current: sqlite3RefillIndex Havoced: sqlite3VdbeAddOp1
Current: sqlite3RefillIndex Havoced: sqlite3VdbeAddOp2
Current: sqlite3RefillIndex Havoced: sqlite3VdbeChangeP5
Current: sqlite3RefillIndex Havoced: sqlite3ReleaseTempReg
Current: sqlite3RefillIndex Havoced: sqlite3VdbeAddOp2
Current: sqlite3RefillIndex Havoced: sqlite3VdbeJumpHere
Current: sqlite3RefillIndex Havoced: sqlite3VdbeAddOp1
Current: sqlite3RefillIndex Havoced: sqlite3VdbeAddOp1
Current: sqlite3RefillIndex Havoced: sqlite3VdbeAddOp1

                                                           0 sec [DONE]
        Number of expressions:                        155567
        after encoding

      4 assertions before transformations (3 no_back_edge, 1 custom).

      Performing formula transformations ...
        Simplifier
          Number of rewrites                            3662
        Fixed Memory Address Assigner
          Number of moved ops                              0
          Number of rewrites                            5208
        Simplifier
          Number of moved ops                              0
          Number of rewrites                           72633
        Memory Model Encoder
          Number of moved ops                              0rewriteAllocaOprewriteStackAddressOp

          Number of rewrites                               1
        Simplifier
          Number of moved ops                              0
          Number of rewrites                              13
        Simplifier
          Number of moved ops                              0
          Number of rewrites                             142
        ToASC Analyser
          Memcpy/memset found                             no
        Byte-Based Memory Creator
        Instantiation-Based ToASC Simplifier
        Simplifier
        FP Abstraction
          Number of rewrites                              44

Abstracted floating point operations.  The result might be a false positive.

        Simplifier
          Number of moved ops                              0
          Number of rewrites                               0
                                                           0 sec [DONE]
        
      4 assertions remain after transformations (3 no_back_edge, 1 custom).
after rewriteFormula
after sanityCheckFormula

      Running SMT solver (STP with MiniSat) ...