runJobCommand
arguents: child
arguents: job
arguents: mode
Careful, HavocLimit is not zero. Call Abstraction is activated
handleJobInSeparateProcess0

Checking job 5550 ...about to run job:
preconNumber: 0, 0

  Running Model Checker with 1 checks ...try
try ready

    SMTSolver : stp
    CallStackBound : 0
    StopEncodingAfterCheckLoop : 0
    LoopUnrollBound : 1
    HavocLimit : 1
    PreconditionNumber : 0
    PreconditionLocation : jobs/5550
    TimeOut : 600
    InitializedGlobals : false
    IgnoreMissingFunctions : false
    StopEncodingAfterCheck : false
    OverApproxVaArgs : false
    PreconditionCheckMemory : false
    PreconditionOnlyArguments : trueI [0] lib/ModelChecker/Verifier.cpp:247 | EntryPoint : renameColumnFunc
m_checker->run()

    Performing bounded model checking ...
      Unrolling loop in function "renameColumnFunc" for 1 iterations succeeded.
      Unrolling loop in function "renameColumnFunc" for 1 iterations succeeded.
      Unrolling loop in function "renameColumnFunc" for 1 iterations succeeded.
      Unrolling loop in function "renameColumnFunc" for 1 iterations succeeded.
      Unrolling loop in function "renameColumnFunc" for 1 iterations succeeded.
      Unrolling loop in function "renameColumnFunc" for 1 iterations succeeded.
      Transformed "renameColumnFunc" from 86 to 92 basic blocks and from 454 to 478 instructions
      Performing pre-transformations on LLVM IR ...        0 sec [DONE]
        
      Performing logical encoding ...Current: renameColumnFunc Havoced: sqlite3_context_db_handle
Current: renameColumnFunc Havoced: sqlite3_value_text
Current: renameColumnFunc Havoced: sqlite3_value_text
Current: renameColumnFunc Havoced: sqlite3_value_text
Current: renameColumnFunc Havoced: sqlite3_value_int
Current: renameColumnFunc Havoced: sqlite3_value_text
Current: renameColumnFunc Havoced: sqlite3_value_int
Current: renameColumnFunc Havoced: sqlite3_value_int
Current: renameColumnFunc Havoced: sqlite3BtreeEnterAll
Current: renameColumnFunc Havoced: sqlite3FindTable
isMemset:   call void @llvm.memset.p0i8.i64(i8* %43, i8 0, i64 32, i32 8, i1 false), !dbg !5852
Current: renameColumnFunc Havoced: renameParseSql
isMemset:   call void @llvm.memset.p0i8.i64(i8* %52, i8 0, i64 48, i32 8, i1 false), !dbg !5868
Current: renameColumnFunc Havoced: renameResolveTrigger
Current: renameColumnFunc Havoced: sqlite3LocateTable
Current: renameColumnFunc Havoced: renameColumnElistNames
Current: renameColumnFunc Havoced: renameColumnIdlistNames
Current: renameColumnFunc Havoced: renameColumnElistNames
Current: renameColumnFunc Havoced: renameColumnIdlistNames
Current: renameColumnFunc Havoced: renameWalkTrigger
Current: renameColumnFunc Havoced: sqlite3WalkExprList
Current: renameColumnFunc Havoced: sqlite3WalkExpr
Current: renameColumnFunc Havoced: sqlite3_stricmp
Current: renameColumnFunc Havoced: renameTokenFind
Current: renameColumnFunc Havoced: renameTokenFind
Current: renameColumnFunc Havoced: sqlite3WalkExprList
Current: renameColumnFunc Havoced: sqlite3WalkExprList
Current: renameColumnFunc Havoced: sqlite3WalkExprList
Current: renameColumnFunc Havoced: sqlite3WalkExpr
Current: renameColumnFunc Havoced: renameTokenFind
Current: renameColumnFunc Havoced: sqlite3_stricmp
Current: renameColumnFunc Havoced: sqlite3_stricmp
Current: renameColumnFunc Havoced: renameTokenFind
Current: renameColumnFunc Havoced: sqlite3SelectPrep
Current: renameColumnFunc Havoced: sqlite3WalkSelect
Current: renameColumnFunc Havoced: renameEditSql
Current: renameColumnFunc Havoced: sqlite3_result_error_code
Current: renameColumnFunc Havoced: renameColumnParseError
Current: renameColumnFunc Havoced: renameParseCleanup
Current: renameColumnFunc Havoced: renameTokenFree
Current: renameColumnFunc Havoced: sqlite3BtreeLeaveAll
Current: renameColumnFunc Havoced: sqlite3BtreeLeaveAll
                      0 sec [DONE]
        Number of expressions:                        155992
        after encoding

      7 assertions before transformations (6 no_back_edge, 1 custom).

      Performing formula transformations ...
        Simplifier
          Number of rewrites                            3856
        Fixed Memory Address Assigner
          Number of moved ops                              0
          Number of rewrites                            5208
        Simplifier
          Number of moved ops                              0
          Number of rewrites                           72641
        Memory Model Encoder
          Number of moved ops                              0rewriteAllocaOprewriteStackAddressOp
rewriteAllocaOprewriteStackAddressOp
rewriteAllocaOprewriteStackAddressOp

          Number of rewrites                               3
        Simplifier
          Number of moved ops                              0
          Number of rewrites                              70
        Simplifier
          Number of moved ops                              0
          Number of rewrites                             320
        ToASC Analyser
          Memcpy/memset found                             no
        Byte-Based Memory Creator
        Instantiation-Based ToASC Simplifier
        Simplifier
        FP Abstraction
          Number of rewrites                              44

Abstracted floating point operations.  The result might be a false positive.

        Simplifier
          Number of moved ops                              0
          Number of rewrites                               0
                                                           0 sec [DONE]
        
      7 assertions remain after transformations (6 no_back_edge, 1 custom).
after rewriteFormula
after sanityCheckFormula

      Running SMT solver (STP with MiniSat) ...            0 sec [DONE]
        
                                                           1 sec [DONE]
      after performing Check
evaluateCheckerResultsViaRefinementLoop
checker.getResult() is Trace
checkOnlyPrecon: 0, size:1
getFailingCheckFor
setStatusMarkerAccordingToFailingInstruction
BranchInst - LoopBound
trying to exclude Assertions for Failing Instruction

    Rerunning SMT solver (STP with MiniSat) ...            0 sec [DONE]
      checker.getResult() is Trace
checkOnlyPrecon: 0, size:1
getFailingCheckFor
setStatusMarkerAccordingToFailingInstruction
BranchInst - LoopBound
trying to exclude Assertions for Failing Instruction

    Rerunning SMT solver (STP with MiniSat) ...            0 sec [DONE]
      checker.getResult() is Trace
checkOnlyPrecon: 0, size:1
getFailingCheckFor
setStatusMarkerAccordingToFailingInstruction
BranchInst - LoopBound
trying to exclude Assertions for Failing Instruction

    Rerunning SMT solver (STP with MiniSat) ...            0 sec [DONE]
      checker.getResult() is Trace
checkOnlyPrecon: 0, size:1
getFailingCheckFor
setStatusMarkerAccordingToFailingInstruction
BranchInst - LoopBound
trying to exclude Assertions for Failing Instruction

    Rerunning SMT solver (STP with MiniSat) ...            0 sec [DONE]
      checker.getResult() is Trace
checkOnlyPrecon: 0, size:1
getFailingCheckFor
setStatusMarkerAccordingToFailingInstruction
BranchInst - LoopBound
trying to exclude Assertions for Failing Instruction

    Rerunning SMT solver (STP with MiniSat) ...            0 sec [DONE]
      checker.getResult() is Trace
checkOnlyPrecon: 0, size:1
getFailingCheckFor
setStatusMarkerAccordingToFailingInstruction
BranchInst - LoopBound
trying to exclude Assertions for Failing Instruction

    Rerunning SMT solver (STP with MiniSat) ...            0 sec [DONE]
      getCheckerResultAfterUpdatingMarker
Result is NoTrace

                                                           2 sec [DONE]
    allsafe
    
                                                           2 sec [DONE]
  