runJobCommand
arguents: child
arguents: job
arguents: mode
Careful, HavocLimit is not zero. Call Abstraction is activated
handleJobInSeparateProcess0

Checking job 138 ...about to run job:
preconNumber: 0, 0

  Running Model Checker with 1 checks ...try
try ready

    SMTSolver : stp
    CallStackBound : 0
    StopEncodingAfterCheckLoop : 0
    LoopUnrollBound : 12
    HavocLimit : 1
    PreconditionNumber : 0
    PreconditionLocation : jobs/138
    TimeOut : 300
    InitializedGlobals : false
    IgnoreMissingFunctions : false
    StopEncodingAfterCheck : false
    OverApproxVaArgs : false
    PreconditionCheckMemory : false
    PreconditionOnlyArguments : trueI [0] lib/ModelChecker/Verifier.cpp:247 | EntryPoint : bmi160_get_sensor_data
m_checker->run()

    Performing bounded model checking ...
      Transformed "bmi160_get_sensor_data" from 21 to 26 basic blocks and from 104 to 113 instructions
      Performing pre-transformations on LLVM IR ...        0 sec [DONE]
        
      Performing logical encoding ...Current: bmi160_get_sensor_data Havoced: initStubs
Current: bmi160_get_sensor_data Havoced: get_accel_gyro_data
Current: bmi160_get_sensor_data Havoced: get_gyro_data
Current: bmi160_get_sensor_data Havoced: get_accel_data
                      0 sec [DONE]
        Number of expressions:                           290
        after encoding

      0 assertions before transformations.

      Performing formula transformations ...
        Simplifier
          Number of rewrites                             135
        Fixed Memory Address Assigner
          Number of moved ops                              0
          Number of rewrites                               8
        Simplifier
          Number of moved ops                              0
          Number of rewrites                              39
        Memory Model Encoder
          Number of moved ops                              0
          Number of rewrites                               0
        Simplifier
          Number of rewrites                               0
        Simplifier
          Number of rewrites                               0
        ToASC Analyser
          Memcpy/memset found                             no
        Byte-Based Memory Creator
        Instantiation-Based ToASC Simplifier
        Simplifier
        FP Abstraction
          Number of rewrites                               0
        Simplifier
          Number of rewrites                               0
                                                           0 sec [DONE]
        
      0 assertions remain after transformations.
after rewriteFormula
after sanityCheckFormula

      Running SMT solver (STP with MiniSat) ...            0 sec [DONE]
        
                                                           0 sec [DONE]
      after performing Check
evaluateCheckerResultsViaRefinementLoop
getCheckerResultAfterUpdatingMarker
Result is NoTrace

                                                           0 sec [DONE]
    allunsafe
    
                                                           0 sec [DONE]
  kToUnsafe
setCheckToUnsafe
Check for floating point traces / abstractions currently deactivated
trying to exclude Assertions for Failing Instruction

    Rerunning SMT solver (STP with MiniSat) ...            0 sec [DONE]
      getCheckerResultAfterUpdatingMarker
Result is NoTrace

                                                           0 sec [DONE]
    allunsafe
    
                                                           0 sec [DONE]
  