runJobCommand
arguents: child
arguents: job
arguents: mode
handleJobInSeparateProcess0

Checking job 1915 ...about to run job:
preconNumber: 5, 1

  Running Model Checker with 1 checks ...try
try ready

    SMTSolver : stp
    CallStackBound : 0
    StopEncodingAfterCheckLoop : 1
    LoopUnrollBound : 1
    HavocLimit : 0
    PreconditionNumber : 5
    PreconditionLocation : jobs/1915
    TimeOut : 600
    InitializedGlobals : false
    IgnoreMissingFunctions : false
    StopEncodingAfterCheck : true
    OverApproxVaArgs : false
    PreconditionCheckMemory : false
    PreconditionOnlyArguments : trueI [0] lib/ModelChecker/Verifier.cpp:247 | EntryPoint : sqlite3AtoF
m_checker->run()

    Performing bounded model checking ...
      Unrolling loop in function "sqlite3AtoF" for 1 iterations succeeded.
      Unrolling loop in function "sqlite3AtoF" for 1 iterations succeeded.
      Unrolling loop in function "sqlite3AtoF" for 1 iterations succeeded.
      Unrolling loop in function "sqlite3AtoF" for 1 iterations succeeded.
      Unrolling loop in function "sqlite3AtoF" for 1 iterations succeeded.
      Unrolling loop in function "sqlite3AtoF" for 1 iterations succeeded.
      Unrolling loop in function "sqlite3AtoF" for 1 iterations succeeded.
      Unrolling loop in function "sqlite3AtoF" for 1 iterations succeeded.
      Transformed "sqlite3AtoF" from 123 to 170 basic blocks and from 645 to 983 instructions
      Performing pre-transformations on LLVM IR ...        0 sec [DONE]
        
      Performing logical encoding ...size Alloca: 1
size Alloca: 1

        Unrolling loop in function "sqlite3Pow10" for 1 iterations succeeded.
        Transformed "sqlite3Pow10" from 7 to 11 basic blocks and from 33 to 58 instructions-----found check = true

                                                           0 sec [DONE]
        Number of expressions:                        156396
        after encoding

      7 assertions before transformations (6 no_back_edge, 1 custom).

      Performing formula transformations ...
        Simplifier
          Number of rewrites                            4291
        Fixed Memory Address Assigner
          Number of moved ops                              2
          Number of rewrites                            5210
        Simplifier
          Number of moved ops                              2
          Number of rewrites                           72777
        Memory Model Encoder
          Number of moved ops                              0
          Number of rewrites                               0
        Simplifier
          Number of rewrites                               0
        Simplifier
          Number of rewrites                             142
        ToASC Analyser
          Memcpy/memset found                             no
        Byte-Based Memory Creator
        Instantiation-Based ToASC Simplifier
        Simplifier
        FP Abstraction
          Number of rewrites                              62

Abstracted floating point operations.  The result might be a false positive.

        Simplifier
          Number of moved ops                              0
          Number of rewrites                               1
                                                           0 sec [DONE]
        
      7 assertions remain after transformations (6 no_back_edge, 1 custom).
after rewriteFormula
after sanityCheckFormula

      Running SMT solver (STP with MiniSat) ...