runJobCommand
arguents: child
arguents: job
arguents: mode
Careful, HavocLimit is not zero. Call Abstraction is activated
handleJobInSeparateProcess0

Checking job 93 ...about to run job:
preconNumber: 0, 0

  Running Model Checker with 1 checks ...try
try ready

    SMTSolver : stp
    CallStackBound : 0
    StopEncodingAfterCheckLoop : 0
    LoopUnrollBound : 1
    HavocLimit : 2
    PreconditionNumber : 0
    PreconditionLocation : jobs/93
    TimeOut : 600
    InitializedGlobals : false
    IgnoreMissingFunctions : false
    StopEncodingAfterCheck : false
    OverApproxVaArgs : false
    PreconditionCheckMemory : false
    PreconditionOnlyArguments : trueI [0] lib/ModelChecker/Verifier.cpp:247 | EntryPoint : sha3Func
m_checker->run()

    Performing bounded model checking ...
      Performing pre-transformations on LLVM IR ...        0 sec [DONE]
        
      Performing logical encoding ...Current: sqlite3_value_bytes Havoced: sqlite3ValueBytes
Current: sqlite3_value_int Havoced: sqlite3VdbeIntValue
Current: sqlite3_result_error Havoced: sqlite3VdbeMemSetStr
isMemset:   call void @llvm.memset.p0i8.i64(i8* %2, i8 0, i64 1616, i32 8, i1 false), !dbg !5614
Current: sqlite3_value_text Havoced: sqlite3ValueText

        Unrolling loop in function "SHA3Update" for 1 iterations succeeded.
        Unrolling loop in function "SHA3Update" for 1 iterations succeeded.
        Transformed "SHA3Update" from 16 to 18 basic blocks and from 121 to 131 instructionsCurrent: SHA3Update Havoced: KeccakF1600Step
Current: SHA3Update Havoced: KeccakF1600Step
Current: sqlite3_value_blob Havoced: sqlite3_value_text
Current: sqlite3_value_blob Havoced: sqlite3VdbeMemExpandBlob
Current: SHA3Update Havoced: KeccakF1600Step
Current: SHA3Update Havoced: KeccakF1600Step

        Unrolling loop in function "SHA3Final" for 1 iterations succeeded.
        Transformed "SHA3Final" from 8 to 9 basic blocks and from 80 to 84 instructionsCurrent: SHA3Final Havoced: SHA3Update
Current: SHA3Final Havoced: SHA3Update
Current: SHA3Final Havoced: SHA3Update
Current: sqlite3_result_blob Havoced: setResultStrOrError

                                                           0 sec [DONE]
        Number of expressions:                        155884
        after encoding

      6 assertions before transformations (5 no_back_edge, 1 custom).

      Performing formula transformations ...
        Simplifier
          Number of rewrites                            3823
        Fixed Memory Address Assigner
          Number of moved ops                              0
          Number of rewrites                            5208
        Simplifier
          Number of moved ops                              0
          Number of rewrites                           72631
        Memory Model Encoder
          Number of moved ops                              0rewriteAllocaOprewriteStackAddressOp
rewriteAllocaOprewriteStackAddressOp
rewriteAllocaOprewriteStackAddressOp
rewriteAllocaOprewriteStackAddressOp

          Number of rewrites                               4
        Simplifier
          Number of moved ops                              0
          Number of rewrites                              60
        Simplifier
          Number of moved ops                              0
          Number of rewrites                             142
        ToASC Analyser
          Memcpy/memset found                            yes
        Byte-Based Memory Creator
          Number of rewrites                            8971
        Instantiation-Based ToASC Simplifier
          Number of rewrites                               1
        Simplifier
          Number of moved ops                            308
          Number of rewrites                           23109
        FP Abstraction
          Number of rewrites                              22

Abstracted floating point operations.  The result might be a false positive.

        Simplifier
          Number of moved ops                              0
          Number of rewrites                               0
                                                           0 sec [DONE]
        
      6 assertions remain after transformations (5 no_back_edge, 1 custom).
after rewriteFormula
after sanityCheckFormula

      Running SMT solver (STP with MiniSat) ...