runJobCommand
arguents: child
arguents: job
arguents: mode
Careful, HavocLimit is not zero. Call Abstraction is activated
handleJobInSeparateProcess0

Checking job 6718 ...about to run job:
preconNumber: 0, 0

  Running Model Checker with 1 checks ...try
try ready

    SMTSolver : stp
    CallStackBound : 0
    StopEncodingAfterCheckLoop : 0
    LoopUnrollBound : 1
    HavocLimit : 1
    PreconditionNumber : 0
    PreconditionLocation : jobs/6718
    TimeOut : 600
    InitializedGlobals : false
    IgnoreMissingFunctions : false
    StopEncodingAfterCheck : false
    OverApproxVaArgs : false
    PreconditionCheckMemory : false
    PreconditionOnlyArguments : trueI [0] lib/ModelChecker/Verifier.cpp:247 | EntryPoint : pushOntoSorter
m_checker->run()

    Performing bounded model checking ...
      Performing pre-transformations on LLVM IR ...        0 sec [DONE]
        
      Performing logical encoding ...Current: pushOntoSorter Havoced: sqlite3VdbeMakeLabel
Current: pushOntoSorter Havoced: sqlite3ExprCodeExprList
Current: pushOntoSorter Havoced: sqlite3VdbeAddOp2
Current: pushOntoSorter Havoced: sqlite3ExprCodeMove
Current: pushOntoSorter Havoced: makeSorterRecord
Current: pushOntoSorter Havoced: sqlite3VdbeAddOp1
Current: pushOntoSorter Havoced: sqlite3VdbeAddOp1
Current: pushOntoSorter Havoced: sqlite3VdbeAddOp3
Current: pushOntoSorter Havoced: sqlite3VdbeGetOp
isMemset:   call void @llvm.memset.p0i8.i64(i8* %92, i8 0, i64 %95, i32 1, i1 false), !dbg !5790
Current: pushOntoSorter Havoced: sqlite3VdbeChangeP4
Current: pushOntoSorter Havoced: sqlite3KeyInfoFromExprList
Current: pushOntoSorter Havoced: sqlite3VdbeCurrentAddr
Current: pushOntoSorter Havoced: sqlite3VdbeAddOp3
Current: pushOntoSorter Havoced: sqlite3VdbeMakeLabel
Current: pushOntoSorter Havoced: sqlite3VdbeAddOp2
Current: pushOntoSorter Havoced: sqlite3VdbeAddOp1
Current: pushOntoSorter Havoced: sqlite3VdbeAddOp2
Current: pushOntoSorter Havoced: sqlite3VdbeJumpHere
Current: pushOntoSorter Havoced: sqlite3ExprCodeMove
Current: pushOntoSorter Havoced: sqlite3VdbeJumpHere
Current: pushOntoSorter Havoced: sqlite3VdbeCurrentAddr
Current: pushOntoSorter Havoced: sqlite3VdbeAddOp2
Current: pushOntoSorter Havoced: sqlite3VdbeAddOp2
Current: pushOntoSorter Havoced: sqlite3VdbeAddOp4Int
Current: pushOntoSorter Havoced: sqlite3VdbeAddOp1
Current: pushOntoSorter Havoced: makeSorterRecord
Current: pushOntoSorter Havoced: sqlite3VdbeAddOp4Int
Current: pushOntoSorter Havoced: sqlite3VdbeCurrentAddr
Current: pushOntoSorter Havoced: sqlite3VdbeChangeP2
                      0 sec [DONE]
        Number of expressions:                        155452
        after encoding

      1 assertion before transformations (1 custom).

      Performing formula transformations ...
        Simplifier
          Number of rewrites                            3534
        Fixed Memory Address Assigner
          Number of moved ops                              0
          Number of rewrites                            5208
        Simplifier
          Number of moved ops                              0
          Number of rewrites                           72628
        Memory Model Encoder
          Number of moved ops                              1
          Number of rewrites                               0
        Simplifier
          Number of rewrites                               3
        Simplifier
          Number of moved ops                              0
          Number of rewrites                             142
        ToASC Analyser
          Memcpy/memset found                            yes
        Byte-Based Memory Creator
          Number of rewrites                            8960
        Instantiation-Based ToASC Simplifier
          Number of rewrites                               1
        Simplifier
          Number of moved ops                              0
          Number of rewrites                           23094
        FP Abstraction
          Number of rewrites                              22

Abstracted floating point operations.  The result might be a false positive.

        Simplifier
          Number of moved ops                              0
          Number of rewrites                               0
                                                           0 sec [DONE]
        
      1 assertion remains after transformations (1 custom).
after rewriteFormula
after sanityCheckFormula

      Running SMT solver (STP with MiniSat) ...