runJobCommand
arguents: child
arguents: job
arguents: mode
Careful, HavocLimit is not zero. Call Abstraction is activated
handleJobInSeparateProcess0

Checking job 3430 ...about to run job:
preconNumber: 0, 0

  Running Model Checker with 1 checks ...try
try ready

    SMTSolver : stp
    CallStackBound : 0
    StopEncodingAfterCheckLoop : 0
    LoopUnrollBound : 1
    HavocLimit : 1
    PreconditionNumber : 0
    PreconditionLocation : jobs/3430
    TimeOut : 600
    InitializedGlobals : false
    IgnoreMissingFunctions : false
    StopEncodingAfterCheck : false
    OverApproxVaArgs : false
    PreconditionCheckMemory : false
    PreconditionOnlyArguments : trueI [0] lib/ModelChecker/Verifier.cpp:247 | EntryPoint : accessPayload
m_checker->run()

    Performing bounded model checking ...
      Unrolling loop in function "accessPayload" for 1 iterations succeeded.
      Transformed "accessPayload" from 45 to 47 basic blocks and from 394 to 410 instructions
      Performing pre-transformations on LLVM IR ...        0 sec [DONE]
        
      Performing logical encoding ...Current: accessPayload Havoced: getCellInfo
Current: accessPayload Havoced: copyPayload
Current: accessPayload Havoced: sqlite3Get4byte
Current: accessPayload Havoced: sqlite3MallocSize
Current: accessPayload Havoced: sqlite3Realloc
isMemset:   call void @llvm.memset.p0i8.i64(i8* %106, i8 0, i64 %108, i32 4, i1 false), !dbg !5760
Current: accessPayload Havoced: sqlite3PagerGet
Current: accessPayload Havoced: sqlite3PagerGetData
Current: accessPayload Havoced: sqlite3Get4byte
Current: accessPayload Havoced: copyPayload
Current: accessPayload Havoced: sqlite3PagerUnref
Current: accessPayload Havoced: getOverflowPage
Current: accessPayload Havoced: sqlite3CorruptError
Current: accessPayload Havoced: sqlite3CorruptError
Current: accessPayload Havoced: sqlite3CorruptError
                      0 sec [DONE]
        Number of expressions:                        155580
        after encoding

      2 assertions before transformations (1 no_back_edge, 1 custom).

      Performing formula transformations ...
        Simplifier
          Number of rewrites                            3605
        Fixed Memory Address Assigner
          Number of moved ops                              0
          Number of rewrites                            5208
        Simplifier
          Number of moved ops                              0
          Number of rewrites                           72640
        Memory Model Encoder
          Number of moved ops                              0rewriteAllocaOprewriteStackAddressOp
rewriteAllocaOprewriteStackAddressOp

          Number of rewrites                               2
        Simplifier
          Number of moved ops                              0
          Number of rewrites                               7
        Simplifier
          Number of moved ops                              0
          Number of rewrites                             142
        ToASC Analyser
          Memcpy/memset found                            yes
        Byte-Based Memory Creator
          Number of rewrites                            8971
        Instantiation-Based ToASC Simplifier
          Number of rewrites                               1
        Simplifier
          Number of moved ops                            144
          Number of rewrites                           23154
        FP Abstraction
          Number of rewrites                              22

Abstracted floating point operations.  The result might be a false positive.

        Simplifier
          Number of moved ops                              0
          Number of rewrites                               0
                                                           0 sec [DONE]
        
      2 assertions remain after transformations (1 no_back_edge, 1 custom).
after rewriteFormula
after sanityCheckFormula

      Running SMT solver (STP with MiniSat) ...