runJobCommand
arguents: child
arguents: job
arguents: mode
handleJobInSeparateProcess0

Checking job 3776 ...about to run job:
preconNumber: 5, 1

  Running Model Checker with 1 checks ...W [0] lib/Slicer/LocalSlicer.cpp:368 | argument 0 (i8* %2) has pointer type
W [0] lib/Slicer/LocalSlicer.cpp:368 | argument 0 (i8* undef) has pointer type
W [0] lib/Slicer/LocalSlicer.cpp:368 | argument 0 (i16* undef) has pointer type
W [0] lib/Slicer/LocalSlicer.cpp:368 | argument 0 (i32* undef) has pointer type
W [0] lib/Slicer/LocalSlicer.cpp:368 | argument 0 (i32* undef) has pointer type
W [0] lib/Slicer/LocalSlicer.cpp:368 | argument 0 (i32* undef) has pointer type
W [0] lib/Slicer/LocalSlicer.cpp:368 | argument 0 (i8* undef) has pointer type
W [0] lib/Slicer/LocalSlicer.cpp:368 | argument 0 (i16* undef) has pointer type
W [0] lib/Slicer/LocalSlicer.cpp:495 | unused argument: , qpr.slicing.unused.arg.balance_nonroot.0
W [0] lib/Slicer/LocalSlicer.cpp:495 | unused argument: , qpr.slicing.unused.arg.balance_nonroot.2
W [0] lib/Slicer/LocalSlicer.cpp:495 | unused argument: , qpr.slicing.unused.arg.balance_nonroot.3
I [0] lib/Slicer/LocalSlicer.cpp:104 | slicing finished
try
try ready

    SMTSolver : stp
    CallStackBound : 0
    StopEncodingAfterCheckLoop : 1
    LoopUnrollBound : 1
    HavocLimit : 0
    PreconditionNumber : 5
    PreconditionLocation : jobs/3776
    TimeOut : 600
    InitializedGlobals : false
    IgnoreMissingFunctions : false
    StopEncodingAfterCheck : true
    OverApproxVaArgs : false
    PreconditionCheckMemory : false
    PreconditionOnlyArguments : trueI [0] lib/ModelChecker/Verifier.cpp:247 | EntryPoint : balance_nonroot
m_checker->run()

    Performing bounded model checking ...
      Unrolling loop in function "balance_nonroot" for 1 iterations succeeded.
      Transformed "balance_nonroot" from 22 to 32 basic blocks and from 80 to 109 instructions
      Performing pre-transformations on LLVM IR ...        0 sec [DONE]
        
      Performing logical encoding ...size Alloca: 1
size Alloca: 1
-----found check = true
-----found check = true
                      0 sec [DONE]
        Number of expressions:                        131163
        after encoding

      3 assertions before transformations (1 no_back_edge, 2 custom).

      Performing formula transformations ...
        Simplifier
          Number of rewrites                            2723
        Fixed Memory Address Assigner
          Number of moved ops                              2
          Number of rewrites                            4898
        Simplifier
          Number of moved ops                              2
          Number of rewrites                           61886
        Memory Model Encoder
          Number of moved ops                              0
          Number of rewrites                               0
        Simplifier
          Number of rewrites                               5
        Simplifier
          Number of moved ops                              0
          Number of rewrites                              88
        ToASC Analyser
          Memcpy/memset found                             no
        Byte-Based Memory Creator
        Instantiation-Based ToASC Simplifier
        Simplifier
        FP Abstraction
          Number of rewrites                               0
        Simplifier
          Number of moved ops                              0
          Number of rewrites                               0
                                                           0 sec [DONE]
        
      3 assertions remain after transformations (1 no_back_edge, 2 custom).
after rewriteFormula
after sanityCheckFormula

      Running SMT solver (STP with MiniSat) ...            0 sec [DONE]
        
                                                           0 sec [DONE]
      after performing Check
evaluateCheckerResultsViaRefinementLoop
checker.getResult() is Trace
checkOnlyPrecon: 0, size:1
getFailingCheckFor
setStatusMarkerAccordingToFailingInstruction
BranchInst - LoopBound
trying to exclude Assertions for Failing Instruction

    Rerunning SMT solver (STP with MiniSat) ...            0 sec [DONE]
      checker.getResult() is Trace
checkOnlyPrecon: 0, size:1
getFailingCheckFor
setCheckToUnsafe
setCheckToUnsafe
Check for floating point traces / abstractions currently deactivated
getCheckerResultAfterUpdatingMarker
failingInst:   call void @llbmc.assert(i1 %5, i32 %0)
Preconditions internal: 
i32 %arg1:131073; (i32 %arg1:131073)i32 %arg3:arbitrary; i32 %arg4:-2147475456; (i32 %arg4:2147491840)
 function does not read memory: 0, checkValidLoad:0, checkMemory: 0
function does not read memory 

assumePair: i32 %arg1 = nondef() : 131073
assumePair: i32 %arg3 = nondef() : 0
error: No matching SMT expression for Op %arg3 (nondef) found!assumePair: i32 %arg4 = nondef() : -2147475456

    Rerunning SMT solver (STP with MiniSat) ...            0 sec [DONE]
      failingInst:   call void @llbmc.assert(i1 %5, i32 %0)
Preconditions internal: 
i32 %arg1:131073; (i32 %arg1:131073)i32 %arg3:arbitrary; i32 %arg4:-2147418112; (i32 %arg4:2147549184)
 function does not read memory: 0, checkValidLoad:0, checkMemory: 0
function does not read memory 

assumePair: i32 %arg1 = nondef() : 131073
assumePair: i32 %arg3 = nondef() : 0
error: No matching SMT expression for Op %arg3 (nondef) found!assumePair: i32 %arg4 = nondef() : -2147418112

    Rerunning SMT solver (STP with MiniSat) ...            0 sec [DONE]
      failingInst:   call void @llbmc.assert(i1 %5, i32 %0)
Preconditions internal: 
i32 %arg1:131073; (i32 %arg1:131073)i32 %arg3:arbitrary; i32 %arg4:-2147467264; (i32 %arg4:2147500032)
 function does not read memory: 0, checkValidLoad:0, checkMemory: 0
function does not read memory 

assumePair: i32 %arg1 = nondef() : 131073
assumePair: i32 %arg3 = nondef() : 0
error: No matching SMT expression for Op %arg3 (nondef) found!assumePair: i32 %arg4 = nondef() : -2147467264

    Rerunning SMT solver (STP with MiniSat) ...            0 sec [DONE]
      failingInst:   call void @llbmc.assert(i1 %5, i32 %0)
Preconditions internal: 
i32 %arg1:131073; (i32 %arg1:131073)i32 %arg3:arbitrary; i32 %arg4:-2147459072; (i32 %arg4:2147508224)
 function does not read memory: 0, checkValidLoad:0, checkMemory: 0
function does not read memory 

assumePair: i32 %arg1 = nondef() : 131073
assumePair: i32 %arg3 = nondef() : 0
error: No matching SMT expression for Op %arg3 (nondef) found!assumePair: i32 %arg4 = nondef() : -2147459072

    Rerunning SMT solver (STP with MiniSat) ...            0 sec [DONE]
      failingInst:   call void @llbmc.assert(i1 %5, i32 %0)
Preconditions internal: 
i32 %arg1:131073; (i32 %arg1:131073)i32 %arg3:arbitrary; i32 %arg4:-2147442688; (i32 %arg4:2147524608)
 function does not read memory: 0, checkValidLoad:0, checkMemory: 0
function does not read memory 

assumePair: i32 %arg1 = nondef() : 131073
assumePair: i32 %arg3 = nondef() : 0
error: No matching SMT expression for Op %arg3 (nondef) found!assumePair: i32 %arg4 = nondef() : -2147442688

    Rerunning SMT solver (STP with MiniSat) ...            0 sec [DONE]
      name of function arguments: Writing precondition at: jobs/3776/precondition_balance_nonroot.txt

Generated Preconditions:
[underoverapprox]name of function arguments: 
i32 %arg1:131073; i32 %arg3:arbitrary; i32 %arg4:-2147475456; 
i32 %arg1:131073; i32 %arg3:arbitrary; i32 %arg4:-2147418112; 
i32 %arg1:131073; i32 %arg3:arbitrary; i32 %arg4:-2147467264; 
i32 %arg1:131073; i32 %arg3:arbitrary; i32 %arg4:-2147459072; 
i32 %arg1:131073; i32 %arg3:arbitrary; i32 %arg4:-2147442688; 

                                                           1 sec [DONE]
    allunsafe
    
                                                           1 sec [DONE]
  