runJobCommand
arguents: child
arguents: job
arguents: mode
handleJobInSeparateProcess0

Checking job 8337 ...about to run job:
preconNumber: 5, 1

  Running Model Checker with 1 checks ...W [0] lib/Slicer/LocalSlicer.cpp:495 | unused argument: , qpr.slicing.unused.arg.sqlite3_create_collation_v2.0
W [0] lib/Slicer/LocalSlicer.cpp:495 | unused argument: , qpr.slicing.unused.arg.sqlite3_create_collation_v2.1
W [0] lib/Slicer/LocalSlicer.cpp:495 | unused argument: , qpr.slicing.unused.arg.sqlite3_create_collation_v2.3
W [0] lib/Slicer/LocalSlicer.cpp:495 | unused argument: , qpr.slicing.unused.arg.sqlite3_create_collation_v2.4
W [0] lib/Slicer/LocalSlicer.cpp:495 | unused argument: , qpr.slicing.unused.arg.sqlite3_create_collation_v2.5
I [0] lib/Slicer/LocalSlicer.cpp:104 | slicing finished
try
try ready

    SMTSolver : stp
    CallStackBound : 0
    StopEncodingAfterCheckLoop : 1
    LoopUnrollBound : 1
    HavocLimit : 0
    PreconditionNumber : 5
    PreconditionLocation : jobs/8337
    TimeOut : 600
    InitializedGlobals : false
    IgnoreMissingFunctions : false
    StopEncodingAfterCheck : true
    OverApproxVaArgs : false
    PreconditionCheckMemory : false
    PreconditionOnlyArguments : trueI [1] lib/ModelChecker/Verifier.cpp:247 | EntryPoint : sqlite3_create_collation_v2
m_checker->run()

    Performing bounded model checking ...
      Performing pre-transformations on LLVM IR ...        0 sec [DONE]
        
      Performing logical encoding ...size Alloca: 1
size Alloca: 1
size Alloca: 1
size Alloca: 1
