runJobCommand
arguents: child
arguents: job
arguents: mode
Careful, HavocLimit is not zero. Call Abstraction is activated
handleJobInSeparateProcess0

Checking job 6083 ...about to run job:
preconNumber: 0, 0

  Running Model Checker with 1 checks ...try
try ready

    SMTSolver : stp
    CallStackBound : 0
    StopEncodingAfterCheckLoop : 0
    LoopUnrollBound : 1
    HavocLimit : 2
    PreconditionNumber : 0
    PreconditionLocation : jobs/6083
    TimeOut : 600
    InitializedGlobals : false
    IgnoreMissingFunctions : false
    StopEncodingAfterCheck : false
    OverApproxVaArgs : false
    PreconditionCheckMemory : false
    PreconditionOnlyArguments : trueI [0] lib/ModelChecker/Verifier.cpp:247 | EntryPoint : substrFunc
m_checker->run()

    Performing bounded model checking ...
      Unrolling loop in function "substrFunc" for 1 iterations succeeded.
      Unrolling loop in function "substrFunc" for 1 iterations succeeded.
      Unrolling loop in function "substrFunc" for 1 iterations succeeded.
      Unrolling loop in function "substrFunc" for 1 iterations succeeded.
      Unrolling loop in function "substrFunc" for 1 iterations succeeded.
      Unrolling loop in function "substrFunc" for 1 iterations succeeded.
      Transformed "substrFunc" from 72 to 87 basic blocks and from 339 to 427 instructions
      Performing pre-transformations on LLVM IR ...        0 sec [DONE]
        
      Performing logical encoding ...Current: sqlite3_value_int Havoced: sqlite3VdbeIntValue
Current: sqlite3_value_text Havoced: sqlite3ValueText
Current: sqlite3_value_bytes Havoced: sqlite3ValueBytes
Current: sqlite3_value_blob Havoced: sqlite3_value_text
Current: sqlite3_value_blob Havoced: sqlite3VdbeMemExpandBlob
Current: sqlite3_value_int Havoced: sqlite3VdbeIntValue
Current: sqlite3_result_blob64 Havoced: setResultStrOrError
Current: sqlite3_result_blob64 Havoced: invokeValueDestructor
Current: sqlite3_result_text64 Havoced: setResultStrOrError
Current: sqlite3_result_text64 Havoced: invokeValueDestructor
                      0 sec [DONE]
        Number of expressions:                        156078
        after encoding

      9 assertions before transformations (8 no_back_edge, 1 custom).

      Performing formula transformations ...
        Simplifier
          Number of rewrites                            4002
        Fixed Memory Address Assigner
          Number of moved ops                              0
          Number of rewrites                            5208
        Simplifier
          Number of moved ops                              0
          Number of rewrites                           72644
        Memory Model Encoder
          Number of moved ops                              0
          Number of rewrites                               0
        Simplifier
          Number of rewrites                              11
        Simplifier
          Number of moved ops                              0
          Number of rewrites                             142
        ToASC Analyser
          Memcpy/memset found                             no
        Byte-Based Memory Creator
        Instantiation-Based ToASC Simplifier
        Simplifier
        FP Abstraction
          Number of rewrites                              44

Abstracted floating point operations.  The result might be a false positive.

        Simplifier
          Number of moved ops                              0
          Number of rewrites                               0
                                                           0 sec [DONE]
        
      9 assertions remain after transformations (8 no_back_edge, 1 custom).
after rewriteFormula
after sanityCheckFormula

      Running SMT solver (STP with MiniSat) ...