runJobCommand
arguents: child
arguents: job
arguents: mode
Careful, HavocLimit is not zero. Call Abstraction is activated
handleJobInSeparateProcess0

Checking job 7656 ...about to run job:
preconNumber: 0, 0

  Running Model Checker with 1 checks ...try
try ready

    SMTSolver : stp
    CallStackBound : 0
    StopEncodingAfterCheckLoop : 0
    LoopUnrollBound : 1
    HavocLimit : 2
    PreconditionNumber : 0
    PreconditionLocation : jobs/7656
    TimeOut : 600
    InitializedGlobals : false
    IgnoreMissingFunctions : false
    StopEncodingAfterCheck : false
    OverApproxVaArgs : false
    PreconditionCheckMemory : false
    PreconditionOnlyArguments : trueI [0] lib/ModelChecker/Verifier.cpp:247 | EntryPoint : whereLoopXfer
m_checker->run()

    Performing bounded model checking ...
      Performing pre-transformations on LLVM IR ...        0 sec [DONE]
        
      Performing logical encoding ...Current: whereLoopClearUnion Havoced: sqlite3DbFree
Current: whereLoopClearUnion Havoced: sqlite3DbFreeNN
Current: whereLoopClearUnion Havoced: sqlite3_free
Current: whereLoopResize Havoced: sqlite3DbMallocRawNN
isMemcpy:   call void @llvm.memcpy.p0i8.p0i8.i64(i8* %14, i8* %17, i64 %21, i32 8, i1 false), !dbg !5637
Current: whereLoopResize Havoced: sqlite3DbFreeNN
isMemcpy:   call void @llvm.memcpy.p0i8.p0i8.i64(i8* %6, i8* %7, i64 48, i32 8, i1 false), !dbg !5625
isMemcpy:   call void @llvm.memcpy.p0i8.p0i8.i64(i8* %10, i8* %13, i64 %17, i32 8, i1 false), !dbg !5627
isMemset:   call void @llvm.memset.p0i8.i64(i8* %5, i8 0, i64 48, i32 8, i1 false), !dbg !5622
                      0 sec [DONE]
        Number of expressions:                        155330
        after encoding

      1 assertion before transformations (1 custom).

      Performing formula transformations ...
        Simplifier
          Number of rewrites                            3515
        Fixed Memory Address Assigner
          Number of moved ops                              0
          Number of rewrites                            5208
        Simplifier
          Number of moved ops                              0
          Number of rewrites                           72628
        Memory Model Encoder
          Number of moved ops                              0
          Number of rewrites                               0
        Simplifier
          Number of rewrites                               1
        Simplifier
          Number of moved ops                              0
          Number of rewrites                             147
        ToASC Analyser
          Memcpy/memset found                            yes
        Byte-Based Memory Creator
          Number of rewrites                            8945
        Instantiation-Based ToASC Simplifier
          Number of rewrites                               2
        Simplifier
          Number of moved ops                            382
          Number of rewrites                           23115
        FP Abstraction
          Number of rewrites                              22

Abstracted floating point operations.  The result might be a false positive.

        Simplifier
          Number of moved ops                              0
          Number of rewrites                               0
                                                           0 sec [DONE]
        
      1 assertion remains after transformations (1 custom).
after rewriteFormula
after sanityCheckFormula

      Running SMT solver (STP with MiniSat) ...            0 sec [DONE]
        
                                                           1 sec [DONE]
      after performing Check
evaluateCheckerResultsViaRefinementLoop
getCheckerResultAfterUpdatingMarker
Result is NoTrace

                                                           2 sec [DONE]
    allsafe
    
                                                           2 sec [DONE]
  