runJobCommand
arguents: child
arguents: job
arguents: mode
handleJobInSeparateProcess0

Checking job 1761 ...about to run job:
preconNumber: 5, 1

  Running Model Checker with 1 checks ...try
try ready

    SMTSolver : stp
    CallStackBound : 0
    StopEncodingAfterCheckLoop : 1
    LoopUnrollBound : 1
    HavocLimit : 0
    PreconditionNumber : 5
    PreconditionLocation : jobs/1761
    TimeOut : 600
    InitializedGlobals : false
    IgnoreMissingFunctions : false
    StopEncodingAfterCheck : true
    OverApproxVaArgs : false
    PreconditionCheckMemory : false
    PreconditionOnlyArguments : trueI [0] lib/ModelChecker/Verifier.cpp:247 | EntryPoint : sqlite3VdbeMemTranslate
m_checker->run()

    Performing bounded model checking ...
      Unrolling loop in function "sqlite3VdbeMemTranslate" for 1 iterations succeeded.
      Unrolling loop in function "sqlite3VdbeMemTranslate" for 1 iterations succeeded.
      Unrolling loop in function "sqlite3VdbeMemTranslate" for 1 iterations succeeded.
      Unrolling loop in function "sqlite3VdbeMemTranslate" for 1 iterations succeeded.
      Unrolling loop in function "sqlite3VdbeMemTranslate" for 1 iterations succeeded.
      Unrolling loop in function "sqlite3VdbeMemTranslate" for 1 iterations succeeded.
      Unrolling loop in function "sqlite3VdbeMemTranslate" for 1 iterations succeeded.
      Transformed "sqlite3VdbeMemTranslate" from 93 to 106 basic blocks and from 966 to 1051 instructions
      Performing pre-transformations on LLVM IR ...        0 sec [DONE]
        
      Performing logical encoding ...size Alloca: 1
-----found check = true
                      0 sec [DONE]
        Number of expressions:                        155079
        after encoding

      1 assertion before transformations (1 custom).

      Performing formula transformations ...
        Simplifier
          Number of rewrites                            3375
        Fixed Memory Address Assigner
          Number of moved ops                              1
          Number of rewrites                            5209
        Simplifier
          Number of moved ops                              1
          Number of rewrites                          281698
        Memory Model Encoder
          Number of moved ops                              0
          Number of rewrites                               0
        Simplifier
          Number of rewrites                               0
        Simplifier
          Number of rewrites                             142
        ToASC Analyser
          Memcpy/memset found                             no
        Byte-Based Memory Creator
        Instantiation-Based ToASC Simplifier
        Simplifier
        FP Abstraction
          Number of rewrites                              44

Abstracted floating point operations.  The result might be a false positive.

        Simplifier
          Number of moved ops                              0
          Number of rewrites                               0
                                                           0 sec [DONE]
        
      1 assertion remains after transformations (1 custom).
after rewriteFormula
after sanityCheckFormula

      Running SMT solver (STP with MiniSat) ...            0 sec [DONE]
        
                                                           0 sec [DONE]
      after performing Check
evaluateCheckerResultsViaRefinementLoop
checker.getResult() is Trace
checkOnlyPrecon: 0, size:1
getFailingCheckFor
setCheckToUnsafe
setCheckToUnsafe
Check for floating point traces / abstractions currently deactivated
getCheckerResultAfterUpdatingMarker
failingInst:   call void @llbmc.assert(i1 %2, i32 %0)
Preconditions internal: 
i8 %arg1:2; (i8 %arg1:2)
 function does not read memory: 0, checkValidLoad:0, checkMemory: 0
function does not read memory 

assumePair: i8 %arg1 = nondef() : 2

    Rerunning SMT solver (STP with MiniSat) ...            0 sec [DONE]
      failingInst:   call void @llbmc.assert(i1 %2, i32 %0)
Preconditions internal: 
i8 %arg1:1; (i8 %arg1:1)
 function does not read memory: 0, checkValidLoad:0, checkMemory: 0
function does not read memory 

assumePair: i8 %arg1 = nondef() : 1

    Rerunning SMT solver (STP with MiniSat) ...            0 sec [DONE]
      failingInst:   call void @llbmc.assert(i1 %2, i32 %0)
Preconditions internal: 
i8 %arg1:0; (i8 %arg1:0)
 function does not read memory: 0, checkValidLoad:0, checkMemory: 0
function does not read memory 

assumePair: i8 %arg1 = nondef() : 0

    Rerunning SMT solver (STP with MiniSat) ...            0 sec [DONE]
      failingInst:   call void @llbmc.assert(i1 %2, i32 %0)
Preconditions internal: 
i8 %arg1:3; (i8 %arg1:3)
 function does not read memory: 0, checkValidLoad:0, checkMemory: 0
function does not read memory 

assumePair: i8 %arg1 = nondef() : 3

    Rerunning SMT solver (STP with MiniSat) ...            0 sec [DONE]
      failingInst:   call void @llbmc.assert(i1 %2, i32 %0)
Preconditions internal: 
i8 %arg1:7; (i8 %arg1:7)
 function does not read memory: 0, checkValidLoad:0, checkMemory: 0
function does not read memory 

assumePair: i8 %arg1 = nondef() : 7

    Rerunning SMT solver (STP with MiniSat) ...            0 sec [DONE]
      name of function arguments: Writing precondition at: jobs/1761/precondition_sqlite3VdbeMemTranslate.txt

Generated Preconditions:
[underoverapprox]name of function arguments: 
i8 %arg1:2; 
i8 %arg1:1; 
i8 %arg1:0; 
i8 %arg1:3; 
i8 %arg1:7; 

                                                           2 sec [DONE]
    allunsafe
    
                                                           2 sec [DONE]
  