runJobCommand
arguents: child
arguents: job
arguents: mode
handleJobInSeparateProcess0

Checking job 3699 ...about to run job:
preconNumber: 5, 1

  Running Model Checker with 1 checks ...W [0] lib/Slicer/LocalSlicer.cpp:368 | argument 0 (i8* undef) has pointer type
W [0] lib/Slicer/LocalSlicer.cpp:368 | argument 0 (i8* undef) has pointer type
W [0] lib/Slicer/LocalSlicer.cpp:368 | argument 0 (i8* undef) has pointer type
W [0] lib/Slicer/LocalSlicer.cpp:368 | argument 0 (i8* undef) has pointer type
W [0] lib/Slicer/LocalSlicer.cpp:368 | argument 0 (i8* undef) has pointer type
W [0] lib/Slicer/LocalSlicer.cpp:368 | argument 0 (i8* undef) has pointer type
W [0] lib/Slicer/LocalSlicer.cpp:368 | argument 0 (i16* undef) has pointer type
W [0] lib/Slicer/LocalSlicer.cpp:368 | argument 0 (i16* undef) has pointer type
W [0] lib/Slicer/LocalSlicer.cpp:368 | argument 0 (i8* undef) has pointer type
W [0] lib/Slicer/LocalSlicer.cpp:357 | argument %struct.MemPage* null of call instruction has pointer type
W [0] lib/Slicer/LocalSlicer.cpp:357 | argument %struct.MemPage* null of call instruction has pointer type
W [0] lib/Slicer/LocalSlicer.cpp:368 | argument 0 (i8* undef) has pointer type
W [0] lib/Slicer/LocalSlicer.cpp:495 | unused argument: , qpr.slicing.unused.arg.pageFreeArray.0
W [0] lib/Slicer/LocalSlicer.cpp:495 | unused argument: , qpr.slicing.unused.arg.pageFreeArray.3
W [0] lib/Slicer/LocalSlicer.cpp:495 | unused argument: , qpr.slicing.unused.arg.editPage.0
W [0] lib/Slicer/LocalSlicer.cpp:495 | unused argument: , qpr.slicing.unused.arg.editPage.4
I [0] lib/Slicer/LocalSlicer.cpp:104 | slicing finished
try
try ready

    SMTSolver : stp
    CallStackBound : 0
    StopEncodingAfterCheckLoop : 1
    LoopUnrollBound : 1
    HavocLimit : 0
    PreconditionNumber : 5
    PreconditionLocation : jobs/3699
    TimeOut : 600
    InitializedGlobals : false
    IgnoreMissingFunctions : false
    StopEncodingAfterCheck : true
    OverApproxVaArgs : false
    PreconditionCheckMemory : false
    PreconditionOnlyArguments : trueI [0] lib/ModelChecker/Verifier.cpp:247 | EntryPoint : editPage
m_checker->run()

    Performing bounded model checking ...
      Performing pre-transformations on LLVM IR ...        0 sec [DONE]
        
      Performing logical encoding ...size Alloca: 1
size Alloca: 1
-----found check = true
                      0 sec [DONE]
        Number of expressions:                        130951
        after encoding

      1 assertion before transformations (1 custom).

      Performing formula transformations ...
        Simplifier
          Number of rewrites                            2585
        Fixed Memory Address Assigner
          Number of moved ops                              2
          Number of rewrites                            4898
        Simplifier
          Number of moved ops                              2
          Number of rewrites                           61881
        Memory Model Encoder
          Number of moved ops                              0
          Number of rewrites                               0
        Simplifier
          Number of rewrites                               0
        Simplifier
          Number of rewrites                              88
        ToASC Analyser
          Memcpy/memset found                             no
        Byte-Based Memory Creator
        Instantiation-Based ToASC Simplifier
        Simplifier
        FP Abstraction
          Number of rewrites                               0
        Simplifier
          Number of moved ops                              0
          Number of rewrites                               0
                                                           0 sec [DONE]
        
      1 assertion remains after transformations (1 custom).
after rewriteFormula
after sanityCheckFormula

      Running SMT solver (STP with MiniSat) ...            0 sec [DONE]
        
                                                           0 sec [DONE]
      after performing Check
evaluateCheckerResultsViaRefinementLoop
checker.getResult() is Trace
checkOnlyPrecon: 0, size:1
getFailingCheckFor
setCheckToUnsafe
setCheckToUnsafe
Check for floating point traces / abstractions currently deactivated
getCheckerResultAfterUpdatingMarker
failingInst:   call void @llbmc.assert(i1 %5, i32 %0)
Preconditions internal: 
i32 %arg1:-805306370; (i32 %arg1:3489660926)i32 %arg2:-1073741826; (i32 %arg2:3221225470)i32 %arg3:-1073741822; (i32 %arg3:3221225474)
 function does not read memory: 0, checkValidLoad:0, checkMemory: 0
function does not read memory 

assumePair: i32 %arg1 = nondef() : -805306370
assumePair: i32 %arg2 = nondef() : -1073741826
assumePair: i32 %arg3 = nondef() : -1073741822

    Rerunning SMT solver (STP with MiniSat) ...            0 sec [DONE]
      failingInst:   call void @llbmc.assert(i1 %5, i32 %0)
Preconditions internal: 
i32 %arg1:-45559909; (i32 %arg1:4249407387)i32 %arg2:-62337190; (i32 %arg2:4232630106)i32 %arg3:-1023372976; (i32 %arg3:3271594320)
 function does not read memory: 0, checkValidLoad:0, checkMemory: 0
function does not read memory 

assumePair: i32 %arg1 = nondef() : -45559909
assumePair: i32 %arg2 = nondef() : -62337190
assumePair: i32 %arg3 = nondef() : -1023372976

    Rerunning SMT solver (STP with MiniSat) ...            0 sec [DONE]
      failingInst:   call void @llbmc.assert(i1 %5, i32 %0)
Preconditions internal: 
i32 %arg1:679690239; (i32 %arg1:679690239)i32 %arg2:679682047; (i32 %arg2:679682047)i32 %arg3:-2096168960; (i32 %arg3:2198798336)
 function does not read memory: 0, checkValidLoad:0, checkMemory: 0
function does not read memory 

assumePair: i32 %arg1 = nondef() : 679690239
assumePair: i32 %arg2 = nondef() : 679682047
assumePair: i32 %arg3 = nondef() : -2096168960

    Rerunning SMT solver (STP with MiniSat) ...            0 sec [DONE]
      failingInst:   call void @llbmc.assert(i1 %5, i32 %0)
Preconditions internal: 
i32 %arg1:805274103; (i32 %arg1:805274103)i32 %arg2:805274102; (i32 %arg2:805274102)i32 %arg3:65500; (i32 %arg3:65500)
 function does not read memory: 0, checkValidLoad:0, checkMemory: 0
function does not read memory 

assumePair: i32 %arg1 = nondef() : 805274103
assumePair: i32 %arg2 = nondef() : 805274102
assumePair: i32 %arg3 = nondef() : 65500

    Rerunning SMT solver (STP with MiniSat) ...            0 sec [DONE]
      failingInst:   call void @llbmc.assert(i1 %5, i32 %0)
Preconditions internal: 
i32 %arg1:260302028; (i32 %arg1:260302028)i32 %arg2:260301004; (i32 %arg2:260301004)i32 %arg3:32784; (i32 %arg3:32784)
 function does not read memory: 0, checkValidLoad:0, checkMemory: 0
function does not read memory 

assumePair: i32 %arg1 = nondef() : 260302028
assumePair: i32 %arg2 = nondef() : 260301004
assumePair: i32 %arg3 = nondef() : 32784

    Rerunning SMT solver (STP with MiniSat) ...            0 sec [DONE]
      name of function arguments: Writing precondition at: jobs/3699/precondition_editPage.txt

Generated Preconditions:
[underoverapprox]name of function arguments: 
i32 %arg1:-805306370; i32 %arg2:-1073741826; i32 %arg3:-1073741822; 
i32 %arg1:-45559909; i32 %arg2:-62337190; i32 %arg3:-1023372976; 
i32 %arg1:679690239; i32 %arg2:679682047; i32 %arg3:-2096168960; 
i32 %arg1:805274103; i32 %arg2:805274102; i32 %arg3:65500; 
i32 %arg1:260302028; i32 %arg2:260301004; i32 %arg3:32784; 

                                                           1 sec [DONE]
    allunsafe
    
                                                           1 sec [DONE]
  