runJobCommand
arguents: child
arguents: job
arguents: mode
Careful, HavocLimit is not zero. Call Abstraction is activated
handleJobInSeparateProcess0

Checking job 147 ...about to run job:
preconNumber: 0, 0

  Running Model Checker with 1 checks ...try
try ready

    SMTSolver : stp
    CallStackBound : 0
    StopEncodingAfterCheckLoop : 0
    LoopUnrollBound : 1
    HavocLimit : 1
    PreconditionNumber : 0
    PreconditionLocation : jobs/147
    TimeOut : 600
    InitializedGlobals : false
    IgnoreMissingFunctions : false
    StopEncodingAfterCheck : false
    OverApproxVaArgs : false
    PreconditionCheckMemory : false
    PreconditionOnlyArguments : trueI [0] lib/ModelChecker/Verifier.cpp:247 | EntryPoint : completionNext
m_checker->run()

    Performing bounded model checking ...
      Unrolling loop in function "completionNext" for 1 iterations succeeded.
      Unrolling loop in function "completionNext" for 1 iterations succeeded.
      Unrolling loop in function "completionNext" for 1 iterations succeeded.
      Transformed "completionNext" from 42 to 53 basic blocks and from 218 to 256 instructions
      Performing pre-transformations on LLVM IR ...        0 sec [DONE]
        
      Performing logical encoding ...Current: completionNext Havoced: sqlite3_prepare_v2
Current: completionNext Havoced: sqlite3_step
Current: completionNext Havoced: sqlite3_column_text
Current: completionNext Havoced: sqlite3_mprintf
Current: completionNext Havoced: sqlite3_step
Current: completionNext Havoced: sqlite3_finalize
Current: completionNext Havoced: sqlite3_prepare_v2
Current: completionNext Havoced: sqlite3_free
Current: completionNext Havoced: sqlite3_prepare_v2
Current: completionNext Havoced: sqlite3_step
Current: completionNext Havoced: sqlite3_column_text
Current: completionNext Havoced: sqlite3_mprintf
Current: completionNext Havoced: sqlite3_step
Current: completionNext Havoced: sqlite3_finalize
Current: completionNext Havoced: sqlite3_prepare_v2
Current: completionNext Havoced: sqlite3_free
Current: completionNext Havoced: sqlite3_prepare_v2
Current: completionNext Havoced: sqlite3_keyword_count
Current: completionNext Havoced: sqlite3_keyword_name
Current: completionNext Havoced: sqlite3_step
Current: completionNext Havoced: sqlite3_finalize
Current: completionNext Havoced: sqlite3_column_text
Current: completionNext Havoced: sqlite3_column_bytes
Current: completionNext Havoced: sqlite3_strnicmp
                      0 sec [DONE]
        Number of expressions:                        155544
        after encoding

      4 assertions before transformations (3 no_back_edge, 1 custom).

      Performing formula transformations ...
        Simplifier
          Number of rewrites                            3661
        Fixed Memory Address Assigner
          Number of moved ops                              0
          Number of rewrites                            5208
        Simplifier
          Number of moved ops                              0
          Number of rewrites                           72651
        Memory Model Encoder
          Number of moved ops                              0rewriteAllocaOprewriteStackAddressOp
rewriteAllocaOprewriteStackAddressOp

          Number of rewrites                               2
        Simplifier
          Number of moved ops                              0
          Number of rewrites                               8
        Simplifier
          Number of moved ops                              0
          Number of rewrites                             142
        ToASC Analyser
          Memcpy/memset found                             no
        Byte-Based Memory Creator
        Instantiation-Based ToASC Simplifier
        Simplifier
        FP Abstraction
          Number of rewrites                              44

Abstracted floating point operations.  The result might be a false positive.

        Simplifier
          Number of moved ops                              0
          Number of rewrites                               0
                                                           0 sec [DONE]
        
      4 assertions remain after transformations (3 no_back_edge, 1 custom).
after rewriteFormula
after sanityCheckFormula

      Running SMT solver (STP with MiniSat) ...