runJobCommand
arguents: child
arguents: job
arguents: mode
Careful, HavocLimit is not zero. Call Abstraction is activated
handleJobInSeparateProcess0

Checking job 5747 ...about to run job:
preconNumber: 0, 0

  Running Model Checker with 1 checks ...try
try ready

    SMTSolver : stp
    CallStackBound : 0
    StopEncodingAfterCheckLoop : 0
    LoopUnrollBound : 1
    HavocLimit : 1
    PreconditionNumber : 0
    PreconditionLocation : jobs/5747
    TimeOut : 600
    InitializedGlobals : false
    IgnoreMissingFunctions : false
    StopEncodingAfterCheck : false
    OverApproxVaArgs : false
    PreconditionCheckMemory : false
    PreconditionOnlyArguments : trueI [0] lib/ModelChecker/Verifier.cpp:247 | EntryPoint : sqlite3AddCheckConstraint
m_checker->run()

    Performing bounded model checking ...
      Unrolling loop in function "sqlite3AddCheckConstraint" for 1 iterations succeeded.
      Unrolling loop in function "sqlite3AddCheckConstraint" for 1 iterations succeeded.
      Transformed "sqlite3AddCheckConstraint" from 16 to 18 basic blocks and from 115 to 134 instructions
      Performing pre-transformations on LLVM IR ...        0 sec [DONE]
        
      Performing logical encoding ...Current: sqlite3AddCheckConstraint Havoced: sqlite3BtreeIsReadonly
Current: sqlite3AddCheckConstraint Havoced: sqlite3ExprListAppend
Current: sqlite3AddCheckConstraint Havoced: sqlite3ExprListSetName
Current: sqlite3AddCheckConstraint Havoced: sqlite3ExprListSetName
Current: sqlite3AddCheckConstraint Havoced: sqlite3ExprDelete
                      0 sec [DONE]
        Number of expressions:                        155222
        after encoding

      3 assertions before transformations (2 no_back_edge, 1 custom).

      Performing formula transformations ...
        Simplifier
          Number of rewrites                            3449
        Fixed Memory Address Assigner
          Number of moved ops                              0
          Number of rewrites                            5208
        Simplifier
          Number of moved ops                              0
          Number of rewrites                           72605
        Memory Model Encoder
          Number of moved ops                              0rewriteAllocaOprewriteStackAddressOp

          Number of rewrites                               1
        Simplifier
          Number of moved ops                              0
          Number of rewrites                               4
        Simplifier
          Number of moved ops                              0
          Number of rewrites                             142
        ToASC Analyser
          Memcpy/memset found                             no
        Byte-Based Memory Creator
        Instantiation-Based ToASC Simplifier
        Simplifier
        FP Abstraction
          Number of rewrites                              44

Abstracted floating point operations.  The result might be a false positive.

        Simplifier
          Number of moved ops                              0
          Number of rewrites                               0
                                                           0 sec [DONE]
        
      3 assertions remain after transformations (2 no_back_edge, 1 custom).
after rewriteFormula
after sanityCheckFormula

      Running SMT solver (STP with MiniSat) ...