
Run script ...
  Set option ...
    Setting TimeOut to 300
                                                           0 sec [DONE]
    
  Set option ...
    Setting LoopUnrollBound to 4
                                                           0 sec [DONE]
    
  Set option ...
    Setting Hosted to true
                                                           0 sec [DONE]
    
  Set option ...
    Setting AnalyzeChecksIndividually to true
                                                           0 sec [DONE]
    
  Set option ...
    Setting ForkJobs to true
                                                           0 sec [DONE]
    
  Set option ...
    Setting XMLTraces to false
                                                           0 sec [DONE]
    
  Set option ...
    Setting DumpVerifierBitcodeFiles to false
                                                           0 sec [DONE]
    
  Set option ...
    Setting EnableSlicing to false
                                                           0 sec [DONE]
    
  Searching for source files ...
    Added 10 source files
                                                           4 sec [DONE]
    
  Analysing code for properties to be checked ...

    /home/i12/mbuening/100_Dissertation/MNAV/MNAV1.5/avionics.c:73:1: Warning: type specifier missing, defaults to 'int'
    /home/i12/mbuening/100_Dissertation/MNAV/MNAV1.5/avionics.c:219:47: Warning: implicit declaration of function 'snap_time_interval' is invalid in C99
    /home/i12/mbuening/100_Dissertation/MNAV/MNAV1.5/avionics.c:242:4: Warning: implicit declaration of function 'pthread_mutex_destory' is invalid in C99
    /home/i12/mbuening/100_Dissertation/MNAV/MNAV1.5/avionics.c:246:4: Warning: implicit declaration of function 'pthread_attr_destory' is invalid in C99
    /home/i12/mbuening/100_Dissertation/MNAV/MNAV1.5/avionics.c:247:4: Warning: implicit declaration of function 'pthread_cond_destory' is invalid in C99
    /home/i12/mbuening/100_Dissertation/MNAV/MNAV1.5/avionics.c:261:31: Warning: implicit declaration of function 'inet_addr' is invalid in C996 warnings generated.

    Warning: Encountered 6 warnings during compilation

    /home/i12/mbuening/100_Dissertation/MNAV/MNAV1.5/imugps.c:84:52: Warning: format specifies type 'int' but the argument has type 'void *'
    /home/i12/mbuening/100_Dissertation/MNAV/MNAV1.5/imugps.c:231:32: Warning: multiple unsequenced modifications to 'rcvchecksum'2 warnings generated.

    Warning: Encountered 2 warnings during compilation

    /home/i12/mbuening/100_Dissertation/MNAV/MNAV1.5/control.c:247:34: Warning: implicit declaration of function 'write' is invalid in C991 warning generated.

    Warning: Encountered 1 warnings during compilation

    /home/i12/mbuening/100_Dissertation/MNAV/MNAV1.5/ahrs_main.c:85:52: Warning: format specifies type 'int' but the argument has type 'void *'
    /home/i12/mbuening/100_Dissertation/MNAV/MNAV1.5/ahrs_main.c:117:4: Warning: implicit declaration of function 'sleep' is invalid in C992 warnings generated.

    Warning: Encountered 2 warnings during compilation

    /home/i12/mbuening/100_Dissertation/MNAV/MNAV1.5/uplink.c:58:53: Warning: format specifies type 'int' but the argument has type 'void *'
    /home/i12/mbuening/100_Dissertation/MNAV/MNAV1.5/uplink.c:64:13: Warning: implicit declaration of function 'sleep' is invalid in C99
    /home/i12/mbuening/100_Dissertation/MNAV/MNAV1.5/uplink.c:70:86: Warning: passing 'int *' to parameter of type 'socklen_t *' (aka 'unsigned int *') converts between pointers to integer types with different sign
    /usr/include/sys/socket.h:165:27: Note: passing argument to parameter '__addr_len' here
    /home/i12/mbuening/100_Dissertation/MNAV/MNAV1.5/uplink.c:86:38: Warning: format specifies type 'char *' but the argument has type 'char (*)[20]'
    /home/i12/mbuening/100_Dissertation/MNAV/MNAV1.5/uplink.c:86:44: Warning: format specifies type 'char *' but the argument has type 'char (*)[20]'
    /home/i12/mbuening/100_Dissertation/MNAV/MNAV1.5/uplink.c:102:33: Warning: format specifies type 'int *' but the argument has type 'short *'
    /home/i12/mbuening/100_Dissertation/MNAV/MNAV1.5/uplink.c:139:53: Warning: format specifies type 'int *' but the argument has type 'short *'
    /home/i12/mbuening/100_Dissertation/MNAV/MNAV1.5/uplink.c:139:61: Warning: format specifies type 'int *' but the argument has type 'short *'
    /home/i12/mbuening/100_Dissertation/MNAV/MNAV1.5/uplink.c:139:71: Warning: format specifies type 'int *' but the argument has type 'short *'
    /home/i12/mbuening/100_Dissertation/MNAV/MNAV1.5/uplink.c:139:78: Warning: format specifies type 'int *' but the argument has type 'short *'10 warnings generated.

    Warning: Encountered 10 warnings during compilation

    /home/i12/mbuening/100_Dissertation/MNAV/MNAV1.5/misc.c:83:16: Warning: type specifier missing, defaults to 'int'1 warning generated.

    Warning: Encountered 1 warnings during compilation
                                                           0 sec [DONE]
    Found 2345 properties to check
    
  Compiling bitcode ...
    Warning: Code under analysis contains a call to undefined function signal
    Warning: Code under analysis contains a call to undefined function strcmp
    Warning: Code under analysis contains a call to undefined function pthread_mutex_init
    Warning: Code under analysis contains a call to undefined function pthread_cond_init
    Warning: Code under analysis contains a call to undefined function pthread_attr_init
    Warning: Code under analysis contains a call to undefined function pthread_attr_setdetachstate
    Warning: Code under analysis contains a call to undefined function pthread_attr_setinheritsched
    Warning: Code under analysis contains a call to undefined function pthread_attr_setschedpolicy
    Warning: Code under analysis contains a call to undefined function sleep
    Warning: Code under analysis contains a call to undefined function printf
    Warning: Code under analysis contains a call to undefined function sched_get_priority_max
    Warning: Code under analysis contains a call to undefined function pthread_attr_setschedparam
    Warning: Code under analysis contains a call to undefined function pthread_create
    Warning: Code under analysis contains a call to undefined function _exit
    Warning: Code under analysis contains a call to undefined function sigemptyset
    Warning: Code under analysis contains a call to undefined function sigaction
    Warning: Code under analysis contains a call to undefined function setitimer
    Warning: Code under analysis contains a call to undefined function sigsuspend
    Warning: Code under analysis contains a call to undefined function inet_addr
    Warning: Code under analysis contains a call to undefined function htons
    Warning: Code under analysis contains a call to undefined function socket
    Warning: Code under analysis contains a call to undefined function connect
    Warning: Code under analysis contains a call to undefined function close
    Warning: Code under analysis contains a call to undefined function sprintf
    Warning: Code under analysis contains a call to undefined function sendto
    Warning: Code under analysis contains a call to undefined function fopen
    Warning: Code under analysis contains a call to undefined function write
    Warning: Code under analysis contains a call to undefined function read
    Warning: Code under analysis contains a call to undefined function pthread_mutex_lock
    Warning: Code under analysis contains a call to undefined function pthread_cond_signal
    Warning: Code under analysis contains a call to undefined function fwrite
    Warning: Code under analysis contains a call to undefined function pthread_mutex_unlock
    Warning: Code under analysis contains a call to undefined function atan2
    Warning: Code under analysis contains a call to undefined function sqrt
    Warning: Code under analysis contains a call to undefined function fabs
    Warning: Code under analysis contains a call to undefined function pthread_cond_wait
    Warning: Code under analysis contains a call to undefined function cos
    Warning: Code under analysis contains a call to undefined function sin
    Warning: Code under analysis contains a call to undefined function asin
    Warning: Code under analysis contains a call to undefined function open
    Warning: Code under analysis contains a call to undefined function __errno_location
    Warning: Code under analysis contains a call to undefined function strerror
    Warning: Code under analysis contains a call to undefined function fprintf
    Warning: Code under analysis contains a call to undefined function cfsetispeed
    Warning: Code under analysis contains a call to undefined function cfsetospeed
    Warning: Code under analysis contains a call to undefined function tcflush
    Warning: Code under analysis contains a call to undefined function tcsetattr
    Warning: Code under analysis contains a call to undefined function malloc
    Warning: Code under analysis contains a call to undefined function free
    Warning: Code under analysis contains a call to undefined function __isoc99_fscanf
    Warning: Code under analysis contains a call to undefined function abs
    Warning: Code under analysis contains a call to undefined function floor
    Warning: Code under analysis contains a call to undefined function recvfrom
    Warning: Code under analysis contains a call to undefined function __isoc99_sscanf
    Warning: Code under analysis contains a call to undefined function atof
    Warning: Code under analysis contains a call to undefined function atan
    Warning: Code under analysis contains a call to undefined function clock_gettime
                                                           0 sec [DONE]
    
  Post-processing bitcode ...                              0 sec [DONE]
    
  Copying source and header files ...                      0 sec [DONE]
    Success
    
  Creating XML source view ...                             0 sec [DONE]
    Success
    
                                                           6 sec [DONE]
  