runJobCommand
arguents: child
arguents: job
arguents: mode
Careful, HavocLimit is not zero. Call Abstraction is activated
handleJobInSeparateProcess0

Checking job 1415 ...about to run job:
preconNumber: 0, 0

  Running Model Checker with 1 checks ...try
try ready

    SMTSolver : stp
    CallStackBound : 0
    StopEncodingAfterCheckLoop : 0
    LoopUnrollBound : 1
    HavocLimit : 2
    PreconditionNumber : 0
    PreconditionLocation : jobs/1415
    TimeOut : 600
    InitializedGlobals : false
    IgnoreMissingFunctions : false
    StopEncodingAfterCheck : false
    OverApproxVaArgs : false
    PreconditionCheckMemory : false
    PreconditionOnlyArguments : trueI [0] lib/ModelChecker/Verifier.cpp:247 | EntryPoint : computeHMS
m_checker->run()

    Performing bounded model checking ...
      Performing pre-transformations on LLVM IR ...        0 sec [DONE]
        
      Performing logical encoding ...Current: computeJD Havoced: datetimeError
                      0 sec [DONE]
        Number of expressions:                        155294
        after encoding

      1 assertion before transformations (1 custom).

      Performing formula transformations ...
        Simplifier
          Number of rewrites                            3466
        Fixed Memory Address Assigner
          Number of moved ops                              0
          Number of rewrites                            5208
        Simplifier
          Number of moved ops                              0
          Number of rewrites                           72610
        Memory Model Encoder
          Number of moved ops                              0
          Number of rewrites                               0
        Simplifier
          Number of rewrites                               2
        Simplifier
          Number of moved ops                              0
          Number of rewrites                             142
        ToASC Analyser
          Memcpy/memset found                             no
        Byte-Based Memory Creator
        Instantiation-Based ToASC Simplifier
        Simplifier
        FP Abstraction
          Number of rewrites                              61

Abstracted floating point operations.  The result might be a false positive.

        Simplifier
          Number of moved ops                              0
          Number of rewrites                               0
                                                           0 sec [DONE]
        
      1 assertion remains after transformations (1 custom).
after rewriteFormula
after sanityCheckFormula

      Running SMT solver (STP with MiniSat) ...fier Havoced: clearYMD_HMS_TZ
Current: parseModifier Havoced: localtimeOffset
Current: parseModifier Havoced: clearYMD_HMS_TZ
Current: parseModifier Havoced: sqlite3_strnicmp
Current: parseModifier Havoced: computeYMD
Current: parseModifier Havoced: sqlite3_stricmp
Current: parseModifier Havoced: sqlite3_stricmp
Current: parseModifier Havoced: sqlite3_stricmp
Current: parseModifier Havoced: sqlite3_stricmp
Current: parseModifier Havoced: sqlite3NotPureFunc
Current: parseModifier Havoced: computeJD
Current: parseModifier Havoced: localtimeOffset
Current: parseModifier Havoced: clearYMD_HMS_TZ
Current: parseModifier Havoced: sqlite3AtoF
Current: parseModifier Havoced: sqlite3Strlen30
Current: parseModifier Havoced: computeJD
Current: parseModifier Havoced: sqlite3_strnicmp
Current: parseModifier Havoced: computeYMD_HMS
Current: parseModifier Havoced: computeYMD_HMS
Current: parseModifier Havoced: computeJD
Current: parseModifier Havoced: clearYMD_HMS_TZ
isMemset:   call void @llvm.memset.p0i8.i64(i8* %187, i8 0, i64 48, i32 8, i1 false), !dbg !5930
Current: parseModifier Havoced: parseHhMmSs
Current: parseModifier Havoced: computeJD
Current: parseModifier Havoced: computeJD
Current: parseModifier Havoced: clearYMD_HMS_TZ
Current: computeJD Havoced: datetimeError
Current: sqlite3NotPureFunc Havoced: sqlite3_mprintf
Current: sqlite3NotPureFunc Havoced: sqlite3_result_error
Current: sqlite3NotPureFunc Havoced: sqlite3_free
Current: setDateTimeToCurrent Havoced: sqlite3StmtCurrentTime

                                                           0 sec [DONE]
        Number of expressions:                        157094
        after encoding

      5 assertions before transformations (4 no_back_edge, 1 custom).

      Performing formula transformations ...
        Simplifier
          Number of rewrites                            4489
        Fixed Memory Address Assigner
          Number of moved ops                              0
          Number of rewrites                            5208
        Simplifier
          Number of moved ops                              0
          Number of rewrites                           72680
        Memory Model Encoder
          Number of moved ops                              0rewriteAllocaOprewriteStackAddressOp
rewriteAllocaOprewriteStackAddressOp
rewriteAllocaOprewriteStackAddressOp
rewriteAllocaOprewriteStackAddressOp

          Number of rewrites                               4
        Simplifier
          Number of moved ops                              0
          Number of rewrites                              35
        Simplifier
          Number of moved ops                              0
          Number of rewrites                             193
        ToASC Analyser
          Memcpy/memset found                             no
        Byte-Based Memory Creator
        Instantiation-Based ToASC Simplifier
        Simplifier
        FP Abstraction
          Number of rewrites                              93

Abstracted floating point operations.  The result might be a false positive.

        Simplifier
          Number of moved ops                              0
          Number of rewrites                              16
                                                           0 sec [DONE]
        
      5 assertions remain after transformations (4 no_back_edge, 1 custom).
after rewriteFormula
after sanityCheckFormula

      Running SMT solver (STP with MiniSat) ...                      0rewriteAllocaOprewriteStackAddressOp
rewriteAllocaOprewriteStackAddressOp
rewriteAllocaOprewriteStackAddressOp
rewriteAllocaOprewriteStackAddressOp
rewriteAllocaOprewriteStackAddressOp
rewriteAllocaOprewriteStackAddressOp
rewriteAllocaOprewriteStackAddressOp
rewriteAllocaOprewriteStackAddressOp
rewriteAllocaOprewriteStackAddressOp
rewriteAllocaOprewriteStackAddressOp
rewriteAllocaOprewriteStackAddressOp
rewriteAllocaOprewriteStackAddressOp
rewriteAllocaOprewriteStackAddressOp
rewriteAllocaOprewriteStackAddressOp
rewriteAllocaOprewriteStackAddressOp
rewriteAllocaOprewriteStackAddressOp
rewriteAllocaOprewriteStackAddressOp
rewriteAllocaOprewriteStackAddressOp

          Number of rewrites                              18
        Simplifier
          Number of moved ops                              0
          Number of rewrites                          267841
        Simplifier
          Number of moved ops                              0
          Number of rewrites                             512
        ToASC Analyser
          Memcpy/memset found                             no
        Byte-Based Memory Creator
        Instantiation-Based ToASC Simplifier
        Simplifier
        FP Abstraction
          Number of rewrites                             207

Abstracted floating point operations.  The result might be a false positive.

        Simplifier
          Number of moved ops                              0
          Number of rewrites                               8
                                                           0 sec [DONE]
        
      34 assertions remain after transformations (27 no_back_edge, 7 custom).
after rewriteFormula
after sanityCheckFormula

      Running SMT solver (STP with MiniSat) ...size:1
getFailingCheckFor
setStatusMarkerAccordingToFailingInstruction
BranchInst - LoopBound
trying to exclude Assertions for Failing Instruction

    Rerunning SMT solver (STP with MiniSat) ...            0 sec [DONE]
      getCheckerResultAfterUpdatingMarker
Result is NoTrace

                                                           2 sec [DONE]
    allunsafe
    
                                                           2 sec [DONE]
  