runJobCommand
arguents: child
arguents: job
arguents: mode
Careful, HavocLimit is not zero. Call Abstraction is activated
handleJobInSeparateProcess0

Checking job 500 ...about to run job:
preconNumber: 0, 0

  Running Model Checker with 1 checks ...try
try ready

    SMTSolver : stp
    CallStackBound : 0
    StopEncodingAfterCheckLoop : 0
    LoopUnrollBound : 12
    HavocLimit : 1
    PreconditionNumber : 0
    PreconditionLocation : jobs/500
    TimeOut : 300
    InitializedGlobals : false
    IgnoreMissingFunctions : false
    StopEncodingAfterCheck : false
    OverApproxVaArgs : false
    PreconditionCheckMemory : false
    PreconditionOnlyArguments : trueI [0] lib/ModelChecker/Verifier.cpp:247 | EntryPoint : unpack_accel_data
m_checker->run()

    Performing bounded model checking ...
      Performing pre-transformations on LLVM IR ...        0 sec [DONE]
        
      Performing logical encoding ...Current: unpack_accel_data Havoced: initStubs
                      0 sec [DONE]
        Number of expressions:                           181
        after encoding

      1 assertion before transformations (1 custom).

      Performing formula transformations ...
        Simplifier
          Number of rewrites                              26
        Fixed Memory Address Assigner
          Number of moved ops                              0
          Number of rewrites                               8
        Simplifier
          Number of moved ops                              0
          Number of rewrites                              25
        Memory Model Encoder
          Number of moved ops                              0
          Number of rewrites                               0
        Simplifier
          Number of rewrites                               0
        Simplifier
          Number of rewrites                               0
        ToASC Analyser
          Memcpy/memset found                             no
        Byte-Based Memory Creator
        Instantiation-Based ToASC Simplifier
        Simplifier
        FP Abstraction
          Number of rewrites                               0
        Simplifier
          Number of rewrites                               0
                                                           0 sec [DONE]
        
      1 assertion remains after transformations (1 custom).
after rewriteFormula
after sanityCheckFormula

      Running SMT solver (STP with MiniSat) ...            0 sec [DONE]
        
                                                           0 sec [DONE]
      after performing Check
evaluateCheckerResultsViaRefinementLoop
checker.getResult() is Trace
checkOnlyPrecon: 0, size:1
E [0] lib/ModelChecker/Verifier.cpp:515 | VerificationException due to Could not find the failing instruction. This is a bug that only  leads to CheckStatus::InternalError for robustness reasons. (Note that instructions optimized away are a different case, which does not yield a check ID at all)
getCheckerResultAfterUpdatingMarker
E [0] lib/ModelChecker/Verifier.cpp:299 | The Model checker terminated with an exception
E [0] lib/Core/CheckStatusMarker.cpp:61 | A job finished with an internal error
E [0] lib/Core/CheckStatusMarker.cpp:63 | The model checker terminated with an exception (job:500)

                                                           0 sec [DONE]
    The model checker terminated with an exception
    
                                                           0 sec [DONE]
  