runJobCommand
arguents: child
arguents: job
arguents: mode
Careful, HavocLimit is not zero. Call Abstraction is activated
handleJobInSeparateProcess0

Checking job 2322 ...about to run job:
preconNumber: 0, 0

  Running Model Checker with 1 checks ...try
try ready

    SMTSolver : stp
    CallStackBound : 0
    StopEncodingAfterCheckLoop : 0
    LoopUnrollBound : 1
    HavocLimit : 2
    PreconditionNumber : 0
    PreconditionLocation : jobs/2322
    TimeOut : 600
    InitializedGlobals : false
    IgnoreMissingFunctions : false
    StopEncodingAfterCheck : false
    OverApproxVaArgs : false
    PreconditionCheckMemory : false
    PreconditionOnlyArguments : trueI [0] lib/ModelChecker/Verifier.cpp:247 | EntryPoint : pager_write
m_checker->run()

    Performing bounded model checking ...
      Performing pre-transformations on LLVM IR ...        0 sec [DONE]
        
      Performing logical encoding ...Current: pager_open_journal Havoced: sqlite3BitvecCreate
Current: pager_open_journal Havoced: jrnlBufferSize
Current: pager_open_journal Havoced: databaseIsUnmoved
Current: pager_open_journal Havoced: sqlite3JournalOpen
Current: pager_open_journal Havoced: sqlite3MemJournalOpen
Current: pager_open_journal Havoced: writeJournalHdr
Current: pager_open_journal Havoced: sqlite3BitvecDestroy
Current: sqlite3PcacheMakeDirty Havoced: pcacheManageDirtyList

        Unrolling loop in function "sqlite3BitvecTestNotNull" for 1 iterations succeeded.
        Unrolling loop in function "sqlite3BitvecTestNotNull" for 1 iterations succeeded.
        Transformed "sqlite3BitvecTestNotNull" from 16 to 18 basic blocks and from 142 to 161 instructionsCurrent: pagerAddPageToRollbackJournal Havoced: pager_cksum
Current: pagerAddPageToRollbackJournal Havoced: write32bits
Current: pagerAddPageToRollbackJournal Havoced: sqlite3OsWrite
Current: pagerAddPageToRollbackJournal Havoced: write32bits
Current: pagerAddPageToRollbackJournal Havoced: sqlite3BitvecSet
Current: pagerAddPageToRollbackJournal Havoced: addToSavepointBitvecs
Current: subjournalPageIfRequired Havoced: subjRequiresPage
Current: subjournalPageIfRequired Havoced: subjournalPage

                                                           0 sec [DONE]
        Number of expressions:                        155875
        after encoding

      4 assertions before transformations (2 no_back_edge, 2 custom).

      Performing formula transformations ...
        Simplifier
          Number of rewrites                            3783
        Fixed Memory Address Assigner
          Number of moved ops                              1
          Number of rewrites                            5208
        Simplifier
          Number of moved ops                              0
          Number of rewrites                           72650
        Memory Model Encoder
          Number of moved ops                              0
          Number of rewrites                               0
        Simplifier
          Number of rewrites                              10
        Simplifier
          Number of moved ops                              0
          Number of rewrites                             142
        ToASC Analyser
          Memcpy/memset found                             no
        Byte-Based Memory Creator
        Instantiation-Based ToASC Simplifier
        Simplifier
        FP Abstraction
          Number of rewrites                              44

Abstracted floating point operations.  The result might be a false positive.

        Simplifier
          Number of moved ops                              0
          Number of rewrites                               0
                                                           0 sec [DONE]
        
      4 assertions remain after transformations (2 no_back_edge, 2 custom).
after rewriteFormula
after sanityCheckFormula

      Running SMT solver (STP with MiniSat) ...