runJobCommand
arguents: child
arguents: job
arguents: mode
Careful, HavocLimit is not zero. Call Abstraction is activated
handleJobInSeparateProcess0

Checking job 6629 ...about to run job:
preconNumber: 0, 0

  Running Model Checker with 1 checks ...try
try ready

    SMTSolver : stp
    CallStackBound : 0
    StopEncodingAfterCheckLoop : 0
    LoopUnrollBound : 1
    HavocLimit : 1
    PreconditionNumber : 0
    PreconditionLocation : jobs/6629
    TimeOut : 600
    InitializedGlobals : false
    IgnoreMissingFunctions : false
    StopEncodingAfterCheck : false
    OverApproxVaArgs : false
    PreconditionCheckMemory : false
    PreconditionOnlyArguments : trueI [0] lib/ModelChecker/Verifier.cpp:247 | EntryPoint : pragmaVtabConnect
m_checker->run()

    Performing bounded model checking ...
      Unrolling loop in function "pragmaVtabConnect" for 1 iterations succeeded.
      Transformed "pragmaVtabConnect" from 17 to 18 basic blocks and from 151 to 161 instructions
      Performing pre-transformations on LLVM IR ...        0 sec [DONE]
        
      Performing logical encoding ...Current: pragmaVtabConnect Havoced: sqlite3StrAccumInit
Current: pragmaVtabConnect Havoced: sqlite3_str_appendall
Current: pragmaVtabConnect Havoced: sqlite3_str_appendf
Current: pragmaVtabConnect Havoced: sqlite3_str_appendf
Current: pragmaVtabConnect Havoced: sqlite3_str_appendall
Current: pragmaVtabConnect Havoced: sqlite3_str_appendall
Current: pragmaVtabConnect Havoced: sqlite3_str_append
Current: pragmaVtabConnect Havoced: sqlite3StrAccumFinish
Current: pragmaVtabConnect Havoced: sqlite3_declare_vtab
Current: pragmaVtabConnect Havoced: sqlite3_errmsg
Current: pragmaVtabConnect Havoced: sqlite3_mprintf
Current: pragmaVtabConnect Havoced: sqlite3_malloc
isMemset:   call void @llvm.memset.p0i8.i64(i8* %49, i8 0, i64 48, i32 8, i1 false), !dbg !5712
                      0 sec [DONE]
        Number of expressions:                        155226
        after encoding

      2 assertions before transformations (1 no_back_edge, 1 custom).

      Performing formula transformations ...
        Simplifier
          Number of rewrites                            3470
        Fixed Memory Address Assigner
          Number of moved ops                              0
          Number of rewrites                            5208
        Simplifier
          Number of moved ops                              0
          Number of rewrites                           72631
        Memory Model Encoder
          Number of moved ops                              1rewriteAllocaOprewriteStackAddressOp
rewriteAllocaOprewriteStackAddressOp

          Number of rewrites                               2
        Simplifier
          Number of moved ops                              0
          Number of rewrites                               3
        Simplifier
          Number of moved ops                              0
          Number of rewrites                             144
        ToASC Analyser
          Memcpy/memset found                             no
        Byte-Based Memory Creator
        Instantiation-Based ToASC Simplifier
        Simplifier
        FP Abstraction
          Number of rewrites                              44

Abstracted floating point operations.  The result might be a false positive.

        Simplifier
          Number of moved ops                              0
          Number of rewrites                               0
                                                           0 sec [DONE]
        
      2 assertions remain after transformations (1 no_back_edge, 1 custom).
after rewriteFormula
after sanityCheckFormula

      Running SMT solver (STP with MiniSat) ...            0 sec [DONE]
        
                                                           0 sec [DONE]
      after performing Check
evaluateCheckerResultsViaRefinementLoop
checker.getResult() is Trace
checkOnlyPrecon: 0, size:1
getFailingCheckFor
setStatusMarkerAccordingToFailingInstruction
BranchInst - LoopBound
trying to exclude Assertions for Failing Instruction

    Rerunning SMT solver (STP with MiniSat) ...            0 sec [DONE]
      getCheckerResultAfterUpdatingMarker
Result is NoTrace

                                                           1 sec [DONE]
    allsafe
    
                                                           1 sec [DONE]
  