runJobCommand
arguents: child
arguents: job
arguents: mode
Careful, HavocLimit is not zero. Call Abstraction is activated
handleJobInSeparateProcess0

Checking job 537 ...about to run job:
preconNumber: 0, 0

  Running Model Checker with 1 checks ...try
try ready

    SMTSolver : stp
    CallStackBound : 0
    StopEncodingAfterCheckLoop : 0
    LoopUnrollBound : 12
    HavocLimit : 2
    PreconditionNumber : 0
    PreconditionLocation : jobs/537
    TimeOut : 300
    InitializedGlobals : false
    IgnoreMissingFunctions : false
    StopEncodingAfterCheck : false
    OverApproxVaArgs : false
    PreconditionCheckMemory : false
    PreconditionOnlyArguments : trueI [0] lib/ModelChecker/Verifier.cpp:247 | EntryPoint : extract_gyro_header_mode
m_checker->run()

    Performing bounded model checking ...
      Unrolling loop in function "extract_gyro_header_mode" for 12 iterations succeeded.
      Transformed "extract_gyro_header_mode" from 16 to 414 basic blocks and from 99 to 1341 instructions
      Performing pre-transformations on LLVM IR ...        0 sec [DONE]
        
      Performing logical encoding ...Current: move_next_frame Havoced: initStubs
Current: move_next_frame Havoced: initStubs

        Transformed "unpack_gyro_frame" from 18 to 46 basic blocks and from 208 to 263 instructionsCurrent: unpack_gyro_frame Havoced: initStubs
Current: unpack_gyro_frame Havoced: unpack_gyro_data
Current: unpack_gyro_frame Havoced: unpack_gyro_data
Current: unpack_gyro_frame Havoced: unpack_gyro_data
Current: unpack_gyro_frame Havoced: unpack_gyro_data
Current: move_next_frame Havoced: initStubs
Current: move_next_frame Havoced: initStubs
Current: unpack_sensortime_frame Havoced: initStubs
Current: unpack_skipped_frame Havoced: initStubs
Current: move_next_frame Havoced: initStubs
Current: move_next_frame Havoced: initStubs
Current: unpack_gyro_frame Havoced: initStubs
Current: unpack_gyro_frame Havoced: unpack_gyro_data
Current: unpack_gyro_frame Havoced: unpack_gyro_data
Current: unpack_gyro_frame Havoced: unpack_gyro_data
Current: unpack_gyro_frame Havoced: unpack_gyro_data
Current: move_next_frame Havoced: initStubs
Current: move_next_frame Havoced: initStubs
Current: unpack_sensortime_frame Havoced: initStubs
Current: unpack_skipped_frame Havoced: initStubs
Current: move_next_frame Havoced: initStubs
Current: move_next_frame Havoced: initStubs
Current: unpack_gyro_frame Havoced: initStubs
Current: unpack_gyro_frame Havoced: unpack_gyro_data
Current: unpack_gyro_frame Havoced: unpack_gyro_data
Current: unpack_gyro_frame Havoced: unpack_gyro_data
Current: unpack_gyro_frame Havoced: unpack_gyro_data
Current: move_next_frame Havoced: initStubs
Current: move_next_frame Havoced: initStubs
Current: unpack_sensortime_frame Havoced: initStubs
Current: unpack_skipped_frame Havoced: initStubs
Current: move_next_frame Havoced: initStubs
Current: move_next_frame Havoced: initStubs
Current: unpack_gyro_frame Havoced: initStubs
Current: unpack_gyro_frame Havoced: unpack_gyro_data
Current: unpack_gyro_frame Havoced: unpack_gyro_data
Current: unpack_gyro_frame Havoced: unpack_gyro_data
Current: unpack_gyro_frame Havoced: unpack_gyro_data
Current: move_next_frame Havoced: initStubs
Current: move_next_frame Havoced: initStubs
Current: unpack_sensortime_frame Havoced: initStubs
Current: unpack_skipped_frame Havoced: initStubs
Current: move_next_frame Havoced: initStubs
Current: move_next_frame Havoced: initStubs
Current: unpack_gyro_frame Havoced: initStubs
Current: unpack_gyro_frame Havoced: unpack_gyro_data
Current: unpack_gyro_frame Havoced: unpack_gyro_data
Current: unpack_gyro_frame Havoced: unpack_gyro_data
Current: unpack_gyro_frame Havoced: unpack_gyro_data
Current: move_next_frame Havoced: initStubs
Current: move_next_frame Havoced: initStubs
Current: unpack_sensortime_frame Havoced: initStubs
Current: unpack_skipped_frame Havoced: initStubs
Current: move_next_frame Havoced: initStubs
Current: move_next_frame Havoced: initStubs
Current: unpack_gyro_frame Havoced: initStubs
Current: unpack_gyro_frame Havoced: unpack_gyro_data
Current: unpack_gyro_frame Havoced: unpack_gyro_data
Current: unpack_gyro_frame Havoced: unpack_gyro_data
Current: unpack_gyro_frame Havoced: unpack_gyro_data
Current: move_next_frame Havoced: initStubs
Current: move_next_frame Havoced: initStubs
Current: unpack_sensortime_frame Havoced: initStubs
Current: unpack_skipped_frame Havoced: initStubs
Current: move_next_frame Havoced: initStubs
Current: move_next_frame Havoced: initStubs
Current: unpack_gyro_frame Havoced: initStubs
Current: unpack_gyro_frame Havoced: unpack_gyro_data
Current: unpack_gyro_frame Havoced: unpack_gyro_data
Current: unpack_gyro_frame Havoced: unpack_gyro_data
Current: unpack_gyro_frame Havoced: unpack_gyro_data
Current: move_next_frame Havoced: initStubs
Current: move_next_frame Havoced: initStubs
Current: unpack_sensortime_frame Havoced: initStubs
Current: unpack_skipped_frame Havoced: initStubs
Current: move_next_frame Havoced: initStubs
Current: move_next_frame Havoced: initStubs
Current: unpack_gyro_frame Havoced: initStubs
Current: unpack_gyro_frame Havoced: unpack_gyro_data
Current: unpack_gyro_frame Havoced: unpack_gyro_data
Current: unpack_gyro_frame Havoced: unpack_gyro_data
Current: unpack_gyro_frame Havoced: unpack_gyro_data
Current: move_next_frame Havoced: initStubs
Current: move_next_frame Havoced: initStubs
Current: unpack_sensortime_frame Havoced: initStubs
Current: unpack_skipped_frame Havoced: initStubs
Current: move_next_frame Havoced: initStubs
Current: move_next_frame Havoced: initStubs
Current: unpack_gyro_frame Havoced: initStubs
Current: unpack_gyro_frame Havoced: unpack_gyro_data
Current: unpack_gyro_frame Havoced: unpack_gyro_data
Current: unpack_gyro_frame Havoced: unpack_gyro_data
Current: unpack_gyro_frame Havoced: unpack_gyro_data
Current: move_next_frame Havoced: initStubs
Current: move_next_frame Havoced: initStubs
Current: unpack_sensortime_frame Havoced: initStubs
Current: unpack_skipped_frame Havoced: initStubs
Current: move_next_frame Havoced: initStubs
Current: move_next_frame Havoced: initStubs
Current: unpack_gyro_frame Havoced: initStubs
Current: unpack_gyro_frame Havoced: unpack_gyro_data
Current: unpack_gyro_frame Havoced: unpack_gyro_data
Current: unpack_gyro_frame Havoced: unpack_gyro_data
Current: unpack_gyro_frame Havoced: unpack_gyro_data
Current: move_next_frame Havoced: initStubs
Current: move_next_frame Havoced: initStubs
Current: unpack_sensortime_frame Havoced: initStubs
Current: unpack_skipped_frame Havoced: initStubs
Current: move_next_frame Havoced: initStubs
Current: move_next_frame Havoced: initStubs
Current: unpack_gyro_frame Havoced: initStubs
Current: unpack_gyro_frame Havoced: unpack_gyro_data
Current: unpack_gyro_frame Havoced: unpack_gyro_data
Current: unpack_gyro_frame Havoced: unpack_gyro_data
Current: unpack_gyro_frame Havoced: unpack_gyro_data
Current: move_next_frame Havoced: initStubs
Current: move_next_frame Havoced: initStubs
Current: unpack_sensortime_frame Havoced: initStubs
Current: unpack_skipped_frame Havoced: initStubs
Current: move_next_frame Havoced: initStubs
Current: move_next_frame Havoced: initStubs
Current: unpack_gyro_frame Havoced: initStubs
Current: unpack_gyro_frame Havoced: unpack_gyro_data
Current: unpack_gyro_frame Havoced: unpack_gyro_data
Current: unpack_gyro_frame Havoced: unpack_gyro_data
Current: unpack_gyro_frame Havoced: unpack_gyro_data
Current: move_next_frame Havoced: initStubs
Current: move_next_frame Havoced: initStubs
Current: unpack_sensortime_frame Havoced: initStubs
Current: unpack_skipped_frame Havoced: initStubs

                                                           0 sec [DONE]
        Number of expressions:                         14704
        after encoding

      13 assertions before transformations (1 no_back_edge, 12 custom).

      Performing formula transformations ...
        Simplifier
          Number of rewrites                            7378
        Fixed Memory Address Assigner
          Number of moved ops                              5
          Number of rewrites                               8
        Simplifier
          Number of moved ops                              0
          Number of rewrites                             483
        Memory Model Encoder
          Number of moved ops                              1rewriteAllocaOprewriteStackAddressOp
rewriteAllocaOprewriteStackAddressOp

          Number of rewrites                               2
        Simplifier
          Number of moved ops                              0
          Number of rewrites                             302
        Simplifier
          Number of moved ops                              0
          Number of rewrites                               0
        ToASC Analyser
          Memcpy/memset found                             no
        Byte-Based Memory Creator
        Instantiation-Based ToASC Simplifier
        Simplifier
        FP Abstraction
          Number of rewrites                               0
        Simplifier
          Number of rewrites                               0
                                                           0 sec [DONE]
        
      13 assertions remain after transformations (1 no_back_edge, 12 custom).
after rewriteFormula
after sanityCheckFormula

      Running SMT solver (STP with MiniSat) ...            8 sec [DONE]
        
                                                           8 sec [DONE]
      after performing Check
evaluateCheckerResultsViaRefinementLoop
checker.getResult() is Trace
checkOnlyPrecon: 0, size:1
E [9] lib/ModelChecker/Verifier.cpp:515 | VerificationException due to Could not find the failing instruction. This is a bug that only  leads to CheckStatus::InternalError for robustness reasons. (Note that instructions optimized away are a different case, which does not yield a check ID at all)
getCheckerResultAfterUpdatingMarker
E [9] lib/ModelChecker/Verifier.cpp:299 | The Model checker terminated with an exception
E [9] lib/Core/CheckStatusMarker.cpp:61 | A job finished with an internal error
E [9] lib/Core/CheckStatusMarker.cpp:63 | The model checker terminated with an exception (job:537)

                                                           9 sec [DONE]
    The model checker terminated with an exception
    
                                                           9 sec [DONE]
  