runJobCommand
arguents: child
arguents: job
arguents: mode
handleJobInSeparateProcess0

Checking job 5127 ...about to run job:
preconNumber: 5, 1

  Running Model Checker with 1 checks ...W [0] lib/Slicer/LocalSlicer.cpp:368 | argument 0 (i8* undef) has pointer type
W [0] lib/Slicer/LocalSlicer.cpp:368 | argument 0 (i8* undef) has pointer type
W [0] lib/Slicer/LocalSlicer.cpp:368 | argument 0 (i8* undef) has pointer type
W [0] lib/Slicer/LocalSlicer.cpp:368 | argument 0 (i8* undef) has pointer type
W [0] lib/Slicer/LocalSlicer.cpp:368 | argument 0 (i8* %1) has pointer type
W [0] lib/Slicer/LocalSlicer.cpp:368 | argument 0 (i32* undef) has pointer type
W [0] lib/Slicer/LocalSlicer.cpp:368 | argument 0 (i32* undef) has pointer type
W [0] lib/Slicer/LocalSlicer.cpp:357 | argument i8* null of call instruction has pointer type
W [0] lib/Slicer/LocalSlicer.cpp:495 | unused argument: , qpr.slicing.unused.arg.sqlite3StrICmp.0
W [0] lib/Slicer/LocalSlicer.cpp:495 | unused argument: , qpr.slicing.unused.arg.sqlite3StrICmp.1
W [0] lib/Slicer/LocalSlicer.cpp:495 | unused argument: , qpr.slicing.unused.arg.lookupName.0
W [0] lib/Slicer/LocalSlicer.cpp:495 | unused argument: , qpr.slicing.unused.arg.lookupName.1
W [0] lib/Slicer/LocalSlicer.cpp:495 | unused argument: , qpr.slicing.unused.arg.lookupName.2
W [0] lib/Slicer/LocalSlicer.cpp:495 | unused argument: , qpr.slicing.unused.arg.lookupName.3
W [0] lib/Slicer/LocalSlicer.cpp:495 | unused argument: , qpr.slicing.unused.arg.lookupName.4
W [0] lib/Slicer/LocalSlicer.cpp:495 | unused argument: , qpr.slicing.unused.arg.lookupName.5
I [0] lib/Slicer/LocalSlicer.cpp:104 | slicing finished
try
try ready

    SMTSolver : stp
    CallStackBound : 0
    StopEncodingAfterCheckLoop : 1
    LoopUnrollBound : 1
    HavocLimit : 0
    PreconditionNumber : 5
    PreconditionLocation : jobs/5127
    TimeOut : 600
    InitializedGlobals : false
    IgnoreMissingFunctions : false
    StopEncodingAfterCheck : true
    OverApproxVaArgs : false
    PreconditionCheckMemory : false
    PreconditionOnlyArguments : trueI [0] lib/ModelChecker/Verifier.cpp:247 | EntryPoint : lookupName
m_checker->run()

    Performing bounded model checking ...
      Unrolling loop in function "lookupName" for 1 iterations succeeded.
      Transformed "lookupName" from 7 to 10 basic blocks and from 41 to 47 instructions
      Performing pre-transformations on LLVM IR ...        0 sec [DONE]
        
      Performing logical encoding ...size Alloca: 1
size Alloca: 1
size Alloca: 1
size Alloca: 1
size Alloca: 1
size Alloca: 1
-----found check = true
                      0 sec [DONE]
        Number of expressions:                        130936
        after encoding

      1 assertion before transformations (1 custom).

      Performing formula transformations ...
        Simplifier
          Number of rewrites                            2574
        Fixed Memory Address Assigner
          Number of moved ops                              6
          Number of rewrites                            4902
        Simplifier
          Number of moved ops                              6
          Number of rewrites                           61883
        Memory Model Encoder
          Number of moved ops                              0
          Number of rewrites                               0
        Simplifier
          Number of rewrites                               0
        Simplifier
          Number of rewrites                              88
        ToASC Analyser
          Memcpy/memset found                             no
        Byte-Based Memory Creator
        Instantiation-Based ToASC Simplifier
        Simplifier
        FP Abstraction
          Number of rewrites                               0
        Simplifier
          Number of moved ops                              0
          Number of rewrites                               0
                                                           0 sec [DONE]
        
      1 assertion remains after transformations (1 custom).
after rewriteFormula
after sanityCheckFormula

      Running SMT solver (STP with MiniSat) ...            0 sec [DONE]
        
                                                           0 sec [DONE]
      after performing Check
evaluateCheckerResultsViaRefinementLoop
getCheckerResultAfterUpdatingMarker
Result is NoTrace

                                                           1 sec [DONE]
    allsafe
    
                                                           1 sec [DONE]
  