runJobCommand
arguents: child
arguents: job
arguents: mode
handleJobInSeparateProcess0

Checking job 448 ...about to run job:
preconNumber: 3, 1

  Running Model Checker with 1 checks ...try
try ready

    SMTSolver : stp
    CallStackBound : 0
    StopEncodingAfterCheckLoop : 0
    LoopUnrollBound : 4
    HavocLimit : 0
    PreconditionNumber : 3
    PreconditionLocation : jobs/448
    TimeOut : 300
    InitializedGlobals : false
    IgnoreMissingFunctions : false
    StopEncodingAfterCheck : false
    OverApproxVaArgs : false
    PreconditionCheckMemory : false
    PreconditionOnlyArguments : trueI [0] lib/ModelChecker/Verifier.cpp:247 | EntryPoint : mat_mymul1
m_checker->run()

    Performing bounded model checking ...
      Unrolling loop in function "mat_mymul1" for 4 iterations succeeded.
      Unrolling loop in function "mat_mymul1" for 4 iterations succeeded.
      Unrolling loop in function "mat_mymul1" for 4 iterations succeeded.
      Transformed "mat_mymul1" from 13 to 232 basic blocks and from 88 to 2482 instructions
      Performing pre-transformations on LLVM IR ...        0 sec [DONE]
        
      Performing logical encoding ...size Alloca: 1
size Alloca: 1
size Alloca: 1
                      0 sec [DONE]
        Number of expressions:                          9940
        after encoding

      41 assertions before transformations (21 no_back_edge, 20 custom).

      Performing formula transformations ...
        Simplifier
          Number of rewrites                            2124
        Fixed Memory Address Assigner
          Number of moved ops                              3
          Number of rewrites                             367
        Simplifier
          Number of moved ops                              3
          Number of rewrites                            5439
        Memory Model Encoder
          Number of moved ops                              1
          Number of rewrites                               0
        Simplifier
          Number of rewrites                              20
        Simplifier
          Number of moved ops                              0
          Number of rewrites                               0
        ToASC Analyser
          Memcpy/memset found                             no
        Byte-Based Memory Creator
        Instantiation-Based ToASC Simplifier
        Simplifier
        FP Abstraction
          Number of rewrites                             209

Abstracted floating point operations.  The result might be a false positive.

        Simplifier
          Number of rewrites                               0
                                                           0 sec [DONE]
        
      41 assertions remain after transformations (21 no_back_edge, 20 custom).
after rewriteFormula
after sanityCheckFormula

      Running SMT solver (STP with MiniSat) ...            7 sec [DONE]
        
                                                           7 sec [DONE]
      after performing Check
evaluateCheckerResultsViaRefinementLoop
checker.getResult() is Trace
checkOnlyPrecon: 0, size:1
getFailingCheckFor
setStatusMarkerAccordingToFailingInstruction
BranchInst - LoopBound
trying to exclude Assertions for Failing Instruction

    Rerunning SMT solver (STP with MiniSat) ...            8 sec [DONE]
      checker.getResult() is Trace
checkOnlyPrecon: 0, size:1
getFailingCheckFor
setStatusMarkerAccordingToFailingInstruction
BranchInst - LoopBound
trying to exclude Assertions for Failing Instruction

    Rerunning SMT solver (STP with MiniSat) ...            8 sec [DONE]
      checker.getResult() is Trace
checkOnlyPrecon: 0, size:1
getFailingCheckFor
setStatusMarkerAccordingToFailingInstruction
BranchInst - LoopBound
trying to exclude Assertions for Failing Instruction

    Rerunning SMT solver (STP with MiniSat) ...            8 sec [DONE]
      checker.getResult() is Trace
checkOnlyPrecon: 0, size:1
getFailingCheckFor
setStatusMarkerAccordingToFailingInstruction
BranchInst - LoopBound
trying to exclude Assertions for Failing Instruction

    Rerunning SMT solver (STP with MiniSat) ...            7 sec [DONE]
      checker.getResult() is Trace
checkOnlyPrecon: 0, size:1
getFailingCheckFor
setStatusMarkerAccordingToFailingInstruction
BranchInst - LoopBound
trying to exclude Assertions for Failing Instruction

    Rerunning SMT solver (STP with MiniSat) ...           11 sec [DONE]
      checker.getResult() is Trace
checkOnlyPrecon: 0, size:1
getFailingCheckFor
setCheckToUnsafe
setCheckToUnsafe
Check for floating point traces / abstractions currently deactivated
getCheckerResultAfterUpdatingMarker
failingInst:   call void @llbmc.assert(i1 %5, i32 %0)
Preconditions internal: 
i16 %arg3:-23201; (i16 %arg3:42335)
 function does not read memory: 0, checkValidLoad:0, checkMemory: 0
function does not read memory 

assumePair: i16 %arg3 = nondef() : -23201

    Rerunning SMT solver (STP with MiniSat) ...            7 sec [DONE]
      failingInst:   br i1 %341, label %bb5.0.3.0.2.0, label %bb4.bb7_crit_edge.0.2.0, !dbg !1413, !llvm.loop !1424
Preconditions internal: 
i16 %arg3:-30593; (i16 %arg3:34943)
 function does not read memory: 0, checkValidLoad:0, checkMemory: 0
function does not read memory 

assumePair: i16 %arg3 = nondef() : -30593

    Rerunning SMT solver (STP with MiniSat) ...            7 sec [DONE]
      failingInst:   call void @llbmc.assert(i1 %5, i32 %0)
Preconditions internal: 
i16 %arg3:-29841; (i16 %arg3:35695)
 function does not read memory: 0, checkValidLoad:0, checkMemory: 0
function does not read memory 

assumePair: i16 %arg3 = nondef() : -29841

    Rerunning SMT solver (STP with MiniSat) ...           11 sec [DONE]
      name of function arguments: Writing precondition at: jobs/448/precondition_mat_mymul1.txt

Generated Preconditions:
[underoverapprox]name of function arguments: 
i16 %arg3:-23201; 
i16 %arg3:-30593; 
i16 %arg3:-29841; 

                                                          79 sec [DONE]
    allunsafe
    
                                                          79 sec [DONE]
  