runJobCommand
arguents: child
arguents: job
arguents: mode
Careful, HavocLimit is not zero. Call Abstraction is activated
handleJobInSeparateProcess0

Checking job 6058 ...about to run job:
preconNumber: 0, 0

  Running Model Checker with 1 checks ...try
try ready

    SMTSolver : stp
    CallStackBound : 0
    StopEncodingAfterCheckLoop : 0
    LoopUnrollBound : 1
    HavocLimit : 1
    PreconditionNumber : 0
    PreconditionLocation : jobs/6058
    TimeOut : 600
    InitializedGlobals : false
    IgnoreMissingFunctions : false
    StopEncodingAfterCheck : false
    OverApproxVaArgs : false
    PreconditionCheckMemory : false
    PreconditionOnlyArguments : trueI [1] lib/ModelChecker/Verifier.cpp:247 | EntryPoint : sqlite3GenerateRowDelete
m_checker->run()

    Performing bounded model checking ...
      Unrolling loop in function "sqlite3GenerateRowDelete" for 1 iterations succeeded.
      Transformed "sqlite3GenerateRowDelete" from 28 to 29 basic blocks and from 210 to 216 instructions
      Performing pre-transformations on LLVM IR ...        0 sec [DONE]
        
      Performing logical encoding ...Current: sqlite3GenerateRowDelete Havoced: sqlite3VdbeMakeLabel
Current: sqlite3GenerateRowDelete Havoced: sqlite3VdbeAddOp4Int
Current: sqlite3GenerateRowDelete Havoced: sqlite3FkRequired
Current: sqlite3GenerateRowDelete Havoced: sqlite3TriggerColmask
Current: sqlite3GenerateRowDelete Havoced: sqlite3FkOldmask
Current: sqlite3GenerateRowDelete Havoced: sqlite3VdbeAddOp2
Current: sqlite3GenerateRowDelete Havoced: sqlite3TableColumnToStorage
Current: sqlite3GenerateRowDelete Havoced: sqlite3ExprCodeGetColumnOfTable
Current: sqlite3GenerateRowDelete Havoced: sqlite3VdbeCurrentAddr
Current: sqlite3GenerateRowDelete Havoced: sqlite3CodeRowTrigger
Current: sqlite3GenerateRowDelete Havoced: sqlite3VdbeCurrentAddr
Current: sqlite3GenerateRowDelete Havoced: sqlite3VdbeAddOp4Int
Current: sqlite3GenerateRowDelete Havoced: sqlite3FkCheck
Current: sqlite3GenerateRowDelete Havoced: sqlite3GenerateRowIndexDelete
Current: sqlite3GenerateRowDelete Havoced: sqlite3VdbeAddOp2
Current: sqlite3GenerateRowDelete Havoced: sqlite3_stricmp
Current: sqlite3GenerateRowDelete Havoced: sqlite3VdbeAppendP4
Current: sqlite3GenerateRowDelete Havoced: sqlite3VdbeChangeP5
Current: sqlite3GenerateRowDelete Havoced: sqlite3VdbeAddOp1
Current: sqlite3GenerateRowDelete Havoced: sqlite3VdbeChangeP5
Current: sqlite3GenerateRowDelete Havoced: sqlite3FkActions
Current: sqlite3GenerateRowDelete Havoced: sqlite3CodeRowTrigger
Current: sqlite3GenerateRowDelete Havoced: sqlite3VdbeResolveLabel
                      0 sec [DONE]
        Number of expressions:                        155360
        after encoding

      2 assertions before transformations (1 no_back_edge, 1 custom).

      Performing formula transformations ...
        Simplifier
          Number of rewrites                            3532
        Fixed Memory Address Assigner
          Number of moved ops                              0
          Number of rewrites                            5208
        Simplifier
          Number of moved ops                              0
          Number of rewrites                           72620
        Memory Model Encoder
          Number of moved ops                              0
          Number of rewrites                               0
        Simplifier
          Number of rewrites                               4
        Simplifier
          Number of moved ops                              0
          Number of rewrites                             142
        ToASC Analyser
          Memcpy/memset found                             no
        Byte-Based Memory Creator
        Instantiation-Based ToASC Simplifier
        Simplifier
        FP Abstraction
          Number of rewrites                              44

Abstracted floating point operations.  The result might be a false positive.

        Simplifier
          Number of moved ops                              0
          Number of rewrites                               0
                                                           0 sec [DONE]
        
      2 assertions remain after transformations (1 no_back_edge, 1 custom).
after rewriteFormula
after sanityCheckFormula

      Running SMT solver (STP with MiniSat) ...            0 sec [DONE]
        
                                                           0 sec [DONE]
      after performing Check
evaluateCheckerResultsViaRefinementLoop
checker.getResult() is Trace
checkOnlyPrecon: 0, size:1
getFailingCheckFor
setStatusMarkerAccordingToFailingInstruction
BranchInst - LoopBound
trying to exclude Assertions for Failing Instruction

    Rerunning SMT solver (STP with MiniSat) ...            0 sec [DONE]
      getCheckerResultAfterUpdatingMarker
Result is NoTrace

                                                           1 sec [DONE]
    allsafe
    
                                                           1 sec [DONE]
  