runJobCommand
arguents: child
arguents: job
arguents: mode
Careful, HavocLimit is not zero. Call Abstraction is activated
handleJobInSeparateProcess0

Checking job 8369 ...about to run job:
preconNumber: 0, 0

  Running Model Checker with 1 checks ...try
try ready

    SMTSolver : stp
    CallStackBound : 0
    StopEncodingAfterCheckLoop : 0
    LoopUnrollBound : 1
    HavocLimit : 2
    PreconditionNumber : 0
    PreconditionLocation : jobs/8369
    TimeOut : 600
    InitializedGlobals : false
    IgnoreMissingFunctions : false
    StopEncodingAfterCheck : false
    OverApproxVaArgs : false
    PreconditionCheckMemory : false
    PreconditionOnlyArguments : trueI [0] lib/ModelChecker/Verifier.cpp:247 | EntryPoint : sqlite3_filename_wal
m_checker->run()

    Performing bounded model checking ...
      Performing pre-transformations on LLVM IR ...        0 sec [DONE]
        
      Performing logical encoding ...
        Unrolling loop in function "sqlite3_filename_journal" for 1 iterations succeeded.
        Transformed "sqlite3_filename_journal" from 4 to 5 basic blocks and from 32 to 38 instructionsCurrent: sqlite3_filename_journal Havoced: databaseName
Current: sqlite3_filename_journal Havoced: sqlite3Strlen30
Current: sqlite3_filename_journal Havoced: sqlite3Strlen30
Current: sqlite3_filename_journal Havoced: sqlite3Strlen30

        Unrolling loop in function "llbmc.strlen" for 0 iterations succeeded.
        Transformed "llbmc.strlen" from 8 to 9 instructions
                                                           0 sec [DONE]
        Number of expressions:                        155145
        after encoding

      3 assertions before transformations (2 no_back_edge, 1 custom).

      Performing formula transformations ...
        Simplifier
          Number of rewrites                            3432
        Fixed Memory Address Assigner
          Number of moved ops                              0
          Number of rewrites                            5208
        Simplifier
          Number of moved ops                              0
          Number of rewrites                           72602
        Memory Model Encoder
          Number of moved ops                              1
          Number of rewrites                               0
        Simplifier
          Number of rewrites                               1
        Simplifier
          Number of moved ops                              0
          Number of rewrites                             142
        ToASC Analyser
          Memcpy/memset found                             no
        Byte-Based Memory Creator
        Instantiation-Based ToASC Simplifier
        Simplifier
        FP Abstraction
          Number of rewrites                              44

Abstracted floating point operations.  The result might be a false positive.

        Simplifier
          Number of moved ops                              0
          Number of rewrites                               0
                                                           0 sec [DONE]
        
      3 assertions remain after transformations (2 no_back_edge, 1 custom).
after rewriteFormula
after sanityCheckFormula

      Running SMT solver (STP with MiniSat) ...            0 sec [DONE]
        
                                                           0 sec [DONE]
      after performing Check
evaluateCheckerResultsViaRefinementLoop
checker.getResult() is Trace
checkOnlyPrecon: 0, size:1
getFailingCheckFor
setStatusMarkerAccordingToFailingInstruction
BranchInst - LoopBound
trying to exclude Assertions for Failing Instruction

    Rerunning SMT solver (STP with MiniSat) ...            0 sec [DONE]
      checker.getResult() is Trace
checkOnlyPrecon: 0, size:1
getFailingCheckFor
setStatusMarkerAccordingToFailingInstruction
BranchInst - LoopBound
trying to exclude Assertions for Failing Instruction

    Rerunning SMT solver (STP with MiniSat) ...            0 sec [DONE]
      getCheckerResultAfterUpdatingMarker
Result is NoTrace

                                                           1 sec [DONE]
    allsafe
    
                                                           1 sec [DONE]
  