runJobCommand
arguents: child
arguents: job
arguents: mode
handleJobInSeparateProcess0

Checking job 989 ...about to run job:
preconNumber: 0, 0

  Running Model Checker with 2 checks ...try
try ready

    SMTSolver : stp
    CallStackBound : 0
    StopEncodingAfterCheckLoop : 0
    LoopUnrollBound : 1
    HavocLimit : 0
    PreconditionNumber : 0
    PreconditionLocation : jobs/989
    TimeOut : 600
    InitializedGlobals : false
    IgnoreMissingFunctions : false
    StopEncodingAfterCheck : false
    OverApproxVaArgs : false
    PreconditionCheckMemory : false
    PreconditionOnlyArguments : trueI [0] lib/ModelChecker/Verifier.cpp:247 | EntryPoint : sqlite3FindTable
m_checker->run()

    Performing bounded model checking ...
      Unrolling loop in function "sqlite3FindTable" for 1 iterations succeeded.
      Unrolling loop in function "sqlite3FindTable" for 1 iterations succeeded.
      Transformed "sqlite3FindTable" from 46 to 50 basic blocks and from 220 to 237 instructions
      Performing pre-transformations on LLVM IR ...        0 sec [DONE]
        
      Performing logical encoding ...
        Unrolling loop in function "findElementWithHash" for 1 iterations succeeded.
        Transformed "findElementWithHash" from 12 to 13 basic blocks and from 74 to 82 instructions
        Unrolling loop in function "strHash" for 1 iterations succeeded.
        Transformed "strHash" from 4 to 5 basic blocks and from 34 to 48 instructions
        Unrolling loop in function "sqlite3StrICmp" for 1 iterations succeeded.
        Transformed "sqlite3StrICmp" from 10 to 16 basic blocks and from 56 to 98 instructions
        Unrolling loop in function "sqlite3_strnicmp" for 1 iterations succeeded.
        Transformed "sqlite3_strnicmp" from 16 to 21 basic blocks and from 84 to 126 instructions
                                                           0 sec [DONE]
        Number of expressions:                        159819
        after encoding

      38 assertions before transformations (36 no_back_edge, 2 custom).

      Performing formula transformations ...
        Simplifier
          Number of rewrites                            6245
        Fixed Memory Address Assigner
          Number of moved ops                              0
          Number of rewrites                            5208
        Simplifier
          Number of moved ops                              0
          Number of rewrites                         1991871
        Memory Model Encoder
          Number of moved ops                              0
          Number of rewrites                               0
        Simplifier
          Number of rewrites                              40
        Simplifier
          Number of moved ops                              0
          Number of rewrites                             142
        ToASC Analyser
          Memcpy/memset found                             no
        Byte-Based Memory Creator
        Instantiation-Based ToASC Simplifier
        Simplifier
        FP Abstraction
          Number of rewrites                              44

Abstracted floating point operations.  The result might be a false positive.

        Simplifier
          Number of moved ops                              0
          Number of rewrites                               0
                                                           1 sec [DONE]
        
      38 assertions remain after transformations (36 no_back_edge, 2 custom).
after rewriteFormula
after sanityCheckFormula

      Running SMT solver (STP with MiniSat) ...