runJobCommand
arguents: child
arguents: job
arguents: mode
Careful, HavocLimit is not zero. Call Abstraction is activated
handleJobInSeparateProcess0

Checking job 1423 ...about to run job:
preconNumber: 0, 0

  Running Model Checker with 1 checks ...try
try ready

    SMTSolver : stp
    CallStackBound : 0
    StopEncodingAfterCheckLoop : 0
    LoopUnrollBound : 1
    HavocLimit : 2
    PreconditionNumber : 0
    PreconditionLocation : jobs/1423
    TimeOut : 600
    InitializedGlobals : false
    IgnoreMissingFunctions : false
    StopEncodingAfterCheck : false
    OverApproxVaArgs : false
    PreconditionCheckMemory : false
    PreconditionOnlyArguments : trueI [0] lib/ModelChecker/Verifier.cpp:247 | EntryPoint : parseDateOrTime
m_checker->run()

    Performing bounded model checking ...
      Performing pre-transformations on LLVM IR ...        0 sec [DONE]
        
      Performing logical encoding ...
        Unrolling loop in function "parseYyyyMmDd" for 1 iterations succeeded.
        Transformed "parseYyyyMmDd" from 23 to 22 basic blocksCurrent: parseYyyyMmDd Havoced: getDigits
Current: parseYyyyMmDd Havoced: parseHhMmSs
Current: parseYyyyMmDd Havoced: computeJD

        Unrolling loop in function "parseHhMmSs" for 1 iterations succeeded.
        Transformed "parseHhMmSs" from 17 to 19 basic blocks and from 132 to 165 instructionsCurrent: parseHhMmSs Havoced: getDigits
Current: parseHhMmSs Havoced: getDigits
Current: parseHhMmSs Havoced: parseTimezone

        Unrolling loop in function "sqlite3StrICmp" for 1 iterations succeeded.
        Transformed "sqlite3StrICmp" from 10 to 16 basic blocks and from 56 to 98 instructionsCurrent: sqlite3NotPureFunc Havoced: sqlite3_mprintf
Current: sqlite3NotPureFunc Havoced: sqlite3_result_error
Current: sqlite3NotPureFunc Havoced: sqlite3_free

        Unrolling loop in function "llbmc.strlen" for 0 iterations succeeded.
        Transformed "llbmc.strlen" from 8 to 9 instructions
        Unrolling loop in function "sqlite3AtoF" for 1 iterations succeeded.
        Unrolling loop in function "sqlite3AtoF" for 1 iterations succeeded.
        Unrolling loop in function "sqlite3AtoF" for 1 iterations succeeded.
        Unrolling loop in function "sqlite3AtoF" for 1 iterations succeeded.
        Unrolling loop in function "sqlite3AtoF" for 1 iterations succeeded.
        Unrolling loop in function "sqlite3AtoF" for 1 iterations succeeded.
        Unrolling loop in function "sqlite3AtoF" for 1 iterations succeeded.
        Unrolling loop in function "sqlite3AtoF" for 1 iterations succeeded.
        Transformed "sqlite3AtoF" from 123 to 170 basic blocks and from 645 to 983 instructionsCurrent: sqlite3AtoF Havoced: sqlite3Pow10
Current: sqlite3AtoF Havoced: sqlite3Pow10
Current: setDateTimeToCurrent Havoced: sqlite3StmtCurrentTime

                                                           0 sec [DONE]
        Number of expressions:                        157562
        after encoding

      14 assertions before transformations (13 no_back_edge, 1 custom).

      Performing formula transformations ...
        Simplifier
          Number of rewrites                            5337
        Fixed Memory Address Assigner
          Number of moved ops                              0
          Number of rewrites                            5208
        Simplifier
          Number of moved ops                              0
          Number of rewrites                           72721
        Memory Model Encoder
          Number of moved ops                              0rewriteAllocaOprewriteStackAddressOp
rewriteAllocaOprewriteStackAddressOp
rewriteAllocaOprewriteStackAddressOp
rewriteAllocaOprewriteStackAddressOp
rewriteAllocaOprewriteStackAddressOp
rewriteAllocaOprewriteStackAddressOp
rewriteAllocaOprewriteStackAddressOp

          Number of rewrites                               7
        Simplifier
          Number of moved ops                              0
          Number of rewrites                               7
        Simplifier
          Number of moved ops                              0
          Number of rewrites                             142
        ToASC Analyser
          Memcpy/memset found                             no
        Byte-Based Memory Creator
        Instantiation-Based ToASC Simplifier
        Simplifier
        FP Abstraction
          Number of rewrites                              85

Abstracted floating point operations.  The result might be a false positive.

        Simplifier
          Number of moved ops                              0
          Number of rewrites                               0
                                                           0 sec [DONE]
        
      14 assertions remain after transformations (13 no_back_edge, 1 custom).
after rewriteFormula
after sanityCheckFormula

      Running SMT solver (STP with MiniSat) ...