runJobCommand
arguents: child
arguents: job
arguents: mode
Careful, HavocLimit is not zero. Call Abstraction is activated
handleJobInSeparateProcess0

Checking job 5204 ...about to run job:
preconNumber: 0, 0

  Running Model Checker with 1 checks ...try
try ready

    SMTSolver : stp
    CallStackBound : 0
    StopEncodingAfterCheckLoop : 0
    LoopUnrollBound : 1
    HavocLimit : 1
    PreconditionNumber : 0
    PreconditionLocation : jobs/5204
    TimeOut : 600
    InitializedGlobals : false
    IgnoreMissingFunctions : false
    StopEncodingAfterCheck : false
    OverApproxVaArgs : false
    PreconditionCheckMemory : false
    PreconditionOnlyArguments : trueI [0] lib/ModelChecker/Verifier.cpp:247 | EntryPoint : resolveSelectStep
m_checker->run()

    Performing bounded model checking ...
      Unrolling loop in function "resolveSelectStep" for 1 iterations succeeded.
      Unrolling loop in function "resolveSelectStep" for 1 iterations succeeded.
      Unrolling loop in function "resolveSelectStep" for 1 iterations succeeded.
      Unrolling loop in function "resolveSelectStep" for 1 iterations succeeded.
      Unrolling loop in function "resolveSelectStep" for 1 iterations succeeded.
      Transformed "resolveSelectStep" from 87 to 92 basic blocks and from 472 to 497 instructions
      Performing pre-transformations on LLVM IR ...        0 sec [DONE]
        
      Performing logical encoding ...isMemset:   call void @llvm.memset.p0i8.i64(i8* %35, i8 0, i64 56, i32 8, i1 false), !dbg !5824
Current: resolveSelectStep Havoced: sqlite3ResolveExprNames
Current: resolveSelectStep Havoced: sqlite3ResolveSelectNames
Current: resolveSelectStep Havoced: sqlite3ResolveExprListNames
Current: resolveSelectStep Havoced: sqlite3ErrorMsg
Current: resolveSelectStep Havoced: sqlite3ResolveExprNames
Current: resolveSelectStep Havoced: sqlite3ResolveExprNames
Current: resolveSelectStep Havoced: sqlite3ResolveExprListNames
Current: resolveSelectStep Havoced: sqlite3ResolveExprListNames
Current: resolveSelectStep Havoced: sqlite3ResolveExprListNames
Current: resolveSelectStep Havoced: resolveOrderGroupBy
Current: resolveSelectStep Havoced: resolveOrderGroupBy
Current: resolveSelectStep Havoced: resolveCompoundOrderBy
Current: resolveSelectStep Havoced: sqlite3SelectWrongNumTermsError
Current: resolveSelectStep Havoced: sqlite3ErrorMsg
Current: resolveSelectStep Havoced: sqlite3SelectPrep
                      0 sec [DONE]
        Number of expressions:                        156024
        after encoding

      6 assertions before transformations (5 no_back_edge, 1 custom).

      Performing formula transformations ...
        Simplifier
          Number of rewrites                            3885
        Fixed Memory Address Assigner
          Number of moved ops                              0
          Number of rewrites                            5208
        Simplifier
          Number of moved ops                              0
          Number of rewrites                           72626
        Memory Model Encoder
          Number of moved ops                              0rewriteAllocaOprewriteStackAddressOp

          Number of rewrites                               1
        Simplifier
          Number of moved ops                              0
          Number of rewrites                              34
        Simplifier
          Number of moved ops                              0
          Number of rewrites                             199
        ToASC Analyser
          Memcpy/memset found                             no
        Byte-Based Memory Creator
        Instantiation-Based ToASC Simplifier
        Simplifier
        FP Abstraction
          Number of rewrites                              44

Abstracted floating point operations.  The result might be a false positive.

        Simplifier
          Number of moved ops                              0
          Number of rewrites                               0
                                                           0 sec [DONE]
        
      6 assertions remain after transformations (5 no_back_edge, 1 custom).
after rewriteFormula
after sanityCheckFormula

      Running SMT solver (STP with MiniSat) ...