runJobCommand
arguents: child
arguents: job
arguents: mode
Careful, HavocLimit is not zero. Call Abstraction is activated
handleJobInSeparateProcess0

Checking job 5054 ...about to run job:
preconNumber: 0, 0

  Running Model Checker with 1 checks ...try
try ready

    SMTSolver : stp
    CallStackBound : 0
    StopEncodingAfterCheckLoop : 0
    LoopUnrollBound : 1
    HavocLimit : 2
    PreconditionNumber : 0
    PreconditionLocation : jobs/5054
    TimeOut : 600
    InitializedGlobals : false
    IgnoreMissingFunctions : false
    StopEncodingAfterCheck : false
    OverApproxVaArgs : false
    PreconditionCheckMemory : false
    PreconditionOnlyArguments : trueI [0] lib/ModelChecker/Verifier.cpp:247 | EntryPoint : vdbePmaReaderIncrMergeInit
m_checker->run()

    Performing bounded model checking ...
      Performing pre-transformations on LLVM IR ...        0 sec [DONE]
        
      Performing logical encoding ...
        Unrolling loop in function "vdbeMergeEngineInit" for 1 iterations succeeded.
        Unrolling loop in function "vdbeMergeEngineInit" for 1 iterations succeeded.
        Transformed "vdbeMergeEngineInit" from 15 to 17 basic blocks and from 76 to 83 instructionsCurrent: vdbeMergeEngineInit Havoced: vdbePmaReaderIncrInit
Current: vdbeMergeEngineInit Havoced: vdbePmaReaderNext
Current: vdbeMergeEngineInit Havoced: vdbeMergeEngineCompare
Current: vdbeSorterOpenTempFile Havoced: sqlite3FaultSim
Current: vdbeSorterOpenTempFile Havoced: sqlite3OsOpenMalloc
Current: vdbeSorterOpenTempFile Havoced: sqlite3OsFileControlHint
Current: vdbeSorterOpenTempFile Havoced: vdbeSorterExtendFile
Current: vdbeSorterOpenTempFile Havoced: sqlite3FaultSim
Current: vdbeSorterOpenTempFile Havoced: sqlite3OsOpenMalloc
Current: vdbeSorterOpenTempFile Havoced: sqlite3OsFileControlHint
Current: vdbeSorterOpenTempFile Havoced: vdbeSorterExtendFile
Current: vdbeSorterOpenTempFile Havoced: sqlite3FaultSim
Current: vdbeSorterOpenTempFile Havoced: sqlite3OsOpenMalloc
Current: vdbeSorterOpenTempFile Havoced: sqlite3OsFileControlHint
Current: vdbeSorterOpenTempFile Havoced: vdbeSorterExtendFile

        Unrolling loop in function "vdbeIncrPopulate" for 1 iterations succeeded.
        Transformed "vdbeIncrPopulate" from 108 to 113 instructionsCurrent: vdbeIncrPopulate Havoced: vdbePmaWriterInit
Current: vdbeIncrPopulate Havoced: sqlite3VarintLen
Current: vdbeIncrPopulate Havoced: vdbePmaWriteVarint
Current: vdbeIncrPopulate Havoced: vdbePmaWriteBlob
Current: vdbeIncrPopulate Havoced: vdbeMergeEngineStep
Current: vdbeIncrPopulate Havoced: vdbePmaWriterFinish
Current: vdbePmaReaderNext Havoced: vdbeIncrSwap
Current: vdbePmaReaderNext Havoced: vdbePmaReaderSeek
Current: vdbePmaReaderNext Havoced: vdbePmaReadVarint
Current: vdbePmaReaderNext Havoced: vdbePmaReadBlob
Current: vdbePmaReaderNext Havoced: vdbePmaReaderClear

                                                           0 sec [DONE]
        Number of expressions:                        155900
        after encoding

      4 assertions before transformations (3 no_back_edge, 1 custom).

      Performing formula transformations ...
        Simplifier
          Number of rewrites                            3819
        Fixed Memory Address Assigner
          Number of moved ops                              0
          Number of rewrites                            5208
        Simplifier
          Number of moved ops                              0
          Number of rewrites                           72663
        Memory Model Encoder
          Number of moved ops                              0rewriteAllocaOprewriteStackAddressOp
rewriteAllocaOprewriteStackAddressOp
rewriteAllocaOprewriteStackAddressOp
rewriteAllocaOprewriteStackAddressOp
rewriteAllocaOprewriteStackAddressOp
rewriteAllocaOprewriteStackAddressOp
rewriteAllocaOprewriteStackAddressOp
rewriteAllocaOprewriteStackAddressOp
rewriteAllocaOprewriteStackAddressOp

          Number of rewrites                               9
        Simplifier
          Number of moved ops                              0
          Number of rewrites                              33
        Simplifier
          Number of moved ops                              0
          Number of rewrites                             142
        ToASC Analyser
          Memcpy/memset found                             no
        Byte-Based Memory Creator
        Instantiation-Based ToASC Simplifier
        Simplifier
        FP Abstraction
          Number of rewrites                              44

Abstracted floating point operations.  The result might be a false positive.

        Simplifier
          Number of moved ops                              0
          Number of rewrites                               0
                                                           0 sec [DONE]
        
      4 assertions remain after transformations (3 no_back_edge, 1 custom).
after rewriteFormula
after sanityCheckFormula

      Running SMT solver (STP with MiniSat) ...mula
after sanityCheckFormula

      Running SMT solver (STP with MiniSat) ...