runJobCommand
arguents: child
arguents: job
arguents: mode
Careful, HavocLimit is not zero. Call Abstraction is activated
handleJobInSeparateProcess0

Checking job 2431 ...about to run job:
preconNumber: 0, 0

  Running Model Checker with 1 checks ...try
try ready

    SMTSolver : stp
    CallStackBound : 0
    StopEncodingAfterCheckLoop : 0
    LoopUnrollBound : 1
    HavocLimit : 1
    PreconditionNumber : 0
    PreconditionLocation : jobs/2431
    TimeOut : 600
    InitializedGlobals : false
    IgnoreMissingFunctions : false
    StopEncodingAfterCheck : false
    OverApproxVaArgs : false
    PreconditionCheckMemory : false
    PreconditionOnlyArguments : trueI [0] lib/ModelChecker/Verifier.cpp:247 | EntryPoint : sqlite3PCachePercentDirty
m_checker->run()

    Performing bounded model checking ...
      Unrolling loop in function "sqlite3PCachePercentDirty" for 1 iterations succeeded.
      Transformed "sqlite3PCachePercentDirty" from 8 to 9 basic blocks and from 44 to 50 instructions
      Performing pre-transformations on LLVM IR ...        0 sec [DONE]
        
      Performing logical encoding ...Current: sqlite3PCachePercentDirty Havoced: numberOfCachePages
                      0 sec [DONE]
        Number of expressions:                        155086
        after encoding

      2 assertions before transformations (1 no_back_edge, 1 custom).

      Performing formula transformations ...
        Simplifier
          Number of rewrites                            3408
        Fixed Memory Address Assigner
          Number of moved ops                              0
          Number of rewrites                            5208
        Simplifier
          Number of moved ops                              0
          Number of rewrites                           72606
        Memory Model Encoder
          Number of moved ops                              1
          Number of rewrites                               0
        Simplifier
          Number of rewrites                               1
        Simplifier
          Number of moved ops                              0
          Number of rewrites                             142
        ToASC Analyser
          Memcpy/memset found                             no
        Byte-Based Memory Creator
        Instantiation-Based ToASC Simplifier
        Simplifier
        FP Abstraction
          Number of rewrites                              44

Abstracted floating point operations.  The result might be a false positive.

        Simplifier
          Number of moved ops                              0
          Number of rewrites                               0
                                                           0 sec [DONE]
        
      2 assertions remain after transformations (1 no_back_edge, 1 custom).
after rewriteFormula
after sanityCheckFormula

      Running SMT solver (STP with MiniSat) ...            0 sec [DONE]
        
                                                           0 sec [DONE]
      after performing Check
evaluateCheckerResultsViaRefinementLoop
checker.getResult() is Trace
checkOnlyPrecon: 0, size:1
E [3] lib/ModelChecker/Verifier.cpp:515 | VerificationException due to Could not find the failing instruction. This is a bug that only  leads to CheckStatus::InternalError for robustness reasons. (Note that instructions optimized away are a different case, which does not yield a check ID at all)
getCheckerResultAfterUpdatingMarker
E [3] lib/ModelChecker/Verifier.cpp:299 | The Model checker terminated with an exception
E [3] lib/Core/CheckStatusMarker.cpp:61 | A job finished with an internal error
E [3] lib/Core/CheckStatusMarker.cpp:63 | The model checker terminated with an exception (job:2431)

                                                           3 sec [DONE]
    The model checker terminated with an exception
    
                                                           3 sec [DONE]
  