runJobCommand
arguents: child
arguents: job
arguents: mode
handleJobInSeparateProcess0

Checking job 7741 ...about to run job:
preconNumber: 5, 1

  Running Model Checker with 1 checks ...W [0] lib/Slicer/LocalSlicer.cpp:368 | argument 0 (i32* undef) has pointer type
W [0] lib/Slicer/LocalSlicer.cpp:357 | argument %struct.Parse* null of call instruction has pointer type
W [0] lib/Slicer/LocalSlicer.cpp:368 | argument 0 (i32* undef) has pointer type
W [0] lib/Slicer/LocalSlicer.cpp:368 | argument 0 (i32* undef) has pointer type
W [0] lib/Slicer/LocalSlicer.cpp:368 | argument 0 (i32* undef) has pointer type
W [0] lib/Slicer/LocalSlicer.cpp:368 | argument 0 (%struct.WhereTerm* undef) has pointer type
W [0] lib/Slicer/LocalSlicer.cpp:368 | argument 0 (i8* undef) has pointer type
W [0] lib/Slicer/LocalSlicer.cpp:368 | argument 0 (i8* undef) has pointer type
W [0] lib/Slicer/LocalSlicer.cpp:495 | unused argument: , qpr.slicing.unused.arg.vtabBestIndex.0
W [0] lib/Slicer/LocalSlicer.cpp:495 | unused argument: , qpr.slicing.unused.arg.vtabBestIndex.1
W [0] lib/Slicer/LocalSlicer.cpp:495 | unused argument: , qpr.slicing.unused.arg.vtabBestIndex.2
W [0] lib/Slicer/LocalSlicer.cpp:495 | unused argument: , qpr.slicing.unused.arg.whereLoopAddVirtualOne.0
W [0] lib/Slicer/LocalSlicer.cpp:495 | unused argument: , qpr.slicing.unused.arg.whereLoopAddVirtualOne.1
W [0] lib/Slicer/LocalSlicer.cpp:495 | unused argument: , qpr.slicing.unused.arg.whereLoopAddVirtualOne.2
W [0] lib/Slicer/LocalSlicer.cpp:495 | unused argument: , qpr.slicing.unused.arg.whereLoopAddVirtualOne.3
W [0] lib/Slicer/LocalSlicer.cpp:495 | unused argument: , qpr.slicing.unused.arg.whereLoopAddVirtualOne.4
W [0] lib/Slicer/LocalSlicer.cpp:495 | unused argument: , qpr.slicing.unused.arg.whereLoopAddVirtualOne.6
I [0] lib/Slicer/LocalSlicer.cpp:104 | slicing finished
try
try ready

    SMTSolver : stp
    CallStackBound : 0
    StopEncodingAfterCheckLoop : 1
    LoopUnrollBound : 1
    HavocLimit : 0
    PreconditionNumber : 5
    PreconditionLocation : jobs/7741
    TimeOut : 600
    InitializedGlobals : false
    IgnoreMissingFunctions : false
    StopEncodingAfterCheck : true
    OverApproxVaArgs : false
    PreconditionCheckMemory : false
    PreconditionOnlyArguments : trueI [0] lib/ModelChecker/Verifier.cpp:247 | EntryPoint : whereLoopAddVirtualOne
m_checker->run()

    Performing bounded model checking ...
      Unrolling loop in function "whereLoopAddVirtualOne" for 1 iterations succeeded.
      Transformed "whereLoopAddVirtualOne" from 16 to 21 basic blocks and from 64 to 72 instructions
      Performing pre-transformations on LLVM IR ...        0 sec [DONE]
        
      Performing logical encoding ...size Alloca: 1
size Alloca: 1
size Alloca: 1
-----found check = true
                      0 sec [DONE]
        Number of expressions:                        130980
        after encoding

      1 assertion before transformations (1 custom).

      Performing formula transformations ...
        Simplifier
          Number of rewrites                            2611
        Fixed Memory Address Assigner
          Number of moved ops                              3
          Number of rewrites                            4899
        Simplifier
          Number of moved ops                              3
          Number of rewrites                           61880
        Memory Model Encoder
          Number of moved ops                              0
          Number of rewrites                               0
        Simplifier
          Number of rewrites                               0
        Simplifier
          Number of rewrites                              88
        ToASC Analyser
          Memcpy/memset found                             no
        Byte-Based Memory Creator
        Instantiation-Based ToASC Simplifier
        Simplifier
        FP Abstraction
          Number of rewrites                               0
        Simplifier
          Number of moved ops                              0
          Number of rewrites                               0
                                                           0 sec [DONE]
        
      1 assertion remains after transformations (1 custom).
after rewriteFormula
after sanityCheckFormula

      Running SMT solver (STP with MiniSat) ...            0 sec [DONE]
        
                                                           0 sec [DONE]
      after performing Check
evaluateCheckerResultsViaRefinementLoop
checker.getResult() is Trace
checkOnlyPrecon: 0, size:1
getFailingCheckFor
setCheckToUnsafe
setCheckToUnsafe
Check for floating point traces / abstractions currently deactivated
getCheckerResultAfterUpdatingMarker
failingInst:   call void @llbmc.assert(i1 %3, i32 %0)
Preconditions internal: 
i64 %arg1:arbitrary; i64 %arg2:arbitrary; i16 %arg3:arbitrary; i16 %arg5:0; (i16 %arg5:0)
 function does not read memory: 0, checkValidLoad:0, checkMemory: 0
function does not read memory 

assumePair: i64 %arg2 = nondef() : 0
error: No matching SMT expression for Op %arg2 (nondef) found!assumePair: i16 %arg3 = nondef() : 0
error: No matching SMT expression for Op %arg3 (nondef) found!assumePair: i64 %arg1 = nondef() : 0
error: No matching SMT expression for Op %arg1 (nondef) found!assumePair: i16 %arg5 = nondef() : 0

    Rerunning SMT solver (STP with MiniSat) ...            0 sec [DONE]
      failingInst:   call void @llbmc.assert(i1 %3, i32 %0)
Preconditions internal: 
i64 %arg1:arbitrary; i64 %arg2:arbitrary; i16 %arg3:arbitrary; i16 %arg5:2; (i16 %arg5:2)
 function does not read memory: 0, checkValidLoad:0, checkMemory: 0
function does not read memory 

assumePair: i64 %arg2 = nondef() : 0
error: No matching SMT expression for Op %arg2 (nondef) found!assumePair: i16 %arg3 = nondef() : 0
error: No matching SMT expression for Op %arg3 (nondef) found!assumePair: i64 %arg1 = nondef() : 0
error: No matching SMT expression for Op %arg1 (nondef) found!assumePair: i16 %arg5 = nondef() : 2

    Rerunning SMT solver (STP with MiniSat) ...            0 sec [DONE]
      failingInst:   call void @llbmc.assert(i1 %3, i32 %0)
Preconditions internal: 
i64 %arg1:arbitrary; i64 %arg2:arbitrary; i16 %arg3:arbitrary; i16 %arg5:6; (i16 %arg5:6)
 function does not read memory: 0, checkValidLoad:0, checkMemory: 0
function does not read memory 

assumePair: i64 %arg2 = nondef() : 0
error: No matching SMT expression for Op %arg2 (nondef) found!assumePair: i16 %arg3 = nondef() : 0
error: No matching SMT expression for Op %arg3 (nondef) found!assumePair: i64 %arg1 = nondef() : 0
error: No matching SMT expression for Op %arg1 (nondef) found!assumePair: i16 %arg5 = nondef() : 6

    Rerunning SMT solver (STP with MiniSat) ...            0 sec [DONE]
      failingInst:   call void @llbmc.assert(i1 %3, i32 %0)
Preconditions internal: 
i64 %arg1:arbitrary; i64 %arg2:arbitrary; i16 %arg3:arbitrary; i16 %arg5:4; (i16 %arg5:4)
 function does not read memory: 0, checkValidLoad:0, checkMemory: 0
function does not read memory 

assumePair: i64 %arg2 = nondef() : 0
error: No matching SMT expression for Op %arg2 (nondef) found!assumePair: i16 %arg3 = nondef() : 0
error: No matching SMT expression for Op %arg3 (nondef) found!assumePair: i64 %arg1 = nondef() : 0
error: No matching SMT expression for Op %arg1 (nondef) found!assumePair: i16 %arg5 = nondef() : 4

    Rerunning SMT solver (STP with MiniSat) ...            0 sec [DONE]
      failingInst:   call void @llbmc.assert(i1 %3, i32 %0)
Preconditions internal: 
i64 %arg1:arbitrary; i64 %arg2:arbitrary; i16 %arg3:arbitrary; i16 %arg5:70; (i16 %arg5:70)
 function does not read memory: 0, checkValidLoad:0, checkMemory: 0
function does not read memory 

assumePair: i64 %arg2 = nondef() : 0
error: No matching SMT expression for Op %arg2 (nondef) found!assumePair: i16 %arg3 = nondef() : 0
error: No matching SMT expression for Op %arg3 (nondef) found!assumePair: i64 %arg1 = nondef() : 0
error: No matching SMT expression for Op %arg1 (nondef) found!assumePair: i16 %arg5 = nondef() : 70

    Rerunning SMT solver (STP with MiniSat) ...            0 sec [DONE]
      name of function arguments: Writing precondition at: jobs/7741/precondition_whereLoopAddVirtualOne.txt

Generated Preconditions:
[underoverapprox]name of function arguments: 
i64 %arg1:arbitrary; i64 %arg2:arbitrary; i16 %arg3:arbitrary; i16 %arg5:0; 
i64 %arg1:arbitrary; i64 %arg2:arbitrary; i16 %arg3:arbitrary; i16 %arg5:2; 
i64 %arg1:arbitrary; i64 %arg2:arbitrary; i16 %arg3:arbitrary; i16 %arg5:6; 
i64 %arg1:arbitrary; i64 %arg2:arbitrary; i16 %arg3:arbitrary; i16 %arg5:4; 
i64 %arg1:arbitrary; i64 %arg2:arbitrary; i16 %arg3:arbitrary; i16 %arg5:70; 

                                                           1 sec [DONE]
    allunsafe
    
                                                           1 sec [DONE]
  