runJobCommand
arguents: child
arguents: job
arguents: mode
Careful, HavocLimit is not zero. Call Abstraction is activated
handleJobInSeparateProcess0

Checking job 2923 ...about to run job:
preconNumber: 0, 0

  Running Model Checker with 1 checks ...try
try ready

    SMTSolver : stp
    CallStackBound : 0
    StopEncodingAfterCheckLoop : 0
    LoopUnrollBound : 1
    HavocLimit : 2
    PreconditionNumber : 0
    PreconditionLocation : jobs/2923
    TimeOut : 600
    InitializedGlobals : false
    IgnoreMissingFunctions : false
    StopEncodingAfterCheck : false
    OverApproxVaArgs : false
    PreconditionCheckMemory : false
    PreconditionOnlyArguments : trueI [0] lib/ModelChecker/Verifier.cpp:247 | EntryPoint : walRestartHdr
m_checker->run()

    Performing bounded model checking ...
      Unrolling loop in function "walRestartHdr" for 3 iterations succeeded.
      Transformed "walRestartHdr" from 5 to 8 basic blocks and from 71 to 100 instructions
      Performing pre-transformations on LLVM IR ...        0 sec [DONE]
        
      Performing logical encoding ...isMemcpy:   call void @llvm.memcpy.p0i8.p0i8.i64(i8* %20, i8* %21, i64 4, i32 4, i1 false), !dbg !5640
Current: walIndexWriteHdr Havoced: walIndexHdr
Current: walIndexWriteHdr Havoced: walChecksumBytes
isMemcpy:   call void @llvm.memcpy.p0i8.p0i8.i64(i8* %12, i8* %14, i64 48, i32 1, i1 false), !dbg !5630
Current: walIndexWriteHdr Havoced: walShmBarrier
isMemcpy:   call void @llvm.memcpy.p0i8.p0i8.i64(i8* %16, i8* %18, i64 48, i32 1, i1 false), !dbg !5634
                      0 sec [DONE]
        Number of expressions:                        155234
        after encoding

      4 assertions before transformations (1 no_back_edge, 3 custom).

      Performing formula transformations ...
        Simplifier
          Number of rewrites                            3459
        Fixed Memory Address Assigner
          Number of moved ops                              0
          Number of rewrites                            5208
        Simplifier
          Number of moved ops                              0
          Number of rewrites                           72600
        Memory Model Encoder
          Number of moved ops                              0rewriteAllocaOprewriteStackAddressOp

          Number of rewrites                               1
        Simplifier
          Number of moved ops                              0
          Number of rewrites                               1
        Simplifier
          Number of moved ops                              0
          Number of rewrites                             154
        ToASC Analyser
          Memcpy/memset found                             no
        Byte-Based Memory Creator
        Instantiation-Based ToASC Simplifier
        Simplifier
        FP Abstraction
          Number of rewrites                              44

Abstracted floating point operations.  The result might be a false positive.

        Simplifier
          Number of moved ops                              0
          Number of rewrites                               0
                                                           0 sec [DONE]
        
      4 assertions remain after transformations (1 no_back_edge, 3 custom).
after rewriteFormula
after sanityCheckFormula

      Running SMT solver (STP with MiniSat) ...            0 sec [DONE]
        
                                                           0 sec [DONE]
      after performing Check
evaluateCheckerResultsViaRefinementLoop
getCheckerResultAfterUpdatingMarker
Result is NoTrace

                                                           1 sec [DONE]
    allsafe
    
                                                           1 sec [DONE]
  