runJobCommand
arguents: child
arguents: job
arguents: mode
handleJobInSeparateProcess0

Checking job 628 ...about to run job:
preconNumber: 5, 1

  Running Model Checker with 1 checks ...try
try ready

    SMTSolver : stp
    CallStackBound : 0
    StopEncodingAfterCheckLoop : 1
    LoopUnrollBound : 1
    HavocLimit : 0
    PreconditionNumber : 5
    PreconditionLocation : jobs/628
    TimeOut : 600
    InitializedGlobals : false
    IgnoreMissingFunctions : false
    StopEncodingAfterCheck : true
    OverApproxVaArgs : false
    PreconditionCheckMemory : false
    PreconditionOnlyArguments : trueI [0] lib/ModelChecker/Verifier.cpp:247 | EntryPoint : idxRemFunc
m_checker->run()

    Performing bounded model checking ...
      Transformed "idxRemFunc" from 25 to 38 basic blocks and from 135 to 159 instructions
      Performing pre-transformations on LLVM IR ...        0 sec [DONE]
        
      Performing logical encoding ...size Alloca: 1
size Alloca: 1

        Unrolling loop in function "sqlite3Atoi64" for 1 iterations succeeded.
        Unrolling loop in function "sqlite3Atoi64" for 1 iterations succeeded.
        Unrolling loop in function "sqlite3Atoi64" for 1 iterations succeeded.
        Unrolling loop in function "sqlite3Atoi64" for 1 iterations succeeded.
        Unrolling loop in function "sqlite3Atoi64" for 1 iterations succeeded.
        Transformed "sqlite3Atoi64" from 67 to 87 basic blocks and from 330 to 431 instructions
        Unrolling loop in function "compare2pow63" for 1 iterations succeeded.
        Transformed "compare2pow63" from 9 to 14 basic blocks and from 59 to 92 instructions-----found check = true

                                                           0 sec [DONE]
        Number of expressions:                        156148
        after encoding

      11 assertions before transformations (6 no_back_edge, 3 custom, 2 no_unreachable_executed).

      Performing formula transformations ...
        Simplifier
          Number of rewrites                            4128
        Fixed Memory Address Assigner
          Number of moved ops                              2
          Number of rewrites                            5210
        Simplifier
          Number of moved ops                              2
          Number of rewrites                           73381
        Memory Model Encoder
          Number of moved ops                              0rewriteAllocaOprewriteStackAddressOp

          Number of rewrites                               1
        Simplifier
          Number of moved ops                              0
          Number of rewrites                               7
        Simplifier
          Number of moved ops                              0
          Number of rewrites                           69268
        ToASC Analyser
          Memcpy/memset found                             no
        Byte-Based Memory Creator
        Instantiation-Based ToASC Simplifier
        Simplifier
        FP Abstraction
          Number of rewrites                              49

Abstracted floating point operations.  The result might be a false positive.

        Simplifier
          Number of moved ops                              0
          Number of rewrites                               4
                                                           0 sec [DONE]
        
      11 assertions remain after transformations (6 no_back_edge, 3 custom, 2 no_unreachable_executed).
after rewriteFormula
after sanityCheckFormula

      Running SMT solver (STP with MiniSat) ...