runJobCommand
arguents: child
arguents: job
arguents: mode
Careful, HavocLimit is not zero. Call Abstraction is activated
handleJobInSeparateProcess0

Checking job 1938 ...about to run job:
preconNumber: 0, 0

  Running Model Checker with 1 checks ...try
try ready

    SMTSolver : stp
    CallStackBound : 0
    StopEncodingAfterCheckLoop : 0
    LoopUnrollBound : 1
    HavocLimit : 2
    PreconditionNumber : 0
    PreconditionLocation : jobs/1938
    TimeOut : 600
    InitializedGlobals : false
    IgnoreMissingFunctions : false
    StopEncodingAfterCheck : false
    OverApproxVaArgs : false
    PreconditionCheckMemory : false
    PreconditionOnlyArguments : trueI [0] lib/ModelChecker/Verifier.cpp:247 | EntryPoint : sqlite3VdbeMemNumerify
m_checker->run()

    Performing bounded model checking ...
      Performing pre-transformations on LLVM IR ...        0 sec [DONE]
        
      Performing logical encoding ...
        Unrolling loop in function "sqlite3AtoF" for 1 iterations succeeded.
        Unrolling loop in function "sqlite3AtoF" for 1 iterations succeeded.
        Unrolling loop in function "sqlite3AtoF" for 1 iterations succeeded.
        Unrolling loop in function "sqlite3AtoF" for 1 iterations succeeded.
        Unrolling loop in function "sqlite3AtoF" for 1 iterations succeeded.
        Unrolling loop in function "sqlite3AtoF" for 1 iterations succeeded.
        Unrolling loop in function "sqlite3AtoF" for 1 iterations succeeded.
        Unrolling loop in function "sqlite3AtoF" for 1 iterations succeeded.
        Transformed "sqlite3AtoF" from 123 to 170 basic blocks and from 645 to 983 instructionsCurrent: sqlite3AtoF Havoced: sqlite3Pow10
Current: sqlite3AtoF Havoced: sqlite3Pow10

        Unrolling loop in function "sqlite3Atoi64" for 1 iterations succeeded.
        Unrolling loop in function "sqlite3Atoi64" for 1 iterations succeeded.
        Unrolling loop in function "sqlite3Atoi64" for 1 iterations succeeded.
        Unrolling loop in function "sqlite3Atoi64" for 1 iterations succeeded.
        Unrolling loop in function "sqlite3Atoi64" for 1 iterations succeeded.
        Transformed "sqlite3Atoi64" from 67 to 87 basic blocks and from 330 to 431 instructionsCurrent: sqlite3Atoi64 Havoced: compare2pow63

        Unrolling loop in function "llbmc.memcmp" for 0 iterations succeeded.
        Transformed "llbmc.memcmp" from 17 to 20 instructions
                                                           0 sec [DONE]
        Number of expressions:                        157647
        after encoding

      16 assertions before transformations (15 no_back_edge, 1 custom).

      Performing formula transformations ...
        Simplifier
          Number of rewrites                            5099
        Fixed Memory Address Assigner
          Number of moved ops                              0
          Number of rewrites                            5208
        Simplifier
          Number of moved ops                              0
          Number of rewrites                           72899
        Memory Model Encoder
          Number of moved ops                              0rewriteAllocaOprewriteStackAddressOp
rewriteAllocaOprewriteStackAddressOp
rewriteAllocaOprewriteStackAddressOp

          Number of rewrites                               3
        Simplifier
          Number of moved ops                              0
          Number of rewrites                              25
        Simplifier
          Number of moved ops                              0
          Number of rewrites                             142
        ToASC Analyser
          Memcpy/memset found                             no
        Byte-Based Memory Creator
        Instantiation-Based ToASC Simplifier
        Simplifier
        FP Abstraction
          Number of rewrites                              74

Abstracted floating point operations.  The result might be a false positive.

        Simplifier
          Number of moved ops                              0
          Number of rewrites                               3
                                                           0 sec [DONE]
        
      16 assertions remain after transformations (15 no_back_edge, 1 custom).
after rewriteFormula
after sanityCheckFormula

      Running SMT solver (STP with MiniSat) ...0
          Number of rewrites                               0
                                                           0 sec [DONE]
        
      9 assertions remain after transformations (8 no_back_edge, 1 custom).
after rewriteFormula
after sanityCheckFormula

      Running SMT solver (STP with MiniSat) ...