runJobCommand
precondition analysis with entry:AHRS_Algorithm
arguents: child
arguents: job
arguents: mode
arguents: precondition
handleJobInSeparateProcess0

Checking job 207 ...about to run job:
preconNumber: 5, 1

  Running Model Checker with 1 checks ...entry: AHRS_Algorithm, functionName: mat_mymul2
  <badref> = call double** @qpr.precondition.mat_mymul2(double** %243, double** %244, double** %245, i16 3)
entry: AHRS_Algorithm, functionName: AHRS_Algorithm
entry: AHRS_Algorithm, functionName: mat_mymul2
try
try ready

    SMTSolver : stp
    CallStackBound : 0
    StopEncodingAfterCheckLoop : 0
    LoopUnrollBound : 1
    HavocLimit : 0
    PreconditionNumber : 5
    PreconditionLocation : jobs/207
    TimeOut : 300
    InitializedGlobals : false
    IgnoreMissingFunctions : true
    StopEncodingAfterCheck : false
    OverApproxVaArgs : false
    PreconditionCheckMemory : false
    PreconditionOnlyArguments : trueI [0] lib/ModelChecker/Verifier.cpp:247 | EntryPoint : AHRS_Algorithm
m_checker->run()

    Performing bounded model checking ...
      Unrolling loop in function "AHRS_Algorithm" for 4 iterations succeeded.
      Unrolling loop in function "AHRS_Algorithm" for 7 iterations succeeded.
      Unrolling loop in function "AHRS_Algorithm" for 4 iterations succeeded.
      Unrolling loop in function "AHRS_Algorithm" for 7 iterations succeeded.
      Unrolling loop in function "AHRS_Algorithm" for 3 iterations succeeded.
      Unrolling loop in function "AHRS_Algorithm" for 7 iterations succeeded.
      Unrolling loop in function "AHRS_Algorithm" for 4 iterations succeeded.
      Transformed "AHRS_Algorithm" from 35 to 86 basic blocks and from 1166 to 2136 instructions
      Performing pre-transformations on LLVM IR ...        0 sec [DONE]
        
      Performing logical encoding ...size Alloca: 1
isMemset:   call void @llvm.memset.p0i8.i64(i8* %4, i8 0, i64 24, i32 16, i1 false), !dbg !1391
isMemset:   call void @llvm.memset.p0i8.i64(i8* %5, i8 0, i64 24, i32 16, i1 false), !dbg !1393
isMemset:   call void @llvm.memset.p0i8.i64(i8* %6, i8 0, i64 16, i32 16, i1 false), !dbg !1395
isMemset:   call void @llvm.memset.p0i8.i64(i8* %7, i8 0, i64 32, i32 16, i1 false), !dbg !1398
TODO MKB implement precondition handling: IE
Reading in precondition at: jobs/207/precondition_mat_mymul2.txt
preconFile: jobs/207/precondition_mat_mymul2.txt
ref: [underoverapprox]name of function arguments, argValue:  
ref: [underoverapprox]name of function arguments, argValue:  
name of function arguments line
param: i16 %arg3:1
---name: i16 %arg3, value: 1.
integer, char or other simple types
name: i16 %arg3
assuming that there are not more then 10 arguments
nameIndex: 3
nameID: 3
argument name: 
value: 1
###new bool cond: bool % = compare(%i16__3, %i16__1)
pruneOrAssert -- adding line boolCond: bool % = compare(%i16__3, %i16__1)
param: i16 %arg3:2
---name: i16 %arg3, value: 2.
integer, char or other simple types
name: i16 %arg3
assuming that there are not more then 10 arguments
nameIndex: 3
nameID: 3
argument name: 
value: 2
###new bool cond: bool % = compare(%i16__3, %i16__2)
pruneOrAssert -- adding line boolCond: bool % = compare(%i16__3, %i16__2)
param: i16 %arg3:3
---name: i16 %arg3, value: 3.
integer, char or other simple types
name: i16 %arg3
assuming that there are not more then 10 arguments
nameIndex: 3
nameID: 3
argument name: 
value: 3
###new bool cond: bool % = compare(%i16__3, %i16__3)
pruneOrAssert -- adding line boolCond: bool % = compare(%i16__3, %i16__3)
param: i16 %arg3:128
---name: i16 %arg3, value: 128.
integer, char or other simple types
name: i16 %arg3
assuming that there are not more then 10 arguments
nameIndex: 3
nameID: 3
argument name: 
value: 128
###new bool cond: bool % = compare(%i16__3, %i16__128)
pruneOrAssert -- adding line boolCond: bool % = compare(%i16__3, %i16__128)
param: i16 %arg3:6
---name: i16 %arg3, value: 6.
integer, char or other simple types
name: i16 %arg3
assuming that there are not more then 10 arguments
nameIndex: 3
nameID: 3
argument name: 
value: 6
###new bool cond: bool % = compare(%i16__3, %i16__6)
pruneOrAssert -- adding line boolCond: bool % = compare(%i16__3, %i16__6)
Writing precondition type at: jobs/207/precondition_type_AHRS_Algorithm.txt

Type of Precondition:
[underoverapprox]
precondition found, end encoding
                      0 sec [DONE]
        Number of expressions:                          6510
        after encoding

      6 assertions before transformations (1 no_back_edge, 5 custom).

      Performing formula transformations ...
        Simplifier
          Number of rewrites                             235
        Fixed Memory Address Assigner
          Number of moved ops                             10
          Number of rewrites                             365
        Simplifier
          Number of moved ops                              1
          Number of rewrites                            2782
        Memory Model Encoder
          Number of moved ops                              0rewriteAllocaOprewriteStackAddressOp
rewriteAllocaOprewriteStackAddressOp
rewriteAllocaOprewriteStackAddressOp
rewriteAllocaOprewriteStackAddressOp
rewriteAllocaOprewriteStackAddressOp

          Number of rewrites                               5
        Simplifier
          Number of moved ops                              0
          Number of rewrites                           12825
        Simplifier
          Number of moved ops                              0
          Number of rewrites                             100
        ToASC Analyser
          Memcpy/memset found                             no
        Byte-Based Memory Creator
        Instantiation-Based ToASC Simplifier
        Simplifier
        FP Abstraction
          Number of rewrites                              91

Abstracted floating point operations.  The result might be a false positive.

        Simplifier
          Number of moved ops                              0
          Number of rewrites                               2
                                                           0 sec [DONE]
        
      6 assertions remain after transformations (1 no_back_edge, 5 custom).
after rewriteFormula
after sanityCheckFormula

      Running SMT solver (STP with MiniSat) ...            0 sec [DONE]
        
                                                           0 sec [DONE]
      after performing Check
evaluateCheckerResultsViaRefinementLoop
checker.getResult() is Trace
checkOnlyPrecon: 1, size:1
setCheckToUnsafe for precondition Instruction
checkID: 1573
setCheckToUnsafe
set check to unsafe
getCheckerResultAfterUpdatingMarker
failingInst is nullptr
Preconditions internal: 

 function does not read memory: 0, checkValidLoad:0, checkMemory: 0
function does not read memory 


    Rerunning SMT solver (STP with MiniSat) ...            0 sec [DONE]
      failingInst is nullptr
Preconditions internal: 

 function does not read memory: 0, checkValidLoad:0, checkMemory: 0
function does not read memory 


    Rerunning SMT solver (STP with MiniSat) ...            0 sec [DONE]
      failingInst is nullptr
Preconditions internal: 

 function does not read memory: 0, checkValidLoad:0, checkMemory: 0
function does not read memory 


    Rerunning SMT solver (STP with MiniSat) ...            0 sec [DONE]
      failingInst is nullptr
Preconditions internal: 

 function does not read memory: 0, checkValidLoad:0, checkMemory: 0
function does not read memory 


    Rerunning SMT solver (STP with MiniSat) ...            0 sec [DONE]
      failingInst is nullptr
Preconditions internal: 

 function does not read memory: 0, checkValidLoad:0, checkMemory: 0
function does not read memory 


    Rerunning SMT solver (STP with MiniSat) ...            0 sec [DONE]
      name of function arguments: Writing precondition at: jobs/207/precondition_AHRS_Algorithm.txt

Generated Preconditions:
[underoverapprox]name of function arguments: 






                                                           0 sec [DONE]
    allunsafe
    
                                                           0 sec [DONE]
  