runJobCommand
arguents: child
arguents: job
arguents: mode
handleJobInSeparateProcess0

Checking job 418 ...about to run job:
preconNumber: 0, 0

  Running Model Checker with 1 checks ...W [1] lib/Slicer/LocalSlicer.cpp:368 | argument 0 (i32* undef) has pointer type
W [1] lib/Slicer/LocalSlicer.cpp:368 | argument 0 (i32* undef) has pointer type
W [1] lib/Slicer/LocalSlicer.cpp:368 | argument 0 (i32* undef) has pointer type
W [1] lib/Slicer/LocalSlicer.cpp:368 | argument 0 (i32* undef) has pointer type
W [1] lib/Slicer/LocalSlicer.cpp:368 | argument 0 (i32* undef) has pointer type
W [1] lib/Slicer/LocalSlicer.cpp:368 | argument 0 (i16* undef) has pointer type
W [1] lib/Slicer/LocalSlicer.cpp:368 | argument 0 (i32* undef) has pointer type
W [1] lib/Slicer/LocalSlicer.cpp:368 | argument 0 (i32* undef) has pointer type
W [1] lib/Slicer/LocalSlicer.cpp:368 | argument 0 (i8* undef) has pointer type
W [1] lib/Slicer/LocalSlicer.cpp:368 | argument 0 (i32* undef) has pointer type
W [1] lib/Slicer/LocalSlicer.cpp:368 | argument 0 (i8* undef) has pointer type
W [1] lib/Slicer/LocalSlicer.cpp:368 | argument 0 (i32* undef) has pointer type
W [1] lib/Slicer/LocalSlicer.cpp:368 | argument 0 (i32* undef) has pointer type
W [1] lib/Slicer/LocalSlicer.cpp:368 | argument 0 (i32* undef) has pointer type
W [1] lib/Slicer/LocalSlicer.cpp:495 | unused argument: , qpr.slicing.unused.arg.sqlite3re_match.0
W [1] lib/Slicer/LocalSlicer.cpp:495 | unused argument: , qpr.slicing.unused.arg.sqlite3re_match.1
W [1] lib/Slicer/LocalSlicer.cpp:495 | unused argument: , qpr.slicing.unused.arg.sqlite3re_match.2
I [1] lib/Slicer/LocalSlicer.cpp:104 | slicing finished
try
try ready

    SMTSolver : stp
    CallStackBound : 0
    StopEncodingAfterCheckLoop : 0
    LoopUnrollBound : 1
    HavocLimit : 0
    PreconditionNumber : 0
    PreconditionLocation : jobs/418
    TimeOut : 600
    InitializedGlobals : false
    IgnoreMissingFunctions : false
    StopEncodingAfterCheck : false
    OverApproxVaArgs : false
    PreconditionCheckMemory : false
    PreconditionOnlyArguments : trueI [1] lib/ModelChecker/Verifier.cpp:247 | EntryPoint : sqlite3re_match
m_checker->run()

    Performing bounded model checking ...
      Unrolling loop in function "sqlite3re_match" for 1 iterations succeeded.
      Unrolling loop in function "sqlite3re_match" for 1 iterations succeeded.
      Unrolling loop in function "sqlite3re_match" for 1 iterations succeeded.
      Transformed "sqlite3re_match" from 31 to 105 basic blocks and from 105 to 313 instructions
      Performing pre-transformations on LLVM IR ...        0 sec [DONE]
        
      Performing logical encoding ...                      0 sec [DONE]
        Number of expressions:                        131786
        after encoding

      9 assertions before transformations (5 no_back_edge, 4 custom).

      Performing formula transformations ...
        Simplifier
          Number of rewrites                            3157
        Fixed Memory Address Assigner
          Number of moved ops                              0
          Number of rewrites                            4896
        Simplifier
          Number of moved ops                              0
          Number of rewrites                           61912
        Memory Model Encoder
          Number of moved ops                              0
          Number of rewrites                               0
        Simplifier
          Number of rewrites                              22
        Simplifier
          Number of moved ops                              0
          Number of rewrites                              88
        ToASC Analyser
          Memcpy/memset found                             no
        Byte-Based Memory Creator
        Instantiation-Based ToASC Simplifier
        Simplifier
        FP Abstraction
          Number of rewrites                               0
        Simplifier
          Number of moved ops                              0
          Number of rewrites                               0
                                                           0 sec [DONE]
        
      9 assertions remain after transformations (5 no_back_edge, 4 custom).
after rewriteFormula
after sanityCheckFormula

      Running SMT solver (STP with MiniSat) ...            0 sec [DONE]
        
                                                           0 sec [DONE]
      after performing Check
evaluateCheckerResultsViaRefinementLoop
checker.getResult() is Trace
checkOnlyPrecon: 0, size:1
getFailingCheckFor
setStatusMarkerAccordingToFailingInstruction
BranchInst - LoopBound
trying to exclude Assertions for Failing Instruction

    Rerunning SMT solver (STP with MiniSat) ...            0 sec [DONE]
      checker.getResult() is Trace
checkOnlyPrecon: 0, size:1
getFailingCheckFor
setStatusMarkerAccordingToFailingInstruction
BranchInst - LoopBound
trying to exclude Assertions for Failing Instruction

    Rerunning SMT solver (STP with MiniSat) ...            0 sec [DONE]
      checker.getResult() is Trace
checkOnlyPrecon: 0, size:1
getFailingCheckFor
setStatusMarkerAccordingToFailingInstruction
BranchInst - LoopBound
trying to exclude Assertions for Failing Instruction

    Rerunning SMT solver (STP with MiniSat) ...            0 sec [DONE]
      checker.getResult() is Trace
checkOnlyPrecon: 0, size:1
getFailingCheckFor
setStatusMarkerAccordingToFailingInstruction
BranchInst - LoopBound
trying to exclude Assertions for Failing Instruction

    Rerunning SMT solver (STP with MiniSat) ...            0 sec [DONE]
      checker.getResult() is Trace
checkOnlyPrecon: 0, size:1
getFailingCheckFor
setStatusMarkerAccordingToFailingInstruction
BranchInst - LoopBound
trying to exclude Assertions for Failing Instruction

    Rerunning SMT solver (STP with MiniSat) ...            0 sec [DONE]
      getCheckerResultAfterUpdatingMarker
Result is NoTrace

                                                           1 sec [DONE]
    allsafe
    
                                                           1 sec [DONE]
  