runJobCommand
arguents: child
arguents: job
arguents: mode
Careful, HavocLimit is not zero. Call Abstraction is activated
handleJobInSeparateProcess0

Checking job 5649 ...about to run job:
preconNumber: 0, 0

  Running Model Checker with 1 checks ...try
try ready

    SMTSolver : stp
    CallStackBound : 0
    StopEncodingAfterCheckLoop : 0
    LoopUnrollBound : 1
    HavocLimit : 1
    PreconditionNumber : 0
    PreconditionLocation : jobs/5649
    TimeOut : 600
    InitializedGlobals : false
    IgnoreMissingFunctions : false
    StopEncodingAfterCheck : false
    OverApproxVaArgs : false
    PreconditionCheckMemory : false
    PreconditionOnlyArguments : trueI [0] lib/ModelChecker/Verifier.cpp:247 | EntryPoint : decodeIntArray
m_checker->run()

    Performing bounded model checking ...
      Unrolling loop in function "decodeIntArray" for 1 iterations succeeded.
      Unrolling loop in function "decodeIntArray" for 1 iterations succeeded.
      Unrolling loop in function "decodeIntArray" for 1 iterations succeeded.
      Unrolling loop in function "decodeIntArray" for 1 iterations succeeded.
      Unrolling loop in function "decodeIntArray" for 1 iterations succeeded.
      Transformed "decodeIntArray" from 35 to 54 basic blocks and from 174 to 304 instructions
      Performing pre-transformations on LLVM IR ...        0 sec [DONE]
        
      Performing logical encoding ...Current: decodeIntArray Havoced: sqlite3LogEst
Current: decodeIntArray Havoced: sqlite3_strglob
Current: decodeIntArray Havoced: sqlite3_strglob
Current: decodeIntArray Havoced: sqlite3_strglob
Current: decodeIntArray Havoced: sqlite3Atoi
Current: decodeIntArray Havoced: sqlite3LogEst
Current: decodeIntArray Havoced: sqlite3LogEst
                      0 sec [DONE]
        Number of expressions:                        155552
        after encoding

      8 assertions before transformations (6 no_back_edge, 2 custom).

      Performing formula transformations ...
        Simplifier
          Number of rewrites                            3672
        Fixed Memory Address Assigner
          Number of moved ops                              0
          Number of rewrites                            5208
        Simplifier
          Number of moved ops                              0
          Number of rewrites                           72621
        Memory Model Encoder
          Number of moved ops                              0
          Number of rewrites                               0
        Simplifier
          Number of rewrites                               1
        Simplifier
          Number of moved ops                              0
          Number of rewrites                             142
        ToASC Analyser
          Memcpy/memset found                             no
        Byte-Based Memory Creator
        Instantiation-Based ToASC Simplifier
        Simplifier
        FP Abstraction
          Number of rewrites                              44

Abstracted floating point operations.  The result might be a false positive.

        Simplifier
          Number of moved ops                              0
          Number of rewrites                               0
                                                           0 sec [DONE]
        
      8 assertions remain after transformations (6 no_back_edge, 2 custom).
after rewriteFormula
after sanityCheckFormula

      Running SMT solver (STP with MiniSat) ...