runJobCommand
arguents: child
arguents: job
arguents: mode
Careful, HavocLimit is not zero. Call Abstraction is activated
handleJobInSeparateProcess0

Checking job 5483 ...about to run job:
preconNumber: 0, 0

  Running Model Checker with 1 checks ...try
try ready

    SMTSolver : stp
    CallStackBound : 0
    StopEncodingAfterCheckLoop : 0
    LoopUnrollBound : 1
    HavocLimit : 1
    PreconditionNumber : 0
    PreconditionLocation : jobs/5483
    TimeOut : 600
    InitializedGlobals : false
    IgnoreMissingFunctions : false
    StopEncodingAfterCheck : false
    OverApproxVaArgs : false
    PreconditionCheckMemory : false
    PreconditionOnlyArguments : trueI [0] lib/ModelChecker/Verifier.cpp:247 | EntryPoint : sqlite3AlterRenameColumn
m_checker->run()

    Performing bounded model checking ...
      Unrolling loop in function "sqlite3AlterRenameColumn" for 1 iterations succeeded.
      Transformed "sqlite3AlterRenameColumn" from 22 to 24 basic blocks and from 142 to 153 instructions
      Performing pre-transformations on LLVM IR ...        0 sec [DONE]
        
      Performing logical encoding ...Current: sqlite3AlterRenameColumn Havoced: sqlite3LocateTableItem
Current: sqlite3AlterRenameColumn Havoced: isAlterableTable
Current: sqlite3AlterRenameColumn Havoced: isRealTable
Current: sqlite3AlterRenameColumn Havoced: sqlite3SchemaToIndex
Current: sqlite3AlterRenameColumn Havoced: sqlite3AuthCheck
Current: sqlite3AlterRenameColumn Havoced: sqlite3NameFromToken
Current: sqlite3AlterRenameColumn Havoced: sqlite3StrICmp
Current: sqlite3AlterRenameColumn Havoced: renameTestSchema
Current: sqlite3AlterRenameColumn Havoced: renameFixQuotes
Current: sqlite3AlterRenameColumn Havoced: sqlite3MayAbort
Current: sqlite3AlterRenameColumn Havoced: sqlite3NameFromToken
Current: sqlite3AlterRenameColumn Havoced: sqlite3NestedParse
Current: sqlite3AlterRenameColumn Havoced: sqlite3NestedParse
Current: sqlite3AlterRenameColumn Havoced: renameReloadSchema
Current: sqlite3AlterRenameColumn Havoced: renameTestSchema
Current: sqlite3AlterRenameColumn Havoced: sqlite3ErrorMsg
Current: sqlite3AlterRenameColumn Havoced: sqlite3SrcListDelete
Current: sqlite3AlterRenameColumn Havoced: sqlite3DbFree
Current: sqlite3AlterRenameColumn Havoced: sqlite3DbFree
                      0 sec [DONE]
        Number of expressions:                        155278
        after encoding

      2 assertions before transformations (1 no_back_edge, 1 custom).

      Performing formula transformations ...
        Simplifier
          Number of rewrites                            3488
        Fixed Memory Address Assigner
          Number of moved ops                              0
          Number of rewrites                            5208
        Simplifier
          Number of moved ops                              0
          Number of rewrites                           72620
        Memory Model Encoder
          Number of moved ops                              0
          Number of rewrites                               0
        Simplifier
          Number of rewrites                               5
        Simplifier
          Number of moved ops                              0
          Number of rewrites                             142
        ToASC Analyser
          Memcpy/memset found                             no
        Byte-Based Memory Creator
        Instantiation-Based ToASC Simplifier
        Simplifier
        FP Abstraction
          Number of rewrites                              44

Abstracted floating point operations.  The result might be a false positive.

        Simplifier
          Number of moved ops                              0
          Number of rewrites                               0
                                                           0 sec [DONE]
        
      2 assertions remain after transformations (1 no_back_edge, 1 custom).
after rewriteFormula
after sanityCheckFormula

      Running SMT solver (STP with MiniSat) ...            0 sec [DONE]
        
                                                           0 sec [DONE]
      after performing Check
evaluateCheckerResultsViaRefinementLoop
checker.getResult() is Trace
checkOnlyPrecon: 0, size:1
getFailingCheckFor
setStatusMarkerAccordingToFailingInstruction
BranchInst - LoopBound
trying to exclude Assertions for Failing Instruction

    Rerunning SMT solver (STP with MiniSat) ...            0 sec [DONE]
      getCheckerResultAfterUpdatingMarker
Result is NoTrace

                                                           1 sec [DONE]
    allsafe
    
                                                           1 sec [DONE]
  