runJobCommand
arguents: child
arguents: job
arguents: mode
Careful, HavocLimit is not zero. Call Abstraction is activated
handleJobInSeparateProcess0

Checking job 4011 ...about to run job:
preconNumber: 0, 0

  Running Model Checker with 1 checks ...try
try ready

    SMTSolver : stp
    CallStackBound : 0
    StopEncodingAfterCheckLoop : 0
    LoopUnrollBound : 1
    HavocLimit : 1
    PreconditionNumber : 0
    PreconditionLocation : jobs/4011
    TimeOut : 600
    InitializedGlobals : false
    IgnoreMissingFunctions : false
    StopEncodingAfterCheck : false
    OverApproxVaArgs : false
    PreconditionCheckMemory : false
    PreconditionOnlyArguments : trueI [0] lib/ModelChecker/Verifier.cpp:247 | EntryPoint : btreeOverwriteCell
m_checker->run()

    Performing bounded model checking ...
      Unrolling loop in function "btreeOverwriteCell" for 1 iterations succeeded.
      Transformed "btreeOverwriteCell" from 172 to 174 instructions
      Performing pre-transformations on LLVM IR ...        0 sec [DONE]
        
      Performing logical encoding ...Current: btreeOverwriteCell Havoced: btreeOverwriteContent
Current: btreeOverwriteCell Havoced: sqlite3Get4byte
Current: btreeOverwriteCell Havoced: btreeGetPage
Current: btreeOverwriteCell Havoced: sqlite3PagerPageRefcount
Current: btreeOverwriteCell Havoced: sqlite3Get4byte
Current: btreeOverwriteCell Havoced: btreeOverwriteContent
Current: btreeOverwriteCell Havoced: sqlite3CorruptError
Current: btreeOverwriteCell Havoced: sqlite3PagerUnref
Current: btreeOverwriteCell Havoced: sqlite3CorruptError
                      0 sec [DONE]
        Number of expressions:                        155278
        after encoding

      2 assertions before transformations (1 no_back_edge, 1 custom).

      Performing formula transformations ...
        Simplifier
          Number of rewrites                            3468
        Fixed Memory Address Assigner
          Number of moved ops                              0
          Number of rewrites                            5208
        Simplifier
          Number of moved ops                              0
          Number of rewrites                           72613
        Memory Model Encoder
          Number of moved ops                              0rewriteAllocaOprewriteStackAddressOp

          Number of rewrites                               1
        Simplifier
          Number of moved ops                              0
          Number of rewrites                               4
        Simplifier
          Number of moved ops                              0
          Number of rewrites                             142
        ToASC Analyser
          Memcpy/memset found                             no
        Byte-Based Memory Creator
        Instantiation-Based ToASC Simplifier
        Simplifier
        FP Abstraction
          Number of rewrites                              44

Abstracted floating point operations.  The result might be a false positive.

        Simplifier
          Number of moved ops                              0
          Number of rewrites                               0
                                                           0 sec [DONE]
        
      2 assertions remain after transformations (1 no_back_edge, 1 custom).
after rewriteFormula
after sanityCheckFormula

      Running SMT solver (STP with MiniSat) ...