runJobCommand
arguents: child
arguents: job
arguents: mode
Careful, HavocLimit is not zero. Call Abstraction is activated
handleJobInSeparateProcess0

Checking job 6032 ...about to run job:
preconNumber: 0, 0

  Running Model Checker with 1 checks ...try
try ready

    SMTSolver : stp
    CallStackBound : 0
    StopEncodingAfterCheckLoop : 0
    LoopUnrollBound : 1
    HavocLimit : 1
    PreconditionNumber : 0
    PreconditionLocation : jobs/6032
    TimeOut : 600
    InitializedGlobals : false
    IgnoreMissingFunctions : false
    StopEncodingAfterCheck : false
    OverApproxVaArgs : false
    PreconditionCheckMemory : false
    PreconditionOnlyArguments : trueI [0] lib/ModelChecker/Verifier.cpp:247 | EntryPoint : sqlite3DeleteFrom
m_checker->run()

    Performing bounded model checking ...
      Unrolling loop in function "sqlite3DeleteFrom" for 1 iterations succeeded.
      Unrolling loop in function "sqlite3DeleteFrom" for 1 iterations succeeded.
      Unrolling loop in function "sqlite3DeleteFrom" for 1 iterations succeeded.
      Transformed "sqlite3DeleteFrom" from 125 to 128 basic blocks and from 703 to 716 instructions
      Performing pre-transformations on LLVM IR ...        0 sec [DONE]
        
      Performing logical encoding ...isMemset:   call void @llvm.memset.p0i8.i64(i8* %5, i8 0, i64 16, i32 8, i1 false), !dbg !5720
Current: sqlite3DeleteFrom Havoced: sqlite3SrcListLookup
Current: sqlite3DeleteFrom Havoced: sqlite3TriggersExist
Current: sqlite3DeleteFrom Havoced: sqlite3FkRequired
Current: sqlite3DeleteFrom Havoced: sqlite3ViewGetColumnNames
Current: sqlite3DeleteFrom Havoced: sqlite3IsReadOnly
Current: sqlite3DeleteFrom Havoced: sqlite3SchemaToIndex
Current: sqlite3DeleteFrom Havoced: sqlite3AuthCheck
Current: sqlite3DeleteFrom Havoced: sqlite3AuthContextPush
Current: sqlite3DeleteFrom Havoced: sqlite3GetVdbe
Current: sqlite3DeleteFrom Havoced: sqlite3VdbeCountChanges
Current: sqlite3DeleteFrom Havoced: sqlite3BeginWriteOperation
Current: sqlite3DeleteFrom Havoced: sqlite3MaterializeView
isMemset:   call void @llvm.memset.p0i8.i64(i8* %76, i8 0, i64 56, i32 8, i1 false), !dbg !5835
Current: sqlite3DeleteFrom Havoced: sqlite3ResolveExprNames
Current: sqlite3DeleteFrom Havoced: sqlite3VdbeAddOp2
Current: sqlite3DeleteFrom Havoced: sqlite3TableLock
Current: sqlite3DeleteFrom Havoced: sqlite3VdbeAddOp4
Current: sqlite3DeleteFrom Havoced: sqlite3VdbeAddOp2
Current: sqlite3DeleteFrom Havoced: sqlite3VdbeChangeP3
Current: sqlite3DeleteFrom Havoced: sqlite3PrimaryKeyIndex
Current: sqlite3DeleteFrom Havoced: sqlite3VdbeAddOp2
Current: sqlite3DeleteFrom Havoced: sqlite3VdbeSetP4KeyInfo
Current: sqlite3DeleteFrom Havoced: sqlite3VdbeAddOp2
Current: sqlite3DeleteFrom Havoced: sqlite3WhereBegin
Current: sqlite3DeleteFrom Havoced: sqlite3WhereOkOnePass
Current: sqlite3DeleteFrom Havoced: sqlite3MultiWrite
Current: sqlite3DeleteFrom Havoced: sqlite3WhereUsesDeferredSeek
Current: sqlite3DeleteFrom Havoced: sqlite3VdbeAddOp1
Current: sqlite3DeleteFrom Havoced: sqlite3VdbeAddOp2
Current: sqlite3DeleteFrom Havoced: sqlite3ExprCodeGetColumnOfTable
Current: sqlite3DeleteFrom Havoced: sqlite3ExprCodeGetColumnOfTable
Current: sqlite3DeleteFrom Havoced: sqlite3VdbeAddOp2
Current: sqlite3DeleteFrom Havoced: sqlite3IndexAffinityStr
Current: sqlite3DeleteFrom Havoced: sqlite3VdbeAddOp4
Current: sqlite3DeleteFrom Havoced: sqlite3VdbeAddOp4Int
Current: sqlite3DeleteFrom Havoced: sqlite3WhereEnd
Current: sqlite3DeleteFrom Havoced: sqlite3DbMallocRawNN
isMemset:   call void @llvm.memset.p0i8.i64(i8* %216, i8 1, i64 %219, i32 1, i1 false), !dbg !6041
Current: sqlite3DeleteFrom Havoced: sqlite3VdbeChangeToNoop
Current: sqlite3DeleteFrom Havoced: sqlite3VdbeMakeLabel
Current: sqlite3DeleteFrom Havoced: sqlite3VdbeAddOp0
Current: sqlite3DeleteFrom Havoced: sqlite3OpenTableAndIndices
Current: sqlite3DeleteFrom Havoced: sqlite3VdbeJumpHereOrPopInst
Current: sqlite3DeleteFrom Havoced: sqlite3VdbeAddOp3
Current: sqlite3DeleteFrom Havoced: sqlite3VdbeAddOp1
Current: sqlite3DeleteFrom Havoced: sqlite3VdbeAddOp2
Current: sqlite3DeleteFrom Havoced: sqlite3VdbeAddOp3
Current: sqlite3DeleteFrom Havoced: sqlite3VdbeAddOp4Int
Current: sqlite3DeleteFrom Havoced: sqlite3GenerateRowDelete
Current: sqlite3DeleteFrom Havoced: sqlite3GetVTable
Current: sqlite3DeleteFrom Havoced: sqlite3VtabMakeWritable
Current: sqlite3DeleteFrom Havoced: sqlite3MayAbort
Current: sqlite3DeleteFrom Havoced: sqlite3VdbeAddOp1
Current: sqlite3DeleteFrom Havoced: sqlite3VdbeAddOp4
Current: sqlite3DeleteFrom Havoced: sqlite3VdbeChangeP5
Current: sqlite3DeleteFrom Havoced: sqlite3VdbeGoto
Current: sqlite3DeleteFrom Havoced: sqlite3VdbeJumpHere
Current: sqlite3DeleteFrom Havoced: sqlite3VdbeAddOp2
Current: sqlite3DeleteFrom Havoced: sqlite3VdbeJumpHere
Current: sqlite3DeleteFrom Havoced: sqlite3VdbeResolveLabel
Current: sqlite3DeleteFrom Havoced: sqlite3WhereEnd
Current: sqlite3DeleteFrom Havoced: sqlite3AutoincrementEnd
Current: sqlite3DeleteFrom Havoced: sqlite3VdbeAddOp2
Current: sqlite3DeleteFrom Havoced: sqlite3VdbeSetNumCols
Current: sqlite3DeleteFrom Havoced: sqlite3VdbeSetColName
Current: sqlite3DeleteFrom Havoced: sqlite3WhereEnd
Current: sqlite3DeleteFrom Havoced: sqlite3AuthContextPop
Current: sqlite3DeleteFrom Havoced: sqlite3SrcListDelete
Current: sqlite3DeleteFrom Havoced: sqlite3ExprDelete
Current: sqlite3DeleteFrom Havoced: sqlite3DbFree
                      0 sec [DONE]
        Number of expressions:                        156361
        after encoding

      4 assertions before transformations (3 no_back_edge, 1 custom).

      Performing formula transformations ...
        Simplifier
          Number of rewrites                            4090
        Fixed Memory Address Assigner
          Number of moved ops                              0
          Number of rewrites                            5208
        Simplifier
          Number of moved ops                              0
          Number of rewrites                           72688
        Memory Model Encoder
          Number of moved ops                              0rewriteAllocaOprewriteStackAddressOp
rewriteAllocaOprewriteStackAddressOp
rewriteAllocaOprewriteStackAddressOp
rewriteAllocaOprewriteStackAddressOp
rewriteAllocaOprewriteStackAddressOp

          Number of rewrites                               5
        Simplifier
          Number of moved ops                              0
          Number of rewrites                              15
        Simplifier
          Number of moved ops                              0
          Number of rewrites                             220
        ToASC Analyser
          Memcpy/memset found                             no
        Byte-Based Memory Creator
        Instantiation-Based ToASC Simplifier
        Simplifier
        FP Abstraction
          Number of rewrites                              44

Abstracted floating point operations.  The result might be a false positive.

        Simplifier
          Number of moved ops                              1
          Number of rewrites                               0
                                                           0 sec [DONE]
        
      4 assertions remain after transformations (3 no_back_edge, 1 custom).
after rewriteFormula
after sanityCheckFormula

      Running SMT solver (STP with MiniSat) ...