runJobCommand
arguents: child
arguents: job
arguents: mode
Careful, HavocLimit is not zero. Call Abstraction is activated
handleJobInSeparateProcess0

Checking job 7742 ...about to run job:
preconNumber: 0, 0

  Running Model Checker with 1 checks ...try
try ready

    SMTSolver : stp
    CallStackBound : 0
    StopEncodingAfterCheckLoop : 0
    LoopUnrollBound : 1
    HavocLimit : 1
    PreconditionNumber : 0
    PreconditionLocation : jobs/7742
    TimeOut : 600
    InitializedGlobals : false
    IgnoreMissingFunctions : false
    StopEncodingAfterCheck : false
    OverApproxVaArgs : false
    PreconditionCheckMemory : false
    PreconditionOnlyArguments : trueI [0] lib/ModelChecker/Verifier.cpp:247 | EntryPoint : whereLoopAddVirtualOne
m_checker->run()

    Performing bounded model checking ...
      Unrolling loop in function "whereLoopAddVirtualOne" for 1 iterations succeeded.
      Unrolling loop in function "whereLoopAddVirtualOne" for 1 iterations succeeded.
      Unrolling loop in function "whereLoopAddVirtualOne" for 1 iterations succeeded.
      Unrolling loop in function "whereLoopAddVirtualOne" for 1 iterations succeeded.
      Transformed "whereLoopAddVirtualOne" from 53 to 57 basic blocks and from 417 to 434 instructions
      Performing pre-transformations on LLVM IR ...        0 sec [DONE]
        
      Performing logical encoding ...isMemset:   call void @llvm.memset.p0i8.i64(i8* %50, i8 0, i64 %52, i32 4, i1 false), !dbg !5738
Current: whereLoopAddVirtualOne Havoced: vtabBestIndex
Current: whereLoopAddVirtualOne Havoced: sqlite3LogEstFromDouble
Current: whereLoopAddVirtualOne Havoced: sqlite3LogEst
Current: whereLoopAddVirtualOne Havoced: whereLoopInsert
Current: whereLoopAddVirtualOne Havoced: sqlite3_free
Current: whereLoopAddVirtualOne Havoced: sqlite3ErrorMsg
Current: whereLoopAddVirtualOne Havoced: sqlite3ErrorMsg
                      0 sec [DONE]
        Number of expressions:                        155700
        after encoding

      5 assertions before transformations (4 no_back_edge, 1 custom).

      Performing formula transformations ...
        Simplifier
          Number of rewrites                            3688
        Fixed Memory Address Assigner
          Number of moved ops                              0
          Number of rewrites                            5208
        Simplifier
          Number of moved ops                              0
          Number of rewrites                           72624
        Memory Model Encoder
          Number of moved ops                              1
          Number of rewrites                               0
        Simplifier
          Number of rewrites                               6
        Simplifier
          Number of moved ops                              0
          Number of rewrites                             142
        ToASC Analyser
          Memcpy/memset found                            yes
        Byte-Based Memory Creator
          Number of rewrites                            9010
        Instantiation-Based ToASC Simplifier
          Number of rewrites                               1
        Simplifier
          Number of moved ops                             21
          Number of rewrites                           23264
        FP Abstraction
          Number of rewrites                              24

Abstracted floating point operations.  The result might be a false positive.

        Simplifier
          Number of moved ops                              0
          Number of rewrites                               0
                                                           0 sec [DONE]
        
      5 assertions remain after transformations (4 no_back_edge, 1 custom).
after rewriteFormula
after sanityCheckFormula

      Running SMT solver (STP with MiniSat) ...