runJobCommand
arguents: child
arguents: job
arguents: mode
Careful, HavocLimit is not zero. Call Abstraction is activated
handleJobInSeparateProcess0

Checking job 3043 ...about to run job:
preconNumber: 0, 0

  Running Model Checker with 1 checks ...try
try ready

    SMTSolver : stp
    CallStackBound : 0
    StopEncodingAfterCheckLoop : 0
    LoopUnrollBound : 1
    HavocLimit : 1
    PreconditionNumber : 0
    PreconditionLocation : jobs/3043
    TimeOut : 600
    InitializedGlobals : false
    IgnoreMissingFunctions : false
    StopEncodingAfterCheck : false
    OverApproxVaArgs : false
    PreconditionCheckMemory : false
    PreconditionOnlyArguments : trueI [0] lib/ModelChecker/Verifier.cpp:247 | EntryPoint : sqlite3WalCheckpoint
m_checker->run()

    Performing bounded model checking ...
      Performing pre-transformations on LLVM IR ...        0 sec [DONE]
        
      Performing logical encoding ...Current: sqlite3WalCheckpoint Havoced: walLockExclusive
Current: sqlite3WalCheckpoint Havoced: walBusyLock
Current: sqlite3WalCheckpoint Havoced: walIndexReadHdr
Current: sqlite3WalCheckpoint Havoced: sqlite3OsUnfetch
Current: sqlite3WalCheckpoint Havoced: walPagesize
Current: sqlite3WalCheckpoint Havoced: walCheckpoint
Current: sqlite3WalCheckpoint Havoced: sqlite3CorruptError
Current: sqlite3WalCheckpoint Havoced: walCkptInfo
isMemset:   call void @llvm.memset.p0i8.i64(i8* %63, i8 0, i64 48, i32 8, i1 false), !dbg !5749
Current: sqlite3WalCheckpoint Havoced: sqlite3WalEndWriteTransaction
Current: sqlite3WalCheckpoint Havoced: walUnlockExclusive
                      0 sec [DONE]
        Number of expressions:                        155382
        after encoding

      1 assertion before transformations (1 custom).

      Performing formula transformations ...
        Simplifier
          Number of rewrites                            3555
        Fixed Memory Address Assigner
          Number of moved ops                              0
          Number of rewrites                            5208
        Simplifier
          Number of moved ops                              0
          Number of rewrites                           72634
        Memory Model Encoder
          Number of moved ops                              0rewriteAllocaOprewriteStackAddressOp

          Number of rewrites                               1
        Simplifier
          Number of moved ops                              0
          Number of rewrites                               4
        Simplifier
          Number of moved ops                              0
          Number of rewrites                             144
        ToASC Analyser
          Memcpy/memset found                             no
        Byte-Based Memory Creator
        Instantiation-Based ToASC Simplifier
        Simplifier
        FP Abstraction
          Number of rewrites                              44

Abstracted floating point operations.  The result might be a false positive.

        Simplifier
          Number of moved ops                              0
          Number of rewrites                               0
                                                           0 sec [DONE]
        
      1 assertion remains after transformations (1 custom).
after rewriteFormula
after sanityCheckFormula

      Running SMT solver (STP with MiniSat) ...