runJobCommand
arguents: child
arguents: job
arguents: mode
Careful, HavocLimit is not zero. Call Abstraction is activated
handleJobInSeparateProcess0

Checking job 7325 ...about to run job:
preconNumber: 0, 0

  Running Model Checker with 1 checks ...try
try ready

    SMTSolver : stp
    CallStackBound : 0
    StopEncodingAfterCheckLoop : 0
    LoopUnrollBound : 1
    HavocLimit : 1
    PreconditionNumber : 0
    PreconditionLocation : jobs/7325
    TimeOut : 600
    InitializedGlobals : false
    IgnoreMissingFunctions : false
    StopEncodingAfterCheck : false
    OverApproxVaArgs : false
    PreconditionCheckMemory : false
    PreconditionOnlyArguments : trueI [1] lib/ModelChecker/Verifier.cpp:247 | EntryPoint : removeUnindexableInClauseTerms
m_checker->run()

    Performing bounded model checking ...
      Unrolling loop in function "removeUnindexableInClauseTerms" for 1 iterations succeeded.
      Unrolling loop in function "removeUnindexableInClauseTerms" for 1 iterations succeeded.
      Transformed "removeUnindexableInClauseTerms" from 20 to 22 basic blocks and from 201 to 217 instructions
      Performing pre-transformations on LLVM IR ...        0 sec [DONE]
        
      Performing logical encoding ...Current: removeUnindexableInClauseTerms Havoced: sqlite3ExprDup
Current: removeUnindexableInClauseTerms Havoced: sqlite3ExprListAppend
Current: removeUnindexableInClauseTerms Havoced: sqlite3ExprListAppend
Current: removeUnindexableInClauseTerms Havoced: sqlite3ExprListDelete
Current: removeUnindexableInClauseTerms Havoced: sqlite3ExprListDelete
Current: removeUnindexableInClauseTerms Havoced: sqlite3ExprDelete
                      0 sec [DONE]
        Number of expressions:                        155307
        after encoding

      3 assertions before transformations (2 no_back_edge, 1 custom).

      Performing formula transformations ...
        Simplifier
          Number of rewrites                            3486
        Fixed Memory Address Assigner
          Number of moved ops                              0
          Number of rewrites                            5208
        Simplifier
          Number of moved ops                              0
          Number of rewrites                           72614
        Memory Model Encoder
          Number of moved ops                              0
          Number of rewrites                               0
        Simplifier
          Number of rewrites                               2
        Simplifier
          Number of moved ops                              0
          Number of rewrites                             142
        ToASC Analyser
          Memcpy/memset found                             no
        Byte-Based Memory Creator
        Instantiation-Based ToASC Simplifier
        Simplifier
        FP Abstraction
          Number of rewrites                              44

Abstracted floating point operations.  The result might be a false positive.

        Simplifier
          Number of moved ops                              0
          Number of rewrites                               0
                                                           0 sec [DONE]
        
      3 assertions remain after transformations (2 no_back_edge, 1 custom).
after rewriteFormula
after sanityCheckFormula

      Running SMT solver (STP with MiniSat) ...