runJobCommand
arguents: child
arguents: job
arguents: mode
Careful, HavocLimit is not zero. Call Abstraction is activated
handleJobInSeparateProcess0

Checking job 5681 ...about to run job:
preconNumber: 0, 0

  Running Model Checker with 1 checks ...try
try ready

    SMTSolver : stp
    CallStackBound : 0
    StopEncodingAfterCheckLoop : 0
    LoopUnrollBound : 1
    HavocLimit : 2
    PreconditionNumber : 0
    PreconditionLocation : jobs/5681
    TimeOut : 600
    InitializedGlobals : false
    IgnoreMissingFunctions : false
    StopEncodingAfterCheck : false
    OverApproxVaArgs : false
    PreconditionCheckMemory : false
    PreconditionOnlyArguments : trueI [0] lib/ModelChecker/Verifier.cpp:247 | EntryPoint : sqlite3FinishCoding
m_checker->run()

    Performing bounded model checking ...
      Unrolling loop in function "sqlite3FinishCoding" for 1 iterations succeeded.
      Unrolling loop in function "sqlite3FinishCoding" for 1 iterations succeeded.
      Unrolling loop in function "sqlite3FinishCoding" for 1 iterations succeeded.
      Unrolling loop in function "sqlite3FinishCoding" for 1 iterations succeeded.
      Transformed "sqlite3FinishCoding" from 53 to 57 basic blocks and from 285 to 303 instructions
      Performing pre-transformations on LLVM IR ...        0 sec [DONE]
        
      Performing logical encoding ...Current: sqlite3GetVdbe Havoced: sqlite3VdbeCreate
Current: sqlite3VdbeAddOp1 Havoced: sqlite3VdbeAddOp3
Current: sqlite3VdbeAddOp3 Havoced: growOp3
Current: sqlite3VdbeAddOp2 Havoced: sqlite3VdbeAddOp3
Current: sqlite3VdbeAddOp2 Havoced: sqlite3VdbeAddOp3
Current: sqlite3VdbeJumpHere Havoced: sqlite3VdbeChangeP2
Current: sqlite3VdbeAddOp0 Havoced: sqlite3VdbeAddOp3
Current: sqlite3VdbeJumpHere Havoced: sqlite3VdbeChangeP2
Current: sqlite3VdbeUsesBtree Havoced: sqlite3BtreeSharable
Current: sqlite3VdbeAddOp4Int Havoced: sqlite3VdbeAddOp3

        Unrolling loop in function "sqlite3GetVTable" for 1 iterations succeeded.
        Transformed "sqlite3GetVTable" from 7 to 12 basic blocks and from 25 to 41 instructionsCurrent: sqlite3VdbeAddOp4 Havoced: sqlite3VdbeAddOp3
Current: sqlite3VdbeAddOp4 Havoced: sqlite3VdbeChangeP4

        Unrolling loop in function "codeTableLocks" for 1 iterations succeeded.
        Transformed "codeTableLocks" from 5 to 6 basic blocks and from 42 to 46 instructionsCurrent: codeTableLocks Havoced: sqlite3VdbeAddOp4

        Unrolling loop in function "sqlite3AutoincrementBegin" for 1 iterations succeeded.
        Transformed "sqlite3AutoincrementBegin" from 9 to 11 basic blocks and from 111 to 115 instructionsCurrent: sqlite3AutoincrementBegin Havoced: sqlite3OpenTable
Current: sqlite3AutoincrementBegin Havoced: sqlite3VdbeLoadString
Current: sqlite3AutoincrementBegin Havoced: sqlite3VdbeAddOpList
Current: sqlite3ExprCode Havoced: sqlite3ExprCodeTarget
Current: sqlite3ExprCode Havoced: sqlite3VdbeAddOp2
Current: sqlite3VdbeAddOp2 Havoced: sqlite3VdbeAddOp3
Current: sqlite3VdbeGoto Havoced: sqlite3VdbeAddOp3

        Unrolling loop in function "sqlite3VdbeMakeReady" for 1 iterations succeeded.
        Transformed "sqlite3VdbeMakeReady" from 24 to 25 basic blocks and from 327 to 330 instructionsCurrent: sqlite3VdbeMakeReady Havoced: resolveP2Values
Current: sqlite3VdbeMakeReady Havoced: sqlite3VdbeSetNumCols
Current: sqlite3VdbeMakeReady Havoced: sqlite3VdbeSetNumCols
Current: sqlite3VdbeMakeReady Havoced: sqlite3VdbeSetColName
Current: sqlite3VdbeMakeReady Havoced: allocSpace
Current: sqlite3VdbeMakeReady Havoced: allocSpace
Current: sqlite3VdbeMakeReady Havoced: allocSpace
Current: sqlite3VdbeMakeReady Havoced: allocSpace
Current: sqlite3VdbeMakeReady Havoced: sqlite3DbMallocRawNN
Current: sqlite3VdbeMakeReady Havoced: allocSpace
Current: sqlite3VdbeMakeReady Havoced: allocSpace
Current: sqlite3VdbeMakeReady Havoced: allocSpace
Current: sqlite3VdbeMakeReady Havoced: allocSpace
Current: sqlite3VdbeMakeReady Havoced: initMemArray
Current: sqlite3VdbeMakeReady Havoced: initMemArray
isMemset:   call void @llvm.memset.p0i8.i64(i8* %183, i8 0, i64 %185, i32 8, i1 false), !dbg !5829
Current: sqlite3VdbeMakeReady Havoced: sqlite3VdbeRewind

                                                           0 sec [DONE]
        Number of expressions:                        156734
        after encoding

      9 assertions before transformations (8 no_back_edge, 1 custom).

      Performing formula transformations ...
        Simplifier
          Number of rewrites                            4199
        Fixed Memory Address Assigner
          Number of moved ops                              0
          Number of rewrites                            5208
        Simplifier
          Number of moved ops                              0
          Number of rewrites                           72698
        Memory Model Encoder
          Number of moved ops                              0rewriteAllocaOprewriteStackAddressOp
rewriteAllocaOprewriteStackAddressOp

          Number of rewrites                               2
        Simplifier
          Number of moved ops                              0
          Number of rewrites                              37
        Simplifier
          Number of moved ops                              0
          Number of rewrites                             142
        ToASC Analyser
          Memcpy/memset found                            yes
        Byte-Based Memory Creator
          Number of rewrites                            9139
        Instantiation-Based ToASC Simplifier
          Number of rewrites                               1
        Simplifier
          Number of moved ops                              0
          Number of rewrites                           23481
        FP Abstraction
          Number of rewrites                              22

Abstracted floating point operations.  The result might be a false positive.

        Simplifier
          Number of moved ops                              0
          Number of rewrites                               0
                                                           0 sec [DONE]
        
      9 assertions remain after transformations (8 no_back_edge, 1 custom).
after rewriteFormula
after sanityCheckFormula

      Running SMT solver (STP with MiniSat) ...