runJobCommand
arguents: child
arguents: job
arguents: mode
handleJobInSeparateProcess0

Checking job 2980 ...about to run job:
preconNumber: 5, 1

  Running Model Checker with 1 checks ...W [0] lib/Slicer/LocalSlicer.cpp:368 | argument 0 (i64* undef) has pointer type
W [0] lib/Slicer/LocalSlicer.cpp:368 | argument 0 (i64* undef) has pointer type
W [0] lib/Slicer/LocalSlicer.cpp:368 | argument 0 (i64* undef) has pointer type
W [0] lib/Slicer/LocalSlicer.cpp:357 | argument %struct.sqlite3_file* null of call instruction has pointer type
W [0] lib/Slicer/LocalSlicer.cpp:368 | argument 0 (i32* undef) has pointer type
W [0] lib/Slicer/LocalSlicer.cpp:357 | argument %struct.sqlite3_file* null of call instruction has pointer type
W [0] lib/Slicer/LocalSlicer.cpp:357 | argument %struct.sqlite3_file* null of call instruction has pointer type
W [0] lib/Slicer/LocalSlicer.cpp:357 | argument %struct.WalWriter* null of call instruction has pointer type
W [0] lib/Slicer/LocalSlicer.cpp:495 | unused argument: , qpr.slicing.unused.arg.walWriteToLog.0
W [0] lib/Slicer/LocalSlicer.cpp:495 | unused argument: , qpr.slicing.unused.arg.walWriteToLog.1
W [0] lib/Slicer/LocalSlicer.cpp:495 | unused argument: , qpr.slicing.unused.arg.sqlite3OsSync.0
W [0] lib/Slicer/LocalSlicer.cpp:495 | unused argument: , qpr.slicing.unused.arg.sqlite3OsWrite.0
W [0] lib/Slicer/LocalSlicer.cpp:495 | unused argument: , qpr.slicing.unused.arg.sqlite3OsWrite.1
W [0] lib/Slicer/LocalSlicer.cpp:495 | unused argument: , qpr.slicing.unused.arg.sqlite3OsWrite.2
W [0] lib/Slicer/LocalSlicer.cpp:495 | unused argument: , qpr.slicing.unused.arg.sqlite3OsWrite.3
W [0] lib/Slicer/LocalSlicer.cpp:495 | unused argument: , qpr.slicing.unused.arg.walWriteOneFrame.0
W [0] lib/Slicer/LocalSlicer.cpp:495 | unused argument: , qpr.slicing.unused.arg.walWriteOneFrame.1
W [0] lib/Slicer/LocalSlicer.cpp:495 | unused argument: , qpr.slicing.unused.arg.walWriteOneFrame.2
I [0] lib/Slicer/LocalSlicer.cpp:104 | slicing finished
try
try ready

    SMTSolver : stp
    CallStackBound : 0
    StopEncodingAfterCheckLoop : 1
    LoopUnrollBound : 1
    HavocLimit : 0
    PreconditionNumber : 5
    PreconditionLocation : jobs/2980
    TimeOut : 600
    InitializedGlobals : false
    IgnoreMissingFunctions : false
    StopEncodingAfterCheck : true
    OverApproxVaArgs : false
    PreconditionCheckMemory : false
    PreconditionOnlyArguments : trueI [0] lib/ModelChecker/Verifier.cpp:247 | EntryPoint : walWriteOneFrame
m_checker->run()

    Performing bounded model checking ...
      Performing pre-transformations on LLVM IR ...        0 sec [DONE]
        
      Performing logical encoding ...size Alloca: 1
size Alloca: 1
-----found check = true
                      0 sec [DONE]
        Number of expressions:                        130888
        after encoding

      1 assertion before transformations (1 custom).

      Performing formula transformations ...
        Simplifier
          Number of rewrites                            2552
        Fixed Memory Address Assigner
          Number of moved ops                              2
          Number of rewrites                            4898
        Simplifier
          Number of moved ops                              2
          Number of rewrites                           61879
        Memory Model Encoder
          Number of moved ops                              0
          Number of rewrites                               0
        Simplifier
          Number of rewrites                               0
        Simplifier
          Number of rewrites                              88
        ToASC Analyser
          Memcpy/memset found                             no
        Byte-Based Memory Creator
        Instantiation-Based ToASC Simplifier
        Simplifier
        FP Abstraction
          Number of rewrites                               0
        Simplifier
          Number of moved ops                              0
          Number of rewrites                               0
                                                           0 sec [DONE]
        
      1 assertion remains after transformations (1 custom).
after rewriteFormula
after sanityCheckFormula

      Running SMT solver (STP with MiniSat) ...            0 sec [DONE]
        
                                                           0 sec [DONE]
      after performing Check
evaluateCheckerResultsViaRefinementLoop
checker.getResult() is Trace
checkOnlyPrecon: 0, size:1
getFailingCheckFor
setCheckToUnsafe
setCheckToUnsafe
Check for floating point traces / abstractions currently deactivated
getCheckerResultAfterUpdatingMarker
failingInst:   call void @llbmc.assert(i1 %5, i32 %0)
Preconditions internal: 
i32 %arg2:arbitrary; i64 %arg3:-24; (i64 %arg3:18446744073709551592)
 function does not read memory: 0, checkValidLoad:0, checkMemory: 0
function does not read memory 

assumePair: i32 %arg2 = nondef() : 0
error: No matching SMT expression for Op %arg2 (nondef) found!assumePair: i64 %arg3 = nondef() : -24

    Rerunning SMT solver (STP with MiniSat) ...            0 sec [DONE]
      failingInst:   call void @llbmc.assert(i1 %5, i32 %0)
Preconditions internal: 
i32 %arg2:arbitrary; i64 %arg3:-23; (i64 %arg3:18446744073709551593)
 function does not read memory: 0, checkValidLoad:0, checkMemory: 0
function does not read memory 

assumePair: i32 %arg2 = nondef() : 0
error: No matching SMT expression for Op %arg2 (nondef) found!assumePair: i64 %arg3 = nondef() : -23

    Rerunning SMT solver (STP with MiniSat) ...            0 sec [DONE]
      failingInst:   call void @llbmc.assert(i1 %5, i32 %0)
Preconditions internal: 
i32 %arg2:arbitrary; i64 %arg3:-21; (i64 %arg3:18446744073709551595)
 function does not read memory: 0, checkValidLoad:0, checkMemory: 0
function does not read memory 

assumePair: i32 %arg2 = nondef() : 0
error: No matching SMT expression for Op %arg2 (nondef) found!assumePair: i64 %arg3 = nondef() : -21

    Rerunning SMT solver (STP with MiniSat) ...            0 sec [DONE]
      failingInst:   call void @llbmc.assert(i1 %5, i32 %0)
Preconditions internal: 
i32 %arg2:arbitrary; i64 %arg3:-22; (i64 %arg3:18446744073709551594)
 function does not read memory: 0, checkValidLoad:0, checkMemory: 0
function does not read memory 

assumePair: i32 %arg2 = nondef() : 0
error: No matching SMT expression for Op %arg2 (nondef) found!assumePair: i64 %arg3 = nondef() : -22

    Rerunning SMT solver (STP with MiniSat) ...            0 sec [DONE]
      failingInst:   call void @llbmc.assert(i1 %5, i32 %0)
Preconditions internal: 
i32 %arg2:arbitrary; i64 %arg3:-20; (i64 %arg3:18446744073709551596)
 function does not read memory: 0, checkValidLoad:0, checkMemory: 0
function does not read memory 

assumePair: i32 %arg2 = nondef() : 0
error: No matching SMT expression for Op %arg2 (nondef) found!assumePair: i64 %arg3 = nondef() : -20

    Rerunning SMT solver (STP with MiniSat) ...            0 sec [DONE]
      name of function arguments: Writing precondition at: jobs/2980/precondition_walWriteOneFrame.txt

Generated Preconditions:
[underoverapprox]name of function arguments: 
i32 %arg2:arbitrary; i64 %arg3:-24; 
i32 %arg2:arbitrary; i64 %arg3:-23; 
i32 %arg2:arbitrary; i64 %arg3:-21; 
i32 %arg2:arbitrary; i64 %arg3:-22; 
i32 %arg2:arbitrary; i64 %arg3:-20; 

                                                           1 sec [DONE]
    allunsafe
    
                                                           1 sec [DONE]
  