runJobCommand
arguents: child
arguents: job
arguents: mode
Careful, HavocLimit is not zero. Call Abstraction is activated
handleJobInSeparateProcess0

Checking job 8041 ...about to run job:
preconNumber: 0, 0

  Running Model Checker with 1 checks ...try
try ready

    SMTSolver : stp
    CallStackBound : 0
    StopEncodingAfterCheckLoop : 0
    LoopUnrollBound : 1
    HavocLimit : 1
    PreconditionNumber : 0
    PreconditionLocation : jobs/8041
    TimeOut : 600
    InitializedGlobals : false
    IgnoreMissingFunctions : false
    StopEncodingAfterCheck : false
    OverApproxVaArgs : false
    PreconditionCheckMemory : false
    PreconditionOnlyArguments : trueI [0] lib/ModelChecker/Verifier.cpp:247 | EntryPoint : windowCodeOp
m_checker->run()

    Performing bounded model checking ...
      Transformed "windowCodeOp" from 55 to 59 basic blocks and from 285 to 292 instructions
      Performing pre-transformations on LLVM IR ...        0 sec [DONE]
        
      Performing logical encoding ...Current: windowCodeOp Havoced: sqlite3VdbeMakeLabel
Current: windowCodeOp Havoced: sqlite3VdbeAddOp3
Current: windowCodeOp Havoced: sqlite3VdbeCurrentAddr
Current: windowCodeOp Havoced: windowCodeRangeTest
Current: windowCodeOp Havoced: windowCodeRangeTest
Current: windowCodeOp Havoced: windowCodeRangeTest
Current: windowCodeOp Havoced: windowAggFinal
Current: windowCodeOp Havoced: sqlite3VdbeCurrentAddr
Current: windowCodeOp Havoced: sqlite3GetTempReg
Current: windowCodeOp Havoced: sqlite3GetTempReg
Current: windowCodeOp Havoced: sqlite3VdbeAddOp2
Current: windowCodeOp Havoced: sqlite3VdbeAddOp3
Current: windowCodeOp Havoced: sqlite3VdbeAddOp2
Current: windowCodeOp Havoced: sqlite3VdbeAddOp2
Current: windowCodeOp Havoced: sqlite3VdbeAddOp3
Current: windowCodeOp Havoced: sqlite3ReleaseTempReg
Current: windowCodeOp Havoced: sqlite3ReleaseTempReg
Current: windowCodeOp Havoced: windowAggStep
Current: windowCodeOp Havoced: sqlite3VdbeAddOp2
Current: windowCodeOp Havoced: windowAggStep
Current: windowCodeOp Havoced: sqlite3VdbeAddOp2
Current: windowCodeOp Havoced: windowReturnOneRow
Current: windowCodeOp Havoced: sqlite3VdbeAddOp1
Current: windowCodeOp Havoced: sqlite3VdbeChangeP5
Current: windowCodeOp Havoced: sqlite3VdbeCurrentAddr
Current: windowCodeOp Havoced: sqlite3VdbeAddOp2
Current: windowCodeOp Havoced: sqlite3VdbeAddOp2
Current: windowCodeOp Havoced: sqlite3VdbeCurrentAddr
Current: windowCodeOp Havoced: sqlite3VdbeAddOp2
Current: windowCodeOp Havoced: sqlite3VdbeAddOp0
Current: windowCodeOp Havoced: sqlite3GetTempRange
Current: windowCodeOp Havoced: windowReadPeerValues
Current: windowCodeOp Havoced: windowIfNewPeer
Current: windowCodeOp Havoced: sqlite3ReleaseTempRange
Current: windowCodeOp Havoced: sqlite3VdbeAddOp2
Current: windowCodeOp Havoced: sqlite3VdbeResolveLabel
                      0 sec [DONE]
        Number of expressions:                        155615
        after encoding

      1 assertion before transformations (1 custom).

      Performing formula transformations ...
        Simplifier
          Number of rewrites                            3673
        Fixed Memory Address Assigner
          Number of moved ops                              0
          Number of rewrites                            5208
        Simplifier
          Number of moved ops                              0
          Number of rewrites                           72629
        Memory Model Encoder
          Number of moved ops                              0
          Number of rewrites                               0
        Simplifier
          Number of rewrites                               2
        Simplifier
          Number of moved ops                              0
          Number of rewrites                             142
        ToASC Analyser
          Memcpy/memset found                             no
        Byte-Based Memory Creator
        Instantiation-Based ToASC Simplifier
        Simplifier
        FP Abstraction
          Number of rewrites                              44

Abstracted floating point operations.  The result might be a false positive.

        Simplifier
          Number of moved ops                              0
          Number of rewrites                               0
                                                           0 sec [DONE]
        
      1 assertion remains after transformations (1 custom).
after rewriteFormula
after sanityCheckFormula

      Running SMT solver (STP with MiniSat) ...