runJobCommand
arguents: child
arguents: job
arguents: mode
handleJobInSeparateProcess0

Checking job 3185 ...about to run job:
preconNumber: 5, 1

  Running Model Checker with 1 checks ...W [1] lib/Slicer/LocalSlicer.cpp:368 | argument 0 (i16* undef) has pointer type
W [1] lib/Slicer/LocalSlicer.cpp:368 | argument 0 (i16* undef) has pointer type
W [1] lib/Slicer/LocalSlicer.cpp:368 | argument 0 (i32* undef) has pointer type
W [1] lib/Slicer/LocalSlicer.cpp:368 | argument 0 (i8* undef) has pointer type
W [1] lib/Slicer/LocalSlicer.cpp:368 | argument 0 (i8* undef) has pointer type
W [1] lib/Slicer/LocalSlicer.cpp:368 | argument 0 (i8* undef) has pointer type
W [1] lib/Slicer/LocalSlicer.cpp:368 | argument 0 (i8* undef) has pointer type
W [1] lib/Slicer/LocalSlicer.cpp:368 | argument 0 (i8* undef) has pointer type
W [1] lib/Slicer/LocalSlicer.cpp:368 | argument 0 (i8* undef) has pointer type
W [1] lib/Slicer/LocalSlicer.cpp:368 | argument 0 (i8* undef) has pointer type
W [1] lib/Slicer/LocalSlicer.cpp:368 | argument 0 (i8* undef) has pointer type
W [1] lib/Slicer/LocalSlicer.cpp:368 | argument 0 (i8* undef) has pointer type
W [1] lib/Slicer/LocalSlicer.cpp:368 | argument 0 (i8* undef) has pointer type
W [1] lib/Slicer/LocalSlicer.cpp:368 | argument 0 (i8* undef) has pointer type
W [1] lib/Slicer/LocalSlicer.cpp:368 | argument 0 (i8* undef) has pointer type
W [1] lib/Slicer/LocalSlicer.cpp:368 | argument 0 (i8* undef) has pointer type
W [1] lib/Slicer/LocalSlicer.cpp:368 | argument 0 (i8* undef) has pointer type
W [1] lib/Slicer/LocalSlicer.cpp:368 | argument 0 (i8* undef) has pointer type
W [1] lib/Slicer/LocalSlicer.cpp:368 | argument 0 (i8* undef) has pointer type
W [1] lib/Slicer/LocalSlicer.cpp:368 | argument 0 (i8* undef) has pointer type
W [1] lib/Slicer/LocalSlicer.cpp:368 | argument 0 (i8* undef) has pointer type
W [1] lib/Slicer/LocalSlicer.cpp:368 | argument 0 (i32* undef) has pointer type
W [1] lib/Slicer/LocalSlicer.cpp:495 | unused argument: , qpr.slicing.unused.arg.defragmentPage.0
I [1] lib/Slicer/LocalSlicer.cpp:104 | slicing finished
try
try ready

    SMTSolver : stp
    CallStackBound : 0
    StopEncodingAfterCheckLoop : 1
    LoopUnrollBound : 1
    HavocLimit : 0
    PreconditionNumber : 5
    PreconditionLocation : jobs/3185
    TimeOut : 600
    InitializedGlobals : false
    IgnoreMissingFunctions : false
    StopEncodingAfterCheck : true
    OverApproxVaArgs : false
    PreconditionCheckMemory : false
    PreconditionOnlyArguments : trueI [1] lib/ModelChecker/Verifier.cpp:247 | EntryPoint : defragmentPage
m_checker->run()

    Performing bounded model checking ...
      Unrolling loop in function "defragmentPage" for 1 iterations succeeded.
      Transformed "defragmentPage" from 27 to 29 basic blocks and from 150 to 159 instructions
      Performing pre-transformations on LLVM IR ...        0 sec [DONE]
        
      Performing logical encoding ...size Alloca: 1
-----found check = true
                      0 sec [DONE]
        Number of expressions:                        131172
        after encoding

      2 assertions before transformations (1 no_back_edge, 1 custom).

      Performing formula transformations ...
        Simplifier
          Number of rewrites                            2711
        Fixed Memory Address Assigner
          Number of moved ops                              1
          Number of rewrites                            4897
        Simplifier
          Number of moved ops                              1
          Number of rewrites                           61880
        Memory Model Encoder
          Number of moved ops                              0
          Number of rewrites                               0
        Simplifier
          Number of rewrites                               0
        Simplifier
          Number of rewrites                              88
        ToASC Analyser
          Memcpy/memset found                             no
        Byte-Based Memory Creator
        Instantiation-Based ToASC Simplifier
        Simplifier
        FP Abstraction
          Number of rewrites                               0
        Simplifier
          Number of moved ops                              0
          Number of rewrites                               0
                                                           0 sec [DONE]
        
      2 assertions remain after transformations (1 no_back_edge, 1 custom).
after rewriteFormula
after sanityCheckFormula

      Running SMT solver (STP with MiniSat) ...            0 sec [DONE]
        
                                                           0 sec [DONE]
      after performing Check
evaluateCheckerResultsViaRefinementLoop
checker.getResult() is Trace
checkOnlyPrecon: 0, size:1
getFailingCheckFor
setStatusMarkerAccordingToFailingInstruction
BranchInst - LoopBound
trying to exclude Assertions for Failing Instruction

    Rerunning SMT solver (STP with MiniSat) ...            0 sec [DONE]
      checker.getResult() is Trace
checkOnlyPrecon: 0, size:1
getFailingCheckFor
setCheckToUnsafe
setCheckToUnsafe
Check for floating point traces / abstractions currently deactivated
getCheckerResultAfterUpdatingMarker
failingInst:   call void @llbmc.assert(i1 %4, i32 %0)
Preconditions internal: 
i32 %arg1:-2147483648; (i32 %arg1:2147483648)
 function does not read memory: 0, checkValidLoad:0, checkMemory: 0
function does not read memory 

assumePair: i32 %arg1 = nondef() : -2147483648

    Rerunning SMT solver (STP with MiniSat) ...            0 sec [DONE]
      failingInst:   call void @llbmc.assert(i1 %4, i32 %0)
Preconditions internal: 
i32 %arg1:-1054341100; (i32 %arg1:3240626196)
 function does not read memory: 0, checkValidLoad:0, checkMemory: 0
function does not read memory 

assumePair: i32 %arg1 = nondef() : -1054341100

    Rerunning SMT solver (STP with MiniSat) ...            0 sec [DONE]
      failingInst:   call void @llbmc.assert(i1 %4, i32 %0)
Preconditions internal: 
i32 %arg1:-2105261692; (i32 %arg1:2189705604)
 function does not read memory: 0, checkValidLoad:0, checkMemory: 0
function does not read memory 

assumePair: i32 %arg1 = nondef() : -2105261692

    Rerunning SMT solver (STP with MiniSat) ...            0 sec [DONE]
      failingInst:   call void @llbmc.assert(i1 %4, i32 %0)
Preconditions internal: 
i32 %arg1:-2080276332; (i32 %arg1:2214690964)
 function does not read memory: 0, checkValidLoad:0, checkMemory: 0
function does not read memory 

assumePair: i32 %arg1 = nondef() : -2080276332

    Rerunning SMT solver (STP with MiniSat) ...            0 sec [DONE]
      failingInst:   call void @llbmc.assert(i1 %4, i32 %0)
Preconditions internal: 
i32 %arg1:1224876546; (i32 %arg1:1224876546)
 function does not read memory: 0, checkValidLoad:0, checkMemory: 0
function does not read memory 

assumePair: i32 %arg1 = nondef() : 1224876546

    Rerunning SMT solver (STP with MiniSat) ...            0 sec [DONE]
      name of function arguments: Writing precondition at: jobs/3185/precondition_defragmentPage.txt

Generated Preconditions:
[underoverapprox]name of function arguments: 
i32 %arg1:-2147483648; 
i32 %arg1:-1054341100; 
i32 %arg1:-2105261692; 
i32 %arg1:-2080276332; 
i32 %arg1:1224876546; 

                                                           1 sec [DONE]
    allunsafe
    
                                                           1 sec [DONE]
  