runJobCommand
arguents: child
arguents: job
arguents: mode
Careful, HavocLimit is not zero. Call Abstraction is activated
handleJobInSeparateProcess0

Checking job 6262 ...about to run job:
preconNumber: 0, 0

  Running Model Checker with 1 checks ...try
try ready

    SMTSolver : stp
    CallStackBound : 0
    StopEncodingAfterCheckLoop : 0
    LoopUnrollBound : 1
    HavocLimit : 1
    PreconditionNumber : 0
    PreconditionLocation : jobs/6262
    TimeOut : 600
    InitializedGlobals : false
    IgnoreMissingFunctions : false
    StopEncodingAfterCheck : false
    OverApproxVaArgs : false
    PreconditionCheckMemory : false
    PreconditionOnlyArguments : trueI [0] lib/ModelChecker/Verifier.cpp:247 | EntryPoint : sqlite3FkCheck
m_checker->run()

    Performing bounded model checking ...
      Unrolling loop in function "sqlite3FkCheck" for 1 iterations succeeded.
      Unrolling loop in function "sqlite3FkCheck" for 1 iterations succeeded.
      Unrolling loop in function "sqlite3FkCheck" for 1 iterations succeeded.
      Unrolling loop in function "sqlite3FkCheck" for 1 iterations succeeded.
      Transformed "sqlite3FkCheck" from 72 to 77 basic blocks and from 419 to 437 instructions
      Performing pre-transformations on LLVM IR ...        0 sec [DONE]
        
      Performing logical encoding ...Current: sqlite3FkCheck Havoced: sqlite3SchemaToIndex
Current: sqlite3FkCheck Havoced: sqlite3_stricmp
Current: sqlite3FkCheck Havoced: fkChildIsModified
Current: sqlite3FkCheck Havoced: sqlite3LocateTable
Current: sqlite3FkCheck Havoced: sqlite3FindTable
Current: sqlite3FkCheck Havoced: sqlite3FkLocateIndex
Current: sqlite3FkCheck Havoced: sqlite3AuthReadCol
Current: sqlite3FkCheck Havoced: sqlite3TableLock
Current: sqlite3FkCheck Havoced: fkLookupParent
Current: sqlite3FkCheck Havoced: isSetNullAction
Current: sqlite3FkCheck Havoced: fkLookupParent
Current: sqlite3FkCheck Havoced: sqlite3DbFree
Current: sqlite3FkCheck Havoced: sqlite3GetVdbe
Current: sqlite3FkCheck Havoced: sqlite3VdbeCurrentAddr
Current: sqlite3FkCheck Havoced: sqlite3TableColumnToStorage
Current: sqlite3FkCheck Havoced: sqlite3VdbeAddOp2
Current: sqlite3FkCheck Havoced: sqlite3VdbeAddOp2
Current: sqlite3FkCheck Havoced: sqlite3FkReferences
Current: sqlite3FkCheck Havoced: fkParentIsModified
Current: sqlite3FkCheck Havoced: sqlite3FkLocateIndex
Current: sqlite3FkCheck Havoced: sqlite3SrcListAppend
Current: sqlite3FkCheck Havoced: fkScanChildren
Current: sqlite3FkCheck Havoced: fkScanChildren
Current: sqlite3FkCheck Havoced: sqlite3MayAbort
Current: sqlite3FkCheck Havoced: sqlite3SrcListDelete
Current: sqlite3FkCheck Havoced: sqlite3DbFree
                      0 sec [DONE]
        Number of expressions:                        155868
        after encoding

      5 assertions before transformations (4 no_back_edge, 1 custom).

      Performing formula transformations ...
        Simplifier
          Number of rewrites                            3798
        Fixed Memory Address Assigner
          Number of moved ops                              0
          Number of rewrites                            5208
        Simplifier
          Number of moved ops                              0
          Number of rewrites                           72634
        Memory Model Encoder
          Number of moved ops                              0rewriteAllocaOprewriteStackAddressOp
rewriteAllocaOprewriteStackAddressOp
rewriteAllocaOprewriteStackAddressOp
rewriteAllocaOprewriteStackAddressOp
rewriteAllocaOprewriteStackAddressOp

          Number of rewrites                               5
        Simplifier
          Number of moved ops                              0
          Number of rewrites                               4
        Simplifier
          Number of moved ops                              0
          Number of rewrites                             142
        ToASC Analyser
          Memcpy/memset found                             no
        Byte-Based Memory Creator
        Instantiation-Based ToASC Simplifier
        Simplifier
        FP Abstraction
          Number of rewrites                              44

Abstracted floating point operations.  The result might be a false positive.

        Simplifier
          Number of moved ops                              0
          Number of rewrites                               0
                                                           0 sec [DONE]
        
      5 assertions remain after transformations (4 no_back_edge, 1 custom).
after rewriteFormula
after sanityCheckFormula

      Running SMT solver (STP with MiniSat) ...