runJobCommand
arguents: child
arguents: job
arguents: mode
Careful, HavocLimit is not zero. Call Abstraction is activated
handleJobInSeparateProcess0

Checking job 59 ...about to run job:
preconNumber: 0, 0

  Running Model Checker with 1 checks ...try
try ready

    SMTSolver : stp
    CallStackBound : 0
    StopEncodingAfterCheckLoop : 0
    LoopUnrollBound : 1
    HavocLimit : 1
    PreconditionNumber : 0
    PreconditionLocation : jobs/59
    TimeOut : 600
    InitializedGlobals : false
    IgnoreMissingFunctions : false
    StopEncodingAfterCheck : false
    OverApproxVaArgs : false
    PreconditionCheckMemory : false
    PreconditionOnlyArguments : trueI [1] lib/ModelChecker/Verifier.cpp:247 | EntryPoint : shellFakeSchema
m_checker->run()

    Performing bounded model checking ...
      Unrolling loop in function "shellFakeSchema" for 1 iterations succeeded.
      Transformed "shellFakeSchema" from 14 to 15 basic blocks and from 87 to 95 instructions
      Performing pre-transformations on LLVM IR ...        0 sec [DONE]
        
      Performing logical encoding ...Current: shellFakeSchema Havoced: sqlite3_mprintf
Current: shellFakeSchema Havoced: sqlite3_prepare_v2
Current: shellFakeSchema Havoced: sqlite3_free
Current: shellFakeSchema Havoced: initText
Current: shellFakeSchema Havoced: quoteChar
Current: shellFakeSchema Havoced: sqlite3_stricmp
Current: shellFakeSchema Havoced: appendText
Current: shellFakeSchema Havoced: appendText
Current: shellFakeSchema Havoced: quoteChar
Current: shellFakeSchema Havoced: appendText
Current: shellFakeSchema Havoced: sqlite3_step
Current: shellFakeSchema Havoced: sqlite3_column_text
Current: shellFakeSchema Havoced: appendText
Current: shellFakeSchema Havoced: quoteChar
Current: shellFakeSchema Havoced: appendText
Current: shellFakeSchema Havoced: sqlite3_step
Current: shellFakeSchema Havoced: appendText
Current: shellFakeSchema Havoced: sqlite3_finalize
Current: shellFakeSchema Havoced: freeText
                      0 sec [DONE]
        Number of expressions:                        155185
        after encoding

      2 assertions before transformations (1 no_back_edge, 1 custom).

      Performing formula transformations ...
        Simplifier
          Number of rewrites                            3454
        Fixed Memory Address Assigner
          Number of moved ops                              0
          Number of rewrites                            5208
        Simplifier
          Number of moved ops                              0
          Number of rewrites                           72628
        Memory Model Encoder
          Number of moved ops                              1rewriteAllocaOprewriteStackAddressOp
rewriteAllocaOprewriteStackAddressOp

          Number of rewrites                               2
        Simplifier
          Number of moved ops                              0
          Number of rewrites                               2
        Simplifier
          Number of moved ops                              0
          Number of rewrites                             142
        ToASC Analyser
          Memcpy/memset found                             no
        Byte-Based Memory Creator
        Instantiation-Based ToASC Simplifier
        Simplifier
        FP Abstraction
          Number of rewrites                              44

Abstracted floating point operations.  The result might be a false positive.

        Simplifier
          Number of moved ops                              0
          Number of rewrites                               0
                                                           0 sec [DONE]
        
      2 assertions remain after transformations (1 no_back_edge, 1 custom).
after rewriteFormula
after sanityCheckFormula

      Running SMT solver (STP with MiniSat) ...            0 sec [DONE]
        
                                                           0 sec [DONE]
      after performing Check
evaluateCheckerResultsViaRefinementLoop
checker.getResult() is Trace
checkOnlyPrecon: 0, size:1
getFailingCheckFor
setStatusMarkerAccordingToFailingInstruction
BranchInst - LoopBound
trying to exclude Assertions for Failing Instruction

    Rerunning SMT solver (STP with MiniSat) ...            0 sec [DONE]
      getCheckerResultAfterUpdatingMarker
Result is NoTrace

                                                           1 sec [DONE]
    allsafe
    
                                                           1 sec [DONE]
  