runJobCommand
arguents: child
arguents: job
arguents: mode
Careful, HavocLimit is not zero. Call Abstraction is activated
handleJobInSeparateProcess0

Checking job 1879 ...about to run job:
preconNumber: 0, 0

  Running Model Checker with 1 checks ...try
try ready

    SMTSolver : stp
    CallStackBound : 0
    StopEncodingAfterCheckLoop : 0
    LoopUnrollBound : 1
    HavocLimit : 2
    PreconditionNumber : 0
    PreconditionLocation : jobs/1879
    TimeOut : 600
    InitializedGlobals : false
    IgnoreMissingFunctions : false
    StopEncodingAfterCheck : false
    OverApproxVaArgs : false
    PreconditionCheckMemory : false
    PreconditionOnlyArguments : trueI [0] lib/ModelChecker/Verifier.cpp:247 | EntryPoint : sqlite3ColumnsFromExprList
m_checker->run()

    Performing bounded model checking ...
      Unrolling loop in function "sqlite3ColumnsFromExprList" for 1 iterations succeeded.
      Unrolling loop in function "sqlite3ColumnsFromExprList" for 1 iterations succeeded.
      Unrolling loop in function "sqlite3ColumnsFromExprList" for 1 iterations succeeded.
      Unrolling loop in function "sqlite3ColumnsFromExprList" for 1 iterations succeeded.
      Unrolling loop in function "sqlite3ColumnsFromExprList" for 1 iterations succeeded.
      Transformed "sqlite3ColumnsFromExprList" from 64 to 175 basic blocks and from 327 to 845 instructions
      Performing pre-transformations on LLVM IR ...        0 sec [DONE]
        
      Performing logical encoding ...Current: sqlite3DbMallocZero Havoced: sqlite3DbMallocRaw
isMemset:   call void @llvm.memset.p0i8.i64(i8* %2, i8 0, i64 %1, i32 1, i1 false), !dbg !5621

        Unrolling loop in function "sqlite3ExprSkipCollateAndLikely" for 1 iterations succeeded.
        Transformed "sqlite3ExprSkipCollateAndLikely" from 9 to 16 basic blocks and from 41 to 79 instructionsCurrent: sqlite3IsTrueOrFalse Havoced: sqlite3StrICmp
Current: sqlite3IsTrueOrFalse Havoced: sqlite3StrICmp

        Unrolling loop in function "llbmc.strlen" for 0 iterations succeeded.
        Transformed "llbmc.strlen" from 8 to 9 instructionsCurrent: sqlite3DbStrDup Havoced: sqlite3DbMallocRaw
isMemcpy:   call void @llvm.memcpy.p0i8.p0i8.i64(i8* %5, i8* %1, i64 %4, i32 1, i1 false), !dbg !5631
Current: sqlite3MPrintf Havoced: sqlite3VMPrintf
Current: sqlite3HashFind Havoced: findElementWithHash
Current: sqlite3MPrintf Havoced: sqlite3VMPrintf

        Unrolling loop in function "sqlite3_randomness" for 1 iterations succeeded.
        Unrolling loop in function "sqlite3_randomness" for 256 iterations succeeded.
        Unrolling loop in function "sqlite3_randomness" for 256 iterations succeeded.
        Transformed "sqlite3_randomness" from 23 to 1041 basic blocks and from 186 to 16251 instructionsCurrent: sqlite3_randomness Havoced: sqlite3_initialize
Current: sqlite3_randomness Havoced: sqlite3MutexAlloc
Current: sqlite3_randomness Havoced: sqlite3_mutex_enter
Current: sqlite3_randomness Havoced: sqlite3_vfs_find
Current: sqlite3_randomness Havoced: sqlite3OsRandomness
isMemset:   call void @llvm.memset.p0i8.i64(i8* %12, i8 0, i64 256, i32 16, i1 false), !dbg !5655
Current: sqlite3_randomness Havoced: sqlite3_mutex_leave
Current: sqlite3_randomness Havoced: sqlite3_mutex_leave
Current: sqlite3HashFind Havoced: findElementWithHash

        Unrolling loop in function "sqlite3StrIHash" for 1 iterations succeeded.
        Transformed "sqlite3StrIHash" from 7 to 8 basic blocks and from 39 to 46 instructionsCurrent: sqlite3HashInsert Havoced: findElementWithHash
Current: sqlite3HashInsert Havoced: sqlite3Malloc
Current: sqlite3HashInsert Havoced: rehash
Current: sqlite3HashInsert Havoced: strHash
Current: sqlite3HashInsert Havoced: insertElement
Current: sqlite3HashInsert Havoced: removeElementGivenHash

        Unrolling loop in function "sqlite3HashClear" for 1 iterations succeeded.
        Transformed "sqlite3HashClear" from 4 to 5 basic blocks and from 34 to 37 instructionsCurrent: sqlite3HashClear Havoced: sqlite3_free
Current: sqlite3HashClear Havoced: sqlite3_free
Current: sqlite3DbFree Havoced: sqlite3DbFreeNN
Current: sqlite3DbFree Havoced: sqlite3DbFreeNN
Current: sqlite3IsTrueOrFalse Havoced: sqlite3StrICmp
Current: sqlite3IsTrueOrFalse Havoced: sqlite3StrICmp
Current: sqlite3DbStrDup Havoced: sqlite3DbMallocRaw
isMemcpy:   call void @llvm.memcpy.p0i8.p0i8.i64(i8* %5, i8* %1, i64 %4, i32 1, i1 false), !dbg !5631
Current: sqlite3MPrintf Havoced: sqlite3VMPrintf
Current: sqlite3HashFind Havoced: findElementWithHash
Current: sqlite3MPrintf Havoced: sqlite3VMPrintf
Current: sqlite3_randomness Havoced: sqlite3_initialize
Current: sqlite3_randomness Havoced: sqlite3MutexAlloc
Current: sqlite3_randomness Havoced: sqlite3_mutex_enter
Current: sqlite3_randomness Havoced: sqlite3_vfs_find
Current: sqlite3_randomness Havoced: sqlite3OsRandomness
isMemset:   call void @llvm.memset.p0i8.i64(i8* %12, i8 0, i64 256, i32 16, i1 false), !dbg !5655
Current: sqlite3_randomness Havoced: sqlite3_mutex_leave
Current: sqlite3_randomness Havoced: sqlite3_mutex_leave
Current: sqlite3HashFind Havoced: findElementWithHash
Current: sqlite3HashInsert Havoced: findElementWithHash
Current: sqlite3HashInsert Havoced: sqlite3Malloc
Current: sqlite3HashInsert Havoced: rehash
Current: sqlite3HashInsert Havoced: strHash
Current: sqlite3HashInsert Havoced: insertElement
Current: sqlite3HashInsert Havoced: removeElementGivenHash
Current: sqlite3MPrintf Havoced: sqlite3VMPrintf
Current: sqlite3_randomness Havoced: sqlite3_initialize
Current: sqlite3_randomness Havoced: sqlite3MutexAlloc
Current: sqlite3_randomness Havoced: sqlite3_mutex_enter
Current: sqlite3_randomness Havoced: sqlite3_vfs_find
Current: sqlite3_randomness Havoced: sqlite3OsRandomness
isMemset:   call void @llvm.memset.p0i8.i64(i8* %12, i8 0, i64 256, i32 16, i1 false), !dbg !5655
Current: sqlite3_randomness Havoced: sqlite3_mutex_leave
Current: sqlite3_randomness Havoced: sqlite3_mutex_leave
Current: sqlite3MPrintf Havoced: sqlite3VMPrintf
Current: sqlite3_randomness Havoced: sqlite3_initialize
Current: sqlite3_randomness Havoced: sqlite3MutexAlloc
Current: sqlite3_randomness Havoced: sqlite3_mutex_enter
Current: sqlite3_randomness Havoced: sqlite3_vfs_find
Current: sqlite3_randomness Havoced: sqlite3OsRandomness
isMemset:   call void @llvm.memset.p0i8.i64(i8* %12, i8 0, i64 256, i32 16, i1 false), !dbg !5655
Current: sqlite3_randomness Havoced: sqlite3_mutex_leave
Current: sqlite3_randomness Havoced: sqlite3_mutex_leave

                                                           0 sec [DONE]
        Number of expressions:                        228926
        after encoding

      35 assertions before transformations (33 no_back_edge, 2 custom).

      Performing formula transformations ...
        Simplifier
          Number of rewrites                           49065
        Fixed Memory Address Assigner
          Number of moved ops                              4
          Number of rewrites                            5208
        Simplifier
          Number of moved ops                              0
          Number of rewrites                           86112
        Memory Model Encoder
          Number of moved ops                              0rewriteAllocaOprewriteStackAddressOp
rewriteAllocaOprewriteStackAddressOp
rewriteAllocaOprewriteStackAddressOp
rewriteAllocaOprewriteStackAddressOp
rewriteAllocaOprewriteStackAddressOp
rewriteAllocaOprewriteStackAddressOp
rewriteAllocaOprewriteStackAddressOp
rewriteAllocaOprewriteStackAddressOp
rewriteAllocaOprewriteStackAddressOp
rewriteAllocaOprewriteStackAddressOp
rewriteAllocaOprewriteStackAddressOp
rewriteAllocaOprewriteStackAddressOp
rewriteAllocaOprewriteStackAddressOp
rewriteAllocaOprewriteStackAddressOp
rewriteAllocaOprewriteStackAddressOp
rewriteAllocaOprewriteStackAddressOp
rewriteAllocaOprewriteStackAddressOp
rewriteAllocaOprewriteStackAddressOp
rewriteAllocaOprewriteStackAddressOp
rewriteAllocaOprewriteStackAddressOp

          Number of rewrites                              20
        Simplifier
          Number of moved ops                              0
          Number of rewrites                            3336
        Simplifier
          Number of moved ops                              0
          Number of rewrites                            1176
        ToASC Analyser
          Memcpy/memset found                            yes
        Byte-Based Memory Creator
          Number of rewrites                            9150
        Instantiation-Based ToASC Simplifier
          Number of rewrites                               1
        Simplifier
          Number of moved ops                            506
          Number of rewrites                           23275
        FP Abstraction
          Number of rewrites                              22

Abstracted floating point operations.  The result might be a false positive.

        Simplifier
          Number of moved ops                              2
          Number of rewrites                               0
                                                           1 sec [DONE]
        
      35 assertions remain after transformations (33 no_back_edge, 2 custom).
after rewriteFormula
after sanityCheckFormula

      Running SMT solver (STP with MiniSat) ...