runJobCommand
arguents: child
arguents: job
arguents: mode
Careful, HavocLimit is not zero. Call Abstraction is activated
handleJobInSeparateProcess0

Checking job 5718 ...about to run job:
preconNumber: 0, 0

  Running Model Checker with 1 checks ...try
try ready

    SMTSolver : stp
    CallStackBound : 0
    StopEncodingAfterCheckLoop : 0
    LoopUnrollBound : 1
    HavocLimit : 1
    PreconditionNumber : 0
    PreconditionLocation : jobs/5718
    TimeOut : 600
    InitializedGlobals : false
    IgnoreMissingFunctions : false
    StopEncodingAfterCheck : false
    OverApproxVaArgs : false
    PreconditionCheckMemory : false
    PreconditionOnlyArguments : trueI [0] lib/ModelChecker/Verifier.cpp:247 | EntryPoint : sqlite3StartTable
m_checker->run()

    Performing bounded model checking ...
      Performing pre-transformations on LLVM IR ...        0 sec [DONE]
        
      Performing logical encoding ...Current: sqlite3StartTable Havoced: sqlite3TwoPartName
Current: sqlite3StartTable Havoced: sqlite3NameFromToken
Current: sqlite3StartTable Havoced: sqlite3RenameTokenMap
Current: sqlite3StartTable Havoced: sqlite3ErrorMsg
Current: sqlite3StartTable Havoced: sqlite3DbStrDup
isMemcpy:   call void @llvm.memcpy.p0i8.p0i8.i64(i8* %40, i8* %41, i64 16, i32 8, i1 false), !dbg !5714
Current: sqlite3StartTable Havoced: sqlite3CheckObjectName
Current: sqlite3StartTable Havoced: sqlite3AuthCheck
Current: sqlite3StartTable Havoced: sqlite3AuthCheck
Current: sqlite3StartTable Havoced: sqlite3ReadSchema
Current: sqlite3StartTable Havoced: sqlite3FindTable
Current: sqlite3StartTable Havoced: sqlite3FindIndex
Current: sqlite3StartTable Havoced: sqlite3ErrorMsg
Current: sqlite3StartTable Havoced: sqlite3ErrorMsg
Current: sqlite3StartTable Havoced: sqlite3CodeVerifySchema
Current: sqlite3StartTable Havoced: sqlite3ForceNotReadOnly
Current: sqlite3StartTable Havoced: sqlite3DbMallocZero
Current: sqlite3StartTable Havoced: sqlite3GetVdbe
Current: sqlite3StartTable Havoced: sqlite3BeginWriteOperation
Current: sqlite3StartTable Havoced: sqlite3VdbeAddOp0
Current: sqlite3StartTable Havoced: sqlite3VdbeAddOp3
Current: sqlite3StartTable Havoced: sqlite3VdbeUsesBtree
Current: sqlite3StartTable Havoced: sqlite3VdbeAddOp1
Current: sqlite3StartTable Havoced: sqlite3VdbeAddOp3
Current: sqlite3StartTable Havoced: sqlite3VdbeAddOp3
Current: sqlite3StartTable Havoced: sqlite3VdbeJumpHere
Current: sqlite3StartTable Havoced: sqlite3VdbeAddOp3
Current: sqlite3StartTable Havoced: sqlite3VdbeAddOp2
Current: sqlite3StartTable Havoced: sqlite3OpenSchemaTable
Current: sqlite3StartTable Havoced: sqlite3VdbeAddOp2
Current: sqlite3StartTable Havoced: sqlite3VdbeAddOp4
Current: sqlite3StartTable Havoced: sqlite3VdbeAddOp3
Current: sqlite3StartTable Havoced: sqlite3VdbeChangeP5
Current: sqlite3StartTable Havoced: sqlite3VdbeAddOp0
Current: sqlite3StartTable Havoced: sqlite3DbFree
                      0 sec [DONE]
        Number of expressions:                        155595
        after encoding

      1 assertion before transformations (1 custom).

      Performing formula transformations ...
        Simplifier
          Number of rewrites                            3624
        Fixed Memory Address Assigner
          Number of moved ops                              0
          Number of rewrites                            5208
        Simplifier
          Number of moved ops                              0
          Number of rewrites                           72618
        Memory Model Encoder
          Number of moved ops                              0rewriteAllocaOprewriteStackAddressOp

          Number of rewrites                               1
        Simplifier
          Number of moved ops                              0
          Number of rewrites                               8
        Simplifier
          Number of moved ops                              0
          Number of rewrites                             145
        ToASC Analyser
          Memcpy/memset found                             no
        Byte-Based Memory Creator
        Instantiation-Based ToASC Simplifier
        Simplifier
        FP Abstraction
          Number of rewrites                              44

Abstracted floating point operations.  The result might be a false positive.

        Simplifier
          Number of moved ops                              0
          Number of rewrites                               0
                                                           0 sec [DONE]
        
      1 assertion remains after transformations (1 custom).
after rewriteFormula
after sanityCheckFormula

      Running SMT solver (STP with MiniSat) ...