runJobCommand
arguents: child
arguents: job
arguents: mode
Careful, HavocLimit is not zero. Call Abstraction is activated
handleJobInSeparateProcess0

Checking job 2667 ...about to run job:
preconNumber: 0, 0

  Running Model Checker with 1 checks ...try
try ready

    SMTSolver : stp
    CallStackBound : 0
    StopEncodingAfterCheckLoop : 0
    LoopUnrollBound : 1
    HavocLimit : 2
    PreconditionNumber : 0
    PreconditionLocation : jobs/2667
    TimeOut : 600
    InitializedGlobals : false
    IgnoreMissingFunctions : false
    StopEncodingAfterCheck : false
    OverApproxVaArgs : false
    PreconditionCheckMemory : false
    PreconditionOnlyArguments : trueI [0] lib/ModelChecker/Verifier.cpp:247 | EntryPoint : sqlite3PagerFlush
m_checker->run()

    Performing bounded model checking ...
      Unrolling loop in function "sqlite3PagerFlush" for 1 iterations succeeded.
      Transformed "sqlite3PagerFlush" from 10 to 16 basic blocks and from 48 to 76 instructions
      Performing pre-transformations on LLVM IR ...        0 sec [DONE]
        
      Performing logical encoding ...
        Unrolling loop in function "sqlite3PcacheDirtyList" for 1 iterations succeeded.
        Transformed "sqlite3PcacheDirtyList" from 5 to 6 basic blocks and from 24 to 27 instructionsCurrent: sqlite3PcacheDirtyList Havoced: pcacheSortDirtyList
Current: pagerStress Havoced: syncJournal
Current: pagerStress Havoced: pager_write_pagelist
Current: pagerStress Havoced: subjournalPageIfRequired
Current: pagerStress Havoced: pagerWalFrames
Current: pagerStress Havoced: sqlite3PcacheMakeClean
Current: pagerStress Havoced: pager_error
Current: pagerStress Havoced: syncJournal
Current: pagerStress Havoced: pager_write_pagelist
Current: pagerStress Havoced: subjournalPageIfRequired
Current: pagerStress Havoced: pagerWalFrames
Current: pagerStress Havoced: sqlite3PcacheMakeClean
Current: pagerStress Havoced: pager_error

                                                           0 sec [DONE]
        Number of expressions:                        155629
        after encoding

      4 assertions before transformations (2 no_back_edge, 2 custom).

      Performing formula transformations ...
        Simplifier
          Number of rewrites                            3681
        Fixed Memory Address Assigner
          Number of moved ops                              0
          Number of rewrites                            5208
        Simplifier
          Number of moved ops                              0
          Number of rewrites                           72643
        Memory Model Encoder
          Number of moved ops                              0
          Number of rewrites                               0
        Simplifier
          Number of rewrites                               6
        Simplifier
          Number of moved ops                              0
          Number of rewrites                             142
        ToASC Analyser
          Memcpy/memset found                             no
        Byte-Based Memory Creator
        Instantiation-Based ToASC Simplifier
        Simplifier
        FP Abstraction
          Number of rewrites                              44

Abstracted floating point operations.  The result might be a false positive.

        Simplifier
          Number of moved ops                              0
          Number of rewrites                               0
                                                           0 sec [DONE]
        
      4 assertions remain after transformations (2 no_back_edge, 2 custom).
after rewriteFormula
after sanityCheckFormula

      Running SMT solver (STP with MiniSat) ...
        Fixed Memory Address Assigner
          Number of moved ops                              0
          Number of rewrites                            5208
        Simplifier
          Number of moved ops                              0
          Number of rewrites                           72663
        Memory Model Encoder
          Number of moved ops                              0rewriteAllocaOprewriteStackAddressOp
rewriteAllocaOprewriteStackAddressOp
rewriteAllocaOprewriteStackAddressOp
rewriteAllocaOprewriteStackAddressOp

          Number of rewrites                               4
        Simplifier
          Number of moved ops                              0
          Number of rewrites                              28
        Simplifier
          Number of moved ops                              0
          Number of rewrites                             165
        ToASC Analyser
          Memcpy/memset found                             no
        Byte-Based Memory Creator
        Instantiation-Based ToASC Simplifier
        Simplifier
        FP Abstraction
          Number of rewrites                              44

Abstracted floating point operations.  The result might be a false positive.

        Simplifier
          Number of moved ops                              0
          Number of rewrites                               0
                                                           0 sec [DONE]
        
      5 assertions remain after transformations (4 no_back_edge, 1 custom).
after rewriteFormula
after sanityCheckFormula

      Running SMT solver (STP with MiniSat) ...