runJobCommand
arguents: child
arguents: job
arguents: mode
Careful, HavocLimit is not zero. Call Abstraction is activated
handleJobInSeparateProcess0

Checking job 1937 ...about to run job:
preconNumber: 0, 0

  Running Model Checker with 1 checks ...try
try ready

    SMTSolver : stp
    CallStackBound : 0
    StopEncodingAfterCheckLoop : 0
    LoopUnrollBound : 1
    HavocLimit : 2
    PreconditionNumber : 0
    PreconditionLocation : jobs/1937
    TimeOut : 600
    InitializedGlobals : false
    IgnoreMissingFunctions : false
    StopEncodingAfterCheck : false
    OverApproxVaArgs : false
    PreconditionCheckMemory : false
    PreconditionOnlyArguments : trueI [0] lib/ModelChecker/Verifier.cpp:247 | EntryPoint : computeNumericType
m_checker->run()

    Performing bounded model checking ...
      Performing pre-transformations on LLVM IR ...        0 sec [DONE]
        
      Performing logical encoding ...Current: sqlite3VdbeMemExpandBlob Havoced: sqlite3VdbeMemGrow
isMemset:   call void @llvm.memset.p0i8.i64(i8* %21, i8 0, i64 %25, i32 1, i1 false), !dbg !5644

        Unrolling loop in function "sqlite3AtoF" for 1 iterations succeeded.
        Unrolling loop in function "sqlite3AtoF" for 1 iterations succeeded.
        Unrolling loop in function "sqlite3AtoF" for 1 iterations succeeded.
        Unrolling loop in function "sqlite3AtoF" for 1 iterations succeeded.
        Unrolling loop in function "sqlite3AtoF" for 1 iterations succeeded.
        Unrolling loop in function "sqlite3AtoF" for 1 iterations succeeded.
        Unrolling loop in function "sqlite3AtoF" for 1 iterations succeeded.
        Unrolling loop in function "sqlite3AtoF" for 1 iterations succeeded.
        Transformed "sqlite3AtoF" from 123 to 170 basic blocks and from 645 to 983 instructionsCurrent: sqlite3AtoF Havoced: sqlite3Pow10
Current: sqlite3AtoF Havoced: sqlite3Pow10

        Unrolling loop in function "sqlite3Atoi64" for 1 iterations succeeded.
        Unrolling loop in function "sqlite3Atoi64" for 1 iterations succeeded.
        Unrolling loop in function "sqlite3Atoi64" for 1 iterations succeeded.
        Unrolling loop in function "sqlite3Atoi64" for 1 iterations succeeded.
        Unrolling loop in function "sqlite3Atoi64" for 1 iterations succeeded.
        Transformed "sqlite3Atoi64" from 67 to 87 basic blocks and from 330 to 431 instructionsCurrent: sqlite3Atoi64 Havoced: compare2pow63
Current: sqlite3Atoi64 Havoced: compare2pow63

                                                           0 sec [DONE]
        Number of expressions:                        158470
        after encoding

      23 assertions before transformations (19 no_back_edge, 4 custom).

      Performing formula transformations ...
        Simplifier
          Number of rewrites                            5687
        Fixed Memory Address Assigner
          Number of moved ops                              0
          Number of rewrites                            5208
        Simplifier
          Number of moved ops                              0
          Number of rewrites                           72982
        Memory Model Encoder
          Number of moved ops                              0rewriteAllocaOprewriteStackAddressOp

          Number of rewrites                               1
        Simplifier
          Number of moved ops                              0
          Number of rewrites                               9
        Simplifier
          Number of moved ops                              0
          Number of rewrites                             142
        ToASC Analyser
          Memcpy/memset found                            yes
        Byte-Based Memory Creator
          Number of rewrites                            8951
        Instantiation-Based ToASC Simplifier
          Number of rewrites                               1
        Simplifier
          Number of moved ops                           1244
          Number of rewrites                           23171
        FP Abstraction
          Number of rewrites                              46

Abstracted floating point operations.  The result might be a false positive.

        Simplifier
          Number of moved ops                              0
          Number of rewrites                               0
                                                           0 sec [DONE]
        
      23 assertions remain after transformations (19 no_back_edge, 4 custom).
after rewriteFormula
after sanityCheckFormula

      Running SMT solver (STP with MiniSat) ...riteFormula
after sanityCheckFormula

      Running SMT solver (STP with MiniSat) ...