runJobCommand
arguents: child
arguents: job
arguents: mode
handleJobInSeparateProcess0

Checking job 157 ...about to run job:
preconNumber: 5, 1

  Running Model Checker with 1 checks ...try
try ready

    SMTSolver : stp
    CallStackBound : 0
    StopEncodingAfterCheckLoop : 0
    LoopUnrollBound : 12
    HavocLimit : 0
    PreconditionNumber : 5
    PreconditionLocation : jobs/157
    TimeOut : 300
    InitializedGlobals : false
    IgnoreMissingFunctions : false
    StopEncodingAfterCheck : false
    OverApproxVaArgs : false
    PreconditionCheckMemory : false
    PreconditionOnlyArguments : trueI [0] lib/ModelChecker/Verifier.cpp:247 | EntryPoint : mat_mymul3
m_checker->run()

    Performing bounded model checking ...
      Unrolling loop in function "mat_mymul3" for 3 iterations succeeded.
      Unrolling loop in function "mat_mymul3" for 7 iterations succeeded.
      Unrolling loop in function "mat_mymul3" for 12 iterations succeeded.
      Unrolling loop in function "mat_mymul3" for 12 iterations succeeded.
      Unrolling loop in function "mat_mymul3" for 12 iterations succeeded.
      Transformed "mat_mymul3" from 21 to 4304 basic blocks and from 122 to 56670 instructions
      Performing pre-transformations on LLVM IR ...        0 sec [DONE]
        
      Performing logical encoding ...size Alloca: 1
size Alloca: 1
size Alloca: 1
                      0 sec [DONE]
        Number of expressions:                         82410
        after encoding

      186 assertions before transformations (165 no_back_edge, 21 custom).

      Performing formula transformations ...
        Simplifier
          Number of rewrites                           39096
        Fixed Memory Address Assigner
          Number of moved ops                              3
          Number of rewrites                             367
        Simplifier
          Number of moved ops                              3
          Number of rewrites                            7646
        Memory Model Encoder
          Number of moved ops                              0
          Number of rewrites                               0
        Simplifier
          Number of rewrites                               0
        Simplifier
          Number of rewrites                               0
        ToASC Analyser
          Memcpy/memset found                             no
        Byte-Based Memory Creator
        Instantiation-Based ToASC Simplifier
        Simplifier
        FP Abstraction
          Number of rewrites                            5350

Abstracted floating point operations.  The result might be a false positive.

        Simplifier
          Number of rewrites                               0
                                                           0 sec [DONE]
        
      186 assertions remain after transformations (165 no_back_edge, 21 custom).
after rewriteFormula
after sanityCheckFormula

      Running SMT solver (STP with MiniSat) ...