runJobCommand
arguents: child
arguents: job
arguents: mode
handleJobInSeparateProcess0

Checking job 452 ...about to run job:
preconNumber: 3, 1

  Running Model Checker with 1 checks ...try
try ready

    SMTSolver : stp
    CallStackBound : 0
    StopEncodingAfterCheckLoop : 0
    LoopUnrollBound : 4
    HavocLimit : 0
    PreconditionNumber : 3
    PreconditionLocation : jobs/452
    TimeOut : 300
    InitializedGlobals : false
    IgnoreMissingFunctions : false
    StopEncodingAfterCheck : false
    OverApproxVaArgs : false
    PreconditionCheckMemory : false
    PreconditionOnlyArguments : trueI [0] lib/ModelChecker/Verifier.cpp:247 | EntryPoint : mat_mymul
m_checker->run()

    Performing bounded model checking ...
      Unrolling loop in function "mat_mymul" for 4 iterations succeeded.
      Unrolling loop in function "mat_mymul" for 4 iterations succeeded.
      Unrolling loop in function "mat_mymul" for 4 iterations succeeded.
      Transformed "mat_mymul" from 13 to 232 basic blocks and from 88 to 2674 instructions
      Performing pre-transformations on LLVM IR ...        0 sec [DONE]
        
      Performing logical encoding ...size Alloca: 1
size Alloca: 1
size Alloca: 1
                      0 sec [DONE]
        Number of expressions:                         11092
        after encoding

      101 assertions before transformations (21 no_back_edge, 80 custom).

      Performing formula transformations ...
        Simplifier
          Number of rewrites                            2512
        Fixed Memory Address Assigner
          Number of moved ops                              3
          Number of rewrites                             367
        Simplifier
          Number of moved ops                              3
          Number of rewrites                            5470
        Memory Model Encoder
          Number of moved ops                              0
          Number of rewrites                               0
        Simplifier
          Number of rewrites                              84
        Simplifier
          Number of moved ops                              0
          Number of rewrites                               0
        ToASC Analyser
          Memcpy/memset found                             no
        Byte-Based Memory Creator
        Instantiation-Based ToASC Simplifier
        Simplifier
        FP Abstraction
          Number of rewrites                             209

Abstracted floating point operations.  The result might be a false positive.

        Simplifier
          Number of rewrites                               0
                                                           0 sec [DONE]
        
      101 assertions remain after transformations (21 no_back_edge, 80 custom).
after rewriteFormula
after sanityCheckFormula

      Running SMT solver (STP with MiniSat) ...            8 sec [DONE]
        
                                                           8 sec [DONE]
      after performing Check
evaluateCheckerResultsViaRefinementLoop
checker.getResult() is Trace
checkOnlyPrecon: 0, size:1
getFailingCheckFor
setStatusMarkerAccordingToFailingInstruction
BranchInst - LoopBound
trying to exclude Assertions for Failing Instruction

    Rerunning SMT solver (STP with MiniSat) ...            7 sec [DONE]
      checker.getResult() is Trace
checkOnlyPrecon: 0, size:1
getFailingCheckFor
setCheckToUnsafe
setCheckToUnsafe
Check for floating point traces / abstractions currently deactivated
getCheckerResultAfterUpdatingMarker
failingInst:   call void @llbmc.assert(i1 %5, i32 %0)
Preconditions internal: 
i16 %arg3:-24576; (i16 %arg3:40960)
 function does not read memory: 0, checkValidLoad:0, checkMemory: 0
function does not read memory 

assumePair: i16 %arg3 = nondef() : -24576

    Rerunning SMT solver (STP with MiniSat) ...            7 sec [DONE]
      failingInst:   br i1 %123, label %bb5.0.3.0.0, label %bb4.bb7_crit_edge.0.0, !dbg !1413, !llvm.loop !1424
Preconditions internal: 
i16 %arg3:-21611; (i16 %arg3:43925)
 function does not read memory: 0, checkValidLoad:0, checkMemory: 0
function does not read memory 

assumePair: i16 %arg3 = nondef() : -21611

    Rerunning SMT solver (STP with MiniSat) ...            7 sec [DONE]
      failingInst:   call void @llbmc.assert(i1 %5, i32 %0)
Preconditions internal: 
i16 %arg3:29025; (i16 %arg3:29025)
 function does not read memory: 0, checkValidLoad:0, checkMemory: 0
function does not read memory 

assumePair: i16 %arg3 = nondef() : 29025

    Rerunning SMT solver (STP with MiniSat) ...           11 sec [DONE]
      name of function arguments: Writing precondition at: jobs/452/precondition_mat_mymul.txt

Generated Preconditions:
[underoverapprox]name of function arguments: 
i16 %arg3:-24576; 
i16 %arg3:-21611; 
i16 %arg3:29025; 

                                                          43 sec [DONE]
    allunsafe
    
                                                          43 sec [DONE]
  