runJobCommand
arguents: child
arguents: job
arguents: mode
handleJobInSeparateProcess0

Checking job 8302 ...about to run job:
preconNumber: 0, 0

  Running Model Checker with 1 checks ...E [0] lib/Slicer/LocalDependencyCollector.cpp:75 | check with ID 27339 not found in function 'openDatabase'
F [0] lib/Frontend/RunJobCommand.cpp:175 | Assertion failed: collecing local dependencies failed
cpp:175 | Assertion failed: collecing local dependencies failed
t implementation called: 'memcmp'
W [0] lib/Slicer/LocalSlicer.cpp:368 | argument 0 (i8* %0) has pointer type
W [0] lib/Slicer/LocalSlicer.cpp:357 | argument i8* %0 of call instruction has pointer type
W [0] lib/Slicer/LocalSlicer.cpp:368 | argument 0 (i32* undef) has pointer type
W [0] lib/Slicer/LocalSlicer.cpp:357 | argument i8* null of call instruction has pointer type
W [0] lib/Slicer/LocalSlicer.cpp:368 | argument 0 (i8* undef) has pointer type
W [0] lib/Slicer/LocalSlicer.cpp:357 | argument i8* %1 of call instruction has pointer type
W [0] lib/Slicer/LocalSlicer.cpp:368 | argument 0 (i8* undef) has pointer type
W [0] lib/Slicer/LocalSlicer.cpp:368 | argument 0 (i8* undef) has pointer type
W [0] lib/Slicer/LocalSlicer.cpp:368 | argument 0 (i8* undef) has pointer type
W [0] lib/Slicer/LocalSlicer.cpp:368 | argument 0 (i8* undef) has pointer type
W [0] lib/Slicer/LocalSlicer.cpp:368 | argument 0 (i8* undef) has pointer type
W [0] lib/Slicer/LocalSlicer.cpp:357 | argument i8* getelementptr inbounds ([10 x i8], [10 x i8]* @.str.927.1970, i32 0, i32 0) of call instruction has pointer type
W [0] lib/Slicer/LocalSlicer.cpp:368 | argument 0 (i8* undef) has pointer type
W [0] lib/Slicer/LocalSlicer.cpp:368 | argument 0 (i8* undef) has pointer type
W [0] lib/Slicer/LocalSlicer.cpp:495 | unused argument: , qpr.slicing.unused.arg.sqlite3Strlen30.0
W [0] lib/Slicer/LocalSlicer.cpp:495 | unused argument: , qpr.slicing.unused.arg.sqlite3ParseUri.0
W [0] lib/Slicer/LocalSlicer.cpp:495 | unused argument: , qpr.slicing.unused.arg.sqlite3ParseUri.1
W [0] lib/Slicer/LocalSlicer.cpp:495 | unused argument: , qpr.slicing.unused.arg.sqlite3ParseUri.2
W [0] lib/Slicer/LocalSlicer.cpp:495 | unused argument: , qpr.slicing.unused.arg.sqlite3ParseUri.3
W [0] lib/Slicer/LocalSlicer.cpp:495 | unused argument: , qpr.slicing.unused.arg.sqlite3ParseUri.4
W [0] lib/Slicer/LocalSlicer.cpp:495 | unused argument: , qpr.slicing.unused.arg.sqlite3ParseUri.5
I [0] lib/Slicer/LocalSlicer.cpp:104 | slicing finished
try
try ready

    SMTSolver : stp
    CallStackBound : 0
    StopEncodingAfterCheckLoop : 0
    LoopUnrollBound : 1
    HavocLimit : 0
    PreconditionNumber : 0
    PreconditionLocation : jobs/8302
    TimeOut : 600
    InitializedGlobals : false
    IgnoreMissingFunctions : false
    StopEncodingAfterCheck : false
    OverApproxVaArgs : false
    PreconditionCheckMemory : false
    PreconditionOnlyArguments : trueI [0] lib/ModelChecker/Verifier.cpp:247 | EntryPoint : sqlite3ParseUri
m_checker->run()

    Performing bounded model checking ...
      Unrolling loop in function "sqlite3ParseUri" for 1 iterations succeeded.
      Unrolling loop in function "sqlite3ParseUri" for 1 iterations succeeded.
      Transformed "sqlite3ParseUri" from 21 to 29 basic blocks and from 81 to 101 instructions
      Performing pre-transformations on LLVM IR ...        0 sec [DONE]
        
      Performing logical encoding ...                      0 sec [DONE]
        Number of expressions:                        131166
        after encoding

      4 assertions before transformations (2 no_back_edge, 2 custom).

      Performing formula transformations ...
        Simplifier
          Number of rewrites                            2726
        Fixed Memory Address Assigner
          Number of moved ops                              0
          Number of rewrites                            4896
        Simplifier
          Number of moved ops                              0
          Number of rewrites                           61887
        Memory Model Encoder
          Number of moved ops                              0
          Number of rewrites                               0
        Simplifier
          Number of rewrites                               4
        Simplifier
          Number of moved ops                              0
          Number of rewrites                              88
        ToASC Analyser
          Memcpy/memset found                             no
        Byte-Based Memory Creator
        Instantiation-Based ToASC Simplifier
        Simplifier
        FP Abstraction
          Number of rewrites                               0
        Simplifier
          Number of moved ops                              0
          Number of rewrites                               0
                                                           0 sec [DONE]
        
      4 assertions remain after transformations (2 no_back_edge, 2 custom).
after rewriteFormula
after sanityCheckFormula

      Running SMT solver (STP with MiniSat) ...            0 sec [DONE]
        
                                                           0 sec [DONE]
      after performing Check
evaluateCheckerResultsViaRefinementLoop
checker.getResult() is Trace
checkOnlyPrecon: 0, size:1
getFailingCheckFor
setStatusMarkerAccordingToFailingInstruction
BranchInst - LoopBound
trying to exclude Assertions for Failing Instruction

    Rerunning SMT solver (STP with MiniSat) ...            0 sec [DONE]
      checker.getResult() is Trace
checkOnlyPrecon: 0, size:1
getFailingCheckFor
setStatusMarkerAccordingToFailingInstruction
BranchInst - LoopBound
trying to exclude Assertions for Failing Instruction

    Rerunning SMT solver (STP with MiniSat) ...            0 sec [DONE]
      getCheckerResultAfterUpdatingMarker
Result is NoTrace

                                                           1 sec [DONE]
    allsafe
    
                                                           1 sec [DONE]
  