runJobCommand
precondition analysis with entry:unpack_accel_frame
arguents: child
arguents: job
arguents: mode
arguents: precondition
handleJobInSeparateProcess0

Checking job 502 ...about to run job:
preconNumber: 5, 1

  Running Model Checker with 1 checks ...entry: unpack_accel_frame, functionName: unpack_accel_data
  call void @qpr.precondition.unpack_accel_data(%struct.bmi160_sensor_data.8* %25, i16 %26, %struct.bmi160_dev.7* @configStub)
entry: unpack_accel_frame, functionName: unpack_accel_data
entry: unpack_accel_frame, functionName: unpack_accel_frame
try
try ready

    SMTSolver : stp
    CallStackBound : 0
    StopEncodingAfterCheckLoop : 0
    LoopUnrollBound : 12
    HavocLimit : 0
    PreconditionNumber : 5
    PreconditionLocation : jobs/502
    TimeOut : 300
    InitializedGlobals : false
    IgnoreMissingFunctions : false
    StopEncodingAfterCheck : false
    OverApproxVaArgs : false
    PreconditionCheckMemory : false
    PreconditionOnlyArguments : trueI [0] lib/ModelChecker/Verifier.cpp:247 | EntryPoint : unpack_accel_frame
m_checker->run()

    Performing bounded model checking ...
      Transformed "unpack_accel_frame" from 18 to 46 basic blocks and from 214 to 269 instructions
      Performing pre-transformations on LLVM IR ...        0 sec [DONE]
        
      Performing logical encoding ...size Alloca: 1
size Alloca: 1
size Alloca: 1
size Alloca: 1
TODO MKB implement precondition handling: IE
Reading in precondition at: jobs/502/precondition_unpack_accel_data.txt
preconFile: jobs/502/precondition_unpack_accel_data.txt
ref: [overapprox]name of function arguments, argValue:  
ref: [overapprox]name of function arguments, argValue:  
name of function arguments line
param: i16 %arg1:-3
---name: i16 %arg1, value: -3.
integer, char or other simple types
name: i16 %arg1
assuming that there are not more then 10 arguments
nameIndex: 1
nameID: 1
argument name: 
value: -3
###new bool cond: bool % = compare(%, %i16__65533)
pruneOrAssert -- adding line boolCond: bool % = compare(%, %i16__65533)
Writing precondition type at: jobs/502/precondition_type_unpack_accel_frame.txt

Type of Precondition:
[overapprox]
precondition found, end encoding
                      0 sec [DONE]
        Number of expressions:                           244
        after encoding

      1 assertion before transformations (1 custom).

      Performing formula transformations ...
        Simplifier
          Number of rewrites                              70
        Fixed Memory Address Assigner
          Number of moved ops                              9
          Number of rewrites                              12
        Simplifier
          Number of moved ops                              4
          Number of rewrites                              44
        Memory Model Encoder
          Number of moved ops                              0
          Number of rewrites                               0
        Simplifier
          Number of rewrites                               0
        Simplifier
          Number of rewrites                               0
        ToASC Analyser
          Memcpy/memset found                             no
        Byte-Based Memory Creator
        Instantiation-Based ToASC Simplifier
        Simplifier
        FP Abstraction
          Number of rewrites                               0
        Simplifier
          Number of rewrites                               0
                                                           0 sec [DONE]
        
      1 assertion remains after transformations (1 custom).
after rewriteFormula
after sanityCheckFormula

      Running SMT solver (STP with MiniSat) ...            0 sec [DONE]
        
                                                           0 sec [DONE]
      after performing Check
evaluateCheckerResultsViaRefinementLoop
getCheckerResultAfterUpdatingMarker
Result is NoTrace

                                                           0 sec [DONE]
    allunsafe
    
                                                           0 sec [DONE]
  