runJobCommand
arguents: child
arguents: job
arguents: mode
handleJobInSeparateProcess0

Checking job 146 ...about to run job:
preconNumber: 0, 0

  Running Model Checker with 1 checks ...W [0] lib/Slicer/LocalSlicer.cpp:495 | unused argument: , qpr.slicing.unused.arg.AHRS_Algorithm.0
I [0] lib/Slicer/LocalSlicer.cpp:104 | slicing finished
try
try ready

    SMTSolver : stp
    CallStackBound : 0
    StopEncodingAfterCheckLoop : 0
    LoopUnrollBound : 1
    HavocLimit : 0
    PreconditionNumber : 0
    PreconditionLocation : jobs/146
    TimeOut : 300
    InitializedGlobals : false
    IgnoreMissingFunctions : true
    StopEncodingAfterCheck : false
    OverApproxVaArgs : false
    PreconditionCheckMemory : false
    PreconditionOnlyArguments : trueI [0] lib/ModelChecker/Verifier.cpp:247 | EntryPoint : AHRS_Algorithm
m_checker->run()

    Performing bounded model checking ...
      Unrolling loop in function "AHRS_Algorithm" for 4 iterations succeeded.
      Transformed "AHRS_Algorithm" from 5 to 7 basic blocks and from 17 to 41 instructions
      Performing pre-transformations on LLVM IR ...        0 sec [DONE]
        
      Performing logical encoding ...                      0 sec [DONE]
        Number of expressions:                          5836
        after encoding

      5 assertions before transformations (1 no_back_edge, 4 custom).

      Performing formula transformations ...
        Simplifier
          Number of rewrites                             183
        Fixed Memory Address Assigner
          Number of moved ops                              0
          Number of rewrites                             206
        Simplifier
          Number of moved ops                              0
          Number of rewrites                            2655
        Memory Model Encoder
          Number of moved ops                              0
          Number of rewrites                               0
        Simplifier
          Number of rewrites                               0
        Simplifier
          Number of rewrites                               0
        ToASC Analyser
          Memcpy/memset found                             no
        Byte-Based Memory Creator
        Instantiation-Based ToASC Simplifier
        Simplifier
        FP Abstraction
          Number of rewrites                               0
        Simplifier
          Number of rewrites                               0
                                                           0 sec [DONE]
        
      5 assertions remain after transformations (1 no_back_edge, 4 custom).
after rewriteFormula
after sanityCheckFormula

      Running SMT solver (STP with MiniSat) ...            0 sec [DONE]
        
                                                           0 sec [DONE]
      after performing Check
evaluateCheckerResultsViaRefinementLoop
getCheckerResultAfterUpdatingMarker
Result is NoTrace

                                                           0 sec [DONE]
    allsafe
    
                                                           0 sec [DONE]
  