runJobCommand
arguents: child
arguents: job
arguents: mode
handleJobInSeparateProcess0

Checking job 7805 ...about to run job:
preconNumber: 5, 1

  Running Model Checker with 1 checks ...W [0] lib/Slicer/LocalSlicer.cpp:368 | argument 0 (i16* undef) has pointer type
W [0] lib/Slicer/LocalSlicer.cpp:495 | unused argument: , qpr.slicing.unused.arg.whereSortingCost.0
W [0] lib/Slicer/LocalSlicer.cpp:495 | unused argument: , qpr.slicing.unused.arg.whereSortingCost.1
I [0] lib/Slicer/LocalSlicer.cpp:104 | slicing finished
try
try ready

    SMTSolver : stp
    CallStackBound : 0
    StopEncodingAfterCheckLoop : 1
    LoopUnrollBound : 1
    HavocLimit : 0
    PreconditionNumber : 5
    PreconditionLocation : jobs/7805
    TimeOut : 600
    InitializedGlobals : false
    IgnoreMissingFunctions : false
    StopEncodingAfterCheck : true
    OverApproxVaArgs : false
    PreconditionCheckMemory : false
    PreconditionOnlyArguments : trueI [0] lib/ModelChecker/Verifier.cpp:247 | EntryPoint : whereSortingCost
m_checker->run()

    Performing bounded model checking ...
      Performing pre-transformations on LLVM IR ...        0 sec [DONE]
        
      Performing logical encoding ...size Alloca: 1

        Unrolling loop in function "sqlite3LogEst" for 1 iterations succeeded.
        Unrolling loop in function "sqlite3LogEst" for 1 iterations succeeded.
        Unrolling loop in function "sqlite3LogEst" for 1 iterations succeeded.
        Transformed "sqlite3LogEst" from 16 to 19 basic blocks and from 62 to 82 instructions-----found check = true

                                                           0 sec [DONE]
        Number of expressions:                        131058
        after encoding

      4 assertions before transformations (3 no_back_edge, 1 custom).

      Performing formula transformations ...
        Simplifier
          Number of rewrites                            2675
        Fixed Memory Address Assigner
          Number of moved ops                              1
          Number of rewrites                            4897
        Simplifier
          Number of moved ops                              1
          Number of rewrites                           61886
        Memory Model Encoder
          Number of moved ops                              0
          Number of rewrites                               0
        Simplifier
          Number of rewrites                               0
        Simplifier
          Number of rewrites                              88
        ToASC Analyser
          Memcpy/memset found                             no
        Byte-Based Memory Creator
        Instantiation-Based ToASC Simplifier
        Simplifier
        FP Abstraction
          Number of rewrites                               0
        Simplifier
          Number of moved ops                              0
          Number of rewrites                               0
                                                           0 sec [DONE]
        
      4 assertions remain after transformations (3 no_back_edge, 1 custom).
after rewriteFormula
after sanityCheckFormula

      Running SMT solver (STP with MiniSat) ...            0 sec [DONE]
        
                                                           0 sec [DONE]
      after performing Check
evaluateCheckerResultsViaRefinementLoop
checker.getResult() is Trace
checkOnlyPrecon: 0, size:1
getFailingCheckFor
setStatusMarkerAccordingToFailingInstruction
BranchInst - LoopBound
trying to exclude Assertions for Failing Instruction

    Rerunning SMT solver (STP with MiniSat) ...            0 sec [DONE]
      checker.getResult() is Trace
checkOnlyPrecon: 0, size:1
getFailingCheckFor
setStatusMarkerAccordingToFailingInstruction
BranchInst - LoopBound
trying to exclude Assertions for Failing Instruction

    Rerunning SMT solver (STP with MiniSat) ...            0 sec [DONE]
      checker.getResult() is Trace
checkOnlyPrecon: 0, size:1
getFailingCheckFor
setCheckToUnsafe
setCheckToUnsafe
Check for floating point traces / abstractions currently deactivated
getCheckerResultAfterUpdatingMarker
failingInst:   call void @llbmc.assert(i1 %4, i32 %0)
Preconditions internal: 
i16 %arg1:arbitrary; i32 %arg2:16; (i32 %arg2:16)i32 %arg3:-1030792176; (i32 %arg3:3264175120)
 function does not read memory: 0, checkValidLoad:0, checkMemory: 0
function does not read memory 

assumePair: i16 %arg1 = nondef() : 0
error: No matching SMT expression for Op %arg1 (nondef) found!assumePair: i32 %arg2 = nondef() : 16
assumePair: i32 %arg3 = nondef() : -1030792176

    Rerunning SMT solver (STP with MiniSat) ...            0 sec [DONE]
      failingInst:   call void @llbmc.assert(i1 %4, i32 %0)
Preconditions internal: 
i16 %arg1:arbitrary; i32 %arg2:1; (i32 %arg2:1)i32 %arg3:472446401; (i32 %arg3:472446401)
 function does not read memory: 0, checkValidLoad:0, checkMemory: 0
function does not read memory 

assumePair: i16 %arg1 = nondef() : 0
error: No matching SMT expression for Op %arg1 (nondef) found!assumePair: i32 %arg2 = nondef() : 1
assumePair: i32 %arg3 = nondef() : 472446401

    Rerunning SMT solver (STP with MiniSat) ...            0 sec [DONE]
      failingInst:   call void @llbmc.assert(i1 %4, i32 %0)
Preconditions internal: 
i16 %arg1:arbitrary; i32 %arg2:1; (i32 %arg2:1)i32 %arg3:-1675037247; (i32 %arg3:2619930049)
 function does not read memory: 0, checkValidLoad:0, checkMemory: 0
function does not read memory 

assumePair: i16 %arg1 = nondef() : 0
error: No matching SMT expression for Op %arg1 (nondef) found!assumePair: i32 %arg2 = nondef() : 1
assumePair: i32 %arg3 = nondef() : -1675037247

    Rerunning SMT solver (STP with MiniSat) ...            0 sec [DONE]
      failingInst:   call void @llbmc.assert(i1 %4, i32 %0)
Preconditions internal: 
i16 %arg1:arbitrary; i32 %arg2:1; (i32 %arg2:1)i32 %arg3:1546188225; (i32 %arg3:1546188225)
 function does not read memory: 0, checkValidLoad:0, checkMemory: 0
function does not read memory 

assumePair: i16 %arg1 = nondef() : 0
error: No matching SMT expression for Op %arg1 (nondef) found!assumePair: i32 %arg2 = nondef() : 1
assumePair: i32 %arg3 = nondef() : 1546188225

    Rerunning SMT solver (STP with MiniSat) ...            0 sec [DONE]
      failingInst:   br i1 %10, label %bb4, label %bb3.bb5_crit_edge, !dbg !4871, !llvm.loop !4876
Preconditions internal: 
i16 %arg1:arbitrary; i32 %arg2:-536870917; (i32 %arg2:3758096379)i32 %arg3:1073741819; (i32 %arg3:1073741819)
 function does not read memory: 0, checkValidLoad:0, checkMemory: 0
function does not read memory 

assumePair: i16 %arg1 = nondef() : 0
error: No matching SMT expression for Op %arg1 (nondef) found!assumePair: i32 %arg2 = nondef() : -536870917
assumePair: i32 %arg3 = nondef() : 1073741819

    Rerunning SMT solver (STP with MiniSat) ...            0 sec [DONE]
      name of function arguments: Writing precondition at: jobs/7805/precondition_whereSortingCost.txt

Generated Preconditions:
[underoverapprox]name of function arguments: 
i16 %arg1:arbitrary; i32 %arg2:16; i32 %arg3:-1030792176; 
i16 %arg1:arbitrary; i32 %arg2:1; i32 %arg3:472446401; 
i16 %arg1:arbitrary; i32 %arg2:1; i32 %arg3:-1675037247; 
i16 %arg1:arbitrary; i32 %arg2:1; i32 %arg3:1546188225; 
i16 %arg1:arbitrary; i32 %arg2:-536870917; i32 %arg3:1073741819; 

                                                           1 sec [DONE]
    allunsafe
    
                                                           1 sec [DONE]
  