runJobCommand
arguents: child
arguents: job
arguents: mode
Careful, HavocLimit is not zero. Call Abstraction is activated
handleJobInSeparateProcess0

Checking job 4319 ...about to run job:
preconNumber: 0, 0

  Running Model Checker with 1 checks ...try
try ready

    SMTSolver : stp
    CallStackBound : 0
    StopEncodingAfterCheckLoop : 0
    LoopUnrollBound : 1
    HavocLimit : 2
    PreconditionNumber : 0
    PreconditionLocation : jobs/4319
    TimeOut : 600
    InitializedGlobals : false
    IgnoreMissingFunctions : false
    StopEncodingAfterCheck : false
    OverApproxVaArgs : false
    PreconditionCheckMemory : false
    PreconditionOnlyArguments : trueI [0] lib/ModelChecker/Verifier.cpp:247 | EntryPoint : sqlite3VdbeList
m_checker->run()

    Performing bounded model checking ...
      Performing pre-transformations on LLVM IR ...        0 sec [DONE]
        
      Performing logical encoding ...
        Unrolling loop in function "releaseMemArray" for 1 iterations succeeded.
        Unrolling loop in function "releaseMemArray" for 1 iterations succeeded.Current: releaseMemArray Havoced: sqlite3DbFreeNN
Current: releaseMemArray Havoced: sqlite3VdbeMemRelease
Current: releaseMemArray Havoced: sqlite3DbFree

        Unrolling loop in function "sqlite3VdbeNextOpcode" for 1 iterations succeeded.
        Unrolling loop in function "sqlite3VdbeNextOpcode" for 1 iterations succeeded.
        Unrolling loop in function "sqlite3VdbeNextOpcode" for 1 iterations succeeded.
        Unrolling loop in function "sqlite3VdbeNextOpcode" for 1 iterations succeeded.
        Transformed "sqlite3VdbeNextOpcode" from 40 to 45 basic blocks and from 303 to 359 instructionsCurrent: sqlite3VdbeNextOpcode Havoced: sqlite3VdbeMemGrow

        Unrolling loop in function "sqlite3VdbeDisplayP4" for 1 iterations succeeded.
        Unrolling loop in function "sqlite3VdbeDisplayP4" for 1 iterations succeeded.
        Transformed "sqlite3VdbeDisplayP4" from 45 to 65 basic blocks and from 281 to 325 instructionsCurrent: sqlite3VdbeDisplayP4 Havoced: sqlite3StrAccumInit
Current: sqlite3VdbeDisplayP4 Havoced: sqlite3_str_appendf
Current: sqlite3VdbeDisplayP4 Havoced: sqlite3_str_appendf
Current: sqlite3VdbeDisplayP4 Havoced: sqlite3_str_appendf
Current: sqlite3VdbeDisplayP4 Havoced: sqlite3_str_appendf

        Unrolling loop in function "llbmc.strcmp" for 0 iterations succeeded.
        Transformed "llbmc.strcmp" from 4 to 3 basic blocks and from 14 to 16 instructionsCurrent: sqlite3VdbeDisplayP4 Havoced: sqlite3_str_appendf
Current: sqlite3VdbeDisplayP4 Havoced: sqlite3_str_append
Current: sqlite3VdbeDisplayP4 Havoced: sqlite3_str_appendf
Current: sqlite3VdbeDisplayP4 Havoced: sqlite3_str_appendf
Current: sqlite3VdbeDisplayP4 Havoced: sqlite3_str_appendf
Current: sqlite3VdbeDisplayP4 Havoced: sqlite3_str_appendf
Current: sqlite3VdbeDisplayP4 Havoced: sqlite3_str_appendf
Current: sqlite3VdbeDisplayP4 Havoced: sqlite3_str_appendf
Current: sqlite3VdbeDisplayP4 Havoced: sqlite3_str_append
Current: sqlite3VdbeDisplayP4 Havoced: sqlite3_str_appendf
Current: sqlite3VdbeDisplayP4 Havoced: sqlite3_str_appendall
Current: sqlite3VdbeDisplayP4 Havoced: sqlite3OomFault
Current: sqlite3VdbeDisplayP4 Havoced: sqlite3StrAccumFinish
Current: sqlite3VdbeMemSetInt64 Havoced: vdbeReleaseAndSetInt64

        Unrolling loop in function "sqlite3VdbeMemSetStr" for 1 iterations succeeded.
        Transformed "sqlite3VdbeMemSetStr" from 41 to 46 basic blocks and from 215 to 244 instructionsCurrent: sqlite3VdbeMemSetStr Havoced: sqlite3VdbeMemSetNull

        Unrolling loop in function "llbmc.strlen" for 0 iterations succeeded.
        Transformed "llbmc.strlen" from 8 to 9 instructionsCurrent: sqlite3VdbeMemSetStr Havoced: sqlite3VdbeMemRelease
Current: sqlite3VdbeMemSetStr Havoced: sqlite3DbMallocSize
Current: sqlite3VdbeMemSetStr Havoced: sqlite3VdbeMemClearAndResize
isMemcpy:   call void @llvm.memcpy.p0i8.p0i8.i64(i8* %78, i8* %1, i64 %66, i32 1, i1 false), !dbg !5727
Current: sqlite3VdbeMemSetStr Havoced: sqlite3VdbeMemHandleBom
Current: sqlite3VdbeMemSetStr Havoced: sqlite3ErrorToParser
Current: sqlite3VdbeMemSetStr Havoced: sqlite3ErrorToParser
Current: sqlite3VdbeMemSetInt64 Havoced: vdbeReleaseAndSetInt64
Current: sqlite3VdbeMemSetInt64 Havoced: vdbeReleaseAndSetInt64
Current: sqlite3VdbeMemSetInt64 Havoced: vdbeReleaseAndSetInt64
Current: sqlite3VdbeMemSetInt64 Havoced: vdbeReleaseAndSetInt64
Current: sqlite3VdbeMemSetNull Havoced: vdbeMemClearExternAndSetNull
Current: sqlite3VdbeMemSetStr Havoced: sqlite3VdbeMemSetNull
Current: sqlite3VdbeMemSetStr Havoced: sqlite3VdbeMemRelease
Current: sqlite3VdbeMemSetStr Havoced: sqlite3DbMallocSize
Current: sqlite3VdbeMemSetStr Havoced: sqlite3VdbeMemClearAndResize
isMemcpy:   call void @llvm.memcpy.p0i8.p0i8.i64(i8* %78, i8* %1, i64 %66, i32 1, i1 false), !dbg !5727
Current: sqlite3VdbeMemSetStr Havoced: sqlite3VdbeMemHandleBom
Current: sqlite3VdbeMemSetStr Havoced: sqlite3ErrorToParser
Current: sqlite3VdbeMemSetStr Havoced: sqlite3ErrorToParser
Current: sqlite3VdbeMemSetInt64 Havoced: vdbeReleaseAndSetInt64
Current: sqlite3VdbeMemSetInt64 Havoced: vdbeReleaseAndSetInt64
Current: sqlite3VdbeMemSetInt64 Havoced: vdbeReleaseAndSetInt64
Current: sqlite3VdbeMemSetStr Havoced: sqlite3VdbeMemSetNull
Current: sqlite3VdbeMemSetStr Havoced: sqlite3VdbeMemRelease
Current: sqlite3VdbeMemSetStr Havoced: sqlite3DbMallocSize
Current: sqlite3VdbeMemSetStr Havoced: sqlite3VdbeMemClearAndResize
isMemcpy:   call void @llvm.memcpy.p0i8.p0i8.i64(i8* %78, i8* %1, i64 %66, i32 1, i1 false), !dbg !5727
Current: sqlite3VdbeMemSetStr Havoced: sqlite3VdbeMemHandleBom
Current: sqlite3VdbeMemSetStr Havoced: sqlite3ErrorToParser
Current: sqlite3VdbeMemSetStr Havoced: sqlite3ErrorToParser

        Transformed "sqlite3ErrStr" from 10 to 16 basic blocks and from 37 to 48 instructionsCurrent: sqlite3VdbeError Havoced: sqlite3DbFree
Current: sqlite3VdbeError Havoced: sqlite3VMPrintf

                                                           0 sec [DONE]
        Number of expressions:                        158639
        after encoding

      16 assertions before transformations (15 no_back_edge, 1 custom).

      Performing formula transformations ...
        Simplifier
          Number of rewrites                            5762
        Fixed Memory Address Assigner
          Number of moved ops                              0
          Number of rewrites                            5208
        Simplifier
          Number of moved ops                              0
          Number of rewrites                           72735
        Memory Model Encoder
          Number of moved ops                              0rewriteAllocaOprewriteStackAddressOp
rewriteAllocaOprewriteStackAddressOp
rewriteAllocaOprewriteStackAddressOp
rewriteAllocaOprewriteStackAddressOp
rewriteAllocaOprewriteStackAddressOp

          Number of rewrites                               5
        Simplifier
          Number of moved ops                              0
          Number of rewrites                              33
        Simplifier
          Number of moved ops                              0
          Number of rewrites                             151
        ToASC Analyser
          Memcpy/memset found                             no
        Byte-Based Memory Creator
        Instantiation-Based ToASC Simplifier
        Simplifier
        FP Abstraction
          Number of rewrites                              44

Abstracted floating point operations.  The result might be a false positive.

        Simplifier
          Number of moved ops                              0
          Number of rewrites                               0
                                                           0 sec [DONE]
        
      16 assertions remain after transformations (15 no_back_edge, 1 custom).
after rewriteFormula
after sanityCheckFormula

      Running SMT solver (STP with MiniSat) ...