runJobCommand
arguents: child
arguents: job
arguents: mode
handleJobInSeparateProcess0

Checking job 1361 ...about to run job:
preconNumber: 0, 0

  Running Model Checker with 3 checks ...try
try ready

    SMTSolver : stp
    CallStackBound : 0
    StopEncodingAfterCheckLoop : 0
    LoopUnrollBound : 1
    HavocLimit : 0
    PreconditionNumber : 0
    PreconditionLocation : jobs/1361
    TimeOut : 600
    InitializedGlobals : false
    IgnoreMissingFunctions : false
    StopEncodingAfterCheck : false
    OverApproxVaArgs : false
    PreconditionCheckMemory : false
    PreconditionOnlyArguments : trueI [0] lib/ModelChecker/Verifier.cpp:247 | EntryPoint : sqlite3VdbeMultiLoad
m_checker->run()

    Performing bounded model checking ...
      Unrolling loop in function "sqlite3VdbeMultiLoad" for 1 iterations succeeded.
      Transformed "sqlite3VdbeMultiLoad" from 18 to 19 basic blocks and from 98 to 108 instructions
      Performing pre-transformations on LLVM IR ...        0 sec [DONE]
        
      Performing logical encoding ...