runJobCommand
precondition analysis with entry:sqlite3VdbeMakeReady
arguents: child
arguents: job
arguents: mode
arguents: precondition
handleJobInSeparateProcess0

Checking job 4300 ...about to run job:
preconNumber: 5, 1

  Running Model Checker with 1 checks ...entry: sqlite3VdbeMakeReady, functionName: resolveP2Values
  call void @qpr.precondition.resolveP2Values(%struct.Vdbe.157* %0, i32* %3)
entry: sqlite3VdbeMakeReady, functionName: resolveP2Values
entry: sqlite3VdbeMakeReady, functionName: sqlite3VdbeMakeReady
try
try ready

    SMTSolver : stp
    CallStackBound : 0
    StopEncodingAfterCheckLoop : 1
    LoopUnrollBound : 1
    HavocLimit : 0
    PreconditionNumber : 5
    PreconditionLocation : jobs/4300
    TimeOut : 600
    InitializedGlobals : false
    IgnoreMissingFunctions : false
    StopEncodingAfterCheck : true
    OverApproxVaArgs : false
    PreconditionCheckMemory : false
    PreconditionOnlyArguments : trueI [1] lib/ModelChecker/Verifier.cpp:247 | EntryPoint : sqlite3VdbeMakeReady
m_checker->run()

    Performing bounded model checking ...
      Unrolling loop in function "sqlite3VdbeMakeReady" for 1 iterations succeeded.
      Transformed "sqlite3VdbeMakeReady" from 24 to 25 basic blocks and from 327 to 330 instructions
      Performing pre-transformations on LLVM IR ...        0 sec [DONE]
        
      Performing logical encoding ...size Alloca: 1
size Alloca: 1
TODO MKB implement precondition handling: IE
Reading in precondition at: jobs/4300/precondition_resolveP2Values.txt
preconFile: jobs/4300/precondition_resolveP2Values.txt
ref: [underoverapprox]name of function arguments, argValue:  
ref: [underoverapprox]name of function arguments, argValue:  
name of function arguments line
ERROR boolCond is nullptr
ERROR boolCond is nullptr
ERROR boolCond is nullptr
ERROR boolCond is nullptr
ERROR boolCond is nullptr
Writing precondition type at: jobs/4300/precondition_type_sqlite3VdbeMakeReady.txt

Type of Precondition:
[underoverapprox]
precondition found, end encoding
                      0 sec [DONE]
        Number of expressions:                        155084
        after encoding

      0 assertions before transformations.

      Performing formula transformations ...
        Simplifier
          Number of rewrites                            3363
        Fixed Memory Address Assigner
          Number of moved ops                              2
          Number of rewrites                            5210
        Simplifier
          Number of moved ops                              2
          Number of rewrites                           72606
        Memory Model Encoder
          Number of moved ops                              0rewriteAllocaOprewriteStackAddressOp
rewriteAllocaOprewriteStackAddressOp

          Number of rewrites                               2
        Simplifier
          Number of moved ops                              0
          Number of rewrites                               4
        Simplifier
          Number of moved ops                              0
          Number of rewrites                             142
        ToASC Analyser
          Memcpy/memset found                             no
        Byte-Based Memory Creator
        Instantiation-Based ToASC Simplifier
        Simplifier
        FP Abstraction
          Number of rewrites                              44

Abstracted floating point operations.  The result might be a false positive.

        Simplifier
          Number of moved ops                              0
          Number of rewrites                               0
                                                           0 sec [DONE]
        
      0 assertions remain after transformations.
after rewriteFormula
after sanityCheckFormula

      Running SMT solver (STP with MiniSat) ...            0 sec [DONE]
        
                                                           0 sec [DONE]
      after performing Check
evaluateCheckerResultsViaRefinementLoop
getCheckerResultAfterUpdatingMarker
Result is NoTrace

                                                           1 sec [DONE]
    allunsafe
    
                                                           1 sec [DONE]
  gInst:   call void @llbmc.assert(i1 %5, i32 %0)
Preconditions internal: 

 function does not read memory: 0, checkValidLoad:0, checkMemory: 0
function does not read memory 


    Rerunning SMT solver (STP with MiniSat) ...            0 sec [DONE]
      name of function arguments: Writing precondition at: jobs/4300/precondition_resolveP2Values.txt

Generated Preconditions:
[underoverapprox]name of function arguments: 






                                                           1 sec [DONE]
    allunsafe
    
                                                           1 sec [DONE]
  