runJobCommand
arguents: child
arguents: job
arguents: mode
Careful, HavocLimit is not zero. Call Abstraction is activated
handleJobInSeparateProcess0

Checking job 920 ...about to run job:
preconNumber: 0, 0

  Running Model Checker with 1 checks ...W [0] lib/Slicer/LocalDependencyCollector.cpp:328 | function without implementation called: 'strcmp'
W [0] lib/Slicer/LocalDependencyCollector.cpp:328 | function without implementation called: 'strcmp'
W [0] lib/Slicer/LocalDependencyCollector.cpp:328 | function without implementation called: 'strcmp'
W [0] lib/Slicer/LocalSlicer.cpp:368 | argument 0 (i8* %1) has pointer type
W [0] lib/Slicer/LocalSlicer.cpp:368 | argument 0 (i8* undef) has pointer type
W [0] lib/Slicer/LocalSlicer.cpp:357 | argument i8* %1 of call instruction has pointer type
W [0] lib/Slicer/LocalSlicer.cpp:357 | argument i8* %1 of call instruction has pointer type
W [0] lib/Slicer/LocalSlicer.cpp:357 | argument i8* %1 of call instruction has pointer type
W [0] lib/Slicer/LocalSlicer.cpp:495 | unused argument: , qpr.slicing.unused.arg.showHelp.0
W [0] lib/Slicer/LocalSlicer.cpp:495 | unused argument: , qpr.slicing.unused.arg.showHelp.1
I [0] lib/Slicer/LocalSlicer.cpp:104 | slicing finished
try
try ready

    SMTSolver : stp
    CallStackBound : 0
    StopEncodingAfterCheckLoop : 0
    LoopUnrollBound : 1
    HavocLimit : 1
    PreconditionNumber : 0
    PreconditionLocation : jobs/920
    TimeOut : 600
    InitializedGlobals : false
    IgnoreMissingFunctions : false
    StopEncodingAfterCheck : false
    OverApproxVaArgs : false
    PreconditionCheckMemory : false
    PreconditionOnlyArguments : trueI [0] lib/ModelChecker/Verifier.cpp:247 | EntryPoint : showHelp
m_checker->run()

    Performing bounded model checking ...
      Unrolling loop in function "showHelp" for 163 iterations succeeded.
      Transformed "showHelp" from 10 to 334 basic blocks and from 34 to 1331 instructions
      Performing pre-transformations on LLVM IR ...        0 sec [DONE]
        
      Performing logical encoding ...                      0 sec [DONE]
        Number of expressions:                        135815
        after encoding

      164 assertions before transformations (1 no_back_edge, 163 custom).

      Performing formula transformations ...
        Simplifier
          Number of rewrites                            6824
        Fixed Memory Address Assigner
          Number of moved ops                              0
          Number of rewrites                            4896
        Simplifier
          Number of moved ops                              0
          Number of rewrites                           61882
        Memory Model Encoder
          Number of moved ops                              0
          Number of rewrites                               0
        Simplifier
          Number of rewrites                               1
        Simplifier
          Number of moved ops                              0
          Number of rewrites                              88
        ToASC Analyser
          Memcpy/memset found                             no
        Byte-Based Memory Creator
        Instantiation-Based ToASC Simplifier
        Simplifier
        FP Abstraction
          Number of rewrites                               0
        Simplifier
          Number of moved ops                              0
          Number of rewrites                               0
                                                           0 sec [DONE]
        
      164 assertions remain after transformations (1 no_back_edge, 163 custom).
after rewriteFormula
after sanityCheckFormula

      Running SMT solver (STP with MiniSat) ...            0 sec [DONE]
        
                                                           0 sec [DONE]
      after performing Check
evaluateCheckerResultsViaRefinementLoop
getCheckerResultAfterUpdatingMarker
Result is NoTrace

                                                           1 sec [DONE]
    allsafe
    
                                                           1 sec [DONE]
  