runJobCommand
arguents: child
arguents: job
arguents: mode
Careful, HavocLimit is not zero. Call Abstraction is activated
handleJobInSeparateProcess0

Checking job 5928 ...about to run job:
preconNumber: 0, 0

  Running Model Checker with 1 checks ...try
try ready

    SMTSolver : stp
    CallStackBound : 0
    StopEncodingAfterCheckLoop : 0
    LoopUnrollBound : 1
    HavocLimit : 1
    PreconditionNumber : 0
    PreconditionLocation : jobs/5928
    TimeOut : 600
    InitializedGlobals : false
    IgnoreMissingFunctions : false
    StopEncodingAfterCheck : false
    OverApproxVaArgs : false
    PreconditionCheckMemory : false
    PreconditionOnlyArguments : trueI [0] lib/ModelChecker/Verifier.cpp:247 | EntryPoint : sqlite3CreateIndex
m_checker->run()

    Performing bounded model checking ...
      Unrolling loop in function "sqlite3CreateIndex" for 1 iterations succeeded.
      Unrolling loop in function "sqlite3CreateIndex" for 1 iterations succeeded.
      Unrolling loop in function "sqlite3CreateIndex" for 1 iterations succeeded.
      Unrolling loop in function "sqlite3CreateIndex" for 1 iterations succeeded.
      Unrolling loop in function "sqlite3CreateIndex" for 1 iterations succeeded.
      Unrolling loop in function "sqlite3CreateIndex" for 1 iterations succeeded.
      Unrolling loop in function "sqlite3CreateIndex" for 1 iterations succeeded.
      Unrolling loop in function "sqlite3CreateIndex" for 1 iterations succeeded.
      Unrolling loop in function "sqlite3CreateIndex" for 1 iterations succeeded.
      Transformed "sqlite3CreateIndex" from 227 to 242 basic blocks and from 1341 to 1438 instructions
      Performing pre-transformations on LLVM IR ...        0 sec [DONE]
        
      Performing logical encoding ...Current: sqlite3CreateIndex Havoced: sqlite3ReadSchema
Current: sqlite3CreateIndex Havoced: sqlite3HasExplicitNulls
Current: sqlite3CreateIndex Havoced: sqlite3SchemaToIndex
Current: sqlite3CreateIndex Havoced: sqlite3TwoPartName
Current: sqlite3CreateIndex Havoced: sqlite3SrcListLookup
Current: sqlite3CreateIndex Havoced: sqlite3FixInit
Current: sqlite3CreateIndex Havoced: sqlite3FixSrcList
Current: sqlite3CreateIndex Havoced: sqlite3LocateTableItem
Current: sqlite3CreateIndex Havoced: sqlite3PrimaryKeyIndex
Current: sqlite3CreateIndex Havoced: sqlite3_strnicmp
Current: sqlite3CreateIndex Havoced: sqlite3MPrintf
Current: sqlite3CreateIndex Havoced: sqlite3NameFromToken
Current: sqlite3CreateIndex Havoced: sqlite3CheckObjectName
Current: sqlite3CreateIndex Havoced: sqlite3FindTable
Current: sqlite3CreateIndex Havoced: sqlite3ErrorMsg
Current: sqlite3CreateIndex Havoced: sqlite3FindIndex
Current: sqlite3CreateIndex Havoced: sqlite3ErrorMsg
Current: sqlite3CreateIndex Havoced: sqlite3CodeVerifySchema
Current: sqlite3CreateIndex Havoced: sqlite3ForceNotReadOnly
Current: sqlite3CreateIndex Havoced: sqlite3AuthCheck
Current: sqlite3CreateIndex Havoced: sqlite3AuthCheck
Current: sqlite3CreateIndex Havoced: sqlite3ExprListCheckLength
Current: sqlite3CreateIndex Havoced: sqlite3TokenInit
Current: sqlite3CreateIndex Havoced: sqlite3ExprAlloc
Current: sqlite3CreateIndex Havoced: sqlite3ExprListAppend
Current: sqlite3CreateIndex Havoced: sqlite3ExprListSetSortOrder
Current: sqlite3CreateIndex Havoced: sqlite3Strlen30
Current: sqlite3CreateIndex Havoced: sqlite3Strlen30
Current: sqlite3CreateIndex Havoced: sqlite3AllocateIndexObject
isMemcpy:   call void @llvm.memcpy.p0i8.p0i8.i64(i8* %233, i8* %146, i64 %235, i32 1, i1 false), !dbg !6224
Current: sqlite3CreateIndex Havoced: sqlite3ResolveSelfReference
Current: sqlite3CreateIndex Havoced: sqlite3StringToId
Current: sqlite3CreateIndex Havoced: sqlite3ResolveSelfReference
Current: sqlite3CreateIndex Havoced: sqlite3ExprSkipCollate
Current: sqlite3CreateIndex Havoced: sqlite3Strlen30
isMemcpy:   call void @llvm.memcpy.p0i8.p0i8.i64(i8* %377, i8* %374, i64 %378, i32 1, i1 false), !dbg !6377
Current: sqlite3CreateIndex Havoced: sqlite3LocateCollSeq
Current: sqlite3CreateIndex Havoced: isDupColumn
Current: sqlite3CreateIndex Havoced: sqlite3DefaultRowEst
Current: sqlite3CreateIndex Havoced: estimateIndexWidth
Current: sqlite3CreateIndex Havoced: recomputeColumnsNotIndexed
Current: sqlite3CreateIndex Havoced: sqlite3TableColumnToIndex
Current: sqlite3CreateIndex Havoced: sqlite3StrICmp
Current: sqlite3CreateIndex Havoced: sqlite3ErrorMsg
Current: sqlite3CreateIndex Havoced: sqlite3GetVdbe
Current: sqlite3CreateIndex Havoced: sqlite3BeginWriteOperation
Current: sqlite3CreateIndex Havoced: sqlite3VdbeAddOp0
Current: sqlite3CreateIndex Havoced: sqlite3VdbeAddOp3
Current: sqlite3CreateIndex Havoced: sqlite3MPrintf
Current: sqlite3CreateIndex Havoced: sqlite3NestedParse
Current: sqlite3CreateIndex Havoced: sqlite3DbFree
Current: sqlite3CreateIndex Havoced: sqlite3RefillIndex
Current: sqlite3CreateIndex Havoced: sqlite3ChangeCookie
Current: sqlite3CreateIndex Havoced: sqlite3MPrintf
Current: sqlite3CreateIndex Havoced: sqlite3VdbeAddParseSchemaOp
Current: sqlite3CreateIndex Havoced: sqlite3VdbeAddOp2
Current: sqlite3CreateIndex Havoced: sqlite3VdbeJumpHere
Current: sqlite3CreateIndex Havoced: sqlite3IndexHasDuplicateRootPage
Current: sqlite3CreateIndex Havoced: sqlite3HashInsert
Current: sqlite3CreateIndex Havoced: sqlite3OomFault
Current: sqlite3CreateIndex Havoced: sqlite3ErrorMsg
Current: sqlite3CreateIndex Havoced: sqlite3CorruptError
Current: sqlite3CreateIndex Havoced: sqlite3ErrorMsg
Current: sqlite3CreateIndex Havoced: sqlite3ErrorMsg
Current: sqlite3CreateIndex Havoced: sqlite3ErrorMsg
Current: sqlite3CreateIndex Havoced: sqlite3ErrorMsg
Current: sqlite3CreateIndex Havoced: sqlite3ErrorMsg
Current: sqlite3CreateIndex Havoced: sqlite3FreeIndex
Current: sqlite3CreateIndex Havoced: sqlite3ExprDelete
Current: sqlite3CreateIndex Havoced: sqlite3ExprListDelete
Current: sqlite3CreateIndex Havoced: sqlite3SrcListDelete
Current: sqlite3CreateIndex Havoced: sqlite3DbFree
                      0 sec [DONE]
        Number of expressions:                        157666
        after encoding

      10 assertions before transformations (9 no_back_edge, 1 custom).

      Performing formula transformations ...
        Simplifier
          Number of rewrites                            4785
        Fixed Memory Address Assigner
          Number of moved ops                              0
          Number of rewrites                            5208
        Simplifier
          Number of moved ops                              0
          Number of rewrites                           72811
        Memory Model Encoder
          Number of moved ops                              0rewriteAllocaOprewriteStackAddressOp
rewriteAllocaOprewriteStackAddressOp
rewriteAllocaOprewriteStackAddressOp
rewriteAllocaOprewriteStackAddressOp

          Number of rewrites                               4
        Simplifier
          Number of moved ops                              0
          Number of rewrites                               4
        Simplifier
          Number of moved ops                              0
          Number of rewrites                             142
        ToASC Analyser
          Memcpy/memset found                            yes
        Byte-Based Memory Creator
          Number of rewrites                            9213
        Instantiation-Based ToASC Simplifier
          Number of rewrites                               2
        Simplifier
          Number of moved ops                            895
          Number of rewrites                           23812
        FP Abstraction
          Number of rewrites                              22

Abstracted floating point operations.  The result might be a false positive.

        Simplifier
          Number of moved ops                              2
          Number of rewrites                               0
                                                           0 sec [DONE]
        
      10 assertions remain after transformations (9 no_back_edge, 1 custom).
after rewriteFormula
after sanityCheckFormula

      Running SMT solver (STP with MiniSat) ...