runJobCommand
arguents: child
arguents: job
arguents: mode
Careful, HavocLimit is not zero. Call Abstraction is activated
handleJobInSeparateProcess0

Checking job 5648 ...about to run job:
preconNumber: 0, 0

  Running Model Checker with 1 checks ...try
try ready

    SMTSolver : stp
    CallStackBound : 0
    StopEncodingAfterCheckLoop : 0
    LoopUnrollBound : 1
    HavocLimit : 1
    PreconditionNumber : 0
    PreconditionLocation : jobs/5648
    TimeOut : 600
    InitializedGlobals : false
    IgnoreMissingFunctions : false
    StopEncodingAfterCheck : false
    OverApproxVaArgs : false
    PreconditionCheckMemory : false
    PreconditionOnlyArguments : trueI [1] lib/ModelChecker/Verifier.cpp:247 | EntryPoint : sqlite3Analyze
m_checker->run()

    Performing bounded model checking ...
      Unrolling loop in function "sqlite3Analyze" for 1 iterations succeeded.
      Transformed "sqlite3Analyze" from 31 to 32 basic blocks and from 111 to 115 instructions
      Performing pre-transformations on LLVM IR ...        0 sec [DONE]
        
      Performing logical encoding ...Current: sqlite3Analyze Havoced: sqlite3ReadSchema
Current: sqlite3Analyze Havoced: sqlite3FindDb
Current: sqlite3Analyze Havoced: sqlite3TwoPartName
Current: sqlite3Analyze Havoced: sqlite3NameFromToken
Current: sqlite3Analyze Havoced: sqlite3FindIndex
Current: sqlite3Analyze Havoced: sqlite3LocateTable
Current: sqlite3Analyze Havoced: analyzeTable
Current: sqlite3Analyze Havoced: analyzeTable
Current: sqlite3Analyze Havoced: sqlite3DbFree
Current: sqlite3Analyze Havoced: analyzeDatabase
Current: sqlite3Analyze Havoced: analyzeDatabase
Current: sqlite3Analyze Havoced: sqlite3GetVdbe
Current: sqlite3Analyze Havoced: sqlite3VdbeAddOp0
                      0 sec [DONE]
        Number of expressions:                        155294
        after encoding

      2 assertions before transformations (1 no_back_edge, 1 custom).

      Performing formula transformations ...
        Simplifier
          Number of rewrites                            3523
        Fixed Memory Address Assigner
          Number of moved ops                              0
          Number of rewrites                            5208
        Simplifier
          Number of moved ops                              0
          Number of rewrites                           72611
        Memory Model Encoder
          Number of moved ops                              0rewriteAllocaOprewriteStackAddressOp

          Number of rewrites                               1
        Simplifier
          Number of moved ops                              0
          Number of rewrites                               5
        Simplifier
          Number of moved ops                              0
          Number of rewrites                             142
        ToASC Analyser
          Memcpy/memset found                             no
        Byte-Based Memory Creator
        Instantiation-Based ToASC Simplifier
        Simplifier
        FP Abstraction
          Number of rewrites                              44

Abstracted floating point operations.  The result might be a false positive.

        Simplifier
          Number of moved ops                              0
          Number of rewrites                               0
                                                           0 sec [DONE]
        
      2 assertions remain after transformations (1 no_back_edge, 1 custom).
after rewriteFormula
after sanityCheckFormula

      Running SMT solver (STP with MiniSat) ...