runJobCommand
arguents: child
arguents: job
arguents: mode
Careful, HavocLimit is not zero. Call Abstraction is activated
handleJobInSeparateProcess0

Checking job 6872 ...about to run job:
preconNumber: 0, 0

  Running Model Checker with 1 checks ...try
try ready

    SMTSolver : stp
    CallStackBound : 0
    StopEncodingAfterCheckLoop : 0
    LoopUnrollBound : 1
    HavocLimit : 1
    PreconditionNumber : 0
    PreconditionLocation : jobs/6872
    TimeOut : 600
    InitializedGlobals : false
    IgnoreMissingFunctions : false
    StopEncodingAfterCheck : false
    OverApproxVaArgs : false
    PreconditionCheckMemory : false
    PreconditionOnlyArguments : trueI [0] lib/ModelChecker/Verifier.cpp:247 | EntryPoint : generateWithRecursiveQuery
m_checker->run()

    Performing bounded model checking ...
      Unrolling loop in function "generateWithRecursiveQuery" for 1 iterations succeeded.
      Unrolling loop in function "generateWithRecursiveQuery" for 1 iterations succeeded.
      Transformed "generateWithRecursiveQuery" from 36 to 40 basic blocks and from 276 to 290 instructions
      Performing pre-transformations on LLVM IR ...        0 sec [DONE]
        
      Performing logical encoding ...Current: generateWithRecursiveQuery Havoced: sqlite3AuthCheck
Current: generateWithRecursiveQuery Havoced: sqlite3VdbeMakeLabel
Current: generateWithRecursiveQuery Havoced: computeLimitRegisters
Current: generateWithRecursiveQuery Havoced: sqlite3SelectDestInit
Current: generateWithRecursiveQuery Havoced: sqlite3VdbeAddOp3
Current: generateWithRecursiveQuery Havoced: sqlite3VdbeAddOp2
Current: generateWithRecursiveQuery Havoced: multiSelectOrderByKeyInfo
Current: generateWithRecursiveQuery Havoced: sqlite3VdbeAddOp4
Current: generateWithRecursiveQuery Havoced: sqlite3VdbeAddOp2
Current: generateWithRecursiveQuery Havoced: sqlite3VdbeExplain
Current: generateWithRecursiveQuery Havoced: sqlite3Select
Current: generateWithRecursiveQuery Havoced: sqlite3VdbeAddOp2
Current: generateWithRecursiveQuery Havoced: sqlite3VdbeAddOp1
Current: generateWithRecursiveQuery Havoced: sqlite3VdbeAddOp2
Current: generateWithRecursiveQuery Havoced: sqlite3VdbeAddOp3
Current: generateWithRecursiveQuery Havoced: sqlite3VdbeAddOp1
Current: generateWithRecursiveQuery Havoced: sqlite3VdbeMakeLabel
Current: generateWithRecursiveQuery Havoced: codeOffset
Current: generateWithRecursiveQuery Havoced: selectInnerLoop
Current: generateWithRecursiveQuery Havoced: sqlite3VdbeAddOp2
Current: generateWithRecursiveQuery Havoced: sqlite3VdbeResolveLabel
Current: generateWithRecursiveQuery Havoced: sqlite3VdbeExplain
Current: generateWithRecursiveQuery Havoced: sqlite3Select
Current: generateWithRecursiveQuery Havoced: sqlite3VdbeGoto
Current: generateWithRecursiveQuery Havoced: sqlite3VdbeResolveLabel
Current: generateWithRecursiveQuery Havoced: sqlite3ErrorMsg
Current: generateWithRecursiveQuery Havoced: sqlite3ExprListDelete
Current: generateWithRecursiveQuery Havoced: sqlite3ErrorMsg
                      0 sec [DONE]
        Number of expressions:                        155471
        after encoding

      3 assertions before transformations (2 no_back_edge, 1 custom).

      Performing formula transformations ...
        Simplifier
          Number of rewrites                            3568
        Fixed Memory Address Assigner
          Number of moved ops                              0
          Number of rewrites                            5208
        Simplifier
          Number of moved ops                              0
          Number of rewrites                           72615
        Memory Model Encoder
          Number of moved ops                              0rewriteAllocaOprewriteStackAddressOp

          Number of rewrites                               1
        Simplifier
          Number of moved ops                              0
          Number of rewrites                               3
        Simplifier
          Number of moved ops                              0
          Number of rewrites                             142
        ToASC Analyser
          Memcpy/memset found                             no
        Byte-Based Memory Creator
        Instantiation-Based ToASC Simplifier
        Simplifier
        FP Abstraction
          Number of rewrites                              44

Abstracted floating point operations.  The result might be a false positive.

        Simplifier
          Number of moved ops                              0
          Number of rewrites                               0
                                                           0 sec [DONE]
        
      3 assertions remain after transformations (2 no_back_edge, 1 custom).
after rewriteFormula
after sanityCheckFormula

      Running SMT solver (STP with MiniSat) ...