runJobCommand
arguents: child
arguents: job
arguents: mode
Careful, HavocLimit is not zero. Call Abstraction is activated
handleJobInSeparateProcess0

Checking job 5298 ...about to run job:
preconNumber: 0, 0

  Running Model Checker with 1 checks ...try
try ready

    SMTSolver : stp
    CallStackBound : 0
    StopEncodingAfterCheckLoop : 0
    LoopUnrollBound : 1
    HavocLimit : 2
    PreconditionNumber : 0
    PreconditionLocation : jobs/5298
    TimeOut : 600
    InitializedGlobals : false
    IgnoreMissingFunctions : false
    StopEncodingAfterCheck : false
    OverApproxVaArgs : false
    PreconditionCheckMemory : false
    PreconditionOnlyArguments : trueI [0] lib/ModelChecker/Verifier.cpp:247 | EntryPoint : sqlite3ExprListAppend
m_checker->run()

    Performing bounded model checking ...
      Performing pre-transformations on LLVM IR ...        0 sec [DONE]
        
      Performing logical encoding ...isMemcpy:   call void @llvm.memcpy.p0i8.p0i8.i64(i8* %20, i8* bitcast (%struct.ExprList_item* @zeroItem to i8*), i64 24, i32 8, i1 false), !dbg !5641
Current: sqlite3ExprListAppendGrow Havoced: sqlite3DbRealloc
isMemcpy:   call void @llvm.memcpy.p0i8.p0i8.i64(i8* %24, i8* bitcast (%struct.ExprList_item* @zeroItem to i8*), i64 24, i32 8, i1 false), !dbg !5645
Current: sqlite3ExprListAppendGrow Havoced: sqlite3ExprListDelete
Current: sqlite3ExprListAppendGrow Havoced: sqlite3ExprDelete
Current: sqlite3ExprListAppendNew Havoced: sqlite3DbMallocRawNN
isMemcpy:   call void @llvm.memcpy.p0i8.p0i8.i64(i8* %9, i8* bitcast (%struct.ExprList_item* @zeroItem to i8*), i64 24, i32 8, i1 false), !dbg !5634
Current: sqlite3ExprListAppendNew Havoced: sqlite3ExprDelete
                      0 sec [DONE]
        Number of expressions:                        155182
        after encoding

      1 assertion before transformations (1 custom).

      Performing formula transformations ...
        Simplifier
          Number of rewrites                            3436
        Fixed Memory Address Assigner
          Number of moved ops                              1
          Number of rewrites                            5208
        Simplifier
          Number of moved ops                              0
          Number of rewrites                           72606
        Memory Model Encoder
          Number of moved ops                              0
          Number of rewrites                               0
        Simplifier
          Number of rewrites                               2
        Simplifier
          Number of moved ops                              0
          Number of rewrites                             220
        ToASC Analyser
          Memcpy/memset found                             no
        Byte-Based Memory Creator
        Instantiation-Based ToASC Simplifier
        Simplifier
        FP Abstraction
          Number of rewrites                              44

Abstracted floating point operations.  The result might be a false positive.

        Simplifier
          Number of moved ops                              0
          Number of rewrites                               0
                                                           0 sec [DONE]
        
      1 assertion remains after transformations (1 custom).
after rewriteFormula
after sanityCheckFormula

      Running SMT solver (STP with MiniSat) ...