runJobCommand
arguents: child
arguents: job
arguents: mode
Careful, HavocLimit is not zero. Call Abstraction is activated
handleJobInSeparateProcess0

Checking job 624 ...about to run job:
preconNumber: 0, 0

  Running Model Checker with 1 checks ...try
try ready

    SMTSolver : stp
    CallStackBound : 0
    StopEncodingAfterCheckLoop : 0
    LoopUnrollBound : 1
    HavocLimit : 1
    PreconditionNumber : 0
    PreconditionLocation : jobs/624
    TimeOut : 600
    InitializedGlobals : false
    IgnoreMissingFunctions : false
    StopEncodingAfterCheck : false
    OverApproxVaArgs : false
    PreconditionCheckMemory : false
    PreconditionOnlyArguments : trueI [1] lib/ModelChecker/Verifier.cpp:247 | EntryPoint : idxFindIndexes
m_checker->run()

    Performing bounded model checking ...
      Unrolling loop in function "idxFindIndexes" for 1 iterations succeeded.
      Unrolling loop in function "idxFindIndexes" for 1 iterations succeeded.
      Unrolling loop in function "idxFindIndexes" for 1 iterations succeeded.
      Unrolling loop in function "idxFindIndexes" for 1 iterations succeeded.
      Unrolling loop in function "idxFindIndexes" for 1 iterations succeeded.
      Transformed "idxFindIndexes" from 45 to 186 basic blocks and from 205 to 802 instructions
      Performing pre-transformations on LLVM IR ...        0 sec [DONE]
        
      Performing logical encoding ...Current: idxFindIndexes Havoced: idxHashInit
Current: idxFindIndexes Havoced: idxHashClear
Current: idxFindIndexes Havoced: idxPrintfPrepareStmt
Current: idxFindIndexes Havoced: sqlite3_step
Current: idxFindIndexes Havoced: sqlite3_column_text

        Unrolling loop in function "llbmc.strlen" for 0 iterations succeeded.
        Transformed "llbmc.strlen" from 8 to 9 instructions
        Unrolling loop in function "llbmc.memcmp" for 0 iterations succeeded.
        Transformed "llbmc.memcmp" from 17 to 20 instructionsCurrent: idxFindIndexes Havoced: idxHashSearch
Current: idxFindIndexes Havoced: idxHashAdd
Current: idxFindIndexes Havoced: idxAppendText
Current: idxFindIndexes Havoced: sqlite3_step
Current: idxFindIndexes Havoced: idxAppendText
Current: idxFindIndexes Havoced: idxFinalize
Current: idxFindIndexes Havoced: idxHashClear
Current: idxFindIndexes Havoced: idxPrintfPrepareStmt
Current: idxFindIndexes Havoced: sqlite3_step
Current: idxFindIndexes Havoced: sqlite3_column_text
Current: idxFindIndexes Havoced: idxHashSearch
Current: idxFindIndexes Havoced: idxHashAdd
Current: idxFindIndexes Havoced: idxAppendText
Current: idxFindIndexes Havoced: sqlite3_step
Current: idxFindIndexes Havoced: idxAppendText
Current: idxFindIndexes Havoced: idxFinalize
Current: idxFindIndexes Havoced: sqlite3_column_text
Current: idxFindIndexes Havoced: idxHashSearch
Current: idxFindIndexes Havoced: idxHashAdd
Current: idxFindIndexes Havoced: idxAppendText
Current: idxFindIndexes Havoced: sqlite3_column_text
Current: idxFindIndexes Havoced: idxHashSearch
Current: idxFindIndexes Havoced: idxHashAdd
Current: idxFindIndexes Havoced: idxAppendText
Current: idxFindIndexes Havoced: idxHashClear

                                                           0 sec [DONE]
        Number of expressions:                        157379
        after encoding

      33 assertions before transformations (25 no_back_edge, 8 custom).

      Performing formula transformations ...
        Simplifier
          Number of rewrites                            5186
        Fixed Memory Address Assigner
          Number of moved ops                              0
          Number of rewrites                            5208
        Simplifier
          Number of moved ops                              0
          Number of rewrites                           72630
        Memory Model Encoder
          Number of moved ops                              0rewriteAllocaOprewriteStackAddressOp
rewriteAllocaOprewriteStackAddressOp
rewriteAllocaOprewriteStackAddressOp

          Number of rewrites                               3
        Simplifier
          Number of moved ops                              0
          Number of rewrites                              10
        Simplifier
          Number of moved ops                              0
          Number of rewrites                             142
        ToASC Analyser
          Memcpy/memset found                             no
        Byte-Based Memory Creator
        Instantiation-Based ToASC Simplifier
        Simplifier
        FP Abstraction
          Number of rewrites                              44

Abstracted floating point operations.  The result might be a false positive.

        Simplifier
          Number of moved ops                              0
          Number of rewrites                               0
                                                           0 sec [DONE]
        
      33 assertions remain after transformations (25 no_back_edge, 8 custom).
after rewriteFormula
after sanityCheckFormula

      Running SMT solver (STP with MiniSat) ...            0 sec [DONE]
        
                                                           1 sec [DONE]
      after performing Check
evaluateCheckerResultsViaRefinementLoop
checker.getResult() is Trace
checkOnlyPrecon: 0, size:1
getFailingCheckFor
setStatusMarkerAccordingToFailingInstruction
BranchInst - LoopBound
trying to exclude Assertions for Failing Instruction

    Rerunning SMT solver (STP with MiniSat) ...            0 sec [DONE]
      checker.getResult() is Trace
checkOnlyPrecon: 0, size:1
getFailingCheckFor
setStatusMarkerAccordingToFailingInstruction
BranchInst - LoopBound
trying to exclude Assertions for Failing Instruction

    Rerunning SMT solver (STP with MiniSat) ...            0 sec [DONE]
      checker.getResult() is Trace
checkOnlyPrecon: 0, size:1
getFailingCheckFor
setStatusMarkerAccordingToFailingInstruction
BranchInst - LoopBound
trying to exclude Assertions for Failing Instruction

    Rerunning SMT solver (STP with MiniSat) ...            0 sec [DONE]
      checker.getResult() is Trace
checkOnlyPrecon: 0, size:1
getFailingCheckFor
setStatusMarkerAccordingToFailingInstruction
BranchInst - LoopBound
trying to exclude Assertions for Failing Instruction

    Rerunning SMT solver (STP with MiniSat) ...            0 sec [DONE]
      checker.getResult() is Trace
checkOnlyPrecon: 0, size:1
getFailingCheckFor
setStatusMarkerAccordingToFailingInstruction
BranchInst - LoopBound
trying to exclude Assertions for Failing Instruction

    Rerunning SMT solver (STP with MiniSat) ...            0 sec [DONE]
      checker.getResult() is Trace
checkOnlyPrecon: 0, size:1
getFailingCheckFor
setStatusMarkerAccordingToFailingInstruction
BranchInst - LoopBound
trying to exclude Assertions for Failing Instruction

    Rerunning SMT solver (STP with MiniSat) ...            0 sec [DONE]
      getCheckerResultAfterUpdatingMarker
Result is NoTrace

                                                           2 sec [DONE]
    allsafe
    
                                                           2 sec [DONE]
  