runJobCommand
precondition analysis with entry:sqlite3PagerSetSpillsize
arguents: child
arguents: job
arguents: mode
arguents: precondition
handleJobInSeparateProcess0

Checking job 2430 ...about to run job:
preconNumber: 5, 1

  Running Model Checker with 1 checks ...entry: sqlite3PagerSetSpillsize, functionName: sqlite3PcacheSetSpillsize
  <badref> = call i32 @qpr.precondition.sqlite3PcacheSetSpillsize(%struct.PCache.136* %4, i32 %1)
entry: sqlite3PagerSetSpillsize, functionName: sqlite3PagerSetSpillsize
entry: sqlite3PagerSetSpillsize, functionName: sqlite3PcacheSetSpillsize
try
try ready

    SMTSolver : stp
    CallStackBound : 0
    StopEncodingAfterCheckLoop : 1
    LoopUnrollBound : 1
    HavocLimit : 0
    PreconditionNumber : 5
    PreconditionLocation : jobs/2430
    TimeOut : 600
    InitializedGlobals : false
    IgnoreMissingFunctions : false
    StopEncodingAfterCheck : true
    OverApproxVaArgs : false
    PreconditionCheckMemory : false
    PreconditionOnlyArguments : trueI [0] lib/ModelChecker/Verifier.cpp:247 | EntryPoint : sqlite3PagerSetSpillsize
m_checker->run()

    Performing bounded model checking ...
      Performing pre-transformations on LLVM IR ...        0 sec [DONE]
        
      Performing logical encoding ...size Alloca: 1
TODO MKB implement precondition handling: IE
Reading in precondition at: jobs/2430/precondition_sqlite3PcacheSetSpillsize.txt
preconFile: jobs/2430/precondition_sqlite3PcacheSetSpillsize.txt
ref: [underoverapprox]name of function arguments, argValue:  
ref: [underoverapprox]name of function arguments, argValue:  
name of function arguments line
param: i32 %arg1:-2147483648
---name: i32 %arg1, value: -2147483648.
integer, char or other simple types
name: i32 %arg1
assuming that there are not more then 10 arguments
nameIndex: 1
nameID: 1
argument name: arg1
value: -2147483648
###new bool cond: bool % = compare(%arg1, %i32__2147483648)
pruneOrAssert -- adding line boolCond: bool % = compare(%arg1, %i32__2147483648)
param: i32 %arg1:-2147483647
---name: i32 %arg1, value: -2147483647.
integer, char or other simple types
name: i32 %arg1
assuming that there are not more then 10 arguments
nameIndex: 1
nameID: 1
argument name: arg1
value: -2147483647
###new bool cond: bool % = compare(%arg1, %i32__2147483649)
pruneOrAssert -- adding line boolCond: bool % = compare(%arg1, %i32__2147483649)
param: i32 %arg1:-2147483645
---name: i32 %arg1, value: -2147483645.
integer, char or other simple types
name: i32 %arg1
assuming that there are not more then 10 arguments
nameIndex: 1
nameID: 1
argument name: arg1
value: -2147483645
###new bool cond: bool % = compare(%arg1, %i32__2147483651)
pruneOrAssert -- adding line boolCond: bool % = compare(%arg1, %i32__2147483651)
param: i32 %arg1:-2147483646
---name: i32 %arg1, value: -2147483646.
integer, char or other simple types
name: i32 %arg1
assuming that there are not more then 10 arguments
nameIndex: 1
nameID: 1
argument name: arg1
value: -2147483646
###new bool cond: bool % = compare(%arg1, %i32__2147483650)
pruneOrAssert -- adding line boolCond: bool % = compare(%arg1, %i32__2147483650)
param: i32 %arg1:-2147483638
---name: i32 %arg1, value: -2147483638.
integer, char or other simple types
name: i32 %arg1
assuming that there are not more then 10 arguments
nameIndex: 1
nameID: 1
argument name: arg1
value: -2147483638
###new bool cond: bool % = compare(%arg1, %i32__2147483658)
pruneOrAssert -- adding line boolCond: bool % = compare(%arg1, %i32__2147483658)
Writing precondition type at: jobs/2430/precondition_type_sqlite3PagerSetSpillsize.txt

Type of Precondition:
[underoverapprox]
precondition found, end encoding
                      0 sec [DONE]
        Number of expressions:                        155031
        after encoding

      5 assertions before transformations (5 custom).

      Performing formula transformations ...
        Simplifier
          Number of rewrites                            3341
        Fixed Memory Address Assigner
          Number of moved ops                              1
          Number of rewrites                            5209
        Simplifier
          Number of moved ops                              1
          Number of rewrites                           73288
        Memory Model Encoder
          Number of moved ops                              0
          Number of rewrites                               0
        Simplifier
          Number of rewrites                               0
        Simplifier
          Number of rewrites                           69268
        ToASC Analyser
          Memcpy/memset found                             no
        Byte-Based Memory Creator
        Instantiation-Based ToASC Simplifier
        Simplifier
        FP Abstraction
          Number of rewrites                              44

Abstracted floating point operations.  The result might be a false positive.

        Simplifier
          Number of moved ops                              0
          Number of rewrites                               0
                                                           0 sec [DONE]
        
      5 assertions remain after transformations (5 custom).
after rewriteFormula
after sanityCheckFormula

      Running SMT solver (STP with MiniSat) ...            0 sec [DONE]
        
                                                           0 sec [DONE]
      after performing Check
evaluateCheckerResultsViaRefinementLoop
checker.getResult() is Trace
checkOnlyPrecon: 1, size:1
setCheckToUnsafe for precondition Instruction
checkID: 8088
setCheckToUnsafe
set check to unsafe
getCheckerResultAfterUpdatingMarker
failingInst is nullptr
Preconditions internal: 
i32 %arg1:-2147483647; (i32 %arg1:2147483649)
 function does not read memory: 0, checkValidLoad:0, checkMemory: 0
function does not read memory 

assumePair: i32 %arg1 = nondef() : -2147483647

    Rerunning SMT solver (STP with MiniSat) ...            0 sec [DONE]
      failingInst is nullptr
Preconditions internal: 
i32 %arg1:-2147483646; (i32 %arg1:2147483650)
 function does not read memory: 0, checkValidLoad:0, checkMemory: 0
function does not read memory 

assumePair: i32 %arg1 = nondef() : -2147483646

    Rerunning SMT solver (STP with MiniSat) ...            0 sec [DONE]
      failingInst is nullptr
Preconditions internal: 
i32 %arg1:-2147483645; (i32 %arg1:2147483651)
 function does not read memory: 0, checkValidLoad:0, checkMemory: 0
function does not read memory 

assumePair: i32 %arg1 = nondef() : -2147483645

    Rerunning SMT solver (STP with MiniSat) ...            0 sec [DONE]
      failingInst:   %2 = call i32 @qpr.precondition.sqlite3PcacheSetSpillsize(%struct.PCache.136* %1, i32 %arg1), !dbg !5613
Preconditions internal: 
i32 %arg1:-2147483648; (i32 %arg1:2147483648)
 function does not read memory: 0, checkValidLoad:0, checkMemory: 0
function does not read memory 

assumePair: i32 %arg1 = nondef() : -2147483648

    Rerunning SMT solver (STP with MiniSat) ...            0 sec [DONE]
      failingInst is nullptr
Preconditions internal: 
i32 %arg1:-2147483638; (i32 %arg1:2147483658)
 function does not read memory: 0, checkValidLoad:0, checkMemory: 0
function does not read memory 

assumePair: i32 %arg1 = nondef() : -2147483638

    Rerunning SMT solver (STP with MiniSat) ...            0 sec [DONE]
      name of function arguments: Writing precondition at: jobs/2430/precondition_sqlite3PagerSetSpillsize.txt

Generated Preconditions:
[underoverapprox]name of function arguments: 
i32 %arg1:-2147483647; 
i32 %arg1:-2147483646; 
i32 %arg1:-2147483645; 
i32 %arg1:-2147483648; 
i32 %arg1:-2147483638; 

                                                           2 sec [DONE]
    allunsafe
    
                                                           2 sec [DONE]
  