runJobCommand
arguents: child
arguents: job
arguents: mode
Careful, HavocLimit is not zero. Call Abstraction is activated
handleJobInSeparateProcess0

Checking job 7559 ...about to run job:
preconNumber: 0, 0

  Running Model Checker with 1 checks ...try
try ready

    SMTSolver : stp
    CallStackBound : 0
    StopEncodingAfterCheckLoop : 0
    LoopUnrollBound : 1
    HavocLimit : 1
    PreconditionNumber : 0
    PreconditionLocation : jobs/7559
    TimeOut : 600
    InitializedGlobals : false
    IgnoreMissingFunctions : false
    StopEncodingAfterCheck : false
    OverApproxVaArgs : false
    PreconditionCheckMemory : false
    PreconditionOnlyArguments : trueI [0] lib/ModelChecker/Verifier.cpp:247 | EntryPoint : sqlite3WhereTabFuncArgs
m_checker->run()

    Performing bounded model checking ...
      Unrolling loop in function "sqlite3WhereTabFuncArgs" for 1 iterations succeeded.
      Unrolling loop in function "sqlite3WhereTabFuncArgs" for 1 iterations succeeded.
      Transformed "sqlite3WhereTabFuncArgs" from 20 to 26 basic blocks and from 134 to 167 instructions
      Performing pre-transformations on LLVM IR ...        0 sec [DONE]
        
      Performing logical encoding ...Current: sqlite3WhereTabFuncArgs Havoced: sqlite3ExprAlloc
Current: sqlite3WhereTabFuncArgs Havoced: sqlite3ExprDup
Current: sqlite3WhereTabFuncArgs Havoced: sqlite3PExpr
Current: sqlite3WhereTabFuncArgs Havoced: sqlite3PExpr
Current: sqlite3WhereTabFuncArgs Havoced: sqlite3SetJoinExpr
Current: sqlite3WhereTabFuncArgs Havoced: whereClauseInsert
Current: sqlite3WhereTabFuncArgs Havoced: sqlite3ErrorMsg
                      0 sec [DONE]
        Number of expressions:                        155305
        after encoding

      4 assertions before transformations (2 no_back_edge, 2 custom).

      Performing formula transformations ...
        Simplifier
          Number of rewrites                            3513
        Fixed Memory Address Assigner
          Number of moved ops                              0
          Number of rewrites                            5208
        Simplifier
          Number of moved ops                              0
          Number of rewrites                           72613
        Memory Model Encoder
          Number of moved ops                              0
          Number of rewrites                               0
        Simplifier
          Number of rewrites                               5
        Simplifier
          Number of moved ops                              0
          Number of rewrites                             142
        ToASC Analyser
          Memcpy/memset found                             no
        Byte-Based Memory Creator
        Instantiation-Based ToASC Simplifier
        Simplifier
        FP Abstraction
          Number of rewrites                              44

Abstracted floating point operations.  The result might be a false positive.

        Simplifier
          Number of moved ops                              0
          Number of rewrites                               0
                                                           0 sec [DONE]
        
      4 assertions remain after transformations (2 no_back_edge, 2 custom).
after rewriteFormula
after sanityCheckFormula

      Running SMT solver (STP with MiniSat) ...