runJobCommand
arguents: child
arguents: job
arguents: mode
Careful, HavocLimit is not zero. Call Abstraction is activated
handleJobInSeparateProcess0

Checking job 5004 ...about to run job:
preconNumber: 0, 0

  Running Model Checker with 1 checks ...try
try ready

    SMTSolver : stp
    CallStackBound : 0
    StopEncodingAfterCheckLoop : 0
    LoopUnrollBound : 1
    HavocLimit : 1
    PreconditionNumber : 0
    PreconditionLocation : jobs/5004
    TimeOut : 600
    InitializedGlobals : false
    IgnoreMissingFunctions : false
    StopEncodingAfterCheck : false
    OverApproxVaArgs : false
    PreconditionCheckMemory : false
    PreconditionOnlyArguments : trueI [0] lib/ModelChecker/Verifier.cpp:247 | EntryPoint : vdbeSorterSort
m_checker->run()

    Performing bounded model checking ...
      Unrolling loop in function "vdbeSorterSort" for 64 iterations succeeded.
      Unrolling loop in function "vdbeSorterSort" for 1 iterations succeeded.
      Unrolling loop in function "vdbeSorterSort" for 1 iterations succeeded.
      Transformed "vdbeSorterSort" from 26 to 468 basic blocks and from 149 to 2435 instructions
      Performing pre-transformations on LLVM IR ...        0 sec [DONE]
        
      Performing logical encoding ...Current: vdbeSorterSort Havoced: vdbeSortAllocUnpacked
Current: vdbeSorterSort Havoced: vdbeSorterGetCompare
isMemset:   call void @llvm.memset.p0i8.i64(i8* %10, i8 0, i64 512, i32 16, i1 false), !dbg !5640
Current: vdbeSorterSort Havoced: vdbeSorterMerge
Current: vdbeSorterSort Havoced: vdbeSorterMerge
Current: vdbeSorterSort Havoced: vdbeSorterMerge
Current: vdbeSorterSort Havoced: vdbeSorterMerge
Current: vdbeSorterSort Havoced: vdbeSorterMerge
Current: vdbeSorterSort Havoced: vdbeSorterMerge
Current: vdbeSorterSort Havoced: vdbeSorterMerge
Current: vdbeSorterSort Havoced: vdbeSorterMerge
Current: vdbeSorterSort Havoced: vdbeSorterMerge
Current: vdbeSorterSort Havoced: vdbeSorterMerge
Current: vdbeSorterSort Havoced: vdbeSorterMerge
Current: vdbeSorterSort Havoced: vdbeSorterMerge
Current: vdbeSorterSort Havoced: vdbeSorterMerge
Current: vdbeSorterSort Havoced: vdbeSorterMerge
Current: vdbeSorterSort Havoced: vdbeSorterMerge
Current: vdbeSorterSort Havoced: vdbeSorterMerge
Current: vdbeSorterSort Havoced: vdbeSorterMerge
Current: vdbeSorterSort Havoced: vdbeSorterMerge
Current: vdbeSorterSort Havoced: vdbeSorterMerge
Current: vdbeSorterSort Havoced: vdbeSorterMerge
Current: vdbeSorterSort Havoced: vdbeSorterMerge
Current: vdbeSorterSort Havoced: vdbeSorterMerge
Current: vdbeSorterSort Havoced: vdbeSorterMerge
Current: vdbeSorterSort Havoced: vdbeSorterMerge
Current: vdbeSorterSort Havoced: vdbeSorterMerge
Current: vdbeSorterSort Havoced: vdbeSorterMerge
Current: vdbeSorterSort Havoced: vdbeSorterMerge
Current: vdbeSorterSort Havoced: vdbeSorterMerge
Current: vdbeSorterSort Havoced: vdbeSorterMerge
Current: vdbeSorterSort Havoced: vdbeSorterMerge
Current: vdbeSorterSort Havoced: vdbeSorterMerge
Current: vdbeSorterSort Havoced: vdbeSorterMerge
Current: vdbeSorterSort Havoced: vdbeSorterMerge
Current: vdbeSorterSort Havoced: vdbeSorterMerge
Current: vdbeSorterSort Havoced: vdbeSorterMerge
Current: vdbeSorterSort Havoced: vdbeSorterMerge
Current: vdbeSorterSort Havoced: vdbeSorterMerge
Current: vdbeSorterSort Havoced: vdbeSorterMerge
Current: vdbeSorterSort Havoced: vdbeSorterMerge
Current: vdbeSorterSort Havoced: vdbeSorterMerge
Current: vdbeSorterSort Havoced: vdbeSorterMerge
Current: vdbeSorterSort Havoced: vdbeSorterMerge
Current: vdbeSorterSort Havoced: vdbeSorterMerge
Current: vdbeSorterSort Havoced: vdbeSorterMerge
Current: vdbeSorterSort Havoced: vdbeSorterMerge
Current: vdbeSorterSort Havoced: vdbeSorterMerge
Current: vdbeSorterSort Havoced: vdbeSorterMerge
Current: vdbeSorterSort Havoced: vdbeSorterMerge
Current: vdbeSorterSort Havoced: vdbeSorterMerge
Current: vdbeSorterSort Havoced: vdbeSorterMerge
Current: vdbeSorterSort Havoced: vdbeSorterMerge
Current: vdbeSorterSort Havoced: vdbeSorterMerge
Current: vdbeSorterSort Havoced: vdbeSorterMerge
Current: vdbeSorterSort Havoced: vdbeSorterMerge
Current: vdbeSorterSort Havoced: vdbeSorterMerge
Current: vdbeSorterSort Havoced: vdbeSorterMerge
Current: vdbeSorterSort Havoced: vdbeSorterMerge
Current: vdbeSorterSort Havoced: vdbeSorterMerge
Current: vdbeSorterSort Havoced: vdbeSorterMerge
Current: vdbeSorterSort Havoced: vdbeSorterMerge
Current: vdbeSorterSort Havoced: vdbeSorterMerge
Current: vdbeSorterSort Havoced: vdbeSorterMerge
Current: vdbeSorterSort Havoced: vdbeSorterMerge
Current: vdbeSorterSort Havoced: vdbeSorterMerge
Current: vdbeSorterSort Havoced: vdbeSorterMerge
                      0 sec [DONE]
        Number of expressions:                        159391
        after encoding

      5 assertions before transformations (3 no_back_edge, 2 custom).

      Performing formula transformations ...
        Simplifier
          Number of rewrites                            6499
        Fixed Memory Address Assigner
          Number of moved ops                              0
          Number of rewrites                            5208
        Simplifier
          Number of moved ops                              0
          Number of rewrites                           72864
        Memory Model Encoder
          Number of moved ops                              0rewriteAllocaOprewriteStackAddressOp

          Number of rewrites                               1
        Simplifier
          Number of moved ops                              0
          Number of rewrites                             198
        Simplifier
          Number of moved ops                              0
          Number of rewrites                             655
        ToASC Analyser
          Memcpy/memset found                             no
        Byte-Based Memory Creator
        Instantiation-Based ToASC Simplifier
        Simplifier
        FP Abstraction
          Number of rewrites                              44

Abstracted floating point operations.  The result might be a false positive.

        Simplifier
          Number of moved ops                              0
          Number of rewrites                               0
                                                           0 sec [DONE]
        
      5 assertions remain after transformations (3 no_back_edge, 2 custom).
after rewriteFormula
after sanityCheckFormula

      Running SMT solver (STP with MiniSat) ...            0 sec [DONE]
        
                                                           1 sec [DONE]
      after performing Check
evaluateCheckerResultsViaRefinementLoop
checker.getResult() is Trace
checkOnlyPrecon: 0, size:1
getFailingCheckFor
setStatusMarkerAccordingToFailingInstruction
BranchInst - LoopBound
trying to exclude Assertions for Failing Instruction

    Rerunning SMT solver (STP with MiniSat) ...            0 sec [DONE]
      getCheckerResultAfterUpdatingMarker
Result is NoTrace

                                                           2 sec [DONE]
    allsafe
    
                                                           2 sec [DONE]
  