runJobCommand
arguents: child
arguents: job
arguents: mode
Careful, HavocLimit is not zero. Call Abstraction is activated
handleJobInSeparateProcess0

Checking job 1878 ...about to run job:
preconNumber: 0, 0

  Running Model Checker with 1 checks ...try
try ready

    SMTSolver : stp
    CallStackBound : 0
    StopEncodingAfterCheckLoop : 0
    LoopUnrollBound : 1
    HavocLimit : 2
    PreconditionNumber : 0
    PreconditionLocation : jobs/1878
    TimeOut : 600
    InitializedGlobals : false
    IgnoreMissingFunctions : false
    StopEncodingAfterCheck : false
    OverApproxVaArgs : false
    PreconditionCheckMemory : false
    PreconditionOnlyArguments : trueI [0] lib/ModelChecker/Verifier.cpp:247 | EntryPoint : sqlite3AddColumn
m_checker->run()

    Performing bounded model checking ...
      Unrolling loop in function "sqlite3AddColumn" for 1 iterations succeeded.
      Transformed "sqlite3AddColumn" from 24 to 25 basic blocks and from 221 to 227 instructions
      Performing pre-transformations on LLVM IR ...        0 sec [DONE]
        
      Performing logical encoding ...Current: sqlite3DbMallocRaw Havoced: sqlite3Malloc
Current: sqlite3DbMallocRaw Havoced: sqlite3DbMallocRawNN
Current: sqlite3RenameTokenMap Havoced: sqlite3DbMallocZero
isMemcpy:   call void @llvm.memcpy.p0i8.p0i8.i64(i8* %14, i8* %15, i64 16, i32 8, i1 false), !dbg !5632
isMemcpy:   call void @llvm.memcpy.p0i8.p0i8.i64(i8* %22, i8* %30, i64 %33, i32 1, i1 false), !dbg !5674

        Unrolling loop in function "sqlite3Dequote" for 1 iterations succeeded.
        Transformed "sqlite3Dequote" from 17 to 24 basic blocks and from 95 to 150 instructions
        Unrolling loop in function "sqlite3StrIHash" for 1 iterations succeeded.
        Transformed "sqlite3StrIHash" from 7 to 8 basic blocks and from 39 to 46 instructions
        Unrolling loop in function "sqlite3StrICmp" for 1 iterations succeeded.
        Transformed "sqlite3StrICmp" from 10 to 16 basic blocks and from 56 to 98 instructionsCurrent: sqlite3DbRealloc Havoced: dbReallocFinish
Current: sqlite3DbRealloc Havoced: sqlite3DbMallocRawNN
isMemset:   call void @llvm.memset.p0i8.i64(i8* %89, i8 0, i64 32, i32 8, i1 false), !dbg !5743

        Unrolling loop in function "llbmc.strlen" for 0 iterations succeeded.
        Transformed "llbmc.strlen" from 8 to 9 instructionsisMemcpy:   call void @llvm.memcpy.p0i8.p0i8.i64(i8* %100, i8* %102, i64 %105, i32 1, i1 false), !dbg !5766

        Unrolling loop in function "sqlite3AffinityType" for 1 iterations succeeded.
        Unrolling loop in function "sqlite3AffinityType" for 1 iterations succeeded.
        Transformed "sqlite3AffinityType" from 48 to 52 basic blocks and from 305 to 328 instructionsCurrent: sqlite3AffinityType Havoced: sqlite3GetInt32
Current: sqlite3DbFree Havoced: sqlite3DbFreeNN
Current: sqlite3ErrorMsg Havoced: sqlite3VMPrintf
Current: sqlite3ErrorMsg Havoced: sqlite3DbFree
Current: sqlite3ErrorMsg Havoced: sqlite3DbFree
Current: sqlite3DbFree Havoced: sqlite3DbFreeNN
Current: sqlite3ErrorMsg Havoced: sqlite3VMPrintf
Current: sqlite3ErrorMsg Havoced: sqlite3DbFree
Current: sqlite3ErrorMsg Havoced: sqlite3DbFree

                                                           0 sec [DONE]
        Number of expressions:                        156916
        after encoding

      9 assertions before transformations (8 no_back_edge, 1 custom).

      Performing formula transformations ...
        Simplifier
          Number of rewrites                            4538
        Fixed Memory Address Assigner
          Number of moved ops                              0
          Number of rewrites                            5208
        Simplifier
          Number of moved ops                              0
          Number of rewrites                           72687
        Memory Model Encoder
          Number of moved ops                              0rewriteAllocaOprewriteStackAddressOp
rewriteAllocaOprewriteStackAddressOp
rewriteAllocaOprewriteStackAddressOp
rewriteAllocaOprewriteStackAddressOp
rewriteAllocaOprewriteStackAddressOp

          Number of rewrites                               5
        Simplifier
          Number of moved ops                              0
          Number of rewrites                              47
        Simplifier
          Number of moved ops                              0
          Number of rewrites                             147
        ToASC Analyser
          Memcpy/memset found                            yes
        Byte-Based Memory Creator
          Number of rewrites                            9013
        Instantiation-Based ToASC Simplifier
          Number of rewrites                               2
        Simplifier
          Number of moved ops                            955
          Number of rewrites                           23341
        FP Abstraction
          Number of rewrites                              22

Abstracted floating point operations.  The result might be a false positive.

        Simplifier
          Number of moved ops                              0
          Number of rewrites                               0
                                                           0 sec [DONE]
        
      9 assertions remain after transformations (8 no_back_edge, 1 custom).
after rewriteFormula
after sanityCheckFormula

      Running SMT solver (STP with MiniSat) ...fore transformations (27 no_back_edge, 2 custom).

      Performing formula transformations ...
        Simplifier
          Number of rewrites                            6917
        Fixed Memory Address Assigner
          Number of moved ops                              2
          Number of rewrites                            5208
        Simplifier
          Number of moved ops                              0
          Number of rewrites                           73080
        Memory Model Encoder
          Number of moved ops                              0rewriteAllocaOprewriteStackAddressOp
rewriteAllocaOprewriteStackAddressOp
rewriteAllocaOprewriteStackAddressOp
rewriteAllocaOprewriteStackAddressOp
rewriteAllocaOprewriteStackAddressOp
rewriteAllocaOprewriteStackAddressOp
rewriteAllocaOprewriteStackAddressOp
rewriteAllocaOprewriteStackAddressOp
rewriteAllocaOprewriteStackAddressOp
rewriteAllocaOprewriteStackAddressOp
rewriteAllocaOprewriteStackAddressOp
rewriteAllocaOprewriteStackAddressOp
rewriteAllocaOprewriteStackAddressOp
rewriteAllocaOprewriteStackAddressOp

          Number of rewrites                              14
        Simplifier
          Number of moved ops                              0
          Number of rewrites                             170
        Simplifier
          Number of moved ops                              0
          Number of rewrites                             145
        ToASC Analyser
          Memcpy/memset found                             no
        Byte-Based Memory Creator
        Instantiation-Based ToASC Simplifier
        Simplifier
        FP Abstraction
          Number of rewrites                              44

Abstracted floating point operations.  The result might be a false positive.

        Simplifier
          Number of moved ops                              0
          Number of rewrites                               0
                                                           0 sec [DONE]
        
      29 assertions remain after transformations (27 no_back_edge, 2 custom).
after rewriteFormula
after sanityCheckFormula

      Running SMT solver (STP with MiniSat) ...caOprewriteStackAddressOp
rewriteAllocaOprewriteStackAddressOp
rewriteAllocaOprewriteStackAddressOp
rewriteAllocaOprewriteStackAddressOp
rewriteAllocaOprewriteStackAddressOp
rewriteAllocaOprewriteStackAddressOp
rewriteAllocaOprewriteStackAddressOp
rewriteAllocaOprewriteStackAddressOp
rewriteAllocaOprewriteStackAddressOp
rewriteAllocaOprewriteStackAddressOp
rewriteAllocaOprewriteStackAddressOp

          Number of rewrites                              20
        Simplifier
          Number of moved ops                              0
          Number of rewrites                            3336
        Simplifier
          Number of moved ops                              0
          Number of rewrites                            1176
        ToASC Analyser
          Memcpy/memset found                            yes
        Byte-Based Memory Creator
          Number of rewrites                            9150
        Instantiation-Based ToASC Simplifier
          Number of rewrites                               1
        Simplifier
          Number of moved ops                            506
          Number of rewrites                           23275
        FP Abstraction
          Number of rewrites                              22

Abstracted floating point operations.  The result might be a false positive.

        Simplifier
          Number of moved ops                              2
          Number of rewrites                               0
                                                           1 sec [DONE]
        
      35 assertions remain after transformations (33 no_back_edge, 2 custom).
after rewriteFormula
after sanityCheckFormula

      Running SMT solver (STP with MiniSat) ...