runJobCommand
arguents: child
arguents: job
arguents: mode
handleJobInSeparateProcess0

Checking job 604 ...about to run job:
preconNumber: 5, 1

  Running Model Checker with 1 checks ...try
try ready

    SMTSolver : stp
    CallStackBound : 0
    StopEncodingAfterCheckLoop : 0
    LoopUnrollBound : 12
    HavocLimit : 0
    PreconditionNumber : 5
    PreconditionLocation : jobs/604
    TimeOut : 300
    InitializedGlobals : false
    IgnoreMissingFunctions : false
    StopEncodingAfterCheck : false
    OverApproxVaArgs : false
    PreconditionCheckMemory : false
    PreconditionOnlyArguments : trueI [0] lib/ModelChecker/Verifier.cpp:247 | EntryPoint : extract_gyro_header_mode
m_checker->run()

    Performing bounded model checking ...
      Unrolling loop in function "extract_gyro_header_mode" for 12 iterations succeeded.
      Transformed "extract_gyro_header_mode" from 16 to 414 basic blocks and from 99 to 1341 instructions
      Performing pre-transformations on LLVM IR ...        0 sec [DONE]
        
      Performing logical encoding ...size Alloca: 1
size Alloca: 1
size Alloca: 1

        Transformed "unpack_gyro_frame" from 18 to 46 basic blocks and from 208 to 263 instructions
                                                           0 sec [DONE]
        Number of expressions:                         20457
        after encoding

      13 assertions before transformations (1 no_back_edge, 12 custom).

      Performing formula transformations ...
        Simplifier
          Number of rewrites                            8974
        Fixed Memory Address Assigner
          Number of moved ops                              8
          Number of rewrites                              11
        Simplifier
          Number of moved ops                              3
          Number of rewrites                            5838
        Memory Model Encoder
          Number of moved ops                              1rewriteAllocaOprewriteStackAddressOp
rewriteAllocaOprewriteStackAddressOp

          Number of rewrites                               2
        Simplifier
          Number of moved ops                              0
          Number of rewrites                            3451
        Simplifier
          Number of moved ops                              0
          Number of rewrites                               3
        ToASC Analyser
          Memcpy/memset found                             no
        Byte-Based Memory Creator
        Instantiation-Based ToASC Simplifier
        Simplifier
        FP Abstraction
          Number of rewrites                               0
        Simplifier
          Number of moved ops                              0
          Number of rewrites                               0
                                                           0 sec [DONE]
        
      13 assertions remain after transformations (1 no_back_edge, 12 custom).
after rewriteFormula
after sanityCheckFormula

      Running SMT solver (STP with MiniSat) ...            8 sec [DONE]
        
                                                           9 sec [DONE]
      after performing Check
evaluateCheckerResultsViaRefinementLoop
getCheckerResultAfterUpdatingMarker
Result is NoTrace

                                                           9 sec [DONE]
    allsafe
    
                                                           9 sec [DONE]
  