runJobCommand
arguents: child
arguents: job
arguents: mode
Careful, HavocLimit is not zero. Call Abstraction is activated
handleJobInSeparateProcess0

Checking job 6170 ...about to run job:
preconNumber: 0, 0

  Running Model Checker with 1 checks ...try
try ready

    SMTSolver : stp
    CallStackBound : 0
    StopEncodingAfterCheckLoop : 0
    LoopUnrollBound : 1
    HavocLimit : 1
    PreconditionNumber : 0
    PreconditionLocation : jobs/6170
    TimeOut : 600
    InitializedGlobals : false
    IgnoreMissingFunctions : false
    StopEncodingAfterCheck : false
    OverApproxVaArgs : false
    PreconditionCheckMemory : false
    PreconditionOnlyArguments : trueI [0] lib/ModelChecker/Verifier.cpp:247 | EntryPoint : replaceFunc
m_checker->run()

    Performing bounded model checking ...
      Unrolling loop in function "replaceFunc" for 1 iterations succeeded.
      Transformed "replaceFunc" from 28 to 29 basic blocks and from 238 to 253 instructions
      Performing pre-transformations on LLVM IR ...        0 sec [DONE]
        
      Performing logical encoding ...Current: replaceFunc Havoced: sqlite3_context_db_handle
Current: replaceFunc Havoced: sqlite3_value_text
Current: replaceFunc Havoced: sqlite3_value_bytes
Current: replaceFunc Havoced: sqlite3_value_text
Current: replaceFunc Havoced: sqlite3_value_bytes
Current: replaceFunc Havoced: sqlite3_value_text
Current: replaceFunc Havoced: sqlite3_value_bytes
Current: replaceFunc Havoced: contextMalloc

        Unrolling loop in function "llbmc.memcmp" for 0 iterations succeeded.
        Transformed "llbmc.memcmp" from 17 to 20 instructionsCurrent: replaceFunc Havoced: sqlite3Realloc
isMemcpy:   call void @llvm.memcpy.p0i8.p0i8.i64(i8* %85, i8* %23, i64 %86, i32 1, i1 false), !dbg !5767
Current: replaceFunc Havoced: sqlite3_result_error_nomem
Current: replaceFunc Havoced: sqlite3_free
Current: replaceFunc Havoced: sqlite3_result_error_toobig
Current: replaceFunc Havoced: sqlite3_free
isMemcpy:   call void @llvm.memcpy.p0i8.p0i8.i64(i8* %98, i8* %100, i64 %102, i32 1, i1 false), !dbg !5781
Current: replaceFunc Havoced: sqlite3_result_text
Current: replaceFunc Havoced: sqlite3_result_value

                                                           0 sec [DONE]
        Number of expressions:                        155403
        after encoding

      3 assertions before transformations (2 no_back_edge, 1 custom).

      Performing formula transformations ...
        Simplifier
          Number of rewrites                            3569
        Fixed Memory Address Assigner
          Number of moved ops                              0
          Number of rewrites                            5208
        Simplifier
          Number of moved ops                              0
          Number of rewrites                           72622
        Memory Model Encoder
          Number of moved ops                              0
          Number of rewrites                               0
        Simplifier
          Number of rewrites                               6
        Simplifier
          Number of moved ops                              0
          Number of rewrites                             142
        ToASC Analyser
          Memcpy/memset found                            yes
        Byte-Based Memory Creator
          Number of rewrites                            8922
        Instantiation-Based ToASC Simplifier
          Number of rewrites                               2
        Simplifier
          Number of moved ops                              0
          Number of rewrites                           23056
        FP Abstraction
          Number of rewrites                              22

Abstracted floating point operations.  The result might be a false positive.

        Simplifier
          Number of moved ops                              0
          Number of rewrites                               0
                                                           0 sec [DONE]
        
      3 assertions remain after transformations (2 no_back_edge, 1 custom).
after rewriteFormula
after sanityCheckFormula

      Running SMT solver (STP with MiniSat) ...            0 sec [DONE]
        
                                                           1 sec [DONE]
      after performing Check
evaluateCheckerResultsViaRefinementLoop
checker.getResult() is Trace
checkOnlyPrecon: 0, size:1
getFailingCheckFor
setCheckToUnsafe
setCheckToUnsafe
Check for floating point traces / abstractions currently deactivated
trying to exclude Assertions for Failing Instruction

    Rerunning SMT solver (STP with MiniSat) ...            0 sec [DONE]
      checker.getResult() is Trace
checkOnlyPrecon: 0, size:1
getFailingCheckFor
setStatusMarkerAccordingToFailingInstruction
BranchInst - LoopBound
trying to exclude Assertions for Failing Instruction

    Rerunning SMT solver (STP with MiniSat) ...            0 sec [DONE]
      checker.getResult() is Trace
checkOnlyPrecon: 0, size:1
getFailingCheckFor
setStatusMarkerAccordingToFailingInstruction
BranchInst - LoopBound
trying to exclude Assertions for Failing Instruction

    Rerunning SMT solver (STP with MiniSat) ...            0 sec [DONE]
      getCheckerResultAfterUpdatingMarker
Result is NoTrace

                                                           1 sec [DONE]
    allunsafe
    
                                                           1 sec [DONE]
  