runJobCommand
arguents: child
arguents: job
arguents: mode
Careful, HavocLimit is not zero. Call Abstraction is activated
handleJobInSeparateProcess0

Checking job 5709 ...about to run job:
preconNumber: 0, 0

  Running Model Checker with 1 checks ...try
try ready

    SMTSolver : stp
    CallStackBound : 0
    StopEncodingAfterCheckLoop : 0
    LoopUnrollBound : 1
    HavocLimit : 2
    PreconditionNumber : 0
    PreconditionLocation : jobs/5709
    TimeOut : 600
    InitializedGlobals : false
    IgnoreMissingFunctions : false
    StopEncodingAfterCheck : false
    OverApproxVaArgs : false
    PreconditionCheckMemory : false
    PreconditionOnlyArguments : trueI [0] lib/ModelChecker/Verifier.cpp:247 | EntryPoint : sqlite3WhereEnd
m_checker->run()

    Performing bounded model checking ...
      Unrolling loop in function "sqlite3WhereEnd" for 1 iterations succeeded.
      Unrolling loop in function "sqlite3WhereEnd" for 1 iterations succeeded.
      Unrolling loop in function "sqlite3WhereEnd" for 1 iterations succeeded.
      Unrolling loop in function "sqlite3WhereEnd" for 1 iterations succeeded.
      Unrolling loop in function "sqlite3WhereEnd" for 1 iterations succeeded.
      Transformed "sqlite3WhereEnd" from 94 to 98 basic blocks and from 659 to 676 instructions
      Performing pre-transformations on LLVM IR ...        0 sec [DONE]
        
      Performing logical encoding ...Current: sqlite3VdbeResolveLabel Havoced: resizeResolveLabel
Current: sqlite3VdbeAddOp3 Havoced: growOp3
Current: sqlite3VdbeAddOp4Int Havoced: sqlite3VdbeAddOp3
Current: sqlite3VdbeAddOp2 Havoced: sqlite3VdbeAddOp3
Current: sqlite3VdbeResolveLabel Havoced: resizeResolveLabel
Current: sqlite3VdbeAddOp3 Havoced: growOp3
Current: sqlite3VdbeResolveLabel Havoced: resizeResolveLabel
Current: sqlite3VdbeAddOp2 Havoced: sqlite3VdbeAddOp3
Current: sqlite3VdbeJumpHere Havoced: sqlite3VdbeChangeP2
Current: sqlite3VdbeResolveLabel Havoced: resizeResolveLabel
Current: sqlite3VdbeJumpHere Havoced: sqlite3VdbeChangeP2
Current: sqlite3VdbeAddOp2 Havoced: sqlite3VdbeAddOp3
Current: sqlite3VdbeAddOp4Int Havoced: sqlite3VdbeAddOp3
Current: sqlite3VdbeJumpHere Havoced: sqlite3VdbeChangeP2
Current: sqlite3VdbeAddOp2 Havoced: sqlite3VdbeAddOp3
Current: sqlite3VdbeJumpHere Havoced: sqlite3VdbeChangeP2
Current: sqlite3VdbeResolveLabel Havoced: resizeResolveLabel
Current: sqlite3VdbeGoto Havoced: sqlite3VdbeAddOp3
Current: sqlite3VdbeJumpHere Havoced: sqlite3VdbeChangeP2
Current: sqlite3VdbeJumpHere Havoced: sqlite3VdbeChangeP2
Current: sqlite3VdbeAddOp2 Havoced: sqlite3VdbeAddOp3
Current: sqlite3VdbeAddOp1 Havoced: sqlite3VdbeAddOp3
Current: sqlite3VdbeAddOp1 Havoced: sqlite3VdbeAddOp3
Current: sqlite3VdbeAddOp1 Havoced: sqlite3VdbeAddOp3
Current: sqlite3VdbeGoto Havoced: sqlite3VdbeAddOp3
Current: sqlite3VdbeAddOp2 Havoced: sqlite3VdbeAddOp3
Current: sqlite3VdbeJumpHere Havoced: sqlite3VdbeChangeP2
Current: sqlite3VdbeResolveLabel Havoced: resizeResolveLabel

        Unrolling loop in function "sqlite3PrimaryKeyIndex" for 1 iterations succeeded.
        Transformed "sqlite3PrimaryKeyIndex" from 7 to 12 basic blocks and from 27 to 47 instructions
        Unrolling loop in function "sqlite3StorageColumnToTable" for 1 iterations succeeded.
        Transformed "sqlite3StorageColumnToTable" from 9 to 10 basic blocks and from 47 to 55 instructions
        Unrolling loop in function "sqlite3TableColumnToIndex" for 1 iterations succeeded.
        Transformed "sqlite3TableColumnToIndex" from 8 to 9 basic blocks and from 39 to 46 instructions
        Unrolling loop in function "translateColumnToCopy" for 1 iterations succeeded.
        Transformed "translateColumnToCopy" from 14 to 16 basic blocks and from 82 to 87 instructionsCurrent: translateColumnToCopy Havoced: sqlite3VdbeGetOp
Current: translateColumnToCopy Havoced: sqlite3VdbeCurrentAddr

        Unrolling loop in function "whereUndoExprMods" for 1 iterations succeeded.
        Transformed "whereUndoExprMods" from 4 to 5 basic blocks and from 29 to 32 instructionsisMemcpy:   call void @llvm.memcpy.p0i8.p0i8.i64(i8* %11, i8* %13, i64 72, i32 8, i1 false), !dbg !5623
Current: whereUndoExprMods Havoced: sqlite3DbFree

        Unrolling loop in function "whereInfoFree" for 1 iterations succeeded.
        Unrolling loop in function "whereInfoFree" for 1 iterations succeeded.
        Transformed "whereInfoFree" from 11 to 13 basic blocks and from 65 to 74 instructionsCurrent: whereInfoFree Havoced: sqlite3DbFree
Current: whereInfoFree Havoced: sqlite3WhereClauseClear
Current: whereInfoFree Havoced: whereLoopDelete
Current: whereInfoFree Havoced: sqlite3DbFreeNN

                                                           0 sec [DONE]
        Number of expressions:                        157458
        after encoding

      13 assertions before transformations (12 no_back_edge, 1 custom).

      Performing formula transformations ...
        Simplifier
          Number of rewrites                            4611
        Fixed Memory Address Assigner
          Number of moved ops                              0
          Number of rewrites                            5208
        Simplifier
          Number of moved ops                              0
          Number of rewrites                           72726
        Memory Model Encoder
          Number of moved ops                              0
          Number of rewrites                               0
        Simplifier
          Number of rewrites                              28
        Simplifier
          Number of moved ops                              0
          Number of rewrites                             145
        ToASC Analyser
          Memcpy/memset found                             no
        Byte-Based Memory Creator
        Instantiation-Based ToASC Simplifier
        Simplifier
        FP Abstraction
          Number of rewrites                              44

Abstracted floating point operations.  The result might be a false positive.

        Simplifier
          Number of moved ops                              0
          Number of rewrites                               0
                                                           0 sec [DONE]
        
      13 assertions remain after transformations (12 no_back_edge, 1 custom).
after rewriteFormula
after sanityCheckFormula

      Running SMT solver (STP with MiniSat) ...