runJobCommand
arguents: child
arguents: job
arguents: mode
Careful, HavocLimit is not zero. Call Abstraction is activated
handleJobInSeparateProcess0

Checking job 6006 ...about to run job:
preconNumber: 0, 0

  Running Model Checker with 1 checks ...try
try ready

    SMTSolver : stp
    CallStackBound : 0
    StopEncodingAfterCheckLoop : 0
    LoopUnrollBound : 1
    HavocLimit : 2
    PreconditionNumber : 0
    PreconditionLocation : jobs/6006
    TimeOut : 600
    InitializedGlobals : false
    IgnoreMissingFunctions : false
    StopEncodingAfterCheck : false
    OverApproxVaArgs : false
    PreconditionCheckMemory : false
    PreconditionOnlyArguments : trueI [0] lib/ModelChecker/Verifier.cpp:247 | EntryPoint : clearSelect
m_checker->run()

    Performing bounded model checking ...
      Unrolling loop in function "clearSelect" for 1 iterations succeeded.
      Unrolling loop in function "clearSelect" for 1 iterations succeeded.
      Transformed "clearSelect" from 13 to 15 basic blocks and from 72 to 79 instructions
      Performing pre-transformations on LLVM IR ...        0 sec [DONE]
        
      Performing logical encoding ...Current: sqlite3ExprListDelete Havoced: exprListDeleteNN

        Unrolling loop in function "sqlite3SrcListDelete" for 1 iterations succeeded.
        Transformed "sqlite3SrcListDelete" from 22 to 23 basic blocks and from 105 to 110 instructionsCurrent: sqlite3SrcListDelete Havoced: sqlite3DbFreeNN
Current: sqlite3SrcListDelete Havoced: sqlite3DbFree
Current: sqlite3SrcListDelete Havoced: sqlite3DbFreeNN
Current: sqlite3SrcListDelete Havoced: sqlite3DbFree
Current: sqlite3SrcListDelete Havoced: sqlite3ExprListDelete
Current: sqlite3SrcListDelete Havoced: sqlite3DeleteTable
Current: sqlite3SrcListDelete Havoced: sqlite3SelectDelete
Current: sqlite3SrcListDelete Havoced: sqlite3ExprDelete
Current: sqlite3SrcListDelete Havoced: sqlite3IdListDelete
Current: sqlite3SrcListDelete Havoced: sqlite3DbFreeNN
Current: sqlite3ExprDelete Havoced: sqlite3ExprDeleteNN
Current: sqlite3ExprListDelete Havoced: exprListDeleteNN
Current: sqlite3ExprDelete Havoced: sqlite3ExprDeleteNN
Current: sqlite3ExprListDelete Havoced: exprListDeleteNN
Current: sqlite3ExprDelete Havoced: sqlite3ExprDeleteNN

        Unrolling loop in function "sqlite3WithDelete" for 1 iterations succeeded.
        Transformed "sqlite3WithDelete" from 7 to 8 basic blocks and from 29 to 33 instructionsCurrent: sqlite3WithDelete Havoced: cteClear
Current: sqlite3WithDelete Havoced: sqlite3DbFree

        Unrolling loop in function "sqlite3WindowListDelete" for 1 iterations succeeded.
        Transformed "sqlite3WindowListDelete" from 4 to 5 basic blocks and from 17 to 20 instructionsCurrent: sqlite3WindowListDelete Havoced: sqlite3WindowDelete
Current: sqlite3DbFreeNN Havoced: sqlite3_free
Current: sqlite3DbFreeNN Havoced: measureAllocationSize

                                                           0 sec [DONE]
        Number of expressions:                        155837
        after encoding

      6 assertions before transformations (5 no_back_edge, 1 custom).

      Performing formula transformations ...
        Simplifier
          Number of rewrites                            3807
        Fixed Memory Address Assigner
          Number of moved ops                              0
          Number of rewrites                            5208
        Simplifier
          Number of moved ops                              0
          Number of rewrites                           72631
        Memory Model Encoder
          Number of moved ops                              0
          Number of rewrites                               0
        Simplifier
          Number of rewrites                               7
        Simplifier
          Number of moved ops                              0
          Number of rewrites                             142
        ToASC Analyser
          Memcpy/memset found                             no
        Byte-Based Memory Creator
        Instantiation-Based ToASC Simplifier
        Simplifier
        FP Abstraction
          Number of rewrites                              44

Abstracted floating point operations.  The result might be a false positive.

        Simplifier
          Number of moved ops                              0
          Number of rewrites                               0
                                                           0 sec [DONE]
        
      6 assertions remain after transformations (5 no_back_edge, 1 custom).
after rewriteFormula
after sanityCheckFormula

      Running SMT solver (STP with MiniSat) ...                0
          Number of rewrites                            5208
        Simplifier
          Number of moved ops                              0
          Number of rewrites                           72624
        Memory Model Encoder
          Number of moved ops                              0
          Number of rewrites                               0
        Simplifier
          Number of rewrites                              13
        Simplifier
          Number of moved ops                              0
          Number of rewrites                             142
        ToASC Analyser
          Memcpy/memset found                             no
        Byte-Based Memory Creator
        Instantiation-Based ToASC Simplifier
        Simplifier
        FP Abstraction
          Number of rewrites                              44

Abstracted floating point operations.  The result might be a false positive.

        Simplifier
          Number of moved ops                              0
          Number of rewrites                               0
                                                           0 sec [DONE]
        
      7 assertions remain after transformations (6 no_back_edge, 1 custom).
after rewriteFormula
after sanityCheckFormula

      Running SMT solver (STP with MiniSat) ...