runJobCommand
arguents: child
arguents: job
arguents: mode
Careful, HavocLimit is not zero. Call Abstraction is activated
handleJobInSeparateProcess0

Checking job 7096 ...about to run job:
preconNumber: 0, 0

  Running Model Checker with 1 checks ...try
try ready

    SMTSolver : stp
    CallStackBound : 0
    StopEncodingAfterCheckLoop : 0
    LoopUnrollBound : 1
    HavocLimit : 2
    PreconditionNumber : 0
    PreconditionLocation : jobs/7096
    TimeOut : 600
    InitializedGlobals : false
    IgnoreMissingFunctions : false
    StopEncodingAfterCheck : false
    OverApproxVaArgs : false
    PreconditionCheckMemory : false
    PreconditionOnlyArguments : trueI [1] lib/ModelChecker/Verifier.cpp:247 | EntryPoint : sqlite3TriggerInsertStep
m_checker->run()

    Performing bounded model checking ...
      Performing pre-transformations on LLVM IR ...        0 sec [DONE]
        
      Performing logical encoding ...Current: triggerStepAllocate Havoced: sqlite3DbMallocZero
isMemcpy:   call void @llvm.memcpy.p0i8.p0i8.i64(i8* %16, i8* %18, i64 %21, i32 1, i1 false), !dbg !5642
Current: triggerStepAllocate Havoced: sqlite3Dequote
Current: triggerStepAllocate Havoced: triggerSpanDup
Current: triggerStepAllocate Havoced: sqlite3RenameTokenMap

        Unrolling loop in function "sqlite3IdListDelete" for 1 iterations succeeded.
        Transformed "sqlite3IdListDelete" from 8 to 9 basic blocks and from 36 to 40 instructionsCurrent: sqlite3IdListDelete Havoced: sqlite3DbFree
Current: sqlite3IdListDelete Havoced: sqlite3DbFree
Current: sqlite3IdListDelete Havoced: sqlite3DbFreeNN
Current: sqlite3UpsertDelete Havoced: upsertDelete

        Unrolling loop in function "sqlite3SelectDup" for 1 iterations succeeded.
        Transformed "sqlite3SelectDup" from 12 to 14 basic blocks and from 146 to 153 instructionsCurrent: sqlite3SelectDup Havoced: sqlite3DbMallocRawNN
Current: sqlite3SelectDup Havoced: sqlite3ExprListDup
Current: sqlite3SelectDup Havoced: sqlite3SrcListDup
Current: sqlite3SelectDup Havoced: sqlite3ExprDup
Current: sqlite3SelectDup Havoced: sqlite3ExprListDup
Current: sqlite3SelectDup Havoced: sqlite3ExprDup
Current: sqlite3SelectDup Havoced: sqlite3ExprListDup
Current: sqlite3SelectDup Havoced: sqlite3ExprDup
Current: sqlite3SelectDup Havoced: sqlite3WithDup
Current: sqlite3SelectDup Havoced: sqlite3WindowListDup
Current: sqlite3SelectDup Havoced: gatherSelectWindows
Current: sqlite3SelectDup Havoced: sqlite3SelectDelete

        Unrolling loop in function "sqlite3HasExplicitNulls" for 1 iterations succeeded.
        Transformed "sqlite3HasExplicitNulls" from 12 to 13 basic blocks and from 55 to 60 instructionsCurrent: sqlite3HasExplicitNulls Havoced: sqlite3ErrorMsg
Current: sqlite3SelectDelete Havoced: clearSelect

                                                           0 sec [DONE]
        Number of expressions:                        155649
        after encoding

      4 assertions before transformations (3 no_back_edge, 1 custom).

      Performing formula transformations ...
        Simplifier
          Number of rewrites                            3667
        Fixed Memory Address Assigner
          Number of moved ops                              0
          Number of rewrites                            5208
        Simplifier
          Number of moved ops                              0
          Number of rewrites                           72622
        Memory Model Encoder
          Number of moved ops                              0rewriteAllocaOprewriteStackAddressOp

          Number of rewrites                               1
        Simplifier
          Number of moved ops                              0
          Number of rewrites                               3
        Simplifier
          Number of moved ops                              0
          Number of rewrites                             142
        ToASC Analyser
          Memcpy/memset found                            yes
        Byte-Based Memory Creator
          Number of rewrites                            9005
        Instantiation-Based ToASC Simplifier
          Number of rewrites                               1
        Simplifier
          Number of moved ops                              0
          Number of rewrites                           23211
        FP Abstraction
          Number of rewrites                              22

Abstracted floating point operations.  The result might be a false positive.

        Simplifier
          Number of moved ops                              1
          Number of rewrites                               0
                                                           0 sec [DONE]
        
      4 assertions remain after transformations (3 no_back_edge, 1 custom).
after rewriteFormula
after sanityCheckFormula

      Running SMT solver (STP with MiniSat) ...      Number of moved ops                              0
          Number of rewrites                           23452
        FP Abstraction
          Number of rewrites                              22

Abstracted floating point operations.  The result might be a false positive.

        Simplifier
          Number of moved ops                              1
          Number of rewrites                               0
                                                           0 sec [DONE]
        
      4 assertions remain after transformations (3 no_back_edge, 1 custom).
after rewriteFormula
after sanityCheckFormula

      Running SMT solver (STP with MiniSat) ...            0 sec [DONE]
        
                                                           1 sec [DONE]
      after performing Check
evaluateCheckerResultsViaRefinementLoop
checker.getResult() is Trace
checkOnlyPrecon: 0, size:1
getFailingCheckFor
setStatusMarkerAccordingToFailingInstruction
BranchInst - LoopBound
trying to exclude Assertions for Failing Instruction

    Rerunning SMT solver (STP with MiniSat) ...            0 sec [DONE]
      checker.getResult() is Trace
checkOnlyPrecon: 0, size:1
getFailingCheckFor
setStatusMarkerAccordingToFailingInstruction
BranchInst - LoopBound
trying to exclude Assertions for Failing Instruction

    Rerunning SMT solver (STP with MiniSat) ...            0 sec [DONE]
      checker.getResult() is Trace
checkOnlyPrecon: 0, size:1
getFailingCheckFor
setStatusMarkerAccordingToFailingInstruction
BranchInst - LoopBound
trying to exclude Assertions for Failing Instruction

    Rerunning SMT solver (STP with MiniSat) ...            0 sec [DONE]
      getCheckerResultAfterUpdatingMarker
Result is NoTrace

                                                           3 sec [DONE]
    allsafe
    
                                                           3 sec [DONE]
  