runJobCommand
arguents: child
arguents: job
arguents: mode
Careful, HavocLimit is not zero. Call Abstraction is activated
handleJobInSeparateProcess0

Checking job 6878 ...about to run job:
preconNumber: 0, 0

  Running Model Checker with 1 checks ...try
try ready

    SMTSolver : stp
    CallStackBound : 0
    StopEncodingAfterCheckLoop : 0
    LoopUnrollBound : 1
    HavocLimit : 1
    PreconditionNumber : 0
    PreconditionLocation : jobs/6878
    TimeOut : 600
    InitializedGlobals : false
    IgnoreMissingFunctions : false
    StopEncodingAfterCheck : false
    OverApproxVaArgs : false
    PreconditionCheckMemory : false
    PreconditionOnlyArguments : trueI [0] lib/ModelChecker/Verifier.cpp:247 | EntryPoint : multiSelect
m_checker->run()

    Performing bounded model checking ...
      Unrolling loop in function "multiSelect" for 1 iterations succeeded.
      Unrolling loop in function "multiSelect" for 1 iterations succeeded.
      Unrolling loop in function "multiSelect" for 1 iterations succeeded.
      Transformed "multiSelect" from 78 to 85 basic blocks and from 587 to 604 instructions
      Performing pre-transformations on LLVM IR ...        0 sec [DONE]
        
      Performing logical encoding ...isMemcpy:   call void @llvm.memcpy.p0i8.p0i8.i64(i8* %8, i8* %9, i64 40, i32 8, i1 false), !dbg !5707
Current: multiSelect Havoced: sqlite3GetVdbe
Current: multiSelect Havoced: sqlite3VdbeAddOp2
Current: multiSelect Havoced: multiSelectValues
Current: multiSelect Havoced: hasAnchor
Current: multiSelect Havoced: sqlite3VdbeExplain
Current: multiSelect Havoced: sqlite3VdbeExplain
Current: multiSelect Havoced: sqlite3Select
Current: multiSelect Havoced: sqlite3VdbeAddOp1
Current: multiSelect Havoced: sqlite3VdbeAddOp3
Current: multiSelect Havoced: sqlite3VdbeExplain
Current: multiSelect Havoced: sqlite3Select
Current: multiSelect Havoced: sqlite3LogEstAdd
Current: multiSelect Havoced: sqlite3ExprIsInteger
Current: multiSelect Havoced: sqlite3LogEst
Current: multiSelect Havoced: sqlite3LogEst
Current: multiSelect Havoced: sqlite3VdbeJumpHere
Current: multiSelect Havoced: sqlite3VdbeAddOp2
Current: multiSelect Havoced: findRightmost
Current: multiSelect Havoced: sqlite3SelectDestInit
Current: multiSelect Havoced: sqlite3Select
Current: multiSelect Havoced: sqlite3VdbeAddOp2
Current: multiSelect Havoced: sqlite3SelectOpName
Current: multiSelect Havoced: sqlite3VdbeExplain
Current: multiSelect Havoced: sqlite3Select
Current: multiSelect Havoced: sqlite3ExprDelete
Current: multiSelect Havoced: sqlite3VdbeMakeLabel
Current: multiSelect Havoced: sqlite3VdbeMakeLabel
Current: multiSelect Havoced: computeLimitRegisters
Current: multiSelect Havoced: sqlite3VdbeAddOp2
Current: multiSelect Havoced: sqlite3GetTempReg
Current: multiSelect Havoced: sqlite3VdbeAddOp2
Current: multiSelect Havoced: sqlite3VdbeAddOp4Int
Current: multiSelect Havoced: sqlite3ReleaseTempReg
Current: multiSelect Havoced: selectInnerLoop
Current: multiSelect Havoced: sqlite3VdbeResolveLabel
Current: multiSelect Havoced: sqlite3VdbeAddOp2
Current: multiSelect Havoced: sqlite3VdbeResolveLabel
Current: multiSelect Havoced: sqlite3VdbeAddOp2
Current: multiSelect Havoced: sqlite3VdbeAddOp2
Current: multiSelect Havoced: sqlite3VdbeAddOp2
Current: multiSelect Havoced: findRightmost
Current: multiSelect Havoced: sqlite3SelectDestInit
Current: multiSelect Havoced: sqlite3Select
Current: multiSelect Havoced: sqlite3SelectOpName
Current: multiSelect Havoced: sqlite3VdbeExplain
Current: multiSelect Havoced: sqlite3Select
Current: multiSelect Havoced: sqlite3LogEstAdd
Current: multiSelect Havoced: sqlite3ExprDelete
Current: multiSelect Havoced: sqlite3VdbeMakeLabel
Current: multiSelect Havoced: sqlite3VdbeMakeLabel
Current: multiSelect Havoced: computeLimitRegisters
Current: multiSelect Havoced: sqlite3VdbeAddOp2
Current: multiSelect Havoced: sqlite3VdbeCurrentAddr
Current: multiSelect Havoced: selectInnerLoop
Current: multiSelect Havoced: sqlite3VdbeResolveLabel
Current: multiSelect Havoced: sqlite3VdbeAddOp2
Current: multiSelect Havoced: sqlite3VdbeResolveLabel
Current: multiSelect Havoced: sqlite3VdbeAddOp2
Current: multiSelect Havoced: sqlite3VdbeExplainPop
Current: multiSelect Havoced: multiSelectOrderBy
Current: multiSelect Havoced: generateWithRecursiveQuery
Current: multiSelect Havoced: sqlite3KeyInfoAlloc
Current: multiSelect Havoced: multiSelectCollSeq
Current: multiSelect Havoced: sqlite3VdbeChangeP2
Current: multiSelect Havoced: sqlite3KeyInfoRef
Current: multiSelect Havoced: sqlite3VdbeChangeP4
Current: multiSelect Havoced: sqlite3KeyInfoUnref
Current: multiSelect Havoced: sqlite3SelectDelete
                      0 sec [DONE]
        Number of expressions:                        156053
        after encoding

      4 assertions before transformations (3 no_back_edge, 1 custom).

      Performing formula transformations ...
        Simplifier
          Number of rewrites                            3837
        Fixed Memory Address Assigner
          Number of moved ops                              0
          Number of rewrites                            5208
        Simplifier
          Number of moved ops                              0
          Number of rewrites                           72644
        Memory Model Encoder
          Number of moved ops                              0rewriteAllocaOprewriteStackAddressOp
rewriteAllocaOprewriteStackAddressOp
rewriteAllocaOprewriteStackAddressOp
rewriteAllocaOprewriteStackAddressOp

          Number of rewrites                               4
        Simplifier
          Number of moved ops                              0
          Number of rewrites                              17
        Simplifier
          Number of moved ops                              0
          Number of rewrites                             184
        ToASC Analyser
          Memcpy/memset found                             no
        Byte-Based Memory Creator
        Instantiation-Based ToASC Simplifier
        Simplifier
        FP Abstraction
          Number of rewrites                              44

Abstracted floating point operations.  The result might be a false positive.

        Simplifier
          Number of moved ops                              0
          Number of rewrites                               0
                                                           0 sec [DONE]
        
      4 assertions remain after transformations (3 no_back_edge, 1 custom).
after rewriteFormula
after sanityCheckFormula

      Running SMT solver (STP with MiniSat) ...