runJobCommand
arguents: child
arguents: job
arguents: mode
handleJobInSeparateProcess0

Checking job 239 ...about to run job:
preconNumber: 0, 0

  Running Model Checker with 1 checks ...try
try ready

    SMTSolver : stp
    CallStackBound : 0
    StopEncodingAfterCheckLoop : 0
    LoopUnrollBound : 1
    HavocLimit : 0
    PreconditionNumber : 0
    PreconditionLocation : jobs/239
    TimeOut : 300
    InitializedGlobals : false
    IgnoreMissingFunctions : true
    StopEncodingAfterCheck : false
    OverApproxVaArgs : false
    PreconditionCheckMemory : false
    PreconditionOnlyArguments : trueI [0] lib/ModelChecker/Verifier.cpp:247 | EntryPoint : mat_inv
m_checker->run()

    Performing bounded model checking ...
      Unrolling loop in function "mat_inv" for 1 iterations succeeded.
      Transformed "mat_inv" from 20 to 21 basic blocks and from 96 to 99 instructions
      Performing pre-transformations on LLVM IR ...        0 sec [DONE]
        
      Performing logical encoding ...
        Unrolling loop in function "_mat_creat" for 1 iterations succeeded.
        Transformed "_mat_creat" from 10 to 11 basic blocks and from 54 to 57 instructions
        Transformed "mat_error" from 5 to 10 basic blocks and from 10 to 19 instructions
        Unrolling loop in function "mat_fill" for 1 iterations succeeded.
        Unrolling loop in function "mat_fill" for 1 iterations succeeded.
        Transformed "mat_fill" from 18 to 24 basic blocks and from 67 to 82 instructions
        Unrolling loop in function "mat_copy" for 1 iterations succeeded.
        Unrolling loop in function "mat_copy" for 1 iterations succeeded.
        Transformed "mat_copy" from 9 to 11 basic blocks and from 49 to 57 instructions
        Unrolling loop in function "mat_lu" for 1 iterations succeeded.
        Unrolling loop in function "mat_lu" for 1 iterations succeeded.
        Unrolling loop in function "mat_lu" for 1 iterations succeeded.
        Unrolling loop in function "mat_lu" for 1 iterations succeeded.
        Unrolling loop in function "mat_lu" for 1 iterations succeeded.
        Transformed "mat_lu" from 28 to 33 basic blocks and from 239 to 261 instructions
        Unrolling loop in function "mat_backsubs1" for 1 iterations succeeded.
        Unrolling loop in function "mat_backsubs1" for 1 iterations succeeded.
        Unrolling loop in function "mat_backsubs1" for 1 iterations succeeded.
        Unrolling loop in function "mat_backsubs1" for 1 iterations succeeded.
        Transformed "mat_backsubs1" from 17 to 21 basic blocks and from 201 to 216 instructions
        Unrolling loop in function "mat_free" for 1 iterations succeeded.
        Transformed "mat_free" from 8 to 9 basic blocks and from 33 to 37 instructions
                                                           0 sec [DONE]
        Number of expressions:                          9356
        after encoding

      32 assertions before transformations (30 no_back_edge, 1 custom, 1 no_unreachable_executed).

      Performing formula transformations ...
        Simplifier
          Number of rewrites                            2481
        Fixed Memory Address Assigner
          Number of moved ops                              0
          Number of rewrites                             376
        Simplifier
          Number of moved ops                              0
          Number of rewrites                            2922
        Memory Model Encoder
          Number of moved ops                              0
          Number of rewrites                               0
        Simplifier
          Number of rewrites                              16
        Simplifier
          Number of moved ops                              0
          Number of rewrites                               0
        ToASC Analyser
          Memcpy/memset found                             no
        Byte-Based Memory Creator
        Instantiation-Based ToASC Simplifier
        Simplifier
        FP Abstraction
          Number of rewrites                              49

Abstracted floating point operations.  The result might be a false positive.

        Simplifier
          Number of rewrites                               4
                                                           0 sec [DONE]
        
      32 assertions remain after transformations (30 no_back_edge, 1 custom, 1 no_unreachable_executed).
after rewriteFormula
after sanityCheckFormula

      Running SMT solver (STP with MiniSat) ...           11 sec [DONE]
        
                                                          11 sec [DONE]
      after performing Check
evaluateCheckerResultsViaRefinementLoop
checker.getResult() is Trace
checkOnlyPrecon: 0, size:1
getFailingCheckFor
setStatusMarkerAccordingToFailingInstruction
BranchInst - LoopBound
trying to exclude Assertions for Failing Instruction

    Rerunning SMT solver (STP with MiniSat) ...           11 sec [DONE]
      checker.getResult() is Trace
checkOnlyPrecon: 0, size:1
getFailingCheckFor
setStatusMarkerAccordingToFailingInstruction
BranchInst - LoopBound
trying to exclude Assertions for Failing Instruction

    Rerunning SMT solver (STP with MiniSat) ...           11 sec [DONE]
      checker.getResult() is Trace
checkOnlyPrecon: 0, size:1
getFailingCheckFor
setStatusMarkerAccordingToFailingInstruction
BranchInst - LoopBound
trying to exclude Assertions for Failing Instruction

    Rerunning SMT solver (STP with MiniSat) ...           17 sec [DONE]
      checker.getResult() is Trace
checkOnlyPrecon: 0, size:1
getFailingCheckFor
setStatusMarkerAccordingToFailingInstruction
BranchInst - LoopBound
trying to exclude Assertions for Failing Instruction

    Rerunning SMT solver (STP with MiniSat) ...           13 sec [DONE]
      checker.getResult() is Trace
checkOnlyPrecon: 0, size:1
getFailingCheckFor
setStatusMarkerAccordingToFailingInstruction
BranchInst - LoopBound
trying to exclude Assertions for Failing Instruction

    Rerunning SMT solver (STP with MiniSat) ...           10 sec [DONE]
      getCheckerResultAfterUpdatingMarker
Result is NoTrace

                                                          78 sec [DONE]
    allsafe
    
                                                          78 sec [DONE]
  eckOnlyPrecon: 0, size:1
getFailingCheckFor
setStatusMarkerAccordingToFailingInstruction
BranchInst - LoopBound
trying to exclude Assertions for Failing Instruction

    Rerunning SMT solver (STP with MiniSat) ...           13 sec [DONE]
      checker.getResult() is Trace
checkOnlyPrecon: 0, size:1
getFailingCheckFor
setStatusMarkerAccordingToFailingInstruction
BranchInst - LoopBound
trying to exclude Assertions for Failing Instruction

    Rerunning SMT solver (STP with MiniSat) ...            0 sec [DONE]
      getCheckerResultAfterUpdatingMarker
Result is NoTrace

                                                         100 sec [DONE]
    allsafe
    
                                                         100 sec [DONE]
  