runJobCommand
precondition analysis with entry:imugps_acq
arguents: child
arguents: job
arguents: mode
arguents: precondition
handleJobInSeparateProcess0

Checking job 48 ...about to run job:
preconNumber: 5, 1

  Running Model Checker with 1 checks ...entry: imugps_acq, functionName: decode_gpspacket
  call void @qpr.precondition.decode_gpspacket(%struct.gps.133* @gpspacket, i8* %173)
entry: imugps_acq, functionName: decode_gpspacket
entry: imugps_acq, functionName: imugps_acq
try
try ready

    SMTSolver : stp
    CallStackBound : 0
    StopEncodingAfterCheckLoop : 0
    LoopUnrollBound : 1
    HavocLimit : 0
    PreconditionNumber : 5
    PreconditionLocation : jobs/48
    TimeOut : 300
    InitializedGlobals : false
    IgnoreMissingFunctions : true
    StopEncodingAfterCheck : false
    OverApproxVaArgs : false
    PreconditionCheckMemory : false
    PreconditionOnlyArguments : trueI [0] lib/ModelChecker/Verifier.cpp:247 | EntryPoint : imugps_acq
m_checker->run()

    Performing bounded model checking ...
      Unrolling loop in function "imugps_acq" for 1 iterations succeeded.
      Unrolling loop in function "imugps_acq" for 1 iterations succeeded.
      Unrolling loop in function "imugps_acq" for 1 iterations succeeded.
      Unrolling loop in function "imugps_acq" for 1 iterations succeeded.
      Unrolling loop in function "imugps_acq" for 1 iterations succeeded.
      Unrolling loop in function "imugps_acq" for 1 iterations succeeded.
      Unrolling loop in function "imugps_acq" for 1 iterations succeeded.
      Unrolling loop in function "imugps_acq" for 1 iterations succeeded.
      Unrolling loop in function "imugps_acq" for 1 iterations succeeded.
      Unrolling loop in function "imugps_acq" for 1 iterations succeeded.
      Transformed "imugps_acq" from 58 to 90 basic blocks and from 286 to 452 instructions
      Performing pre-transformations on LLVM IR ...        0 sec [DONE]
        
      Performing logical encoding ...size Alloca: 1
isMemset:   call void @llvm.memset.p0i8.i64(i8* %8, i8 0, i64 86, i32 16, i1 false), !dbg !1416
isMemcpy:   call void @llvm.memcpy.p0i8.p0i8.i64(i8* %9, i8* getelementptr inbounds ([11 x i8], [11 x i8]* @imugps_acq.SCALED_MODE, i32 0, i32 0), i64 11, i32 1, i1 false), !dbg !1421
isMemcpy:   call void @llvm.memcpy.p0i8.p0i8.i64(i8* %10, i8* getelementptr inbounds ([11 x i8], [11 x i8]* @imugps_acq.CH_BAUD, i32 0, i32 0), i64 11, i32 1, i1 false), !dbg !1423
isMemcpy:   call void @llvm.memcpy.p0i8.p0i8.i64(i8* %11, i8* getelementptr inbounds ([11 x i8], [11 x i8]* @imugps_acq.CH_SAMP, i32 0, i32 0), i64 11, i32 1, i1 false), !dbg !1425
isMemcpy:   call void @llvm.memcpy.p0i8.p0i8.i64(i8* %12, i8* getelementptr inbounds ([7 x i8], [7 x i8]* @imugps_acq.CH_SERVO, i32 0, i32 0), i64 7, i32 1, i1 false), !dbg !1428
isMemset:   call void @llvm.memset.p0i8.i64(i8* %10, i8 0, i64 60, i32 4, i1 false), !dbg !1404
isMemset:   call void @llvm.memset.p0i8.i64(i8* %10, i8 0, i64 60, i32 4, i1 false), !dbg !1404

        Unrolling loop in function "checksum" for 1 iterations succeeded.
        Transformed "checksum" from 8 to 9 basic blocks and from 79 to 87 instructions
        Transformed "decode_imupacket" from 5 to 9 basic blocks and from 632 to 639 instructionsTODO MKB implement precondition handling: IE
Reading in precondition at: jobs/48/precondition_decode_gpspacket.txt
preconFile: jobs/48/precondition_decode_gpspacket.txt
ref: [underoverapprox]name of function arguments, argValue:  
ref: [underoverapprox]name of function arguments, argValue:  
name of function arguments line
ERROR boolCond is nullptr
ERROR boolCond is nullptr
ERROR boolCond is nullptr
ERROR boolCond is nullptr
ERROR boolCond is nullptr
Writing precondition type at: jobs/48/precondition_type_imugps_acq.txt

Type of Precondition:
[underoverapprox]
precondition found, end encoding

                                                           0 sec [DONE]
        Number of expressions:                          7701
        after encoding

      13 assertions before transformations (11 no_back_edge, 2 no_unreachable_executed).

      Performing formula transformations ...
        Simplifier
          Number of rewrites                             844
        Fixed Memory Address Assigner
          Number of moved ops                             14
          Number of rewrites                             365
        Simplifier
          Number of moved ops                              1
          Number of rewrites                            2874
        Memory Model Encoder
          Number of moved ops                              0rewriteAllocaOprewriteStackAddressOp
rewriteAllocaOprewriteStackAddressOp
rewriteAllocaOprewriteStackAddressOp
rewriteAllocaOprewriteStackAddressOp
rewriteAllocaOprewriteStackAddressOp
rewriteAllocaOprewriteStackAddressOp
rewriteAllocaOprewriteStackAddressOp
rewriteAllocaOprewriteStackAddressOp
rewriteAllocaOprewriteStackAddressOp

          Number of rewrites                               9
        Simplifier
          Number of moved ops                              0
          Number of rewrites                           16825
        Simplifier
          Number of moved ops                              0
          Number of rewrites                           82515
        ToASC Analyser
          Memcpy/memset found                             no
        Byte-Based Memory Creator
        Instantiation-Based ToASC Simplifier
        Simplifier
        FP Abstraction
          Number of rewrites                              39

Abstracted floating point operations.  The result might be a false positive.

        Simplifier
          Number of moved ops                              0
          Number of rewrites                               0
                                                           0 sec [DONE]
        
      13 assertions remain after transformations (11 no_back_edge, 2 no_unreachable_executed).
after rewriteFormula
after sanityCheckFormula

      Running SMT solver (STP with MiniSat) ...            0 sec [DONE]
        
                                                           0 sec [DONE]
      after performing Check
evaluateCheckerResultsViaRefinementLoop
checker.getResult() is Trace
checkOnlyPrecon: 1, size:1
setCheckToUnsafe for precondition Instruction
checkID: 304
setCheckToUnsafe
set check to unsafe
getCheckerResultAfterUpdatingMarker
failingInst:   br i1 %29, label %bb7, label %bb8, !dbg !1453, !llvm.loop !1461
Preconditions internal: 

 function does not read memory: 0, checkValidLoad:0, checkMemory: 0
function does not read memory 


    Rerunning SMT solver (STP with MiniSat) ...            0 sec [DONE]
      failingInst:   br i1 %29, label %bb7, label %bb8, !dbg !1453, !llvm.loop !1461
Preconditions internal: 

 function does not read memory: 0, checkValidLoad:0, checkMemory: 0
function does not read memory 


    Rerunning SMT solver (STP with MiniSat) ...            0 sec [DONE]
      failingInst:   br i1 %29, label %bb7, label %bb8, !dbg !1453, !llvm.loop !1461
Preconditions internal: 

 function does not read memory: 0, checkValidLoad:0, checkMemory: 0
function does not read memory 


    Rerunning SMT solver (STP with MiniSat) ...            0 sec [DONE]
      failingInst:   br i1 %29, label %bb7, label %bb8, !dbg !1453, !llvm.loop !1461
Preconditions internal: 

 function does not read memory: 0, checkValidLoad:0, checkMemory: 0
function does not read memory 


    Rerunning SMT solver (STP with MiniSat) ...            0 sec [DONE]
      failingInst:   br i1 %29, label %bb7, label %bb8, !dbg !1453, !llvm.loop !1461
Preconditions internal: 

 function does not read memory: 0, checkValidLoad:0, checkMemory: 0
function does not read memory 


    Rerunning SMT solver (STP with MiniSat) ...            0 sec [DONE]
      name of function arguments: Writing precondition at: jobs/48/precondition_imugps_acq.txt

Generated Preconditions:
[underoverapprox]name of function arguments: 






                                                           0 sec [DONE]
    allunsafe
    
                                                           0 sec [DONE]
  