runJobCommand
arguents: child
arguents: job
arguents: mode
Careful, HavocLimit is not zero. Call Abstraction is activated
handleJobInSeparateProcess0

Checking job 6828 ...about to run job:
preconNumber: 0, 0

  Running Model Checker with 1 checks ...try
try ready

    SMTSolver : stp
    CallStackBound : 0
    StopEncodingAfterCheckLoop : 0
    LoopUnrollBound : 1
    HavocLimit : 2
    PreconditionNumber : 0
    PreconditionLocation : jobs/6828
    TimeOut : 600
    InitializedGlobals : false
    IgnoreMissingFunctions : false
    StopEncodingAfterCheck : false
    OverApproxVaArgs : false
    PreconditionCheckMemory : false
    PreconditionOnlyArguments : trueI [0] lib/ModelChecker/Verifier.cpp:247 | EntryPoint : sqlite3GenerateColumnNames
m_checker->run()

    Performing bounded model checking ...
      Unrolling loop in function "sqlite3GenerateColumnNames" for 1 iterations succeeded.
      Unrolling loop in function "sqlite3GenerateColumnNames" for 1 iterations succeeded.
      Transformed "sqlite3GenerateColumnNames" from 34 to 36 basic blocks and from 203 to 214 instructions
      Performing pre-transformations on LLVM IR ...        0 sec [DONE]
        
      Performing logical encoding ...Current: sqlite3VdbeSetNumCols Havoced: releaseMemArray
Current: sqlite3VdbeSetNumCols Havoced: sqlite3DbFree
Current: sqlite3VdbeSetNumCols Havoced: sqlite3DbMallocRawNN
Current: sqlite3VdbeSetNumCols Havoced: initMemArray

        Unrolling loop in function "llbmc.strlen" for 0 iterations succeeded.
        Transformed "llbmc.strlen" from 8 to 9 instructionsCurrent: sqlite3DbStrDup Havoced: sqlite3DbMallocRaw
isMemcpy:   call void @llvm.memcpy.p0i8.p0i8.i64(i8* %5, i8* %1, i64 %4, i32 1, i1 false), !dbg !5631
Current: sqlite3MPrintf Havoced: sqlite3VMPrintf
Current: sqlite3VdbeSetColName Havoced: sqlite3VdbeMemSetStr
Current: sqlite3VdbeSetColName Havoced: sqlite3VdbeMemSetStr
Current: sqlite3MPrintf Havoced: sqlite3VMPrintf
Current: sqlite3VdbeSetColName Havoced: sqlite3VdbeMemSetStr
Current: sqlite3VdbeSetColName Havoced: sqlite3VdbeMemSetStr

        Unrolling loop in function "generateColumnTypes" for 1 iterations succeeded.
        Transformed "generateColumnTypes" from 5 to 6 basic blocks and from 46 to 50 instructionsCurrent: generateColumnTypes Havoced: columnTypeImpl
Current: generateColumnTypes Havoced: sqlite3VdbeSetColName

                                                           0 sec [DONE]
        Number of expressions:                        155813
        after encoding

      5 assertions before transformations (4 no_back_edge, 1 custom).

      Performing formula transformations ...
        Simplifier
          Number of rewrites                            3806
        Fixed Memory Address Assigner
          Number of moved ops                              0
          Number of rewrites                            5208
        Simplifier
          Number of moved ops                              0
          Number of rewrites                           72633
        Memory Model Encoder
          Number of moved ops                              0rewriteAllocaOprewriteStackAddressOp
rewriteAllocaOprewriteStackAddressOp
rewriteAllocaOprewriteStackAddressOp
rewriteAllocaOprewriteStackAddressOp
rewriteAllocaOprewriteStackAddressOp

          Number of rewrites                               5
        Simplifier
          Number of moved ops                              0
          Number of rewrites                              34
        Simplifier
          Number of moved ops                              0
          Number of rewrites                             145
        ToASC Analyser
          Memcpy/memset found                             no
        Byte-Based Memory Creator
        Instantiation-Based ToASC Simplifier
        Simplifier
        FP Abstraction
          Number of rewrites                              44

Abstracted floating point operations.  The result might be a false positive.

        Simplifier
          Number of moved ops                              0
          Number of rewrites                               0
                                                           0 sec [DONE]
        
      5 assertions remain after transformations (4 no_back_edge, 1 custom).
after rewriteFormula
after sanityCheckFormula

      Running SMT solver (STP with MiniSat) ...