runJobCommand
arguents: child
arguents: job
arguents: mode
Careful, HavocLimit is not zero. Call Abstraction is activated
handleJobInSeparateProcess0

Checking job 7243 ...about to run job:
preconNumber: 0, 0

  Running Model Checker with 1 checks ...try
try ready

    SMTSolver : stp
    CallStackBound : 0
    StopEncodingAfterCheckLoop : 0
    LoopUnrollBound : 1
    HavocLimit : 1
    PreconditionNumber : 0
    PreconditionLocation : jobs/7243
    TimeOut : 600
    InitializedGlobals : false
    IgnoreMissingFunctions : false
    StopEncodingAfterCheck : false
    OverApproxVaArgs : false
    PreconditionCheckMemory : false
    PreconditionOnlyArguments : trueI [0] lib/ModelChecker/Verifier.cpp:247 | EntryPoint : sqlite3UpsertDoUpdate
m_checker->run()

    Performing bounded model checking ...
      Unrolling loop in function "sqlite3UpsertDoUpdate" for 1 iterations succeeded.
      Unrolling loop in function "sqlite3UpsertDoUpdate" for 1 iterations succeeded.
      Transformed "sqlite3UpsertDoUpdate" from 17 to 19 basic blocks and from 142 to 151 instructions
      Performing pre-transformations on LLVM IR ...        0 sec [DONE]
        
      Performing logical encoding ...Current: sqlite3UpsertDoUpdate Havoced: sqlite3UpsertOfIndex
Current: sqlite3UpsertDoUpdate Havoced: sqlite3PrimaryKeyIndex
Current: sqlite3UpsertDoUpdate Havoced: sqlite3TableColumnToIndex
Current: sqlite3UpsertDoUpdate Havoced: sqlite3VdbeAddOp3
Current: sqlite3UpsertDoUpdate Havoced: sqlite3VdbeAddOp4Int
Current: sqlite3UpsertDoUpdate Havoced: sqlite3VdbeAddOp4
Current: sqlite3UpsertDoUpdate Havoced: sqlite3MayAbort
Current: sqlite3UpsertDoUpdate Havoced: sqlite3VdbeJumpHere
Current: sqlite3UpsertDoUpdate Havoced: sqlite3GetTempReg
Current: sqlite3UpsertDoUpdate Havoced: sqlite3VdbeAddOp2
Current: sqlite3UpsertDoUpdate Havoced: sqlite3VdbeAddOp3
Current: sqlite3UpsertDoUpdate Havoced: sqlite3ReleaseTempReg
Current: sqlite3UpsertDoUpdate Havoced: sqlite3SrcListDup
Current: sqlite3UpsertDoUpdate Havoced: sqlite3VdbeAddOp1
Current: sqlite3UpsertDoUpdate Havoced: sqlite3ExprListDup
Current: sqlite3UpsertDoUpdate Havoced: sqlite3ExprDup
Current: sqlite3UpsertDoUpdate Havoced: sqlite3Update
                      0 sec [DONE]
        Number of expressions:                        155243
        after encoding

      3 assertions before transformations (2 no_back_edge, 1 custom).

      Performing formula transformations ...
        Simplifier
          Number of rewrites                            3455
        Fixed Memory Address Assigner
          Number of moved ops                              0
          Number of rewrites                            5208
        Simplifier
          Number of moved ops                              0
          Number of rewrites                           72607
        Memory Model Encoder
          Number of moved ops                              0
          Number of rewrites                               0
        Simplifier
          Number of rewrites                               2
        Simplifier
          Number of moved ops                              0
          Number of rewrites                             142
        ToASC Analyser
          Memcpy/memset found                             no
        Byte-Based Memory Creator
        Instantiation-Based ToASC Simplifier
        Simplifier
        FP Abstraction
          Number of rewrites                              44

Abstracted floating point operations.  The result might be a false positive.

        Simplifier
          Number of moved ops                              0
          Number of rewrites                               0
                                                           0 sec [DONE]
        
      3 assertions remain after transformations (2 no_back_edge, 1 custom).
after rewriteFormula
after sanityCheckFormula

      Running SMT solver (STP with MiniSat) ...