runJobCommand
arguents: child
arguents: job
arguents: mode
Careful, HavocLimit is not zero. Call Abstraction is activated
handleJobInSeparateProcess0

Checking job 7781 ...about to run job:
preconNumber: 0, 0

  Running Model Checker with 1 checks ...try
try ready

    SMTSolver : stp
    CallStackBound : 0
    StopEncodingAfterCheckLoop : 0
    LoopUnrollBound : 1
    HavocLimit : 1
    PreconditionNumber : 0
    PreconditionLocation : jobs/7781
    TimeOut : 600
    InitializedGlobals : false
    IgnoreMissingFunctions : false
    StopEncodingAfterCheck : false
    OverApproxVaArgs : false
    PreconditionCheckMemory : false
    PreconditionOnlyArguments : trueI [0] lib/ModelChecker/Verifier.cpp:247 | EntryPoint : wherePathSatisfiesOrderBy
m_checker->run()

    Performing bounded model checking ...
      Unrolling loop in function "wherePathSatisfiesOrderBy" for 1 iterations succeeded.
      Unrolling loop in function "wherePathSatisfiesOrderBy" for 1 iterations succeeded.
      Unrolling loop in function "wherePathSatisfiesOrderBy" for 1 iterations succeeded.
      Unrolling loop in function "wherePathSatisfiesOrderBy" for 1 iterations succeeded.
      Unrolling loop in function "wherePathSatisfiesOrderBy" for 1 iterations succeeded.
      Unrolling loop in function "wherePathSatisfiesOrderBy" for 1 iterations succeeded.
      Unrolling loop in function "wherePathSatisfiesOrderBy" for 1 iterations succeeded.
      Unrolling loop in function "wherePathSatisfiesOrderBy" for 1 iterations succeeded.
      Transformed "wherePathSatisfiesOrderBy" from 185 to 423 basic blocks and from 1083 to 2375 instructions
      Performing pre-transformations on LLVM IR ...        0 sec [DONE]
        
      Performing logical encoding ...Current: wherePathSatisfiesOrderBy Havoced: sqlite3ExprSkipCollateAndLikely
Current: wherePathSatisfiesOrderBy Havoced: sqlite3WhereFindTerm
Current: wherePathSatisfiesOrderBy Havoced: sqlite3ExprNNCollSeq
Current: wherePathSatisfiesOrderBy Havoced: sqlite3ExprCompareCollSeq
Current: wherePathSatisfiesOrderBy Havoced: sqlite3StrICmp
Current: wherePathSatisfiesOrderBy Havoced: sqlite3ExprSkipCollateAndLikely
Current: wherePathSatisfiesOrderBy Havoced: sqlite3ExprCompareSkip
Current: wherePathSatisfiesOrderBy Havoced: sqlite3ExprNNCollSeq
Current: wherePathSatisfiesOrderBy Havoced: sqlite3StrICmp
Current: wherePathSatisfiesOrderBy Havoced: sqlite3ExprSkipCollateAndLikely
Current: wherePathSatisfiesOrderBy Havoced: sqlite3ExprCompareSkip
Current: wherePathSatisfiesOrderBy Havoced: sqlite3ExprNNCollSeq
Current: wherePathSatisfiesOrderBy Havoced: sqlite3StrICmp
Current: wherePathSatisfiesOrderBy Havoced: sqlite3WhereExprUsage
Current: wherePathSatisfiesOrderBy Havoced: sqlite3ExprIsConstant
Current: wherePathSatisfiesOrderBy Havoced: sqlite3ExprSkipCollateAndLikely
Current: wherePathSatisfiesOrderBy Havoced: sqlite3WhereFindTerm
Current: wherePathSatisfiesOrderBy Havoced: sqlite3ExprNNCollSeq
Current: wherePathSatisfiesOrderBy Havoced: sqlite3ExprCompareCollSeq
Current: wherePathSatisfiesOrderBy Havoced: sqlite3StrICmp
Current: wherePathSatisfiesOrderBy Havoced: sqlite3ExprSkipCollateAndLikely
Current: wherePathSatisfiesOrderBy Havoced: sqlite3ExprCompareSkip
Current: wherePathSatisfiesOrderBy Havoced: sqlite3ExprNNCollSeq
Current: wherePathSatisfiesOrderBy Havoced: sqlite3StrICmp
Current: wherePathSatisfiesOrderBy Havoced: sqlite3ExprSkipCollateAndLikely
Current: wherePathSatisfiesOrderBy Havoced: sqlite3ExprCompareSkip
Current: wherePathSatisfiesOrderBy Havoced: sqlite3ExprNNCollSeq
Current: wherePathSatisfiesOrderBy Havoced: sqlite3StrICmp
Current: wherePathSatisfiesOrderBy Havoced: sqlite3WhereExprUsage
Current: wherePathSatisfiesOrderBy Havoced: sqlite3ExprIsConstant
                      0 sec [DONE]
        Number of expressions:                        159274
        after encoding

      16 assertions before transformations (14 no_back_edge, 2 custom).

      Performing formula transformations ...
        Simplifier
          Number of rewrites                            6061
        Fixed Memory Address Assigner
          Number of moved ops                              0
          Number of rewrites                            5208
        Simplifier
          Number of moved ops                              0
          Number of rewrites                          142632
        Memory Model Encoder
          Number of moved ops                              0
          Number of rewrites                               0
        Simplifier
          Number of rewrites                              28
        Simplifier
          Number of moved ops                              0
          Number of rewrites                             142
        ToASC Analyser
          Memcpy/memset found                             no
        Byte-Based Memory Creator
        Instantiation-Based ToASC Simplifier
        Simplifier
        FP Abstraction
          Number of rewrites                              44

Abstracted floating point operations.  The result might be a false positive.

        Simplifier
          Number of moved ops                              0
          Number of rewrites                               0
                                                           0 sec [DONE]
        
      16 assertions remain after transformations (14 no_back_edge, 2 custom).
after rewriteFormula
after sanityCheckFormula

      Running SMT solver (STP with MiniSat) ...