runJobCommand
arguents: child
arguents: job
arguents: mode
handleJobInSeparateProcess0

Checking job 39 ...about to run job:
preconNumber: 0, 0

  Running Model Checker with 1 checks ...try
try ready

    SMTSolver : stp
    CallStackBound : 0
    StopEncodingAfterCheckLoop : 0
    LoopUnrollBound : 3
    HavocLimit : 0
    PreconditionNumber : 0
    PreconditionLocation : jobs/39
    TimeOut : 300
    InitializedGlobals : false
    IgnoreMissingFunctions : true
    StopEncodingAfterCheck : false
    OverApproxVaArgs : false
    PreconditionCheckMemory : false
    PreconditionOnlyArguments : trueI [0] lib/ModelChecker/Verifier.cpp:247 | EntryPoint : ahrs_main
m_checker->run()

    Performing bounded model checking ...
      Unrolling loop in function "ahrs_main" for 3 iterations succeeded.
      Transformed "ahrs_main" from 18 to 66 basic blocks and from 202 to 415 instructions
      Performing pre-transformations on LLVM IR ...        0 sec [DONE]
        
      Performing logical encoding ...
        Unrolling loop in function "_mat_creat" for 3 iterations succeeded.
        Transformed "_mat_creat" from 10 to 17 basic blocks and from 54 to 97 instructions
        Transformed "mat_error" from 5 to 10 basic blocks and from 10 to 19 instructions
        Unrolling loop in function "mat_fill" for 3 iterations succeeded.
        Unrolling loop in function "mat_fill" for 3 iterations succeeded.
        Transformed "mat_fill" from 18 to 98 basic blocks and from 67 to 408 instructions
        Unrolling loop in function "AHRS_Algorithm" for 4 iterations succeeded.
        Unrolling loop in function "AHRS_Algorithm" for 7 iterations succeeded.
        Unrolling loop in function "AHRS_Algorithm" for 4 iterations succeeded.
        Unrolling loop in function "AHRS_Algorithm" for 7 iterations succeeded.
        Unrolling loop in function "AHRS_Algorithm" for 3 iterations succeeded.
        Unrolling loop in function "AHRS_Algorithm" for 7 iterations succeeded.
        Unrolling loop in function "AHRS_Algorithm" for 4 iterations succeeded.
        Transformed "AHRS_Algorithm" from 35 to 86 basic blocks and from 1166 to 2136 instructionsisMemset:   call void @llvm.memset.p0i8.i64(i8* %5, i8 0, i64 24, i32 16, i1 false), !dbg !1391
isMemset:   call void @llvm.memset.p0i8.i64(i8* %6, i8 0, i64 24, i32 16, i1 false), !dbg !1393
isMemset:   call void @llvm.memset.p0i8.i64(i8* %7, i8 0, i64 16, i32 16, i1 false), !dbg !1395
isMemset:   call void @llvm.memset.p0i8.i64(i8* %8, i8 0, i64 32, i32 16, i1 false), !dbg !1398

        Unrolling loop in function "mat_mymul2" for 7 iterations succeeded.
        Unrolling loop in function "mat_mymul2" for 3 iterations succeeded.
        Unrolling loop in function "mat_mymul2" for 3 iterations succeeded.
        Unrolling loop in function "mat_mymul2" for 3 iterations succeeded.
        Unrolling loop in function "mat_mymul2" for 3 iterations succeeded.
        Transformed "mat_mymul2" from 21 to 170 basic blocks and from 122 to 1583 instructions
        Unrolling loop in function "mat_mymul3" for 3 iterations succeeded.
        Unrolling loop in function "mat_mymul3" for 7 iterations succeeded.
        Unrolling loop in function "mat_mymul3" for 3 iterations succeeded.
        Unrolling loop in function "mat_mymul3" for 3 iterations succeeded.
        Unrolling loop in function "mat_mymul3" for 3 iterations succeeded.
        Transformed "mat_mymul3" from 21 to 182 basic blocks and from 122 to 1653 instructions
        Unrolling loop in function "mat_mymul4" for 3 iterations succeeded.
        Unrolling loop in function "mat_mymul4" for 3 iterations succeeded.
        Unrolling loop in function "mat_mymul4" for 3 iterations succeeded.
        Transformed "mat_mymul4" from 13 to 118 basic blocks and from 88 to 1231 instructions
        Unrolling loop in function "mat_mymul" for 3 iterations succeeded.
        Unrolling loop in function "mat_mymul" for 3 iterations succeeded.
        Unrolling loop in function "mat_mymul" for 3 iterations succeeded.
        Transformed "mat_mymul" from 13 to 118 basic blocks and from 88 to 1231 instructions
        Unrolling loop in function "mat_inv" for 3 iterations succeeded.
        Transformed "mat_inv" from 20 to 25 basic blocks and from 96 to 129 instructions
        Unrolling loop in function "mat_copy" for 3 iterations succeeded.
        Unrolling loop in function "mat_copy" for 3 iterations succeeded.
        Transformed "mat_copy" from 9 to 37 basic blocks and from 49 to 263 instructions
        Unrolling loop in function "mat_lu" for 3 iterations succeeded.
        Unrolling loop in function "mat_lu" for 3 iterations succeeded.
        Unrolling loop in function "mat_lu" for 3 iterations succeeded.
        Unrolling loop in function "mat_lu" for 3 iterations succeeded.
        Unrolling loop in function "mat_lu" for 3 iterations succeeded.
        Transformed "mat_lu" from 28 to 183 basic blocks and from 239 to 2361 instructions
        Unrolling loop in function "mat_backsubs1" for 3 iterations succeeded.
        Unrolling loop in function "mat_backsubs1" for 3 iterations succeeded.
        Unrolling loop in function "mat_backsubs1" for 3 iterations succeeded.
        Unrolling loop in function "mat_backsubs1" for 3 iterations succeeded.
        Transformed "mat_backsubs1" from 17 to 73 basic blocks and from 201 to 958 instructions
        Unrolling loop in function "mat_free" for 3 iterations succeeded.
        Transformed "mat_free" from 8 to 13 basic blocks and from 33 to 65 instructions
        Unrolling loop in function "mat_mul" for 3 iterations succeeded.
        Unrolling loop in function "mat_mul" for 3 iterations succeeded.
        Unrolling loop in function "mat_mul" for 3 iterations succeeded.
        Transformed "mat_mul" from 13 to 118 basic blocks and from 82 to 1112 instructions
        Unrolling loop in function "mat_mymul1" for 3 iterations succeeded.
        Unrolling loop in function "mat_mymul1" for 3 iterations succeeded.
        Unrolling loop in function "mat_mymul1" for 3 iterations succeeded.
        Transformed "mat_mymul1" from 13 to 118 basic blocks and from 88 to 1153 instructions
        Unrolling loop in function "mat_sub" for 3 iterations succeeded.
        Unrolling loop in function "mat_sub" for 3 iterations succeeded.
        Transformed "mat_sub" from 9 to 37 basic blocks and from 58 to 328 instructions
        Unrolling loop in function "mat_mymul5" for 3 iterations succeeded.
        Unrolling loop in function "mat_mymul5" for 3 iterations succeeded.
        Unrolling loop in function "mat_mymul5" for 3 iterations succeeded.
        Unrolling loop in function "mat_mymul5" for 3 iterations succeeded.
        Unrolling loop in function "mat_mymul5" for 3 iterations succeeded.
        Transformed "mat_mymul5" from 21 to 154 basic blocks and from 136 to 1509 instructionsisMemcpy:   call void @llvm.memcpy.p0i8.p0i8.i64(i8* %25, i8* %26, i64 16, i32 8, i1 false), !dbg !1393
isMemset:   call void @llvm.memset.p0i8.i64(i8* %3, i8 0, i64 6, i32 2, i1 false), !dbg !1400
isMemcpy:   call void @llvm.memcpy.p0i8.p0i8.i64(i8* bitcast (%struct.servo* @servopos to i8*), i8* bitcast (%struct.servo* @servopacket to i8*), i64 18, i32 2, i1 false), !dbg !1405
isMemcpy:   call void @llvm.memcpy.p0i8.p0i8.i64(i8* bitcast (%struct.imu* @imuval to i8*), i8* bitcast (%struct.imu* @imupacket to i8*), i64 128, i32 8, i1 false), !dbg !1407
isMemcpy:   call void @llvm.memcpy.p0i8.p0i8.i64(i8* bitcast (%struct.gps* @gpsval to i8*), i8* bitcast (%struct.gps* @gpspacket to i8*), i64 64, i32 8, i1 false), !dbg !1408
isMemcpy:   call void @llvm.memcpy.p0i8.p0i8.i64(i8* bitcast (%struct.nav* @navval to i8*), i8* bitcast (%struct.nav* @navpacket to i8*), i64 64, i32 8, i1 false), !dbg !1409

        Unrolling loop in function "send_servo_cmd" for 3 iterations succeeded.
        Unrolling loop in function "send_servo_cmd" for 18 iterations succeeded.getMatchingFunctions
getMatchingFunctions
getMatchingFunctions

        Transformed "send_servo_cmd" from 8 to 42 basic blocks and from 143 to 558 instructionsisMemset:   call void @llvm.memset.p0i8.i64(i8* %2, i8 0, i64 24, i32 16, i1 false), !dbg !1378
isMemset:   call void @llvm.memset.p0i8.i64(i8* %5, i8 0, i64 24, i32 16, i1 false), !dbg !1391
isMemset:   call void @llvm.memset.p0i8.i64(i8* %6, i8 0, i64 24, i32 16, i1 false), !dbg !1393
isMemset:   call void @llvm.memset.p0i8.i64(i8* %7, i8 0, i64 16, i32 16, i1 false), !dbg !1395
isMemset:   call void @llvm.memset.p0i8.i64(i8* %8, i8 0, i64 32, i32 16, i1 false), !dbg !1398
isMemcpy:   call void @llvm.memcpy.p0i8.p0i8.i64(i8* %25, i8* %26, i64 16, i32 8, i1 false), !dbg !1393
isMemset:   call void @llvm.memset.p0i8.i64(i8* %3, i8 0, i64 6, i32 2, i1 false), !dbg !1400
isMemcpy:   call void @llvm.memcpy.p0i8.p0i8.i64(i8* bitcast (%struct.servo* @servopos to i8*), i8* bitcast (%struct.servo* @servopacket to i8*), i64 18, i32 2, i1 false), !dbg !1405
isMemcpy:   call void @llvm.memcpy.p0i8.p0i8.i64(i8* bitcast (%struct.imu* @imuval to i8*), i8* bitcast (%struct.imu* @imupacket to i8*), i64 128, i32 8, i1 false), !dbg !1407
isMemcpy:   call void @llvm.memcpy.p0i8.p0i8.i64(i8* bitcast (%struct.gps* @gpsval to i8*), i8* bitcast (%struct.gps* @gpspacket to i8*), i64 64, i32 8, i1 false), !dbg !1408
isMemcpy:   call void @llvm.memcpy.p0i8.p0i8.i64(i8* bitcast (%struct.nav* @navval to i8*), i8* bitcast (%struct.nav* @navpacket to i8*), i64 64, i32 8, i1 false), !dbg !1409
isMemset:   call void @llvm.memset.p0i8.i64(i8* %2, i8 0, i64 24, i32 16, i1 false), !dbg !1378
isMemset:   call void @llvm.memset.p0i8.i64(i8* %5, i8 0, i64 24, i32 16, i1 false), !dbg !1391
isMemset:   call void @llvm.memset.p0i8.i64(i8* %6, i8 0, i64 24, i32 16, i1 false), !dbg !1393
isMemset:   call void @llvm.memset.p0i8.i64(i8* %7, i8 0, i64 16, i32 16, i1 false), !dbg !1395
isMemset:   call void @llvm.memset.p0i8.i64(i8* %8, i8 0, i64 32, i32 16, i1 false), !dbg !1398
isMemcpy:   call void @llvm.memcpy.p0i8.p0i8.i64(i8* %25, i8* %26, i64 16, i32 8, i1 false), !dbg !1393
isMemset:   call void @llvm.memset.p0i8.i64(i8* %3, i8 0, i64 6, i32 2, i1 false), !dbg !1400
isMemcpy:   call void @llvm.memcpy.p0i8.p0i8.i64(i8* bitcast (%struct.servo* @servopos to i8*), i8* bitcast (%struct.servo* @servopacket to i8*), i64 18, i32 2, i1 false), !dbg !1405
isMemcpy:   call void @llvm.memcpy.p0i8.p0i8.i64(i8* bitcast (%struct.imu* @imuval to i8*), i8* bitcast (%struct.imu* @imupacket to i8*), i64 128, i32 8, i1 false), !dbg !1407
isMemcpy:   call void @llvm.memcpy.p0i8.p0i8.i64(i8* bitcast (%struct.gps* @gpsval to i8*), i8* bitcast (%struct.gps* @gpspacket to i8*), i64 64, i32 8, i1 false), !dbg !1408
isMemcpy:   call void @llvm.memcpy.p0i8.p0i8.i64(i8* bitcast (%struct.nav* @navval to i8*), i8* bitcast (%struct.nav* @navpacket to i8*), i64 64, i32 8, i1 false), !dbg !1409
isMemset:   call void @llvm.memset.p0i8.i64(i8* %2, i8 0, i64 24, i32 16, i1 false), !dbg !1378
isMemset:   call void @llvm.memset.p0i8.i64(i8* %5, i8 0, i64 24, i32 16, i1 false), !dbg !1391
isMemset:   call void @llvm.memset.p0i8.i64(i8* %6, i8 0, i64 24, i32 16, i1 false), !dbg !1393
isMemset:   call void @llvm.memset.p0i8.i64(i8* %7, i8 0, i64 16, i32 16, i1 false), !dbg !1395
isMemset:   call void @llvm.memset.p0i8.i64(i8* %8, i8 0, i64 32, i32 16, i1 false), !dbg !1398
isMemcpy:   call void @llvm.memcpy.p0i8.p0i8.i64(i8* %25, i8* %26, i64 16, i32 8, i1 false), !dbg !1393
isMemset:   call void @llvm.memset.p0i8.i64(i8* %3, i8 0, i64 6, i32 2, i1 false), !dbg !1400
isMemcpy:   call void @llvm.memcpy.p0i8.p0i8.i64(i8* bitcast (%struct.servo* @servopos to i8*), i8* bitcast (%struct.servo* @servopacket to i8*), i64 18, i32 2, i1 false), !dbg !1405
isMemcpy:   call void @llvm.memcpy.p0i8.p0i8.i64(i8* bitcast (%struct.imu* @imuval to i8*), i8* bitcast (%struct.imu* @imupacket to i8*), i64 128, i32 8, i1 false), !dbg !1407
isMemcpy:   call void @llvm.memcpy.p0i8.p0i8.i64(i8* bitcast (%struct.gps* @gpsval to i8*), i8* bitcast (%struct.gps* @gpspacket to i8*), i64 64, i32 8, i1 false), !dbg !1408
isMemcpy:   call void @llvm.memcpy.p0i8.p0i8.i64(i8* bitcast (%struct.nav* @navval to i8*), i8* bitcast (%struct.nav* @navpacket to i8*), i64 64, i32 8, i1 false), !dbg !1409
isMemset:   call void @llvm.memset.p0i8.i64(i8* %2, i8 0, i64 24, i32 16, i1 false), !dbg !1378

                                                           0 sec [DONE]
        Number of expressions:                        189203
        after encoding

      1105 assertions before transformations (1101 no_back_edge, 4 no_unreachable_executed).

      Performing formula transformations ...
        Simplifier
          Number of rewrites                          112916
        Fixed Memory Address Assigner
          Number of moved ops                             61
          Number of rewrites                             588
        Simplifier
          Number of moved ops                              0
          Number of rewrites                           57127
        Memory Model Encoder
          Number of moved ops                              0rewriteAllocaOprewriteStackAddressOp
rewriteAllocaOprewriteStackAddressOp
rewriteAllocaOprewriteStackAddressOp
rewriteAllocaOprewriteStackAddressOp
rewriteAllocaOprewriteStackAddressOp
rewriteAllocaOprewriteStackAddressOp
rewriteAllocaOprewriteStackAddressOp
rewriteAllocaOprewriteStackAddressOp
rewriteAllocaOprewriteStackAddressOp
rewriteAllocaOprewriteStackAddressOp
rewriteAllocaOprewriteStackAddressOp
rewriteAllocaOprewriteStackAddressOp
rewriteAllocaOprewriteStackAddressOp
rewriteAllocaOprewriteStackAddressOp
rewriteAllocaOprewriteStackAddressOp
rewriteAllocaOprewriteStackAddressOp
rewriteAllocaOprewriteStackAddressOp
rewriteAllocaOprewriteStackAddressOp
rewriteAllocaOprewriteStackAddressOp
rewriteAllocaOprewriteStackAddressOp
rewriteAllocaOprewriteStackAddressOp
rewriteAllocaOprewriteStackAddressOp
rewriteAllocaOprewriteStackAddressOp
rewriteAllocaOprewriteStackAddressOp
rewriteAllocaOprewriteStackAddressOp
rewriteAllocaOprewriteStackAddressOp
rewriteAllocaOprewriteStackAddressOp
rewriteAllocaOprewriteStackAddressOp
rewriteAllocaOprewriteStackAddressOp
rewriteAllocaOprewriteStackAddressOp
rewriteAllocaOprewriteStackAddressOp
rewriteAllocaOprewriteStackAddressOp

          Number of rewrites                              32
        Simplifier
          Number of moved ops                              0
          Number of rewrites                            4718
        Simplifier
          Number of moved ops                              0
          Number of rewrites                          157757
        ToASC Analyser
          Memcpy/memset found                             no
        Byte-Based Memory Creator
        Instantiation-Based ToASC Simplifier
        Simplifier
        FP Abstraction
          Number of rewrites                            9459

Abstracted floating point operations.  The result might be a false positive.

        Simplifier
          Number of moved ops                              0
          Number of rewrites                             289
                                                           0 sec [DONE]
        
      1105 assertions remain after transformations (1101 no_back_edge, 4 no_unreachable_executed).
after rewriteFormula
after sanityCheckFormula

      Running SMT solver (STP with MiniSat) ...            0 sec [DONE]
        
                                                           0 sec [DONE]
      after performing Check
evaluateCheckerResultsViaRefinementLoop
checker.getResult() is Trace
checkOnlyPrecon: 0, size:1
getFailingCheckFor
setStatusMarkerAccordingToFailingInstruction
BranchInst - LoopBound
trying to exclude Assertions for Failing Instruction

    Rerunning SMT solver (STP with MiniSat) ...            0 sec [DONE]
      getCheckerResultAfterUpdatingMarker
Result is NoTrace

                                                           0 sec [DONE]
    allsafe
    
                                                           0 sec [DONE]
  