runJobCommand
arguents: child
arguents: job
arguents: mode
handleJobInSeparateProcess0

Checking job 161 ...about to run job:
preconNumber: 0, 0

  Running Model Checker with 1 checks ...try
try ready

    SMTSolver : stp
    CallStackBound : 0
    StopEncodingAfterCheckLoop : 0
    LoopUnrollBound : 1
    HavocLimit : 0
    PreconditionNumber : 0
    PreconditionLocation : jobs/161
    TimeOut : 300
    InitializedGlobals : false
    IgnoreMissingFunctions : true
    StopEncodingAfterCheck : false
    OverApproxVaArgs : false
    PreconditionCheckMemory : false
    PreconditionOnlyArguments : trueI [0] lib/ModelChecker/Verifier.cpp:247 | EntryPoint : mat_cofact
m_checker->run()

    Performing bounded model checking ...
      Performing pre-transformations on LLVM IR ...        0 sec [DONE]
        
      Performing logical encoding ...
        Unrolling loop in function "_mat_creat" for 1 iterations succeeded.
        Transformed "_mat_creat" from 10 to 11 basic blocks and from 54 to 57 instructions
        Transformed "mat_error" from 5 to 10 basic blocks and from 10 to 19 instructions
        Unrolling loop in function "mat_fill" for 1 iterations succeeded.
        Unrolling loop in function "mat_fill" for 1 iterations succeeded.
        Transformed "mat_fill" from 18 to 24 basic blocks and from 67 to 82 instructions
        Unrolling loop in function "mat_submat" for 1 iterations succeeded.
        Unrolling loop in function "mat_submat" for 1 iterations succeeded.
        Transformed "mat_submat" from 17 to 19 basic blocks and from 106 to 116 instructions
        Unrolling loop in function "mat_det" for 1 iterations succeeded.
        Transformed "mat_det" from 13 to 16 basic blocks and from 79 to 89 instructions
        Unrolling loop in function "mat_copy" for 1 iterations succeeded.
        Unrolling loop in function "mat_copy" for 1 iterations succeeded.
        Transformed "mat_copy" from 9 to 11 basic blocks and from 49 to 57 instructions
        Unrolling loop in function "mat_lu" for 1 iterations succeeded.
        Unrolling loop in function "mat_lu" for 1 iterations succeeded.
        Unrolling loop in function "mat_lu" for 1 iterations succeeded.
        Unrolling loop in function "mat_lu" for 1 iterations succeeded.
        Unrolling loop in function "mat_lu" for 1 iterations succeeded.
        Transformed "mat_lu" from 28 to 33 basic blocks and from 239 to 261 instructions
        Unrolling loop in function "mat_free" for 1 iterations succeeded.
        Transformed "mat_free" from 8 to 9 basic blocks and from 33 to 37 instructions
                                                           0 sec [DONE]
        Number of expressions:                          8734
        after encoding

      24 assertions before transformations (22 no_back_edge, 1 custom, 1 no_unreachable_executed).

      Performing formula transformations ...
        Simplifier
          Number of rewrites                            2090
        Fixed Memory Address Assigner
          Number of moved ops                              0
          Number of rewrites                             376
        Simplifier
          Number of moved ops                              0
          Number of rewrites                            2917
        Memory Model Encoder
          Number of moved ops                              0
          Number of rewrites                               0
        Simplifier
          Number of rewrites                              15
        Simplifier
          Number of moved ops                              0
          Number of rewrites                               0
        ToASC Analyser
          Memcpy/memset found                             no
        Byte-Based Memory Creator
        Instantiation-Based ToASC Simplifier
        Simplifier
        FP Abstraction
          Number of rewrites                              35

Abstracted floating point operations.  The result might be a false positive.

        Simplifier
          Number of rewrites                               4
                                                           0 sec [DONE]
        
      24 assertions remain after transformations (22 no_back_edge, 1 custom, 1 no_unreachable_executed).
after rewriteFormula
after sanityCheckFormula

      Running SMT solver (STP with MiniSat) ...            4 sec [DONE]
        
                                                           4 sec [DONE]
      after performing Check
evaluateCheckerResultsViaRefinementLoop
checker.getResult() is Trace
checkOnlyPrecon: 0, size:1
getFailingCheckFor
setStatusMarkerAccordingToFailingInstruction
BranchInst - LoopBound
trying to exclude Assertions for Failing Instruction

    Rerunning SMT solver (STP with MiniSat) ...            5 sec [DONE]
      checker.getResult() is Trace
checkOnlyPrecon: 0, size:1
getFailingCheckFor
setStatusMarkerAccordingToFailingInstruction
BranchInst - LoopBound
trying to exclude Assertions for Failing Instruction

    Rerunning SMT solver (STP with MiniSat) ...            5 sec [DONE]
      checker.getResult() is Trace
checkOnlyPrecon: 0, size:1
getFailingCheckFor
setStatusMarkerAccordingToFailingInstruction
BranchInst - LoopBound
trying to exclude Assertions for Failing Instruction

    Rerunning SMT solver (STP with MiniSat) ...            5 sec [DONE]
      checker.getResult() is Trace
checkOnlyPrecon: 0, size:1
getFailingCheckFor
setStatusMarkerAccordingToFailingInstruction
BranchInst - LoopBound
trying to exclude Assertions for Failing Instruction

    Rerunning SMT solver (STP with MiniSat) ...            5 sec [DONE]
      getCheckerResultAfterUpdatingMarker
Result is NoTrace

                                                          28 sec [DONE]
    allsafe
    
                                                          28 sec [DONE]
  uctions
        Unrolling loop in function "mat_mymul1" for 1 iterations succeeded.
        Unrolling loop in function "mat_mymul1" for 1 iterations succeeded.
        Unrolling loop in function "mat_mymul1" for 1 iterations succeeded.
        Transformed "mat_mymul1" from 13 to 16 basic blocks and from 88 to 103 instructions
        Unrolling loop in function "mat_sub" for 1 iterations succeeded.
        Unrolling loop in function "mat_sub" for 1 iterations succeeded.
        Transformed "mat_sub" from 9 to 11 basic blocks and from 58 to 66 instructions
        Unrolling loop in function "mat_mymul5" for 1 iterations succeeded.
        Unrolling loop in function "mat_mymul5" for 1 iterations succeeded.
        Unrolling loop in function "mat_mymul5" for 1 iterations succeeded.
        Unrolling loop in function "mat_mymul5" for 1 iterations succeeded.
        Unrolling loop in function "mat_mymul5" for 1 iterations succeeded.
        Transformed "mat_mymul5" from 21 to 26 basic blocks and from 136 to 159 instructionsisMemcpy:   call void @llvm.memcpy.p0i8.p0i8.i64(i8* %25, i8* %26, i64 16, i32 8, i1 false), !dbg !1393
isMemset:   call void @llvm.memset.p0i8.i64(i8* %3, i8 0, i64 6, i32 2, i1 false), !dbg !1400
isMemcpy:   call void @llvm.memcpy.p0i8.p0i8.i64(i8* bitcast (%struct.servo* @servopos to i8*), i8* bitcast (%struct.servo* @servopacket to i8*), i64 18, i32 2, i1 false), !dbg !1405
isMemcpy:   call void @llvm.memcpy.p0i8.p0i8.i64(i8* bitcast (%struct.imu* @imuval to i8*), i8* bitcast (%struct.imu* @imupacket to i8*), i64 128, i32 8, i1 false), !dbg !1407
isMemcpy:   call void @llvm.memcpy.p0i8.p0i8.i64(i8* bitcast (%struct.gps* @gpsval to i8*), i8* bitcast (%struct.gps* @gpspacket to i8*), i64 64, i32 8, i1 false), !dbg !1408
isMemcpy:   call void @llvm.memcpy.p0i8.p0i8.i64(i8* bitcast (%struct.nav* @navval to i8*), i8* bitcast (%struct.nav* @navpacket to i8*), i64 64, i32 8, i1 false), !dbg !1409

        Unrolling loop in function "send_servo_cmd" for 1 iterations succeeded.
        Unrolling loop in function "send_servo_cmd" for 18 iterations succeeded.getMatchingFunctions

        Transformed "send_servo_cmd" from 8 to 40 basic blocks and from 143 to 536 instructionsisMemset:   call void @llvm.memset.p0i8.i64(i8* %2, i8 0, i64 24, i32 16, i1 false), !dbg !1378
isMemset:   call void @llvm.memset.p0i8.i64(i8* %5, i8 0, i64 24, i32 16, i1 false), !dbg !1391
isMemset:   call void @llvm.memset.p0i8.i64(i8* %6, i8 0, i64 24, i32 16, i1 false), !dbg !1393
isMemset:   call void @llvm.memset.p0i8.i64(i8* %7, i8 0, i64 16, i32 16, i1 false), !dbg !1395
isMemset:   call void @llvm.memset.p0i8.i64(i8* %8, i8 0, i64 32, i32 16, i1 false), !dbg !1398
isMemcpy:   call void @llvm.memcpy.p0i8.p0i8.i64(i8* %25, i8* %26, i64 16, i32 8, i1 false), !dbg !1393
isMemset:   call void @llvm.memset.p0i8.i64(i8* %3, i8 0, i64 6, i32 2, i1 false), !dbg !1400
isMemcpy:   call void @llvm.memcpy.p0i8.p0i8.i64(i8* bitcast (%struct.servo* @servopos to i8*), i8* bitcast (%struct.servo* @servopacket to i8*), i64 18, i32 2, i1 false), !dbg !1405
isMemcpy:   call void @llvm.memcpy.p0i8.p0i8.i64(i8* bitcast (%struct.imu* @imuval to i8*), i8* bitcast (%struct.imu* @imupacket to i8*), i64 128, i32 8, i1 false), !dbg !1407
isMemcpy:   call void @llvm.memcpy.p0i8.p0i8.i64(i8* bitcast (%struct.gps* @gpsval to i8*), i8* bitcast (%struct.gps* @gpspacket to i8*), i64 64, i32 8, i1 false), !dbg !1408
isMemcpy:   call void @llvm.memcpy.p0i8.p0i8.i64(i8* bitcast (%struct.nav* @navval to i8*), i8* bitcast (%struct.nav* @navpacket to i8*), i64 64, i32 8, i1 false), !dbg !1409
isMemset:   call void @llvm.memset.p0i8.i64(i8* %2, i8 0, i64 24, i32 16, i1 false), !dbg !1378

                                                           0 sec [DONE]
        Number of expressions:                         36601
        after encoding

      243 assertions before transformations (235 no_back_edge, 6 custom, 2 no_unreachable_executed).

      Performing formula transformations ...
        Simplifier
          Number of rewrites                           21249
        Fixed Memory Address Assigner
          Number of moved ops                             61
          Number of rewrites                             452
        Simplifier
          Number of moved ops                              0
          Number of rewrites                           49489
        Memory Model Encoder
          Number of moved ops                              0rewriteAllocaOprewriteStackAddressOp
rewriteAllocaOprewriteStackAddressOp
rewriteAllocaOprewriteStackAddressOp
rewriteAllocaOprewriteStackAddressOp
rewriteAllocaOprewriteStackAddressOp
rewriteAllocaOprewriteStackAddressOp
rewriteAllocaOprewriteStackAddressOp
rewriteAllocaOprewriteStackAddressOp
rewriteAllocaOprewriteStackAddressOp
rewriteAllocaOprewriteStackAddressOp
rewriteAllocaOprewriteStackAddressOp
rewriteAllocaOprewriteStackAddressOp
rewriteAllocaOprewriteStackAddressOp
rewriteAllocaOprewriteStackAddressOp
rewriteAllocaOprewriteStackAddressOp
rewriteAllocaOprewriteStackAddressOp

          Number of rewrites                              16
        Simplifier
          Number of moved ops                              0
          Number of rewrites                            2020
        Simplifier
          Number of moved ops                              0
          Number of rewrites                           77459
        ToASC Analyser
          Memcpy/memset found                             no
        Byte-Based Memory Creator
        Instantiation-Based ToASC Simplifier
        Simplifier
        FP Abstraction
          Number of rewrites                            1391

Abstracted floating point operations.  The result might be a false positive.

        Simplifier
          Number of moved ops                              0
          Number of rewrites                             105
                                                           0 sec [DONE]
        
      243 assertions remain after transformations (235 no_back_edge, 6 custom, 2 no_unreachable_executed).
after rewriteFormula
after sanityCheckFormula

      Running SMT solver (STP with MiniSat) ...            0 sec [DONE]
        
                                                           0 sec [DONE]
      after performing Check
evaluateCheckerResultsViaRefinementLoop
checker.getResult() is Trace
checkOnlyPrecon: 0, size:1
getFailingCheckFor
setStatusMarkerAccordingToFailingInstruction
BranchInst - LoopBound
trying to exclude Assertions for Failing Instruction

    Rerunning SMT solver (STP with MiniSat) ...            0 sec [DONE]
      getCheckerResultAfterUpdatingMarker
Result is NoTrace

                                                           0 sec [DONE]
    allsafe
    
                                                           0 sec [DONE]
  