runJobCommand
arguents: child
arguents: job
arguents: mode
Careful, HavocLimit is not zero. Call Abstraction is activated
handleJobInSeparateProcess0

Checking job 5738 ...about to run job:
preconNumber: 0, 0

  Running Model Checker with 1 checks ...try
try ready

    SMTSolver : stp
    CallStackBound : 0
    StopEncodingAfterCheckLoop : 0
    LoopUnrollBound : 1
    HavocLimit : 1
    PreconditionNumber : 0
    PreconditionLocation : jobs/5738
    TimeOut : 600
    InitializedGlobals : false
    IgnoreMissingFunctions : false
    StopEncodingAfterCheck : false
    OverApproxVaArgs : false
    PreconditionCheckMemory : false
    PreconditionOnlyArguments : trueI [0] lib/ModelChecker/Verifier.cpp:247 | EntryPoint : sqlite3AddPrimaryKey
m_checker->run()

    Performing bounded model checking ...
      Unrolling loop in function "sqlite3AddPrimaryKey" for 1 iterations succeeded.
      Unrolling loop in function "sqlite3AddPrimaryKey" for 1 iterations succeeded.
      Transformed "sqlite3AddPrimaryKey" from 35 to 38 basic blocks and from 218 to 238 instructions
      Performing pre-transformations on LLVM IR ...        0 sec [DONE]
        
      Performing logical encoding ...Current: sqlite3AddPrimaryKey Havoced: sqlite3ExprSkipCollate
Current: sqlite3AddPrimaryKey Havoced: sqlite3StringToId
Current: sqlite3AddPrimaryKey Havoced: sqlite3StrICmp
Current: sqlite3AddPrimaryKey Havoced: makeColumnPartOfPrimaryKey
Current: sqlite3AddPrimaryKey Havoced: makeColumnPartOfPrimaryKey
Current: sqlite3AddPrimaryKey Havoced: sqlite3ColumnType
Current: sqlite3AddPrimaryKey Havoced: sqlite3StrICmp
Current: sqlite3AddPrimaryKey Havoced: sqlite3CreateIndex
Current: sqlite3AddPrimaryKey Havoced: sqlite3ErrorMsg
Current: sqlite3AddPrimaryKey Havoced: sqlite3ExprSkipCollate
Current: sqlite3AddPrimaryKey Havoced: sqlite3RenameTokenRemap
Current: sqlite3AddPrimaryKey Havoced: sqlite3HasExplicitNulls
Current: sqlite3AddPrimaryKey Havoced: sqlite3ErrorMsg
Current: sqlite3AddPrimaryKey Havoced: sqlite3ExprListDelete
                      0 sec [DONE]
        Number of expressions:                        155422
        after encoding

      3 assertions before transformations (2 no_back_edge, 1 custom).

      Performing formula transformations ...
        Simplifier
          Number of rewrites                            3572
        Fixed Memory Address Assigner
          Number of moved ops                              0
          Number of rewrites                            5208
        Simplifier
          Number of moved ops                              0
          Number of rewrites                           72629
        Memory Model Encoder
          Number of moved ops                              0
          Number of rewrites                               0
        Simplifier
          Number of rewrites                               3
        Simplifier
          Number of moved ops                              0
          Number of rewrites                             142
        ToASC Analyser
          Memcpy/memset found                             no
        Byte-Based Memory Creator
        Instantiation-Based ToASC Simplifier
        Simplifier
        FP Abstraction
          Number of rewrites                              44

Abstracted floating point operations.  The result might be a false positive.

        Simplifier
          Number of moved ops                              0
          Number of rewrites                               0
                                                           0 sec [DONE]
        
      3 assertions remain after transformations (2 no_back_edge, 1 custom).
after rewriteFormula
after sanityCheckFormula

      Running SMT solver (STP with MiniSat) ...