runJobCommand
arguents: child
arguents: job
arguents: mode
Careful, HavocLimit is not zero. Call Abstraction is activated
handleJobInSeparateProcess0

Checking job 7924 ...about to run job:
preconNumber: 0, 0

  Running Model Checker with 1 checks ...try
try ready

    SMTSolver : stp
    CallStackBound : 0
    StopEncodingAfterCheckLoop : 0
    LoopUnrollBound : 1
    HavocLimit : 2
    PreconditionNumber : 0
    PreconditionLocation : jobs/7924
    TimeOut : 600
    InitializedGlobals : false
    IgnoreMissingFunctions : false
    StopEncodingAfterCheck : false
    OverApproxVaArgs : false
    PreconditionCheckMemory : false
    PreconditionOnlyArguments : trueI [0] lib/ModelChecker/Verifier.cpp:247 | EntryPoint : nth_valueStepFunc
m_checker->run()

    Performing bounded model checking ...
      Transformed "nth_valueStepFunc" from 17 to 21 basic blocks and from 71 to 78 instructions
      Performing pre-transformations on LLVM IR ...        0 sec [DONE]
        
      Performing logical encoding ...Current: sqlite3_aggregate_context Havoced: createAggContext
Current: sqlite3_value_numeric_type Havoced: sqlite3_value_type
Current: sqlite3_value_numeric_type Havoced: applyNumericAffinity
Current: sqlite3_value_numeric_type Havoced: sqlite3_value_type
Current: sqlite3_value_double Havoced: sqlite3VdbeRealValue
Current: sqlite3_value_int64 Havoced: sqlite3VdbeIntValue
Current: sqlite3_value_dup Havoced: sqlite3_malloc
isMemset:   call void @llvm.memset.p0i8.i64(i8* %5, i8 0, i64 56, i32 8, i1 false), !dbg !5624
isMemcpy:   call void @llvm.memcpy.p0i8.p0i8.i64(i8* %6, i8* %7, i64 24, i32 8, i1 false), !dbg !5625
Current: sqlite3_value_dup Havoced: sqlite3VdbeMemMakeWriteable
Current: sqlite3_value_dup Havoced: sqlite3ValueFree
Current: sqlite3_result_error_nomem Havoced: sqlite3VdbeMemSetNull
Current: sqlite3_result_error_nomem Havoced: sqlite3OomFault
Current: sqlite3_result_error Havoced: sqlite3VdbeMemSetStr
                      0 sec [DONE]
        Number of expressions:                        155408
        after encoding

      1 assertion before transformations (1 custom).

      Performing formula transformations ...
        Simplifier
          Number of rewrites                            3565
        Fixed Memory Address Assigner
          Number of moved ops                              0
          Number of rewrites                            5208
        Simplifier
          Number of moved ops                              0
          Number of rewrites                           72624
        Memory Model Encoder
          Number of moved ops                              0
          Number of rewrites                               0
        Simplifier
          Number of rewrites                               7
        Simplifier
          Number of moved ops                              0
          Number of rewrites                             147
        ToASC Analyser
          Memcpy/memset found                             no
        Byte-Based Memory Creator
        Instantiation-Based ToASC Simplifier
        Simplifier
        FP Abstraction
          Number of rewrites                              48

Abstracted floating point operations.  The result might be a false positive.

        Simplifier
          Number of moved ops                              0
          Number of rewrites                               2
                                                           0 sec [DONE]
        
      1 assertion remains after transformations (1 custom).
after rewriteFormula
after sanityCheckFormula

      Running SMT solver (STP with MiniSat) ...