runJobCommand
arguents: child
arguents: job
arguents: mode
handleJobInSeparateProcess0

Checking job 6415 ...about to run job:
preconNumber: 5, 1

  Running Model Checker with 1 checks ...W [1] lib/Slicer/LocalSlicer.cpp:368 | argument 0 (i32* undef) has pointer type
W [1] lib/Slicer/LocalSlicer.cpp:368 | argument 0 (i16* undef) has pointer type
W [1] lib/Slicer/LocalSlicer.cpp:368 | argument 0 (%struct.Upsert* %12) has pointer type
W [1] lib/Slicer/LocalSlicer.cpp:368 | argument 0 (%struct.ExprList* undef) has pointer type
W [1] lib/Slicer/LocalSlicer.cpp:368 | argument 0 (i8* undef) has pointer type
W [1] lib/Slicer/LocalSlicer.cpp:368 | argument 0 (%struct.Index* undef) has pointer type
W [1] lib/Slicer/LocalSlicer.cpp:368 | argument 0 (%struct.IdxCover* undef) has pointer type
W [1] lib/Slicer/LocalSlicer.cpp:368 | argument 0 (%struct.Index* undef) has pointer type
W [1] lib/Slicer/LocalSlicer.cpp:368 | argument 0 (i32* undef) has pointer type
W [1] lib/Slicer/LocalSlicer.cpp:368 | argument 0 (%struct.Index* undef) has pointer type
W [1] lib/Slicer/LocalSlicer.cpp:368 | argument 0 (i8* undef) has pointer type
W [1] lib/Slicer/LocalSlicer.cpp:368 | argument 0 (%struct.Upsert* undef) has pointer type
W [1] lib/Slicer/LocalSlicer.cpp:368 | argument 0 (i8* undef) has pointer type
W [1] lib/Slicer/LocalSlicer.cpp:368 | argument 0 (i32* undef) has pointer type
W [1] lib/Slicer/LocalSlicer.cpp:368 | argument 0 (%struct.Index* undef) has pointer type
W [1] lib/Slicer/LocalSlicer.cpp:368 | argument 0 (%struct.Index* undef) has pointer type
W [1] lib/Slicer/LocalSlicer.cpp:368 | argument 0 (i64* undef) has pointer type
W [1] lib/Slicer/LocalSlicer.cpp:368 | argument 0 (%struct.Trigger* null) has pointer type
W [1] lib/Slicer/LocalSlicer.cpp:368 | argument 0 (i64* undef) has pointer type
W [1] lib/Slicer/LocalSlicer.cpp:368 | argument 0 (%struct.FKey* null) has pointer type
W [1] lib/Slicer/LocalSlicer.cpp:368 | argument 0 (%struct.FKey* null) has pointer type
W [1] lib/Slicer/LocalSlicer.cpp:495 | unused argument: , qpr.slicing.unused.arg.sqlite3GenerateConstraintChecks.0
W [1] lib/Slicer/LocalSlicer.cpp:495 | unused argument: , qpr.slicing.unused.arg.sqlite3GenerateConstraintChecks.1
W [1] lib/Slicer/LocalSlicer.cpp:495 | unused argument: , qpr.slicing.unused.arg.sqlite3GenerateConstraintChecks.2
W [1] lib/Slicer/LocalSlicer.cpp:495 | unused argument: , qpr.slicing.unused.arg.sqlite3GenerateConstraintChecks.3
W [1] lib/Slicer/LocalSlicer.cpp:495 | unused argument: , qpr.slicing.unused.arg.sqlite3GenerateConstraintChecks.4
W [1] lib/Slicer/LocalSlicer.cpp:495 | unused argument: , qpr.slicing.unused.arg.sqlite3GenerateConstraintChecks.5
W [1] lib/Slicer/LocalSlicer.cpp:495 | unused argument: , qpr.slicing.unused.arg.sqlite3GenerateConstraintChecks.9
W [1] lib/Slicer/LocalSlicer.cpp:495 | unused argument: , qpr.slicing.unused.arg.sqlite3GenerateConstraintChecks.10
W [1] lib/Slicer/LocalSlicer.cpp:495 | unused argument: , qpr.slicing.unused.arg.sqlite3GenerateConstraintChecks.11
W [1] lib/Slicer/LocalSlicer.cpp:495 | unused argument: , qpr.slicing.unused.arg.sqlite3GenerateConstraintChecks.12
I [1] lib/Slicer/LocalSlicer.cpp:104 | slicing finished
try
try ready

    SMTSolver : stp
    CallStackBound : 0
    StopEncodingAfterCheckLoop : 1
    LoopUnrollBound : 1
    HavocLimit : 0
    PreconditionNumber : 5
    PreconditionLocation : jobs/6415
    TimeOut : 600
    InitializedGlobals : false
    IgnoreMissingFunctions : false
    StopEncodingAfterCheck : true
    OverApproxVaArgs : false
    PreconditionCheckMemory : false
    PreconditionOnlyArguments : trueI [1] lib/ModelChecker/Verifier.cpp:247 | EntryPoint : sqlite3GenerateConstraintChecks
m_checker->run()

    Performing bounded model checking ...
      Unrolling loop in function "sqlite3GenerateConstraintChecks" for 1 iterations succeeded.
      Transformed "sqlite3GenerateConstraintChecks" from 43 to 50 basic blocks and from 154 to 166 instructions
      Performing pre-transformations on LLVM IR ...        0 sec [DONE]
        
      Performing logical encoding ...size Alloca: 1
size Alloca: 1
size Alloca: 1
size Alloca: 1
size Alloca: 1
size Alloca: 1
-----found check = true
                      0 sec [DONE]
        Number of expressions:                        131295
        after encoding

      1 assertion before transformations (1 custom).

      Performing formula transformations ...
        Simplifier
          Number of rewrites                            2794
        Fixed Memory Address Assigner
          Number of moved ops                              6
          Number of rewrites                            4902
        Simplifier
          Number of moved ops                              6
          Number of rewrites                           61897
        Memory Model Encoder
          Number of moved ops                              0
          Number of rewrites                               0
        Simplifier
          Number of rewrites                               0
        Simplifier
          Number of rewrites                              88
        ToASC Analyser
          Memcpy/memset found                             no
        Byte-Based Memory Creator
        Instantiation-Based ToASC Simplifier
        Simplifier
        FP Abstraction
          Number of rewrites                               0
        Simplifier
          Number of moved ops                              0
          Number of rewrites                               0
                                                           0 sec [DONE]
        
      1 assertion remains after transformations (1 custom).
after rewriteFormula
after sanityCheckFormula

      Running SMT solver (STP with MiniSat) ...            0 sec [DONE]
        
                                                           0 sec [DONE]
      after performing Check
evaluateCheckerResultsViaRefinementLoop
checker.getResult() is Trace
checkOnlyPrecon: 0, size:1
getFailingCheckFor
setCheckToUnsafe
setCheckToUnsafe
Check for floating point traces / abstractions currently deactivated
getCheckerResultAfterUpdatingMarker
failingInst:   call void @llbmc.assert(i1 %4, i32 %0)
Preconditions internal: 
i32 %arg3:arbitrary; i32 %arg4:arbitrary; i32 %arg5:arbitrary; i32 %arg6:0; (i32 %arg6:0)i8 %arg7:0; (i8 %arg7:0)i8 %arg8:0; (i8 %arg8:0)i32 %arg9:arbitrary; 
 function does not read memory: 0, checkValidLoad:0, checkMemory: 0
function does not read memory 

assumePair: i32 %arg3 = nondef() : 0
error: No matching SMT expression for Op %arg3 (nondef) found!assumePair: i32 %arg4 = nondef() : 0
error: No matching SMT expression for Op %arg4 (nondef) found!assumePair: i32 %arg5 = nondef() : 0
error: No matching SMT expression for Op %arg5 (nondef) found!assumePair: i32 %arg6 = nondef() : 0
assumePair: i8 %arg7 = nondef() : 0
assumePair: i8 %arg8 = nondef() : 0
assumePair: i32 %arg9 = nondef() : 0
error: No matching SMT expression for Op %arg9 (nondef) found!
    Rerunning SMT solver (STP with MiniSat) ...            0 sec [DONE]
      failingInst:   call void @llbmc.assert(i1 %4, i32 %0)
Preconditions internal: 
i32 %arg3:arbitrary; i32 %arg4:arbitrary; i32 %arg5:arbitrary; i32 %arg6:1; (i32 %arg6:1)i8 %arg7:0; (i8 %arg7:0)i8 %arg8:0; (i8 %arg8:0)i32 %arg9:arbitrary; 
 function does not read memory: 0, checkValidLoad:0, checkMemory: 0
function does not read memory 

assumePair: i32 %arg3 = nondef() : 0
error: No matching SMT expression for Op %arg3 (nondef) found!assumePair: i32 %arg4 = nondef() : 0
error: No matching SMT expression for Op %arg4 (nondef) found!assumePair: i32 %arg5 = nondef() : 0
error: No matching SMT expression for Op %arg5 (nondef) found!assumePair: i32 %arg6 = nondef() : 1
assumePair: i8 %arg7 = nondef() : 0
assumePair: i8 %arg8 = nondef() : 0
assumePair: i32 %arg9 = nondef() : 0
error: No matching SMT expression for Op %arg9 (nondef) found!
    Rerunning SMT solver (STP with MiniSat) ...            0 sec [DONE]
      failingInst:   call void @llbmc.assert(i1 %4, i32 %0)
Preconditions internal: 
i32 %arg3:arbitrary; i32 %arg4:arbitrary; i32 %arg5:arbitrary; i32 %arg6:1073741824; (i32 %arg6:1073741824)i8 %arg7:0; (i8 %arg7:0)i8 %arg8:7; (i8 %arg8:7)i32 %arg9:arbitrary; 
 function does not read memory: 0, checkValidLoad:0, checkMemory: 0
function does not read memory 

assumePair: i32 %arg3 = nondef() : 0
error: No matching SMT expression for Op %arg3 (nondef) found!assumePair: i32 %arg4 = nondef() : 0
error: No matching SMT expression for Op %arg4 (nondef) found!assumePair: i32 %arg5 = nondef() : 0
error: No matching SMT expression for Op %arg5 (nondef) found!assumePair: i32 %arg6 = nondef() : 1073741824
assumePair: i8 %arg7 = nondef() : 0
assumePair: i8 %arg8 = nondef() : 7
assumePair: i32 %arg9 = nondef() : 0
error: No matching SMT expression for Op %arg9 (nondef) found!
    Rerunning SMT solver (STP with MiniSat) ...            0 sec [DONE]
      failingInst:   call void @llbmc.assert(i1 %4, i32 %0)
Preconditions internal: 
i32 %arg3:arbitrary; i32 %arg4:arbitrary; i32 %arg5:arbitrary; i32 %arg6:-2147483648; (i32 %arg6:2147483648)i8 %arg7:0; (i8 %arg7:0)i8 %arg8:7; (i8 %arg8:7)i32 %arg9:arbitrary; 
 function does not read memory: 0, checkValidLoad:0, checkMemory: 0
function does not read memory 

assumePair: i32 %arg3 = nondef() : 0
error: No matching SMT expression for Op %arg3 (nondef) found!assumePair: i32 %arg4 = nondef() : 0
error: No matching SMT expression for Op %arg4 (nondef) found!assumePair: i32 %arg5 = nondef() : 0
error: No matching SMT expression for Op %arg5 (nondef) found!assumePair: i32 %arg6 = nondef() : -2147483648
assumePair: i8 %arg7 = nondef() : 0
assumePair: i8 %arg8 = nondef() : 7
assumePair: i32 %arg9 = nondef() : 0
error: No matching SMT expression for Op %arg9 (nondef) found!
    Rerunning SMT solver (STP with MiniSat) ...            0 sec [DONE]
      failingInst:   call void @llbmc.assert(i1 %4, i32 %0)
Preconditions internal: 
i32 %arg3:arbitrary; i32 %arg4:arbitrary; i32 %arg5:arbitrary; i32 %arg6:0; (i32 %arg6:0)i8 %arg7:0; (i8 %arg7:0)i8 %arg8:11; (i8 %arg8:11)i32 %arg9:arbitrary; 
 function does not read memory: 0, checkValidLoad:0, checkMemory: 0
function does not read memory 

assumePair: i32 %arg3 = nondef() : 0
error: No matching SMT expression for Op %arg3 (nondef) found!assumePair: i32 %arg4 = nondef() : 0
error: No matching SMT expression for Op %arg4 (nondef) found!assumePair: i32 %arg5 = nondef() : 0
error: No matching SMT expression for Op %arg5 (nondef) found!assumePair: i32 %arg6 = nondef() : 0
assumePair: i8 %arg7 = nondef() : 0
assumePair: i8 %arg8 = nondef() : 11
assumePair: i32 %arg9 = nondef() : 0
error: No matching SMT expression for Op %arg9 (nondef) found!
    Rerunning SMT solver (STP with MiniSat) ...            0 sec [DONE]
      name of function arguments: Writing precondition at: jobs/6415/precondition_sqlite3GenerateConstraintChecks.txt

Generated Preconditions:
[underoverapprox]name of function arguments: 
i32 %arg3:arbitrary; i32 %arg4:arbitrary; i32 %arg5:arbitrary; i32 %arg6:0; i8 %arg7:0; i8 %arg8:0; i32 %arg9:arbitrary; 
i32 %arg3:arbitrary; i32 %arg4:arbitrary; i32 %arg5:arbitrary; i32 %arg6:1; i8 %arg7:0; i8 %arg8:0; i32 %arg9:arbitrary; 
i32 %arg3:arbitrary; i32 %arg4:arbitrary; i32 %arg5:arbitrary; i32 %arg6:1073741824; i8 %arg7:0; i8 %arg8:7; i32 %arg9:arbitrary; 
i32 %arg3:arbitrary; i32 %arg4:arbitrary; i32 %arg5:arbitrary; i32 %arg6:-2147483648; i8 %arg7:0; i8 %arg8:7; i32 %arg9:arbitrary; 
i32 %arg3:arbitrary; i32 %arg4:arbitrary; i32 %arg5:arbitrary; i32 %arg6:0; i8 %arg7:0; i8 %arg8:11; i32 %arg9:arbitrary; 

                                                           1 sec [DONE]
    allunsafe
    
                                                           1 sec [DONE]
  