runJobCommand
arguents: child
arguents: job
arguents: mode
handleJobInSeparateProcess0

Checking job 2317 ...about to run job:
preconNumber: 5, 1

  Running Model Checker with 1 checks ...W [0] lib/Slicer/LocalSlicer.cpp:368 | argument 0 (i32* undef) has pointer type
W [0] lib/Slicer/LocalSlicer.cpp:368 | argument 0 (i32* undef) has pointer type
W [0] lib/Slicer/LocalSlicer.cpp:368 | argument 0 (i32* undef) has pointer type
W [0] lib/Slicer/LocalSlicer.cpp:368 | argument 0 (%struct.Bitvec* undef) has pointer type
W [0] lib/Slicer/LocalSlicer.cpp:368 | argument 0 (i32* undef) has pointer type
W [0] lib/Slicer/LocalSlicer.cpp:495 | unused argument: , qpr.slicing.unused.arg.sqlite3BitvecTestNotNull.0
I [0] lib/Slicer/LocalSlicer.cpp:104 | slicing finished
try
try ready

    SMTSolver : stp
    CallStackBound : 0
    StopEncodingAfterCheckLoop : 1
    LoopUnrollBound : 1
    HavocLimit : 0
    PreconditionNumber : 5
    PreconditionLocation : jobs/2317
    TimeOut : 600
    InitializedGlobals : false
    IgnoreMissingFunctions : false
    StopEncodingAfterCheck : true
    OverApproxVaArgs : false
    PreconditionCheckMemory : false
    PreconditionOnlyArguments : trueI [0] lib/ModelChecker/Verifier.cpp:247 | EntryPoint : sqlite3BitvecTestNotNull
m_checker->run()

    Performing bounded model checking ...
      Unrolling loop in function "sqlite3BitvecTestNotNull" for 1 iterations succeeded.
      Transformed "sqlite3BitvecTestNotNull" from 8 to 10 basic blocks and from 28 to 36 instructions
      Performing pre-transformations on LLVM IR ...        0 sec [DONE]
        
      Performing logical encoding ...size Alloca: 1
-----found check = true
                      0 sec [DONE]
        Number of expressions:                        130943
        after encoding

      2 assertions before transformations (1 no_back_edge, 1 custom).

      Performing formula transformations ...
        Simplifier
          Number of rewrites                            2593
        Fixed Memory Address Assigner
          Number of moved ops                              1
          Number of rewrites                            4897
        Simplifier
          Number of moved ops                              1
          Number of rewrites                           61877
        Memory Model Encoder
          Number of moved ops                              0
          Number of rewrites                               0
        Simplifier
          Number of rewrites                               0
        Simplifier
          Number of rewrites                              88
        ToASC Analyser
          Memcpy/memset found                             no
        Byte-Based Memory Creator
        Instantiation-Based ToASC Simplifier
        Simplifier
        FP Abstraction
          Number of rewrites                               0
        Simplifier
          Number of moved ops                              0
          Number of rewrites                               0
                                                           0 sec [DONE]
        
      2 assertions remain after transformations (1 no_back_edge, 1 custom).
after rewriteFormula
after sanityCheckFormula

      Running SMT solver (STP with MiniSat) ...            0 sec [DONE]
        
                                                           0 sec [DONE]
      after performing Check
evaluateCheckerResultsViaRefinementLoop
checker.getResult() is Trace
checkOnlyPrecon: 0, size:1
getFailingCheckFor
setStatusMarkerAccordingToFailingInstruction
BranchInst - LoopBound
trying to exclude Assertions for Failing Instruction

    Rerunning SMT solver (STP with MiniSat) ...            0 sec [DONE]
      checker.getResult() is Trace
checkOnlyPrecon: 0, size:1
getFailingCheckFor
setCheckToUnsafe
setCheckToUnsafe
Check for floating point traces / abstractions currently deactivated
getCheckerResultAfterUpdatingMarker
failingInst:   call void @llbmc.assert(i1 %4, i32 %0)
Preconditions internal: 
i32 %arg1:3969; (i32 %arg1:3969)
 function does not read memory: 0, checkValidLoad:0, checkMemory: 0
function does not read memory 

assumePair: i32 %arg1 = nondef() : 3969

    Rerunning SMT solver (STP with MiniSat) ...            0 sec [DONE]
      failingInst:   call void @llbmc.assert(i1 %4, i32 %0)
Preconditions internal: 
i32 %arg1:524292; (i32 %arg1:524292)
 function does not read memory: 0, checkValidLoad:0, checkMemory: 0
function does not read memory 

assumePair: i32 %arg1 = nondef() : 524292

    Rerunning SMT solver (STP with MiniSat) ...            0 sec [DONE]
      failingInst:   call void @llbmc.assert(i1 %4, i32 %0)
Preconditions internal: 
i32 %arg1:8388616; (i32 %arg1:8388616)
 function does not read memory: 0, checkValidLoad:0, checkMemory: 0
function does not read memory 

assumePair: i32 %arg1 = nondef() : 8388616

    Rerunning SMT solver (STP with MiniSat) ...            0 sec [DONE]
      failingInst:   call void @llbmc.assert(i1 %4, i32 %0)
Preconditions internal: 
i32 %arg1:4032; (i32 %arg1:4032)
 function does not read memory: 0, checkValidLoad:0, checkMemory: 0
function does not read memory 

assumePair: i32 %arg1 = nondef() : 4032

    Rerunning SMT solver (STP with MiniSat) ...            0 sec [DONE]
      failingInst:   call void @llbmc.assert(i1 %4, i32 %0)
Preconditions internal: 
i32 %arg1:73728; (i32 %arg1:73728)
 function does not read memory: 0, checkValidLoad:0, checkMemory: 0
function does not read memory 

assumePair: i32 %arg1 = nondef() : 73728

    Rerunning SMT solver (STP with MiniSat) ...            0 sec [DONE]
      name of function arguments: Writing precondition at: jobs/2317/precondition_sqlite3BitvecTestNotNull.txt

Generated Preconditions:
[underoverapprox]name of function arguments: 
i32 %arg1:3969; 
i32 %arg1:524292; 
i32 %arg1:8388616; 
i32 %arg1:4032; 
i32 %arg1:73728; 

                                                           1 sec [DONE]
    allunsafe
    
                                                           1 sec [DONE]
  