runJobCommand
arguents: child
arguents: job
arguents: mode
handleJobInSeparateProcess0

Checking job 222 ...about to run job:
preconNumber: 5, 1

  Running Model Checker with 1 checks ...try
try ready

    SMTSolver : stp
    CallStackBound : 0
    StopEncodingAfterCheckLoop : 0
    LoopUnrollBound : 3
    HavocLimit : 0
    PreconditionNumber : 5
    PreconditionLocation : jobs/222
    TimeOut : 300
    InitializedGlobals : false
    IgnoreMissingFunctions : false
    StopEncodingAfterCheck : false
    OverApproxVaArgs : false
    PreconditionCheckMemory : false
    PreconditionOnlyArguments : trueI [0] lib/ModelChecker/Verifier.cpp:247 | EntryPoint : mat_mymul4
m_checker->run()

    Performing bounded model checking ...
      Unrolling loop in function "mat_mymul4" for 3 iterations succeeded.
      Unrolling loop in function "mat_mymul4" for 3 iterations succeeded.
      Unrolling loop in function "mat_mymul4" for 3 iterations succeeded.
      Transformed "mat_mymul4" from 13 to 118 basic blocks and from 88 to 1231 instructions
      Performing pre-transformations on LLVM IR ...        0 sec [DONE]
        
      Performing logical encoding ...size Alloca: 1
size Alloca: 1
size Alloca: 1
                      0 sec [DONE]
        Number of expressions:                          8412
        after encoding

      49 assertions before transformations (13 no_back_edge, 36 custom).

      Performing formula transformations ...
        Simplifier
          Number of rewrites                            1246
        Fixed Memory Address Assigner
          Number of moved ops                              3
          Number of rewrites                             367
        Simplifier
          Number of moved ops                              3
          Number of rewrites                            5386
        Memory Model Encoder
          Number of moved ops                              0
          Number of rewrites                               0
        Simplifier
          Number of rewrites                              39
        Simplifier
          Number of moved ops                              0
          Number of rewrites                               0
        ToASC Analyser
          Memcpy/memset found                             no
        Byte-Based Memory Creator
        Instantiation-Based ToASC Simplifier
        Simplifier
        FP Abstraction
          Number of rewrites                              91

Abstracted floating point operations.  The result might be a false positive.

        Simplifier
          Number of rewrites                               0
                                                           0 sec [DONE]
        
      49 assertions remain after transformations (13 no_back_edge, 36 custom).
after rewriteFormula
after sanityCheckFormula

      Running SMT solver (STP with MiniSat) ...            3 sec [DONE]
        
                                                           3 sec [DONE]
      after performing Check
evaluateCheckerResultsViaRefinementLoop
checker.getResult() is Trace
checkOnlyPrecon: 0, size:1
getFailingCheckFor
setStatusMarkerAccordingToFailingInstruction
BranchInst - LoopBound
trying to exclude Assertions for Failing Instruction

    Rerunning SMT solver (STP with MiniSat) ...            3 sec [DONE]
      checker.getResult() is Trace
checkOnlyPrecon: 0, size:1
getFailingCheckFor
setStatusMarkerAccordingToFailingInstruction
BranchInst - LoopBound
trying to exclude Assertions for Failing Instruction

    Rerunning SMT solver (STP with MiniSat) ...            3 sec [DONE]
      checker.getResult() is Trace
checkOnlyPrecon: 0, size:1
getFailingCheckFor
setStatusMarkerAccordingToFailingInstruction
BranchInst - LoopBound
trying to exclude Assertions for Failing Instruction

    Rerunning SMT solver (STP with MiniSat) ...            3 sec [DONE]
      checker.getResult() is Trace
checkOnlyPrecon: 0, size:1
getFailingCheckFor
setStatusMarkerAccordingToFailingInstruction
BranchInst - LoopBound
trying to exclude Assertions for Failing Instruction

    Rerunning SMT solver (STP with MiniSat) ...            4 sec [DONE]
      checker.getResult() is Trace
checkOnlyPrecon: 0, size:1
getFailingCheckFor
setCheckToUnsafe
setCheckToUnsafe
Check for floating point traces / abstractions currently deactivated
getCheckerResultAfterUpdatingMarker
failingInst:   call void @llbmc.assert(i1 %5, i32 %0)
Preconditions internal: 
i16 %arg3:-8847; (i16 %arg3:56689)
 function does not read memory: 0, checkValidLoad:0, checkMemory: 0
function does not read memory 

assumePair: i16 %arg3 = nondef() : -8847

    Rerunning SMT solver (STP with MiniSat) ...            3 sec [DONE]
      failingInst:   call void @llbmc.assert(i1 %5, i32 %0)
Preconditions internal: 
i16 %arg3:9981; (i16 %arg3:9981)
 function does not read memory: 0, checkValidLoad:0, checkMemory: 0
function does not read memory 

assumePair: i16 %arg3 = nondef() : 9981

    Rerunning SMT solver (STP with MiniSat) ...            3 sec [DONE]
      failingInst:   call void @llbmc.assert(i1 %5, i32 %0)
Preconditions internal: 
i16 %arg3:24576; (i16 %arg3:24576)
 function does not read memory: 0, checkValidLoad:0, checkMemory: 0
function does not read memory 

assumePair: i16 %arg3 = nondef() : 24576

    Rerunning SMT solver (STP with MiniSat) ...            3 sec [DONE]
      failingInst:   br i1 %662, label %bb5.0.2.0.0.2, label %bb4.bb7_crit_edge.0.0.2, !dbg !1405, !llvm.loop !1416
Preconditions internal: 
i16 %arg3:28671; (i16 %arg3:28671)
 function does not read memory: 0, checkValidLoad:0, checkMemory: 0
function does not read memory 

assumePair: i16 %arg3 = nondef() : 28671

    Rerunning SMT solver (STP with MiniSat) ...            3 sec [DONE]
      failingInst:   call void @llbmc.assert(i1 %5, i32 %0)
Preconditions internal: 
i16 %arg3:10036; (i16 %arg3:10036)
 function does not read memory: 0, checkValidLoad:0, checkMemory: 0
function does not read memory 

assumePair: i16 %arg3 = nondef() : 10036

    Rerunning SMT solver (STP with MiniSat) ...            4 sec [DONE]
      name of function arguments: Writing precondition at: jobs/222/precondition_mat_mymul4.txt

Generated Preconditions:
[underoverapprox]name of function arguments: 
i16 %arg3:-8847; 
i16 %arg3:9981; 
i16 %arg3:24576; 
i16 %arg3:28671; 
i16 %arg3:10036; 

                                                          39 sec [DONE]
    allunsafe
    
                                                          39 sec [DONE]
  