runJobCommand
arguents: child
arguents: job
arguents: mode
handleJobInSeparateProcess0

Checking job 6110 ...about to run job:
preconNumber: 5, 1

  Running Model Checker with 1 checks ...W [1] lib/Slicer/LocalSlicer.cpp:368 | argument 0 (i8* undef) has pointer type
W [1] lib/Slicer/LocalSlicer.cpp:368 | argument 0 (i8* undef) has pointer type
W [1] lib/Slicer/LocalSlicer.cpp:368 | argument 0 (i8* undef) has pointer type
W [1] lib/Slicer/LocalSlicer.cpp:368 | argument 0 (i8* undef) has pointer type
W [1] lib/Slicer/LocalSlicer.cpp:368 | argument 0 (i8* undef) has pointer type
W [1] lib/Slicer/LocalSlicer.cpp:368 | argument 0 (i8* undef) has pointer type
W [1] lib/Slicer/LocalSlicer.cpp:368 | argument 0 (i8* undef) has pointer type
W [1] lib/Slicer/LocalSlicer.cpp:368 | argument 0 (i8* undef) has pointer type
W [1] lib/Slicer/LocalSlicer.cpp:368 | argument 0 (i8* undef) has pointer type
W [1] lib/Slicer/LocalSlicer.cpp:357 | argument i8** null of call instruction has pointer type
W [1] lib/Slicer/LocalSlicer.cpp:368 | argument 0 (i8* undef) has pointer type
W [1] lib/Slicer/LocalSlicer.cpp:368 | argument 0 (i8* undef) has pointer type
W [1] lib/Slicer/LocalSlicer.cpp:357 | argument i8** null of call instruction has pointer type
W [1] lib/Slicer/LocalSlicer.cpp:357 | argument i8** null of call instruction has pointer type
W [1] lib/Slicer/LocalSlicer.cpp:368 | argument 0 (i8* undef) has pointer type
W [1] lib/Slicer/LocalSlicer.cpp:357 | argument i8** null of call instruction has pointer type
W [1] lib/Slicer/LocalSlicer.cpp:368 | argument 0 (i8* undef) has pointer type
W [1] lib/Slicer/LocalSlicer.cpp:357 | argument i8** null of call instruction has pointer type
W [1] lib/Slicer/LocalSlicer.cpp:357 | argument i8** null of call instruction has pointer type
W [1] lib/Slicer/LocalSlicer.cpp:357 | argument i8** null of call instruction has pointer type
W [1] lib/Slicer/LocalSlicer.cpp:357 | argument i8** null of call instruction has pointer type
W [1] lib/Slicer/LocalSlicer.cpp:357 | argument i8** null of call instruction has pointer type
W [1] lib/Slicer/LocalSlicer.cpp:368 | argument 0 (i8* undef) has pointer type
W [1] lib/Slicer/LocalSlicer.cpp:368 | argument 0 (i8* undef) has pointer type
W [1] lib/Slicer/LocalSlicer.cpp:357 | argument i8** null of call instruction has pointer type
W [1] lib/Slicer/LocalSlicer.cpp:357 | argument i8** null of call instruction has pointer type
W [1] lib/Slicer/LocalSlicer.cpp:368 | argument 0 (i8* undef) has pointer type
W [1] lib/Slicer/LocalSlicer.cpp:368 | argument 0 (i8* undef) has pointer type
W [1] lib/Slicer/LocalSlicer.cpp:357 | argument i8** null of call instruction has pointer type
W [1] lib/Slicer/LocalSlicer.cpp:368 | argument 0 (i8* undef) has pointer type
W [1] lib/Slicer/LocalSlicer.cpp:368 | argument 0 (i8* undef) has pointer type
W [1] lib/Slicer/LocalSlicer.cpp:368 | argument 0 (i8* undef) has pointer type
W [1] lib/Slicer/LocalSlicer.cpp:495 | unused argument: , qpr.slicing.unused.arg.sqlite3Utf8Read.0
W [1] lib/Slicer/LocalSlicer.cpp:495 | unused argument: , qpr.slicing.unused.arg.patternCompare.0
W [1] lib/Slicer/LocalSlicer.cpp:495 | unused argument: , qpr.slicing.unused.arg.patternCompare.1
W [1] lib/Slicer/LocalSlicer.cpp:495 | unused argument: , qpr.slicing.unused.arg.patternCompare.2
I [1] lib/Slicer/LocalSlicer.cpp:104 | slicing finished
try
try ready

    SMTSolver : stp
    CallStackBound : 0
    StopEncodingAfterCheckLoop : 1
    LoopUnrollBound : 1
    HavocLimit : 0
    PreconditionNumber : 5
    PreconditionLocation : jobs/6110
    TimeOut : 600
    InitializedGlobals : false
    IgnoreMissingFunctions : false
    StopEncodingAfterCheck : true
    OverApproxVaArgs : false
    PreconditionCheckMemory : false
    PreconditionOnlyArguments : trueI [1] lib/ModelChecker/Verifier.cpp:247 | EntryPoint : patternCompare
m_checker->run()

    Performing bounded model checking ...
      Unrolling loop in function "patternCompare" for 1 iterations succeeded.
      Unrolling loop in function "patternCompare" for 1 iterations succeeded.
      Unrolling loop in function "patternCompare" for 1 iterations succeeded.
      Transformed "patternCompare" from 66 to 158 basic blocks and from 214 to 502 instructions
      Performing pre-transformations on LLVM IR ...        0 sec [DONE]
        
      Performing logical encoding ...size Alloca: 1
size Alloca: 1
size Alloca: 1
-----found check = true
                      0 sec [DONE]
        Number of expressions:                        132281
        after encoding

      4 assertions before transformations (3 no_back_edge, 1 custom).

      Performing formula transformations ...
        Simplifier
          Number of rewrites                            3487
        Fixed Memory Address Assigner
          Number of moved ops                              3
          Number of rewrites                            4899
        Simplifier
          Number of moved ops                              3
          Number of rewrites                           61928
        Memory Model Encoder
          Number of moved ops                              0
          Number of rewrites                               0
        Simplifier
          Number of rewrites                               0
        Simplifier
          Number of rewrites                              88
        ToASC Analyser
          Memcpy/memset found                             no
        Byte-Based Memory Creator
        Instantiation-Based ToASC Simplifier
        Simplifier
        FP Abstraction
          Number of rewrites                               0
        Simplifier
          Number of moved ops                              0
          Number of rewrites                               0
                                                           0 sec [DONE]
        
      4 assertions remain after transformations (3 no_back_edge, 1 custom).
after rewriteFormula
after sanityCheckFormula

      Running SMT solver (STP with MiniSat) ...            0 sec [DONE]
        
                                                           0 sec [DONE]
      after performing Check
evaluateCheckerResultsViaRefinementLoop
checker.getResult() is Trace
checkOnlyPrecon: 0, size:1
getFailingCheckFor
setStatusMarkerAccordingToFailingInstruction
BranchInst - LoopBound
trying to exclude Assertions for Failing Instruction

    Rerunning SMT solver (STP with MiniSat) ...            0 sec [DONE]
      checker.getResult() is Trace
checkOnlyPrecon: 0, size:1
getFailingCheckFor
setStatusMarkerAccordingToFailingInstruction
BranchInst - LoopBound
trying to exclude Assertions for Failing Instruction

    Rerunning SMT solver (STP with MiniSat) ...            0 sec [DONE]
      checker.getResult() is Trace
checkOnlyPrecon: 0, size:1
getFailingCheckFor
setStatusMarkerAccordingToFailingInstruction
BranchInst - LoopBound
trying to exclude Assertions for Failing Instruction

    Rerunning SMT solver (STP with MiniSat) ...            0 sec [DONE]
      getCheckerResultAfterUpdatingMarker
Result is NoTrace

                                                           1 sec [DONE]
    allsafe
    
                                                           1 sec [DONE]
  