runJobCommand
precondition analysis with entry:unixUnlock
arguents: child
arguents: job
arguents: mode
arguents: precondition
handleJobInSeparateProcess0

Checking job 2113 ...about to run job:
preconNumber: 5, 1

  Running Model Checker with 1 checks ...entry: unixUnlock, functionName: posixUnlock
  <badref> = call i32 @qpr.precondition.posixUnlock(%struct.sqlite3_file.77* %0, i32 %1, i32 0)
entry: unixUnlock, functionName: posixUnlock
entry: unixUnlock, functionName: unixUnlock
try
try ready

    SMTSolver : stp
    CallStackBound : 0
    StopEncodingAfterCheckLoop : 1
    LoopUnrollBound : 1
    HavocLimit : 0
    PreconditionNumber : 5
    PreconditionLocation : jobs/2113
    TimeOut : 600
    InitializedGlobals : false
    IgnoreMissingFunctions : false
    StopEncodingAfterCheck : true
    OverApproxVaArgs : false
    PreconditionCheckMemory : false
    PreconditionOnlyArguments : trueI [0] lib/ModelChecker/Verifier.cpp:247 | EntryPoint : unixUnlock
m_checker->run()

    Performing bounded model checking ...
      Performing pre-transformations on LLVM IR ...        0 sec [DONE]
        
      Performing logical encoding ...size Alloca: 1
TODO MKB implement precondition handling: IE
Reading in precondition at: jobs/2113/precondition_posixUnlock.txt
preconFile: jobs/2113/precondition_posixUnlock.txt
ref: [overapprox]name of function arguments, argValue:  
ref: [overapprox]name of function arguments, argValue:  
name of function arguments line
param: i32 %arg1:1
---name: i32 %arg1, value: 1.
integer, char or other simple types
name: i32 %arg1
assuming that there are not more then 10 arguments
nameIndex: 1
nameID: 1
argument name: arg1
value: 1
###new bool cond: bool % = compare(%arg1, %i32__1)
param:  i32 %arg2:arbitrary
---name:  i32 %arg2, value: arbitrary.
pruneOrAssert -- adding line boolCond: bool % = compare(%arg1, %i32__1)
Writing precondition type at: jobs/2113/precondition_type_unixUnlock.txt

Type of Precondition:
[overapprox]
precondition found, end encoding
                      0 sec [DONE]
        Number of expressions:                        155003
        after encoding

      1 assertion before transformations (1 custom).

      Performing formula transformations ...
        Simplifier
          Number of rewrites                            3341
        Fixed Memory Address Assigner
          Number of moved ops                              1
          Number of rewrites                            5209
        Simplifier
          Number of moved ops                              1
          Number of rewrites                           72599
        Memory Model Encoder
          Number of moved ops                              0
          Number of rewrites                               0
        Simplifier
          Number of rewrites                               0
        Simplifier
          Number of rewrites                             142
        ToASC Analyser
          Memcpy/memset found                             no
        Byte-Based Memory Creator
        Instantiation-Based ToASC Simplifier
        Simplifier
        FP Abstraction
          Number of rewrites                              44

Abstracted floating point operations.  The result might be a false positive.

        Simplifier
          Number of moved ops                              0
          Number of rewrites                               0
                                                           0 sec [DONE]
        
      1 assertion remains after transformations (1 custom).
after rewriteFormula
after sanityCheckFormula

      Running SMT solver (STP with MiniSat) ...            0 sec [DONE]
        
                                                           0 sec [DONE]
      after performing Check
evaluateCheckerResultsViaRefinementLoop
checker.getResult() is Trace
checkOnlyPrecon: 1, size:1
setCheckToUnsafe for precondition Instruction
checkID: 7027
setCheckToUnsafe
set check to unsafe
getCheckerResultAfterUpdatingMarker
failingInst:   %0 = call i32 @qpr.precondition.posixUnlock(%struct.sqlite3_file.77* %arg0, i32 %arg1, i32 0), !dbg !5612
Preconditions internal: 
i32 %arg1:1; (i32 %arg1:1)
 function does not read memory: 0, checkValidLoad:0, checkMemory: 0
function does not read memory 

assumePair: i32 %arg1 = nondef() : 1

    Rerunning SMT solver (STP with MiniSat) ...            0 sec [DONE]
      Function is safe w.r.t. the previous generated preconditions. 
name of function arguments: Writing precondition at: jobs/2113/precondition_unixUnlock.txt

Generated Preconditions:
[overapprox]name of function arguments: 
i32 %arg1:1; 

                                                           1 sec [DONE]
    allunsafe
    
                                                           1 sec [DONE]
  