runJobCommand
arguents: child
arguents: job
arguents: mode
Careful, HavocLimit is not zero. Call Abstraction is activated
handleJobInSeparateProcess0

Checking job 60 ...about to run job:
preconNumber: 0, 0

  Running Model Checker with 1 checks ...try
try ready

    SMTSolver : stp
    CallStackBound : 0
    StopEncodingAfterCheckLoop : 0
    LoopUnrollBound : 1
    HavocLimit : 1
    PreconditionNumber : 0
    PreconditionLocation : jobs/60
    TimeOut : 600
    InitializedGlobals : false
    IgnoreMissingFunctions : false
    StopEncodingAfterCheck : false
    OverApproxVaArgs : false
    PreconditionCheckMemory : false
    PreconditionOnlyArguments : trueI [1] lib/ModelChecker/Verifier.cpp:247 | EntryPoint : shellAddSchemaName
m_checker->run()

    Performing bounded model checking ...
      Unrolling loop in function "shellAddSchemaName" for 1 iterations succeeded.
      Transformed "shellAddSchemaName" from 27 to 26 basic blocks and from 150 to 153 instructions
      Performing pre-transformations on LLVM IR ...        0 sec [DONE]
        
      Performing logical encoding ...Current: shellAddSchemaName Havoced: sqlite3_value_text
Current: shellAddSchemaName Havoced: sqlite3_value_text
Current: shellAddSchemaName Havoced: sqlite3_value_text
Current: shellAddSchemaName Havoced: sqlite3_context_db_handle

        Unrolling loop in function "llbmc.strncmp" for 0 iterations succeeded.
        Transformed "llbmc.strncmp" from 5 to 6 basic blocks and from 19 to 22 instructionsCurrent: shellAddSchemaName Havoced: strlen30
Current: shellAddSchemaName Havoced: quoteChar
Current: shellAddSchemaName Havoced: sqlite3_stricmp
Current: shellAddSchemaName Havoced: sqlite3_mprintf
Current: shellAddSchemaName Havoced: sqlite3_mprintf
Current: shellAddSchemaName Havoced: shellFakeSchema
Current: shellAddSchemaName Havoced: sqlite3_mprintf
Current: shellAddSchemaName Havoced: sqlite3_mprintf
Current: shellAddSchemaName Havoced: sqlite3_result_value
Current: shellAddSchemaName Havoced: sqlite3_result_text

                                                           0 sec [DONE]
        Number of expressions:                        155404
        after encoding

      4 assertions before transformations (3 no_back_edge, 1 custom).

      Performing formula transformations ...
        Simplifier
          Number of rewrites                            3595
        Fixed Memory Address Assigner
          Number of moved ops                              0
          Number of rewrites                            5208
        Simplifier
          Number of moved ops                              0
          Number of rewrites                           72623
        Memory Model Encoder
          Number of moved ops                              0
          Number of rewrites                               0
        Simplifier
          Number of rewrites                               2
        Simplifier
          Number of moved ops                              0
          Number of rewrites                             142
        ToASC Analyser
          Memcpy/memset found                             no
        Byte-Based Memory Creator
        Instantiation-Based ToASC Simplifier
        Simplifier
        FP Abstraction
          Number of rewrites                              44

Abstracted floating point operations.  The result might be a false positive.

        Simplifier
          Number of moved ops                              0
          Number of rewrites                               0
                                                           0 sec [DONE]
        
      4 assertions remain after transformations (3 no_back_edge, 1 custom).
after rewriteFormula
after sanityCheckFormula

      Running SMT solver (STP with MiniSat) ...            0 sec [DONE]
        
                                                           0 sec [DONE]
      after performing Check
evaluateCheckerResultsViaRefinementLoop
checker.getResult() is Trace
checkOnlyPrecon: 0, size:1
getFailingCheckFor
setStatusMarkerAccordingToFailingInstruction
BranchInst - LoopBound
trying to exclude Assertions for Failing Instruction

    Rerunning SMT solver (STP with MiniSat) ...            0 sec [DONE]
      checker.getResult() is Trace
checkOnlyPrecon: 0, size:1
getFailingCheckFor
setStatusMarkerAccordingToFailingInstruction
BranchInst - LoopBound
trying to exclude Assertions for Failing Instruction

    Rerunning SMT solver (STP with MiniSat) ...            0 sec [DONE]
      getCheckerResultAfterUpdatingMarker
Result is NoTrace

                                                           1 sec [DONE]
    allsafe
    
                                                           1 sec [DONE]
  