runJobCommand
arguents: child
arguents: job
arguents: mode
handleJobInSeparateProcess0

Checking job 179 ...about to run job:
preconNumber: 5, 1

  Running Model Checker with 1 checks ...try
try ready

    SMTSolver : stp
    CallStackBound : 0
    StopEncodingAfterCheckLoop : 0
    LoopUnrollBound : 1
    HavocLimit : 0
    PreconditionNumber : 5
    PreconditionLocation : jobs/179
    TimeOut : 300
    InitializedGlobals : false
    IgnoreMissingFunctions : true
    StopEncodingAfterCheck : false
    OverApproxVaArgs : false
    PreconditionCheckMemory : false
    PreconditionOnlyArguments : trueI [0] lib/ModelChecker/Verifier.cpp:247 | EntryPoint : mat_durbin
m_checker->run()

    Performing bounded model checking ...
      Unrolling loop in function "mat_durbin" for 1 iterations succeeded.
      Unrolling loop in function "mat_durbin" for 1 iterations succeeded.
      Unrolling loop in function "mat_durbin" for 1 iterations succeeded.
      Unrolling loop in function "mat_durbin" for 1 iterations succeeded.
      Transformed "mat_durbin" from 34 to 38 basic blocks and from 280 to 292 instructions
      Performing pre-transformations on LLVM IR ...        0 sec [DONE]
        
      Performing logical encoding ...size Alloca: 1
size Alloca: 1

        Unrolling loop in function "_mat_creat" for 1 iterations succeeded.
        Transformed "_mat_creat" from 10 to 11 basic blocks and from 54 to 57 instructions
        Transformed "mat_error" from 5 to 10 basic blocks and from 10 to 19 instructions
        Unrolling loop in function "mat_fill" for 1 iterations succeeded.
        Unrolling loop in function "mat_fill" for 1 iterations succeeded.
        Transformed "mat_fill" from 18 to 24 basic blocks and from 67 to 82 instructions
        Unrolling loop in function "mat_free" for 1 iterations succeeded.
        Transformed "mat_free" from 8 to 9 basic blocks and from 33 to 37 instructions
                                                           0 sec [DONE]
        Number of expressions:                          8897
        after encoding

      22 assertions before transformations (20 no_back_edge, 1 custom, 1 no_unreachable_executed).

      Performing formula transformations ...
        Simplifier
          Number of rewrites                            2289
        Fixed Memory Address Assigner
          Number of moved ops                              2
          Number of rewrites                             382
        Simplifier
          Number of moved ops                              2
          Number of rewrites                            5412
        Memory Model Encoder
          Number of moved ops                              0
          Number of rewrites                               0
        Simplifier
          Number of rewrites                              18
        Simplifier
          Number of moved ops                              0
          Number of rewrites                               0
        ToASC Analyser
          Memcpy/memset found                             no
        Byte-Based Memory Creator
        Instantiation-Based ToASC Simplifier
        Simplifier
        FP Abstraction
          Number of rewrites                              34

Abstracted floating point operations.  The result might be a false positive.

        Simplifier
          Number of rewrites                               0
                                                           0 sec [DONE]
        
      22 assertions remain after transformations (20 no_back_edge, 1 custom, 1 no_unreachable_executed).
after rewriteFormula
after sanityCheckFormula

      Running SMT solver (STP with MiniSat) ...           11 sec [DONE]
        
                                                          12 sec [DONE]
      after performing Check
evaluateCheckerResultsViaRefinementLoop
checker.getResult() is Trace
checkOnlyPrecon: 0, size:1
getFailingCheckFor
setStatusMarkerAccordingToFailingInstruction
BranchInst - LoopBound
trying to exclude Assertions for Failing Instruction

    Rerunning SMT solver (STP with MiniSat) ...           11 sec [DONE]
      checker.getResult() is Trace
checkOnlyPrecon: 0, size:1
getFailingCheckFor
setStatusMarkerAccordingToFailingInstruction
BranchInst - LoopBound
trying to exclude Assertions for Failing Instruction

    Rerunning SMT solver (STP with MiniSat) ...           11 sec [DONE]
      checker.getResult() is Trace
checkOnlyPrecon: 0, size:1
getFailingCheckFor
setStatusMarkerAccordingToFailingInstruction
BranchInst - LoopBound
trying to exclude Assertions for Failing Instruction

    Rerunning SMT solver (STP with MiniSat) ...            7 sec [DONE]
      getCheckerResultAfterUpdatingMarker
Result is NoTrace

                                                          43 sec [DONE]
    allsafe
    
                                                          43 sec [DONE]
  