runJobCommand
arguents: child
arguents: job
arguents: mode
Careful, HavocLimit is not zero. Call Abstraction is activated
handleJobInSeparateProcess0

Checking job 6240 ...about to run job:
preconNumber: 0, 0

  Running Model Checker with 1 checks ...try
try ready

    SMTSolver : stp
    CallStackBound : 0
    StopEncodingAfterCheckLoop : 0
    LoopUnrollBound : 1
    HavocLimit : 1
    PreconditionNumber : 0
    PreconditionLocation : jobs/6240
    TimeOut : 600
    InitializedGlobals : false
    IgnoreMissingFunctions : false
    StopEncodingAfterCheck : false
    OverApproxVaArgs : false
    PreconditionCheckMemory : false
    PreconditionOnlyArguments : trueI [0] lib/ModelChecker/Verifier.cpp:247 | EntryPoint : fkLookupParent
m_checker->run()

    Performing bounded model checking ...
      Unrolling loop in function "fkLookupParent" for 1 iterations succeeded.
      Unrolling loop in function "fkLookupParent" for 1 iterations succeeded.
      Unrolling loop in function "fkLookupParent" for 1 iterations succeeded.
      Transformed "fkLookupParent" from 37 to 40 basic blocks and from 291 to 301 instructions
      Performing pre-transformations on LLVM IR ...        0 sec [DONE]
        
      Performing logical encoding ...Current: fkLookupParent Havoced: sqlite3GetVdbe
Current: fkLookupParent Havoced: sqlite3VdbeMakeLabel
Current: fkLookupParent Havoced: sqlite3VdbeAddOp2
Current: fkLookupParent Havoced: sqlite3TableColumnToStorage
Current: fkLookupParent Havoced: sqlite3VdbeAddOp2
Current: fkLookupParent Havoced: sqlite3GetTempRange
Current: fkLookupParent Havoced: sqlite3GetTempReg
Current: fkLookupParent Havoced: sqlite3VdbeAddOp3
Current: fkLookupParent Havoced: sqlite3VdbeSetP4KeyInfo
Current: fkLookupParent Havoced: sqlite3TableColumnToStorage
Current: fkLookupParent Havoced: sqlite3VdbeAddOp2
Current: fkLookupParent Havoced: sqlite3VdbeCurrentAddr
Current: fkLookupParent Havoced: sqlite3TableColumnToStorage
Current: fkLookupParent Havoced: sqlite3TableColumnToStorage
Current: fkLookupParent Havoced: sqlite3VdbeAddOp3
Current: fkLookupParent Havoced: sqlite3VdbeChangeP5
Current: fkLookupParent Havoced: sqlite3VdbeGoto
Current: fkLookupParent Havoced: sqlite3IndexAffinityStr
Current: fkLookupParent Havoced: sqlite3VdbeAddOp4
Current: fkLookupParent Havoced: sqlite3VdbeAddOp4Int
Current: fkLookupParent Havoced: sqlite3ReleaseTempReg
Current: fkLookupParent Havoced: sqlite3ReleaseTempRange
Current: fkLookupParent Havoced: sqlite3GetTempReg
Current: fkLookupParent Havoced: sqlite3TableColumnToStorage
Current: fkLookupParent Havoced: sqlite3VdbeAddOp2
Current: fkLookupParent Havoced: sqlite3VdbeAddOp2
Current: fkLookupParent Havoced: sqlite3VdbeAddOp3
Current: fkLookupParent Havoced: sqlite3VdbeChangeP5
Current: fkLookupParent Havoced: sqlite3OpenTable
Current: fkLookupParent Havoced: sqlite3VdbeAddOp3
Current: fkLookupParent Havoced: sqlite3VdbeGoto
Current: fkLookupParent Havoced: sqlite3VdbeCurrentAddr
Current: fkLookupParent Havoced: sqlite3VdbeJumpHere
Current: fkLookupParent Havoced: sqlite3VdbeJumpHere
Current: fkLookupParent Havoced: sqlite3ReleaseTempReg
Current: fkLookupParent Havoced: sqlite3HaltConstraint
Current: fkLookupParent Havoced: sqlite3MayAbort
Current: fkLookupParent Havoced: sqlite3VdbeAddOp2
Current: fkLookupParent Havoced: sqlite3VdbeResolveLabel
Current: fkLookupParent Havoced: sqlite3VdbeAddOp1
                      0 sec [DONE]
        Number of expressions:                        155513
        after encoding

      4 assertions before transformations (3 no_back_edge, 1 custom).

      Performing formula transformations ...
        Simplifier
          Number of rewrites                            3589
        Fixed Memory Address Assigner
          Number of moved ops                              0
          Number of rewrites                            5208
        Simplifier
          Number of moved ops                              0
          Number of rewrites                           72620
        Memory Model Encoder
          Number of moved ops                              1
          Number of rewrites                               0
        Simplifier
          Number of rewrites                               4
        Simplifier
          Number of moved ops                              0
          Number of rewrites                             142
        ToASC Analyser
          Memcpy/memset found                             no
        Byte-Based Memory Creator
        Instantiation-Based ToASC Simplifier
        Simplifier
        FP Abstraction
          Number of rewrites                              44

Abstracted floating point operations.  The result might be a false positive.

        Simplifier
          Number of moved ops                              0
          Number of rewrites                               0
                                                           0 sec [DONE]
        
      4 assertions remain after transformations (3 no_back_edge, 1 custom).
after rewriteFormula
after sanityCheckFormula

      Running SMT solver (STP with MiniSat) ...            0 sec [DONE]
        
                                                           0 sec [DONE]
      after performing Check
evaluateCheckerResultsViaRefinementLoop
checker.getResult() is Trace
checkOnlyPrecon: 0, size:1
getFailingCheckFor
setStatusMarkerAccordingToFailingInstruction
BranchInst - LoopBound
trying to exclude Assertions for Failing Instruction

    Rerunning SMT solver (STP with MiniSat) ...            0 sec [DONE]
      checker.getResult() is Trace
checkOnlyPrecon: 0, size:1
getFailingCheckFor
setCheckToUnsafe
setCheckToUnsafe
Check for floating point traces / abstractions currently deactivated
trying to exclude Assertions for Failing Instruction

    Rerunning SMT solver (STP with MiniSat) ...            0 sec [DONE]
      getCheckerResultAfterUpdatingMarker
Result is NoTrace

                                                           1 sec [DONE]
    allunsafe
    
                                                           1 sec [DONE]
  