runJobCommand
arguents: child
arguents: job
arguents: mode
Careful, HavocLimit is not zero. Call Abstraction is activated
handleJobInSeparateProcess0

Checking job 4543 ...about to run job:
preconNumber: 0, 0

  Running Model Checker with 1 checks ...try
try ready

    SMTSolver : stp
    CallStackBound : 0
    StopEncodingAfterCheckLoop : 0
    LoopUnrollBound : 1
    HavocLimit : 2
    PreconditionNumber : 0
    PreconditionLocation : jobs/4543
    TimeOut : 600
    InitializedGlobals : false
    IgnoreMissingFunctions : false
    StopEncodingAfterCheck : false
    OverApproxVaArgs : false
    PreconditionCheckMemory : false
    PreconditionOnlyArguments : trueI [0] lib/ModelChecker/Verifier.cpp:247 | EntryPoint : vdbeRecordCompareString
m_checker->run()

    Performing bounded model checking ...
      Performing pre-transformations on LLVM IR ...        0 sec [DONE]
        
      Performing logical encoding ...Current: sqlite3GetVarint32 Havoced: sqlite3GetVarint

        Unrolling loop in function "llbmc.memcmp" for 0 iterations succeeded.
        Transformed "llbmc.memcmp" from 17 to 20 instructions
        Unrolling loop in function "sqlite3VdbeRecordCompareWithSkip" for 1 iterations succeeded.
        Transformed "sqlite3VdbeRecordCompareWithSkip" from 109 to 110 basic blocks and from 658 to 663 instructionsCurrent: sqlite3VdbeRecordCompareWithSkip Havoced: sqlite3GetVarint32
Current: sqlite3VdbeRecordCompareWithSkip Havoced: sqlite3GetVarint32
Current: sqlite3VdbeRecordCompareWithSkip Havoced: sqlite3VdbeSerialTypeLen
Current: sqlite3VdbeRecordCompareWithSkip Havoced: sqlite3GetVarint32
Current: sqlite3VdbeRecordCompareWithSkip Havoced: isAllZero
Current: sqlite3VdbeRecordCompareWithSkip Havoced: sqlite3CorruptError
Current: sqlite3VdbeRecordCompareWithSkip Havoced: sqlite3GetVarint32
Current: sqlite3VdbeRecordCompareWithSkip Havoced: vdbeCompareMemString
Current: sqlite3VdbeRecordCompareWithSkip Havoced: sqlite3CorruptError
Current: sqlite3VdbeRecordCompareWithSkip Havoced: sqlite3VdbeSerialGet
Current: sqlite3VdbeRecordCompareWithSkip Havoced: sqlite3IntFloatCompare
Current: sqlite3VdbeRecordCompareWithSkip Havoced: vdbeRecordDecodeInt
Current: sqlite3VdbeRecordCompareWithSkip Havoced: sqlite3VdbeSerialGet
Current: sqlite3VdbeRecordCompareWithSkip Havoced: sqlite3IntFloatCompare
Current: sqlite3VdbeRecordCompareWithSkip Havoced: sqlite3VdbeSerialTypeLen
Current: sqlite3VdbeRecordCompareWithSkip Havoced: sqlite3VarintLen
Current: sqlite3VdbeRecordCompareWithSkip Havoced: sqlite3CorruptError
Current: sqlite3CorruptError Havoced: sqlite3ReportError

                                                           0 sec [DONE]
        Number of expressions:                        156626
        after encoding

      5 assertions before transformations (4 no_back_edge, 1 custom).

      Performing formula transformations ...
        Simplifier
          Number of rewrites                            4275
        Fixed Memory Address Assigner
          Number of moved ops                              0
          Number of rewrites                            5208
        Simplifier
          Number of moved ops                              0
          Number of rewrites                           72695
        Memory Model Encoder
          Number of moved ops                              0rewriteAllocaOprewriteStackAddressOp
rewriteAllocaOprewriteStackAddressOp
rewriteAllocaOprewriteStackAddressOp
rewriteAllocaOprewriteStackAddressOp
rewriteAllocaOprewriteStackAddressOp
rewriteAllocaOprewriteStackAddressOp

          Number of rewrites                               6
        Simplifier
          Number of moved ops                              0
          Number of rewrites                              57
        Simplifier
          Number of moved ops                              0
          Number of rewrites                             142
        ToASC Analyser
          Memcpy/memset found                             no
        Byte-Based Memory Creator
        Instantiation-Based ToASC Simplifier
        Simplifier
        FP Abstraction
          Number of rewrites                              46

Abstracted floating point operations.  The result might be a false positive.

        Simplifier
          Number of moved ops                              0
          Number of rewrites                               4
                                                           0 sec [DONE]
        
      5 assertions remain after transformations (4 no_back_edge, 1 custom).
after rewriteFormula
after sanityCheckFormula

      Running SMT solver (STP with MiniSat) ...