runJobCommand
arguents: child
arguents: job
arguents: mode
Careful, HavocLimit is not zero. Call Abstraction is activated
handleJobInSeparateProcess0

Checking job 4263 ...about to run job:
preconNumber: 0, 0

  Running Model Checker with 1 checks ...try
try ready

    SMTSolver : stp
    CallStackBound : 0
    StopEncodingAfterCheckLoop : 0
    LoopUnrollBound : 1
    HavocLimit : 1
    PreconditionNumber : 0
    PreconditionLocation : jobs/4263
    TimeOut : 600
    InitializedGlobals : false
    IgnoreMissingFunctions : false
    StopEncodingAfterCheck : false
    OverApproxVaArgs : false
    PreconditionCheckMemory : false
    PreconditionOnlyArguments : trueI [0] lib/ModelChecker/Verifier.cpp:247 | EntryPoint : sqlite3VdbeMemSetStr
m_checker->run()

    Performing bounded model checking ...
      Unrolling loop in function "sqlite3VdbeMemSetStr" for 1 iterations succeeded.
      Transformed "sqlite3VdbeMemSetStr" from 41 to 46 basic blocks and from 215 to 244 instructions
      Performing pre-transformations on LLVM IR ...        0 sec [DONE]
        
      Performing logical encoding ...Current: sqlite3VdbeMemSetStr Havoced: sqlite3VdbeMemSetNull

        Unrolling loop in function "llbmc.strlen" for 0 iterations succeeded.
        Transformed "llbmc.strlen" from 8 to 9 instructionsCurrent: sqlite3VdbeMemSetStr Havoced: sqlite3VdbeMemRelease
Current: sqlite3VdbeMemSetStr Havoced: sqlite3DbMallocSize
Current: sqlite3VdbeMemSetStr Havoced: sqlite3VdbeMemClearAndResize
isMemcpy:   call void @llvm.memcpy.p0i8.p0i8.i64(i8* %73, i8* %arg1, i64 %61, i32 1, i1 false), !dbg !5727
Current: sqlite3VdbeMemSetStr Havoced: sqlite3VdbeMemHandleBom
Current: sqlite3VdbeMemSetStr Havoced: sqlite3ErrorToParser
Current: sqlite3VdbeMemSetStr Havoced: sqlite3ErrorToParser

                                                           0 sec [DONE]
        Number of expressions:                        155501
        after encoding

      4 assertions before transformations (2 no_back_edge, 2 custom).

      Performing formula transformations ...
        Simplifier
          Number of rewrites                            3645
        Fixed Memory Address Assigner
          Number of moved ops                              0
          Number of rewrites                            5208
        Simplifier
          Number of moved ops                              0
          Number of rewrites                           72621
        Memory Model Encoder
          Number of moved ops                              0
          Number of rewrites                               0
        Simplifier
          Number of rewrites                              10
        Simplifier
          Number of moved ops                              0
          Number of rewrites                             142
        ToASC Analyser
          Memcpy/memset found                            yes
        Byte-Based Memory Creator
          Number of rewrites                            8931
        Instantiation-Based ToASC Simplifier
          Number of rewrites                               1
        Simplifier
          Number of moved ops                             65
          Number of rewrites                           23072
        FP Abstraction
          Number of rewrites                              22

Abstracted floating point operations.  The result might be a false positive.

        Simplifier
          Number of moved ops                              0
          Number of rewrites                               0
                                                           0 sec [DONE]
        
      4 assertions remain after transformations (2 no_back_edge, 2 custom).
after rewriteFormula
after sanityCheckFormula

      Running SMT solver (STP with MiniSat) ...