runJobCommand
arguents: child
arguents: job
arguents: mode
Careful, HavocLimit is not zero. Call Abstraction is activated
handleJobInSeparateProcess0

Checking job 785 ...about to run job:
preconNumber: 0, 0

  Running Model Checker with 1 checks ...try
try ready

    SMTSolver : stp
    CallStackBound : 0
    StopEncodingAfterCheckLoop : 0
    LoopUnrollBound : 1
    HavocLimit : 2
    PreconditionNumber : 0
    PreconditionLocation : jobs/785
    TimeOut : 600
    InitializedGlobals : false
    IgnoreMissingFunctions : false
    StopEncodingAfterCheck : false
    OverApproxVaArgs : false
    PreconditionCheckMemory : false
    PreconditionOnlyArguments : trueI [0] lib/ModelChecker/Verifier.cpp:247 | EntryPoint : captureOutputCallback
m_checker->run()

    Performing bounded model checking ...
      Unrolling loop in function "captureOutputCallback" for 1 iterations succeeded.
      Transformed "captureOutputCallback" from 14 to 15 basic blocks and from 51 to 54 instructions
      Performing pre-transformations on LLVM IR ...        0 sec [DONE]
        
      Performing logical encoding ...
        Unrolling loop in function "appendText" for 1 iterations succeeded.
        Unrolling loop in function "appendText" for 1 iterations succeeded.
        Transformed "appendText" from 22 to 24 basic blocks and from 175 to 187 instructionsCurrent: appendText Havoced: strlen30
isMemmove:   call void @memmove(i8* %r, i8* %ptr, i64 %cpysize)
Current: appendText Havoced: shell_out_of_memory
isMemcpy:   call void @llvm.memcpy.p0i8.p0i8.i64(i8* %84, i8* %1, i64 %85, i32 1, i1 false), !dbg !5732
Current: appendText Havoced: strlen30
isMemmove:   call void @memmove(i8* %r, i8* %ptr, i64 %cpysize)
Current: appendText Havoced: shell_out_of_memory
isMemcpy:   call void @llvm.memcpy.p0i8.p0i8.i64(i8* %84, i8* %1, i64 %85, i32 1, i1 false), !dbg !5732
Current: appendText Havoced: strlen30
isMemmove:   call void @memmove(i8* %r, i8* %ptr, i64 %cpysize)
Current: appendText Havoced: shell_out_of_memory
isMemcpy:   call void @llvm.memcpy.p0i8.p0i8.i64(i8* %84, i8* %1, i64 %85, i32 1, i1 false), !dbg !5732

                                                           0 sec [DONE]
        Number of expressions:                        156147
        after encoding

      8 assertions before transformations (7 no_back_edge, 1 custom).

      Performing formula transformations ...
        Simplifier
          Number of rewrites                            4136
        Fixed Memory Address Assigner
          Number of moved ops                              0
          Number of rewrites                            5214
        Simplifier
          Number of moved ops                              0
          Number of rewrites                           72648
        Memory Model Encoder
          Number of moved ops                              0
          Number of rewrites                              22
        Simplifier
          Number of moved ops                              0
          Number of rewrites                              13
        Simplifier
          Number of moved ops                              0
          Number of rewrites                             142
        ToASC Analyser
          Memcpy/memset found                            yes
        Byte-Based Memory Creator
          Number of rewrites                            8981
        Instantiation-Based ToASC Simplifier
          Number of rewrites                               6
        Simplifier
          Number of moved ops                            279
          Number of rewrites                           23177
        FP Abstraction
          Number of rewrites                              22

Abstracted floating point operations.  The result might be a false positive.

        Simplifier
          Number of moved ops                              0
          Number of rewrites                               0
                                                           0 sec [DONE]
        
      8 assertions remain after transformations (7 no_back_edge, 1 custom).
after rewriteFormula
after sanityCheckFormula

      Running SMT solver (STP with MiniSat) ...