runJobCommand
arguents: child
arguents: job
arguents: mode
Careful, HavocLimit is not zero. Call Abstraction is activated
handleJobInSeparateProcess0

Checking job 5616 ...about to run job:
preconNumber: 0, 0

  Running Model Checker with 1 checks ...try
try ready

    SMTSolver : stp
    CallStackBound : 0
    StopEncodingAfterCheckLoop : 0
    LoopUnrollBound : 1
    HavocLimit : 2
    PreconditionNumber : 0
    PreconditionLocation : jobs/5616
    TimeOut : 600
    InitializedGlobals : false
    IgnoreMissingFunctions : false
    StopEncodingAfterCheck : false
    OverApproxVaArgs : false
    PreconditionCheckMemory : false
    PreconditionOnlyArguments : trueI [0] lib/ModelChecker/Verifier.cpp:247 | EntryPoint : statGet
m_checker->run()

    Performing bounded model checking ...
      Unrolling loop in function "statGet" for 1 iterations succeeded.
      Transformed "statGet" from 11 to 12 basic blocks and from 101 to 106 instructions
      Performing pre-transformations on LLVM IR ...        0 sec [DONE]
        
      Performing logical encoding ...Current: sqlite3_value_blob Havoced: sqlite3_value_text
Current: sqlite3_value_blob Havoced: sqlite3VdbeMemExpandBlob
Current: sqlite3MallocZero Havoced: sqlite3Malloc
isMemset:   call void @llvm.memset.p0i8.i64(i8* %1, i8 0, i64 %0, i32 1, i1 false), !dbg !5618
Current: sqlite3_snprintf Havoced: sqlite3_vsnprintf

        Unrolling loop in function "llbmc.strlen" for 0 iterations succeeded.
        Transformed "llbmc.strlen" from 8 to 9 instructionsCurrent: sqlite3_snprintf Havoced: sqlite3_vsnprintf
Current: sqlite3_result_text Havoced: setResultStrOrError
Current: sqlite3_result_error_nomem Havoced: sqlite3VdbeMemSetNull
Current: sqlite3_result_error_nomem Havoced: sqlite3OomFault

                                                           0 sec [DONE]
        Number of expressions:                        155461
        after encoding

      4 assertions before transformations (3 no_back_edge, 1 custom).

      Performing formula transformations ...
        Simplifier
          Number of rewrites                            3618
        Fixed Memory Address Assigner
          Number of moved ops                              0
          Number of rewrites                            5208
        Simplifier
          Number of moved ops                              0
          Number of rewrites                           72611
        Memory Model Encoder
          Number of moved ops                              0rewriteAllocaOprewriteStackAddressOp
rewriteAllocaOprewriteStackAddressOp
rewriteAllocaOprewriteStackAddressOp
rewriteAllocaOprewriteStackAddressOp

          Number of rewrites                               4
        Simplifier
          Number of moved ops                              0
          Number of rewrites                              16
        Simplifier
          Number of moved ops                              0
          Number of rewrites                             142
        ToASC Analyser
          Memcpy/memset found                            yes
        Byte-Based Memory Creator
          Number of rewrites                            8942
        Instantiation-Based ToASC Simplifier
          Number of rewrites                               1
        Simplifier
          Number of moved ops                             24
          Number of rewrites                           23091
        FP Abstraction
          Number of rewrites                              22

Abstracted floating point operations.  The result might be a false positive.

        Simplifier
          Number of moved ops                              0
          Number of rewrites                               0
                                                           0 sec [DONE]
        
      4 assertions remain after transformations (3 no_back_edge, 1 custom).
after rewriteFormula
after sanityCheckFormula

      Running SMT solver (STP with MiniSat) ...