runJobCommand
arguents: child
arguents: job
arguents: mode
Careful, HavocLimit is not zero. Call Abstraction is activated
handleJobInSeparateProcess0

Checking job 4061 ...about to run job:
preconNumber: 0, 0

  Running Model Checker with 1 checks ...try
try ready

    SMTSolver : stp
    CallStackBound : 0
    StopEncodingAfterCheckLoop : 0
    LoopUnrollBound : 1
    HavocLimit : 2
    PreconditionNumber : 0
    PreconditionLocation : jobs/4061
    TimeOut : 600
    InitializedGlobals : false
    IgnoreMissingFunctions : false
    StopEncodingAfterCheck : false
    OverApproxVaArgs : false
    PreconditionCheckMemory : false
    PreconditionOnlyArguments : trueI [0] lib/ModelChecker/Verifier.cpp:247 | EntryPoint : sqlite3BtreeCreateTable
m_checker->run()

    Performing bounded model checking ...
      Performing pre-transformations on LLVM IR ...        0 sec [DONE]
        
      Performing logical encoding ...Current: sqlite3BtreeEnter Havoced: btreeLockCarefully

        Unrolling loop in function "btreeCreateTable" for 1 iterations succeeded.
        Transformed "btreeCreateTable" from 41 to 45 basic blocks and from 215 to 240 instructionsCurrent: btreeCreateTable Havoced: allocateBtreePage
Current: btreeCreateTable Havoced: invalidateAllOverflowCache
Current: btreeCreateTable Havoced: sqlite3BtreeGetMeta
Current: btreeCreateTable Havoced: btreePagecount
Current: btreeCreateTable Havoced: ptrmapPageno
Current: btreeCreateTable Havoced: ptrmapPageno
Current: btreeCreateTable Havoced: allocateBtreePage
Current: btreeCreateTable Havoced: saveAllCursors
Current: btreeCreateTable Havoced: releasePage
Current: btreeCreateTable Havoced: btreeGetPage
Current: btreeCreateTable Havoced: ptrmapGet
Current: btreeCreateTable Havoced: sqlite3CorruptError
Current: btreeCreateTable Havoced: relocatePage
Current: btreeCreateTable Havoced: releasePage
Current: btreeCreateTable Havoced: btreeGetPage
Current: btreeCreateTable Havoced: sqlite3PagerWrite
Current: btreeCreateTable Havoced: ptrmapPut
Current: btreeCreateTable Havoced: sqlite3BtreeUpdateMeta
Current: btreeCreateTable Havoced: zeroPage
Current: btreeCreateTable Havoced: sqlite3PagerUnref
Current: btreeCreateTable Havoced: releasePage
Current: btreeCreateTable Havoced: releasePage
Current: btreeCreateTable Havoced: releasePage
Current: btreeCreateTable Havoced: releasePage
Current: btreeCreateTable Havoced: sqlite3CorruptError
Current: sqlite3BtreeLeave Havoced: unlockBtreeMutex

                                                           0 sec [DONE]
        Number of expressions:                        155619
        after encoding

      3 assertions before transformations (1 no_back_edge, 2 custom).

      Performing formula transformations ...
        Simplifier
          Number of rewrites                            3660
        Fixed Memory Address Assigner
          Number of moved ops                              0
          Number of rewrites                            5208
        Simplifier
          Number of moved ops                              0
          Number of rewrites                           72615
        Memory Model Encoder
          Number of moved ops                              0rewriteAllocaOprewriteStackAddressOp
rewriteAllocaOprewriteStackAddressOp
rewriteAllocaOprewriteStackAddressOp
rewriteAllocaOprewriteStackAddressOp
rewriteAllocaOprewriteStackAddressOp
rewriteAllocaOprewriteStackAddressOp
rewriteAllocaOprewriteStackAddressOp

          Number of rewrites                               7
        Simplifier
          Number of moved ops                              0
          Number of rewrites                              24
        Simplifier
          Number of moved ops                              0
          Number of rewrites                             142
        ToASC Analyser
          Memcpy/memset found                             no
        Byte-Based Memory Creator
        Instantiation-Based ToASC Simplifier
        Simplifier
        FP Abstraction
          Number of rewrites                              44

Abstracted floating point operations.  The result might be a false positive.

        Simplifier
          Number of moved ops                              0
          Number of rewrites                               0
                                                           0 sec [DONE]
        
      3 assertions remain after transformations (1 no_back_edge, 2 custom).
after rewriteFormula
after sanityCheckFormula

      Running SMT solver (STP with MiniSat) ... allocateBtreePage Havoced: releasePage
Current: allocateBtreePage Havoced: releasePage
Current: allocateBtreePage Havoced: sqlite3CorruptError

        Unrolling loop in function "invalidateAllOverflowCache" for 1 iterations succeeded.
        Transformed "invalidateAllOverflowCache" from 5 to 6 basic blocks and from 23 to 26 instructionsCurrent: sqlite3BtreeGetMeta Havoced: sqlite3BtreeEnter
Current: sqlite3BtreeGetMeta Havoced: sqlite3Get4byte
Current: sqlite3BtreeGetMeta Havoced: sqlite3PagerDataVersion
Current: sqlite3BtreeGetMeta Havoced: sqlite3BtreeLeave
Current: allocateBtreePage Havoced: btreePagecount
Current: allocateBtreePage Havoced: sqlite3Get4byte
Current: allocateBtreePage Havoced: sqlite3PagerWrite
Current: allocateBtreePage Havoced: ptrmapPageno
Current: allocateBtreePage Havoced: btreeGetUnusedPage
Current: allocateBtreePage Havoced: sqlite3PagerWrite
Current: allocateBtreePage Havoced: releasePage
Current: allocateBtreePage Havoced: sqlite3Put4byte
Current: allocateBtreePage Havoced: btreeGetUnusedPage
Current: allocateBtreePage Havoced: sqlite3PagerWrite
Current: allocateBtreePage Havoced: releasePage
Current: allocateBtreePage Havoced: ptrmapGet
Current: allocateBtreePage Havoced: sqlite3PagerWrite
Current: allocateBtreePage Havoced: sqlite3Put4byte
Current: allocateBtreePage Havoced: sqlite3Get4byte
Current: allocateBtreePage Havoced: sqlite3Get4byte
Current: allocateBtreePage Havoced: btreeGetUnusedPage
Current: allocateBtreePage Havoced: sqlite3CorruptError
Current: allocateBtreePage Havoced: sqlite3Get4byte
Current: allocateBtreePage Havoced: sqlite3PagerWrite
isMemcpy:   call void @llvm.memcpy.p0i8.p0i8.i64(i8* %77, i8* %81, i64 4, i32 1, i1 false), !dbg !5808
Current: allocateBtreePage Havoced: sqlite3Get4byte
Current: allocateBtreePage Havoced: sqlite3AbsInt32
Current: allocateBtreePage Havoced: sqlite3Get4byte
Current: allocateBtreePage Havoced: sqlite3AbsInt32
Current: allocateBtreePage Havoced: sqlite3Get4byte
Current: allocateBtreePage Havoced: sqlite3Get4byte
Current: allocateBtreePage Havoced: sqlite3PagerWrite
isMemcpy:   call void @llvm.memcpy.p0i8.p0i8.i64(i8* %238, i8* %242, i64 4, i32 1, i1 false), !dbg !6068
Current: allocateBtreePage Havoced: sqlite3Put4byte
Current: allocateBtreePage Havoced: btreeGetHasContent
Current: allocateBtreePage Havoced: btreeGetUnusedPage
Current: allocateBtreePage Havoced: sqlite3PagerWrite
Current: allocateBtreePage Havoced: releasePage
Current: allocateBtreePage Havoced: sqlite3CorruptError
Current: allocateBtreePage Havoced: sqlite3PagerWrite
Current: allocateBtreePage Havoced: sqlite3Get4byte
Current: allocateBtreePage Havoced: btreeGetUnusedPage
Current: allocateBtreePage Havoced: sqlite3PagerWrite
isMemcpy:   call void @llvm.memcpy.p0i8.p0i8.i64(i8* %140, i8* %144, i64 4, i32 1, i1 false), !dbg !5910
Current: allocateBtreePage Havoced: sqlite3Put4byte
isMemcpy:   call void @llvm.memcpy.p0i8.p0i8.i64(i8* %153, i8* %157, i64 %160, i32 1, i1 false), !dbg !5922
Current: allocateBtreePage Havoced: releasePage
Current: allocateBtreePage Havoced: sqlite3Put4byte
Current: allocateBtreePage Havoced: sqlite3PagerWrite
Current: allocateBtreePage Havoced: sqlite3Put4byte
Current: allocateBtreePage Havoced: releasePage
Current: allocateBtreePage Havoced: sqlite3CorruptError
isMemcpy:   call void @llvm.memcpy.p0i8.p0i8.i64(i8* %105, i8* %109, i64 4, i32 1, i1 false), !dbg !5859
Current: allocateBtreePage Havoced: sqlite3PagerWrite
isMemcpy:   call void @llvm.memcpy.p0i8.p0i8.i64(i8* %116, i8* %120, i64 4, i32 1, i1 false), !dbg !5874
Current: allocateBtreePage Havoced: releasePage
Current: allocateBtreePage Havoced: sqlite3CorruptError
Current: allocateBtreePage Havoced: releasePage
Current: allocateBtreePage Havoced: releasePage
Current: allocateBtreePage Havoced: sqlite3CorruptError

        Unrolling loop in function "saveAllCursors" for 1 iterations succeeded.
        Transformed "saveAllCursors" from 14 to 16 basic blocks and from 46 to 54 instructionsCurrent: saveAllCursors Havoced: saveCursorsOnList
Current: releasePage Havoced: releasePageNotNull
Current: btreeGetPage Havoced: sqlite3PagerGet
Current: btreeGetPage Havoced: btreePageFromDbPage
Current: ptrmapGet Havoced: ptrmapPageno
Current: ptrmapGet Havoced: sqlite3PagerGet
Current: ptrmapGet Havoced: sqlite3PagerGetData
Current: ptrmapGet Havoced: sqlite3Get4byte
Current: ptrmapGet Havoced: sqlite3PagerUnref
Current: ptrmapGet Havoced: sqlite3CorruptError
Current: ptrmapGet Havoced: sqlite3PagerUnref
Current: ptrmapGet Havoced: sqlite3CorruptError
Current: sqlite3CorruptError Havoced: sqlite3ReportError
Current: relocatePage Havoced: sqlite3PagerMovepage
Current: relocatePage Havoced: sqlite3Get4byte
Current: relocatePage Havoced: ptrmapPut
Current: relocatePage Havoced: setChildPtrmaps
Current: relocatePage Havoced: btreeGetPage
Current: relocatePage Havoced: sqlite3PagerWrite
Current: relocatePage Havoced: modifyPagePointer
Current: relocatePage Havoced: releasePage
Current: relocatePage Havoced: ptrmapPut
Current: relocatePage Havoced: releasePage
Current: relocatePage Havoced: sqlite3CorruptError
Current: releasePage Havoced: releasePageNotNull
Current: btreeGetPage Havoced: sqlite3PagerGet
Current: btreeGetPage Havoced: btreePageFromDbPage
Current: sqlite3PagerWrite Havoced: pager_write
Current: sqlite3PagerWrite Havoced: pagerWriteLargeSector
Current: sqlite3PagerWrite Havoced: subjournalPageIfRequired
Current: ptrmapPut Havoced: ptrmapPageno
Current: ptrmapPut Havoced: sqlite3PagerGet
Current: ptrmapPut Havoced: sqlite3PagerGetExtra
Current: ptrmapPut Havoced: sqlite3PagerGetData
Current: ptrmapPut Havoced: sqlite3Get4byte
Current: ptrmapPut Havoced: sqlite3PagerWrite
Current: ptrmapPut Havoced: sqlite3Put4byte
Current: ptrmapPut Havoced: sqlite3CorruptError
Current: ptrmapPut Havoced: sqlite3CorruptError
Current: ptrmapPut Havoced: sqlite3PagerUnref
Current: ptrmapPut Havoced: sqlite3CorruptError
Current: sqlite3BtreeUpdateMeta Havoced: sqlite3BtreeEnter
Current: sqlite3BtreeUpdateMeta Havoced: sqlite3PagerWrite
Current: sqlite3BtreeUpdateMeta Havoced: sqlite3Put4byte
Current: sqlite3BtreeUpdateMeta Havoced: sqlite3BtreeLeave
isMemset:   call void @llvm.memset.p0i8.i64(i8* %14, i8 0, i64 %19, i32 1, i1 false), !dbg !5636
isMemset:   call void @llvm.memset.p0i8.i64(i8* %32, i8 0, i64 4, i32 1, i1 false), !dbg !5650
Current: zeroPage Havoced: decodeFlags
Current: sqlite3PagerUnref Havoced: sqlite3PagerUnrefNotNull
Current: releasePage Havoced: releasePageNotNull
Current: releasePage Havoced: releasePageNotNull
Current: releasePage Havoced: releasePageNotNull
Current: releasePage Havoced: releasePageNotNull
Current: sqlite3CorruptError Havoced: sqlite3ReportError

                                                           0 sec [DONE]
        Number of expressions:                        159582
        after encoding

      11 assertions before transformations (9 no_back_edge, 2 custom).

      Performing formula transformations ...
        Simplifier
          Number of rewrites                            6028
        Fixed Memory Address Assigner
          Number of moved ops                              0
          Number of rewrites                            5208
        Simplifier
          Number of moved ops                              0
          Number of rewrites                           72750
        Memory Model Encoder
          Number of moved ops                              0rewriteAllocaOprewriteStackAddressOp
rewriteAllocaOprewriteStackAddressOp
rewriteAllocaOprewriteStackAddressOp
rewriteAllocaOprewriteStackAddressOp
rewriteAllocaOprewriteStackAddressOp
rewriteAllocaOprewriteStackAddressOp
rewriteAllocaOprewriteStackAddressOp
rewriteAllocaOprewriteStackAddressOp
rewriteAllocaOprewriteStackAddressOp
rewriteAllocaOprewriteStackAddressOp
rewriteAllocaOprewriteStackAddressOp
rewriteAllocaOprewriteStackAddressOp
rewriteAllocaOprewriteStackAddressOp
rewriteAllocaOprewriteStackAddressOp
rewriteAllocaOprewriteStackAddressOp
rewriteAllocaOprewriteStackAddressOp
rewriteAllocaOprewriteStackAddressOp
rewriteAllocaOprewriteStackAddressOp
rewriteAllocaOprewriteStackAddressOp
rewriteAllocaOprewriteStackAddressOp
rewriteAllocaOprewriteStackAddressOp

          Number of rewrites                              21
        Simplifier
          Number of moved ops                              0
          Number of rewrites                              98
        Simplifier
          Number of moved ops                              0
          Number of rewrites                             174
        ToASC Analyser
          Memcpy/memset found                            yes
        Byte-Based Memory Creator
          Number of rewrites                            9432
        Instantiation-Based ToASC Simplifier
          Number of rewrites                               3
        Simplifier
          Number of moved ops                             18
          Number of rewrites                           23642
        FP Abstraction
          Number of rewrites                              22

Abstracted floating point operations.  The result might be a false positive.

        Simplifier
          Number of moved ops                              0
          Number of rewrites                               0
                                                           0 sec [DONE]
        
      11 assertions remain after transformations (9 no_back_edge, 2 custom).
after rewriteFormula
after sanityCheckFormula

      Running SMT solver (STP with MiniSat) ...