runJobCommand
arguents: child
arguents: job
arguents: mode
Careful, HavocLimit is not zero. Call Abstraction is activated
handleJobInSeparateProcess0

Checking job 5784 ...about to run job:
preconNumber: 0, 0

  Running Model Checker with 1 checks ...try
try ready

    SMTSolver : stp
    CallStackBound : 0
    StopEncodingAfterCheckLoop : 0
    LoopUnrollBound : 1
    HavocLimit : 2
    PreconditionNumber : 0
    PreconditionLocation : jobs/5784
    TimeOut : 600
    InitializedGlobals : false
    IgnoreMissingFunctions : false
    StopEncodingAfterCheck : false
    OverApproxVaArgs : false
    PreconditionCheckMemory : false
    PreconditionOnlyArguments : trueI [0] lib/ModelChecker/Verifier.cpp:247 | EntryPoint : resizeIndexObject
m_checker->run()

    Performing bounded model checking ...
      Performing pre-transformations on LLVM IR ...        0 sec [DONE]
        
      Performing logical encoding ...Current: sqlite3DbMallocZero Havoced: sqlite3DbMallocRaw
isMemset:   call void @llvm.memset.p0i8.i64(i8* %2, i8 0, i64 %1, i32 1, i1 false), !dbg !5621
isMemcpy:   call void @llvm.memcpy.p0i8.p0i8.i64(i8* %8, i8* %12, i64 %16, i32 1, i1 false), !dbg !5640
isMemcpy:   call void @llvm.memcpy.p0i8.p0i8.i64(i8* %21, i8* %24, i64 %30, i32 1, i1 false), !dbg !5651
isMemcpy:   call void @llvm.memcpy.p0i8.p0i8.i64(i8* %35, i8* %38, i64 %42, i32 1, i1 false), !dbg !5664
isMemcpy:   call void @llvm.memcpy.p0i8.p0i8.i64(i8* %47, i8* %49, i64 %52, i32 1, i1 false), !dbg !5677
                      0 sec [DONE]
        Number of expressions:                        155149
        after encoding

      1 assertion before transformations (1 custom).

      Performing formula transformations ...
        Simplifier
          Number of rewrites                            3398
        Fixed Memory Address Assigner
          Number of moved ops                              0
          Number of rewrites                            5208
        Simplifier
          Number of moved ops                              0
          Number of rewrites                           72602
        Memory Model Encoder
          Number of moved ops                              0
          Number of rewrites                               0
        Simplifier
          Number of rewrites                               2
        Simplifier
          Number of moved ops                              0
          Number of rewrites                             142
        ToASC Analyser
          Memcpy/memset found                            yes
        Byte-Based Memory Creator
          Number of rewrites                            8931
        Instantiation-Based ToASC Simplifier
          Number of rewrites                               5
        Simplifier
          Number of moved ops                            745
          Number of rewrites                           23350
        FP Abstraction
          Number of rewrites                              22

Abstracted floating point operations.  The result might be a false positive.

        Simplifier
          Number of moved ops                              2
          Number of rewrites                               0
                                                           0 sec [DONE]
        
      1 assertion remains after transformations (1 custom).
after rewriteFormula
after sanityCheckFormula

      Running SMT solver (STP with MiniSat) ...            0 sec [DONE]
        
                                                           1 sec [DONE]
      after performing Check
evaluateCheckerResultsViaRefinementLoop
getCheckerResultAfterUpdatingMarker
Result is NoTrace

                                                           2 sec [DONE]
    allsafe
    
                                                           2 sec [DONE]
  