runJobCommand
arguents: child
arguents: job
arguents: mode
Careful, HavocLimit is not zero. Call Abstraction is activated
handleJobInSeparateProcess0

Checking job 8025 ...about to run job:
preconNumber: 0, 0

  Running Model Checker with 1 checks ...try
try ready

    SMTSolver : stp
    CallStackBound : 0
    StopEncodingAfterCheckLoop : 0
    LoopUnrollBound : 1
    HavocLimit : 2
    PreconditionNumber : 0
    PreconditionLocation : jobs/8025
    TimeOut : 600
    InitializedGlobals : false
    IgnoreMissingFunctions : false
    StopEncodingAfterCheck : false
    OverApproxVaArgs : false
    PreconditionCheckMemory : false
    PreconditionOnlyArguments : trueI [0] lib/ModelChecker/Verifier.cpp:247 | EntryPoint : windowReturnOneRow
m_checker->run()

    Performing bounded model checking ...
      Unrolling loop in function "windowReturnOneRow" for 1 iterations succeeded.
      Transformed "windowReturnOneRow" from 24 to 25 basic blocks and from 180 to 183 instructions
      Performing pre-transformations on LLVM IR ...        0 sec [DONE]
        
      Performing logical encoding ...Current: sqlite3VdbeAddOp3 Havoced: growOp3
Current: sqlite3VdbeAddOp2 Havoced: sqlite3VdbeAddOp3
Current: sqlite3VdbeAddOp2 Havoced: sqlite3VdbeAddOp3
Current: sqlite3VdbeAddOp3 Havoced: growOp3
Current: sqlite3VdbeAddOp3 Havoced: growOp3
Current: sqlite3VdbeAddOp2 Havoced: sqlite3VdbeAddOp3
Current: sqlite3VdbeAddOp3 Havoced: growOp3
Current: sqlite3VdbeAddOp3 Havoced: growOp3
Current: sqlite3VdbeResolveLabel Havoced: resizeResolveLabel
Current: sqlite3VdbeAddOp2 Havoced: sqlite3VdbeAddOp3
Current: sqlite3VdbeAddOp2 Havoced: sqlite3VdbeAddOp3
Current: sqlite3VdbeAddOp3 Havoced: growOp3
Current: windowCheckValue Havoced: sqlite3GetVdbe
Current: windowCheckValue Havoced: sqlite3GetTempReg
Current: windowCheckValue Havoced: sqlite3VdbeAddOp2
Current: windowCheckValue Havoced: sqlite3VdbeCurrentAddr
Current: windowCheckValue Havoced: sqlite3VdbeAddOp2
Current: windowCheckValue Havoced: sqlite3GetTempReg
Current: windowCheckValue Havoced: sqlite3VdbeAddOp4
Current: windowCheckValue Havoced: sqlite3VdbeCurrentAddr
Current: windowCheckValue Havoced: sqlite3VdbeAddOp3
Current: windowCheckValue Havoced: sqlite3VdbeChangeP5
Current: windowCheckValue Havoced: sqlite3VdbeCurrentAddr
Current: windowCheckValue Havoced: sqlite3VdbeAddOp3
Current: windowCheckValue Havoced: sqlite3VdbeChangeP5
Current: windowCheckValue Havoced: sqlite3MayAbort
Current: windowCheckValue Havoced: sqlite3VdbeAddOp2
Current: windowCheckValue Havoced: sqlite3VdbeAppendP4
Current: windowCheckValue Havoced: sqlite3ReleaseTempReg
Current: sqlite3VdbeAddOp3 Havoced: growOp3
Current: sqlite3VdbeAddOp3 Havoced: growOp3
Current: sqlite3VdbeAddOp3 Havoced: growOp3
Current: sqlite3VdbeAddOp3 Havoced: growOp3
Current: sqlite3VdbeResolveLabel Havoced: resizeResolveLabel

        Unrolling loop in function "windowFullScan" for 1 iterations succeeded.
        Transformed "windowFullScan" from 26 to 27 basic blocks and from 173 to 176 instructionsCurrent: windowFullScan Havoced: sqlite3VdbeMakeLabel
Current: windowFullScan Havoced: sqlite3VdbeMakeLabel
Current: windowFullScan Havoced: sqlite3GetTempReg
Current: windowFullScan Havoced: sqlite3GetTempReg
Current: windowFullScan Havoced: sqlite3GetTempRange
Current: windowFullScan Havoced: sqlite3GetTempRange
Current: windowFullScan Havoced: sqlite3VdbeAddOp2
Current: windowFullScan Havoced: windowReadPeerValues
Current: windowFullScan Havoced: sqlite3VdbeAddOp2
Current: windowFullScan Havoced: sqlite3VdbeAddOp3
Current: windowFullScan Havoced: sqlite3VdbeCurrentAddr
Current: windowFullScan Havoced: sqlite3VdbeAddOp2
Current: windowFullScan Havoced: sqlite3VdbeAddOp3
Current: windowFullScan Havoced: sqlite3KeyInfoFromExprList
Current: windowFullScan Havoced: sqlite3VdbeAddOp3
Current: windowFullScan Havoced: sqlite3VdbeAddOp2
Current: windowFullScan Havoced: windowReadPeerValues
Current: windowFullScan Havoced: sqlite3VdbeAddOp3
Current: windowFullScan Havoced: sqlite3VdbeAppendP4
Current: windowFullScan Havoced: sqlite3VdbeCurrentAddr
Current: windowFullScan Havoced: sqlite3VdbeAddOp3
Current: windowFullScan Havoced: sqlite3VdbeJumpHere
Current: windowFullScan Havoced: sqlite3VdbeAddOp3
Current: windowFullScan Havoced: windowAggStep
Current: windowFullScan Havoced: sqlite3VdbeResolveLabel
Current: windowFullScan Havoced: sqlite3VdbeAddOp2
Current: windowFullScan Havoced: sqlite3VdbeJumpHere
Current: windowFullScan Havoced: sqlite3VdbeJumpHere
Current: windowFullScan Havoced: sqlite3ReleaseTempReg
Current: windowFullScan Havoced: sqlite3ReleaseTempReg
Current: windowFullScan Havoced: sqlite3ReleaseTempRange
Current: windowFullScan Havoced: sqlite3ReleaseTempRange
Current: windowFullScan Havoced: windowAggFinal
Current: sqlite3VdbeAddOp2 Havoced: sqlite3VdbeAddOp3

                                                           0 sec [DONE]
        Number of expressions:                        156680
        after encoding

      3 assertions before transformations (2 no_back_edge, 1 custom).

      Performing formula transformations ...
        Simplifier
          Number of rewrites                            4078
        Fixed Memory Address Assigner
          Number of moved ops                              0
          Number of rewrites                            5208
        Simplifier
          Number of moved ops                              0
          Number of rewrites                           72665
        Memory Model Encoder
          Number of moved ops                              0
          Number of rewrites                               0
        Simplifier
          Number of rewrites                              10
        Simplifier
          Number of moved ops                              0
          Number of rewrites                             142
        ToASC Analyser
          Memcpy/memset found                             no
        Byte-Based Memory Creator
        Instantiation-Based ToASC Simplifier
        Simplifier
        FP Abstraction
          Number of rewrites                              44

Abstracted floating point operations.  The result might be a false positive.

        Simplifier
          Number of moved ops                              0
          Number of rewrites                               0
                                                           0 sec [DONE]
        
      3 assertions remain after transformations (2 no_back_edge, 1 custom).
after rewriteFormula
after sanityCheckFormula

      Running SMT solver (STP with MiniSat) ...                    0
          Number of rewrites                             142
        ToASC Analyser
          Memcpy/memset found                             no
        Byte-Based Memory Creator
        Instantiation-Based ToASC Simplifier
        Simplifier
        FP Abstraction
          Number of rewrites                              44

Abstracted floating point operations.  The result might be a false positive.

        Simplifier
          Number of moved ops                              0
          Number of rewrites                               0
                                                           0 sec [DONE]
        
      9 assertions remain after transformations (8 no_back_edge, 1 custom).
after rewriteFormula
after sanityCheckFormula

      Running SMT solver (STP with MiniSat) ...