runJobCommand
arguents: child
arguents: job
arguents: mode
Careful, HavocLimit is not zero. Call Abstraction is activated
handleJobInSeparateProcess0

Checking job 5628 ...about to run job:
preconNumber: 0, 0

  Running Model Checker with 1 checks ...try
try ready

    SMTSolver : stp
    CallStackBound : 0
    StopEncodingAfterCheckLoop : 0
    LoopUnrollBound : 1
    HavocLimit : 1
    PreconditionNumber : 0
    PreconditionLocation : jobs/5628
    TimeOut : 600
    InitializedGlobals : false
    IgnoreMissingFunctions : false
    StopEncodingAfterCheck : false
    OverApproxVaArgs : false
    PreconditionCheckMemory : false
    PreconditionOnlyArguments : trueI [0] lib/ModelChecker/Verifier.cpp:247 | EntryPoint : analyzeOneTable
m_checker->run()

    Performing bounded model checking ...
      Unrolling loop in function "analyzeOneTable" for 1 iterations succeeded.
      Unrolling loop in function "analyzeOneTable" for 1 iterations succeeded.
      Unrolling loop in function "analyzeOneTable" for 1 iterations succeeded.
      Transformed "analyzeOneTable" from 57 to 60 basic blocks and from 432 to 444 instructions
      Performing pre-transformations on LLVM IR ...        0 sec [DONE]
        
      Performing logical encoding ...Current: analyzeOneTable Havoced: sqlite3GetVdbe
Current: analyzeOneTable Havoced: sqlite3_strlike
Current: analyzeOneTable Havoced: sqlite3SchemaToIndex
Current: analyzeOneTable Havoced: sqlite3AuthCheck
Current: analyzeOneTable Havoced: sqlite3TableLock
Current: analyzeOneTable Havoced: sqlite3OpenTable
Current: analyzeOneTable Havoced: sqlite3VdbeLoadString
Current: analyzeOneTable Havoced: sqlite3VdbeLoadString
Current: analyzeOneTable Havoced: sqlite3VdbeAddOp3
Current: analyzeOneTable Havoced: sqlite3VdbeSetP4KeyInfo
Current: analyzeOneTable Havoced: sqlite3VdbeAddOp2
Current: analyzeOneTable Havoced: sqlite3VdbeAddOp2
Current: analyzeOneTable Havoced: sqlite3VdbeAddOp1
Current: analyzeOneTable Havoced: sqlite3VdbeAddOp3
Current: analyzeOneTable Havoced: sqlite3VdbeAddOp2
Current: analyzeOneTable Havoced: sqlite3VdbeAddFunctionCall
Current: analyzeOneTable Havoced: sqlite3VdbeAddOp2
Current: analyzeOneTable Havoced: sqlite3VdbeCurrentAddr
Current: analyzeOneTable Havoced: sqlite3VdbeMakeLabel
Current: analyzeOneTable Havoced: sqlite3DbMallocRawNN
Current: analyzeOneTable Havoced: sqlite3VdbeAddOp0
Current: analyzeOneTable Havoced: sqlite3VdbeCurrentAddr
Current: analyzeOneTable Havoced: sqlite3VdbeAddOp2
Current: analyzeOneTable Havoced: sqlite3LocateCollSeq
Current: analyzeOneTable Havoced: sqlite3VdbeAddOp2
Current: analyzeOneTable Havoced: sqlite3VdbeAddOp3
Current: analyzeOneTable Havoced: sqlite3VdbeAddOp4
Current: analyzeOneTable Havoced: sqlite3VdbeChangeP5
Current: analyzeOneTable Havoced: sqlite3VdbeAddOp2
Current: analyzeOneTable Havoced: sqlite3VdbeGoto
Current: analyzeOneTable Havoced: sqlite3VdbeJumpHere
Current: analyzeOneTable Havoced: sqlite3VdbeJumpHere
Current: analyzeOneTable Havoced: sqlite3VdbeAddOp3
Current: analyzeOneTable Havoced: sqlite3VdbeResolveLabel
Current: analyzeOneTable Havoced: sqlite3DbFree
Current: analyzeOneTable Havoced: sqlite3VdbeAddFunctionCall
Current: analyzeOneTable Havoced: sqlite3VdbeAddOp2
Current: analyzeOneTable Havoced: sqlite3VdbeAddOp1
Current: analyzeOneTable Havoced: sqlite3VdbeAddOp1
Current: analyzeOneTable Havoced: sqlite3VdbeAddOp4Int
Current: analyzeOneTable Havoced: sqlite3VdbeJumpHere
Current: analyzeOneTable Havoced: sqlite3VdbeAddOp2
Current: analyzeOneTable Havoced: sqlite3VdbeJumpHere
Current: analyzeOneTable Havoced: sqlite3VdbeJumpHere
Current: analyzeOneTable Havoced: callStatGet
Current: analyzeOneTable Havoced: sqlite3VdbeAddOp4
Current: analyzeOneTable Havoced: sqlite3VdbeAddOp2
Current: analyzeOneTable Havoced: sqlite3VdbeAddOp3
Current: analyzeOneTable Havoced: sqlite3VdbeChangeP5
Current: analyzeOneTable Havoced: sqlite3VdbeJumpHere
Current: analyzeOneTable Havoced: sqlite3VdbeAddOp2
Current: analyzeOneTable Havoced: sqlite3VdbeAddOp1
Current: analyzeOneTable Havoced: sqlite3VdbeAddOp2
Current: analyzeOneTable Havoced: sqlite3VdbeAddOp4
Current: analyzeOneTable Havoced: sqlite3VdbeAddOp2
Current: analyzeOneTable Havoced: sqlite3VdbeAddOp3
Current: analyzeOneTable Havoced: sqlite3VdbeChangeP5
Current: analyzeOneTable Havoced: sqlite3VdbeJumpHere
                      0 sec [DONE]
        Number of expressions:                        155723
        after encoding

      4 assertions before transformations (3 no_back_edge, 1 custom).

      Performing formula transformations ...
        Simplifier
          Number of rewrites                            3700
        Fixed Memory Address Assigner
          Number of moved ops                              0
          Number of rewrites                            5208
        Simplifier
          Number of moved ops                              0
          Number of rewrites                           72621
        Memory Model Encoder
          Number of moved ops                              0
          Number of rewrites                               0
        Simplifier
          Number of rewrites                               0
        Simplifier
          Number of rewrites                             142
        ToASC Analyser
          Memcpy/memset found                             no
        Byte-Based Memory Creator
        Instantiation-Based ToASC Simplifier
        Simplifier
        FP Abstraction
          Number of rewrites                              44

Abstracted floating point operations.  The result might be a false positive.

        Simplifier
          Number of moved ops                              0
          Number of rewrites                               0
                                                           0 sec [DONE]
        
      4 assertions remain after transformations (3 no_back_edge, 1 custom).
after rewriteFormula
after sanityCheckFormula

      Running SMT solver (STP with MiniSat) ...            0 sec [DONE]
        
                                                           0 sec [DONE]
      after performing Check
evaluateCheckerResultsViaRefinementLoop
checker.getResult() is Trace
checkOnlyPrecon: 0, size:1
getFailingCheckFor
setCheckToUnsafe
setCheckToUnsafe
Check for floating point traces / abstractions currently deactivated
trying to exclude Assertions for Failing Instruction

    Rerunning SMT solver (STP with MiniSat) ...            0 sec [DONE]
      checker.getResult() is Trace
checkOnlyPrecon: 0, size:1
getFailingCheckFor
setStatusMarkerAccordingToFailingInstruction
BranchInst - LoopBound
trying to exclude Assertions for Failing Instruction

    Rerunning SMT solver (STP with MiniSat) ...            0 sec [DONE]
      checker.getResult() is Trace
checkOnlyPrecon: 0, size:1
getFailingCheckFor
setStatusMarkerAccordingToFailingInstruction
BranchInst - LoopBound
trying to exclude Assertions for Failing Instruction

    Rerunning SMT solver (STP with MiniSat) ...            0 sec [DONE]
      getCheckerResultAfterUpdatingMarker
Result is NoTrace

                                                           1 sec [DONE]
    allunsafe
    
                                                           1 sec [DONE]
  