runJobCommand
arguents: child
arguents: job
arguents: mode
Careful, HavocLimit is not zero. Call Abstraction is activated
handleJobInSeparateProcess0

Checking job 4594 ...about to run job:
preconNumber: 0, 0

  Running Model Checker with 1 checks ...try
try ready

    SMTSolver : stp
    CallStackBound : 0
    StopEncodingAfterCheckLoop : 0
    LoopUnrollBound : 1
    HavocLimit : 1
    PreconditionNumber : 0
    PreconditionLocation : jobs/4594
    TimeOut : 600
    InitializedGlobals : false
    IgnoreMissingFunctions : false
    StopEncodingAfterCheck : false
    OverApproxVaArgs : false
    PreconditionCheckMemory : false
    PreconditionOnlyArguments : trueI [0] lib/ModelChecker/Verifier.cpp:247 | EntryPoint : sqlite3VdbeExpandSql
m_checker->run()

    Performing bounded model checking ...
      Unrolling loop in function "sqlite3VdbeExpandSql" for 1 iterations succeeded.
      Unrolling loop in function "sqlite3VdbeExpandSql" for 1 iterations succeeded.
      Unrolling loop in function "sqlite3VdbeExpandSql" for 1 iterations succeeded.
      Unrolling loop in function "sqlite3VdbeExpandSql" for 1 iterations succeeded.
      Transformed "sqlite3VdbeExpandSql" from 56 to 59 basic blocks and from 282 to 295 instructions
      Performing pre-transformations on LLVM IR ...        0 sec [DONE]
        
      Performing logical encoding ...Current: sqlite3VdbeExpandSql Havoced: sqlite3StrAccumInit
Current: sqlite3VdbeExpandSql Havoced: findNextHostParameter
Current: sqlite3VdbeExpandSql Havoced: sqlite3_str_append
Current: sqlite3VdbeExpandSql Havoced: sqlite3VdbeParameterIndex
Current: sqlite3VdbeExpandSql Havoced: sqlite3GetInt32
Current: sqlite3VdbeExpandSql Havoced: sqlite3_str_append
Current: sqlite3VdbeExpandSql Havoced: sqlite3_str_appendf
Current: sqlite3VdbeExpandSql Havoced: sqlite3_str_append
Current: sqlite3VdbeExpandSql Havoced: sqlite3_str_appendf
isMemset:   call void @llvm.memset.p0i8.i64(i8* %101, i8 0, i64 56, i32 8, i1 false), !dbg !5785
Current: sqlite3VdbeExpandSql Havoced: sqlite3VdbeMemSetStr
Current: sqlite3VdbeExpandSql Havoced: sqlite3VdbeChangeEncoding
Current: sqlite3VdbeExpandSql Havoced: sqlite3_str_appendf
Current: sqlite3VdbeExpandSql Havoced: sqlite3VdbeMemRelease
Current: sqlite3VdbeExpandSql Havoced: sqlite3_str_appendf
Current: sqlite3VdbeExpandSql Havoced: sqlite3_str_appendf
Current: sqlite3VdbeExpandSql Havoced: sqlite3_str_append
Current: sqlite3VdbeExpandSql Havoced: sqlite3Strlen30
Current: sqlite3VdbeExpandSql Havoced: sqlite3_str_append
Current: sqlite3VdbeExpandSql Havoced: sqlite3_str_append
Current: sqlite3VdbeExpandSql Havoced: sqlite3_str_append
Current: sqlite3VdbeExpandSql Havoced: sqlite3_str_reset
Current: sqlite3VdbeExpandSql Havoced: sqlite3StrAccumFinish
                      0 sec [DONE]
        Number of expressions:                        155601
        after encoding

      5 assertions before transformations (4 no_back_edge, 1 custom).

      Performing formula transformations ...
        Simplifier
          Number of rewrites                            3663
        Fixed Memory Address Assigner
          Number of moved ops                              0
          Number of rewrites                            5208
        Simplifier
          Number of moved ops                              0
          Number of rewrites                           72620
        Memory Model Encoder
          Number of moved ops                              0rewriteAllocaOprewriteStackAddressOp
rewriteAllocaOprewriteStackAddressOp
rewriteAllocaOprewriteStackAddressOp
rewriteAllocaOprewriteStackAddressOp
rewriteAllocaOprewriteStackAddressOp

          Number of rewrites                               5
        Simplifier
          Number of moved ops                              0
          Number of rewrites                               8
        Simplifier
          Number of moved ops                              0
          Number of rewrites                             199
        ToASC Analyser
          Memcpy/memset found                             no
        Byte-Based Memory Creator
        Instantiation-Based ToASC Simplifier
        Simplifier
        FP Abstraction
          Number of rewrites                              44

Abstracted floating point operations.  The result might be a false positive.

        Simplifier
          Number of moved ops                              0
          Number of rewrites                               0
                                                           0 sec [DONE]
        
      5 assertions remain after transformations (4 no_back_edge, 1 custom).
after rewriteFormula
after sanityCheckFormula

      Running SMT solver (STP with MiniSat) ...