runJobCommand
arguents: child
arguents: job
arguents: mode
Careful, HavocLimit is not zero. Call Abstraction is activated
handleJobInSeparateProcess0

Checking job 2274 ...about to run job:
preconNumber: 0, 0

  Running Model Checker with 1 checks ...try
try ready

    SMTSolver : stp
    CallStackBound : 0
    StopEncodingAfterCheckLoop : 0
    LoopUnrollBound : 1
    HavocLimit : 1
    PreconditionNumber : 0
    PreconditionLocation : jobs/2274
    TimeOut : 600
    InitializedGlobals : false
    IgnoreMissingFunctions : false
    StopEncodingAfterCheck : false
    OverApproxVaArgs : false
    PreconditionCheckMemory : false
    PreconditionOnlyArguments : trueI [1] lib/ModelChecker/Verifier.cpp:247 | EntryPoint : memdbClose
m_checker->run()

    Performing bounded model checking ...
      Unrolling loop in function "memdbClose" for 1 iterations succeeded.
      Transformed "memdbClose" from 19 to 21 basic blocks and from 96 to 102 instructions
      Performing pre-transformations on LLVM IR ...        0 sec [DONE]
        
      Performing logical encoding ...Current: memdbClose Havoced: memdbEnter
Current: memdbClose Havoced: sqlite3MutexAlloc
Current: memdbClose Havoced: sqlite3_mutex_enter
Current: memdbClose Havoced: memdbEnter
Current: memdbClose Havoced: sqlite3_free
Current: memdbClose Havoced: sqlite3_mutex_leave
Current: memdbClose Havoced: memdbLeave
Current: memdbClose Havoced: sqlite3_free
Current: memdbClose Havoced: memdbLeave
Current: memdbClose Havoced: sqlite3_mutex_free
Current: memdbClose Havoced: sqlite3_free
                      0 sec [DONE]
        Number of expressions:                        155224
        after encoding

      2 assertions before transformations (1 no_back_edge, 1 custom).

      Performing formula transformations ...
        Simplifier
          Number of rewrites                            3463
        Fixed Memory Address Assigner
          Number of moved ops                              2
          Number of rewrites                            5208
        Simplifier
          Number of moved ops                              0
          Number of rewrites                           72610
        Memory Model Encoder
          Number of moved ops                              0
          Number of rewrites                               0
        Simplifier
          Number of rewrites                               3
        Simplifier
          Number of moved ops                              0
          Number of rewrites                             142
        ToASC Analyser
          Memcpy/memset found                             no
        Byte-Based Memory Creator
        Instantiation-Based ToASC Simplifier
        Simplifier
        FP Abstraction
          Number of rewrites                              44

Abstracted floating point operations.  The result might be a false positive.

        Simplifier
          Number of moved ops                              0
          Number of rewrites                               0
                                                           0 sec [DONE]
        
      2 assertions remain after transformations (1 no_back_edge, 1 custom).
after rewriteFormula
after sanityCheckFormula

      Running SMT solver (STP with MiniSat) ...