runJobCommand
arguents: child
arguents: job
arguents: mode
Careful, HavocLimit is not zero. Call Abstraction is activated
handleJobInSeparateProcess0

Checking job 4060 ...about to run job:
preconNumber: 0, 0

  Running Model Checker with 1 checks ...try
try ready

    SMTSolver : stp
    CallStackBound : 0
    StopEncodingAfterCheckLoop : 0
    LoopUnrollBound : 1
    HavocLimit : 1
    PreconditionNumber : 0
    PreconditionLocation : jobs/4060
    TimeOut : 600
    InitializedGlobals : false
    IgnoreMissingFunctions : false
    StopEncodingAfterCheck : false
    OverApproxVaArgs : false
    PreconditionCheckMemory : false
    PreconditionOnlyArguments : trueI [0] lib/ModelChecker/Verifier.cpp:247 | EntryPoint : btreeCreateTable
m_checker->run()

    Performing bounded model checking ...
      Unrolling loop in function "btreeCreateTable" for 1 iterations succeeded.
      Transformed "btreeCreateTable" from 41 to 45 basic blocks and from 215 to 240 instructions
      Performing pre-transformations on LLVM IR ...        0 sec [DONE]
        
      Performing logical encoding ...Current: btreeCreateTable Havoced: allocateBtreePage
Current: btreeCreateTable Havoced: invalidateAllOverflowCache
Current: btreeCreateTable Havoced: sqlite3BtreeGetMeta
Current: btreeCreateTable Havoced: btreePagecount
Current: btreeCreateTable Havoced: ptrmapPageno
Current: btreeCreateTable Havoced: ptrmapPageno
Current: btreeCreateTable Havoced: allocateBtreePage
Current: btreeCreateTable Havoced: saveAllCursors
Current: btreeCreateTable Havoced: releasePage
Current: btreeCreateTable Havoced: btreeGetPage
Current: btreeCreateTable Havoced: ptrmapGet
Current: btreeCreateTable Havoced: sqlite3CorruptError
Current: btreeCreateTable Havoced: relocatePage
Current: btreeCreateTable Havoced: releasePage
Current: btreeCreateTable Havoced: btreeGetPage
Current: btreeCreateTable Havoced: sqlite3PagerWrite
Current: btreeCreateTable Havoced: ptrmapPut
Current: btreeCreateTable Havoced: sqlite3BtreeUpdateMeta
Current: btreeCreateTable Havoced: zeroPage
Current: btreeCreateTable Havoced: sqlite3PagerUnref
Current: btreeCreateTable Havoced: releasePage
Current: btreeCreateTable Havoced: releasePage
Current: btreeCreateTable Havoced: releasePage
Current: btreeCreateTable Havoced: releasePage
Current: btreeCreateTable Havoced: sqlite3CorruptError
                      0 sec [DONE]
        Number of expressions:                        155513
        after encoding

      3 assertions before transformations (1 no_back_edge, 2 custom).

      Performing formula transformations ...
        Simplifier
          Number of rewrites                            3593
        Fixed Memory Address Assigner
          Number of moved ops                              0
          Number of rewrites                            5208
        Simplifier
          Number of moved ops                              0
          Number of rewrites                           72612
        Memory Model Encoder
          Number of moved ops                              0rewriteAllocaOprewriteStackAddressOp
rewriteAllocaOprewriteStackAddressOp
rewriteAllocaOprewriteStackAddressOp
rewriteAllocaOprewriteStackAddressOp
rewriteAllocaOprewriteStackAddressOp
rewriteAllocaOprewriteStackAddressOp
rewriteAllocaOprewriteStackAddressOp

          Number of rewrites                               7
        Simplifier
          Number of moved ops                              0
          Number of rewrites                              26
        Simplifier
          Number of moved ops                              0
          Number of rewrites                             142
        ToASC Analyser
          Memcpy/memset found                             no
        Byte-Based Memory Creator
        Instantiation-Based ToASC Simplifier
        Simplifier
        FP Abstraction
          Number of rewrites                              44

Abstracted floating point operations.  The result might be a false positive.

        Simplifier
          Number of moved ops                              0
          Number of rewrites                               0
                                                           0 sec [DONE]
        
      3 assertions remain after transformations (1 no_back_edge, 2 custom).
after rewriteFormula
after sanityCheckFormula

      Running SMT solver (STP with MiniSat) ...