runJobCommand
arguents: child
arguents: job
arguents: mode
Careful, HavocLimit is not zero. Call Abstraction is activated
handleJobInSeparateProcess0

Checking job 5391 ...about to run job:
preconNumber: 0, 0

  Running Model Checker with 1 checks ...try
try ready

    SMTSolver : stp
    CallStackBound : 0
    StopEncodingAfterCheckLoop : 0
    LoopUnrollBound : 1
    HavocLimit : 1
    PreconditionNumber : 0
    PreconditionLocation : jobs/5391
    TimeOut : 600
    InitializedGlobals : false
    IgnoreMissingFunctions : false
    StopEncodingAfterCheck : false
    OverApproxVaArgs : false
    PreconditionCheckMemory : false
    PreconditionOnlyArguments : trueI [0] lib/ModelChecker/Verifier.cpp:247 | EntryPoint : exprCodeInlineFunction
m_checker->run()

    Performing bounded model checking ...
      Unrolling loop in function "exprCodeInlineFunction" for 1 iterations succeeded.
      Transformed "exprCodeInlineFunction" from 16 to 25 basic blocks and from 128 to 146 instructions
      Performing pre-transformations on LLVM IR ...        0 sec [DONE]
        
      Performing logical encoding ...isMemset:   call void @llvm.memset.p0i8.i64(i8* %20, i8 0, i64 72, i32 8, i1 false), !dbg !5664
Current: exprCodeInlineFunction Havoced: sqlite3ExprCodeTarget
Current: exprCodeInlineFunction Havoced: sqlite3ExprCompare
Current: exprCodeInlineFunction Havoced: sqlite3VdbeAddOp2
Current: exprCodeInlineFunction Havoced: sqlite3ExprImpliesExpr
Current: exprCodeInlineFunction Havoced: sqlite3VdbeAddOp2
Current: exprCodeInlineFunction Havoced: sqlite3VdbeAddOp2
Current: exprCodeInlineFunction Havoced: sqlite3ExprImpliesNonNullRow
Current: exprCodeInlineFunction Havoced: sqlite3VdbeAddOp2
Current: exprCodeInlineFunction Havoced: sqlite3ExprCodeTarget
Current: exprCodeInlineFunction Havoced: sqlite3VdbeMakeLabel
Current: exprCodeInlineFunction Havoced: sqlite3ExprCode
Current: exprCodeInlineFunction Havoced: sqlite3VdbeAddOp2
Current: exprCodeInlineFunction Havoced: sqlite3ExprCode
Current: exprCodeInlineFunction Havoced: setDoNotMergeFlagOnCopy
Current: exprCodeInlineFunction Havoced: sqlite3VdbeResolveLabel
                      0 sec [DONE]
        Number of expressions:                        155275
        after encoding

      2 assertions before transformations (1 no_back_edge, 1 custom).

      Performing formula transformations ...
        Simplifier
          Number of rewrites                            3512
        Fixed Memory Address Assigner
          Number of moved ops                              0
          Number of rewrites                            5208
        Simplifier
          Number of moved ops                              0
          Number of rewrites                           72603
        Memory Model Encoder
          Number of moved ops                              0rewriteAllocaOprewriteStackAddressOp

          Number of rewrites                               1
        Simplifier
          Number of moved ops                              0
          Number of rewrites                               3
        Simplifier
          Number of moved ops                              0
          Number of rewrites                             215
        ToASC Analyser
          Memcpy/memset found                             no
        Byte-Based Memory Creator
        Instantiation-Based ToASC Simplifier
        Simplifier
        FP Abstraction
          Number of rewrites                              44

Abstracted floating point operations.  The result might be a false positive.

        Simplifier
          Number of moved ops                              0
          Number of rewrites                               0
                                                           0 sec [DONE]
        
      2 assertions remain after transformations (1 no_back_edge, 1 custom).
after rewriteFormula
after sanityCheckFormula

      Running SMT solver (STP with MiniSat) ...