runJobCommand
arguents: child
arguents: job
arguents: mode
Careful, HavocLimit is not zero. Call Abstraction is activated
handleJobInSeparateProcess0

Checking job 5477 ...about to run job:
preconNumber: 0, 0

  Running Model Checker with 1 checks ...try
try ready

    SMTSolver : stp
    CallStackBound : 0
    StopEncodingAfterCheckLoop : 0
    LoopUnrollBound : 1
    HavocLimit : 1
    PreconditionNumber : 0
    PreconditionLocation : jobs/5477
    TimeOut : 600
    InitializedGlobals : false
    IgnoreMissingFunctions : false
    StopEncodingAfterCheck : false
    OverApproxVaArgs : false
    PreconditionCheckMemory : false
    PreconditionOnlyArguments : trueI [0] lib/ModelChecker/Verifier.cpp:247 | EntryPoint : sqlite3AlterFinishAddColumn
m_checker->run()

    Performing bounded model checking ...
      Unrolling loop in function "sqlite3AlterFinishAddColumn" for 1 iterations succeeded.
      Transformed "sqlite3AlterFinishAddColumn" from 43 to 49 basic blocks and from 249 to 278 instructions
      Performing pre-transformations on LLVM IR ...        0 sec [DONE]
        
      Performing logical encoding ...Current: sqlite3AlterFinishAddColumn Havoced: sqlite3SchemaToIndex
Current: sqlite3AlterFinishAddColumn Havoced: sqlite3FindTable
Current: sqlite3AlterFinishAddColumn Havoced: sqlite3AuthCheck
Current: sqlite3AlterFinishAddColumn Havoced: sqlite3ErrorIfNotEmpty
Current: sqlite3AlterFinishAddColumn Havoced: sqlite3ErrorIfNotEmpty
Current: sqlite3AlterFinishAddColumn Havoced: sqlite3ErrorIfNotEmpty
Current: sqlite3AlterFinishAddColumn Havoced: sqlite3ValueFromExpr
Current: sqlite3AlterFinishAddColumn Havoced: sqlite3ErrorIfNotEmpty
Current: sqlite3AlterFinishAddColumn Havoced: sqlite3ValueFree
Current: sqlite3AlterFinishAddColumn Havoced: sqlite3DbStrNDup
Current: sqlite3AlterFinishAddColumn Havoced: sqlite3NestedParse
Current: sqlite3AlterFinishAddColumn Havoced: sqlite3DbFree
Current: sqlite3AlterFinishAddColumn Havoced: sqlite3GetVdbe
Current: sqlite3AlterFinishAddColumn Havoced: sqlite3GetTempReg
Current: sqlite3AlterFinishAddColumn Havoced: sqlite3VdbeAddOp3
Current: sqlite3AlterFinishAddColumn Havoced: sqlite3VdbeUsesBtree
Current: sqlite3AlterFinishAddColumn Havoced: sqlite3VdbeAddOp2
Current: sqlite3AlterFinishAddColumn Havoced: sqlite3VdbeCurrentAddr
Current: sqlite3AlterFinishAddColumn Havoced: sqlite3VdbeAddOp2
Current: sqlite3AlterFinishAddColumn Havoced: sqlite3VdbeAddOp3
Current: sqlite3AlterFinishAddColumn Havoced: sqlite3ReleaseTempReg
Current: sqlite3AlterFinishAddColumn Havoced: renameReloadSchema
Current: sqlite3AlterFinishAddColumn Havoced: sqlite3ErrorMsg
Current: sqlite3AlterFinishAddColumn Havoced: sqlite3ErrorMsg
                      0 sec [DONE]
        Number of expressions:                        155571
        after encoding

      3 assertions before transformations (1 no_back_edge, 2 custom).

      Performing formula transformations ...
        Simplifier
          Number of rewrites                            3619
        Fixed Memory Address Assigner
          Number of moved ops                              0
          Number of rewrites                            5208
        Simplifier
          Number of moved ops                              0
          Number of rewrites                           72628
        Memory Model Encoder
          Number of moved ops                              0rewriteAllocaOprewriteStackAddressOp

          Number of rewrites                               1
        Simplifier
          Number of moved ops                              0
          Number of rewrites                               7
        Simplifier
          Number of moved ops                              0
          Number of rewrites                             142
        ToASC Analyser
          Memcpy/memset found                             no
        Byte-Based Memory Creator
        Instantiation-Based ToASC Simplifier
        Simplifier
        FP Abstraction
          Number of rewrites                              44

Abstracted floating point operations.  The result might be a false positive.

        Simplifier
          Number of moved ops                              0
          Number of rewrites                               0
                                                           0 sec [DONE]
        
      3 assertions remain after transformations (1 no_back_edge, 2 custom).
after rewriteFormula
after sanityCheckFormula

      Running SMT solver (STP with MiniSat) ...