runJobCommand
arguents: child
arguents: job
arguents: mode
handleJobInSeparateProcess0

Checking job 1444 ...about to run job:
preconNumber: 5, 1

  Running Model Checker with 1 checks ...try
try ready

    SMTSolver : stp
    CallStackBound : 0
    StopEncodingAfterCheckLoop : 1
    LoopUnrollBound : 1
    HavocLimit : 0
    PreconditionNumber : 5
    PreconditionLocation : jobs/1444
    TimeOut : 600
    InitializedGlobals : false
    IgnoreMissingFunctions : false
    StopEncodingAfterCheck : true
    OverApproxVaArgs : false
    PreconditionCheckMemory : false
    PreconditionOnlyArguments : trueI [1] lib/ModelChecker/Verifier.cpp:247 | EntryPoint : localtimeOffset
m_checker->run()

    Performing bounded model checking ...
      Performing pre-transformations on LLVM IR ...        0 sec [DONE]
        
      Performing logical encoding ...size Alloca: 1
size Alloca: 1
size Alloca: 1
isMemset:   call void @llvm.memset.p0i8.i64(i8* %4, i8 0, i64 56, i32 8, i1 false), !dbg !5661
isMemcpy:   call void @llvm.memcpy.p0i8.p0i8.i64(i8* %5, i8* %6, i64 48, i32 8, i1 false), !dbg !5662
isMemset:   call void @llvm.memset.p0i8.i64(i8* %1, i8 0, i64 48, i32 8, i1 false), !dbg !5631
isMemset:   call void @llvm.memset.p0i8.i64(i8* %1, i8 0, i64 48, i32 8, i1 false), !dbg !5631
isMemset:   call void @llvm.memset.p0i8.i64(i8* %1, i8 0, i64 48, i32 8, i1 false), !dbg !5631
-----found check = true
                      0 sec [DONE]
        Number of expressions:                        155820
        after encoding

      1 assertion before transformations (1 custom).

      Performing formula transformations ...
        Simplifier
          Number of rewrites                            3706
        Fixed Memory Address Assigner
          Number of moved ops                              3
          Number of rewrites                            5211
        Simplifier
          Number of moved ops                              3
          Number of rewrites                           72629
        Memory Model Encoder
          Number of moved ops                              0rewriteAllocaOprewriteStackAddressOp
rewriteAllocaOprewriteStackAddressOp
rewriteAllocaOprewriteStackAddressOp
rewriteAllocaOprewriteStackAddressOp

          Number of rewrites                               4
        Simplifier
          Number of moved ops                              0
          Number of rewrites                          278943
        Simplifier
          Number of moved ops                              0
          Number of rewrites                         3354155
        ToASC Analyser
          Memcpy/memset found                             no
        Byte-Based Memory Creator
        Instantiation-Based ToASC Simplifier
        Simplifier
        FP Abstraction
          Number of rewrites                              92

Abstracted floating point operations.  The result might be a false positive.

        Simplifier
          Number of moved ops                              2
          Number of rewrites                               0
                                                           3 sec [DONE]
        
      1 assertion remains after transformations (1 custom).
after rewriteFormula
after sanityCheckFormula

      Running SMT solver (STP with MiniSat) ...