runJobCommand
arguents: child
arguents: job
arguents: mode
Careful, HavocLimit is not zero. Call Abstraction is activated
handleJobInSeparateProcess0

Checking job 2773 ...about to run job:
preconNumber: 0, 0

  Running Model Checker with 1 checks ...try
try ready

    SMTSolver : stp
    CallStackBound : 0
    StopEncodingAfterCheckLoop : 0
    LoopUnrollBound : 1
    HavocLimit : 2
    PreconditionNumber : 0
    PreconditionLocation : jobs/2773
    TimeOut : 600
    InitializedGlobals : false
    IgnoreMissingFunctions : false
    StopEncodingAfterCheck : false
    OverApproxVaArgs : false
    PreconditionCheckMemory : false
    PreconditionOnlyArguments : trueI [0] lib/ModelChecker/Verifier.cpp:247 | EntryPoint : sqlite3PagerRollback
m_checker->run()

    Performing bounded model checking ...
      Performing pre-transformations on LLVM IR ...        0 sec [DONE]
        
      Performing logical encoding ...
        Unrolling loop in function "pager_playback" for 1 iterations succeeded.
        Unrolling loop in function "pager_playback" for 1 iterations succeeded.
        Transformed "pager_playback" from 55 to 58 basic blocks and from 327 to 357 instructionsCurrent: pager_playback Havoced: sqlite3OsFileSize
Current: pager_playback Havoced: readSuperJournal
Current: pager_playback Havoced: sqlite3OsAccess
Current: pager_playback Havoced: readJournalHdr
Current: pager_playback Havoced: pager_truncate
Current: pager_playback Havoced: pager_reset
Current: pager_playback Havoced: pager_playback_one_page
Current: pager_playback Havoced: readJournalHdr
Current: pager_playback Havoced: sqlite3PagerSetPagesize
Current: pager_playback Havoced: readSuperJournal
Current: pager_playback Havoced: sqlite3PagerSync
Current: pager_playback Havoced: pager_end_transaction
isMemset:   call void @llvm.memset.p0i8.i64(i8* %160, i8 0, i64 4, i32 1, i1 false), !dbg !5857
Current: pager_playback Havoced: pager_delsuper
Current: pager_playback Havoced: sqlite3_log
Current: pager_playback Havoced: setSectorSize
Current: pager_end_transaction Havoced: releaseAllSavepoints
Current: pager_end_transaction Havoced: sqlite3JournalIsInMemory
Current: pager_end_transaction Havoced: sqlite3OsClose
Current: pager_end_transaction Havoced: sqlite3OsDelete
Current: pager_end_transaction Havoced: zeroJournalHdr
Current: pager_end_transaction Havoced: sqlite3OsTruncate
Current: pager_end_transaction Havoced: sqlite3OsSync
Current: pager_end_transaction Havoced: sqlite3OsClose
Current: pager_end_transaction Havoced: sqlite3BitvecDestroy
Current: pager_end_transaction Havoced: pagerFlushOnCommit
Current: pager_end_transaction Havoced: sqlite3PcacheClearWritable
Current: pager_end_transaction Havoced: sqlite3PcacheCleanAll
Current: pager_end_transaction Havoced: sqlite3PcacheTruncate
Current: pager_end_transaction Havoced: pager_truncate
Current: pager_end_transaction Havoced: sqlite3WalEndWriteTransaction
Current: pager_end_transaction Havoced: sqlite3OsFileControl
Current: pager_end_transaction Havoced: sqlite3WalExclusiveMode
Current: pager_end_transaction Havoced: pagerUnlockDb

        Unrolling loop in function "sqlite3PagerSavepoint" for 1 iterations succeeded.
        Transformed "sqlite3PagerSavepoint" from 22 to 23 basic blocks and from 131 to 135 instructionsCurrent: sqlite3PagerSavepoint Havoced: sqlite3BitvecDestroy
Current: sqlite3PagerSavepoint Havoced: pagerPlaybackSavepoint
Current: sqlite3PagerSavepoint Havoced: sqlite3JournalIsInMemory
Current: sqlite3PagerSavepoint Havoced: sqlite3OsTruncate
Current: pager_end_transaction Havoced: releaseAllSavepoints
Current: pager_end_transaction Havoced: sqlite3JournalIsInMemory
Current: pager_end_transaction Havoced: sqlite3OsClose
Current: pager_end_transaction Havoced: sqlite3OsDelete
Current: pager_end_transaction Havoced: zeroJournalHdr
Current: pager_end_transaction Havoced: sqlite3OsTruncate
Current: pager_end_transaction Havoced: sqlite3OsSync
Current: pager_end_transaction Havoced: sqlite3OsClose
Current: pager_end_transaction Havoced: sqlite3BitvecDestroy
Current: pager_end_transaction Havoced: pagerFlushOnCommit
Current: pager_end_transaction Havoced: sqlite3PcacheClearWritable
Current: pager_end_transaction Havoced: sqlite3PcacheCleanAll
Current: pager_end_transaction Havoced: sqlite3PcacheTruncate
Current: pager_end_transaction Havoced: pager_truncate
Current: pager_end_transaction Havoced: sqlite3WalEndWriteTransaction
Current: pager_end_transaction Havoced: sqlite3OsFileControl
Current: pager_end_transaction Havoced: sqlite3WalExclusiveMode
Current: pager_end_transaction Havoced: pagerUnlockDb
Current: pager_error Havoced: setGetterMethod

                                                           0 sec [DONE]
        Number of expressions:                        157285
        after encoding

      4 assertions before transformations (3 no_back_edge, 1 custom).

      Performing formula transformations ...
        Simplifier
          Number of rewrites                            4660
        Fixed Memory Address Assigner
          Number of moved ops                              0
          Number of rewrites                            5208
        Simplifier
          Number of moved ops                              0
          Number of rewrites                           72717
        Memory Model Encoder
          Number of moved ops                              0rewriteAllocaOprewriteStackAddressOp
rewriteAllocaOprewriteStackAddressOp
rewriteAllocaOprewriteStackAddressOp
rewriteAllocaOprewriteStackAddressOp
rewriteAllocaOprewriteStackAddressOp

          Number of rewrites                               5
        Simplifier
          Number of moved ops                              0
          Number of rewrites                               6
        Simplifier
          Number of moved ops                              0
          Number of rewrites                             144
        ToASC Analyser
          Memcpy/memset found                             no
        Byte-Based Memory Creator
        Instantiation-Based ToASC Simplifier
        Simplifier
        FP Abstraction
          Number of rewrites                              44

Abstracted floating point operations.  The result might be a false positive.

        Simplifier
          Number of moved ops                              0
          Number of rewrites                               0
                                                           0 sec [DONE]
        
      4 assertions remain after transformations (3 no_back_edge, 1 custom).
after rewriteFormula
after sanityCheckFormula

      Running SMT solver (STP with MiniSat) ...