runJobCommand
arguents: child
arguents: job
arguents: mode
Careful, HavocLimit is not zero. Call Abstraction is activated
handleJobInSeparateProcess0

Checking job 5118 ...about to run job:
preconNumber: 0, 0

  Running Model Checker with 1 checks ...try
try ready

    SMTSolver : stp
    CallStackBound : 0
    StopEncodingAfterCheckLoop : 0
    LoopUnrollBound : 1
    HavocLimit : 2
    PreconditionNumber : 0
    PreconditionLocation : jobs/5118
    TimeOut : 600
    InitializedGlobals : false
    IgnoreMissingFunctions : false
    StopEncodingAfterCheck : false
    OverApproxVaArgs : false
    PreconditionCheckMemory : false
    PreconditionOnlyArguments : trueI [0] lib/ModelChecker/Verifier.cpp:247 | EntryPoint : sqlite3ResolveOrderGroupBy
m_checker->run()

    Performing bounded model checking ...
      Unrolling loop in function "sqlite3ResolveOrderGroupBy" for 1 iterations succeeded.
      Transformed "sqlite3ResolveOrderGroupBy" from 16 to 17 basic blocks and from 102 to 108 instructions
      Performing pre-transformations on LLVM IR ...        0 sec [DONE]
        
      Performing logical encoding ...Current: resolveAlias Havoced: sqlite3ExprDup
Current: resolveAlias Havoced: incrAggFunctionDepth
Current: resolveAlias Havoced: sqlite3ExprAddCollateString
Current: resolveAlias Havoced: sqlite3ExprDelete
isMemcpy:   call void @llvm.memcpy.p0i8.p0i8.i64(i8* %28, i8* %29, i64 72, i32 8, i1 false), !dbg !5657
Current: resolveAlias Havoced: sqlite3DbStrDup
Current: resolveAlias Havoced: sqlite3DbFree
Current: resolveAlias Havoced: sqlite3ExprDelete
Current: resolveOutOfRangeError Havoced: sqlite3ErrorMsg
Current: sqlite3ErrorMsg Havoced: sqlite3VMPrintf
Current: sqlite3ErrorMsg Havoced: sqlite3DbFree
Current: sqlite3ErrorMsg Havoced: sqlite3DbFree
                      0 sec [DONE]
        Number of expressions:                        155437
        after encoding

      2 assertions before transformations (1 no_back_edge, 1 custom).

      Performing formula transformations ...
        Simplifier
          Number of rewrites                            3562
        Fixed Memory Address Assigner
          Number of moved ops                              1
          Number of rewrites                            5208
        Simplifier
          Number of moved ops                              0
          Number of rewrites                           72613
        Memory Model Encoder
          Number of moved ops                              0rewriteAllocaOprewriteStackAddressOp
rewriteAllocaOprewriteStackAddressOp

          Number of rewrites                               2
        Simplifier
          Number of moved ops                              0
          Number of rewrites                              12
        Simplifier
          Number of moved ops                              0
          Number of rewrites                             145
        ToASC Analyser
          Memcpy/memset found                             no
        Byte-Based Memory Creator
        Instantiation-Based ToASC Simplifier
        Simplifier
        FP Abstraction
          Number of rewrites                              44

Abstracted floating point operations.  The result might be a false positive.

        Simplifier
          Number of moved ops                              0
          Number of rewrites                               0
                                                           0 sec [DONE]
        
      2 assertions remain after transformations (1 no_back_edge, 1 custom).
after rewriteFormula
after sanityCheckFormula

      Running SMT solver (STP with MiniSat) ...voced: sqlite3VMPrintf
Current: sqlite3ErrorMsg Havoced: sqlite3DbFree
Current: sqlite3ErrorMsg Havoced: sqlite3DbFree
Current: sqlite3ErrorMsg Havoced: sqlite3VMPrintf
Current: sqlite3ErrorMsg Havoced: sqlite3DbFree
Current: sqlite3ErrorMsg Havoced: sqlite3DbFree
Current: sqlite3ExprDelete Havoced: sqlite3ExprDeleteNN
Current: sqlite3ExprDelete Havoced: sqlite3ExprDeleteNN
Current: sqlite3_log Havoced: renderLogMsg
Current: resolveAlias Havoced: sqlite3ExprDup
Current: resolveAlias Havoced: incrAggFunctionDepth
Current: resolveAlias Havoced: sqlite3ExprAddCollateString
Current: resolveAlias Havoced: sqlite3ExprDelete
isMemcpy:   call void @llvm.memcpy.p0i8.p0i8.i64(i8* %28, i8* %29, i64 72, i32 8, i1 false), !dbg !5657
Current: resolveAlias Havoced: sqlite3DbStrDup
Current: resolveAlias Havoced: sqlite3DbFree
Current: resolveAlias Havoced: sqlite3ExprDelete

        Unrolling loop in function "sqlite3AuthRead" for 1 iterations succeeded.
        Transformed "sqlite3AuthRead" from 22 to 24 basic blocks and from 118 to 124 instructionsCurrent: sqlite3AuthRead Havoced: sqlite3SchemaToIndex
Current: sqlite3AuthRead Havoced: sqlite3AuthReadCol
Current: sqlite3ErrorMsg Havoced: sqlite3VMPrintf
Current: sqlite3ErrorMsg Havoced: sqlite3DbFree
Current: sqlite3ErrorMsg Havoced: sqlite3DbFree
Current: sqlite3ErrorMsg Havoced: sqlite3VMPrintf
Current: sqlite3ErrorMsg Havoced: sqlite3DbFree
Current: sqlite3ErrorMsg Havoced: sqlite3DbFree
Current: sqlite3ErrorMsg Havoced: sqlite3VMPrintf
Current: sqlite3ErrorMsg Havoced: sqlite3DbFree
Current: sqlite3ErrorMsg Havoced: sqlite3DbFree

                                                           0 sec [DONE]
        Number of expressions:                        160972
        after encoding

      28 assertions before transformations (27 no_back_edge, 1 custom).

      Performing formula transformations ...
        Simplifier
          Number of rewrites                            6920
        Fixed Memory Address Assigner
          Number of moved ops                              2
          Number of rewrites                            5208
        Simplifier
          Number of moved ops                              0
          Number of rewrites                           73076
        Memory Model Encoder
          Number of moved ops                              0rewriteAllocaOprewriteStackAddressOp
rewriteAllocaOprewriteStackAddressOp
rewriteAllocaOprewriteStackAddressOp
rewriteAllocaOprewriteStackAddressOp
rewriteAllocaOprewriteStackAddressOp
rewriteAllocaOprewriteStackAddressOp
rewriteAllocaOprewriteStackAddressOp
rewriteAllocaOprewriteStackAddressOp
rewriteAllocaOprewriteStackAddressOp
rewriteAllocaOprewriteStackAddressOp
rewriteAllocaOprewriteStackAddressOp
rewriteAllocaOprewriteStackAddressOp
rewriteAllocaOprewriteStackAddressOp
rewriteAllocaOprewriteStackAddressOp

          Number of rewrites                              14
        Simplifier
          Number of moved ops                              0
          Number of rewrites                             166
        Simplifier
          Number of moved ops                              0
          Number of rewrites                             145
        ToASC Analyser
          Memcpy/memset found                             no
        Byte-Based Memory Creator
        Instantiation-Based ToASC Simplifier
        Simplifier
        FP Abstraction
          Number of rewrites                              44

Abstracted floating point operations.  The result might be a false positive.

        Simplifier
          Number of moved ops                              0
          Number of rewrites                               0
                                                           0 sec [DONE]
        
      28 assertions remain after transformations (27 no_back_edge, 1 custom).
after rewriteFormula
after sanityCheckFormula

      Running SMT solver (STP with MiniSat) ...