runJobCommand
arguents: child
arguents: job
arguents: mode
Careful, HavocLimit is not zero. Call Abstraction is activated
handleJobInSeparateProcess0

Checking job 3616 ...about to run job:
preconNumber: 0, 0

  Running Model Checker with 1 checks ...try
try ready

    SMTSolver : stp
    CallStackBound : 0
    StopEncodingAfterCheckLoop : 0
    LoopUnrollBound : 1
    HavocLimit : 1
    PreconditionNumber : 0
    PreconditionLocation : jobs/3616
    TimeOut : 600
    InitializedGlobals : false
    IgnoreMissingFunctions : false
    StopEncodingAfterCheck : false
    OverApproxVaArgs : false
    PreconditionCheckMemory : false
    PreconditionOnlyArguments : trueI [0] lib/ModelChecker/Verifier.cpp:247 | EntryPoint : insertCell
m_checker->run()

    Performing bounded model checking ...
      Performing pre-transformations on LLVM IR ...        0 sec [DONE]
        
      Performing logical encoding ...Current: insertCell Havoced: sqlite3PagerWrite
Current: insertCell Havoced: allocateSpace
isMemcpy:   call void @llvm.memcpy.p0i8.p0i8.i64(i8* %53, i8* %arg2, i64 %54, i32 1, i1 false), !dbg !5714
isMemcpy:   call void @llvm.memcpy.p0i8.p0i8.i64(i8* %44, i8* %45, i64 %47, i32 1, i1 false), !dbg !5705
Current: insertCell Havoced: sqlite3Put4byte
isMemmove:   call void @llvm.memmove.p0i8.p0i8.i64(i8* %60, i8* %59, i64 %66, i32 1, i1 false), !dbg !5725
Current: insertCell Havoced: ptrmapPutOvflPtr
isMemcpy:   call void @llvm.memcpy.p0i8.p0i8.i64(i8* %arg4, i8* %arg2, i64 %10, i32 1, i1 false), !dbg !5651
Current: insertCell Havoced: sqlite3Put4byte
                      0 sec [DONE]
        Number of expressions:                        155280
        after encoding

      1 assertion before transformations (1 custom).

      Performing formula transformations ...
        Simplifier
          Number of rewrites                            3455
        Fixed Memory Address Assigner
          Number of moved ops                              0
          Number of rewrites                            5208
        Simplifier
          Number of moved ops                              0
          Number of rewrites                           72606
        Memory Model Encoder
          Number of moved ops                              0rewriteAllocaOprewriteStackAddressOp

          Number of rewrites                               1
        Simplifier
          Number of moved ops                              0
          Number of rewrites                               3
        Simplifier
          Number of moved ops                              0
          Number of rewrites                             142
        ToASC Analyser
          Memcpy/memset found                            yes
        Byte-Based Memory Creator
          Number of rewrites                            8934
        Instantiation-Based ToASC Simplifier
          Number of rewrites                               4
        Simplifier
          Number of moved ops                            200
          Number of rewrites                           23110
        FP Abstraction
          Number of rewrites                              22

Abstracted floating point operations.  The result might be a false positive.

        Simplifier
          Number of moved ops                              0
          Number of rewrites                               0
                                                           0 sec [DONE]
        
      1 assertion remains after transformations (1 custom).
after rewriteFormula
after sanityCheckFormula

      Running SMT solver (STP with MiniSat) ...