runJobCommand
arguents: child
arguents: job
arguents: mode
Careful, HavocLimit is not zero. Call Abstraction is activated
handleJobInSeparateProcess0

Checking job 3408 ...about to run job:
preconNumber: 0, 0

  Running Model Checker with 1 checks ...try
try ready

    SMTSolver : stp
    CallStackBound : 0
    StopEncodingAfterCheckLoop : 0
    LoopUnrollBound : 1
    HavocLimit : 1
    PreconditionNumber : 0
    PreconditionLocation : jobs/3408
    TimeOut : 600
    InitializedGlobals : false
    IgnoreMissingFunctions : false
    StopEncodingAfterCheck : false
    OverApproxVaArgs : false
    PreconditionCheckMemory : false
    PreconditionOnlyArguments : trueI [1] lib/ModelChecker/Verifier.cpp:247 | EntryPoint : autoVacuumCommit
m_checker->run()

    Performing bounded model checking ...
      Unrolling loop in function "autoVacuumCommit" for 1 iterations succeeded.
      Transformed "autoVacuumCommit" from 23 to 28 basic blocks and from 126 to 144 instructions
      Performing pre-transformations on LLVM IR ...        0 sec [DONE]
        
      Performing logical encoding ...Current: autoVacuumCommit Havoced: invalidateAllOverflowCache
Current: autoVacuumCommit Havoced: btreePagecount
Current: autoVacuumCommit Havoced: ptrmapPageno
Current: autoVacuumCommit Havoced: sqlite3Get4byte
Current: autoVacuumCommit Havoced: finalDbSize
Current: autoVacuumCommit Havoced: saveAllCursors
Current: autoVacuumCommit Havoced: incrVacuumStep
Current: autoVacuumCommit Havoced: sqlite3PagerWrite
Current: autoVacuumCommit Havoced: sqlite3Put4byte
Current: autoVacuumCommit Havoced: sqlite3Put4byte
Current: autoVacuumCommit Havoced: sqlite3Put4byte
Current: autoVacuumCommit Havoced: sqlite3PagerRollback
Current: autoVacuumCommit Havoced: incrVacuumStep
Current: autoVacuumCommit Havoced: sqlite3CorruptError
Current: autoVacuumCommit Havoced: sqlite3CorruptError
                      0 sec [DONE]
        Number of expressions:                        155298
        after encoding

      2 assertions before transformations (1 no_back_edge, 1 custom).

      Performing formula transformations ...
        Simplifier
          Number of rewrites                            3495
        Fixed Memory Address Assigner
          Number of moved ops                              0
          Number of rewrites                            5208
        Simplifier
          Number of moved ops                              0
          Number of rewrites                           72616
        Memory Model Encoder
          Number of moved ops                              0
          Number of rewrites                               0
        Simplifier
          Number of rewrites                               4
        Simplifier
          Number of moved ops                              0
          Number of rewrites                             142
        ToASC Analyser
          Memcpy/memset found                             no
        Byte-Based Memory Creator
        Instantiation-Based ToASC Simplifier
        Simplifier
        FP Abstraction
          Number of rewrites                              44

Abstracted floating point operations.  The result might be a false positive.

        Simplifier
          Number of moved ops                              0
          Number of rewrites                               0
                                                           0 sec [DONE]
        
      2 assertions remain after transformations (1 no_back_edge, 1 custom).
after rewriteFormula
after sanityCheckFormula

      Running SMT solver (STP with MiniSat) ...            0 sec [DONE]
        
                                                           0 sec [DONE]
      after performing Check
evaluateCheckerResultsViaRefinementLoop
checker.getResult() is Trace
checkOnlyPrecon: 0, size:1
getFailingCheckFor
setCheckToUnsafe
setCheckToUnsafe
Check for floating point traces / abstractions currently deactivated
trying to exclude Assertions for Failing Instruction

    Rerunning SMT solver (STP with MiniSat) ...            0 sec [DONE]
      checker.getResult() is Trace
checkOnlyPrecon: 0, size:1
getFailingCheckFor
setStatusMarkerAccordingToFailingInstruction
BranchInst - LoopBound
trying to exclude Assertions for Failing Instruction

    Rerunning SMT solver (STP with MiniSat) ...            0 sec [DONE]
      getCheckerResultAfterUpdatingMarker
Result is NoTrace

                                                           1 sec [DONE]
    allunsafe
    
                                                           1 sec [DONE]
  