runJobCommand
arguents: child
arguents: job
arguents: mode
handleJobInSeparateProcess0

Checking job 578 ...about to run job:
preconNumber: 0, 0

  Running Model Checker with 1 checks ...E [0] lib/Slicer/LocalDependencyCollector.cpp:75 | check with ID 25 not found in function 'bmi160_set_int_config'
F [0] lib/Frontend/RunJobCommand.cpp:175 | Assertion failed: collecing local dependencies failed
ed
ed
d
ailed
r.cpp:104 | slicing finished
try
try ready

    SMTSolver : stp
    CallStackBound : 0
    StopEncodingAfterCheckLoop : 0
    LoopUnrollBound : 12
    HavocLimit : 0
    PreconditionNumber : 0
    PreconditionLocation : jobs/578
    TimeOut : 300
    InitializedGlobals : false
    IgnoreMissingFunctions : false
    StopEncodingAfterCheck : false
    OverApproxVaArgs : false
    PreconditionCheckMemory : false
    PreconditionOnlyArguments : trueI [0] lib/ModelChecker/Verifier.cpp:247 | EntryPoint : bmi160_set_regs
m_checker->run()

    Performing bounded model checking ...
      Unrolling loop in function "bmi160_set_regs" for 12 iterations succeeded.
      Transformed "bmi160_set_regs" from 5 to 28 basic blocks and from 26 to 173 instructions
      Performing pre-transformations on LLVM IR ...        0 sec [DONE]
        
      Performing logical encoding ...                      0 sec [DONE]
        Number of expressions:                           439
        after encoding

      13 assertions before transformations (1 no_back_edge, 12 custom).

      Performing formula transformations ...
        Simplifier
          Number of rewrites                             260
        Fixed Memory Address Assigner
          Number of moved ops                              0
          Number of rewrites                               4
        Simplifier
          Number of moved ops                              0
          Number of rewrites                               6
        Memory Model Encoder
          Number of moved ops                              1
          Number of rewrites                               0
        Simplifier
          Number of rewrites                              12
        Simplifier
          Number of moved ops                              0
          Number of rewrites                               0
        ToASC Analyser
          Memcpy/memset found                             no
        Byte-Based Memory Creator
        Instantiation-Based ToASC Simplifier
        Simplifier
        FP Abstraction
          Number of rewrites                               0
        Simplifier
          Number of rewrites                               0
                                                           0 sec [DONE]
        
      13 assertions remain after transformations (1 no_back_edge, 12 custom).
after rewriteFormula
after sanityCheckFormula

      Running SMT solver (STP with MiniSat) ...            0 sec [DONE]
        
                                                           0 sec [DONE]
      after performing Check
evaluateCheckerResultsViaRefinementLoop
checker.getResult() is Trace
checkOnlyPrecon: 0, size:1
getFailingCheckFor
setCheckToUnsafe
setCheckToUnsafe
Check for floating point traces / abstractions currently deactivated
trying to exclude Assertions for Failing Instruction

    Rerunning SMT solver (STP with MiniSat) ...            0 sec [DONE]
      checker.getResult() is Trace
checkOnlyPrecon: 0, size:1
getFailingCheckFor
setStatusMarkerAccordingToFailingInstruction
BranchInst - LoopBound
trying to exclude Assertions for Failing Instruction

    Rerunning SMT solver (STP with MiniSat) ...            0 sec [DONE]
      getCheckerResultAfterUpdatingMarker
Result is NoTrace

                                                           0 sec [DONE]
    allunsafe
    
                                                           0 sec [DONE]
  