runJobCommand
arguents: child
arguents: job
arguents: mode
Careful, HavocLimit is not zero. Call Abstraction is activated
handleJobInSeparateProcess0

Checking job 1420 ...about to run job:
preconNumber: 0, 0

  Running Model Checker with 1 checks ...try
try ready

    SMTSolver : stp
    CallStackBound : 0
    StopEncodingAfterCheckLoop : 0
    LoopUnrollBound : 1
    HavocLimit : 2
    PreconditionNumber : 0
    PreconditionLocation : jobs/1420
    TimeOut : 600
    InitializedGlobals : false
    IgnoreMissingFunctions : false
    StopEncodingAfterCheck : false
    OverApproxVaArgs : false
    PreconditionCheckMemory : false
    PreconditionOnlyArguments : trueI [0] lib/ModelChecker/Verifier.cpp:247 | EntryPoint : parseYyyyMmDd
m_checker->run()

    Performing bounded model checking ...
      Unrolling loop in function "parseYyyyMmDd" for 1 iterations succeeded.
      Transformed "parseYyyyMmDd" from 23 to 22 basic blocks
      Performing pre-transformations on LLVM IR ...        0 sec [DONE]
        
      Performing logical encoding ...
        Unrolling loop in function "getDigits" for 1 iterations succeeded.
        Unrolling loop in function "getDigits" for 1 iterations succeeded.
        Transformed "getDigits" from 18 to 19 basic blocks and from 152 to 167 instructions
        Unrolling loop in function "parseHhMmSs" for 1 iterations succeeded.
        Transformed "parseHhMmSs" from 17 to 19 basic blocks and from 132 to 165 instructionsCurrent: parseHhMmSs Havoced: getDigits
Current: parseHhMmSs Havoced: getDigits
Current: parseHhMmSs Havoced: parseTimezone
Current: computeJD Havoced: datetimeError

                                                           0 sec [DONE]
        Number of expressions:                        155912
        after encoding

      5 assertions before transformations (4 no_back_edge, 1 custom).

      Performing formula transformations ...
        Simplifier
          Number of rewrites                            3939
        Fixed Memory Address Assigner
          Number of moved ops                              0
          Number of rewrites                            5208
        Simplifier
          Number of moved ops                              0
          Number of rewrites                           72626
        Memory Model Encoder
          Number of moved ops                              0rewriteAllocaOprewriteStackAddressOp
rewriteAllocaOprewriteStackAddressOp
rewriteAllocaOprewriteStackAddressOp
rewriteAllocaOprewriteStackAddressOp
rewriteAllocaOprewriteStackAddressOp
rewriteAllocaOprewriteStackAddressOp
rewriteAllocaOprewriteStackAddressOp
rewriteAllocaOprewriteStackAddressOp

          Number of rewrites                               8
        Simplifier
          Number of moved ops                              0
          Number of rewrites                            2895
        Simplifier
          Number of moved ops                              0
          Number of rewrites                           69268
        ToASC Analyser
          Memcpy/memset found                             no
        Byte-Based Memory Creator
        Instantiation-Based ToASC Simplifier
        Simplifier
        FP Abstraction
          Number of rewrites                              64

Abstracted floating point operations.  The result might be a false positive.

        Simplifier
          Number of moved ops                              0
          Number of rewrites                               0
                                                           0 sec [DONE]
        
      5 assertions remain after transformations (4 no_back_edge, 1 custom).
after rewriteFormula
after sanityCheckFormula

      Running SMT solver (STP with MiniSat) ...
Current: parseModifier Havoced: computeJD
Current: parseModifier Havoced: computeJD
Current: parseModifier Havoced: clearYMD_HMS_TZ
Current: computeJD Havoced: datetimeError
Current: sqlite3NotPureFunc Havoced: sqlite3_mprintf
Current: sqlite3NotPureFunc Havoced: sqlite3_result_error
Current: sqlite3NotPureFunc Havoced: sqlite3_free
Current: setDateTimeToCurrent Havoced: sqlite3StmtCurrentTime

                                                           0 sec [DONE]
        Number of expressions:                        157094
        after encoding

      5 assertions before transformations (4 no_back_edge, 1 custom).

      Performing formula transformations ...
        Simplifier
          Number of rewrites                            4487
        Fixed Memory Address Assigner
          Number of moved ops                              0
          Number of rewrites                            5208
        Simplifier
          Number of moved ops                              0
          Number of rewrites                           72681
        Memory Model Encoder
          Number of moved ops                              0rewriteAllocaOprewriteStackAddressOp
rewriteAllocaOprewriteStackAddressOp
rewriteAllocaOprewriteStackAddressOp
rewriteAllocaOprewriteStackAddressOp

          Number of rewrites                               4
        Simplifier
          Number of moved ops                              0
          Number of rewrites                              36
        Simplifier
          Number of moved ops                              0
          Number of rewrites                             193
        ToASC Analyser
          Memcpy/memset found                             no
        Byte-Based Memory Creator
        Instantiation-Based ToASC Simplifier
        Simplifier
        FP Abstraction
          Number of rewrites                              93

Abstracted floating point operations.  The result might be a false positive.

        Simplifier
          Number of moved ops                              0
          Number of rewrites                              16
                                                           0 sec [DONE]
        
      5 assertions remain after transformations (4 no_back_edge, 1 custom).
after rewriteFormula
after sanityCheckFormula

      Running SMT solver (STP with MiniSat) ...transformations (8 no_back_edge, 2 custom).
after rewriteFormula
after sanityCheckFormula

      Running SMT solver (STP with MiniSat) ...            0 sec [DONE]
        
                                                           1 sec [DONE]
      after performing Check
evaluateCheckerResultsViaRefinementLoop
checker.getResult() is Trace
checkOnlyPrecon: 0, size:1
getFailingCheckFor
setStatusMarkerAccordingToFailingInstruction
BranchInst - LoopBound
trying to exclude Assertions for Failing Instruction

    Rerunning SMT solver (STP with MiniSat) ...            0 sec [DONE]
      checker.getResult() is Trace
checkOnlyPrecon: 0, size:1
getFailingCheckFor
setStatusMarkerAccordingToFailingInstruction
BranchInst - LoopBound
trying to exclude Assertions for Failing Instruction

    Rerunning SMT solver (STP with MiniSat) ...            0 sec [DONE]
      checker.getResult() is Trace
checkOnlyPrecon: 0, size:1
getFailingCheckFor
setStatusMarkerAccordingToFailingInstruction
BranchInst - LoopBound
trying to exclude Assertions for Failing Instruction

    Rerunning SMT solver (STP with MiniSat) ...            0 sec [DONE]
      checker.getResult() is Trace
checkOnlyPrecon: 0, size:1
getFailingCheckFor
setCheckToUnsafe
setCheckToUnsafe
Check for floating point traces / abstractions currently deactivated
trying to exclude Assertions for Failing Instruction

    Rerunning SMT solver (STP with MiniSat) ...            0 sec [DONE]
      checker.getResult() is Trace
checkOnlyPrecon: 0, size:1
getFailingCheckFor
setStatusMarkerAccordingToFailingInstruction
BranchInst - LoopBound
trying to exclude Assertions for Failing Instruction

    Rerunning SMT solver (STP with MiniSat) ...            0 sec [DONE]
      checker.getResult() is Trace
checkOnlyPrecon: 0, size:1
getFailingCheckFor
setStatusMarkerAccordingToFailingInstruction
BranchInst - LoopBound
trying to exclude Assertions for Failing Instruction

    Rerunning SMT solver (STP with MiniSat) ...            0 sec [DONE]
      getCheckerResultAfterUpdatingMarker
Result is NoTrace

                                                           2 sec [DONE]
    allsafe
    
                                                           2 sec [DONE]
  