runJobCommand
arguents: child
arguents: job
arguents: mode
handleJobInSeparateProcess0

Checking job 2127 ...about to run job:
preconNumber: 5, 1

  Running Model Checker with 1 checks ...try
try ready

    SMTSolver : stp
    CallStackBound : 0
    StopEncodingAfterCheckLoop : 1
    LoopUnrollBound : 1
    HavocLimit : 0
    PreconditionNumber : 5
    PreconditionLocation : jobs/2127
    TimeOut : 600
    InitializedGlobals : false
    IgnoreMissingFunctions : false
    StopEncodingAfterCheck : true
    OverApproxVaArgs : false
    PreconditionCheckMemory : false
    PreconditionOnlyArguments : trueI [0] lib/ModelChecker/Verifier.cpp:247 | EntryPoint : unixRead
m_checker->run()

    Performing bounded model checking ...
      Performing pre-transformations on LLVM IR ...        0 sec [DONE]
        
      Performing logical encoding ...size Alloca: 1
size Alloca: 1
isMemcpy:   call void @llvm.memcpy.p0i8.p0i8.i64(i8* %arg1, i8* %20, i64 %21, i32 1, i1 false), !dbg !5647
-----found check = true
                      0 sec [DONE]
        Number of expressions:                        155059
        after encoding

      1 assertion before transformations (1 custom).

      Performing formula transformations ...
        Simplifier
          Number of rewrites                            3359
        Fixed Memory Address Assigner
          Number of moved ops                              2
          Number of rewrites                            5210
        Simplifier
          Number of moved ops                              2
          Number of rewrites                          282381
        Memory Model Encoder
          Number of moved ops                              0
          Number of rewrites                               0
        Simplifier
          Number of rewrites                               0
        Simplifier
          Number of rewrites                           69268
        ToASC Analyser
          Memcpy/memset found                            yes
        Byte-Based Memory Creator
          Number of rewrites                            8910
        Instantiation-Based ToASC Simplifier
          Number of rewrites                               1
        Simplifier
          Number of moved ops                              0
          Number of rewrites                           23060
        FP Abstraction
          Number of rewrites                              22

Abstracted floating point operations.  The result might be a false positive.

        Simplifier
          Number of moved ops                              0
          Number of rewrites                               0
                                                           0 sec [DONE]
        
      1 assertion remains after transformations (1 custom).
after rewriteFormula
after sanityCheckFormula

      Running SMT solver (STP with MiniSat) ...            0 sec [DONE]
        
                                                           1 sec [DONE]
      after performing Check
evaluateCheckerResultsViaRefinementLoop
checker.getResult() is Trace
checkOnlyPrecon: 0, size:1
getFailingCheckFor
setCheckToUnsafe
setCheckToUnsafe
Check for floating point traces / abstractions currently deactivated
getCheckerResultAfterUpdatingMarker
failingInst:   call void @llbmc.assert(i1 %5, i32 %0)
Preconditions internal: 
i32 %arg2:-1611386393; (i32 %arg2:2683580903)i64 %arg3:-9223372036850984422; (i64 %arg3:9223372036858567194)
 function does not read memory: 0, checkValidLoad:0, checkMemory: 0
function does not read memory 

assumePair: i32 %arg2 = nondef() : -1611386393
assumePair: i64 %arg3 = nondef() : -9223372036850984422

    Rerunning SMT solver (STP with MiniSat) ...            0 sec [DONE]
      failingInst:   call void @llbmc.assert(i1 %5, i32 %0)
Preconditions internal: 
i32 %arg2:-2147483648; (i32 %arg2:2147483648)i64 %arg3:-9223372036854775808; (i64 %arg3:9223372036854775808)
 function does not read memory: 0, checkValidLoad:0, checkMemory: 0
function does not read memory 

assumePair: i32 %arg2 = nondef() : -2147483648
assumePair: i64 %arg3 = nondef() : -9223372036854775808

    Rerunning SMT solver (STP with MiniSat) ...            0 sec [DONE]
      failingInst:   call void @llbmc.assert(i1 %5, i32 %0)
Preconditions internal: 
i32 %arg2:-2147483648; (i32 %arg2:2147483648)i64 %arg3:-9223372036854775806; (i64 %arg3:9223372036854775810)
 function does not read memory: 0, checkValidLoad:0, checkMemory: 0
function does not read memory 

assumePair: i32 %arg2 = nondef() : -2147483648
assumePair: i64 %arg3 = nondef() : -9223372036854775806

    Rerunning SMT solver (STP with MiniSat) ...            0 sec [DONE]
      failingInst:   call void @llbmc.assert(i1 %5, i32 %0)
Preconditions internal: 
i32 %arg2:-2147483648; (i32 %arg2:2147483648)i64 %arg3:-9223372036854775807; (i64 %arg3:9223372036854775809)
 function does not read memory: 0, checkValidLoad:0, checkMemory: 0
function does not read memory 

assumePair: i32 %arg2 = nondef() : -2147483648
assumePair: i64 %arg3 = nondef() : -9223372036854775807

    Rerunning SMT solver (STP with MiniSat) ...            0 sec [DONE]
      failingInst:   call void @llbmc.assert(i1 %5, i32 %0)
Preconditions internal: 
i32 %arg2:-2147483647; (i32 %arg2:2147483649)i64 %arg3:-9223372036854775807; (i64 %arg3:9223372036854775809)
 function does not read memory: 0, checkValidLoad:0, checkMemory: 0
function does not read memory 

assumePair: i32 %arg2 = nondef() : -2147483647
assumePair: i64 %arg3 = nondef() : -9223372036854775807

    Rerunning SMT solver (STP with MiniSat) ...            0 sec [DONE]
      name of function arguments: Writing precondition at: jobs/2127/precondition_unixRead.txt

Generated Preconditions:
[underoverapprox]name of function arguments: 
i32 %arg2:-1611386393; i64 %arg3:-9223372036850984422; 
i32 %arg2:-2147483648; i64 %arg3:-9223372036854775808; 
i32 %arg2:-2147483648; i64 %arg3:-9223372036854775806; 
i32 %arg2:-2147483648; i64 %arg3:-9223372036854775807; 
i32 %arg2:-2147483647; i64 %arg3:-9223372036854775807; 

                                                           2 sec [DONE]
    allunsafe
    
                                                           2 sec [DONE]
  