runJobCommand
arguents: child
arguents: job
arguents: mode
Careful, HavocLimit is not zero. Call Abstraction is activated
handleJobInSeparateProcess0

Checking job 1383 ...about to run job:
preconNumber: 0, 0

  Running Model Checker with 1 checks ...try
try ready

    SMTSolver : stp
    CallStackBound : 0
    StopEncodingAfterCheckLoop : 0
    LoopUnrollBound : 1
    HavocLimit : 2
    PreconditionNumber : 0
    PreconditionLocation : jobs/1383
    TimeOut : 600
    InitializedGlobals : false
    IgnoreMissingFunctions : false
    StopEncodingAfterCheck : false
    OverApproxVaArgs : false
    PreconditionCheckMemory : false
    PreconditionOnlyArguments : trueI [0] lib/ModelChecker/Verifier.cpp:247 | EntryPoint : parseTimezone
m_checker->run()

    Performing bounded model checking ...
      Unrolling loop in function "parseTimezone" for 1 iterations succeeded.
      Unrolling loop in function "parseTimezone" for 1 iterations succeeded.
      Transformed "parseTimezone" from 20 to 18 basic blocks
      Performing pre-transformations on LLVM IR ...        0 sec [DONE]
        
      Performing logical encoding ...
        Unrolling loop in function "getDigits" for 1 iterations succeeded.
        Unrolling loop in function "getDigits" for 1 iterations succeeded.
        Transformed "getDigits" from 18 to 19 basic blocks and from 152 to 167 instructions
                                                           0 sec [DONE]
        Number of expressions:                        155438
        after encoding

      5 assertions before transformations (4 no_back_edge, 1 custom).

      Performing formula transformations ...
        Simplifier
          Number of rewrites                            3594
        Fixed Memory Address Assigner
          Number of moved ops                              0
          Number of rewrites                            5208
        Simplifier
          Number of moved ops                              0
          Number of rewrites                           72617
        Memory Model Encoder
          Number of moved ops                              0rewriteAllocaOprewriteStackAddressOp
rewriteAllocaOprewriteStackAddressOp
rewriteAllocaOprewriteStackAddressOp
rewriteAllocaOprewriteStackAddressOp

          Number of rewrites                               4
        Simplifier
          Number of moved ops                              0
          Number of rewrites                              60
        Simplifier
          Number of moved ops                              0
          Number of rewrites                             142
        ToASC Analyser
          Memcpy/memset found                             no
        Byte-Based Memory Creator
        Instantiation-Based ToASC Simplifier
        Simplifier
        FP Abstraction
          Number of rewrites                              44

Abstracted floating point operations.  The result might be a false positive.

        Simplifier
          Number of moved ops                              0
          Number of rewrites                               0
                                                           0 sec [DONE]
        
      5 assertions remain after transformations (4 no_back_edge, 1 custom).
after rewriteFormula
after sanityCheckFormula

      Running SMT solver (STP with MiniSat) ...ive.

        Simplifier
          Number of moved ops                              0
          Number of rewrites                               0
                                                           0 sec [DONE]
        
      9 assertions remain after transformations (7 no_back_edge, 2 custom).
after rewriteFormula
after sanityCheckFormula

      Running SMT solver (STP with MiniSat) ...niSat) ...