runJobCommand
arguents: child
arguents: job
arguents: mode
Careful, HavocLimit is not zero. Call Abstraction is activated
handleJobInSeparateProcess0

Checking job 628 ...about to run job:
preconNumber: 0, 0

  Running Model Checker with 1 checks ...try
try ready

    SMTSolver : stp
    CallStackBound : 0
    StopEncodingAfterCheckLoop : 0
    LoopUnrollBound : 1
    HavocLimit : 2
    PreconditionNumber : 0
    PreconditionLocation : jobs/628
    TimeOut : 600
    InitializedGlobals : false
    IgnoreMissingFunctions : false
    StopEncodingAfterCheck : false
    OverApproxVaArgs : false
    PreconditionCheckMemory : false
    PreconditionOnlyArguments : trueI [1] lib/ModelChecker/Verifier.cpp:247 | EntryPoint : idxRemFunc
m_checker->run()

    Performing bounded model checking ...
      Transformed "idxRemFunc" from 25 to 38 basic blocks and from 135 to 159 instructions
      Performing pre-transformations on LLVM IR ...        0 sec [DONE]
        
      Performing logical encoding ...Current: sqlite3_value_int Havoced: sqlite3VdbeIntValue
Current: sqlite3_result_blob Havoced: setResultStrOrError
Current: sqlite3_result_text Havoced: setResultStrOrError
Current: sqlite3_result_double Havoced: sqlite3VdbeMemSetDouble
Current: sqlite3_result_int64 Havoced: sqlite3VdbeMemSetInt64
Current: sqlite3_value_bytes Havoced: sqlite3ValueBytes
Current: sqlite3_realloc Havoced: sqlite3_initialize
Current: sqlite3_realloc Havoced: sqlite3Realloc
Current: sqlite3_value_text Havoced: sqlite3ValueText
isMemcpy:   call void @llvm.memcpy.p0i8.p0i8.i64(i8* %65, i8* %68, i64 %69, i32 1, i1 false), !dbg !5724
Current: sqlite3_value_blob Havoced: sqlite3_value_text
Current: sqlite3_value_blob Havoced: sqlite3VdbeMemExpandBlob
isMemcpy:   call void @llvm.memcpy.p0i8.p0i8.i64(i8* %59, i8* %62, i64 %63, i32 1, i1 false), !dbg !5717
Current: sqlite3_result_error_nomem Havoced: sqlite3VdbeMemSetNull
Current: sqlite3_result_error_nomem Havoced: sqlite3OomFault
Current: sqlite3_value_double Havoced: sqlite3VdbeRealValue
Current: sqlite3_value_int64 Havoced: sqlite3VdbeIntValue
                      0 sec [DONE]
        Number of expressions:                        155633
        after encoding

      5 assertions before transformations (3 custom, 2 no_unreachable_executed).

      Performing formula transformations ...
        Simplifier
          Number of rewrites                            3710
        Fixed Memory Address Assigner
          Number of moved ops                              0
          Number of rewrites                            5208
        Simplifier
          Number of moved ops                              0
          Number of rewrites                           72615
        Memory Model Encoder
          Number of moved ops                              0
          Number of rewrites                               0
        Simplifier
          Number of rewrites                              12
        Simplifier
          Number of moved ops                              0
          Number of rewrites                             142
        ToASC Analyser
          Memcpy/memset found                            yes
        Byte-Based Memory Creator
          Number of rewrites                            8971
        Instantiation-Based ToASC Simplifier
          Number of rewrites                               2
        Simplifier
          Number of moved ops                              0
          Number of rewrites                           23106
        FP Abstraction
          Number of rewrites                              24

Abstracted floating point operations.  The result might be a false positive.

        Simplifier
          Number of moved ops                              0
          Number of rewrites                               0
                                                           0 sec [DONE]
        
      5 assertions remain after transformations (3 custom, 2 no_unreachable_executed).
after rewriteFormula
after sanityCheckFormula

      Running SMT solver (STP with MiniSat) ...