runJobCommand
arguents: child
arguents: job
arguents: mode
Careful, HavocLimit is not zero. Call Abstraction is activated
handleJobInSeparateProcess0

Checking job 6689 ...about to run job:
preconNumber: 0, 0

  Running Model Checker with 1 checks ...try
try ready

    SMTSolver : stp
    CallStackBound : 0
    StopEncodingAfterCheckLoop : 0
    LoopUnrollBound : 1
    HavocLimit : 2
    PreconditionNumber : 0
    PreconditionLocation : jobs/6689
    TimeOut : 600
    InitializedGlobals : false
    IgnoreMissingFunctions : false
    StopEncodingAfterCheck : false
    OverApproxVaArgs : false
    PreconditionCheckMemory : false
    PreconditionOnlyArguments : trueI [0] lib/ModelChecker/Verifier.cpp:247 | EntryPoint : tableAndColumnIndex
m_checker->run()

    Performing bounded model checking ...
      Unrolling loop in function "tableAndColumnIndex" for 1 iterations succeeded.
      Transformed "tableAndColumnIndex" from 12 to 13 basic blocks and from 65 to 70 instructions
      Performing pre-transformations on LLVM IR ...        0 sec [DONE]
        
      Performing logical encoding ...
        Unrolling loop in function "sqlite3ColumnIndex" for 1 iterations succeeded.
        Transformed "sqlite3ColumnIndex" from 9 to 10 basic blocks and from 49 to 57 instructionsCurrent: sqlite3ColumnIndex Havoced: sqlite3StrIHash
Current: sqlite3ColumnIndex Havoced: sqlite3StrICmp

                                                           0 sec [DONE]
        Number of expressions:                        155236
        after encoding

      3 assertions before transformations (2 no_back_edge, 1 custom).

      Performing formula transformations ...
        Simplifier
          Number of rewrites                            3500
        Fixed Memory Address Assigner
          Number of moved ops                              0
          Number of rewrites                            5208
        Simplifier
          Number of moved ops                              0
          Number of rewrites                           72628
        Memory Model Encoder
          Number of moved ops                              0
          Number of rewrites                               0
        Simplifier
          Number of rewrites                               4
        Simplifier
          Number of moved ops                              0
          Number of rewrites                             142
        ToASC Analyser
          Memcpy/memset found                             no
        Byte-Based Memory Creator
        Instantiation-Based ToASC Simplifier
        Simplifier
        FP Abstraction
          Number of rewrites                              44

Abstracted floating point operations.  The result might be a false positive.

        Simplifier
          Number of moved ops                              0
          Number of rewrites                               0
                                                           0 sec [DONE]
        
      3 assertions remain after transformations (2 no_back_edge, 1 custom).
after rewriteFormula
after sanityCheckFormula

      Running SMT solver (STP with MiniSat) ...beCreate
Current: sqlite3OpenTable Havoced: sqlite3TableLock
Current: sqlite3OpenTable Havoced: sqlite3PrimaryKeyIndex
Current: sqlite3OpenTable Havoced: sqlite3VdbeAddOp3
Current: sqlite3OpenTable Havoced: sqlite3VdbeSetP4KeyInfo
Current: sqlite3OpenTable Havoced: sqlite3VdbeAddOp4Int
Current: sqlite3VdbeAddOp1 Havoced: sqlite3VdbeAddOp3

        Unrolling loop in function "sqlite3PrimaryKeyIndex" for 1 iterations succeeded.
        Transformed "sqlite3PrimaryKeyIndex" from 7 to 12 basic blocks and from 27 to 47 instructionsCurrent: sqlite3VdbeAddOp3 Havoced: growOp3
Current: sqlite3VdbeAddOp2 Havoced: sqlite3VdbeAddOp3

        Unrolling loop in function "sqlite3TableColumnToIndex" for 1 iterations succeeded.
        Transformed "sqlite3TableColumnToIndex" from 8 to 9 basic blocks and from 39 to 46 instructionsCurrent: sqlite3ExprCodeGetColumnOfTable Havoced: sqlite3PrimaryKeyIndex
Current: sqlite3ExprCodeGetColumnOfTable Havoced: sqlite3TableColumnToIndex
Current: sqlite3ExprCodeGetColumnOfTable Havoced: sqlite3TableColumnToStorage
Current: sqlite3ExprCodeGetColumnOfTable Havoced: sqlite3VdbeParser
Current: sqlite3ExprCodeGetColumnOfTable Havoced: sqlite3ExprCodeGeneratedColumn
Current: sqlite3ExprCodeGetColumnOfTable Havoced: sqlite3ErrorMsg
Current: sqlite3ExprCodeGetColumnOfTable Havoced: sqlite3VdbeAddOp3
Current: sqlite3ExprCodeGetColumnOfTable Havoced: sqlite3ColumnDefault
Current: sqlite3ExprCodeGetColumnOfTable Havoced: sqlite3VdbeAddOp2
Current: sqlite3ExprCodeGetColumnOfTable Havoced: sqlite3VdbeAddOp3
Current: sqlite3VdbeAddOp2 Havoced: sqlite3VdbeAddOp3
Current: sqlite3VdbeAddOp3 Havoced: growOp3
Current: sqlite3VdbeAddOp3 Havoced: growOp3
Current: sqlite3VdbeAddOp4Int Havoced: sqlite3VdbeAddOp3
Current: sqlite3VdbeAddOp2 Havoced: sqlite3VdbeAddOp3
Current: sqlite3VdbeJumpHere Havoced: sqlite3VdbeChangeP2
Current: sqlite3ErrorMsg Havoced: sqlite3VMPrintf
Current: sqlite3ErrorMsg Havoced: sqlite3DbFree
Current: sqlite3ErrorMsg Havoced: sqlite3DbFree
Current: sqlite3ErrorMsg Havoced: sqlite3VMPrintf
Current: sqlite3ErrorMsg Havoced: sqlite3DbFree
Current: sqlite3ErrorMsg Havoced: sqlite3DbFree
Current: sqlite3ErrorMsg Havoced: sqlite3VMPrintf
Current: sqlite3ErrorMsg Havoced: sqlite3DbFree
Current: sqlite3ErrorMsg Havoced: sqlite3DbFree
Current: sqlite3DbFree Havoced: sqlite3DbFreeNN

        Unrolling loop in function "sqlite3SrcListDelete" for 1 iterations succeeded.
        Transformed "sqlite3SrcListDelete" from 22 to 23 basic blocks and from 105 to 110 instructionsCurrent: sqlite3SrcListDelete Havoced: sqlite3DbFreeNN
Current: sqlite3SrcListDelete Havoced: sqlite3DbFree
Current: sqlite3SrcListDelete Havoced: sqlite3DbFreeNN
Current: sqlite3SrcListDelete Havoced: sqlite3DbFree
Current: sqlite3SrcListDelete Havoced: sqlite3ExprListDelete
Current: sqlite3SrcListDelete Havoced: sqlite3DeleteTable
Current: sqlite3SrcListDelete Havoced: sqlite3SelectDelete
Current: sqlite3SrcListDelete Havoced: sqlite3ExprDelete
Current: sqlite3SrcListDelete Havoced: sqlite3IdListDelete
Current: sqlite3SrcListDelete Havoced: sqlite3DbFreeNN

                                                           0 sec [DONE]
        Number of expressions:                        157542
        after encoding

      9 assertions before transformations (8 no_back_edge, 1 custom).

      Performing formula transformations ...
        Simplifier
          Number of rewrites                            4807
        Fixed Memory Address Assigner
          Number of moved ops                              0
          Number of rewrites                            5208
        Simplifier
          Number of moved ops                              0
          Number of rewrites                           72772
        Memory Model Encoder
          Number of moved ops                              0rewriteAllocaOprewriteStackAddressOp
rewriteAllocaOprewriteStackAddressOp
rewriteAllocaOprewriteStackAddressOp
rewriteAllocaOprewriteStackAddressOp
rewriteAllocaOprewriteStackAddressOp
rewriteAllocaOprewriteStackAddressOp
rewriteAllocaOprewriteStackAddressOp
rewriteAllocaOprewriteStackAddressOp
rewriteAllocaOprewriteStackAddressOp
rewriteAllocaOprewriteStackAddressOp

          Number of rewrites                              10
        Simplifier
          Number of moved ops                              0
          Number of rewrites                              56
        Simplifier
          Number of moved ops                              0
          Number of rewrites                             452
        ToASC Analyser
          Memcpy/memset found                             no
        Byte-Based Memory Creator
        Instantiation-Based ToASC Simplifier
        Simplifier
        FP Abstraction
          Number of rewrites                              44

Abstracted floating point operations.  The result might be a false positive.

        Simplifier
          Number of moved ops                              0
          Number of rewrites                               0
                                                           0 sec [DONE]
        
      9 assertions remain after transformations (8 no_back_edge, 1 custom).
after rewriteFormula
after sanityCheckFormula

      Running SMT solver (STP with MiniSat) ...