runJobCommand
arguents: child
arguents: job
arguents: mode
Careful, HavocLimit is not zero. Call Abstraction is activated
handleJobInSeparateProcess0

Checking job 8219 ...about to run job:
preconNumber: 0, 0

  Running Model Checker with 1 checks ...try
try ready

    SMTSolver : stp
    CallStackBound : 0
    StopEncodingAfterCheckLoop : 0
    LoopUnrollBound : 1
    HavocLimit : 1
    PreconditionNumber : 0
    PreconditionLocation : jobs/8219
    TimeOut : 600
    InitializedGlobals : false
    IgnoreMissingFunctions : false
    StopEncodingAfterCheck : false
    OverApproxVaArgs : false
    PreconditionCheckMemory : false
    PreconditionOnlyArguments : trueI [1] lib/ModelChecker/Verifier.cpp:247 | EntryPoint : sqlite3_initialize
m_checker->run()

    Performing bounded model checking ...
      Performing pre-transformations on LLVM IR ...        0 sec [DONE]
        
      Performing logical encoding ...Current: sqlite3_initialize Havoced: sqlite3MutexInit
Current: sqlite3_initialize Havoced: sqlite3MutexAlloc
Current: sqlite3_initialize Havoced: sqlite3_mutex_enter
Current: sqlite3_initialize Havoced: sqlite3MallocInit
Current: sqlite3_initialize Havoced: sqlite3MutexAlloc
Current: sqlite3_initialize Havoced: sqlite3_mutex_leave
Current: sqlite3_initialize Havoced: sqlite3_mutex_enter
isMemset:   call void @llvm.memset.p0i8.i64(i8* bitcast (%struct.FuncDefHash* @sqlite3BuiltinFunctions to i8*), i8 0, i64 184, i32 8, i1 false), !dbg !5688
Current: sqlite3_initialize Havoced: sqlite3RegisterBuiltinFunctions
Current: sqlite3_initialize Havoced: sqlite3PcacheInitialize
Current: sqlite3_initialize Havoced: sqlite3OsInit
Current: sqlite3_initialize Havoced: sqlite3MemdbInit
Current: sqlite3_initialize Havoced: sqlite3PCacheBufferSetup
Current: sqlite3_initialize Havoced: sqlite3MemoryBarrier
Current: sqlite3_initialize Havoced: sqlite3_mutex_leave
Current: sqlite3_initialize Havoced: sqlite3_mutex_enter
Current: sqlite3_initialize Havoced: sqlite3_mutex_free
Current: sqlite3_initialize Havoced: sqlite3_mutex_leave
Current: sqlite3_initialize Havoced: sqlite3MemoryBarrier
                      0 sec [DONE]
        Number of expressions:                        155343
        after encoding

      1 assertion before transformations (1 custom).

      Performing formula transformations ...
        Simplifier
          Number of rewrites                            3526
        Fixed Memory Address Assigner
          Number of moved ops                             12
          Number of rewrites                            5208
        Simplifier
          Number of moved ops                              0
          Number of rewrites                          142337
        Memory Model Encoder
          Number of moved ops                              0
          Number of rewrites                               0
        Simplifier
          Number of rewrites                               1
        Simplifier
          Number of moved ops                              0
          Number of rewrites                             327
        ToASC Analyser
          Memcpy/memset found                             no
        Byte-Based Memory Creator
        Instantiation-Based ToASC Simplifier
        Simplifier
        FP Abstraction
          Number of rewrites                              44

Abstracted floating point operations.  The result might be a false positive.

        Simplifier
          Number of moved ops                              0
          Number of rewrites                               0
                                                           0 sec [DONE]
        
      1 assertion remains after transformations (1 custom).
after rewriteFormula
after sanityCheckFormula

      Running SMT solver (STP with MiniSat) ...            0 sec [DONE]
        
                                                           0 sec [DONE]
      after performing Check
evaluateCheckerResultsViaRefinementLoop
checker.getResult() is Trace
checkOnlyPrecon: 0, size:1
getFailingCheckFor
setCheckToUnsafe
setCheckToUnsafe
Check for floating point traces / abstractions currently deactivated
trying to exclude Assertions for Failing Instruction

    Rerunning SMT solver (STP with MiniSat) ...            0 sec [DONE]
      getCheckerResultAfterUpdatingMarker
Result is NoTrace

                                                           1 sec [DONE]
    allunsafe
    
                                                           1 sec [DONE]
  