runJobCommand
arguents: child
arguents: job
arguents: mode
Careful, HavocLimit is not zero. Call Abstraction is activated
handleJobInSeparateProcess0

Checking job 5352 ...about to run job:
preconNumber: 0, 0

  Running Model Checker with 1 checks ...try
try ready

    SMTSolver : stp
    CallStackBound : 0
    StopEncodingAfterCheckLoop : 0
    LoopUnrollBound : 1
    HavocLimit : 1
    PreconditionNumber : 0
    PreconditionLocation : jobs/5352
    TimeOut : 600
    InitializedGlobals : false
    IgnoreMissingFunctions : false
    StopEncodingAfterCheck : false
    OverApproxVaArgs : false
    PreconditionCheckMemory : false
    PreconditionOnlyArguments : trueI [0] lib/ModelChecker/Verifier.cpp:247 | EntryPoint : sqlite3CodeRhsOfIN
m_checker->run()

    Performing bounded model checking ...
      Unrolling loop in function "sqlite3CodeRhsOfIN" for 1 iterations succeeded.
      Unrolling loop in function "sqlite3CodeRhsOfIN" for 1 iterations succeeded.
      Transformed "sqlite3CodeRhsOfIN" from 42 to 44 basic blocks and from 334 to 344 instructions
      Performing pre-transformations on LLVM IR ...        0 sec [DONE]
        
      Performing logical encoding ...Current: sqlite3CodeRhsOfIN Havoced: sqlite3VdbeAddOp2
Current: sqlite3CodeRhsOfIN Havoced: sqlite3VdbeAddOp0
Current: sqlite3CodeRhsOfIN Havoced: sqlite3VdbeAddOp0
Current: sqlite3CodeRhsOfIN Havoced: sqlite3VdbeExplain
Current: sqlite3CodeRhsOfIN Havoced: sqlite3VdbeAddOp2
Current: sqlite3CodeRhsOfIN Havoced: sqlite3VdbeAddOp2
Current: sqlite3CodeRhsOfIN Havoced: sqlite3VdbeJumpHere
Current: sqlite3CodeRhsOfIN Havoced: sqlite3ExprVectorSize
Current: sqlite3CodeRhsOfIN Havoced: sqlite3VdbeAddOp2
Current: sqlite3CodeRhsOfIN Havoced: sqlite3KeyInfoAlloc
Current: sqlite3CodeRhsOfIN Havoced: sqlite3ExprAffinity
Current: sqlite3CodeRhsOfIN Havoced: sqlite3ExprCollSeq
Current: sqlite3CodeRhsOfIN Havoced: sqlite3GetTempReg
Current: sqlite3CodeRhsOfIN Havoced: sqlite3GetTempReg
Current: sqlite3CodeRhsOfIN Havoced: sqlite3ExprIsConstant
Current: sqlite3CodeRhsOfIN Havoced: sqlite3VdbeChangeToNoop
Current: sqlite3CodeRhsOfIN Havoced: sqlite3ExprCode
Current: sqlite3CodeRhsOfIN Havoced: sqlite3VdbeAddOp4
Current: sqlite3CodeRhsOfIN Havoced: sqlite3VdbeAddOp4Int
Current: sqlite3CodeRhsOfIN Havoced: sqlite3ReleaseTempReg
Current: sqlite3CodeRhsOfIN Havoced: sqlite3ReleaseTempReg
Current: sqlite3CodeRhsOfIN Havoced: sqlite3VdbeExplain
Current: sqlite3CodeRhsOfIN Havoced: sqlite3SelectDestInit
Current: sqlite3CodeRhsOfIN Havoced: exprINAffinity
Current: sqlite3CodeRhsOfIN Havoced: sqlite3SelectDup
Current: sqlite3CodeRhsOfIN Havoced: sqlite3Select
Current: sqlite3CodeRhsOfIN Havoced: sqlite3SelectDelete
Current: sqlite3CodeRhsOfIN Havoced: sqlite3DbFree
Current: sqlite3CodeRhsOfIN Havoced: sqlite3VectorFieldSubexpr
Current: sqlite3CodeRhsOfIN Havoced: sqlite3BinaryCompareCollSeq
Current: sqlite3CodeRhsOfIN Havoced: sqlite3VdbeChangeP4
Current: sqlite3CodeRhsOfIN Havoced: sqlite3VdbeJumpHere
Current: sqlite3CodeRhsOfIN Havoced: sqlite3VdbeAddOp1
Current: sqlite3CodeRhsOfIN Havoced: sqlite3VdbeCurrentAddr
Current: sqlite3CodeRhsOfIN Havoced: sqlite3VdbeChangeP1
Current: sqlite3CodeRhsOfIN Havoced: sqlite3ClearTempRegCache
Current: sqlite3CodeRhsOfIN Havoced: sqlite3KeyInfoUnref
                      0 sec [DONE]
        Number of expressions:                        155574
        after encoding

      3 assertions before transformations (2 no_back_edge, 1 custom).

      Performing formula transformations ...
        Simplifier
          Number of rewrites                            3615
        Fixed Memory Address Assigner
          Number of moved ops                              0
          Number of rewrites                            5208
        Simplifier
          Number of moved ops                              0
          Number of rewrites                           72624
        Memory Model Encoder
          Number of moved ops                              0rewriteAllocaOprewriteStackAddressOp
rewriteAllocaOprewriteStackAddressOp

          Number of rewrites                               2
        Simplifier
          Number of moved ops                              0
          Number of rewrites                               3
        Simplifier
          Number of moved ops                              0
          Number of rewrites                             142
        ToASC Analyser
          Memcpy/memset found                             no
        Byte-Based Memory Creator
        Instantiation-Based ToASC Simplifier
        Simplifier
        FP Abstraction
          Number of rewrites                              44

Abstracted floating point operations.  The result might be a false positive.

        Simplifier
          Number of moved ops                              0
          Number of rewrites                               0
                                                           0 sec [DONE]
        
      3 assertions remain after transformations (2 no_back_edge, 1 custom).
after rewriteFormula
after sanityCheckFormula

      Running SMT solver (STP with MiniSat) ...