runJobCommand
arguents: child
arguents: job
arguents: mode
Careful, HavocLimit is not zero. Call Abstraction is activated
handleJobInSeparateProcess0

Checking job 1419 ...about to run job:
preconNumber: 0, 0

  Running Model Checker with 1 checks ...try
try ready

    SMTSolver : stp
    CallStackBound : 0
    StopEncodingAfterCheckLoop : 0
    LoopUnrollBound : 1
    HavocLimit : 2
    PreconditionNumber : 0
    PreconditionLocation : jobs/1419
    TimeOut : 600
    InitializedGlobals : false
    IgnoreMissingFunctions : false
    StopEncodingAfterCheck : false
    OverApproxVaArgs : false
    PreconditionCheckMemory : false
    PreconditionOnlyArguments : trueI [0] lib/ModelChecker/Verifier.cpp:247 | EntryPoint : parseYyyyMmDd
m_checker->run()

    Performing bounded model checking ...
      Unrolling loop in function "parseYyyyMmDd" for 1 iterations succeeded.
      Transformed "parseYyyyMmDd" from 23 to 22 basic blocks
      Performing pre-transformations on LLVM IR ...        0 sec [DONE]
        
      Performing logical encoding ...
        Unrolling loop in function "getDigits" for 1 iterations succeeded.
        Unrolling loop in function "getDigits" for 1 iterations succeeded.
        Transformed "getDigits" from 18 to 19 basic blocks and from 152 to 167 instructions
        Unrolling loop in function "parseHhMmSs" for 1 iterations succeeded.
        Transformed "parseHhMmSs" from 17 to 19 basic blocks and from 132 to 165 instructionsCurrent: parseHhMmSs Havoced: getDigits
Current: parseHhMmSs Havoced: getDigits
Current: parseHhMmSs Havoced: parseTimezone
Current: computeJD Havoced: datetimeError

                                                           0 sec [DONE]
        Number of expressions:                        155912
        after encoding

      5 assertions before transformations (4 no_back_edge, 1 custom).

      Performing formula transformations ...
        Simplifier
          Number of rewrites                            3939
        Fixed Memory Address Assigner
          Number of moved ops                              0
          Number of rewrites                            5208
        Simplifier
          Number of moved ops                              0
          Number of rewrites                           72626
        Memory Model Encoder
          Number of moved ops                              0rewriteAllocaOprewriteStackAddressOp
rewriteAllocaOprewriteStackAddressOp
rewriteAllocaOprewriteStackAddressOp
rewriteAllocaOprewriteStackAddressOp
rewriteAllocaOprewriteStackAddressOp
rewriteAllocaOprewriteStackAddressOp
rewriteAllocaOprewriteStackAddressOp
rewriteAllocaOprewriteStackAddressOp

          Number of rewrites                               8
        Simplifier
          Number of moved ops                              0
          Number of rewrites                            2895
        Simplifier
          Number of moved ops                              0
          Number of rewrites                           69268
        ToASC Analyser
          Memcpy/memset found                             no
        Byte-Based Memory Creator
        Instantiation-Based ToASC Simplifier
        Simplifier
        FP Abstraction
          Number of rewrites                              64

Abstracted floating point operations.  The result might be a false positive.

        Simplifier
          Number of moved ops                              0
          Number of rewrites                               0
                                                           0 sec [DONE]
        
      5 assertions remain after transformations (4 no_back_edge, 1 custom).
after rewriteFormula
after sanityCheckFormula

      Running SMT solver (STP with MiniSat) ...recon: 0, size:1
getFailingCheckFor
setStatusMarkerAccordingToFailingInstruction
trying to exclude Assertions for Failing Instruction

    Rerunning SMT solver (STP with MiniSat) ...            0 sec [DONE]
      checker.getResult() is Trace
checkOnlyPrecon: 0, size:1
getFailingCheckFor
setCheckToUnsafe
setCheckToUnsafe
Check for floating point traces / abstractions currently deactivated
trying to exclude Assertions for Failing Instruction

    Rerunning SMT solver (STP with MiniSat) ...            0 sec [DONE]
      getCheckerResultAfterUpdatingMarker
Result is NoTrace

                                                           1 sec [DONE]
    allunsafe
    
                                                           1 sec [DONE]
  meOffset Havoced: computeJD
Current: localtimeOffset Havoced: sqlite3_result_error
Current: sqlite3AtoF Havoced: sqlite3Pow10
Current: sqlite3AtoF Havoced: sqlite3Pow10
Current: computeJD Havoced: datetimeError
Current: computeYMD_HMS Havoced: computeYMD
Current: computeYMD_HMS Havoced: computeHMS
Current: computeYMD_HMS Havoced: computeYMD
Current: computeYMD_HMS Havoced: computeHMS
Current: computeJD Havoced: datetimeError
isMemset:   call void @llvm.memset.p0i8.i64(i8* %183, i8 0, i64 48, i32 8, i1 false), !dbg !5930

        Unrolling loop in function "parseHhMmSs" for 1 iterations succeeded.
        Transformed "parseHhMmSs" from 17 to 19 basic blocks and from 132 to 165 instructionsCurrent: parseHhMmSs Havoced: getDigits
Current: parseHhMmSs Havoced: getDigits
Current: parseHhMmSs Havoced: parseTimezone
Current: computeJD Havoced: datetimeError
Current: computeJD Havoced: datetimeError

                                                           0 sec [DONE]
        Number of expressions:                        163222
        after encoding

      34 assertions before transformations (27 no_back_edge, 7 custom).

      Performing formula transformations ...
        Simplifier
          Number of rewrites                            8726
        Fixed Memory Address Assigner
          Number of moved ops                              0
          Number of rewrites                            5208
        Simplifier
          Number of moved ops                              0
          Number of rewrites                           73047
        Memory Model Encoder
          Number of moved ops                              0rewriteAllocaOprewriteStackAddressOp
rewriteAllocaOprewriteStackAddressOp
rewriteAllocaOprewriteStackAddressOp
rewriteAllocaOprewriteStackAddressOp
rewriteAllocaOprewriteStackAddressOp
rewriteAllocaOprewriteStackAddressOp
rewriteAllocaOprewriteStackAddressOp
rewriteAllocaOprewriteStackAddressOp
rewriteAllocaOprewriteStackAddressOp
rewriteAllocaOprewriteStackAddressOp
rewriteAllocaOprewriteStackAddressOp
rewriteAllocaOprewriteStackAddressOp
rewriteAllocaOprewriteStackAddressOp
rewriteAllocaOprewriteStackAddressOp
rewriteAllocaOprewriteStackAddressOp
rewriteAllocaOprewriteStackAddressOp
rewriteAllocaOprewriteStackAddressOp
rewriteAllocaOprewriteStackAddressOp

          Number of rewrites                              18
        Simplifier
          Number of moved ops                              0
          Number of rewrites                          267841
        Simplifier
          Number of moved ops                              0
          Number of rewrites                             512
        ToASC Analyser
          Memcpy/memset found                             no
        Byte-Based Memory Creator
        Instantiation-Based ToASC Simplifier
        Simplifier
        FP Abstraction
          Number of rewrites                             207

Abstracted floating point operations.  The result might be a false positive.

        Simplifier
          Number of moved ops                              0
          Number of rewrites                               8
                                                           0 sec [DONE]
        
      34 assertions remain after transformations (27 no_back_edge, 7 custom).
after rewriteFormula
after sanityCheckFormula

      Running SMT solver (STP with MiniSat) ...size:1
getFailingCheckFor
setStatusMarkerAccordingToFailingInstruction
BranchInst - LoopBound
trying to exclude Assertions for Failing Instruction

    Rerunning SMT solver (STP with MiniSat) ...            0 sec [DONE]
      getCheckerResultAfterUpdatingMarker
Result is NoTrace

                                                           2 sec [DONE]
    allunsafe
    
                                                           2 sec [DONE]
  