runJobCommand
arguents: child
arguents: job
arguents: mode
Careful, HavocLimit is not zero. Call Abstraction is activated
handleJobInSeparateProcess0

Checking job 5994 ...about to run job:
preconNumber: 0, 0

  Running Model Checker with 1 checks ...try
try ready

    SMTSolver : stp
    CallStackBound : 0
    StopEncodingAfterCheckLoop : 0
    LoopUnrollBound : 1
    HavocLimit : 2
    PreconditionNumber : 0
    PreconditionLocation : jobs/5994
    TimeOut : 600
    InitializedGlobals : false
    IgnoreMissingFunctions : false
    StopEncodingAfterCheck : false
    OverApproxVaArgs : false
    PreconditionCheckMemory : false
    PreconditionOnlyArguments : trueI [0] lib/ModelChecker/Verifier.cpp:247 | EntryPoint : sqlite3Reindex
m_checker->run()

    Performing bounded model checking ...
      Performing pre-transformations on LLVM IR ...        0 sec [DONE]
        
      Performing logical encoding ...Current: sqlite3ReadSchema Havoced: sqlite3Init
Current: sqlite3NameFromToken Havoced: sqlite3DbStrNDup
Current: sqlite3NameFromToken Havoced: sqlite3Dequote
Current: sqlite3FindCollSeq Havoced: findCollSeqEntry
Current: sqlite3DbFree Havoced: sqlite3DbFreeNN
Current: sqlite3TwoPartName Havoced: sqlite3FindDb
Current: sqlite3TwoPartName Havoced: sqlite3ErrorMsg
Current: sqlite3TwoPartName Havoced: sqlite3ErrorMsg
Current: sqlite3NameFromToken Havoced: sqlite3DbStrNDup
Current: sqlite3NameFromToken Havoced: sqlite3Dequote

        Unrolling loop in function "sqlite3FindTable" for 1 iterations succeeded.
        Unrolling loop in function "sqlite3FindTable" for 1 iterations succeeded.
        Transformed "sqlite3FindTable" from 46 to 50 basic blocks and from 220 to 237 instructionsCurrent: sqlite3FindTable Havoced: sqlite3HashFind
Current: sqlite3FindTable Havoced: sqlite3HashFind
Current: sqlite3FindTable Havoced: sqlite3HashFind
Current: sqlite3FindTable Havoced: sqlite3_strnicmp
Current: sqlite3FindTable Havoced: sqlite3StrICmp
Current: sqlite3FindTable Havoced: sqlite3StrICmp
Current: sqlite3FindTable Havoced: sqlite3HashFind
Current: sqlite3FindTable Havoced: sqlite3HashFind
Current: sqlite3FindTable Havoced: sqlite3StrICmp
Current: sqlite3FindTable Havoced: sqlite3StrICmp
Current: sqlite3FindTable Havoced: sqlite3HashFind
Current: sqlite3FindTable Havoced: sqlite3_strnicmp
Current: sqlite3FindTable Havoced: sqlite3StrICmp
Current: sqlite3FindTable Havoced: sqlite3HashFind
Current: sqlite3FindTable Havoced: sqlite3StrICmp
Current: sqlite3FindTable Havoced: sqlite3StrICmp
Current: sqlite3FindTable Havoced: sqlite3StrICmp
Current: sqlite3FindTable Havoced: sqlite3HashFind

        Unrolling loop in function "sqlite3FindIndex" for 1 iterations succeeded.
        Transformed "sqlite3FindIndex" from 13 to 15 basic blocks and from 58 to 67 instructionsCurrent: sqlite3FindIndex Havoced: sqlite3DbIsNamed
Current: sqlite3FindIndex Havoced: sqlite3HashFind
Current: sqlite3DbFree Havoced: sqlite3DbFreeNN
Current: sqlite3ErrorMsg Havoced: sqlite3VMPrintf
Current: sqlite3ErrorMsg Havoced: sqlite3DbFree
Current: sqlite3ErrorMsg Havoced: sqlite3DbFree
Current: sqlite3BeginWriteOperation Havoced: sqlite3CodeVerifySchemaAtToplevel
Current: sqlite3RefillIndex Havoced: sqlite3SchemaToIndex
Current: sqlite3RefillIndex Havoced: sqlite3AuthCheck
Current: sqlite3RefillIndex Havoced: sqlite3TableLock
Current: sqlite3RefillIndex Havoced: sqlite3GetVdbe
Current: sqlite3RefillIndex Havoced: sqlite3KeyInfoOfIndex
Current: sqlite3RefillIndex Havoced: sqlite3KeyInfoRef
Current: sqlite3RefillIndex Havoced: sqlite3VdbeAddOp4
Current: sqlite3RefillIndex Havoced: sqlite3OpenTable
Current: sqlite3RefillIndex Havoced: sqlite3VdbeAddOp2
Current: sqlite3RefillIndex Havoced: sqlite3GetTempReg
Current: sqlite3RefillIndex Havoced: sqlite3MultiWrite
Current: sqlite3RefillIndex Havoced: sqlite3GenerateIndexKey
Current: sqlite3RefillIndex Havoced: sqlite3VdbeAddOp2
Current: sqlite3RefillIndex Havoced: sqlite3ResolvePartIdxLabel
Current: sqlite3RefillIndex Havoced: sqlite3VdbeAddOp2
Current: sqlite3RefillIndex Havoced: sqlite3VdbeJumpHere
Current: sqlite3RefillIndex Havoced: sqlite3VdbeAddOp2
Current: sqlite3RefillIndex Havoced: sqlite3VdbeAddOp4
Current: sqlite3RefillIndex Havoced: sqlite3VdbeChangeP5
Current: sqlite3RefillIndex Havoced: sqlite3VdbeAddOp2
Current: sqlite3RefillIndex Havoced: sqlite3MayAbort
Current: sqlite3RefillIndex Havoced: sqlite3VdbeCurrentAddr
Current: sqlite3RefillIndex Havoced: sqlite3VdbeGoto
Current: sqlite3RefillIndex Havoced: sqlite3VdbeCurrentAddr
Current: sqlite3RefillIndex Havoced: sqlite3VdbeAddOp4Int
Current: sqlite3RefillIndex Havoced: sqlite3UniqueConstraint
Current: sqlite3RefillIndex Havoced: sqlite3VdbeJumpHere
Current: sqlite3RefillIndex Havoced: sqlite3VdbeAddOp3
Current: sqlite3RefillIndex Havoced: sqlite3VdbeAddOp1
Current: sqlite3RefillIndex Havoced: sqlite3VdbeAddOp2
Current: sqlite3RefillIndex Havoced: sqlite3VdbeChangeP5
Current: sqlite3RefillIndex Havoced: sqlite3ReleaseTempReg
Current: sqlite3RefillIndex Havoced: sqlite3VdbeAddOp2
Current: sqlite3RefillIndex Havoced: sqlite3VdbeJumpHere
Current: sqlite3RefillIndex Havoced: sqlite3VdbeAddOp1
Current: sqlite3RefillIndex Havoced: sqlite3VdbeAddOp1
Current: sqlite3RefillIndex Havoced: sqlite3VdbeAddOp1

        Unrolling loop in function "reindexTable" for 1 iterations succeeded.
        Transformed "reindexTable" from 10 to 11 basic blocks and from 42 to 45 instructionsCurrent: reindexTable Havoced: collationMatch
Current: reindexTable Havoced: sqlite3SchemaToIndex
Current: reindexTable Havoced: sqlite3BeginWriteOperation
Current: reindexTable Havoced: sqlite3RefillIndex
Current: sqlite3DbFree Havoced: sqlite3DbFreeNN

        Unrolling loop in function "reindexDatabases" for 1 iterations succeeded.
        Unrolling loop in function "reindexDatabases" for 1 iterations succeeded.
        Transformed "reindexDatabases" from 9 to 11 basic blocks and from 54 to 62 instructionsCurrent: reindexDatabases Havoced: reindexTable
Current: sqlite3DbFree Havoced: sqlite3DbFreeNN
Current: reindexDatabases Havoced: reindexTable

                                                           0 sec [DONE]
        Number of expressions:                        156879
        after encoding

      10 assertions before transformations (8 no_back_edge, 2 custom).

      Performing formula transformations ...
        Simplifier
          Number of rewrites                            4404
        Fixed Memory Address Assigner
          Number of moved ops                              0
          Number of rewrites                            5208
        Simplifier
          Number of moved ops                              0
          Number of rewrites                           72676
        Memory Model Encoder
          Number of moved ops                              0rewriteAllocaOprewriteStackAddressOp
rewriteAllocaOprewriteStackAddressOp
rewriteAllocaOprewriteStackAddressOp
rewriteAllocaOprewriteStackAddressOp

          Number of rewrites                               4
        Simplifier
          Number of moved ops                              0
          Number of rewrites                              36
        Simplifier
          Number of moved ops                              0
          Number of rewrites                             142
        ToASC Analyser
          Memcpy/memset found                             no
        Byte-Based Memory Creator
        Instantiation-Based ToASC Simplifier
        Simplifier
        FP Abstraction
          Number of rewrites                              44

Abstracted floating point operations.  The result might be a false positive.

        Simplifier
          Number of moved ops                              0
          Number of rewrites                               0
                                                           0 sec [DONE]
        
      10 assertions remain after transformations (8 no_back_edge, 2 custom).
after rewriteFormula
after sanityCheckFormula

      Running SMT solver (STP with MiniSat) ...