runJobCommand
arguents: child
arguents: job
arguents: mode
handleJobInSeparateProcess0

Checking job 181 ...about to run job:
preconNumber: 5, 1

  Running Model Checker with 1 checks ...try
try ready

    SMTSolver : stp
    CallStackBound : 0
    StopEncodingAfterCheckLoop : 0
    LoopUnrollBound : 12
    HavocLimit : 0
    PreconditionNumber : 5
    PreconditionLocation : jobs/181
    TimeOut : 300
    InitializedGlobals : false
    IgnoreMissingFunctions : false
    StopEncodingAfterCheck : false
    OverApproxVaArgs : false
    PreconditionCheckMemory : false
    PreconditionOnlyArguments : trueI [0] lib/ModelChecker/Verifier.cpp:247 | EntryPoint : mat_backsubs1
m_checker->run()

    Performing bounded model checking ...
      Unrolling loop in function "mat_backsubs1" for 12 iterations succeeded.
      Unrolling loop in function "mat_backsubs1" for 12 iterations succeeded.
      Unrolling loop in function "mat_backsubs1" for 12 iterations succeeded.
      Unrolling loop in function "mat_backsubs1" for 12 iterations succeeded.
      Transformed "mat_backsubs1" from 17 to 703 basic blocks and from 201 to 11821 instructions
      Performing pre-transformations on LLVM IR ...        0 sec [DONE]
        
      Performing logical encoding ...size Alloca: 1
size Alloca: 1
size Alloca: 1
size Alloca: 1
                      0 sec [DONE]
        Number of expressions:                         20771
        after encoding

      27 assertions before transformations (26 no_back_edge, 1 custom).

      Performing formula transformations ...
        Simplifier
          Number of rewrites                            6053
        Fixed Memory Address Assigner
          Number of moved ops                              4
          Number of rewrites                             368
        Simplifier
          Number of moved ops                              4
          Number of rewrites                            5340
        Memory Model Encoder
          Number of moved ops                              0
          Number of rewrites                               0
        Simplifier
          Number of rewrites                               0
        Simplifier
          Number of rewrites                               0
        ToASC Analyser
          Memcpy/memset found                             no
        Byte-Based Memory Creator
        Instantiation-Based ToASC Simplifier
        Simplifier
        FP Abstraction
          Number of rewrites                            1349

Abstracted floating point operations.  The result might be a false positive.

        Simplifier
          Number of rewrites                               0
                                                           0 sec [DONE]
        
      27 assertions remain after transformations (26 no_back_edge, 1 custom).
after rewriteFormula
after sanityCheckFormula

      Running SMT solver (STP with MiniSat) ...            0 sec [DONE]
        
                                                           0 sec [DONE]
      after performing Check
evaluateCheckerResultsViaRefinementLoop
checker.getResult() is Trace
checkOnlyPrecon: 0, size:1
getFailingCheckFor
setStatusMarkerAccordingToFailingInstruction
BranchInst - LoopBound
trying to exclude Assertions for Failing Instruction

    Rerunning SMT solver (STP with MiniSat) ...            0 sec [DONE]
      checker.getResult() is Trace
checkOnlyPrecon: 0, size:1
getFailingCheckFor
setCheckToUnsafe
setCheckToUnsafe
Check for floating point traces / abstractions currently deactivated
getCheckerResultAfterUpdatingMarker
failingInst:   call void @llbmc.assert(i1 %5, i32 %0)
Preconditions internal: 
i32 %arg4:arbitrary; 
 function does not read memory: 0, checkValidLoad:0, checkMemory: 0
function does not read memory 

assumePair: i32 %arg4 = nondef() : 0
error: No matching SMT expression for Op %arg4 (nondef) found!
    Rerunning SMT solver (STP with MiniSat) ...            0 sec [DONE]
      failingInst:   call void @llbmc.assert(i1 %5, i32 %0)
Preconditions internal: 
i32 %arg4:arbitrary; 
 function does not read memory: 0, checkValidLoad:0, checkMemory: 0
function does not read memory 

assumePair: i32 %arg4 = nondef() : 0
error: No matching SMT expression for Op %arg4 (nondef) found!
    Rerunning SMT solver (STP with MiniSat) ...            0 sec [DONE]
      failingInst:   call void @llbmc.assert(i1 %5, i32 %0)
Preconditions internal: 
i32 %arg4:arbitrary; 
 function does not read memory: 0, checkValidLoad:0, checkMemory: 0
function does not read memory 

assumePair: i32 %arg4 = nondef() : 0
error: No matching SMT expression for Op %arg4 (nondef) found!
    Rerunning SMT solver (STP with MiniSat) ...            0 sec [DONE]
      failingInst:   call void @llbmc.assert(i1 %5, i32 %0)
Preconditions internal: 
i32 %arg4:arbitrary; 
 function does not read memory: 0, checkValidLoad:0, checkMemory: 0
function does not read memory 

assumePair: i32 %arg4 = nondef() : 0
error: No matching SMT expression for Op %arg4 (nondef) found!
    Rerunning SMT solver (STP with MiniSat) ...            0 sec [DONE]
      failingInst:   call void @llbmc.assert(i1 %5, i32 %0)
Preconditions internal: 
i32 %arg4:arbitrary; 
 function does not read memory: 0, checkValidLoad:0, checkMemory: 0
function does not read memory 

assumePair: i32 %arg4 = nondef() : 0
error: No matching SMT expression for Op %arg4 (nondef) found!
    Rerunning SMT solver (STP with MiniSat) ...            0 sec [DONE]
      name of function arguments: Writing precondition at: jobs/181/precondition_mat_backsubs1.txt

Generated Preconditions:
[underoverapprox]name of function arguments: 
i32 %arg4:arbitrary; 
i32 %arg4:arbitrary; 
i32 %arg4:arbitrary; 
i32 %arg4:arbitrary; 
i32 %arg4:arbitrary; 

                                                           0 sec [DONE]
    allunsafe
    
                                                           0 sec [DONE]
  