runJobCommand
arguents: child
arguents: job
arguents: mode
Careful, HavocLimit is not zero. Call Abstraction is activated
handleJobInSeparateProcess0

Checking job 4354 ...about to run job:
preconNumber: 0, 0

  Running Model Checker with 1 checks ...try
try ready

    SMTSolver : stp
    CallStackBound : 0
    StopEncodingAfterCheckLoop : 0
    LoopUnrollBound : 1
    HavocLimit : 1
    PreconditionNumber : 0
    PreconditionLocation : jobs/4354
    TimeOut : 600
    InitializedGlobals : false
    IgnoreMissingFunctions : false
    StopEncodingAfterCheck : false
    OverApproxVaArgs : false
    PreconditionCheckMemory : false
    PreconditionOnlyArguments : trueI [0] lib/ModelChecker/Verifier.cpp:247 | EntryPoint : sqlite3VdbeMakeReady
m_checker->run()

    Performing bounded model checking ...
      Unrolling loop in function "sqlite3VdbeMakeReady" for 1 iterations succeeded.
      Transformed "sqlite3VdbeMakeReady" from 24 to 25 basic blocks and from 327 to 330 instructions
      Performing pre-transformations on LLVM IR ...        0 sec [DONE]
        
      Performing logical encoding ...Current: sqlite3VdbeMakeReady Havoced: resolveP2Values
Current: sqlite3VdbeMakeReady Havoced: sqlite3VdbeSetNumCols
Current: sqlite3VdbeMakeReady Havoced: sqlite3VdbeSetNumCols
Current: sqlite3VdbeMakeReady Havoced: sqlite3VdbeSetColName
Current: sqlite3VdbeMakeReady Havoced: allocSpace
Current: sqlite3VdbeMakeReady Havoced: allocSpace
Current: sqlite3VdbeMakeReady Havoced: allocSpace
Current: sqlite3VdbeMakeReady Havoced: allocSpace
Current: sqlite3VdbeMakeReady Havoced: sqlite3DbMallocRawNN
Current: sqlite3VdbeMakeReady Havoced: allocSpace
Current: sqlite3VdbeMakeReady Havoced: allocSpace
Current: sqlite3VdbeMakeReady Havoced: allocSpace
Current: sqlite3VdbeMakeReady Havoced: allocSpace
Current: sqlite3VdbeMakeReady Havoced: initMemArray
Current: sqlite3VdbeMakeReady Havoced: initMemArray
isMemset:   call void @llvm.memset.p0i8.i64(i8* %181, i8 0, i64 %183, i32 8, i1 false), !dbg !5829
Current: sqlite3VdbeMakeReady Havoced: sqlite3VdbeRewind
                      0 sec [DONE]
        Number of expressions:                        155431
        after encoding

      2 assertions before transformations (1 no_back_edge, 1 custom).

      Performing formula transformations ...
        Simplifier
          Number of rewrites                            3511
        Fixed Memory Address Assigner
          Number of moved ops                              0
          Number of rewrites                            5208
        Simplifier
          Number of moved ops                              0
          Number of rewrites                           72645
        Memory Model Encoder
          Number of moved ops                              0rewriteAllocaOprewriteStackAddressOp
rewriteAllocaOprewriteStackAddressOp

          Number of rewrites                               2
        Simplifier
          Number of moved ops                              0
          Number of rewrites                               8
        Simplifier
          Number of moved ops                              0
          Number of rewrites                             142
        ToASC Analyser
          Memcpy/memset found                            yes
        Byte-Based Memory Creator
          Number of rewrites                            8982
        Instantiation-Based ToASC Simplifier
          Number of rewrites                               1
        Simplifier
          Number of moved ops                              0
          Number of rewrites                           23265
        FP Abstraction
          Number of rewrites                              22

Abstracted floating point operations.  The result might be a false positive.

        Simplifier
          Number of moved ops                              0
          Number of rewrites                               0
                                                           0 sec [DONE]
        
      2 assertions remain after transformations (1 no_back_edge, 1 custom).
after rewriteFormula
after sanityCheckFormula

      Running SMT solver (STP with MiniSat) ...