runJobCommand
arguents: child
arguents: job
arguents: mode
Careful, HavocLimit is not zero. Call Abstraction is activated
handleJobInSeparateProcess0

Checking job 2189 ...about to run job:
preconNumber: 0, 0

  Running Model Checker with 1 checks ...try
try ready

    SMTSolver : stp
    CallStackBound : 0
    StopEncodingAfterCheckLoop : 0
    LoopUnrollBound : 1
    HavocLimit : 1
    PreconditionNumber : 0
    PreconditionLocation : jobs/2189
    TimeOut : 600
    InitializedGlobals : false
    IgnoreMissingFunctions : false
    StopEncodingAfterCheck : false
    OverApproxVaArgs : false
    PreconditionCheckMemory : false
    PreconditionOnlyArguments : trueI [0] lib/ModelChecker/Verifier.cpp:247 | EntryPoint : unixShmLock
m_checker->run()

    Performing bounded model checking ...
      Unrolling loop in function "unixShmLock" for 1 iterations succeeded.
      Unrolling loop in function "unixShmLock" for 1 iterations succeeded.
      Unrolling loop in function "unixShmLock" for 1 iterations succeeded.
      Transformed "unixShmLock" from 48 to 52 basic blocks and from 307 to 323 instructions
      Performing pre-transformations on LLVM IR ...        0 sec [DONE]
        
      Performing logical encoding ...Current: unixShmLock Havoced: sqlite3_mutex_enter
Current: unixShmLock Havoced: unixShmSystemLock
Current: unixShmLock Havoced: unixShmSystemLock
Current: unixShmLock Havoced: unixShmSystemLock
isMemset:   call void @llvm.memset.p0i8.i64(i8* %50, i8 0, i64 %52, i32 4, i1 false), !dbg !5702
Current: unixShmLock Havoced: sqlite3_mutex_leave
                      0 sec [DONE]
        Number of expressions:                        155530
        after encoding

      4 assertions before transformations (3 no_back_edge, 1 custom).

      Performing formula transformations ...
        Simplifier
          Number of rewrites                            3641
        Fixed Memory Address Assigner
          Number of moved ops                              0
          Number of rewrites                            5208
        Simplifier
          Number of moved ops                              0
          Number of rewrites                           72639
        Memory Model Encoder
          Number of moved ops                              0
          Number of rewrites                               0
        Simplifier
          Number of rewrites                               0
        Simplifier
          Number of rewrites                             142
        ToASC Analyser
          Memcpy/memset found                            yes
        Byte-Based Memory Creator
          Number of rewrites                            8940
        Instantiation-Based ToASC Simplifier
          Number of rewrites                               1
        Simplifier
          Number of moved ops                             19
          Number of rewrites                           23072
        FP Abstraction
          Number of rewrites                              22

Abstracted floating point operations.  The result might be a false positive.

        Simplifier
          Number of moved ops                              0
          Number of rewrites                               0
                                                           0 sec [DONE]
        
      4 assertions remain after transformations (3 no_back_edge, 1 custom).
after rewriteFormula
after sanityCheckFormula

      Running SMT solver (STP with MiniSat) ...