runJobCommand
arguents: child
arguents: job
arguents: mode
Careful, HavocLimit is not zero. Call Abstraction is activated
handleJobInSeparateProcess0

Checking job 6886 ...about to run job:
preconNumber: 0, 0

  Running Model Checker with 1 checks ...try
try ready

    SMTSolver : stp
    CallStackBound : 0
    StopEncodingAfterCheckLoop : 0
    LoopUnrollBound : 1
    HavocLimit : 1
    PreconditionNumber : 0
    PreconditionLocation : jobs/6886
    TimeOut : 600
    InitializedGlobals : false
    IgnoreMissingFunctions : false
    StopEncodingAfterCheck : false
    OverApproxVaArgs : false
    PreconditionCheckMemory : false
    PreconditionOnlyArguments : trueI [0] lib/ModelChecker/Verifier.cpp:247 | EntryPoint : generateOutputSubroutine
m_checker->run()

    Performing bounded model checking ...
      Transformed "generateOutputSubroutine" from 16 to 22 basic blocks and from 170 to 181 instructions
      Performing pre-transformations on LLVM IR ...        0 sec [DONE]
        
      Performing logical encoding ...Current: generateOutputSubroutine Havoced: sqlite3VdbeCurrentAddr
Current: generateOutputSubroutine Havoced: sqlite3VdbeMakeLabel
Current: generateOutputSubroutine Havoced: sqlite3VdbeAddOp1
Current: generateOutputSubroutine Havoced: sqlite3KeyInfoRef
Current: generateOutputSubroutine Havoced: sqlite3VdbeAddOp4
Current: generateOutputSubroutine Havoced: sqlite3VdbeAddOp3
Current: generateOutputSubroutine Havoced: sqlite3VdbeJumpHere
Current: generateOutputSubroutine Havoced: sqlite3VdbeAddOp3
Current: generateOutputSubroutine Havoced: sqlite3VdbeAddOp2
Current: generateOutputSubroutine Havoced: codeOffset
Current: generateOutputSubroutine Havoced: sqlite3GetTempRange
Current: generateOutputSubroutine Havoced: sqlite3ExprCodeMove
Current: generateOutputSubroutine Havoced: sqlite3VdbeAddOp1
Current: generateOutputSubroutine Havoced: sqlite3GetTempReg
Current: generateOutputSubroutine Havoced: sqlite3GetTempReg
Current: generateOutputSubroutine Havoced: sqlite3VdbeAddOp3
Current: generateOutputSubroutine Havoced: sqlite3VdbeAddOp2
Current: generateOutputSubroutine Havoced: sqlite3VdbeAddOp3
Current: generateOutputSubroutine Havoced: sqlite3VdbeChangeP5
Current: generateOutputSubroutine Havoced: sqlite3ReleaseTempReg
Current: generateOutputSubroutine Havoced: sqlite3ReleaseTempReg
Current: generateOutputSubroutine Havoced: sqlite3GetTempReg
Current: generateOutputSubroutine Havoced: sqlite3VdbeAddOp4
Current: generateOutputSubroutine Havoced: sqlite3VdbeAddOp4Int
Current: generateOutputSubroutine Havoced: sqlite3ReleaseTempReg
Current: generateOutputSubroutine Havoced: sqlite3VdbeAddOp2
Current: generateOutputSubroutine Havoced: sqlite3ExprCodeMove
Current: generateOutputSubroutine Havoced: sqlite3VdbeAddOp2
Current: generateOutputSubroutine Havoced: sqlite3VdbeResolveLabel
Current: generateOutputSubroutine Havoced: sqlite3VdbeAddOp1
                      0 sec [DONE]
        Number of expressions:                        155313
        after encoding

      1 assertion before transformations (1 custom).

      Performing formula transformations ...
        Simplifier
          Number of rewrites                            3462
        Fixed Memory Address Assigner
          Number of moved ops                              0
          Number of rewrites                            5208
        Simplifier
          Number of moved ops                              0
          Number of rewrites                           72606
        Memory Model Encoder
          Number of moved ops                              1
          Number of rewrites                               0
        Simplifier
          Number of rewrites                               1
        Simplifier
          Number of moved ops                              0
          Number of rewrites                             142
        ToASC Analyser
          Memcpy/memset found                             no
        Byte-Based Memory Creator
        Instantiation-Based ToASC Simplifier
        Simplifier
        FP Abstraction
          Number of rewrites                              44

Abstracted floating point operations.  The result might be a false positive.

        Simplifier
          Number of moved ops                              0
          Number of rewrites                               0
                                                           0 sec [DONE]
        
      1 assertion remains after transformations (1 custom).
after rewriteFormula
after sanityCheckFormula

      Running SMT solver (STP with MiniSat) ...            0 sec [DONE]
        
                                                           0 sec [DONE]
      after performing Check
evaluateCheckerResultsViaRefinementLoop
checker.getResult() is Trace
checkOnlyPrecon: 0, size:1
getFailingCheckFor
setCheckToUnsafe
setCheckToUnsafe
Check for floating point traces / abstractions currently deactivated
trying to exclude Assertions for Failing Instruction

    Rerunning SMT solver (STP with MiniSat) ...            0 sec [DONE]
      getCheckerResultAfterUpdatingMarker
Result is NoTrace

                                                           1 sec [DONE]
    allunsafe
    
                                                           1 sec [DONE]
  