runJobCommand
arguents: child
arguents: job
arguents: mode
Careful, HavocLimit is not zero. Call Abstraction is activated
handleJobInSeparateProcess0

Checking job 904 ...about to run job:
preconNumber: 0, 0

  Running Model Checker with 1 checks ...try
try ready

    SMTSolver : stp
    CallStackBound : 0
    StopEncodingAfterCheckLoop : 0
    LoopUnrollBound : 1
    HavocLimit : 1
    PreconditionNumber : 0
    PreconditionLocation : jobs/904
    TimeOut : 600
    InitializedGlobals : false
    IgnoreMissingFunctions : false
    StopEncodingAfterCheck : false
    OverApproxVaArgs : false
    PreconditionCheckMemory : false
    PreconditionOnlyArguments : trueI [0] lib/ModelChecker/Verifier.cpp:247 | EntryPoint : tableColumnList
m_checker->run()

    Performing bounded model checking ...
      Unrolling loop in function "tableColumnList" for 1 iterations succeeded.
      Unrolling loop in function "tableColumnList" for 1 iterations succeeded.
      Unrolling loop in function "tableColumnList" for 1 iterations succeeded.
      Transformed "tableColumnList" from 40 to 43 basic blocks and from 218 to 243 instructions
      Performing pre-transformations on LLVM IR ...        0 sec [DONE]
        
      Performing logical encoding ...Current: tableColumnList Havoced: sqlite3_mprintf
Current: tableColumnList Havoced: sqlite3_prepare_v2
Current: tableColumnList Havoced: sqlite3_free
Current: tableColumnList Havoced: sqlite3_step
Current: tableColumnList Havoced: sqlite3_realloc
Current: tableColumnList Havoced: shell_out_of_memory
Current: tableColumnList Havoced: sqlite3_column_text
Current: tableColumnList Havoced: sqlite3_mprintf
Current: tableColumnList Havoced: sqlite3_column_int
Current: tableColumnList Havoced: sqlite3_column_text
Current: tableColumnList Havoced: sqlite3_stricmp
Current: tableColumnList Havoced: sqlite3_step
Current: tableColumnList Havoced: sqlite3_finalize
Current: tableColumnList Havoced: sqlite3_mprintf
Current: tableColumnList Havoced: sqlite3_prepare_v2
Current: tableColumnList Havoced: sqlite3_free
Current: tableColumnList Havoced: sqlite3_step
Current: tableColumnList Havoced: sqlite3_finalize
Current: tableColumnList Havoced: sqlite3_stricmp
Current: tableColumnList Havoced: sqlite3_table_column_metadata
Current: tableColumnList Havoced: freeColumnList
                      0 sec [DONE]
        Number of expressions:                        155451
        after encoding

      4 assertions before transformations (3 no_back_edge, 1 custom).

      Performing formula transformations ...
        Simplifier
          Number of rewrites                            3654
        Fixed Memory Address Assigner
          Number of moved ops                              0
          Number of rewrites                            5208
        Simplifier
          Number of moved ops                              0
          Number of rewrites                           72646
        Memory Model Encoder
          Number of moved ops                              0rewriteAllocaOprewriteStackAddressOp

          Number of rewrites                               1
        Simplifier
          Number of moved ops                              0
          Number of rewrites                               4
        Simplifier
          Number of moved ops                              0
          Number of rewrites                             142
        ToASC Analyser
          Memcpy/memset found                             no
        Byte-Based Memory Creator
        Instantiation-Based ToASC Simplifier
        Simplifier
        FP Abstraction
          Number of rewrites                              44

Abstracted floating point operations.  The result might be a false positive.

        Simplifier
          Number of moved ops                              0
          Number of rewrites                               0
                                                           0 sec [DONE]
        
      4 assertions remain after transformations (3 no_back_edge, 1 custom).
after rewriteFormula
after sanityCheckFormula

      Running SMT solver (STP with MiniSat) ...