runJobCommand
arguents: child
arguents: job
arguents: mode
Careful, HavocLimit is not zero. Call Abstraction is activated
handleJobInSeparateProcess0

Checking job 6648 ...about to run job:
preconNumber: 0, 0

  Running Model Checker with 1 checks ...try
try ready

    SMTSolver : stp
    CallStackBound : 0
    StopEncodingAfterCheckLoop : 0
    LoopUnrollBound : 1
    HavocLimit : 1
    PreconditionNumber : 0
    PreconditionLocation : jobs/6648
    TimeOut : 600
    InitializedGlobals : false
    IgnoreMissingFunctions : false
    StopEncodingAfterCheck : false
    OverApproxVaArgs : false
    PreconditionCheckMemory : false
    PreconditionOnlyArguments : trueI [0] lib/ModelChecker/Verifier.cpp:247 | EntryPoint : sqlite3InitCallback
m_checker->run()

    Performing bounded model checking ...
      Performing pre-transformations on LLVM IR ...        0 sec [DONE]
        
      Performing logical encoding ...Current: sqlite3InitCallback Havoced: sqlite3FindIndex
Current: sqlite3InitCallback Havoced: sqlite3GetUInt32
Current: sqlite3InitCallback Havoced: sqlite3IndexHasDuplicateRootPage
Current: sqlite3InitCallback Havoced: corruptSchema
Current: sqlite3InitCallback Havoced: corruptSchema
Current: sqlite3InitCallback Havoced: corruptSchema
Current: sqlite3InitCallback Havoced: sqlite3GetUInt32
Current: sqlite3InitCallback Havoced: corruptSchema
Current: sqlite3InitCallback Havoced: sqlite3Prepare
Current: sqlite3InitCallback Havoced: sqlite3_errmsg
Current: sqlite3InitCallback Havoced: corruptSchema
Current: sqlite3InitCallback Havoced: sqlite3OomFault
Current: sqlite3InitCallback Havoced: sqlite3_finalize
Current: sqlite3InitCallback Havoced: corruptSchema
Current: sqlite3InitCallback Havoced: corruptSchema
                      0 sec [DONE]
        Number of expressions:                        155527
        after encoding

      1 assertion before transformations (1 custom).

      Performing formula transformations ...
        Simplifier
          Number of rewrites                            3610
        Fixed Memory Address Assigner
          Number of moved ops                              1
          Number of rewrites                            5208
        Simplifier
          Number of moved ops                              0
          Number of rewrites                           72624
        Memory Model Encoder
          Number of moved ops                              0rewriteAllocaOprewriteStackAddressOp

          Number of rewrites                               1
        Simplifier
          Number of moved ops                              0
          Number of rewrites                               5
        Simplifier
          Number of moved ops                              0
          Number of rewrites                             142
        ToASC Analyser
          Memcpy/memset found                             no
        Byte-Based Memory Creator
        Instantiation-Based ToASC Simplifier
        Simplifier
        FP Abstraction
          Number of rewrites                              44

Abstracted floating point operations.  The result might be a false positive.

        Simplifier
          Number of moved ops                              0
          Number of rewrites                               0
                                                           0 sec [DONE]
        
      1 assertion remains after transformations (1 custom).
after rewriteFormula
after sanityCheckFormula

      Running SMT solver (STP with MiniSat) ...