runJobCommand
arguents: child
arguents: job
arguents: mode
handleJobInSeparateProcess0

Checking job 8230 ...about to run job:
preconNumber: 5, 1

  Running Model Checker with 1 checks ...W [1] lib/Slicer/LocalSlicer.cpp:368 | argument 0 (%struct.LookasideSlot* undef) has pointer type
W [1] lib/Slicer/LocalSlicer.cpp:357 | argument %struct.LookasideSlot* null of call instruction has pointer type
W [1] lib/Slicer/LocalSlicer.cpp:357 | argument %struct.LookasideSlot* null of call instruction has pointer type
W [1] lib/Slicer/LocalSlicer.cpp:357 | argument %struct.LookasideSlot* null of call instruction has pointer type
W [1] lib/Slicer/LocalSlicer.cpp:357 | argument %struct.LookasideSlot* null of call instruction has pointer type
W [1] lib/Slicer/LocalSlicer.cpp:368 | argument 0 (i32* undef) has pointer type
W [1] lib/Slicer/LocalSlicer.cpp:357 | argument %struct.sqlite3* null of call instruction has pointer type
W [1] lib/Slicer/LocalSlicer.cpp:368 | argument 0 (i8* %1) has pointer type
W [1] lib/Slicer/LocalSlicer.cpp:368 | argument 0 (i8* undef) has pointer type
W [1] lib/Slicer/LocalSlicer.cpp:357 | argument i8* null of call instruction has pointer type
W [1] lib/Slicer/LocalSlicer.cpp:495 | unused argument: , qpr.slicing.unused.arg.countLookasideSlots.0
W [1] lib/Slicer/LocalSlicer.cpp:495 | unused argument: , qpr.slicing.unused.arg.sqlite3MallocSize.0
W [1] lib/Slicer/LocalSlicer.cpp:495 | unused argument: , qpr.slicing.unused.arg.sqlite3LookasideUsed.0
W [1] lib/Slicer/LocalSlicer.cpp:495 | unused argument: , qpr.slicing.unused.arg.sqlite3LookasideUsed.1
W [1] lib/Slicer/LocalSlicer.cpp:495 | unused argument: , qpr.slicing.unused.arg.setupLookaside.0
W [1] lib/Slicer/LocalSlicer.cpp:495 | unused argument: , qpr.slicing.unused.arg.setupLookaside.1
I [1] lib/Slicer/LocalSlicer.cpp:104 | slicing finished
try
try ready

    SMTSolver : stp
    CallStackBound : 0
    StopEncodingAfterCheckLoop : 1
    LoopUnrollBound : 1
    HavocLimit : 0
    PreconditionNumber : 5
    PreconditionLocation : jobs/8230
    TimeOut : 600
    InitializedGlobals : false
    IgnoreMissingFunctions : false
    StopEncodingAfterCheck : true
    OverApproxVaArgs : false
    PreconditionCheckMemory : false
    PreconditionOnlyArguments : trueI [1] lib/ModelChecker/Verifier.cpp:247 | EntryPoint : setupLookaside
m_checker->run()

    Performing bounded model checking ...
      Performing pre-transformations on LLVM IR ...        0 sec [DONE]
        
      Performing logical encoding ...size Alloca: 1
size Alloca: 1
-----found check = true
                      0 sec [DONE]
        Number of expressions:                        131007
        after encoding

      1 assertion before transformations (1 custom).

      Performing formula transformations ...
        Simplifier
          Number of rewrites                            2628
        Fixed Memory Address Assigner
          Number of moved ops                              2
          Number of rewrites                            4898
        Simplifier
          Number of moved ops                              2
          Number of rewrites                           61883
        Memory Model Encoder
          Number of moved ops                              0
          Number of rewrites                               0
        Simplifier
          Number of rewrites                               0
        Simplifier
          Number of rewrites                              88
        ToASC Analyser
          Memcpy/memset found                             no
        Byte-Based Memory Creator
        Instantiation-Based ToASC Simplifier
        Simplifier
        FP Abstraction
          Number of rewrites                               0
        Simplifier
          Number of moved ops                              0
          Number of rewrites                               0
                                                           0 sec [DONE]
        
      1 assertion remains after transformations (1 custom).
after rewriteFormula
after sanityCheckFormula

      Running SMT solver (STP with MiniSat) ...            0 sec [DONE]
        
                                                           0 sec [DONE]
      after performing Check
evaluateCheckerResultsViaRefinementLoop
checker.getResult() is Trace
checkOnlyPrecon: 0, size:1
getFailingCheckFor
setCheckToUnsafe
setCheckToUnsafe
Check for floating point traces / abstractions currently deactivated
getCheckerResultAfterUpdatingMarker
failingInst:   call void @llbmc.assert(i1 %4, i32 %0)
Preconditions internal: 
i32 %arg2:82075817; (i32 %arg2:82075817)i32 %arg3:1075106301; (i32 %arg3:1075106301)
 function does not read memory: 0, checkValidLoad:0, checkMemory: 0
function does not read memory 

assumePair: i32 %arg2 = nondef() : 82075817
assumePair: i32 %arg3 = nondef() : 1075106301

    Rerunning SMT solver (STP with MiniSat) ...            0 sec [DONE]
      failingInst:   call void @llbmc.assert(i1 %4, i32 %0)
Preconditions internal: 
i32 %arg2:1073741824; (i32 %arg2:1073741824)i32 %arg3:65536; (i32 %arg3:65536)
 function does not read memory: 0, checkValidLoad:0, checkMemory: 0
function does not read memory 

assumePair: i32 %arg2 = nondef() : 1073741824
assumePair: i32 %arg3 = nondef() : 65536

    Rerunning SMT solver (STP with MiniSat) ...            0 sec [DONE]
      failingInst:   call void @llbmc.assert(i1 %4, i32 %0)
Preconditions internal: 
i32 %arg2:2132536563; (i32 %arg2:2132536563)i32 %arg3:1524553469; (i32 %arg3:1524553469)
 function does not read memory: 0, checkValidLoad:0, checkMemory: 0
function does not read memory 

assumePair: i32 %arg2 = nondef() : 2132536563
assumePair: i32 %arg3 = nondef() : 1524553469

    Rerunning SMT solver (STP with MiniSat) ...            0 sec [DONE]
      failingInst:   call void @llbmc.assert(i1 %4, i32 %0)
Preconditions internal: 
i32 %arg2:191899327; (i32 %arg2:191899327)i32 %arg3:1558202946; (i32 %arg3:1558202946)
 function does not read memory: 0, checkValidLoad:0, checkMemory: 0
function does not read memory 

assumePair: i32 %arg2 = nondef() : 191899327
assumePair: i32 %arg3 = nondef() : 1558202946

    Rerunning SMT solver (STP with MiniSat) ...            0 sec [DONE]
      failingInst:   call void @llbmc.assert(i1 %4, i32 %0)
Preconditions internal: 
i32 %arg2:1714121914; (i32 %arg2:1714121914)i32 %arg3:1476024188; (i32 %arg3:1476024188)
 function does not read memory: 0, checkValidLoad:0, checkMemory: 0
function does not read memory 

assumePair: i32 %arg2 = nondef() : 1714121914
assumePair: i32 %arg3 = nondef() : 1476024188

    Rerunning SMT solver (STP with MiniSat) ...            0 sec [DONE]
      name of function arguments: Writing precondition at: jobs/8230/precondition_setupLookaside.txt

Generated Preconditions:
[underoverapprox]name of function arguments: 
i32 %arg2:82075817; i32 %arg3:1075106301; 
i32 %arg2:1073741824; i32 %arg3:65536; 
i32 %arg2:2132536563; i32 %arg3:1524553469; 
i32 %arg2:191899327; i32 %arg3:1558202946; 
i32 %arg2:1714121914; i32 %arg3:1476024188; 

                                                           2 sec [DONE]
    allunsafe
    
                                                           2 sec [DONE]
  