runJobCommand
arguents: child
arguents: job
arguents: mode
Careful, HavocLimit is not zero. Call Abstraction is activated
handleJobInSeparateProcess0

Checking job 5203 ...about to run job:
preconNumber: 0, 0

  Running Model Checker with 1 checks ...try
try ready

    SMTSolver : stp
    CallStackBound : 0
    StopEncodingAfterCheckLoop : 0
    LoopUnrollBound : 1
    HavocLimit : 2
    PreconditionNumber : 0
    PreconditionLocation : jobs/5203
    TimeOut : 600
    InitializedGlobals : false
    IgnoreMissingFunctions : false
    StopEncodingAfterCheck : false
    OverApproxVaArgs : false
    PreconditionCheckMemory : false
    PreconditionOnlyArguments : trueI [1] lib/ModelChecker/Verifier.cpp:247 | EntryPoint : resolveSelectStep
m_checker->run()

    Performing bounded model checking ...
      Unrolling loop in function "resolveSelectStep" for 1 iterations succeeded.
      Unrolling loop in function "resolveSelectStep" for 1 iterations succeeded.
      Unrolling loop in function "resolveSelectStep" for 1 iterations succeeded.
      Unrolling loop in function "resolveSelectStep" for 1 iterations succeeded.
      Unrolling loop in function "resolveSelectStep" for 1 iterations succeeded.
      Transformed "resolveSelectStep" from 87 to 92 basic blocks and from 472 to 497 instructions
      Performing pre-transformations on LLVM IR ...        0 sec [DONE]
        
      Performing logical encoding ...isMemset:   call void @llvm.memset.p0i8.i64(i8* %35, i8 0, i64 56, i32 8, i1 false), !dbg !5824
Current: sqlite3ResolveExprNames Havoced: sqlite3ExprCheckHeight
Current: sqlite3ResolveExprNames Havoced: sqlite3WalkExpr
Current: sqlite3ResolveSelectNames Havoced: sqlite3WalkSelect

        Unrolling loop in function "sqlite3ResolveExprListNames" for 1 iterations succeeded.
        Transformed "sqlite3ResolveExprListNames" from 16 to 17 basic blocks and from 131 to 138 instructionsCurrent: sqlite3ResolveExprListNames Havoced: sqlite3ExprCheckHeight
Current: sqlite3ResolveExprListNames Havoced: sqlite3WalkExpr
Current: sqlite3ErrorMsg Havoced: sqlite3VMPrintf
Current: sqlite3ErrorMsg Havoced: sqlite3DbFree
Current: sqlite3ErrorMsg Havoced: sqlite3DbFree
Current: sqlite3ResolveExprNames Havoced: sqlite3ExprCheckHeight
Current: sqlite3ResolveExprNames Havoced: sqlite3WalkExpr
Current: sqlite3ResolveExprNames Havoced: sqlite3ExprCheckHeight
Current: sqlite3ResolveExprNames Havoced: sqlite3WalkExpr
Current: sqlite3ResolveExprListNames Havoced: sqlite3ExprCheckHeight
Current: sqlite3ResolveExprListNames Havoced: sqlite3WalkExpr
Current: sqlite3ResolveExprListNames Havoced: sqlite3ExprCheckHeight
Current: sqlite3ResolveExprListNames Havoced: sqlite3WalkExpr
Current: sqlite3ResolveExprListNames Havoced: sqlite3ExprCheckHeight
Current: sqlite3ResolveExprListNames Havoced: sqlite3WalkExpr

        Unrolling loop in function "resolveOrderGroupBy" for 1 iterations succeeded.
        Unrolling loop in function "resolveOrderGroupBy" for 1 iterations succeeded.
        Transformed "resolveOrderGroupBy" from 25 to 27 basic blocks and from 146 to 159 instructionsCurrent: resolveOrderGroupBy Havoced: sqlite3ExprSkipCollateAndLikely
Current: resolveOrderGroupBy Havoced: resolveAsName
Current: resolveOrderGroupBy Havoced: sqlite3ExprIsInteger
Current: resolveOrderGroupBy Havoced: sqlite3ResolveExprNames
Current: resolveOrderGroupBy Havoced: sqlite3ExprCompare
Current: resolveOrderGroupBy Havoced: windowRemoveExprFromSelect
Current: resolveOrderGroupBy Havoced: resolveOutOfRangeError
Current: resolveOrderGroupBy Havoced: sqlite3ResolveOrderGroupBy
Current: resolveOrderGroupBy Havoced: sqlite3ExprSkipCollateAndLikely
Current: resolveOrderGroupBy Havoced: resolveAsName
Current: resolveOrderGroupBy Havoced: sqlite3ExprIsInteger
Current: resolveOrderGroupBy Havoced: sqlite3ResolveExprNames
Current: resolveOrderGroupBy Havoced: sqlite3ExprCompare
Current: resolveOrderGroupBy Havoced: windowRemoveExprFromSelect
Current: resolveOrderGroupBy Havoced: resolveOutOfRangeError
Current: resolveOrderGroupBy Havoced: sqlite3ResolveOrderGroupBy

        Unrolling loop in function "resolveCompoundOrderBy" for 1 iterations succeeded.
        Unrolling loop in function "resolveCompoundOrderBy" for 1 iterations succeeded.
        Unrolling loop in function "resolveCompoundOrderBy" for 1 iterations succeeded.
        Unrolling loop in function "resolveCompoundOrderBy" for 1 iterations succeeded.
        Unrolling loop in function "resolveCompoundOrderBy" for 1 iterations succeeded.
        Unrolling loop in function "resolveCompoundOrderBy" for 1 iterations succeeded.
        Transformed "resolveCompoundOrderBy" from 58 to 101 basic blocks and from 284 to 510 instructionsCurrent: resolveCompoundOrderBy Havoced: sqlite3ExprSkipCollateAndLikely
Current: resolveCompoundOrderBy Havoced: sqlite3ExprIsInteger
Current: resolveCompoundOrderBy Havoced: resolveAsName
Current: resolveCompoundOrderBy Havoced: sqlite3ExprDup
Current: resolveCompoundOrderBy Havoced: resolveOrderByTermToExprList
Current: resolveCompoundOrderBy Havoced: resolveOrderByTermToExprList
Current: resolveCompoundOrderBy Havoced: sqlite3ExprDelete
Current: resolveCompoundOrderBy Havoced: sqlite3Expr
Current: resolveCompoundOrderBy Havoced: sqlite3ExprDelete
Current: resolveCompoundOrderBy Havoced: sqlite3ErrorMsg
Current: resolveCompoundOrderBy Havoced: sqlite3ExprSkipCollateAndLikely
Current: resolveCompoundOrderBy Havoced: sqlite3ExprIsInteger
Current: resolveCompoundOrderBy Havoced: resolveAsName
Current: resolveCompoundOrderBy Havoced: sqlite3ExprDup
Current: resolveCompoundOrderBy Havoced: resolveOrderByTermToExprList
Current: resolveCompoundOrderBy Havoced: resolveOrderByTermToExprList
Current: resolveCompoundOrderBy Havoced: sqlite3ExprDelete
Current: resolveCompoundOrderBy Havoced: sqlite3Expr
Current: resolveCompoundOrderBy Havoced: sqlite3ExprDelete
Current: resolveCompoundOrderBy Havoced: resolveOutOfRangeError
Current: resolveCompoundOrderBy Havoced: sqlite3ErrorMsg
Current: sqlite3SelectWrongNumTermsError Havoced: sqlite3SelectOpName
Current: sqlite3SelectWrongNumTermsError Havoced: sqlite3ErrorMsg
Current: sqlite3SelectWrongNumTermsError Havoced: sqlite3ErrorMsg
Current: sqlite3ErrorMsg Havoced: sqlite3VMPrintf
Current: sqlite3ErrorMsg Havoced: sqlite3DbFree
Current: sqlite3ErrorMsg Havoced: sqlite3DbFree
Current: sqlite3SelectPrep Havoced: sqlite3SelectExpand
Current: sqlite3SelectPrep Havoced: sqlite3ResolveSelectNames
Current: sqlite3SelectPrep Havoced: sqlite3SelectAddTypeInfo

                                                           0 sec [DONE]
        Number of expressions:                        159189
        after encoding

      22 assertions before transformations (21 no_back_edge, 1 custom).

      Performing formula transformations ...
        Simplifier
          Number of rewrites                            5719
        Fixed Memory Address Assigner
          Number of moved ops                              0
          Number of rewrites                            5208
        Simplifier
          Number of moved ops                              0
          Number of rewrites                           72872
        Memory Model Encoder
          Number of moved ops                              0rewriteAllocaOprewriteStackAddressOp
rewriteAllocaOprewriteStackAddressOp
rewriteAllocaOprewriteStackAddressOp
rewriteAllocaOprewriteStackAddressOp
rewriteAllocaOprewriteStackAddressOp
rewriteAllocaOprewriteStackAddressOp
rewriteAllocaOprewriteStackAddressOp
rewriteAllocaOprewriteStackAddressOp
rewriteAllocaOprewriteStackAddressOp
rewriteAllocaOprewriteStackAddressOp
rewriteAllocaOprewriteStackAddressOp
rewriteAllocaOprewriteStackAddressOp
rewriteAllocaOprewriteStackAddressOp
rewriteAllocaOprewriteStackAddressOp
rewriteAllocaOprewriteStackAddressOp
rewriteAllocaOprewriteStackAddressOp

          Number of rewrites                              16
        Simplifier
          Number of moved ops                              0
          Number of rewrites                             337
        Simplifier
          Number of moved ops                              0
          Number of rewrites                             199
        ToASC Analyser
          Memcpy/memset found                             no
        Byte-Based Memory Creator
        Instantiation-Based ToASC Simplifier
        Simplifier
        FP Abstraction
          Number of rewrites                              44

Abstracted floating point operations.  The result might be a false positive.

        Simplifier
          Number of moved ops                              0
          Number of rewrites                               0
                                                           0 sec [DONE]
        
      22 assertions remain after transformations (21 no_back_edge, 1 custom).
after rewriteFormula
after sanityCheckFormula

      Running SMT solver (STP with MiniSat) ...