runJobCommand
arguents: child
arguents: job
arguents: mode
Careful, HavocLimit is not zero. Call Abstraction is activated
handleJobInSeparateProcess0

Checking job 7129 ...about to run job:
preconNumber: 0, 0

  Running Model Checker with 1 checks ...try
try ready

    SMTSolver : stp
    CallStackBound : 0
    StopEncodingAfterCheckLoop : 0
    LoopUnrollBound : 1
    HavocLimit : 2
    PreconditionNumber : 0
    PreconditionLocation : jobs/7129
    TimeOut : 600
    InitializedGlobals : false
    IgnoreMissingFunctions : false
    StopEncodingAfterCheck : false
    OverApproxVaArgs : false
    PreconditionCheckMemory : false
    PreconditionOnlyArguments : trueI [0] lib/ModelChecker/Verifier.cpp:247 | EntryPoint : sqlite3ExprCodeGetColumnOfTable
m_checker->run()

    Performing bounded model checking ...
      Performing pre-transformations on LLVM IR ...        0 sec [DONE]
        
      Performing logical encoding ...
        Unrolling loop in function "sqlite3PrimaryKeyIndex" for 1 iterations succeeded.
        Transformed "sqlite3PrimaryKeyIndex" from 7 to 12 basic blocks and from 27 to 47 instructions
        Unrolling loop in function "sqlite3TableColumnToIndex" for 1 iterations succeeded.
        Transformed "sqlite3TableColumnToIndex" from 8 to 9 basic blocks and from 39 to 46 instructions
        Unrolling loop in function "sqlite3TableColumnToStorage" for 1 iterations succeeded.
        Transformed "sqlite3TableColumnToStorage" from 13 to 14 basic blocks and from 79 to 88 instructionsCurrent: sqlite3ExprCodeGeneratedColumn Havoced: sqlite3VdbeAddOp3
Current: sqlite3ExprCodeGeneratedColumn Havoced: sqlite3ExprCodeCopy
Current: sqlite3ExprCodeGeneratedColumn Havoced: sqlite3VdbeAddOp4
Current: sqlite3ExprCodeGeneratedColumn Havoced: sqlite3VdbeJumpHere
Current: sqlite3ErrorMsg Havoced: sqlite3VMPrintf
Current: sqlite3ErrorMsg Havoced: sqlite3DbFree
Current: sqlite3ErrorMsg Havoced: sqlite3DbFree
Current: sqlite3VdbeAddOp3 Havoced: growOp3
Current: sqlite3ColumnDefault Havoced: sqlite3VdbeDb
Current: sqlite3ColumnDefault Havoced: sqlite3VdbeDb
Current: sqlite3ColumnDefault Havoced: sqlite3ValueFromExpr
Current: sqlite3ColumnDefault Havoced: sqlite3VdbeAppendP4
Current: sqlite3ColumnDefault Havoced: sqlite3VdbeAddOp1
Current: sqlite3VdbeAddOp2 Havoced: sqlite3VdbeAddOp3
Current: sqlite3VdbeAddOp3 Havoced: growOp3

                                                           0 sec [DONE]
        Number of expressions:                        155904
        after encoding

      4 assertions before transformations (3 no_back_edge, 1 custom).

      Performing formula transformations ...
        Simplifier
          Number of rewrites                            3826
        Fixed Memory Address Assigner
          Number of moved ops                              0
          Number of rewrites                            5208
        Simplifier
          Number of moved ops                              0
          Number of rewrites                           72635
        Memory Model Encoder
          Number of moved ops                              0rewriteAllocaOprewriteStackAddressOp
rewriteAllocaOprewriteStackAddressOp
rewriteAllocaOprewriteStackAddressOp

          Number of rewrites                               3
        Simplifier
          Number of moved ops                              0
          Number of rewrites                              21
        Simplifier
          Number of moved ops                              0
          Number of rewrites                             142
        ToASC Analyser
          Memcpy/memset found                             no
        Byte-Based Memory Creator
        Instantiation-Based ToASC Simplifier
        Simplifier
        FP Abstraction
          Number of rewrites                              44

Abstracted floating point operations.  The result might be a false positive.

        Simplifier
          Number of moved ops                              0
          Number of rewrites                               0
                                                           0 sec [DONE]
        
      4 assertions remain after transformations (3 no_back_edge, 1 custom).
after rewriteFormula
after sanityCheckFormula

      Running SMT solver (STP with MiniSat) ...