runJobCommand
arguents: child
arguents: job
arguents: mode
Careful, HavocLimit is not zero. Call Abstraction is activated
handleJobInSeparateProcess0

Checking job 1520 ...about to run job:
preconNumber: 0, 0

  Running Model Checker with 1 checks ...try
try ready

    SMTSolver : stp
    CallStackBound : 0
    StopEncodingAfterCheckLoop : 0
    LoopUnrollBound : 1
    HavocLimit : 1
    PreconditionNumber : 0
    PreconditionLocation : jobs/1520
    TimeOut : 600
    InitializedGlobals : false
    IgnoreMissingFunctions : false
    StopEncodingAfterCheck : false
    OverApproxVaArgs : false
    PreconditionCheckMemory : false
    PreconditionOnlyArguments : trueI [0] lib/ModelChecker/Verifier.cpp:247 | EntryPoint : strftimeFunc
m_checker->run()

    Performing bounded model checking ...
      Unrolling loop in function "strftimeFunc" for 1 iterations succeeded.
      Unrolling loop in function "strftimeFunc" for 1 iterations succeeded.
      Transformed "strftimeFunc" from 54 to 106 basic blocks and from 422 to 534 instructions
      Performing pre-transformations on LLVM IR ...        0 sec [DONE]
        
      Performing logical encoding ...Current: strftimeFunc Havoced: sqlite3_value_text
Current: strftimeFunc Havoced: isDate
Current: strftimeFunc Havoced: sqlite3_context_db_handle
Current: strftimeFunc Havoced: sqlite3DbMallocRawNN
Current: strftimeFunc Havoced: sqlite3_result_error_nomem
Current: strftimeFunc Havoced: sqlite3_result_error_toobig
Current: strftimeFunc Havoced: computeJD
Current: strftimeFunc Havoced: computeYMD_HMS
Current: strftimeFunc Havoced: sqlite3Int64ToText
Current: strftimeFunc Havoced: sqlite3Strlen30
Current: strftimeFunc Havoced: sqlite3_snprintf
Current: strftimeFunc Havoced: sqlite3_snprintf
Current: strftimeFunc Havoced: sqlite3Strlen30
Current: strftimeFunc Havoced: sqlite3_snprintf
Current: strftimeFunc Havoced: sqlite3_snprintf
Current: strftimeFunc Havoced: sqlite3Strlen30
isMemcpy:   call void @llvm.memcpy.p0i8.p0i8.i64(i8* %88, i8* %89, i64 48, i32 8, i1 false), !dbg !5798
Current: strftimeFunc Havoced: computeJD
Current: strftimeFunc Havoced: sqlite3_snprintf
Current: strftimeFunc Havoced: sqlite3_snprintf
Current: strftimeFunc Havoced: sqlite3_snprintf
Current: strftimeFunc Havoced: sqlite3_snprintf
Current: strftimeFunc Havoced: sqlite3_snprintf
Current: strftimeFunc Havoced: sqlite3Strlen30
Current: strftimeFunc Havoced: sqlite3_snprintf
Current: strftimeFunc Havoced: sqlite3_result_text
                      0 sec [DONE]
        Number of expressions:                        156123
        after encoding

      3 assertions before transformations (2 no_back_edge, 1 custom).

      Performing formula transformations ...
        Simplifier
          Number of rewrites                            4017
        Fixed Memory Address Assigner
          Number of moved ops                              0
          Number of rewrites                            5208
        Simplifier
          Number of moved ops                              0
          Number of rewrites                           72635
        Memory Model Encoder
          Number of moved ops                              0rewriteAllocaOprewriteStackAddressOp
rewriteAllocaOprewriteStackAddressOp
rewriteAllocaOprewriteStackAddressOp

          Number of rewrites                               3
        Simplifier
          Number of moved ops                              0
          Number of rewrites                              23
        Simplifier
          Number of moved ops                              0
          Number of rewrites                             239
        ToASC Analyser
          Memcpy/memset found                             no
        Byte-Based Memory Creator
        Instantiation-Based ToASC Simplifier
        Simplifier
        FP Abstraction
          Number of rewrites                              49

Abstracted floating point operations.  The result might be a false positive.

        Simplifier
          Number of moved ops                              0
          Number of rewrites                               2
                                                           0 sec [DONE]
        
      3 assertions remain after transformations (2 no_back_edge, 1 custom).
after rewriteFormula
after sanityCheckFormula

      Running SMT solver (STP with MiniSat) ...            0 sec [DONE]
        
                                                           1 sec [DONE]
      after performing Check
evaluateCheckerResultsViaRefinementLoop
checker.getResult() is Trace
checkOnlyPrecon: 0, size:1
getFailingCheckFor
setStatusMarkerAccordingToFailingInstruction
BranchInst - LoopBound
trying to exclude Assertions for Failing Instruction

    Rerunning SMT solver (STP with MiniSat) ...            0 sec [DONE]
      checker.getResult() is Trace
checkOnlyPrecon: 0, size:1
getFailingCheckFor
setStatusMarkerAccordingToFailingInstruction
BranchInst - LoopBound
trying to exclude Assertions for Failing Instruction

    Rerunning SMT solver (STP with MiniSat) ...            0 sec [DONE]
      getCheckerResultAfterUpdatingMarker
Result is NoTrace

                                                           1 sec [DONE]
    allsafe
    
                                                           1 sec [DONE]
  