runJobCommand
arguents: child
arguents: job
arguents: mode
handleJobInSeparateProcess0

Checking job 208 ...about to run job:
preconNumber: 5, 1

  Running Model Checker with 1 checks ...try
try ready

    SMTSolver : stp
    CallStackBound : 0
    StopEncodingAfterCheckLoop : 0
    LoopUnrollBound : 3
    HavocLimit : 0
    PreconditionNumber : 5
    PreconditionLocation : jobs/208
    TimeOut : 300
    InitializedGlobals : false
    IgnoreMissingFunctions : false
    StopEncodingAfterCheck : false
    OverApproxVaArgs : false
    PreconditionCheckMemory : false
    PreconditionOnlyArguments : trueI [0] lib/ModelChecker/Verifier.cpp:247 | EntryPoint : mat_mymul2
m_checker->run()

    Performing bounded model checking ...
      Unrolling loop in function "mat_mymul2" for 7 iterations succeeded.
      Unrolling loop in function "mat_mymul2" for 3 iterations succeeded.
      Unrolling loop in function "mat_mymul2" for 3 iterations succeeded.
      Unrolling loop in function "mat_mymul2" for 3 iterations succeeded.
      Unrolling loop in function "mat_mymul2" for 3 iterations succeeded.
      Transformed "mat_mymul2" from 21 to 170 basic blocks and from 122 to 1583 instructions
      Performing pre-transformations on LLVM IR ...        0 sec [DONE]
        
      Performing logical encoding ...size Alloca: 1
size Alloca: 1
size Alloca: 1
                      0 sec [DONE]
        Number of expressions:                          8486
        after encoding

      21 assertions before transformations (17 no_back_edge, 4 custom).

      Performing formula transformations ...
        Simplifier
          Number of rewrites                            1561
        Fixed Memory Address Assigner
          Number of moved ops                              3
          Number of rewrites                             367
        Simplifier
          Number of moved ops                              3
          Number of rewrites                            5363
        Memory Model Encoder
          Number of moved ops                              0
          Number of rewrites                               0
        Simplifier
          Number of rewrites                               3
        Simplifier
          Number of moved ops                              0
          Number of rewrites                               0
        ToASC Analyser
          Memcpy/memset found                             no
        Byte-Based Memory Creator
        Instantiation-Based ToASC Simplifier
        Simplifier
        FP Abstraction
          Number of rewrites                             112

Abstracted floating point operations.  The result might be a false positive.

        Simplifier
          Number of rewrites                               0
                                                           0 sec [DONE]
        
      21 assertions remain after transformations (17 no_back_edge, 4 custom).
after rewriteFormula
after sanityCheckFormula

      Running SMT solver (STP with MiniSat) ...            3 sec [DONE]
        
                                                           3 sec [DONE]
      after performing Check
evaluateCheckerResultsViaRefinementLoop
checker.getResult() is Trace
checkOnlyPrecon: 0, size:1
getFailingCheckFor
setStatusMarkerAccordingToFailingInstruction
BranchInst - LoopBound
trying to exclude Assertions for Failing Instruction

    Rerunning SMT solver (STP with MiniSat) ...            3 sec [DONE]
      checker.getResult() is Trace
checkOnlyPrecon: 0, size:1
getFailingCheckFor
setCheckToUnsafe
setCheckToUnsafe
Check for floating point traces / abstractions currently deactivated
getCheckerResultAfterUpdatingMarker
failingInst:   call void @llbmc.assert(i1 %5, i32 %0)
Preconditions internal: 
i16 %arg3:-16390; (i16 %arg3:49146)
 function does not read memory: 0, checkValidLoad:0, checkMemory: 0
function does not read memory 

assumePair: i16 %arg3 = nondef() : -16390

    Rerunning SMT solver (STP with MiniSat) ...            3 sec [DONE]
      failingInst:   br i1 %810, label %bb1.0.2, label %bb.bb11_crit_edge, !dbg !1387, !llvm.loop !1429
Preconditions internal: 
i16 %arg3:21502; (i16 %arg3:21502)
 function does not read memory: 0, checkValidLoad:0, checkMemory: 0
function does not read memory 

assumePair: i16 %arg3 = nondef() : 21502

    Rerunning SMT solver (STP with MiniSat) ...            3 sec [DONE]
      failingInst:   br i1 %810, label %bb1.0.2, label %bb.bb11_crit_edge, !dbg !1387, !llvm.loop !1429
Preconditions internal: 
i16 %arg3:-2055; (i16 %arg3:63481)
 function does not read memory: 0, checkValidLoad:0, checkMemory: 0
function does not read memory 

assumePair: i16 %arg3 = nondef() : -2055

    Rerunning SMT solver (STP with MiniSat) ...            3 sec [DONE]
      failingInst:   call void @llbmc.assert(i1 %5, i32 %0)
Preconditions internal: 
i16 %arg3:-18543; (i16 %arg3:46993)
 function does not read memory: 0, checkValidLoad:0, checkMemory: 0
function does not read memory 

assumePair: i16 %arg3 = nondef() : -18543

    Rerunning SMT solver (STP with MiniSat) ...            3 sec [DONE]
      failingInst:   br i1 %449, label %bb5.0.2.0.1.0.1, label %bb4.bb7_crit_edge.0.1.0.1, !dbg !1405, !llvm.loop !1416
Preconditions internal: 
i16 %arg3:-30581; (i16 %arg3:34955)
 function does not read memory: 0, checkValidLoad:0, checkMemory: 0
function does not read memory 

assumePair: i16 %arg3 = nondef() : -30581

    Rerunning SMT solver (STP with MiniSat) ...            3 sec [DONE]
      name of function arguments: Writing precondition at: jobs/208/precondition_mat_mymul2.txt

Generated Preconditions:
[underoverapprox]name of function arguments: 
i16 %arg3:-16390; 
i16 %arg3:21502; 
i16 %arg3:-2055; 
i16 %arg3:-18543; 
i16 %arg3:-30581; 

                                                          25 sec [DONE]
    allunsafe
    
                                                          25 sec [DONE]
  