runJobCommand
arguents: child
arguents: job
arguents: mode
Careful, HavocLimit is not zero. Call Abstraction is activated
handleJobInSeparateProcess0

Checking job 5766 ...about to run job:
preconNumber: 0, 0

  Running Model Checker with 1 checks ...try
try ready

    SMTSolver : stp
    CallStackBound : 0
    StopEncodingAfterCheckLoop : 0
    LoopUnrollBound : 1
    HavocLimit : 1
    PreconditionNumber : 0
    PreconditionLocation : jobs/5766
    TimeOut : 600
    InitializedGlobals : false
    IgnoreMissingFunctions : false
    StopEncodingAfterCheck : false
    OverApproxVaArgs : false
    PreconditionCheckMemory : false
    PreconditionOnlyArguments : trueI [0] lib/ModelChecker/Verifier.cpp:247 | EntryPoint : createTableStmt
m_checker->run()

    Performing bounded model checking ...
      Unrolling loop in function "createTableStmt" for 1 iterations succeeded.
      Unrolling loop in function "createTableStmt" for 1 iterations succeeded.
      Transformed "createTableStmt" from 15 to 17 basic blocks and from 182 to 200 instructions
      Performing pre-transformations on LLVM IR ...        0 sec [DONE]
        
      Performing logical encoding ...Current: createTableStmt Havoced: identLength
Current: createTableStmt Havoced: identLength
Current: createTableStmt Havoced: sqlite3DbMallocRaw
Current: createTableStmt Havoced: sqlite3_snprintf
Current: createTableStmt Havoced: sqlite3Strlen30
Current: createTableStmt Havoced: identPut
Current: createTableStmt Havoced: sqlite3_snprintf
Current: createTableStmt Havoced: sqlite3Strlen30
Current: createTableStmt Havoced: identPut
Current: createTableStmt Havoced: sqlite3Strlen30
isMemcpy:   call void @llvm.memcpy.p0i8.p0i8.i64(i8* %80, i8* %76, i64 %81, i32 1, i1 false), !dbg !5726
Current: createTableStmt Havoced: sqlite3_snprintf
Current: createTableStmt Havoced: sqlite3OomFault
                      0 sec [DONE]
        Number of expressions:                        155247
        after encoding

      3 assertions before transformations (2 no_back_edge, 1 custom).

      Performing formula transformations ...
        Simplifier
          Number of rewrites                            3454
        Fixed Memory Address Assigner
          Number of moved ops                              0
          Number of rewrites                            5208
        Simplifier
          Number of moved ops                              0
          Number of rewrites                           72609
        Memory Model Encoder
          Number of moved ops                              1rewriteAllocaOprewriteStackAddressOp

          Number of rewrites                               1
        Simplifier
          Number of moved ops                              0
          Number of rewrites                               1
        Simplifier
          Number of moved ops                              0
          Number of rewrites                             142
        ToASC Analyser
          Memcpy/memset found                            yes
        Byte-Based Memory Creator
          Number of rewrites                            8942
        Instantiation-Based ToASC Simplifier
          Number of rewrites                               1
        Simplifier
          Number of moved ops                              0
          Number of rewrites                           23074
        FP Abstraction
          Number of rewrites                              22

Abstracted floating point operations.  The result might be a false positive.

        Simplifier
          Number of moved ops                              0
          Number of rewrites                               0
                                                           0 sec [DONE]
        
      3 assertions remain after transformations (2 no_back_edge, 1 custom).
after rewriteFormula
after sanityCheckFormula

      Running SMT solver (STP with MiniSat) ...