runJobCommand
arguents: child
arguents: job
arguents: mode
handleJobInSeparateProcess0

Checking job 6426 ...about to run job:
preconNumber: 5, 1

  Running Model Checker with 1 checks ...W [1] lib/Slicer/LocalSlicer.cpp:368 | argument 0 (i32* undef) has pointer type
W [1] lib/Slicer/LocalSlicer.cpp:368 | argument 0 (i32* undef) has pointer type
W [1] lib/Slicer/LocalSlicer.cpp:495 | unused argument: , qpr.slicing.unused.arg.sqlite3OpenTableAndIndices.0
W [1] lib/Slicer/LocalSlicer.cpp:495 | unused argument: , qpr.slicing.unused.arg.sqlite3OpenTableAndIndices.1
W [1] lib/Slicer/LocalSlicer.cpp:495 | unused argument: , qpr.slicing.unused.arg.sqlite3OpenTableAndIndices.2
W [1] lib/Slicer/LocalSlicer.cpp:495 | unused argument: , qpr.slicing.unused.arg.sqlite3OpenTableAndIndices.3
W [1] lib/Slicer/LocalSlicer.cpp:495 | unused argument: , qpr.slicing.unused.arg.sqlite3OpenTableAndIndices.5
W [1] lib/Slicer/LocalSlicer.cpp:495 | unused argument: , qpr.slicing.unused.arg.sqlite3OpenTableAndIndices.6
W [1] lib/Slicer/LocalSlicer.cpp:495 | unused argument: , qpr.slicing.unused.arg.sqlite3OpenTableAndIndices.7
I [1] lib/Slicer/LocalSlicer.cpp:104 | slicing finished
try
try ready

    SMTSolver : stp
    CallStackBound : 0
    StopEncodingAfterCheckLoop : 1
    LoopUnrollBound : 1
    HavocLimit : 0
    PreconditionNumber : 5
    PreconditionLocation : jobs/6426
    TimeOut : 600
    InitializedGlobals : false
    IgnoreMissingFunctions : false
    StopEncodingAfterCheck : true
    OverApproxVaArgs : false
    PreconditionCheckMemory : false
    PreconditionOnlyArguments : trueI [1] lib/ModelChecker/Verifier.cpp:247 | EntryPoint : sqlite3OpenTableAndIndices
m_checker->run()

    Performing bounded model checking ...
      Performing pre-transformations on LLVM IR ...        0 sec [DONE]
        
      Performing logical encoding ...size Alloca: 1
size Alloca: 1
size Alloca: 1
size Alloca: 1
size Alloca: 1
-----found check = true
                      0 sec [DONE]
        Number of expressions:                        130918
        after encoding

      1 assertion before transformations (1 custom).

      Performing formula transformations ...
        Simplifier
          Number of rewrites                            2562
        Fixed Memory Address Assigner
          Number of moved ops                              5
          Number of rewrites                            4901
        Simplifier
          Number of moved ops                              5
          Number of rewrites                           61885
        Memory Model Encoder
          Number of moved ops                              0
          Number of rewrites                               0
        Simplifier
          Number of rewrites                               0
        Simplifier
          Number of rewrites                              88
        ToASC Analyser
          Memcpy/memset found                             no
        Byte-Based Memory Creator
        Instantiation-Based ToASC Simplifier
        Simplifier
        FP Abstraction
          Number of rewrites                               0
        Simplifier
          Number of moved ops                              0
          Number of rewrites                               0
                                                           0 sec [DONE]
        
      1 assertion remains after transformations (1 custom).
after rewriteFormula
after sanityCheckFormula

      Running SMT solver (STP with MiniSat) ...            0 sec [DONE]
        
                                                           0 sec [DONE]
      after performing Check
evaluateCheckerResultsViaRefinementLoop
checker.getResult() is Trace
checkOnlyPrecon: 0, size:1
getFailingCheckFor
setCheckToUnsafe
setCheckToUnsafe
Check for floating point traces / abstractions currently deactivated
getCheckerResultAfterUpdatingMarker
failingInst:   call void @llbmc.assert(i1 %2, i32 %0)
Preconditions internal: 
i32 %arg2:arbitrary; i8 %arg3:arbitrary; i32 %arg4:2147483647; (i32 %arg4:2147483647)
 function does not read memory: 0, checkValidLoad:0, checkMemory: 0
function does not read memory 

assumePair: i32 %arg2 = nondef() : 0
error: No matching SMT expression for Op %arg2 (nondef) found!assumePair: i8 %arg3 = nondef() : 0
error: No matching SMT expression for Op %arg3 (nondef) found!assumePair: i32 %arg4 = nondef() : 2147483647

    Rerunning SMT solver (STP with MiniSat) ...            0 sec [DONE]
      failingInst:   call void @llbmc.assert(i1 %2, i32 %0)
Preconditions internal: 
i32 %arg2:arbitrary; i8 %arg3:arbitrary; i32 %arg4:-1; (i32 %arg4:4294967295)
 function does not read memory: 0, checkValidLoad:0, checkMemory: 0
function does not read memory 

assumePair: i32 %arg2 = nondef() : 0
error: No matching SMT expression for Op %arg2 (nondef) found!assumePair: i8 %arg3 = nondef() : 0
error: No matching SMT expression for Op %arg3 (nondef) found!assumePair: i32 %arg4 = nondef() : -1

    Rerunning SMT solver (STP with MiniSat) ...            0 sec [DONE]
      failingInst:   call void @llbmc.assert(i1 %2, i32 %0)
Preconditions internal: 
i32 %arg2:arbitrary; i8 %arg3:arbitrary; i32 %arg4:-536870913; (i32 %arg4:3758096383)
 function does not read memory: 0, checkValidLoad:0, checkMemory: 0
function does not read memory 

assumePair: i32 %arg2 = nondef() : 0
error: No matching SMT expression for Op %arg2 (nondef) found!assumePair: i8 %arg3 = nondef() : 0
error: No matching SMT expression for Op %arg3 (nondef) found!assumePair: i32 %arg4 = nondef() : -536870913

    Rerunning SMT solver (STP with MiniSat) ...            0 sec [DONE]
      failingInst:   call void @llbmc.assert(i1 %2, i32 %0)
Preconditions internal: 
i32 %arg2:arbitrary; i8 %arg3:arbitrary; i32 %arg4:-1073741825; (i32 %arg4:3221225471)
 function does not read memory: 0, checkValidLoad:0, checkMemory: 0
function does not read memory 

assumePair: i32 %arg2 = nondef() : 0
error: No matching SMT expression for Op %arg2 (nondef) found!assumePair: i8 %arg3 = nondef() : 0
error: No matching SMT expression for Op %arg3 (nondef) found!assumePair: i32 %arg4 = nondef() : -1073741825

    Rerunning SMT solver (STP with MiniSat) ...            0 sec [DONE]
      failingInst:   call void @llbmc.assert(i1 %2, i32 %0)
Preconditions internal: 
i32 %arg2:arbitrary; i8 %arg3:arbitrary; i32 %arg4:-2147483645; (i32 %arg4:2147483651)
 function does not read memory: 0, checkValidLoad:0, checkMemory: 0
function does not read memory 

assumePair: i32 %arg2 = nondef() : 0
error: No matching SMT expression for Op %arg2 (nondef) found!assumePair: i8 %arg3 = nondef() : 0
error: No matching SMT expression for Op %arg3 (nondef) found!assumePair: i32 %arg4 = nondef() : -2147483645

    Rerunning SMT solver (STP with MiniSat) ...            0 sec [DONE]
      name of function arguments: Writing precondition at: jobs/6426/precondition_sqlite3OpenTableAndIndices.txt

Generated Preconditions:
[underoverapprox]name of function arguments: 
i32 %arg2:arbitrary; i8 %arg3:arbitrary; i32 %arg4:2147483647; 
i32 %arg2:arbitrary; i8 %arg3:arbitrary; i32 %arg4:-1; 
i32 %arg2:arbitrary; i8 %arg3:arbitrary; i32 %arg4:-536870913; 
i32 %arg2:arbitrary; i8 %arg3:arbitrary; i32 %arg4:-1073741825; 
i32 %arg2:arbitrary; i8 %arg3:arbitrary; i32 %arg4:-2147483645; 

                                                           1 sec [DONE]
    allunsafe
    
                                                           1 sec [DONE]
  