runJobCommand
arguents: child
arguents: job
arguents: mode
Careful, HavocLimit is not zero. Call Abstraction is activated
handleJobInSeparateProcess0

Checking job 6422 ...about to run job:
preconNumber: 0, 0

  Running Model Checker with 1 checks ...try
try ready

    SMTSolver : stp
    CallStackBound : 0
    StopEncodingAfterCheckLoop : 0
    LoopUnrollBound : 1
    HavocLimit : 1
    PreconditionNumber : 0
    PreconditionLocation : jobs/6422
    TimeOut : 600
    InitializedGlobals : false
    IgnoreMissingFunctions : false
    StopEncodingAfterCheck : false
    OverApproxVaArgs : false
    PreconditionCheckMemory : false
    PreconditionOnlyArguments : trueI [0] lib/ModelChecker/Verifier.cpp:247 | EntryPoint : sqlite3CompleteInsertion
m_checker->run()

    Performing bounded model checking ...
      Unrolling loop in function "sqlite3CompleteInsertion" for 1 iterations succeeded.
      Transformed "sqlite3CompleteInsertion" from 32 to 33 basic blocks and from 193 to 199 instructions
      Performing pre-transformations on LLVM IR ...        0 sec [DONE]
        
      Performing logical encoding ...Current: sqlite3CompleteInsertion Havoced: sqlite3VdbeCurrentAddr
Current: sqlite3CompleteInsertion Havoced: sqlite3VdbeAddOp2
Current: sqlite3CompleteInsertion Havoced: sqlite3VdbeAddOp4Int
Current: sqlite3CompleteInsertion Havoced: sqlite3VdbeChangeP5
Current: sqlite3CompleteInsertion Havoced: sqlite3VdbeAddOp3
Current: sqlite3CompleteInsertion Havoced: sqlite3VdbeAppendP4
Current: sqlite3CompleteInsertion Havoced: sqlite3VdbeChangeP5
                      0 sec [DONE]
        Number of expressions:                        155349
        after encoding

      2 assertions before transformations (1 no_back_edge, 1 custom).

      Performing formula transformations ...
        Simplifier
          Number of rewrites                            3565
        Fixed Memory Address Assigner
          Number of moved ops                              0
          Number of rewrites                            5208
        Simplifier
          Number of moved ops                              0
          Number of rewrites                           72616
        Memory Model Encoder
          Number of moved ops                              1
          Number of rewrites                               0
        Simplifier
          Number of rewrites                               1
        Simplifier
          Number of moved ops                              0
          Number of rewrites                             142
        ToASC Analyser
          Memcpy/memset found                             no
        Byte-Based Memory Creator
        Instantiation-Based ToASC Simplifier
        Simplifier
        FP Abstraction
          Number of rewrites                              44

Abstracted floating point operations.  The result might be a false positive.

        Simplifier
          Number of moved ops                              0
          Number of rewrites                               0
                                                           0 sec [DONE]
        
      2 assertions remain after transformations (1 no_back_edge, 1 custom).
after rewriteFormula
after sanityCheckFormula

      Running SMT solver (STP with MiniSat) ...