runJobCommand
arguents: child
arguents: job
arguents: mode
Careful, HavocLimit is not zero. Call Abstraction is activated
handleJobInSeparateProcess0

Checking job 585 ...about to run job:
preconNumber: 0, 0

  Running Model Checker with 1 checks ...try
try ready

    SMTSolver : stp
    CallStackBound : 0
    StopEncodingAfterCheckLoop : 0
    LoopUnrollBound : 1
    HavocLimit : 2
    PreconditionNumber : 0
    PreconditionLocation : jobs/585
    TimeOut : 600
    InitializedGlobals : false
    IgnoreMissingFunctions : false
    StopEncodingAfterCheck : false
    OverApproxVaArgs : false
    PreconditionCheckMemory : false
    PreconditionOnlyArguments : trueI [0] lib/ModelChecker/Verifier.cpp:247 | EntryPoint : expertBestIndex
m_checker->run()

    Performing bounded model checking ...
      Unrolling loop in function "expertBestIndex" for 1 iterations succeeded.
      Unrolling loop in function "expertBestIndex" for 1 iterations succeeded.
      Transformed "expertBestIndex" from 25 to 27 basic blocks and from 215 to 228 instructions
      Performing pre-transformations on LLVM IR ...        0 sec [DONE]
        
      Performing logical encoding ...Current: idxMalloc Havoced: sqlite3_malloc
isMemset:   call void @llvm.memset.p0i8.i64(i8* %5, i8 0, i64 %7, i32 1, i1 false), !dbg !5639
Current: sqlite3_vtab_collation Havoced: sqlite3ExprCompareCollSeq

        Unrolling loop in function "llbmc.strlen" for 0 iterations succeeded.
        Transformed "llbmc.strlen" from 8 to 9 instructionsCurrent: idxNewConstraint Havoced: idxMalloc
isMemcpy:   call void @llvm.memcpy.p0i8.p0i8.i64(i8* %17, i8* %1, i64 %19, i32 1, i1 false), !dbg !5645
Current: idxNewConstraint Havoced: idxMalloc
isMemcpy:   call void @llvm.memcpy.p0i8.p0i8.i64(i8* %17, i8* %1, i64 %19, i32 1, i1 false), !dbg !5645

                                                           0 sec [DONE]
        Number of expressions:                        155726
        after encoding

      13 assertions before transformations (4 no_back_edge, 5 custom, 4 no_unreachable_executed).

      Performing formula transformations ...
        Simplifier
          Number of rewrites                            3776
        Fixed Memory Address Assigner
          Number of moved ops                              0
          Number of rewrites                            5208
        Simplifier
          Number of moved ops                              0
          Number of rewrites                           72638
        Memory Model Encoder
          Number of moved ops                              0rewriteAllocaOprewriteStackAddressOp

          Number of rewrites                               1
        Simplifier
          Number of moved ops                              0
          Number of rewrites                               6
        Simplifier
          Number of moved ops                              0
          Number of rewrites                             150
        ToASC Analyser
          Memcpy/memset found                             no
        Byte-Based Memory Creator
        Instantiation-Based ToASC Simplifier
        Simplifier
        FP Abstraction
          Number of rewrites                              48

Abstracted floating point operations.  The result might be a false positive.

        Simplifier
          Number of moved ops                              0
          Number of rewrites                               0
                                                           0 sec [DONE]
        
      13 assertions remain after transformations (4 no_back_edge, 5 custom, 4 no_unreachable_executed).
after rewriteFormula
after sanityCheckFormula

      Running SMT solver (STP with MiniSat) ...            8 sec [DONE]
        
                                                           9 sec [DONE]
      after performing Check
evaluateCheckerResultsViaRefinementLoop
checker.getResult() is Trace
checkOnlyPrecon: 0, size:1
getFailingCheckFor
setStatusMarkerAccordingToFailingInstruction
BranchInst - LoopBound
trying to exclude Assertions for Failing Instruction

    Rerunning SMT solver (STP with MiniSat) ...            8 sec [DONE]
      checker.getResult() is Trace
checkOnlyPrecon: 0, size:1
getFailingCheckFor
setStatusMarkerAccordingToFailingInstruction
BranchInst - LoopBound
trying to exclude Assertions for Failing Instruction

    Rerunning SMT solver (STP with MiniSat) ...            8 sec [DONE]
      checker.getResult() is Trace
checkOnlyPrecon: 0, size:1
getFailingCheckFor
setStatusMarkerAccordingToFailingInstruction
trying to exclude Assertions for Failing Instruction

    Rerunning SMT solver (STP with MiniSat) ...            6 sec [DONE]
      checker.getResult() is Trace
checkOnlyPrecon: 0, size:1
getFailingCheckFor
setStatusMarkerAccordingToFailingInstruction
BranchInst - LoopBound
trying to exclude Assertions for Failing Instruction

    Rerunning SMT solver (STP with MiniSat) ...            6 sec [DONE]
      getCheckerResultAfterUpdatingMarker
Result is NoTrace

                                                          39 sec [DONE]
    allsafe
    
                                                          39 sec [DONE]
  