runJobCommand
arguents: child
arguents: job
arguents: mode
Careful, HavocLimit is not zero. Call Abstraction is activated
handleJobInSeparateProcess0

Checking job 2366 ...about to run job:
preconNumber: 0, 0

  Running Model Checker with 1 checks ...try
try ready

    SMTSolver : stp
    CallStackBound : 0
    StopEncodingAfterCheckLoop : 0
    LoopUnrollBound : 1
    HavocLimit : 1
    PreconditionNumber : 0
    PreconditionLocation : jobs/2366
    TimeOut : 600
    InitializedGlobals : false
    IgnoreMissingFunctions : false
    StopEncodingAfterCheck : false
    OverApproxVaArgs : false
    PreconditionCheckMemory : false
    PreconditionOnlyArguments : trueI [0] lib/ModelChecker/Verifier.cpp:247 | EntryPoint : sqlite3BitvecBuiltinTest
m_checker->run()

    Performing bounded model checking ...
      Unrolling loop in function "sqlite3BitvecBuiltinTest" for 1 iterations succeeded.
      Unrolling loop in function "sqlite3BitvecBuiltinTest" for 1 iterations succeeded.
      Transformed "sqlite3BitvecBuiltinTest" from 28 to 36 basic blocks and from 247 to 267 instructions
      Performing pre-transformations on LLVM IR ...        0 sec [DONE]
        
      Performing logical encoding ...Current: sqlite3BitvecBuiltinTest Havoced: sqlite3BitvecCreate
Current: sqlite3BitvecBuiltinTest Havoced: sqlite3MallocZero
Current: sqlite3BitvecBuiltinTest Havoced: sqlite3_malloc64
Current: sqlite3BitvecBuiltinTest Havoced: sqlite3BitvecSet
Current: sqlite3BitvecBuiltinTest Havoced: sqlite3BitvecClear
Current: sqlite3BitvecBuiltinTest Havoced: sqlite3_randomness
Current: sqlite3BitvecBuiltinTest Havoced: sqlite3BitvecClear
Current: sqlite3BitvecBuiltinTest Havoced: sqlite3BitvecSet
Current: sqlite3BitvecBuiltinTest Havoced: sqlite3BitvecTest
Current: sqlite3BitvecBuiltinTest Havoced: sqlite3BitvecTest
Current: sqlite3BitvecBuiltinTest Havoced: sqlite3BitvecTest
Current: sqlite3BitvecBuiltinTest Havoced: sqlite3BitvecSize
Current: sqlite3BitvecBuiltinTest Havoced: sqlite3BitvecTest
Current: sqlite3BitvecBuiltinTest Havoced: sqlite3_free
Current: sqlite3BitvecBuiltinTest Havoced: sqlite3_free
Current: sqlite3BitvecBuiltinTest Havoced: sqlite3BitvecDestroy
                      0 sec [DONE]
        Number of expressions:                        155419
        after encoding

      3 assertions before transformations (2 no_back_edge, 1 custom).

      Performing formula transformations ...
        Simplifier
          Number of rewrites                            3564
        Fixed Memory Address Assigner
          Number of moved ops                              0
          Number of rewrites                            5208
        Simplifier
          Number of moved ops                              0
          Number of rewrites                           72611
        Memory Model Encoder
          Number of moved ops                              0rewriteAllocaOprewriteStackAddressOp

          Number of rewrites                               1
        Simplifier
          Number of moved ops                              0
          Number of rewrites                               1
        Simplifier
          Number of moved ops                              0
          Number of rewrites                             142
        ToASC Analyser
          Memcpy/memset found                             no
        Byte-Based Memory Creator
        Instantiation-Based ToASC Simplifier
        Simplifier
        FP Abstraction
          Number of rewrites                              44

Abstracted floating point operations.  The result might be a false positive.

        Simplifier
          Number of moved ops                              0
          Number of rewrites                               0
                                                           0 sec [DONE]
        
      3 assertions remain after transformations (2 no_back_edge, 1 custom).
after rewriteFormula
after sanityCheckFormula

      Running SMT solver (STP with MiniSat) ...            0 sec [DONE]
        
                                                           1 sec [DONE]
      after performing Check
evaluateCheckerResultsViaRefinementLoop
checker.getResult() is Trace
checkOnlyPrecon: 0, size:1
getFailingCheckFor
setStatusMarkerAccordingToFailingInstruction
BranchInst - LoopBound
trying to exclude Assertions for Failing Instruction

    Rerunning SMT solver (STP with MiniSat) ...            0 sec [DONE]
      checker.getResult() is Trace
checkOnlyPrecon: 0, size:1
getFailingCheckFor
setStatusMarkerAccordingToFailingInstruction
BranchInst - LoopBound
trying to exclude Assertions for Failing Instruction

    Rerunning SMT solver (STP with MiniSat) ...            0 sec [DONE]
      getCheckerResultAfterUpdatingMarker
Result is NoTrace

                                                           1 sec [DONE]
    allsafe
    
                                                           1 sec [DONE]
  