runJobCommand
arguents: child
arguents: job
arguents: mode
Careful, HavocLimit is not zero. Call Abstraction is activated
handleJobInSeparateProcess0

Checking job 7236 ...about to run job:
preconNumber: 0, 0

  Running Model Checker with 1 checks ...try
try ready

    SMTSolver : stp
    CallStackBound : 0
    StopEncodingAfterCheckLoop : 0
    LoopUnrollBound : 1
    HavocLimit : 1
    PreconditionNumber : 0
    PreconditionLocation : jobs/7236
    TimeOut : 600
    InitializedGlobals : false
    IgnoreMissingFunctions : false
    StopEncodingAfterCheck : false
    OverApproxVaArgs : false
    PreconditionCheckMemory : false
    PreconditionOnlyArguments : trueI [1] lib/ModelChecker/Verifier.cpp:247 | EntryPoint : sqlite3UpsertAnalyzeTarget
m_checker->run()

    Performing bounded model checking ...
      Unrolling loop in function "sqlite3UpsertAnalyzeTarget" for 1 iterations succeeded.
      Unrolling loop in function "sqlite3UpsertAnalyzeTarget" for 1 iterations succeeded.
      Unrolling loop in function "sqlite3UpsertAnalyzeTarget" for 1 iterations succeeded.
      Unrolling loop in function "sqlite3UpsertAnalyzeTarget" for 1 iterations succeeded.
      Transformed "sqlite3UpsertAnalyzeTarget" from 56 to 114 basic blocks and from 325 to 642 instructions
      Performing pre-transformations on LLVM IR ...        0 sec [DONE]
        
      Performing logical encoding ...isMemset:   call void @llvm.memset.p0i8.i64(i8* %3, i8 0, i64 56, i32 8, i1 false), !dbg !5670
Current: sqlite3UpsertAnalyzeTarget Havoced: sqlite3ResolveExprListNames
Current: sqlite3UpsertAnalyzeTarget Havoced: sqlite3ResolveExprNames
isMemset:   call void @llvm.memset.p0i8.i64(i8* %51, i8 0, i64 144, i32 16, i1 false), !dbg !5732
Current: sqlite3UpsertAnalyzeTarget Havoced: sqlite3ExprCompare
Current: sqlite3UpsertAnalyzeTarget Havoced: sqlite3ExprCompare
Current: sqlite3UpsertAnalyzeTarget Havoced: sqlite3ResolveExprListNames
Current: sqlite3UpsertAnalyzeTarget Havoced: sqlite3ResolveExprNames
isMemset:   call void @llvm.memset.p0i8.i64(i8* %220, i8 0, i64 144, i32 16, i1 false), !dbg !5732
Current: sqlite3UpsertAnalyzeTarget Havoced: sqlite3ExprCompare
Current: sqlite3UpsertAnalyzeTarget Havoced: sqlite3ExprCompare
Current: sqlite3UpsertAnalyzeTarget Havoced: sqlite3_snprintf
Current: sqlite3UpsertAnalyzeTarget Havoced: sqlite3ErrorMsg
                      0 sec [DONE]
        Number of expressions:                        156212
        after encoding

      9 assertions before transformations (7 no_back_edge, 2 custom).

      Performing formula transformations ...
        Simplifier
          Number of rewrites                            4073
        Fixed Memory Address Assigner
          Number of moved ops                              0
          Number of rewrites                            5208
        Simplifier
          Number of moved ops                              0
          Number of rewrites                           72672
        Memory Model Encoder
          Number of moved ops                              0rewriteAllocaOprewriteStackAddressOp
rewriteAllocaOprewriteStackAddressOp
rewriteAllocaOprewriteStackAddressOp

          Number of rewrites                               3
        Simplifier
          Number of moved ops                              0
          Number of rewrites                              39
        Simplifier
          Number of moved ops                              0
          Number of rewrites                             489
        ToASC Analyser
          Memcpy/memset found                             no
        Byte-Based Memory Creator
        Instantiation-Based ToASC Simplifier
        Simplifier
        FP Abstraction
          Number of rewrites                              44

Abstracted floating point operations.  The result might be a false positive.

        Simplifier
          Number of moved ops                              0
          Number of rewrites                               0
                                                           0 sec [DONE]
        
      9 assertions remain after transformations (7 no_back_edge, 2 custom).
after rewriteFormula
after sanityCheckFormula

      Running SMT solver (STP with MiniSat) ...