runJobCommand
arguents: child
arguents: job
arguents: mode
Careful, HavocLimit is not zero. Call Abstraction is activated
handleJobInSeparateProcess0

Checking job 340 ...about to run job:
preconNumber: 0, 0

  Running Model Checker with 1 checks ...try
try ready

    SMTSolver : stp
    CallStackBound : 0
    StopEncodingAfterCheckLoop : 0
    LoopUnrollBound : 1
    HavocLimit : 2
    PreconditionNumber : 0
    PreconditionLocation : jobs/340
    TimeOut : 600
    InitializedGlobals : false
    IgnoreMissingFunctions : false
    StopEncodingAfterCheck : false
    OverApproxVaArgs : false
    PreconditionCheckMemory : false
    PreconditionOnlyArguments : trueI [1] lib/ModelChecker/Verifier.cpp:247 | EntryPoint : ieee754func_to_blob
m_checker->run()

    Performing bounded model checking ...
      Unrolling loop in function "ieee754func_to_blob" for 8 iterations succeeded.
      Transformed "ieee754func_to_blob" from 8 to 21 basic blocks and from 67 to 257 instructions
      Performing pre-transformations on LLVM IR ...        0 sec [DONE]
        
      Performing logical encoding ...Current: sqlite3_value_double Havoced: sqlite3VdbeRealValue
isMemcpy:   call void @llvm.memcpy.p0i8.p0i8.i64(i8* %14, i8* %15, i64 8, i32 8, i1 false), !dbg !5637
Current: sqlite3_result_blob Havoced: setResultStrOrError
                      0 sec [DONE]
        Number of expressions:                        155428
        after encoding

      9 assertions before transformations (1 no_back_edge, 8 custom).

      Performing formula transformations ...
        Simplifier
          Number of rewrites                            3597
        Fixed Memory Address Assigner
          Number of moved ops                              0
          Number of rewrites                            5208
        Simplifier
          Number of moved ops                              0
          Number of rewrites                           72601
        Memory Model Encoder
          Number of moved ops                              0rewriteAllocaOprewriteStackAddressOp
rewriteAllocaOprewriteStackAddressOp
rewriteAllocaOprewriteStackAddressOp

          Number of rewrites                               3
        Simplifier
          Number of moved ops                              0
          Number of rewrites                              45
        Simplifier
          Number of moved ops                              0
          Number of rewrites                             159
        ToASC Analyser
          Memcpy/memset found                             no
        Byte-Based Memory Creator
        Instantiation-Based ToASC Simplifier
        Simplifier
        FP Abstraction
          Number of rewrites                              45

Abstracted floating point operations.  The result might be a false positive.

        Simplifier
          Number of moved ops                              0
          Number of rewrites                               1
                                                           0 sec [DONE]
        
      9 assertions remain after transformations (1 no_back_edge, 8 custom).
after rewriteFormula
after sanityCheckFormula

      Running SMT solver (STP with MiniSat) ...