runJobCommand
arguents: child
arguents: job
arguents: mode
Careful, HavocLimit is not zero. Call Abstraction is activated
handleJobInSeparateProcess0

Checking job 627 ...about to run job:
preconNumber: 0, 0

  Running Model Checker with 1 checks ...try
try ready

    SMTSolver : stp
    CallStackBound : 0
    StopEncodingAfterCheckLoop : 0
    LoopUnrollBound : 1
    HavocLimit : 1
    PreconditionNumber : 0
    PreconditionLocation : jobs/627
    TimeOut : 600
    InitializedGlobals : false
    IgnoreMissingFunctions : false
    StopEncodingAfterCheck : false
    OverApproxVaArgs : false
    PreconditionCheckMemory : false
    PreconditionOnlyArguments : trueI [0] lib/ModelChecker/Verifier.cpp:247 | EntryPoint : idxCreateVtabSchema
m_checker->run()

    Performing bounded model checking ...
      Unrolling loop in function "idxCreateVtabSchema" for 1 iterations succeeded.
      Unrolling loop in function "idxCreateVtabSchema" for 1 iterations succeeded.
      Transformed "idxCreateVtabSchema" from 18 to 36 basic blocks and from 133 to 257 instructions
      Performing pre-transformations on LLVM IR ...        0 sec [DONE]
        
      Performing logical encoding ...Current: idxCreateVtabSchema Havoced: idxRegisterVtab
Current: idxCreateVtabSchema Havoced: idxPrepareStmt
Current: idxCreateVtabSchema Havoced: sqlite3_step
Current: idxCreateVtabSchema Havoced: sqlite3_column_text
Current: idxCreateVtabSchema Havoced: sqlite3_column_text
Current: idxCreateVtabSchema Havoced: sqlite3_column_text
Current: idxCreateVtabSchema Havoced: idxGetTableInfo
Current: idxCreateVtabSchema Havoced: idxAppendText
Current: idxCreateVtabSchema Havoced: idxAppendText
Current: idxCreateVtabSchema Havoced: idxAppendText
Current: idxCreateVtabSchema Havoced: idxAppendText
Current: idxCreateVtabSchema Havoced: sqlite3_exec
Current: idxCreateVtabSchema Havoced: sqlite3_free
Current: idxCreateVtabSchema Havoced: sqlite3_free
Current: idxCreateVtabSchema Havoced: sqlite3_exec
Current: idxCreateVtabSchema Havoced: sqlite3_step
Current: idxCreateVtabSchema Havoced: idxFinalize
Current: idxCreateVtabSchema Havoced: sqlite3_column_text
Current: idxCreateVtabSchema Havoced: sqlite3_column_text
Current: idxCreateVtabSchema Havoced: sqlite3_column_text
Current: idxCreateVtabSchema Havoced: idxGetTableInfo
Current: idxCreateVtabSchema Havoced: idxAppendText
Current: idxCreateVtabSchema Havoced: idxAppendText
Current: idxCreateVtabSchema Havoced: idxAppendText
Current: idxCreateVtabSchema Havoced: idxAppendText
Current: idxCreateVtabSchema Havoced: sqlite3_exec
Current: idxCreateVtabSchema Havoced: sqlite3_free
Current: idxCreateVtabSchema Havoced: sqlite3_free
Current: idxCreateVtabSchema Havoced: sqlite3_exec
                      0 sec [DONE]
        Number of expressions:                        155479
        after encoding

      5 assertions before transformations (3 no_back_edge, 2 custom).

      Performing formula transformations ...
        Simplifier
          Number of rewrites                            3566
        Fixed Memory Address Assigner
          Number of moved ops                              0
          Number of rewrites                            5208
        Simplifier
          Number of moved ops                              0
          Number of rewrites                           72622
        Memory Model Encoder
          Number of moved ops                              0rewriteAllocaOprewriteStackAddressOp
rewriteAllocaOprewriteStackAddressOp
rewriteAllocaOprewriteStackAddressOp

          Number of rewrites                               3
        Simplifier
          Number of moved ops                              0
          Number of rewrites                              10
        Simplifier
          Number of moved ops                              0
          Number of rewrites                             142
        ToASC Analyser
          Memcpy/memset found                             no
        Byte-Based Memory Creator
        Instantiation-Based ToASC Simplifier
        Simplifier
        FP Abstraction
          Number of rewrites                              44

Abstracted floating point operations.  The result might be a false positive.

        Simplifier
          Number of moved ops                              0
          Number of rewrites                               0
                                                           0 sec [DONE]
        
      5 assertions remain after transformations (3 no_back_edge, 2 custom).
after rewriteFormula
after sanityCheckFormula

      Running SMT solver (STP with MiniSat) ...            0 sec [DONE]
        
                                                           1 sec [DONE]
      after performing Check
evaluateCheckerResultsViaRefinementLoop
checker.getResult() is Trace
checkOnlyPrecon: 0, size:1
getFailingCheckFor
setStatusMarkerAccordingToFailingInstruction
BranchInst - LoopBound
trying to exclude Assertions for Failing Instruction

    Rerunning SMT solver (STP with MiniSat) ...            0 sec [DONE]
      checker.getResult() is Trace
checkOnlyPrecon: 0, size:1
getFailingCheckFor
setStatusMarkerAccordingToFailingInstruction
BranchInst - LoopBound
trying to exclude Assertions for Failing Instruction

    Rerunning SMT solver (STP with MiniSat) ...            0 sec [DONE]
      checker.getResult() is Trace
checkOnlyPrecon: 0, size:1
getFailingCheckFor
setStatusMarkerAccordingToFailingInstruction
BranchInst - LoopBound
trying to exclude Assertions for Failing Instruction

    Rerunning SMT solver (STP with MiniSat) ...            0 sec [DONE]
      getCheckerResultAfterUpdatingMarker
Result is NoTrace

                                                           2 sec [DONE]
    allsafe
    
                                                           2 sec [DONE]
  