runJobCommand
arguents: child
arguents: job
arguents: mode
Careful, HavocLimit is not zero. Call Abstraction is activated
handleJobInSeparateProcess0

Checking job 810 ...about to run job:
preconNumber: 0, 0

  Running Model Checker with 1 checks ...try
try ready

    SMTSolver : stp
    CallStackBound : 0
    StopEncodingAfterCheckLoop : 0
    LoopUnrollBound : 1
    HavocLimit : 1
    PreconditionNumber : 0
    PreconditionLocation : jobs/810
    TimeOut : 600
    InitializedGlobals : false
    IgnoreMissingFunctions : false
    StopEncodingAfterCheck : false
    OverApproxVaArgs : false
    PreconditionCheckMemory : false
    PreconditionOnlyArguments : trueI [1] lib/ModelChecker/Verifier.cpp:247 | EntryPoint : explain_data_prepare
m_checker->run()

    Performing bounded model checking ...
      Unrolling loop in function "explain_data_prepare" for 1 iterations succeeded.
      Unrolling loop in function "explain_data_prepare" for 1 iterations succeeded.
      Unrolling loop in function "explain_data_prepare" for 1 iterations succeeded.
      Unrolling loop in function "explain_data_prepare" for 1 iterations succeeded.
      Unrolling loop in function "explain_data_prepare" for 1 iterations succeeded.
      Transformed "explain_data_prepare" from 50 to 60 basic blocks and from 288 to 339 instructions
      Performing pre-transformations on LLVM IR ...        0 sec [DONE]
        
      Performing logical encoding ...isMemset:   call void @llvm.memset.p0i8.i64(i8* %3, i8 0, i64 48, i32 16, i1 false), !dbg !5641
isMemset:   call void @llvm.memset.p0i8.i64(i8* %10, i8 0, i64 48, i32 16, i1 false), !dbg !5643
isMemcpy:   call void @llvm.memcpy.p0i8.p0i8.i64(i8* %17, i8* bitcast ([2 x i8*]* @explain_data_prepare.azGoto to i8*), i64 16, i32 16, i1 false), !dbg !5646
Current: explain_data_prepare Havoced: sqlite3_column_count
Current: explain_data_prepare Havoced: sqlite3_sql
Current: explain_data_prepare Havoced: sqlite3_strnicmp
Current: explain_data_prepare Havoced: sqlite3_step
Current: explain_data_prepare Havoced: sqlite3_column_int
Current: explain_data_prepare Havoced: sqlite3_column_text
Current: explain_data_prepare Havoced: sqlite3_column_int
Current: explain_data_prepare Havoced: sqlite3_column_name

        Unrolling loop in function "llbmc.strcmp" for 0 iterations succeeded.
        Transformed "llbmc.strcmp" from 4 to 3 basic blocks and from 14 to 16 instructionsCurrent: explain_data_prepare Havoced: sqlite3_realloc64
Current: explain_data_prepare Havoced: shell_out_of_memory
Current: explain_data_prepare Havoced: sqlite3_realloc64
Current: explain_data_prepare Havoced: shell_out_of_memory
Current: explain_data_prepare Havoced: str_in_array
Current: explain_data_prepare Havoced: str_in_array
Current: explain_data_prepare Havoced: str_in_array
Current: explain_data_prepare Havoced: sqlite3_column_int
Current: explain_data_prepare Havoced: sqlite3_step
Current: explain_data_prepare Havoced: sqlite3_free
Current: explain_data_prepare Havoced: sqlite3_reset
Current: explain_data_prepare Havoced: sqlite3_reset

                                                           0 sec [DONE]
        Number of expressions:                        155710
        after encoding

      7 assertions before transformations (6 no_back_edge, 1 custom).

      Performing formula transformations ...
        Simplifier
          Number of rewrites                            3812
        Fixed Memory Address Assigner
          Number of moved ops                              1
          Number of rewrites                            5208
        Simplifier
          Number of moved ops                              0
          Number of rewrites                           72613
        Memory Model Encoder
          Number of moved ops                              0rewriteAllocaOprewriteStackAddressOp
rewriteAllocaOprewriteStackAddressOp
rewriteAllocaOprewriteStackAddressOp

          Number of rewrites                               3
        Simplifier
          Number of moved ops                              0
          Number of rewrites                              16
        Simplifier
          Number of moved ops                              0
          Number of rewrites                          551065
        ToASC Analyser
          Memcpy/memset found                             no
        Byte-Based Memory Creator
        Instantiation-Based ToASC Simplifier
        Simplifier
        FP Abstraction
          Number of rewrites                              44

Abstracted floating point operations.  The result might be a false positive.

        Simplifier
          Number of moved ops                              0
          Number of rewrites                               0
                                                           0 sec [DONE]
        
      7 assertions remain after transformations (6 no_back_edge, 1 custom).
after rewriteFormula
after sanityCheckFormula

      Running SMT solver (STP with MiniSat) ...            0 sec [DONE]
        
                                                           1 sec [DONE]
      after performing Check
evaluateCheckerResultsViaRefinementLoop
checker.getResult() is Trace
checkOnlyPrecon: 0, size:1
getFailingCheckFor
setStatusMarkerAccordingToFailingInstruction
BranchInst - LoopBound
trying to exclude Assertions for Failing Instruction

    Rerunning SMT solver (STP with MiniSat) ...            0 sec [DONE]
      checker.getResult() is Trace
checkOnlyPrecon: 0, size:1
getFailingCheckFor
setStatusMarkerAccordingToFailingInstruction
BranchInst - LoopBound
trying to exclude Assertions for Failing Instruction

    Rerunning SMT solver (STP with MiniSat) ...            0 sec [DONE]
      checker.getResult() is Trace
checkOnlyPrecon: 0, size:1
getFailingCheckFor
setStatusMarkerAccordingToFailingInstruction
BranchInst - LoopBound
trying to exclude Assertions for Failing Instruction

    Rerunning SMT solver (STP with MiniSat) ...            0 sec [DONE]
      getCheckerResultAfterUpdatingMarker
Result is NoTrace

                                                           2 sec [DONE]
    allsafe
    
                                                           2 sec [DONE]
  