runJobCommand
arguents: child
arguents: job
arguents: mode
Careful, HavocLimit is not zero. Call Abstraction is activated
handleJobInSeparateProcess0

Checking job 5481 ...about to run job:
preconNumber: 0, 0

  Running Model Checker with 1 checks ...try
try ready

    SMTSolver : stp
    CallStackBound : 0
    StopEncodingAfterCheckLoop : 0
    LoopUnrollBound : 1
    HavocLimit : 1
    PreconditionNumber : 0
    PreconditionLocation : jobs/5481
    TimeOut : 600
    InitializedGlobals : false
    IgnoreMissingFunctions : false
    StopEncodingAfterCheck : false
    OverApproxVaArgs : false
    PreconditionCheckMemory : false
    PreconditionOnlyArguments : trueI [0] lib/ModelChecker/Verifier.cpp:247 | EntryPoint : sqlite3AlterBeginAddColumn
m_checker->run()

    Performing bounded model checking ...
      Unrolling loop in function "sqlite3AlterBeginAddColumn" for 1 iterations succeeded.
      Transformed "sqlite3AlterBeginAddColumn" from 21 to 22 basic blocks and from 167 to 173 instructions
      Performing pre-transformations on LLVM IR ...        0 sec [DONE]
        
      Performing logical encoding ...Current: sqlite3AlterBeginAddColumn Havoced: sqlite3LocateTableItem
Current: sqlite3AlterBeginAddColumn Havoced: isAlterableTable
Current: sqlite3AlterBeginAddColumn Havoced: sqlite3MayAbort
Current: sqlite3AlterBeginAddColumn Havoced: sqlite3SchemaToIndex
Current: sqlite3AlterBeginAddColumn Havoced: sqlite3DbMallocZero
Current: sqlite3AlterBeginAddColumn Havoced: sqlite3DbMallocZero
Current: sqlite3AlterBeginAddColumn Havoced: sqlite3MPrintf
isMemcpy:   call void @llvm.memcpy.p0i8.p0i8.i64(i8* %52, i8* %55, i64 %59, i32 8, i1 false), !dbg !5714
Current: sqlite3AlterBeginAddColumn Havoced: sqlite3DbStrDup
Current: sqlite3AlterBeginAddColumn Havoced: sqlite3StrIHash
Current: sqlite3AlterBeginAddColumn Havoced: sqlite3ErrorMsg
Current: sqlite3AlterBeginAddColumn Havoced: sqlite3ErrorMsg
Current: sqlite3AlterBeginAddColumn Havoced: sqlite3SrcListDelete
                      0 sec [DONE]
        Number of expressions:                        155295
        after encoding

      2 assertions before transformations (1 no_back_edge, 1 custom).

      Performing formula transformations ...
        Simplifier
          Number of rewrites                            3482
        Fixed Memory Address Assigner
          Number of moved ops                              0
          Number of rewrites                            5208
        Simplifier
          Number of moved ops                              0
          Number of rewrites                           72607
        Memory Model Encoder
          Number of moved ops                              0
          Number of rewrites                               0
        Simplifier
          Number of rewrites                               1
        Simplifier
          Number of moved ops                              0
          Number of rewrites                             142
        ToASC Analyser
          Memcpy/memset found                            yes
        Byte-Based Memory Creator
          Number of rewrites                            8953
        Instantiation-Based ToASC Simplifier
          Number of rewrites                               1
        Simplifier
          Number of moved ops                            146
          Number of rewrites                           23167
        FP Abstraction
          Number of rewrites                              22

Abstracted floating point operations.  The result might be a false positive.

        Simplifier
          Number of moved ops                              0
          Number of rewrites                               0
                                                           0 sec [DONE]
        
      2 assertions remain after transformations (1 no_back_edge, 1 custom).
after rewriteFormula
after sanityCheckFormula

      Running SMT solver (STP with MiniSat) ...