runJobCommand
arguents: child
arguents: job
arguents: mode
Careful, HavocLimit is not zero. Call Abstraction is activated
handleJobInSeparateProcess0

Checking job 1868 ...about to run job:
preconNumber: 0, 0

  Running Model Checker with 1 checks ...try
try ready

    SMTSolver : stp
    CallStackBound : 0
    StopEncodingAfterCheckLoop : 0
    LoopUnrollBound : 1
    HavocLimit : 2
    PreconditionNumber : 0
    PreconditionLocation : jobs/1868
    TimeOut : 600
    InitializedGlobals : false
    IgnoreMissingFunctions : false
    StopEncodingAfterCheck : false
    OverApproxVaArgs : false
    PreconditionCheckMemory : false
    PreconditionOnlyArguments : trueI [0] lib/ModelChecker/Verifier.cpp:247 | EntryPoint : tokenExpr
m_checker->run()

    Performing bounded model checking ...
      Performing pre-transformations on LLVM IR ...        0 sec [DONE]
        
      Performing logical encoding ...Current: sqlite3DbMallocRawNN Havoced: dbMallocRawFinish
Current: sqlite3DbMallocRawNN Havoced: dbMallocRawFinish
isMemcpy:   call void @llvm.memcpy.p0i8.p0i8.i64(i8* %35, i8* %37, i64 %40, i32 1, i1 false), !dbg !5665
Current: sqlite3DequoteExpr Havoced: sqlite3Dequote
Current: sqlite3RenameTokenMap Havoced: sqlite3DbMallocZero
isMemcpy:   call void @llvm.memcpy.p0i8.p0i8.i64(i8* %14, i8* %15, i64 16, i32 8, i1 false), !dbg !5632
                      0 sec [DONE]
        Number of expressions:                        155487
        after encoding

      2 assertions before transformations (2 custom).

      Performing formula transformations ...
        Simplifier
          Number of rewrites                            3563
        Fixed Memory Address Assigner
          Number of moved ops                              0
          Number of rewrites                            5208
        Simplifier
          Number of moved ops                              0
          Number of rewrites                           72609
        Memory Model Encoder
          Number of moved ops                              0rewriteAllocaOprewriteStackAddressOp

          Number of rewrites                               1
        Simplifier
          Number of moved ops                              0
          Number of rewrites                              11
        Simplifier
          Number of moved ops                              0
          Number of rewrites                             160
        ToASC Analyser
          Memcpy/memset found                            yes
        Byte-Based Memory Creator
          Number of rewrites                            8997
        Instantiation-Based ToASC Simplifier
          Number of rewrites                               1
        Simplifier
          Number of moved ops                            117
          Number of rewrites                           23391
        FP Abstraction
          Number of rewrites                              22

Abstracted floating point operations.  The result might be a false positive.

        Simplifier
          Number of moved ops                              0
          Number of rewrites                               0
                                                           0 sec [DONE]
        
      2 assertions remain after transformations (2 custom).
after rewriteFormula
after sanityCheckFormula

      Running SMT solver (STP with MiniSat) ...            0 sec [DONE]
        
                                                           1 sec [DONE]
      after performing Check
evaluateCheckerResultsViaRefinementLoop
getCheckerResultAfterUpdatingMarker
Result is NoTrace

                                                           2 sec [DONE]
    allsafe
    
                                                           2 sec [DONE]
                           0
                                                           0 sec [DONE]
        
      6 assertions remain after transformations (4 no_back_edge, 2 custom).
after rewriteFormula
after sanityCheckFormula

      Running SMT solver (STP with MiniSat) ...