runJobCommand
precondition analysis with entry:extract_aux_header_mode
arguents: child
arguents: job
arguents: mode
arguents: precondition
handleJobInSeparateProcess0

Checking job 606 ...about to run job:
preconNumber: 5, 1

  Running Model Checker with 1 checks ...entry: extract_aux_header_mode, functionName: unpack_aux_frame
  call void @qpr.precondition.unpack_aux_frame(%struct.bmi160_aux_data.15* %0, i16* %4, i8* %5, i8 %30, %struct.bmi160_dev.7* @configStub)
entry: extract_aux_header_mode, functionName: bmi160_extract_aux
entry: extract_aux_header_mode, functionName: extract_aux_header_mode
entry: extract_aux_header_mode, functionName: unpack_aux_frame
try
try ready

    SMTSolver : stp
    CallStackBound : 0
    StopEncodingAfterCheckLoop : 0
    LoopUnrollBound : 12
    HavocLimit : 0
    PreconditionNumber : 5
    PreconditionLocation : jobs/606
    TimeOut : 300
    InitializedGlobals : false
    IgnoreMissingFunctions : false
    StopEncodingAfterCheck : false
    OverApproxVaArgs : false
    PreconditionCheckMemory : false
    PreconditionOnlyArguments : trueI [0] lib/ModelChecker/Verifier.cpp:247 | EntryPoint : extract_aux_header_mode
m_checker->run()

    Performing bounded model checking ...
      Unrolling loop in function "extract_aux_header_mode" for 12 iterations succeeded.
      Transformed "extract_aux_header_mode" from 16 to 414 basic blocks and from 104 to 1401 instructions
      Performing pre-transformations on LLVM IR ...        0 sec [DONE]
        
      Performing logical encoding ...size Alloca: 1
size Alloca: 1
size Alloca: 1
TODO MKB implement precondition handling: IE
Reading in precondition at: jobs/606/precondition_unpack_aux_frame.txt
preconFile: jobs/606/precondition_unpack_aux_frame.txt
ref: [overapprox]name of function arguments, argValue:  
ref: [overapprox]name of function arguments, argValue:  
name of function arguments line
param: i8 %arg3:32
---name: i8 %arg3, value: 32.
integer, char or other simple types
name: i8 %arg3
assuming that there are not more then 10 arguments
nameIndex: 3
nameID: 3
argument name: 
value: 32
###new bool cond: bool % = compare(%, %i8__32)
pruneOrAssert -- adding line boolCond: bool % = compare(%, %i8__32)
param: i8 %arg3:-112
---name: i8 %arg3, value: -112.
integer, char or other simple types
name: i8 %arg3
assuming that there are not more then 10 arguments
nameIndex: 3
nameID: 3
argument name: 
value: -112
###new bool cond: bool % = compare(%, %i8__144)
pruneOrAssert -- adding line boolCond: bool % = compare(%, %i8__144)
Writing precondition type at: jobs/606/precondition_type_extract_aux_header_mode.txt

Type of Precondition:
[overapprox]
precondition found, end encoding
                      0 sec [DONE]
        Number of expressions:                           278
        after encoding

      2 assertions before transformations (2 custom).

      Performing formula transformations ...
        Simplifier
          Number of rewrites                              87
        Fixed Memory Address Assigner
          Number of moved ops                              8
          Number of rewrites                              11
        Simplifier
          Number of moved ops                              3
          Number of rewrites                              32
        Memory Model Encoder
          Number of moved ops                              0rewriteAllocaOprewriteStackAddressOp
rewriteAllocaOprewriteStackAddressOp

          Number of rewrites                               2
        Simplifier
          Number of moved ops                              0
          Number of rewrites                              60
        Simplifier
          Number of moved ops                              0
          Number of rewrites                               0
        ToASC Analyser
          Memcpy/memset found                             no
        Byte-Based Memory Creator
        Instantiation-Based ToASC Simplifier
        Simplifier
        FP Abstraction
          Number of rewrites                               0
        Simplifier
          Number of rewrites                               0
                                                           0 sec [DONE]
        
      2 assertions remain after transformations (2 custom).
after rewriteFormula
after sanityCheckFormula

      Running SMT solver (STP with MiniSat) ...            0 sec [DONE]
        
                                                           0 sec [DONE]
      after performing Check
evaluateCheckerResultsViaRefinementLoop
checker.getResult() is Trace
checkOnlyPrecon: 1, size:1
setCheckToUnsafe for precondition Instruction
checkID: 2416
setCheckToUnsafe
set check to unsafe
getCheckerResultAfterUpdatingMarker
failingInst is nullptr
Preconditions internal: 

 function does not read memory: 0, checkValidLoad:0, checkMemory: 0
function does not read memory 


    Rerunning SMT solver (STP with MiniSat) ...            0 sec [DONE]
      failingInst is nullptr
Preconditions internal: 

 function does not read memory: 0, checkValidLoad:0, checkMemory: 0
function does not read memory 


    Rerunning SMT solver (STP with MiniSat) ...            0 sec [DONE]
      failingInst is nullptr
Preconditions internal: 

 function does not read memory: 0, checkValidLoad:0, checkMemory: 0
function does not read memory 


    Rerunning SMT solver (STP with MiniSat) ...            0 sec [DONE]
      failingInst is nullptr
Preconditions internal: 

 function does not read memory: 0, checkValidLoad:0, checkMemory: 0
function does not read memory 


    Rerunning SMT solver (STP with MiniSat) ...            0 sec [DONE]
      failingInst is nullptr
Preconditions internal: 

 function does not read memory: 0, checkValidLoad:0, checkMemory: 0
function does not read memory 


    Rerunning SMT solver (STP with MiniSat) ...            0 sec [DONE]
      name of function arguments: Writing precondition at: jobs/606/precondition_extract_aux_header_mode.txt

Generated Preconditions:
[underoverapprox]name of function arguments: 






                                                           0 sec [DONE]
    allunsafe
    
                                                           0 sec [DONE]
  ver (STP with MiniSat) ...           19 sec [DONE]
      failingInst:   call void @qpr.precondition.unpack_aux_frame(%struct.bmi160_aux_data.15* %arg0, i16* %0, i8* %2, i8 %24, %struct.bmi160_dev.7* @configStub), !dbg !239
Preconditions internal: 

 function does not read memory: 0, checkValidLoad:0, checkMemory: 0
function does not read memory 


    Rerunning SMT solver (STP with MiniSat) ...           19 sec [DONE]
      failingInst:   call void @qpr.precondition.unpack_aux_frame(%struct.bmi160_aux_data.15* %arg0, i16* %0, i8* %2, i8 %24, %struct.bmi160_dev.7* @configStub), !dbg !239
Preconditions internal: 

 function does not read memory: 0, checkValidLoad:0, checkMemory: 0
function does not read memory 


    Rerunning SMT solver (STP with MiniSat) ...           19 sec [DONE]
      name of function arguments: Writing precondition at: jobs/606/precondition_bmi160_extract_aux.txt

Generated Preconditions:
[underoverapprox]name of function arguments: 






                                                         120 sec [DONE]
    allunsafe
    
                                                         120 sec [DONE]
  