runJobCommand
arguents: child
arguents: job
arguents: mode
Careful, HavocLimit is not zero. Call Abstraction is activated
handleJobInSeparateProcess0

Checking job 1737 ...about to run job:
preconNumber: 0, 0

  Running Model Checker with 1 checks ...try
try ready

    SMTSolver : stp
    CallStackBound : 0
    StopEncodingAfterCheckLoop : 0
    LoopUnrollBound : 1
    HavocLimit : 1
    PreconditionNumber : 0
    PreconditionLocation : jobs/1737
    TimeOut : 600
    InitializedGlobals : false
    IgnoreMissingFunctions : false
    StopEncodingAfterCheck : false
    OverApproxVaArgs : false
    PreconditionCheckMemory : false
    PreconditionOnlyArguments : trueI [0] lib/ModelChecker/Verifier.cpp:247 | EntryPoint : sqlite3_randomness
m_checker->run()

    Performing bounded model checking ...
      Unrolling loop in function "sqlite3_randomness" for 1 iterations succeeded.
      Unrolling loop in function "sqlite3_randomness" for 256 iterations succeeded.
      Unrolling loop in function "sqlite3_randomness" for 256 iterations succeeded.
      Transformed "sqlite3_randomness" from 23 to 1041 basic blocks and from 186 to 16251 instructions
      Performing pre-transformations on LLVM IR ...        0 sec [DONE]
        
      Performing logical encoding ...Current: sqlite3_randomness Havoced: sqlite3_initialize
Current: sqlite3_randomness Havoced: sqlite3MutexAlloc
Current: sqlite3_randomness Havoced: sqlite3_mutex_enter
Current: sqlite3_randomness Havoced: sqlite3_vfs_find
Current: sqlite3_randomness Havoced: sqlite3OsRandomness
isMemset:   call void @llvm.memset.p0i8.i64(i8* %10, i8 0, i64 256, i32 16, i1 false), !dbg !5655
Current: sqlite3_randomness Havoced: sqlite3_mutex_leave
Current: sqlite3_randomness Havoced: sqlite3_mutex_leave
                      0 sec [DONE]
        Number of expressions:                        175927
        after encoding

      259 assertions before transformations (3 no_back_edge, 256 custom).

      Performing formula transformations ...
        Simplifier
          Number of rewrites                           16495
        Fixed Memory Address Assigner
          Number of moved ops                              4
          Number of rewrites                            5208
        Simplifier
          Number of moved ops                              0
          Number of rewrites                           75935
        Memory Model Encoder
          Number of moved ops                              0rewriteAllocaOprewriteStackAddressOp

          Number of rewrites                               1
        Simplifier
          Number of moved ops                              0
          Number of rewrites                             769
        Simplifier
          Number of moved ops                              0
          Number of rewrites                             399
        ToASC Analyser
          Memcpy/memset found                             no
        Byte-Based Memory Creator
        Instantiation-Based ToASC Simplifier
        Simplifier
        FP Abstraction
          Number of rewrites                              44

Abstracted floating point operations.  The result might be a false positive.

        Simplifier
          Number of moved ops                              0
          Number of rewrites                               0
                                                           0 sec [DONE]
        
      259 assertions remain after transformations (3 no_back_edge, 256 custom).
after rewriteFormula
after sanityCheckFormula

      Running SMT solver (STP with MiniSat) ...            0 sec [DONE]
        
                                                           1 sec [DONE]
      after performing Check
evaluateCheckerResultsViaRefinementLoop
checker.getResult() is Trace
checkOnlyPrecon: 0, size:1
getFailingCheckFor
setStatusMarkerAccordingToFailingInstruction
BranchInst - LoopBound
trying to exclude Assertions for Failing Instruction

    Rerunning SMT solver (STP with MiniSat) ...            0 sec [DONE]
      getCheckerResultAfterUpdatingMarker
Result is NoTrace

                                                           1 sec [DONE]
    allsafe
    
                                                           1 sec [DONE]
  