runJobCommand
arguents: child
arguents: job
arguents: mode
Careful, HavocLimit is not zero. Call Abstraction is activated
handleJobInSeparateProcess0

Checking job 6333 ...about to run job:
preconNumber: 0, 0

  Running Model Checker with 1 checks ...try
try ready

    SMTSolver : stp
    CallStackBound : 0
    StopEncodingAfterCheckLoop : 0
    LoopUnrollBound : 1
    HavocLimit : 1
    PreconditionNumber : 0
    PreconditionLocation : jobs/6333
    TimeOut : 600
    InitializedGlobals : false
    IgnoreMissingFunctions : false
    StopEncodingAfterCheck : false
    OverApproxVaArgs : false
    PreconditionCheckMemory : false
    PreconditionOnlyArguments : trueI [0] lib/ModelChecker/Verifier.cpp:247 | EntryPoint : sqlite3Insert
m_checker->run()

    Performing bounded model checking ...
      Unrolling loop in function "sqlite3Insert" for 1 iterations succeeded.
      Unrolling loop in function "sqlite3Insert" for 1 iterations succeeded.
      Unrolling loop in function "sqlite3Insert" for 1 iterations succeeded.
      Unrolling loop in function "sqlite3Insert" for 1 iterations succeeded.
      Unrolling loop in function "sqlite3Insert" for 1 iterations succeeded.
      Unrolling loop in function "sqlite3Insert" for 1 iterations succeeded.
      Unrolling loop in function "sqlite3Insert" for 1 iterations succeeded.
      Unrolling loop in function "sqlite3Insert" for 1 iterations succeeded.
      Unrolling loop in function "sqlite3Insert" for 1 iterations succeeded.
      Transformed "sqlite3Insert" from 239 to 252 basic blocks and from 1328 to 1406 instructions
      Performing pre-transformations on LLVM IR ...        0 sec [DONE]
        
      Performing logical encoding ...Current: sqlite3Insert Havoced: sqlite3SelectDelete
Current: sqlite3Insert Havoced: sqlite3SrcListLookup
Current: sqlite3Insert Havoced: sqlite3SchemaToIndex
Current: sqlite3Insert Havoced: sqlite3AuthCheck
Current: sqlite3Insert Havoced: sqlite3TriggersExist
Current: sqlite3Insert Havoced: sqlite3ViewGetColumnNames
Current: sqlite3Insert Havoced: sqlite3IsReadOnly
Current: sqlite3Insert Havoced: sqlite3GetVdbe
Current: sqlite3Insert Havoced: sqlite3VdbeCountChanges
Current: sqlite3Insert Havoced: sqlite3BeginWriteOperation
Current: sqlite3Insert Havoced: xferOptimization
Current: sqlite3Insert Havoced: autoIncBegin
Current: sqlite3Insert Havoced: sqlite3StrICmp
Current: sqlite3Insert Havoced: sqlite3IsRowid
isMemset:   call void @llvm.memset.p0i8.i64(i8* %255, i8 0, i64 56, i32 8, i1 false), !dbg !6110
Current: sqlite3Insert Havoced: sqlite3ResolveExprListNames
Current: sqlite3Insert Havoced: sqlite3VdbeCurrentAddr
Current: sqlite3Insert Havoced: sqlite3VdbeAddOp3
Current: sqlite3Insert Havoced: sqlite3SelectDestInit
Current: sqlite3Insert Havoced: sqlite3Select
Current: sqlite3Insert Havoced: sqlite3VdbeEndCoroutine
Current: sqlite3Insert Havoced: sqlite3VdbeJumpHere
Current: sqlite3Insert Havoced: readsTable
Current: sqlite3Insert Havoced: sqlite3GetTempReg
Current: sqlite3Insert Havoced: sqlite3GetTempReg
Current: sqlite3Insert Havoced: sqlite3VdbeAddOp2
Current: sqlite3Insert Havoced: sqlite3VdbeAddOp1
Current: sqlite3Insert Havoced: sqlite3VdbeAddOp3
Current: sqlite3Insert Havoced: sqlite3VdbeAddOp2
Current: sqlite3Insert Havoced: sqlite3VdbeAddOp3
Current: sqlite3Insert Havoced: sqlite3VdbeGoto
Current: sqlite3Insert Havoced: sqlite3VdbeJumpHere
Current: sqlite3Insert Havoced: sqlite3ReleaseTempReg
Current: sqlite3Insert Havoced: sqlite3ReleaseTempReg
Current: sqlite3Insert Havoced: sqlite3VdbeAddOp2
Current: sqlite3Insert Havoced: sqlite3OpenTableAndIndices
Current: sqlite3Insert Havoced: sqlite3DbMallocRawNN
Current: sqlite3Insert Havoced: sqlite3HasExplicitNulls
Current: sqlite3Insert Havoced: sqlite3UpsertAnalyzeTarget
Current: sqlite3Insert Havoced: sqlite3VdbeAddOp1
Current: sqlite3Insert Havoced: sqlite3VdbeAddOp2
Current: sqlite3Insert Havoced: sqlite3VdbeAddOp1
Current: sqlite3Insert Havoced: sqlite3VdbeCurrentAddr
Current: sqlite3Insert Havoced: sqlite3ExprCodeFactorable
Current: sqlite3Insert Havoced: sqlite3ExprCode
Current: sqlite3Insert Havoced: sqlite3VdbeAddOp2
Current: sqlite3Insert Havoced: sqlite3VdbeAddOp3
Current: sqlite3Insert Havoced: sqlite3ExprCodeFactorable
Current: sqlite3Insert Havoced: sqlite3ExprCodeFactorable
Current: sqlite3Insert Havoced: sqlite3VdbeAddOp1
Current: sqlite3Insert Havoced: sqlite3VdbeAddOp1
Current: sqlite3Insert Havoced: sqlite3VdbeMakeLabel
Current: sqlite3Insert Havoced: sqlite3GetTempRange
Current: sqlite3Insert Havoced: sqlite3ExprCode
Current: sqlite3Insert Havoced: sqlite3VdbeAddOp3
Current: sqlite3Insert Havoced: sqlite3VdbeAddOp1
Current: sqlite3Insert Havoced: sqlite3VdbeAddOp2
Current: sqlite3Insert Havoced: sqlite3VdbeJumpHere
Current: sqlite3Insert Havoced: sqlite3VdbeAddOp1
Current: sqlite3Insert Havoced: sqlite3VdbeAddOp2
Current: sqlite3Insert Havoced: sqlite3VdbeAddOp3
Current: sqlite3Insert Havoced: sqlite3ComputeGeneratedColumns
Current: sqlite3Insert Havoced: sqlite3TableAffinity
Current: sqlite3Insert Havoced: sqlite3CodeRowTrigger
Current: sqlite3Insert Havoced: sqlite3ReleaseTempRange
Current: sqlite3Insert Havoced: sqlite3VdbeAddOp2
Current: sqlite3Insert Havoced: sqlite3VdbeAddOp3
Current: sqlite3Insert Havoced: sqlite3VdbeAddOp2
Current: sqlite3Insert Havoced: sqlite3VdbeAddOp3
Current: sqlite3Insert Havoced: sqlite3ExprCode
Current: sqlite3Insert Havoced: sqlite3VdbeAddOp3
Current: sqlite3Insert Havoced: sqlite3VdbeAddOp1
Current: sqlite3Insert Havoced: sqlite3VdbeAddOp3
Current: sqlite3Insert Havoced: sqlite3VdbeJumpHere
Current: sqlite3Insert Havoced: sqlite3VdbeCurrentAddr
Current: sqlite3Insert Havoced: sqlite3VdbeAddOp2
Current: sqlite3Insert Havoced: sqlite3VdbeAddOp1
Current: sqlite3Insert Havoced: autoIncStep
Current: sqlite3Insert Havoced: sqlite3ComputeGeneratedColumns
Current: sqlite3Insert Havoced: sqlite3GenerateConstraintChecks
Current: sqlite3Insert Havoced: sqlite3FkCheck
Current: sqlite3Insert Havoced: sqlite3VdbeHasSubProgram
Current: sqlite3Insert Havoced: sqlite3CompleteInsertion
Current: sqlite3Insert Havoced: sqlite3GetVTable
Current: sqlite3Insert Havoced: sqlite3VtabMakeWritable
Current: sqlite3Insert Havoced: sqlite3VdbeAddOp4
Current: sqlite3Insert Havoced: sqlite3VdbeChangeP5
Current: sqlite3Insert Havoced: sqlite3MayAbort
Current: sqlite3Insert Havoced: sqlite3VdbeAddOp2
Current: sqlite3Insert Havoced: sqlite3CodeRowTrigger
Current: sqlite3Insert Havoced: sqlite3VdbeResolveLabel
Current: sqlite3Insert Havoced: sqlite3VdbeGoto
Current: sqlite3Insert Havoced: sqlite3VdbeJumpHere
Current: sqlite3Insert Havoced: sqlite3VdbeAddOp2
Current: sqlite3Insert Havoced: sqlite3VdbeJumpHere
Current: sqlite3Insert Havoced: sqlite3VdbeAddOp1
Current: sqlite3Insert Havoced: sqlite3ErrorMsg
Current: sqlite3Insert Havoced: sqlite3ErrorMsg
Current: sqlite3Insert Havoced: sqlite3ErrorMsg
Current: sqlite3Insert Havoced: sqlite3ErrorMsg
Current: sqlite3Insert Havoced: sqlite3ErrorMsg
Current: sqlite3Insert Havoced: sqlite3ErrorMsg
Current: sqlite3Insert Havoced: sqlite3AutoincrementEnd
Current: sqlite3Insert Havoced: sqlite3VdbeAddOp2
Current: sqlite3Insert Havoced: sqlite3VdbeSetNumCols
Current: sqlite3Insert Havoced: sqlite3VdbeSetColName
Current: sqlite3Insert Havoced: sqlite3SrcListDelete
Current: sqlite3Insert Havoced: sqlite3ExprListDelete
Current: sqlite3Insert Havoced: sqlite3UpsertDelete
Current: sqlite3Insert Havoced: sqlite3SelectDelete
Current: sqlite3Insert Havoced: sqlite3IdListDelete
Current: sqlite3Insert Havoced: sqlite3DbFree
                      0 sec [DONE]
        Number of expressions:                        157676
        after encoding

      10 assertions before transformations (9 no_back_edge, 1 custom).

      Performing formula transformations ...
        Simplifier
          Number of rewrites                            4825
        Fixed Memory Address Assigner
          Number of moved ops                              0
          Number of rewrites                            5208
        Simplifier
          Number of moved ops                              0
          Number of rewrites                           72767
        Memory Model Encoder
          Number of moved ops                              0rewriteAllocaOprewriteStackAddressOp
rewriteAllocaOprewriteStackAddressOp
rewriteAllocaOprewriteStackAddressOp
rewriteAllocaOprewriteStackAddressOp
rewriteAllocaOprewriteStackAddressOp
rewriteAllocaOprewriteStackAddressOp

          Number of rewrites                               6
        Simplifier
          Number of moved ops                              0
          Number of rewrites                              18
        Simplifier
          Number of moved ops                              0
          Number of rewrites                             199
        ToASC Analyser
          Memcpy/memset found                             no
        Byte-Based Memory Creator
        Instantiation-Based ToASC Simplifier
        Simplifier
        FP Abstraction
          Number of rewrites                              44

Abstracted floating point operations.  The result might be a false positive.

        Simplifier
          Number of moved ops                              0
          Number of rewrites                               0
                                                           0 sec [DONE]
        
      10 assertions remain after transformations (9 no_back_edge, 1 custom).
after rewriteFormula
after sanityCheckFormula

      Running SMT solver (STP with MiniSat) ...