runJobCommand
arguents: child
arguents: job
arguents: mode
Careful, HavocLimit is not zero. Call Abstraction is activated
handleJobInSeparateProcess0

Checking job 6735 ...about to run job:
preconNumber: 0, 0

  Running Model Checker with 1 checks ...try
try ready

    SMTSolver : stp
    CallStackBound : 0
    StopEncodingAfterCheckLoop : 0
    LoopUnrollBound : 1
    HavocLimit : 1
    PreconditionNumber : 0
    PreconditionLocation : jobs/6735
    TimeOut : 600
    InitializedGlobals : false
    IgnoreMissingFunctions : false
    StopEncodingAfterCheck : false
    OverApproxVaArgs : false
    PreconditionCheckMemory : false
    PreconditionOnlyArguments : trueI [0] lib/ModelChecker/Verifier.cpp:247 | EntryPoint : codeDistinct
m_checker->run()

    Performing bounded model checking ...
      Unrolling loop in function "codeDistinct" for 1 iterations succeeded.
      Transformed "codeDistinct" from 12 to 17 basic blocks and from 103 to 113 instructions
      Performing pre-transformations on LLVM IR ...        0 sec [DONE]
        
      Performing logical encoding ...Current: codeDistinct Havoced: sqlite3VdbeCurrentAddr
Current: codeDistinct Havoced: sqlite3ExprCollSeq
Current: codeDistinct Havoced: sqlite3VdbeAddOp3
Current: codeDistinct Havoced: sqlite3VdbeAddOp3
Current: codeDistinct Havoced: sqlite3VdbeChangeP4
Current: codeDistinct Havoced: sqlite3VdbeChangeP5
Current: codeDistinct Havoced: sqlite3VdbeAddOp3
Current: codeDistinct Havoced: sqlite3GetTempReg
Current: codeDistinct Havoced: sqlite3VdbeAddOp4Int
Current: codeDistinct Havoced: sqlite3VdbeAddOp3
Current: codeDistinct Havoced: sqlite3VdbeAddOp4Int
Current: codeDistinct Havoced: sqlite3VdbeChangeP5
Current: codeDistinct Havoced: sqlite3ReleaseTempReg
                      0 sec [DONE]
        Number of expressions:                        155180
        after encoding

      2 assertions before transformations (1 no_back_edge, 1 custom).

      Performing formula transformations ...
        Simplifier
          Number of rewrites                            3444
        Fixed Memory Address Assigner
          Number of moved ops                              0
          Number of rewrites                            5208
        Simplifier
          Number of moved ops                              0
          Number of rewrites                           72604
        Memory Model Encoder
          Number of moved ops                              0
          Number of rewrites                               0
        Simplifier
          Number of rewrites                               3
        Simplifier
          Number of moved ops                              0
          Number of rewrites                             142
        ToASC Analyser
          Memcpy/memset found                             no
        Byte-Based Memory Creator
        Instantiation-Based ToASC Simplifier
        Simplifier
        FP Abstraction
          Number of rewrites                              44

Abstracted floating point operations.  The result might be a false positive.

        Simplifier
          Number of moved ops                              0
          Number of rewrites                               0
                                                           0 sec [DONE]
        
      2 assertions remain after transformations (1 no_back_edge, 1 custom).
after rewriteFormula
after sanityCheckFormula

      Running SMT solver (STP with MiniSat) ...