runJobCommand
arguents: child
arguents: job
arguents: mode
Careful, HavocLimit is not zero. Call Abstraction is activated
handleJobInSeparateProcess0

Checking job 5151 ...about to run job:
preconNumber: 0, 0

  Running Model Checker with 1 checks ...try
try ready

    SMTSolver : stp
    CallStackBound : 0
    StopEncodingAfterCheckLoop : 0
    LoopUnrollBound : 1
    HavocLimit : 1
    PreconditionNumber : 0
    PreconditionLocation : jobs/5151
    TimeOut : 600
    InitializedGlobals : false
    IgnoreMissingFunctions : false
    StopEncodingAfterCheck : false
    OverApproxVaArgs : false
    PreconditionCheckMemory : false
    PreconditionOnlyArguments : trueI [0] lib/ModelChecker/Verifier.cpp:247 | EntryPoint : lookupName
m_checker->run()

    Performing bounded model checking ...
      Unrolling loop in function "lookupName" for 1 iterations succeeded.
      Unrolling loop in function "lookupName" for 1 iterations succeeded.
      Unrolling loop in function "lookupName" for 1 iterations succeeded.
      Unrolling loop in function "lookupName" for 1 iterations succeeded.
      Unrolling loop in function "lookupName" for 1 iterations succeeded.
      Unrolling loop in function "lookupName" for 1 iterations succeeded.
      Unrolling loop in function "lookupName" for 1 iterations succeeded.
      Unrolling loop in function "lookupName" for 1 iterations succeeded.
      Transformed "lookupName" from 200 to 212 basic blocks and from 1080 to 1177 instructions
      Performing pre-transformations on LLVM IR ...        0 sec [DONE]
        
      Performing logical encoding ...Current: lookupName Havoced: sqlite3StrICmp
Current: lookupName Havoced: sqlite3StrICmp
Current: lookupName Havoced: sqlite3MatchEName
Current: lookupName Havoced: sqlite3StrICmp
Current: lookupName Havoced: sqlite3RenameTokenRemap
Current: lookupName Havoced: sqlite3StrIHash
Current: lookupName Havoced: sqlite3StrICmp
Current: lookupName Havoced: nameInUsingClause
Current: lookupName Havoced: sqlite3StrICmp
Current: lookupName Havoced: sqlite3StrICmp
Current: lookupName Havoced: sqlite3StrICmp
Current: lookupName Havoced: sqlite3StrICmp
Current: lookupName Havoced: sqlite3StrIHash
Current: lookupName Havoced: sqlite3StrICmp
Current: lookupName Havoced: sqlite3IsRowid
Current: lookupName Havoced: sqlite3TableColumnToStorage
Current: lookupName Havoced: sqlite3TableColumnToStorage
Current: lookupName Havoced: sqlite3IsRowid
Current: lookupName Havoced: sqlite3_stricmp
Current: lookupName Havoced: areDoubleQuotedStringsEnabled
Current: lookupName Havoced: sqlite3ExprIdToTrueFalse
Current: lookupName Havoced: sqlite3ErrorMsg
Current: lookupName Havoced: sqlite3ErrorMsg
Current: lookupName Havoced: sqlite3ErrorMsg
Current: lookupName Havoced: sqlite3ExprColUsed
Current: lookupName Havoced: sqlite3ExprDelete
Current: lookupName Havoced: sqlite3ExprDelete
Current: lookupName Havoced: sqlite3_log
Current: lookupName Havoced: sqlite3ExprVectorSize
Current: lookupName Havoced: resolveAlias
Current: lookupName Havoced: sqlite3RenameTokenRemap
Current: lookupName Havoced: sqlite3AuthRead
Current: lookupName Havoced: sqlite3ErrorMsg
Current: lookupName Havoced: sqlite3ErrorMsg
Current: lookupName Havoced: sqlite3ErrorMsg
                      0 sec [DONE]
        Number of expressions:                        157260
        after encoding

      9 assertions before transformations (8 no_back_edge, 1 custom).

      Performing formula transformations ...
        Simplifier
          Number of rewrites                            4625
        Fixed Memory Address Assigner
          Number of moved ops                              1
          Number of rewrites                            5208
        Simplifier
          Number of moved ops                              0
          Number of rewrites                           72773
        Memory Model Encoder
          Number of moved ops                              0
          Number of rewrites                               0
        Simplifier
          Number of rewrites                               7
        Simplifier
          Number of moved ops                              0
          Number of rewrites                             142
        ToASC Analyser
          Memcpy/memset found                             no
        Byte-Based Memory Creator
        Instantiation-Based ToASC Simplifier
        Simplifier
        FP Abstraction
          Number of rewrites                              44

Abstracted floating point operations.  The result might be a false positive.

        Simplifier
          Number of moved ops                              0
          Number of rewrites                               0
                                                           0 sec [DONE]
        
      9 assertions remain after transformations (8 no_back_edge, 1 custom).
after rewriteFormula
after sanityCheckFormula

      Running SMT solver (STP with MiniSat) ...