runJobCommand
arguents: child
arguents: job
arguents: mode
Careful, HavocLimit is not zero. Call Abstraction is activated
handleJobInSeparateProcess0

Checking job 6243 ...about to run job:
preconNumber: 0, 0

  Running Model Checker with 1 checks ...try
try ready

    SMTSolver : stp
    CallStackBound : 0
    StopEncodingAfterCheckLoop : 0
    LoopUnrollBound : 1
    HavocLimit : 2
    PreconditionNumber : 0
    PreconditionLocation : jobs/6243
    TimeOut : 600
    InitializedGlobals : false
    IgnoreMissingFunctions : false
    StopEncodingAfterCheck : false
    OverApproxVaArgs : false
    PreconditionCheckMemory : false
    PreconditionOnlyArguments : trueI [0] lib/ModelChecker/Verifier.cpp:247 | EntryPoint : fkScanChildren
m_checker->run()

    Performing bounded model checking ...
      Unrolling loop in function "fkScanChildren" for 1 iterations succeeded.
      Unrolling loop in function "fkScanChildren" for 1 iterations succeeded.
      Transformed "fkScanChildren" from 29 to 31 basic blocks and from 224 to 240 instructions
      Performing pre-transformations on LLVM IR ...        0 sec [DONE]
        
      Performing logical encoding ...Current: sqlite3GetVdbe Havoced: sqlite3VdbeCreate
Current: sqlite3VdbeAddOp2 Havoced: sqlite3VdbeAddOp3
Current: exprTableRegister Havoced: sqlite3Expr
Current: exprTableRegister Havoced: sqlite3TableColumnToStorage
Current: exprTableRegister Havoced: sqlite3ExprAddCollateString
Current: sqlite3Expr Havoced: sqlite3Strlen30
Current: sqlite3Expr Havoced: sqlite3ExprAlloc
Current: sqlite3PExpr Havoced: sqlite3DbMallocRawNN
Current: sqlite3PExpr Havoced: sqlite3ExprDelete
Current: sqlite3PExpr Havoced: sqlite3ExprDelete
isMemset:   call void @llvm.memset.p0i8.i64(i8* %9, i8 0, i64 72, i32 8, i1 false), !dbg !5626
Current: sqlite3PExpr Havoced: sqlite3ExprAttachSubtrees
Current: sqlite3PExpr Havoced: sqlite3ExprCheckHeight
Current: sqlite3ExprAnd Havoced: sqlite3ExprDeferredDelete
Current: sqlite3ExprAnd Havoced: sqlite3ExprDeferredDelete
Current: sqlite3ExprAnd Havoced: sqlite3Expr
Current: sqlite3ExprAnd Havoced: sqlite3PExpr
Current: exprTableRegister Havoced: sqlite3Expr
Current: exprTableRegister Havoced: sqlite3TableColumnToStorage
Current: exprTableRegister Havoced: sqlite3ExprAddCollateString
Current: sqlite3Expr Havoced: sqlite3Strlen30
Current: sqlite3Expr Havoced: sqlite3ExprAlloc
Current: sqlite3PExpr Havoced: sqlite3DbMallocRawNN
Current: sqlite3PExpr Havoced: sqlite3ExprDelete
Current: sqlite3PExpr Havoced: sqlite3ExprDelete
isMemset:   call void @llvm.memset.p0i8.i64(i8* %9, i8 0, i64 72, i32 8, i1 false), !dbg !5626
Current: sqlite3PExpr Havoced: sqlite3ExprAttachSubtrees
Current: sqlite3PExpr Havoced: sqlite3ExprCheckHeight
Current: sqlite3ExprAnd Havoced: sqlite3ExprDeferredDelete
Current: sqlite3ExprAnd Havoced: sqlite3ExprDeferredDelete
Current: sqlite3ExprAnd Havoced: sqlite3Expr
Current: sqlite3ExprAnd Havoced: sqlite3PExpr
Current: sqlite3PExpr Havoced: sqlite3DbMallocRawNN
Current: sqlite3PExpr Havoced: sqlite3ExprDelete
Current: sqlite3PExpr Havoced: sqlite3ExprDelete
isMemset:   call void @llvm.memset.p0i8.i64(i8* %9, i8 0, i64 72, i32 8, i1 false), !dbg !5626
Current: sqlite3PExpr Havoced: sqlite3ExprAttachSubtrees
Current: sqlite3PExpr Havoced: sqlite3ExprCheckHeight
Current: exprTableRegister Havoced: sqlite3Expr
Current: exprTableRegister Havoced: sqlite3TableColumnToStorage
Current: exprTableRegister Havoced: sqlite3ExprAddCollateString
Current: exprTableColumn Havoced: sqlite3Expr
Current: sqlite3PExpr Havoced: sqlite3DbMallocRawNN
Current: sqlite3PExpr Havoced: sqlite3ExprDelete
Current: sqlite3PExpr Havoced: sqlite3ExprDelete
isMemset:   call void @llvm.memset.p0i8.i64(i8* %9, i8 0, i64 72, i32 8, i1 false), !dbg !5626
Current: sqlite3PExpr Havoced: sqlite3ExprAttachSubtrees
Current: sqlite3PExpr Havoced: sqlite3ExprCheckHeight
Current: sqlite3ExprAnd Havoced: sqlite3ExprDeferredDelete
Current: sqlite3ExprAnd Havoced: sqlite3ExprDeferredDelete
Current: sqlite3ExprAnd Havoced: sqlite3Expr
Current: sqlite3ExprAnd Havoced: sqlite3PExpr
isMemset:   call void @llvm.memset.p0i8.i64(i8* %93, i8 0, i64 56, i32 8, i1 false), !dbg !5796
Current: sqlite3ResolveExprNames Havoced: sqlite3ExprCheckHeight
Current: sqlite3ResolveExprNames Havoced: sqlite3WalkExpr

        Unrolling loop in function "sqlite3WhereBegin" for 1 iterations succeeded.
        Unrolling loop in function "sqlite3WhereBegin" for 1 iterations succeeded.
        Unrolling loop in function "sqlite3WhereBegin" for 1 iterations succeeded.
        Unrolling loop in function "sqlite3WhereBegin" for 1 iterations succeeded.
        Unrolling loop in function "sqlite3WhereBegin" for 1 iterations succeeded.
        Unrolling loop in function "sqlite3WhereBegin" for 1 iterations succeeded.
        Unrolling loop in function "sqlite3WhereBegin" for 1 iterations succeeded.
        Unrolling loop in function "sqlite3WhereBegin" for 1 iterations succeeded.
        Unrolling loop in function "sqlite3WhereBegin" for 1 iterations succeeded.
        Transformed "sqlite3WhereBegin" from 184 to 196 basic blocks and from 1191 to 1249 instructionsisMemset:   call void @llvm.memset.p0i8.i64(i8* %12, i8 0, i64 48, i32 8, i1 false), !dbg !5756
Current: sqlite3WhereBegin Havoced: sqlite3DbMallocRawNN
Current: sqlite3WhereBegin Havoced: sqlite3VdbeMakeLabel
isMemset:   call void @llvm.memset.p0i8.i64(i8* %71, i8 0, i64 39, i32 1, i1 false), !dbg !5841
isMemset:   call void @llvm.memset.p0i8.i64(i8* %74, i8 0, i64 %77, i32 8, i1 false), !dbg !5844
Current: sqlite3WhereBegin Havoced: whereLoopInit
Current: sqlite3WhereBegin Havoced: sqlite3WhereClauseInit
Current: sqlite3WhereBegin Havoced: sqlite3WhereSplit
Current: sqlite3WhereBegin Havoced: createMask
Current: sqlite3WhereBegin Havoced: sqlite3WhereTabFuncArgs
Current: sqlite3WhereBegin Havoced: sqlite3VdbeExplain
Current: sqlite3WhereBegin Havoced: sqlite3WhereExprAnalyze
Current: sqlite3WhereBegin Havoced: exprIsDeterministic
Current: sqlite3WhereBegin Havoced: sqlite3ExprIfFalse
Current: sqlite3WhereBegin Havoced: isDistinctRedundant
Current: sqlite3WhereBegin Havoced: whereShortCut
Current: sqlite3WhereBegin Havoced: whereLoopAddAll
Current: sqlite3WhereBegin Havoced: wherePathSolver
Current: sqlite3WhereBegin Havoced: wherePathSolver
Current: sqlite3WhereBegin Havoced: sqlite3WhereExprListUsage
Current: sqlite3WhereBegin Havoced: sqlite3WhereExprListUsage
isMemmove:   call void @llvm.memmove.p0i8.p0i8.i64(i8* %345, i8* %350, i64 %351, i32 8, i1 false), !dbg !6207
Current: sqlite3WhereBegin Havoced: sqlite3SchemaToIndex
Current: sqlite3WhereBegin Havoced: sqlite3TableLock
Current: sqlite3WhereBegin Havoced: sqlite3OpenTable
Current: sqlite3WhereBegin Havoced: sqlite3VdbeChangeP4
Current: sqlite3WhereBegin Havoced: sqlite3VdbeChangeP5
Current: sqlite3WhereBegin Havoced: sqlite3GetVTable
Current: sqlite3WhereBegin Havoced: sqlite3VdbeAddOp4
Current: sqlite3WhereBegin Havoced: sqlite3VdbeAddOp3
Current: sqlite3WhereBegin Havoced: sqlite3VdbeSetP4KeyInfo
Current: sqlite3WhereBegin Havoced: sqlite3VdbeChangeP5
Current: sqlite3WhereBegin Havoced: sqlite3CodeVerifySchema
Current: sqlite3WhereBegin Havoced: sqlite3VdbeCurrentAddr
Current: sqlite3WhereBegin Havoced: constructAutomaticIndex
Current: sqlite3WhereBegin Havoced: sqlite3WhereExplainOneScan
Current: sqlite3WhereBegin Havoced: sqlite3VdbeCurrentAddr
Current: sqlite3WhereBegin Havoced: sqlite3WhereCodeOneLoopStart
Current: sqlite3WhereBegin Havoced: sqlite3VdbeCurrentAddr
Current: sqlite3WhereBegin Havoced: sqlite3DbFree
Current: sqlite3WhereBegin Havoced: whereUndoExprMods
Current: sqlite3WhereBegin Havoced: whereInfoFree
Current: sqlite3WhereBegin Havoced: sqlite3ErrorMsg
Current: sqlite3VdbeAddOp2 Havoced: sqlite3VdbeAddOp3

        Unrolling loop in function "sqlite3WhereEnd" for 1 iterations succeeded.
        Unrolling loop in function "sqlite3WhereEnd" for 1 iterations succeeded.
        Unrolling loop in function "sqlite3WhereEnd" for 1 iterations succeeded.
        Unrolling loop in function "sqlite3WhereEnd" for 1 iterations succeeded.
        Unrolling loop in function "sqlite3WhereEnd" for 1 iterations succeeded.
        Transformed "sqlite3WhereEnd" from 94 to 98 basic blocks and from 659 to 676 instructionsCurrent: sqlite3WhereEnd Havoced: sqlite3VdbeCurrentAddr
Current: sqlite3WhereEnd Havoced: sqlite3VdbeResolveLabel
Current: sqlite3WhereEnd Havoced: sqlite3VdbeAddOp3
Current: sqlite3WhereEnd Havoced: sqlite3VdbeAddOp4Int
Current: sqlite3WhereEnd Havoced: sqlite3VdbeAddOp2
Current: sqlite3WhereEnd Havoced: sqlite3VdbeResolveLabel
Current: sqlite3WhereEnd Havoced: sqlite3VdbeAddOp3
Current: sqlite3WhereEnd Havoced: sqlite3VdbeChangeP5
Current: sqlite3WhereEnd Havoced: sqlite3VdbeResolveLabel
Current: sqlite3WhereEnd Havoced: sqlite3VdbeAddOp2
Current: sqlite3WhereEnd Havoced: sqlite3VdbeJumpHere
Current: sqlite3WhereEnd Havoced: sqlite3VdbeResolveLabel
Current: sqlite3WhereEnd Havoced: sqlite3VdbeJumpHere
Current: sqlite3WhereEnd Havoced: sqlite3VdbeCurrentAddr
Current: sqlite3WhereEnd Havoced: sqlite3VdbeAddOp2
Current: sqlite3WhereEnd Havoced: sqlite3VdbeCurrentAddr
Current: sqlite3WhereEnd Havoced: sqlite3VdbeAddOp4Int
Current: sqlite3WhereEnd Havoced: sqlite3VdbeJumpHere
Current: sqlite3WhereEnd Havoced: sqlite3VdbeAddOp2
Current: sqlite3WhereEnd Havoced: sqlite3VdbeJumpHere
Current: sqlite3WhereEnd Havoced: sqlite3VdbeResolveLabel
Current: sqlite3WhereEnd Havoced: sqlite3VdbeGoto
Current: sqlite3WhereEnd Havoced: sqlite3VdbeJumpHere
Current: sqlite3WhereEnd Havoced: sqlite3VdbeJumpHere
Current: sqlite3WhereEnd Havoced: sqlite3VdbeAddOp2
Current: sqlite3WhereEnd Havoced: sqlite3VdbeAddOp1
Current: sqlite3WhereEnd Havoced: sqlite3VdbeAddOp1
Current: sqlite3WhereEnd Havoced: sqlite3VdbeAddOp1
Current: sqlite3WhereEnd Havoced: sqlite3VdbeGoto
Current: sqlite3WhereEnd Havoced: sqlite3VdbeAddOp2
Current: sqlite3WhereEnd Havoced: sqlite3VdbeJumpHere
Current: sqlite3WhereEnd Havoced: sqlite3VdbeResolveLabel
Current: sqlite3WhereEnd Havoced: sqlite3VdbeGetOp
Current: sqlite3WhereEnd Havoced: sqlite3PrimaryKeyIndex
Current: sqlite3WhereEnd Havoced: sqlite3StorageColumnToTable
Current: sqlite3WhereEnd Havoced: sqlite3TableColumnToIndex
Current: sqlite3WhereEnd Havoced: translateColumnToCopy
Current: sqlite3WhereEnd Havoced: whereUndoExprMods
Current: sqlite3WhereEnd Havoced: whereInfoFree
Current: sqlite3ExprDelete Havoced: sqlite3ExprDeleteNN
Current: sqlite3VdbeJumpHereOrPopInst Havoced: sqlite3VdbeChangeP2

                                                           0 sec [DONE]
        Number of expressions:                        159918
        after encoding

      19 assertions before transformations (16 no_back_edge, 3 custom).

      Performing formula transformations ...
        Simplifier
          Number of rewrites                            6135
        Fixed Memory Address Assigner
          Number of moved ops                              0
          Number of rewrites                            5208
        Simplifier
          Number of moved ops                              0
          Number of rewrites                           72750
        Memory Model Encoder
          Number of moved ops                              0rewriteAllocaOprewriteStackAddressOp
rewriteAllocaOprewriteStackAddressOp
rewriteAllocaOprewriteStackAddressOp
rewriteAllocaOprewriteStackAddressOp
rewriteAllocaOprewriteStackAddressOp

          Number of rewrites                               5
        Simplifier
          Number of moved ops                              0
          Number of rewrites                              92
        Simplifier
          Number of moved ops                              0
          Number of rewrites                             258
        ToASC Analyser
          Memcpy/memset found                            yes
        Byte-Based Memory Creator
          Number of rewrites                            9387
        Instantiation-Based ToASC Simplifier
          Number of rewrites                               2
        Simplifier
          Number of moved ops                              1
          Number of rewrites                           23706
        FP Abstraction
          Number of rewrites                              22

Abstracted floating point operations.  The result might be a false positive.

        Simplifier
          Number of moved ops                              0
          Number of rewrites                               0
                                                           0 sec [DONE]
        
      19 assertions remain after transformations (16 no_back_edge, 3 custom).
after rewriteFormula
after sanityCheckFormula

      Running SMT solver (STP with MiniSat) ...