runJobCommand
arguents: child
arguents: job
arguents: mode
handleJobInSeparateProcess0

Checking job 465 ...about to run job:
preconNumber: 3, 1

  Running Model Checker with 1 checks ...try
try ready

    SMTSolver : stp
    CallStackBound : 0
    StopEncodingAfterCheckLoop : 0
    LoopUnrollBound : 4
    HavocLimit : 0
    PreconditionNumber : 3
    PreconditionLocation : jobs/465
    TimeOut : 300
    InitializedGlobals : false
    IgnoreMissingFunctions : false
    StopEncodingAfterCheck : false
    OverApproxVaArgs : false
    PreconditionCheckMemory : false
    PreconditionOnlyArguments : trueI [0] lib/ModelChecker/Verifier.cpp:247 | EntryPoint : mat_mymul4
m_checker->run()

    Performing bounded model checking ...
      Unrolling loop in function "mat_mymul4" for 4 iterations succeeded.
      Unrolling loop in function "mat_mymul4" for 4 iterations succeeded.
      Unrolling loop in function "mat_mymul4" for 4 iterations succeeded.
      Transformed "mat_mymul4" from 13 to 232 basic blocks and from 88 to 2674 instructions
      Performing pre-transformations on LLVM IR ...        0 sec [DONE]
        
      Performing logical encoding ...size Alloca: 1
size Alloca: 1
size Alloca: 1
                      0 sec [DONE]
        Number of expressions:                         11092
        after encoding

      101 assertions before transformations (21 no_back_edge, 80 custom).

      Performing formula transformations ...
        Simplifier
          Number of rewrites                            2516
        Fixed Memory Address Assigner
          Number of moved ops                              3
          Number of rewrites                             367
        Simplifier
          Number of moved ops                              3
          Number of rewrites                            5470
        Memory Model Encoder
          Number of moved ops                              0
          Number of rewrites                               0
        Simplifier
          Number of rewrites                              84
        Simplifier
          Number of moved ops                              0
          Number of rewrites                               0
        ToASC Analyser
          Memcpy/memset found                             no
        Byte-Based Memory Creator
        Instantiation-Based ToASC Simplifier
        Simplifier
        FP Abstraction
          Number of rewrites                             209

Abstracted floating point operations.  The result might be a false positive.

        Simplifier
          Number of rewrites                               0
                                                           0 sec [DONE]
        
      101 assertions remain after transformations (21 no_back_edge, 80 custom).
after rewriteFormula
after sanityCheckFormula

      Running SMT solver (STP with MiniSat) ...            8 sec [DONE]
        
                                                           8 sec [DONE]
      after performing Check
evaluateCheckerResultsViaRefinementLoop
checker.getResult() is Trace
checkOnlyPrecon: 0, size:1
getFailingCheckFor
setStatusMarkerAccordingToFailingInstruction
BranchInst - LoopBound
trying to exclude Assertions for Failing Instruction

    Rerunning SMT solver (STP with MiniSat) ...            7 sec [DONE]
      checker.getResult() is Trace
checkOnlyPrecon: 0, size:1
getFailingCheckFor
setCheckToUnsafe
setCheckToUnsafe
Check for floating point traces / abstractions currently deactivated
getCheckerResultAfterUpdatingMarker
failingInst:   call void @llbmc.assert(i1 %5, i32 %0)
Preconditions internal: 
i16 %arg3:-16384; (i16 %arg3:49152)
 function does not read memory: 0, checkValidLoad:0, checkMemory: 0
function does not read memory 

assumePair: i16 %arg3 = nondef() : -16384

    Rerunning SMT solver (STP with MiniSat) ...            8 sec [DONE]
      failingInst:   br i1 %474, label %bb3.0.3.0, label %bb2.bb9_crit_edge.0, !dbg !1401, !llvm.loop !1430
Preconditions internal: 
i16 %arg3:23545; (i16 %arg3:23545)
 function does not read memory: 0, checkValidLoad:0, checkMemory: 0
function does not read memory 

assumePair: i16 %arg3 = nondef() : 23545

    Rerunning SMT solver (STP with MiniSat) ...           10 sec [DONE]
      failingInst:   br i1 %474, label %bb3.0.3.0, label %bb2.bb9_crit_edge.0, !dbg !1401, !llvm.loop !1430
Preconditions internal: 
i16 %arg3:15358; (i16 %arg3:15358)
 function does not read memory: 0, checkValidLoad:0, checkMemory: 0
function does not read memory 

assumePair: i16 %arg3 = nondef() : 15358

    Rerunning SMT solver (STP with MiniSat) ...            8 sec [DONE]
      name of function arguments: Writing precondition at: jobs/465/precondition_mat_mymul4.txt

Generated Preconditions:
[underoverapprox]name of function arguments: 
i16 %arg3:-16384; 
i16 %arg3:23545; 
i16 %arg3:15358; 

                                                          45 sec [DONE]
    allunsafe
    
                                                          45 sec [DONE]
  