runJobCommand
arguents: child
arguents: job
arguents: mode
Careful, HavocLimit is not zero. Call Abstraction is activated
handleJobInSeparateProcess0

Checking job 3670 ...about to run job:
preconNumber: 0, 0

  Running Model Checker with 1 checks ...try
try ready

    SMTSolver : stp
    CallStackBound : 0
    StopEncodingAfterCheckLoop : 0
    LoopUnrollBound : 1
    HavocLimit : 1
    PreconditionNumber : 0
    PreconditionLocation : jobs/3670
    TimeOut : 600
    InitializedGlobals : false
    IgnoreMissingFunctions : false
    StopEncodingAfterCheck : false
    OverApproxVaArgs : false
    PreconditionCheckMemory : false
    PreconditionOnlyArguments : trueI [0] lib/ModelChecker/Verifier.cpp:247 | EntryPoint : pageInsertArray
m_checker->run()

    Performing bounded model checking ...
      Unrolling loop in function "pageInsertArray" for 1 iterations succeeded.
      Unrolling loop in function "pageInsertArray" for 1 iterations succeeded.
      Transformed "pageInsertArray" from 25 to 41 basic blocks and from 198 to 346 instructions
      Performing pre-transformations on LLVM IR ...        0 sec [DONE]
        
      Performing logical encoding ...Current: pageInsertArray Havoced: pageFindSlot
isMemmove:   call void @llvm.memmove.p0i8.p0i8.i64(i8* %58, i8* %82, i64 %83, i32 1, i1 false), !dbg !5740
Current: pageInsertArray Havoced: pageFindSlot
isMemmove:   call void @llvm.memmove.p0i8.p0i8.i64(i8* %140, i8* %163, i64 %164, i32 1, i1 false), !dbg !5740
Current: pageInsertArray Havoced: sqlite3CorruptError
                      0 sec [DONE]
        Number of expressions:                        155532
        after encoding

      4 assertions before transformations (2 no_back_edge, 2 custom).

      Performing formula transformations ...
        Simplifier
          Number of rewrites                            3645
        Fixed Memory Address Assigner
          Number of moved ops                              0
          Number of rewrites                            5208
        Simplifier
          Number of moved ops                              0
          Number of rewrites                           72656
        Memory Model Encoder
          Number of moved ops                              0rewriteAllocaOprewriteStackAddressOp

          Number of rewrites                               1
        Simplifier
          Number of moved ops                              0
          Number of rewrites                               6
        Simplifier
          Number of moved ops                              0
          Number of rewrites                             142
        ToASC Analyser
          Memcpy/memset found                            yes
        Byte-Based Memory Creator
          Number of rewrites                            8953
        Instantiation-Based ToASC Simplifier
          Number of rewrites                               2
        Simplifier
          Number of moved ops                            327
          Number of rewrites                           23139
        FP Abstraction
          Number of rewrites                              22

Abstracted floating point operations.  The result might be a false positive.

        Simplifier
          Number of moved ops                              0
          Number of rewrites                               0
                                                           0 sec [DONE]
        
      4 assertions remain after transformations (2 no_back_edge, 2 custom).
after rewriteFormula
after sanityCheckFormula

      Running SMT solver (STP with MiniSat) ...