runJobCommand
arguents: child
arguents: job
arguents: mode
Careful, HavocLimit is not zero. Call Abstraction is activated
handleJobInSeparateProcess0

Checking job 6705 ...about to run job:
preconNumber: 0, 0

  Running Model Checker with 1 checks ...try
try ready

    SMTSolver : stp
    CallStackBound : 0
    StopEncodingAfterCheckLoop : 0
    LoopUnrollBound : 1
    HavocLimit : 2
    PreconditionNumber : 0
    PreconditionLocation : jobs/6705
    TimeOut : 600
    InitializedGlobals : false
    IgnoreMissingFunctions : false
    StopEncodingAfterCheck : false
    OverApproxVaArgs : false
    PreconditionCheckMemory : false
    PreconditionOnlyArguments : trueI [0] lib/ModelChecker/Verifier.cpp:247 | EntryPoint : pushOntoSorter
m_checker->run()

    Performing bounded model checking ...
      Performing pre-transformations on LLVM IR ...        0 sec [DONE]
        
      Performing logical encoding ...
        Unrolling loop in function "sqlite3ExprCodeExprList" for 1 iterations succeeded.
        Transformed "sqlite3ExprCodeExprList" from 27 to 28 basic blocks and from 190 to 197 instructionsCurrent: sqlite3ExprCodeExprList Havoced: sqlite3ExprIsConstantNotJoin
Current: sqlite3ExprCodeExprList Havoced: sqlite3ExprCodeTarget
Current: sqlite3ExprCodeExprList Havoced: sqlite3VdbeGetOp
Current: sqlite3ExprCodeExprList Havoced: sqlite3VdbeAddOp2
Current: sqlite3ExprCodeExprList Havoced: sqlite3ExprCodeRunJustOnce
Current: sqlite3ExprCodeExprList Havoced: sqlite3VdbeAddOp2
Current: sqlite3VdbeAddOp2 Havoced: sqlite3VdbeAddOp3
Current: sqlite3ExprCodeMove Havoced: sqlite3VdbeAddOp3
Current: makeSorterRecord Havoced: innerLoopLoadRow
Current: makeSorterRecord Havoced: sqlite3VdbeAddOp3
Current: sqlite3VdbeAddOp1 Havoced: sqlite3VdbeAddOp3
Current: sqlite3VdbeAddOp1 Havoced: sqlite3VdbeAddOp3
Current: sqlite3VdbeAddOp3 Havoced: growOp3
isMemset:   call void @llvm.memset.p0i8.i64(i8* %92, i8 0, i64 %95, i32 1, i1 false), !dbg !5790
Current: sqlite3VdbeChangeP4 Havoced: sqlite3VtabLock
Current: sqlite3VdbeChangeP4 Havoced: vdbeChangeP4Full
Current: sqlite3VdbeChangeP4 Havoced: freeP4

        Unrolling loop in function "sqlite3KeyInfoFromExprList" for 1 iterations succeeded.
        Transformed "sqlite3KeyInfoFromExprList" from 7 to 8 basic blocks and from 68 to 72 instructionsCurrent: sqlite3KeyInfoFromExprList Havoced: sqlite3KeyInfoAlloc
Current: sqlite3KeyInfoFromExprList Havoced: sqlite3ExprNNCollSeq
Current: sqlite3VdbeAddOp3 Havoced: growOp3
Current: sqlite3VdbeAddOp2 Havoced: sqlite3VdbeAddOp3
Current: sqlite3VdbeAddOp1 Havoced: sqlite3VdbeAddOp3
Current: sqlite3VdbeAddOp2 Havoced: sqlite3VdbeAddOp3
Current: sqlite3VdbeJumpHere Havoced: sqlite3VdbeChangeP2
Current: sqlite3ExprCodeMove Havoced: sqlite3VdbeAddOp3
Current: sqlite3VdbeJumpHere Havoced: sqlite3VdbeChangeP2
Current: sqlite3VdbeAddOp2 Havoced: sqlite3VdbeAddOp3
Current: sqlite3VdbeAddOp2 Havoced: sqlite3VdbeAddOp3
Current: sqlite3VdbeAddOp4Int Havoced: sqlite3VdbeAddOp3
Current: sqlite3VdbeAddOp1 Havoced: sqlite3VdbeAddOp3
Current: makeSorterRecord Havoced: innerLoopLoadRow
Current: makeSorterRecord Havoced: sqlite3VdbeAddOp3
Current: sqlite3VdbeAddOp4Int Havoced: sqlite3VdbeAddOp3
Current: sqlite3VdbeChangeP2 Havoced: sqlite3VdbeGetOp

                                                           0 sec [DONE]
        Number of expressions:                        156485
        after encoding

      4 assertions before transformations (2 no_back_edge, 2 custom).

      Performing formula transformations ...
        Simplifier
          Number of rewrites                            4179
        Fixed Memory Address Assigner
          Number of moved ops                              0
          Number of rewrites                            5208
        Simplifier
          Number of moved ops                              0
          Number of rewrites                           72650
        Memory Model Encoder
          Number of moved ops                              0
          Number of rewrites                               0
        Simplifier
          Number of rewrites                              10
        Simplifier
          Number of moved ops                              0
          Number of rewrites                             142
        ToASC Analyser
          Memcpy/memset found                            yes
        Byte-Based Memory Creator
          Number of rewrites                            9068
        Instantiation-Based ToASC Simplifier
          Number of rewrites                               1
        Simplifier
          Number of moved ops                            139
          Number of rewrites                           23260
        FP Abstraction
          Number of rewrites                              22

Abstracted floating point operations.  The result might be a false positive.

        Simplifier
          Number of moved ops                              0
          Number of rewrites                               0
                                                           0 sec [DONE]
        
      4 assertions remain after transformations (2 no_back_edge, 2 custom).
after rewriteFormula
after sanityCheckFormula

      Running SMT solver (STP with MiniSat) ...