runJobCommand
arguents: child
arguents: job
arguents: mode
Careful, HavocLimit is not zero. Call Abstraction is activated
handleJobInSeparateProcess0

Checking job 1833 ...about to run job:
preconNumber: 0, 0

  Running Model Checker with 1 checks ...try
try ready

    SMTSolver : stp
    CallStackBound : 0
    StopEncodingAfterCheckLoop : 0
    LoopUnrollBound : 1
    HavocLimit : 1
    PreconditionNumber : 0
    PreconditionLocation : jobs/1833
    TimeOut : 600
    InitializedGlobals : false
    IgnoreMissingFunctions : false
    StopEncodingAfterCheck : false
    OverApproxVaArgs : false
    PreconditionCheckMemory : false
    PreconditionOnlyArguments : trueI [0] lib/ModelChecker/Verifier.cpp:247 | EntryPoint : sqlite3VdbeMemTranslate
m_checker->run()

    Performing bounded model checking ...
      Unrolling loop in function "sqlite3VdbeMemTranslate" for 1 iterations succeeded.
      Unrolling loop in function "sqlite3VdbeMemTranslate" for 1 iterations succeeded.
      Unrolling loop in function "sqlite3VdbeMemTranslate" for 1 iterations succeeded.
      Unrolling loop in function "sqlite3VdbeMemTranslate" for 1 iterations succeeded.
      Unrolling loop in function "sqlite3VdbeMemTranslate" for 1 iterations succeeded.
      Unrolling loop in function "sqlite3VdbeMemTranslate" for 1 iterations succeeded.
      Unrolling loop in function "sqlite3VdbeMemTranslate" for 1 iterations succeeded.
      Transformed "sqlite3VdbeMemTranslate" from 93 to 106 basic blocks and from 966 to 1051 instructions
      Performing pre-transformations on LLVM IR ...        0 sec [DONE]
        
      Performing logical encoding ...Current: sqlite3VdbeMemTranslate Havoced: sqlite3DbMallocRaw
Current: sqlite3VdbeMemTranslate Havoced: sqlite3VdbeMemRelease
Current: sqlite3VdbeMemTranslate Havoced: sqlite3DbMallocSize
Current: sqlite3VdbeMemTranslate Havoced: sqlite3VdbeMemMakeWriteable
                      0 sec [DONE]
        Number of expressions:                        156286
        after encoding

      8 assertions before transformations (7 no_back_edge, 1 custom).

      Performing formula transformations ...
        Simplifier
          Number of rewrites                            3928
        Fixed Memory Address Assigner
          Number of moved ops                              0
          Number of rewrites                            5208
        Simplifier
          Number of moved ops                              0
          Number of rewrites                           72669
        Memory Model Encoder
          Number of moved ops                              0
          Number of rewrites                               0
        Simplifier
          Number of rewrites                               7
        Simplifier
          Number of moved ops                              0
          Number of rewrites                             142
        ToASC Analyser
          Memcpy/memset found                             no
        Byte-Based Memory Creator
        Instantiation-Based ToASC Simplifier
        Simplifier
        FP Abstraction
          Number of rewrites                              44

Abstracted floating point operations.  The result might be a false positive.

        Simplifier
          Number of moved ops                              0
          Number of rewrites                               0
                                                           0 sec [DONE]
        
      8 assertions remain after transformations (7 no_back_edge, 1 custom).
after rewriteFormula
after sanityCheckFormula

      Running SMT solver (STP with MiniSat) ...