runJobCommand
arguents: child
arguents: job
arguents: mode
Careful, HavocLimit is not zero. Call Abstraction is activated
handleJobInSeparateProcess0

Checking job 4321 ...about to run job:
preconNumber: 0, 0

  Running Model Checker with 1 checks ...try
try ready

    SMTSolver : stp
    CallStackBound : 0
    StopEncodingAfterCheckLoop : 0
    LoopUnrollBound : 1
    HavocLimit : 1
    PreconditionNumber : 0
    PreconditionLocation : jobs/4321
    TimeOut : 600
    InitializedGlobals : false
    IgnoreMissingFunctions : false
    StopEncodingAfterCheck : false
    OverApproxVaArgs : false
    PreconditionCheckMemory : false
    PreconditionOnlyArguments : trueI [0] lib/ModelChecker/Verifier.cpp:247 | EntryPoint : sqlite3VdbeDisplayP4
m_checker->run()

    Performing bounded model checking ...
      Unrolling loop in function "sqlite3VdbeDisplayP4" for 1 iterations succeeded.
      Unrolling loop in function "sqlite3VdbeDisplayP4" for 1 iterations succeeded.
      Transformed "sqlite3VdbeDisplayP4" from 45 to 65 basic blocks and from 281 to 325 instructions
      Performing pre-transformations on LLVM IR ...        0 sec [DONE]
        
      Performing logical encoding ...Current: sqlite3VdbeDisplayP4 Havoced: sqlite3StrAccumInit
Current: sqlite3VdbeDisplayP4 Havoced: sqlite3_str_appendf
Current: sqlite3VdbeDisplayP4 Havoced: sqlite3_str_appendf
Current: sqlite3VdbeDisplayP4 Havoced: sqlite3_str_appendf
Current: sqlite3VdbeDisplayP4 Havoced: sqlite3_str_appendf

        Unrolling loop in function "llbmc.strcmp" for 0 iterations succeeded.
        Transformed "llbmc.strcmp" from 4 to 3 basic blocks and from 14 to 16 instructionsCurrent: sqlite3VdbeDisplayP4 Havoced: sqlite3_str_appendf
Current: sqlite3VdbeDisplayP4 Havoced: sqlite3_str_append
Current: sqlite3VdbeDisplayP4 Havoced: sqlite3_str_appendf
Current: sqlite3VdbeDisplayP4 Havoced: sqlite3_str_appendf
Current: sqlite3VdbeDisplayP4 Havoced: sqlite3_str_appendf
Current: sqlite3VdbeDisplayP4 Havoced: sqlite3_str_appendf
Current: sqlite3VdbeDisplayP4 Havoced: sqlite3_str_appendf
Current: sqlite3VdbeDisplayP4 Havoced: sqlite3_str_appendf
Current: sqlite3VdbeDisplayP4 Havoced: sqlite3_str_append
Current: sqlite3VdbeDisplayP4 Havoced: sqlite3_str_appendf
Current: sqlite3VdbeDisplayP4 Havoced: sqlite3_str_appendall
Current: sqlite3VdbeDisplayP4 Havoced: sqlite3OomFault
Current: sqlite3VdbeDisplayP4 Havoced: sqlite3StrAccumFinish

                                                           0 sec [DONE]
        Number of expressions:                        155717
        after encoding

      4 assertions before transformations (3 no_back_edge, 1 custom).

      Performing formula transformations ...
        Simplifier
          Number of rewrites                            3750
        Fixed Memory Address Assigner
          Number of moved ops                              0
          Number of rewrites                            5208
        Simplifier
          Number of moved ops                              0
          Number of rewrites                           72621
        Memory Model Encoder
          Number of moved ops                              0rewriteAllocaOprewriteStackAddressOp

          Number of rewrites                               1
        Simplifier
          Number of moved ops                              0
          Number of rewrites                              15
        Simplifier
          Number of moved ops                              0
          Number of rewrites                             142
        ToASC Analyser
          Memcpy/memset found                             no
        Byte-Based Memory Creator
        Instantiation-Based ToASC Simplifier
        Simplifier
        FP Abstraction
          Number of rewrites                              44

Abstracted floating point operations.  The result might be a false positive.

        Simplifier
          Number of moved ops                              0
          Number of rewrites                               0
                                                           0 sec [DONE]
        
      4 assertions remain after transformations (3 no_back_edge, 1 custom).
after rewriteFormula
after sanityCheckFormula

      Running SMT solver (STP with MiniSat) ...            0 sec [DONE]
        
                                                           0 sec [DONE]
      after performing Check
evaluateCheckerResultsViaRefinementLoop
checker.getResult() is Trace
checkOnlyPrecon: 0, size:1
getFailingCheckFor
setStatusMarkerAccordingToFailingInstruction
BranchInst - LoopBound
trying to exclude Assertions for Failing Instruction

    Rerunning SMT solver (STP with MiniSat) ...            0 sec [DONE]
      checker.getResult() is Trace
checkOnlyPrecon: 0, size:1
getFailingCheckFor
setCheckToUnsafe
setCheckToUnsafe
Check for floating point traces / abstractions currently deactivated
trying to exclude Assertions for Failing Instruction

    Rerunning SMT solver (STP with MiniSat) ...            0 sec [DONE]
      checker.getResult() is Trace
checkOnlyPrecon: 0, size:1
getFailingCheckFor
setStatusMarkerAccordingToFailingInstruction
BranchInst - LoopBound
trying to exclude Assertions for Failing Instruction

    Rerunning SMT solver (STP with MiniSat) ...            0 sec [DONE]
      checker.getResult() is Trace
checkOnlyPrecon: 0, size:1
getFailingCheckFor
setStatusMarkerAccordingToFailingInstruction
BranchInst - LoopBound
trying to exclude Assertions for Failing Instruction

    Rerunning SMT solver (STP with MiniSat) ...            0 sec [DONE]
      getCheckerResultAfterUpdatingMarker
Result is NoTrace

                                                           1 sec [DONE]
    allunsafe
    
                                                           1 sec [DONE]
  