runJobCommand
precondition analysis with entry:extract_accel_header_mode
arguents: child
arguents: job
arguents: mode
arguents: precondition
handleJobInSeparateProcess0

Checking job 484 ...about to run job:
preconNumber: 5, 1

  Running Model Checker with 1 checks ...entry: extract_accel_header_mode, functionName: unpack_accel_frame
  call void @qpr.precondition.unpack_accel_frame(%struct.bmi160_sensor_data.8* %0, i16* %4, i8* %5, i8 %30, %struct.bmi160_dev.7* @configStub)
entry: extract_accel_header_mode, functionName: bmi160_extract_accel
entry: extract_accel_header_mode, functionName: extract_accel_header_mode
entry: extract_accel_header_mode, functionName: unpack_accel_frame
try
try ready

    SMTSolver : stp
    CallStackBound : 0
    StopEncodingAfterCheckLoop : 0
    LoopUnrollBound : 12
    HavocLimit : 0
    PreconditionNumber : 5
    PreconditionLocation : jobs/484
    TimeOut : 300
    InitializedGlobals : false
    IgnoreMissingFunctions : false
    StopEncodingAfterCheck : false
    OverApproxVaArgs : false
    PreconditionCheckMemory : false
    PreconditionOnlyArguments : trueI [0] lib/ModelChecker/Verifier.cpp:247 | EntryPoint : extract_accel_header_mode
m_checker->run()

    Performing bounded model checking ...
      Unrolling loop in function "extract_accel_header_mode" for 12 iterations succeeded.
      Transformed "extract_accel_header_mode" from 16 to 414 basic blocks and from 99 to 1341 instructions
      Performing pre-transformations on LLVM IR ...        0 sec [DONE]
        
      Performing logical encoding ...size Alloca: 1
size Alloca: 1
size Alloca: 1
TODO MKB implement precondition handling: IE
Reading in precondition at: jobs/484/precondition_unpack_accel_frame.txt
preconFile: jobs/484/precondition_unpack_accel_frame.txt
ref: [overapprox]name of function arguments, argValue:  
ref: [overapprox]name of function arguments, argValue:  
name of function arguments line
param: i8 %arg3:64
---name: i8 %arg3, value: 64.
integer, char or other simple types
name: i8 %arg3
assuming that there are not more then 10 arguments
nameIndex: 3
nameID: 3
argument name: 
value: 64
###new bool cond: bool % = compare(%, %i8__64)
pruneOrAssert -- adding line boolCond: bool % = compare(%, %i8__64)
param: i8 %arg3:-124
---name: i8 %arg3, value: -124.
integer, char or other simple types
name: i8 %arg3
assuming that there are not more then 10 arguments
nameIndex: 3
nameID: 3
argument name: 
value: -124
###new bool cond: bool % = compare(%, %i8__132)
pruneOrAssert -- adding line boolCond: bool % = compare(%, %i8__132)
Writing precondition type at: jobs/484/precondition_type_extract_accel_header_mode.txt

Type of Precondition:
[overapprox]
precondition found, end encoding
                      0 sec [DONE]
        Number of expressions:                           529
        after encoding

      2 assertions before transformations (2 custom).

      Performing formula transformations ...
        Simplifier
          Number of rewrites                             216
        Fixed Memory Address Assigner
          Number of moved ops                              8
          Number of rewrites                              11
        Simplifier
          Number of moved ops                              3
          Number of rewrites                             119
        Memory Model Encoder
          Number of moved ops                              0rewriteAllocaOprewriteStackAddressOp
rewriteAllocaOprewriteStackAddressOp

          Number of rewrites                               2
        Simplifier
          Number of moved ops                              0
          Number of rewrites                             102
        Simplifier
          Number of moved ops                              0
          Number of rewrites                               0
        ToASC Analyser
          Memcpy/memset found                             no
        Byte-Based Memory Creator
        Instantiation-Based ToASC Simplifier
        Simplifier
        FP Abstraction
          Number of rewrites                               0
        Simplifier
          Number of rewrites                               0
                                                           0 sec [DONE]
        
      2 assertions remain after transformations (2 custom).
after rewriteFormula
after sanityCheckFormula

      Running SMT solver (STP with MiniSat) ...            0 sec [DONE]
        
                                                           0 sec [DONE]
      after performing Check
evaluateCheckerResultsViaRefinementLoop
checker.getResult() is Trace
checkOnlyPrecon: 1, size:1
setCheckToUnsafe for precondition Instruction
checkID: 2151
setCheckToUnsafe
set check to unsafe
getCheckerResultAfterUpdatingMarker
failingInst is nullptr
Preconditions internal: 

 function does not read memory: 0, checkValidLoad:0, checkMemory: 0
function does not read memory 


    Rerunning SMT solver (STP with MiniSat) ...            0 sec [DONE]
      failingInst is nullptr
Preconditions internal: 

 function does not read memory: 0, checkValidLoad:0, checkMemory: 0
function does not read memory 


    Rerunning SMT solver (STP with MiniSat) ...            0 sec [DONE]
      failingInst is nullptr
Preconditions internal: 

 function does not read memory: 0, checkValidLoad:0, checkMemory: 0
function does not read memory 


    Rerunning SMT solver (STP with MiniSat) ...            0 sec [DONE]
      failingInst is nullptr
Preconditions internal: 

 function does not read memory: 0, checkValidLoad:0, checkMemory: 0
function does not read memory 


    Rerunning SMT solver (STP with MiniSat) ...            0 sec [DONE]
      failingInst is nullptr
Preconditions internal: 

 function does not read memory: 0, checkValidLoad:0, checkMemory: 0
function does not read memory 


    Rerunning SMT solver (STP with MiniSat) ...            0 sec [DONE]
      name of function arguments: Writing precondition at: jobs/484/precondition_extract_accel_header_mode.txt

Generated Preconditions:
[underoverapprox]name of function arguments: 






                                                           0 sec [DONE]
    allunsafe
    
                                                           0 sec [DONE]
  ning SMT solver (STP with MiniSat) ...            9 sec [DONE]
      failingInst:   call void @qpr.precondition.unpack_accel_frame(%struct.bmi160_sensor_data.8* %arg0, i16* %0, i8* %2, i8 %26, %struct.bmi160_dev.7* @configStub), !dbg !243
Preconditions internal: 

 function does not read memory: 0, checkValidLoad:0, checkMemory: 0
function does not read memory 


    Rerunning SMT solver (STP with MiniSat) ...            9 sec [DONE]
      failingInst:   call void @qpr.precondition.unpack_accel_frame(%struct.bmi160_sensor_data.8* %arg0, i16* %0, i8* %2, i8 %26, %struct.bmi160_dev.7* @configStub), !dbg !243
Preconditions internal: 

 function does not read memory: 0, checkValidLoad:0, checkMemory: 0
function does not read memory 


    Rerunning SMT solver (STP with MiniSat) ...            9 sec [DONE]
      name of function arguments: Writing precondition at: jobs/484/precondition_bmi160_extract_accel.txt

Generated Preconditions:
[underoverapprox]name of function arguments: 






                                                          55 sec [DONE]
    allunsafe
    
                                                          55 sec [DONE]
  