runJobCommand
arguents: child
arguents: job
arguents: mode
Careful, HavocLimit is not zero. Call Abstraction is activated
handleJobInSeparateProcess0

Checking job 7798 ...about to run job:
preconNumber: 0, 0

  Running Model Checker with 1 checks ...try
try ready

    SMTSolver : stp
    CallStackBound : 0
    StopEncodingAfterCheckLoop : 0
    LoopUnrollBound : 1
    HavocLimit : 2
    PreconditionNumber : 0
    PreconditionLocation : jobs/7798
    TimeOut : 600
    InitializedGlobals : false
    IgnoreMissingFunctions : false
    StopEncodingAfterCheck : false
    OverApproxVaArgs : false
    PreconditionCheckMemory : false
    PreconditionOnlyArguments : trueI [0] lib/ModelChecker/Verifier.cpp:247 | EntryPoint : wherePathSolver
m_checker->run()

    Performing bounded model checking ...
      Unrolling loop in function "wherePathSolver" for 1 iterations succeeded.
      Unrolling loop in function "wherePathSolver" for 1 iterations succeeded.
      Unrolling loop in function "wherePathSolver" for 1 iterations succeeded.
      Unrolling loop in function "wherePathSolver" for 1 iterations succeeded.
      Unrolling loop in function "wherePathSolver" for 1 iterations succeeded.
      Unrolling loop in function "wherePathSolver" for 1 iterations succeeded.
      Unrolling loop in function "wherePathSolver" for 1 iterations succeeded.
      Unrolling loop in function "wherePathSolver" for 1 iterations succeeded.
      Transformed "wherePathSolver" from 133 to 142 basic blocks and from 981 to 1067 instructions
      Performing pre-transformations on LLVM IR ...        0 sec [DONE]
        
      Performing logical encoding ...Current: sqlite3DbMallocRawNN Havoced: dbMallocRawFinish
Current: sqlite3DbMallocRawNN Havoced: dbMallocRawFinish
isMemset:   call void @llvm.memset.p0i8.i64(i8* %44, i8 0, i64 32, i32 8, i1 false), !dbg !5760
isMemset:   call void @llvm.memset.p0i8.i64(i8* %61, i8 0, i64 %63, i32 2, i1 false), !dbg !5790

        Unrolling loop in function "wherePathSatisfiesOrderBy" for 1 iterations succeeded.
        Unrolling loop in function "wherePathSatisfiesOrderBy" for 1 iterations succeeded.
        Unrolling loop in function "wherePathSatisfiesOrderBy" for 1 iterations succeeded.
        Unrolling loop in function "wherePathSatisfiesOrderBy" for 1 iterations succeeded.
        Unrolling loop in function "wherePathSatisfiesOrderBy" for 1 iterations succeeded.
        Unrolling loop in function "wherePathSatisfiesOrderBy" for 1 iterations succeeded.
        Unrolling loop in function "wherePathSatisfiesOrderBy" for 1 iterations succeeded.
        Unrolling loop in function "wherePathSatisfiesOrderBy" for 1 iterations succeeded.
        Transformed "wherePathSatisfiesOrderBy" from 185 to 423 basic blocks and from 1083 to 2375 instructionsCurrent: wherePathSatisfiesOrderBy Havoced: sqlite3ExprSkipCollateAndLikely
Current: wherePathSatisfiesOrderBy Havoced: sqlite3WhereFindTerm
Current: wherePathSatisfiesOrderBy Havoced: sqlite3ExprNNCollSeq
Current: wherePathSatisfiesOrderBy Havoced: sqlite3ExprCompareCollSeq
Current: wherePathSatisfiesOrderBy Havoced: sqlite3StrICmp
Current: wherePathSatisfiesOrderBy Havoced: sqlite3ExprSkipCollateAndLikely
Current: wherePathSatisfiesOrderBy Havoced: sqlite3ExprCompareSkip
Current: wherePathSatisfiesOrderBy Havoced: sqlite3ExprNNCollSeq
Current: wherePathSatisfiesOrderBy Havoced: sqlite3StrICmp
Current: wherePathSatisfiesOrderBy Havoced: sqlite3ExprSkipCollateAndLikely
Current: wherePathSatisfiesOrderBy Havoced: sqlite3ExprCompareSkip
Current: wherePathSatisfiesOrderBy Havoced: sqlite3ExprNNCollSeq
Current: wherePathSatisfiesOrderBy Havoced: sqlite3StrICmp
Current: wherePathSatisfiesOrderBy Havoced: sqlite3WhereExprUsage
Current: wherePathSatisfiesOrderBy Havoced: sqlite3ExprIsConstant
Current: wherePathSatisfiesOrderBy Havoced: sqlite3ExprSkipCollateAndLikely
Current: wherePathSatisfiesOrderBy Havoced: sqlite3WhereFindTerm
Current: wherePathSatisfiesOrderBy Havoced: sqlite3ExprNNCollSeq
Current: wherePathSatisfiesOrderBy Havoced: sqlite3ExprCompareCollSeq
Current: wherePathSatisfiesOrderBy Havoced: sqlite3StrICmp
Current: wherePathSatisfiesOrderBy Havoced: sqlite3ExprSkipCollateAndLikely
Current: wherePathSatisfiesOrderBy Havoced: sqlite3ExprCompareSkip
Current: wherePathSatisfiesOrderBy Havoced: sqlite3ExprNNCollSeq
Current: wherePathSatisfiesOrderBy Havoced: sqlite3StrICmp
Current: wherePathSatisfiesOrderBy Havoced: sqlite3ExprSkipCollateAndLikely
Current: wherePathSatisfiesOrderBy Havoced: sqlite3ExprCompareSkip
Current: wherePathSatisfiesOrderBy Havoced: sqlite3ExprNNCollSeq
Current: wherePathSatisfiesOrderBy Havoced: sqlite3StrICmp
Current: wherePathSatisfiesOrderBy Havoced: sqlite3WhereExprUsage
Current: wherePathSatisfiesOrderBy Havoced: sqlite3ExprIsConstant
Current: whereSortingCost Havoced: sqlite3LogEst
Current: whereSortingCost Havoced: estLog
isMemcpy:   call void @llvm.memcpy.p0i8.p0i8.i64(i8* %266, i8* %269, i64 %271, i32 8, i1 false), !dbg !6046
Current: wherePathSatisfiesOrderBy Havoced: sqlite3ExprSkipCollateAndLikely
Current: wherePathSatisfiesOrderBy Havoced: sqlite3WhereFindTerm
Current: wherePathSatisfiesOrderBy Havoced: sqlite3ExprNNCollSeq
Current: wherePathSatisfiesOrderBy Havoced: sqlite3ExprCompareCollSeq
Current: wherePathSatisfiesOrderBy Havoced: sqlite3StrICmp
Current: wherePathSatisfiesOrderBy Havoced: sqlite3ExprSkipCollateAndLikely
Current: wherePathSatisfiesOrderBy Havoced: sqlite3ExprCompareSkip
Current: wherePathSatisfiesOrderBy Havoced: sqlite3ExprNNCollSeq
Current: wherePathSatisfiesOrderBy Havoced: sqlite3StrICmp
Current: wherePathSatisfiesOrderBy Havoced: sqlite3ExprSkipCollateAndLikely
Current: wherePathSatisfiesOrderBy Havoced: sqlite3ExprCompareSkip
Current: wherePathSatisfiesOrderBy Havoced: sqlite3ExprNNCollSeq
Current: wherePathSatisfiesOrderBy Havoced: sqlite3StrICmp
Current: wherePathSatisfiesOrderBy Havoced: sqlite3WhereExprUsage
Current: wherePathSatisfiesOrderBy Havoced: sqlite3ExprIsConstant
Current: wherePathSatisfiesOrderBy Havoced: sqlite3ExprSkipCollateAndLikely
Current: wherePathSatisfiesOrderBy Havoced: sqlite3WhereFindTerm
Current: wherePathSatisfiesOrderBy Havoced: sqlite3ExprNNCollSeq
Current: wherePathSatisfiesOrderBy Havoced: sqlite3ExprCompareCollSeq
Current: wherePathSatisfiesOrderBy Havoced: sqlite3StrICmp
Current: wherePathSatisfiesOrderBy Havoced: sqlite3ExprSkipCollateAndLikely
Current: wherePathSatisfiesOrderBy Havoced: sqlite3ExprCompareSkip
Current: wherePathSatisfiesOrderBy Havoced: sqlite3ExprNNCollSeq
Current: wherePathSatisfiesOrderBy Havoced: sqlite3StrICmp
Current: wherePathSatisfiesOrderBy Havoced: sqlite3ExprSkipCollateAndLikely
Current: wherePathSatisfiesOrderBy Havoced: sqlite3ExprCompareSkip
Current: wherePathSatisfiesOrderBy Havoced: sqlite3ExprNNCollSeq
Current: wherePathSatisfiesOrderBy Havoced: sqlite3StrICmp
Current: wherePathSatisfiesOrderBy Havoced: sqlite3WhereExprUsage
Current: wherePathSatisfiesOrderBy Havoced: sqlite3ExprIsConstant
Current: wherePathSatisfiesOrderBy Havoced: sqlite3ExprSkipCollateAndLikely
Current: wherePathSatisfiesOrderBy Havoced: sqlite3WhereFindTerm
Current: wherePathSatisfiesOrderBy Havoced: sqlite3ExprNNCollSeq
Current: wherePathSatisfiesOrderBy Havoced: sqlite3ExprCompareCollSeq
Current: wherePathSatisfiesOrderBy Havoced: sqlite3StrICmp
Current: wherePathSatisfiesOrderBy Havoced: sqlite3ExprSkipCollateAndLikely
Current: wherePathSatisfiesOrderBy Havoced: sqlite3ExprCompareSkip
Current: wherePathSatisfiesOrderBy Havoced: sqlite3ExprNNCollSeq
Current: wherePathSatisfiesOrderBy Havoced: sqlite3StrICmp
Current: wherePathSatisfiesOrderBy Havoced: sqlite3ExprSkipCollateAndLikely
Current: wherePathSatisfiesOrderBy Havoced: sqlite3ExprCompareSkip
Current: wherePathSatisfiesOrderBy Havoced: sqlite3ExprNNCollSeq
Current: wherePathSatisfiesOrderBy Havoced: sqlite3StrICmp
Current: wherePathSatisfiesOrderBy Havoced: sqlite3WhereExprUsage
Current: wherePathSatisfiesOrderBy Havoced: sqlite3ExprIsConstant
Current: wherePathSatisfiesOrderBy Havoced: sqlite3ExprSkipCollateAndLikely
Current: wherePathSatisfiesOrderBy Havoced: sqlite3WhereFindTerm
Current: wherePathSatisfiesOrderBy Havoced: sqlite3ExprNNCollSeq
Current: wherePathSatisfiesOrderBy Havoced: sqlite3ExprCompareCollSeq
Current: wherePathSatisfiesOrderBy Havoced: sqlite3StrICmp
Current: wherePathSatisfiesOrderBy Havoced: sqlite3ExprSkipCollateAndLikely
Current: wherePathSatisfiesOrderBy Havoced: sqlite3ExprCompareSkip
Current: wherePathSatisfiesOrderBy Havoced: sqlite3ExprNNCollSeq
Current: wherePathSatisfiesOrderBy Havoced: sqlite3StrICmp
Current: wherePathSatisfiesOrderBy Havoced: sqlite3ExprSkipCollateAndLikely
Current: wherePathSatisfiesOrderBy Havoced: sqlite3ExprCompareSkip
Current: wherePathSatisfiesOrderBy Havoced: sqlite3ExprNNCollSeq
Current: wherePathSatisfiesOrderBy Havoced: sqlite3StrICmp
Current: wherePathSatisfiesOrderBy Havoced: sqlite3WhereExprUsage
Current: wherePathSatisfiesOrderBy Havoced: sqlite3ExprIsConstant
Current: wherePathSatisfiesOrderBy Havoced: sqlite3ExprSkipCollateAndLikely
Current: wherePathSatisfiesOrderBy Havoced: sqlite3WhereFindTerm
Current: wherePathSatisfiesOrderBy Havoced: sqlite3ExprNNCollSeq
Current: wherePathSatisfiesOrderBy Havoced: sqlite3ExprCompareCollSeq
Current: wherePathSatisfiesOrderBy Havoced: sqlite3StrICmp
Current: wherePathSatisfiesOrderBy Havoced: sqlite3ExprSkipCollateAndLikely
Current: wherePathSatisfiesOrderBy Havoced: sqlite3ExprCompareSkip
Current: wherePathSatisfiesOrderBy Havoced: sqlite3ExprNNCollSeq
Current: wherePathSatisfiesOrderBy Havoced: sqlite3StrICmp
Current: wherePathSatisfiesOrderBy Havoced: sqlite3ExprSkipCollateAndLikely
Current: wherePathSatisfiesOrderBy Havoced: sqlite3ExprCompareSkip
Current: wherePathSatisfiesOrderBy Havoced: sqlite3ExprNNCollSeq
Current: wherePathSatisfiesOrderBy Havoced: sqlite3StrICmp
Current: wherePathSatisfiesOrderBy Havoced: sqlite3WhereExprUsage
Current: wherePathSatisfiesOrderBy Havoced: sqlite3ExprIsConstant
Current: wherePathSatisfiesOrderBy Havoced: sqlite3ExprSkipCollateAndLikely
Current: wherePathSatisfiesOrderBy Havoced: sqlite3WhereFindTerm
Current: wherePathSatisfiesOrderBy Havoced: sqlite3ExprNNCollSeq
Current: wherePathSatisfiesOrderBy Havoced: sqlite3ExprCompareCollSeq
Current: wherePathSatisfiesOrderBy Havoced: sqlite3StrICmp
Current: wherePathSatisfiesOrderBy Havoced: sqlite3ExprSkipCollateAndLikely
Current: wherePathSatisfiesOrderBy Havoced: sqlite3ExprCompareSkip
Current: wherePathSatisfiesOrderBy Havoced: sqlite3ExprNNCollSeq
Current: wherePathSatisfiesOrderBy Havoced: sqlite3StrICmp
Current: wherePathSatisfiesOrderBy Havoced: sqlite3ExprSkipCollateAndLikely
Current: wherePathSatisfiesOrderBy Havoced: sqlite3ExprCompareSkip
Current: wherePathSatisfiesOrderBy Havoced: sqlite3ExprNNCollSeq
Current: wherePathSatisfiesOrderBy Havoced: sqlite3StrICmp
Current: wherePathSatisfiesOrderBy Havoced: sqlite3WhereExprUsage
Current: wherePathSatisfiesOrderBy Havoced: sqlite3ExprIsConstant
Current: sqlite3DbFreeNN Havoced: sqlite3_free
Current: sqlite3DbFreeNN Havoced: measureAllocationSize
Current: sqlite3ErrorMsg Havoced: sqlite3VMPrintf
Current: sqlite3ErrorMsg Havoced: sqlite3DbFree
Current: sqlite3ErrorMsg Havoced: sqlite3DbFree
Current: sqlite3DbFreeNN Havoced: sqlite3_free
Current: sqlite3DbFreeNN Havoced: measureAllocationSize

                                                           0 sec [DONE]
        Number of expressions:                        174712
        after encoding

      72 assertions before transformations (64 no_back_edge, 8 custom).

      Performing formula transformations ...
        Simplifier
          Number of rewrites                           16427
        Fixed Memory Address Assigner
          Number of moved ops                              0
          Number of rewrites                            5208
        Simplifier
          Number of moved ops                              0
          Number of rewrites                           73762
        Memory Model Encoder
          Number of moved ops                              0rewriteAllocaOprewriteStackAddressOp
rewriteAllocaOprewriteStackAddressOp
rewriteAllocaOprewriteStackAddressOp
rewriteAllocaOprewriteStackAddressOp
rewriteAllocaOprewriteStackAddressOp
rewriteAllocaOprewriteStackAddressOp

          Number of rewrites                               6
        Simplifier
          Number of moved ops                              0
          Number of rewrites                             104
        Simplifier
          Number of moved ops                              0
          Number of rewrites                             144
        ToASC Analyser
          Memcpy/memset found                            yes
        Byte-Based Memory Creator
          Number of rewrites                           10172
        Instantiation-Based ToASC Simplifier
          Number of rewrites                               1
        Simplifier
          Number of moved ops                          12508
          Number of rewrites                           25301
        FP Abstraction
          Number of rewrites                              22

Abstracted floating point operations.  The result might be a false positive.

        Simplifier
          Number of moved ops                              0
          Number of rewrites                               0
                                                           0 sec [DONE]
        
      72 assertions remain after transformations (64 no_back_edge, 8 custom).
after rewriteFormula
after sanityCheckFormula

      Running SMT solver (STP with MiniSat) ...