runJobCommand
arguents: child
arguents: job
arguents: mode
handleJobInSeparateProcess0

Checking job 2519 ...about to run job:
preconNumber: 5, 1

  Running Model Checker with 1 checks ...W [1] lib/Slicer/LocalDependencyCollector.cpp:328 | function without implementation called: 'memcmp'
W [1] lib/Slicer/LocalSlicer.cpp:357 | argument %struct.sqlite3_file* null of call instruction has pointer type
W [1] lib/Slicer/LocalSlicer.cpp:357 | argument %struct.sqlite3_file* null of call instruction has pointer type
W [1] lib/Slicer/LocalSlicer.cpp:368 | argument 0 (i64* undef) has pointer type
W [1] lib/Slicer/LocalSlicer.cpp:357 | argument %struct.sqlite3_file* null of call instruction has pointer type
W [1] lib/Slicer/LocalSlicer.cpp:368 | argument 0 (i32* undef) has pointer type
W [1] lib/Slicer/LocalSlicer.cpp:368 | argument 0 (i32* undef) has pointer type
W [1] lib/Slicer/LocalSlicer.cpp:368 | argument 0 (i64* undef) has pointer type
W [1] lib/Slicer/LocalSlicer.cpp:368 | argument 0 (i32* undef) has pointer type
W [1] lib/Slicer/LocalSlicer.cpp:357 | argument %struct.sqlite3_file* null of call instruction has pointer type
W [1] lib/Slicer/LocalSlicer.cpp:357 | argument %struct.sqlite3_file* null of call instruction has pointer type
W [1] lib/Slicer/LocalSlicer.cpp:357 | argument i8* undef of call instruction has pointer type
W [1] lib/Slicer/LocalSlicer.cpp:368 | argument 0 (i64* undef) has pointer type
W [1] lib/Slicer/LocalSlicer.cpp:368 | argument 0 (i32* undef) has pointer type
W [1] lib/Slicer/LocalSlicer.cpp:495 | unused argument: , qpr.slicing.unused.arg.sqlite3OsFileSize.0
W [1] lib/Slicer/LocalSlicer.cpp:495 | unused argument: , qpr.slicing.unused.arg.sqlite3OsFileSize.1
W [1] lib/Slicer/LocalSlicer.cpp:495 | unused argument: , qpr.slicing.unused.arg.read32bits.0
W [1] lib/Slicer/LocalSlicer.cpp:495 | unused argument: , qpr.slicing.unused.arg.read32bits.1
W [1] lib/Slicer/LocalSlicer.cpp:495 | unused argument: , qpr.slicing.unused.arg.read32bits.2
W [1] lib/Slicer/LocalSlicer.cpp:495 | unused argument: , qpr.slicing.unused.arg.sqlite3OsRead.0
W [1] lib/Slicer/LocalSlicer.cpp:495 | unused argument: , qpr.slicing.unused.arg.sqlite3OsRead.1
W [1] lib/Slicer/LocalSlicer.cpp:495 | unused argument: , qpr.slicing.unused.arg.sqlite3OsRead.2
W [1] lib/Slicer/LocalSlicer.cpp:495 | unused argument: , qpr.slicing.unused.arg.sqlite3OsRead.3
W [1] lib/Slicer/LocalSlicer.cpp:495 | unused argument: , qpr.slicing.unused.arg.readSuperJournal.0
W [1] lib/Slicer/LocalSlicer.cpp:495 | unused argument: , qpr.slicing.unused.arg.readSuperJournal.1
I [1] lib/Slicer/LocalSlicer.cpp:104 | slicing finished
try
try ready

    SMTSolver : stp
    CallStackBound : 0
    StopEncodingAfterCheckLoop : 1
    LoopUnrollBound : 1
    HavocLimit : 0
    PreconditionNumber : 5
    PreconditionLocation : jobs/2519
    TimeOut : 600
    InitializedGlobals : false
    IgnoreMissingFunctions : false
    StopEncodingAfterCheck : true
    OverApproxVaArgs : false
    PreconditionCheckMemory : false
    PreconditionOnlyArguments : trueI [1] lib/ModelChecker/Verifier.cpp:247 | EntryPoint : readSuperJournal
m_checker->run()

    Performing bounded model checking ...
      Performing pre-transformations on LLVM IR ...        0 sec [DONE]
        
      Performing logical encoding ...size Alloca: 1
size Alloca: 1
-----found check = true
                      0 sec [DONE]
        Number of expressions:                        130964
        after encoding

      1 assertion before transformations (1 custom).

      Performing formula transformations ...
        Simplifier
          Number of rewrites                            2600
        Fixed Memory Address Assigner
          Number of moved ops                              2
          Number of rewrites                            4898
        Simplifier
          Number of moved ops                              2
          Number of rewrites                           61877
        Memory Model Encoder
          Number of moved ops                              0
          Number of rewrites                               0
        Simplifier
          Number of rewrites                               0
        Simplifier
          Number of rewrites                              88
        ToASC Analyser
          Memcpy/memset found                             no
        Byte-Based Memory Creator
        Instantiation-Based ToASC Simplifier
        Simplifier
        FP Abstraction
          Number of rewrites                               0
        Simplifier
          Number of moved ops                              0
          Number of rewrites                               0
                                                           0 sec [DONE]
        
      1 assertion remains after transformations (1 custom).
after rewriteFormula
after sanityCheckFormula

      Running SMT solver (STP with MiniSat) ...            0 sec [DONE]
        
                                                           0 sec [DONE]
      after performing Check
evaluateCheckerResultsViaRefinementLoop
checker.getResult() is Trace
checkOnlyPrecon: 0, size:1
getFailingCheckFor
setCheckToUnsafe
setCheckToUnsafe
Check for floating point traces / abstractions currently deactivated
getCheckerResultAfterUpdatingMarker
failingInst:   call void @llbmc.assert(i1 %5, i32 %0)
Preconditions internal: 
i32 %arg2:1; (i32 %arg2:1)
 function does not read memory: 0, checkValidLoad:0, checkMemory: 0
function does not read memory 

assumePair: i32 %arg2 = nondef() : 1

    Rerunning SMT solver (STP with MiniSat) ...            0 sec [DONE]
      failingInst:   call void @llbmc.assert(i1 %5, i32 %0)
Preconditions internal: 
i32 %arg2:339808580; (i32 %arg2:339808580)
 function does not read memory: 0, checkValidLoad:0, checkMemory: 0
function does not read memory 

assumePair: i32 %arg2 = nondef() : 339808580

    Rerunning SMT solver (STP with MiniSat) ...            0 sec [DONE]
      failingInst:   call void @llbmc.assert(i1 %5, i32 %0)
Preconditions internal: 
i32 %arg2:1277706774; (i32 %arg2:1277706774)
 function does not read memory: 0, checkValidLoad:0, checkMemory: 0
function does not read memory 

assumePair: i32 %arg2 = nondef() : 1277706774

    Rerunning SMT solver (STP with MiniSat) ...            0 sec [DONE]
      failingInst:   call void @llbmc.assert(i1 %5, i32 %0)
Preconditions internal: 
i32 %arg2:1633322025; (i32 %arg2:1633322025)
 function does not read memory: 0, checkValidLoad:0, checkMemory: 0
function does not read memory 

assumePair: i32 %arg2 = nondef() : 1633322025

    Rerunning SMT solver (STP with MiniSat) ...            0 sec [DONE]
      failingInst:   call void @llbmc.assert(i1 %5, i32 %0)
Preconditions internal: 
i32 %arg2:698706570; (i32 %arg2:698706570)
 function does not read memory: 0, checkValidLoad:0, checkMemory: 0
function does not read memory 

assumePair: i32 %arg2 = nondef() : 698706570

    Rerunning SMT solver (STP with MiniSat) ...            0 sec [DONE]
      name of function arguments: Writing precondition at: jobs/2519/precondition_readSuperJournal.txt

Generated Preconditions:
[underoverapprox]name of function arguments: 
i32 %arg2:1; 
i32 %arg2:339808580; 
i32 %arg2:1277706774; 
i32 %arg2:1633322025; 
i32 %arg2:698706570; 

                                                           1 sec [DONE]
    allunsafe
    
                                                           1 sec [DONE]
  