runJobCommand
arguents: child
arguents: job
arguents: mode
handleJobInSeparateProcess0

Checking job 205 ...about to run job:
preconNumber: 5, 1

  Running Model Checker with 1 checks ...try
try ready

    SMTSolver : stp
    CallStackBound : 0
    StopEncodingAfterCheckLoop : 0
    LoopUnrollBound : 3
    HavocLimit : 0
    PreconditionNumber : 5
    PreconditionLocation : jobs/205
    TimeOut : 300
    InitializedGlobals : false
    IgnoreMissingFunctions : false
    StopEncodingAfterCheck : false
    OverApproxVaArgs : false
    PreconditionCheckMemory : false
    PreconditionOnlyArguments : trueI [0] lib/ModelChecker/Verifier.cpp:247 | EntryPoint : mat_mymul1
m_checker->run()

    Performing bounded model checking ...
      Unrolling loop in function "mat_mymul1" for 3 iterations succeeded.
      Unrolling loop in function "mat_mymul1" for 3 iterations succeeded.
      Unrolling loop in function "mat_mymul1" for 3 iterations succeeded.
      Transformed "mat_mymul1" from 13 to 118 basic blocks and from 88 to 1153 instructions
      Performing pre-transformations on LLVM IR ...        0 sec [DONE]
        
      Performing logical encoding ...size Alloca: 1
size Alloca: 1
size Alloca: 1
                      0 sec [DONE]
        Number of expressions:                          7950
        after encoding

      25 assertions before transformations (13 no_back_edge, 12 custom).

      Performing formula transformations ...
        Simplifier
          Number of rewrites                            1093
        Fixed Memory Address Assigner
          Number of moved ops                              3
          Number of rewrites                             367
        Simplifier
          Number of moved ops                              3
          Number of rewrites                            5369
        Memory Model Encoder
          Number of moved ops                              1
          Number of rewrites                               0
        Simplifier
          Number of rewrites                              12
        Simplifier
          Number of moved ops                              0
          Number of rewrites                               0
        ToASC Analyser
          Memcpy/memset found                             no
        Byte-Based Memory Creator
        Instantiation-Based ToASC Simplifier
        Simplifier
        FP Abstraction
          Number of rewrites                              91

Abstracted floating point operations.  The result might be a false positive.

        Simplifier
          Number of rewrites                               0
                                                           0 sec [DONE]
        
      25 assertions remain after transformations (13 no_back_edge, 12 custom).
after rewriteFormula
after sanityCheckFormula

      Running SMT solver (STP with MiniSat) ...            3 sec [DONE]
        
                                                           3 sec [DONE]
      after performing Check
evaluateCheckerResultsViaRefinementLoop
checker.getResult() is Trace
checkOnlyPrecon: 0, size:1
getFailingCheckFor
setStatusMarkerAccordingToFailingInstruction
BranchInst - LoopBound
trying to exclude Assertions for Failing Instruction

    Rerunning SMT solver (STP with MiniSat) ...            3 sec [DONE]
      checker.getResult() is Trace
checkOnlyPrecon: 0, size:1
getFailingCheckFor
setStatusMarkerAccordingToFailingInstruction
BranchInst - LoopBound
trying to exclude Assertions for Failing Instruction

    Rerunning SMT solver (STP with MiniSat) ...            3 sec [DONE]
      checker.getResult() is Trace
checkOnlyPrecon: 0, size:1
getFailingCheckFor
setCheckToUnsafe
setCheckToUnsafe
Check for floating point traces / abstractions currently deactivated
getCheckerResultAfterUpdatingMarker
failingInst:   call void @llbmc.assert(i1 %5, i32 %0)
Preconditions internal: 
i16 %arg3:27140; (i16 %arg3:27140)
 function does not read memory: 0, checkValidLoad:0, checkMemory: 0
function does not read memory 

assumePair: i16 %arg3 = nondef() : 27140

    Rerunning SMT solver (STP with MiniSat) ...            3 sec [DONE]
      failingInst:   br i1 %182, label %bb5.0.2.0.1.0, label %bb4.bb7_crit_edge.0.1.0, !dbg !1405, !llvm.loop !1416
Preconditions internal: 
i16 %arg3:-28930; (i16 %arg3:36606)
 function does not read memory: 0, checkValidLoad:0, checkMemory: 0
function does not read memory 

assumePair: i16 %arg3 = nondef() : -28930

    Rerunning SMT solver (STP with MiniSat) ...            3 sec [DONE]
      failingInst:   br i1 %95, label %bb5.0.2.0.0, label %bb4.bb7_crit_edge.0.0, !dbg !1405, !llvm.loop !1416
Preconditions internal: 
i16 %arg3:-7681; (i16 %arg3:57855)
 function does not read memory: 0, checkValidLoad:0, checkMemory: 0
function does not read memory 

assumePair: i16 %arg3 = nondef() : -7681

    Rerunning SMT solver (STP with MiniSat) ...            3 sec [DONE]
      failingInst:   call void @llbmc.assert(i1 %5, i32 %0)
Preconditions internal: 
i16 %arg3:1152; (i16 %arg3:1152)
 function does not read memory: 0, checkValidLoad:0, checkMemory: 0
function does not read memory 

assumePair: i16 %arg3 = nondef() : 1152

    Rerunning SMT solver (STP with MiniSat) ...            3 sec [DONE]
      failingInst:   br i1 %367, label %bb5.0.2.0.0.1, label %bb4.bb7_crit_edge.0.0.1, !dbg !1405, !llvm.loop !1416
Preconditions internal: 
i16 %arg3:15489; (i16 %arg3:15489)
 function does not read memory: 0, checkValidLoad:0, checkMemory: 0
function does not read memory 

assumePair: i16 %arg3 = nondef() : 15489

    Rerunning SMT solver (STP with MiniSat) ...            3 sec [DONE]
      name of function arguments: Writing precondition at: jobs/205/precondition_mat_mymul1.txt

Generated Preconditions:
[underoverapprox]name of function arguments: 
i16 %arg3:27140; 
i16 %arg3:-28930; 
i16 %arg3:-7681; 
i16 %arg3:1152; 
i16 %arg3:15489; 

                                                          30 sec [DONE]
    allunsafe
    
                                                          30 sec [DONE]
  