runJobCommand
arguents: child
arguents: job
arguents: mode
handleJobInSeparateProcess0

Checking job 174 ...about to run job:
preconNumber: 5, 1

  Running Model Checker with 1 checks ...try
try ready

    SMTSolver : stp
    CallStackBound : 0
    StopEncodingAfterCheckLoop : 1
    LoopUnrollBound : 1
    HavocLimit : 0
    PreconditionNumber : 5
    PreconditionLocation : jobs/174
    TimeOut : 600
    InitializedGlobals : false
    IgnoreMissingFunctions : false
    StopEncodingAfterCheck : true
    OverApproxVaArgs : false
    PreconditionCheckMemory : false
    PreconditionOnlyArguments : trueI [0] lib/ModelChecker/Verifier.cpp:247 | EntryPoint : apndReadMark
m_checker->run()

    Performing bounded model checking ...
      Unrolling loop in function "apndReadMark" for 7 iterations succeeded.getMatchingFunctions
res.push_back: apndRead
res.push_back: apndWrite
res.push_back: memdbRead
res.push_back: memdbWrite
res.push_back: unixRead
res.push_back: unixWrite
res.push_back: sqlite3OsWrite
res.push_back: memjrnlRead
res.push_back: memjrnlWrite
res.push_back: sqlite3OsRead

      Transformed "apndReadMark" from 16 to 55 basic blocks and from 122 to 385 instructions
      Performing pre-transformations on LLVM IR ...        0 sec [DONE]
        
      Performing logical encoding ...size Alloca: 1
-----found check = true
                      0 sec [DONE]
        Number of expressions:                        155034
        after encoding

      1 assertion before transformations (1 custom).

      Performing formula transformations ...
        Simplifier
          Number of rewrites                            3356
        Fixed Memory Address Assigner
          Number of moved ops                              1
          Number of rewrites                            5209
        Simplifier
          Number of moved ops                              1
          Number of rewrites                           73286
        Memory Model Encoder
          Number of moved ops                              0rewriteAllocaOprewriteStackAddressOp

          Number of rewrites                               1
        Simplifier
          Number of moved ops                              0
          Number of rewrites                               1
        Simplifier
          Number of moved ops                              0
          Number of rewrites                           69268
        ToASC Analyser
          Memcpy/memset found                             no
        Byte-Based Memory Creator
        Instantiation-Based ToASC Simplifier
        Simplifier
        FP Abstraction
          Number of rewrites                              44

Abstracted floating point operations.  The result might be a false positive.

        Simplifier
          Number of moved ops                              0
          Number of rewrites                               0
                                                           0 sec [DONE]
        
      1 assertion remains after transformations (1 custom).
after rewriteFormula
after sanityCheckFormula

      Running SMT solver (STP with MiniSat) ...            0 sec [DONE]
        
                                                           0 sec [DONE]
      after performing Check
evaluateCheckerResultsViaRefinementLoop
getCheckerResultAfterUpdatingMarker
Result is NoTrace

                                                           1 sec [DONE]
    allsafe
    
                                                           1 sec [DONE]
  