runJobCommand
arguents: child
arguents: job
arguents: mode
handleJobInSeparateProcess0

Checking job 568 ...about to run job:
preconNumber: 5, 1

  Running Model Checker with 1 checks ...try
try ready

    SMTSolver : stp
    CallStackBound : 0
    StopEncodingAfterCheckLoop : 1
    LoopUnrollBound : 1
    HavocLimit : 0
    PreconditionNumber : 5
    PreconditionLocation : jobs/568
    TimeOut : 600
    InitializedGlobals : false
    IgnoreMissingFunctions : false
    StopEncodingAfterCheck : true
    OverApproxVaArgs : false
    PreconditionCheckMemory : false
    PreconditionOnlyArguments : trueI [0] lib/ModelChecker/Verifier.cpp:247 | EntryPoint : idxHashFind
m_checker->run()

    Performing bounded model checking ...
      Unrolling loop in function "idxHashFind" for 1 iterations succeeded.
      Transformed "idxHashFind" from 14 to 15 basic blocks and from 59 to 63 instructions
      Performing pre-transformations on LLVM IR ...        0 sec [DONE]
        
      Performing logical encoding ...size Alloca: 1
size Alloca: 1

        Unrolling loop in function "llbmc.strlen" for 0 iterations succeeded.
        Transformed "llbmc.strlen" from 8 to 9 instructions
        Unrolling loop in function "idxHashString" for 1 iterations succeeded.
        Transformed "idxHashString" from 5 to 6 basic blocks and from 39 to 45 instructions-----found check = true

                                                           0 sec [DONE]
        Number of expressions:                        155198
        after encoding

      6 assertions before transformations (3 no_back_edge, 2 custom, 1 no_unreachable_executed).

      Performing formula transformations ...
        Simplifier
          Number of rewrites                            3474
        Fixed Memory Address Assigner
          Number of moved ops                              2
          Number of rewrites                            5210
        Simplifier
          Number of moved ops                              2
          Number of rewrites                           72604
        Memory Model Encoder
          Number of moved ops                              1
          Number of rewrites                               0
        Simplifier
          Number of rewrites                               1
        Simplifier
          Number of moved ops                              0
          Number of rewrites                             142
        ToASC Analyser
          Memcpy/memset found                             no
        Byte-Based Memory Creator
        Instantiation-Based ToASC Simplifier
        Simplifier
        FP Abstraction
          Number of rewrites                              44

Abstracted floating point operations.  The result might be a false positive.

        Simplifier
          Number of moved ops                              0
          Number of rewrites                               0
                                                           0 sec [DONE]
        
      6 assertions remain after transformations (3 no_back_edge, 2 custom, 1 no_unreachable_executed).
after rewriteFormula
after sanityCheckFormula

      Running SMT solver (STP with MiniSat) ...