runJobCommand
arguents: child
arguents: job
arguents: mode
Careful, HavocLimit is not zero. Call Abstraction is activated
handleJobInSeparateProcess0

Checking job 6278 ...about to run job:
preconNumber: 0, 0

  Running Model Checker with 1 checks ...try
try ready

    SMTSolver : stp
    CallStackBound : 0
    StopEncodingAfterCheckLoop : 0
    LoopUnrollBound : 1
    HavocLimit : 1
    PreconditionNumber : 0
    PreconditionLocation : jobs/6278
    TimeOut : 600
    InitializedGlobals : false
    IgnoreMissingFunctions : false
    StopEncodingAfterCheck : false
    OverApproxVaArgs : false
    PreconditionCheckMemory : false
    PreconditionOnlyArguments : trueI [0] lib/ModelChecker/Verifier.cpp:247 | EntryPoint : fkActionTrigger
m_checker->run()

    Performing bounded model checking ...
      Unrolling loop in function "fkActionTrigger" for 1 iterations succeeded.
      Transformed "fkActionTrigger" from 57 to 62 basic blocks and from 421 to 441 instructions
      Performing pre-transformations on LLVM IR ...        0 sec [DONE]
        
      Performing logical encoding ...Current: fkActionTrigger Havoced: sqlite3FkLocateIndex
isMemcpy:   call void @llvm.memcpy.p0i8.p0i8.i64(i8* %36, i8* bitcast (%struct.anon.1* @fkActionTrigger.tOld to i8*), i64 16, i32 8, i1 false), !dbg !5705
isMemcpy:   call void @llvm.memcpy.p0i8.p0i8.i64(i8* %37, i8* bitcast (%struct.anon.1* @fkActionTrigger.tNew to i8*), i64 16, i32 8, i1 false), !dbg !5707
Current: fkActionTrigger Havoced: sqlite3TokenInit
Current: fkActionTrigger Havoced: sqlite3TokenInit
Current: fkActionTrigger Havoced: sqlite3ExprAlloc
Current: fkActionTrigger Havoced: sqlite3ExprAlloc
Current: fkActionTrigger Havoced: sqlite3PExpr
Current: fkActionTrigger Havoced: sqlite3ExprAlloc
Current: fkActionTrigger Havoced: sqlite3PExpr
Current: fkActionTrigger Havoced: sqlite3ExprAnd
Current: fkActionTrigger Havoced: sqlite3ExprAlloc
Current: fkActionTrigger Havoced: sqlite3ExprAlloc
Current: fkActionTrigger Havoced: sqlite3PExpr
Current: fkActionTrigger Havoced: sqlite3ExprAlloc
Current: fkActionTrigger Havoced: sqlite3ExprAlloc
Current: fkActionTrigger Havoced: sqlite3PExpr
Current: fkActionTrigger Havoced: sqlite3PExpr
Current: fkActionTrigger Havoced: sqlite3ExprAnd
Current: fkActionTrigger Havoced: sqlite3ExprAlloc
Current: fkActionTrigger Havoced: sqlite3ExprAlloc
Current: fkActionTrigger Havoced: sqlite3ExprDup
Current: fkActionTrigger Havoced: sqlite3ExprAlloc
Current: fkActionTrigger Havoced: sqlite3ExprAlloc
Current: fkActionTrigger Havoced: sqlite3PExpr
Current: fkActionTrigger Havoced: sqlite3ExprListAppend
Current: fkActionTrigger Havoced: sqlite3ExprListSetName
Current: fkActionTrigger Havoced: sqlite3DbFree
Current: fkActionTrigger Havoced: sqlite3Strlen30
Current: fkActionTrigger Havoced: sqlite3Expr
Current: fkActionTrigger Havoced: sqlite3ExprListAppend
Current: fkActionTrigger Havoced: sqlite3SrcListAppend
Current: fkActionTrigger Havoced: sqlite3SelectNew
Current: fkActionTrigger Havoced: sqlite3DbMallocZero
isMemcpy:   call void @llvm.memcpy.p0i8.p0i8.i64(i8* %164, i8* %131, i64 %165, i32 1, i1 false), !dbg !5874
Current: fkActionTrigger Havoced: sqlite3ExprDup
Current: fkActionTrigger Havoced: sqlite3ExprListDup
Current: fkActionTrigger Havoced: sqlite3SelectDup
Current: fkActionTrigger Havoced: sqlite3PExpr
Current: fkActionTrigger Havoced: sqlite3ExprDup
Current: fkActionTrigger Havoced: sqlite3ExprDelete
Current: fkActionTrigger Havoced: sqlite3ExprDelete
Current: fkActionTrigger Havoced: sqlite3ExprListDelete
Current: fkActionTrigger Havoced: sqlite3SelectDelete
Current: fkActionTrigger Havoced: fkTriggerDelete
                      0 sec [DONE]
        Number of expressions:                        155752
        after encoding

      2 assertions before transformations (1 no_back_edge, 1 custom).

      Performing formula transformations ...
        Simplifier
          Number of rewrites                            3711
        Fixed Memory Address Assigner
          Number of moved ops                              2
          Number of rewrites                            5208
        Simplifier
          Number of moved ops                              0
          Number of rewrites                           72642
        Memory Model Encoder
          Number of moved ops                              0rewriteAllocaOprewriteStackAddressOp
rewriteAllocaOprewriteStackAddressOp
rewriteAllocaOprewriteStackAddressOp
rewriteAllocaOprewriteStackAddressOp
rewriteAllocaOprewriteStackAddressOp
rewriteAllocaOprewriteStackAddressOp
rewriteAllocaOprewriteStackAddressOp

          Number of rewrites                               7
        Simplifier
          Number of moved ops                              0
          Number of rewrites                              15
        Simplifier
          Number of moved ops                              0
          Number of rewrites                             464
        ToASC Analyser
          Memcpy/memset found                            yes
        Byte-Based Memory Creator
          Number of rewrites                            8987
        Instantiation-Based ToASC Simplifier
          Number of rewrites                               1
        Simplifier
          Number of moved ops                              0
          Number of rewrites                           23277
        FP Abstraction
          Number of rewrites                              22

Abstracted floating point operations.  The result might be a false positive.

        Simplifier
          Number of moved ops                              0
          Number of rewrites                               0
                                                           0 sec [DONE]
        
      2 assertions remain after transformations (1 no_back_edge, 1 custom).
after rewriteFormula
after sanityCheckFormula

      Running SMT solver (STP with MiniSat) ...