runJobCommand
arguents: child
arguents: job
arguents: mode
Careful, HavocLimit is not zero. Call Abstraction is activated
handleJobInSeparateProcess0

Checking job 4927 ...about to run job:
preconNumber: 0, 0

  Running Model Checker with 1 checks ...try
try ready

    SMTSolver : stp
    CallStackBound : 0
    StopEncodingAfterCheckLoop : 0
    LoopUnrollBound : 1
    HavocLimit : 1
    PreconditionNumber : 0
    PreconditionLocation : jobs/4927
    TimeOut : 600
    InitializedGlobals : false
    IgnoreMissingFunctions : false
    StopEncodingAfterCheck : false
    OverApproxVaArgs : false
    PreconditionCheckMemory : false
    PreconditionOnlyArguments : trueI [0] lib/ModelChecker/Verifier.cpp:247 | EntryPoint : sqlite3_blob_open
m_checker->run()

    Performing bounded model checking ...
      Unrolling loop in function "sqlite3_blob_open" for 1 iterations succeeded.
      Unrolling loop in function "sqlite3_blob_open" for 1 iterations succeeded.
      Unrolling loop in function "sqlite3_blob_open" for 1 iterations succeeded.
      Unrolling loop in function "sqlite3_blob_open" for 1 iterations succeeded.
      Unrolling loop in function "sqlite3_blob_open" for 1 iterations succeeded.
      Unrolling loop in function "sqlite3_blob_open" for 1 iterations succeeded.
      Transformed "sqlite3_blob_open" from 74 to 80 basic blocks and from 464 to 507 instructions
      Performing pre-transformations on LLVM IR ...        0 sec [DONE]
        
      Performing logical encoding ...Current: sqlite3_blob_open Havoced: sqlite3_mutex_enter
Current: sqlite3_blob_open Havoced: sqlite3DbMallocZero
isMemset:   call void @llvm.memset.p0i8.i64(i8* %12, i8 0, i64 408, i32 8, i1 false), !dbg !5676
Current: sqlite3_blob_open Havoced: sqlite3DbFree
Current: sqlite3_blob_open Havoced: sqlite3BtreeEnterAll
Current: sqlite3_blob_open Havoced: sqlite3LocateTable
Current: sqlite3_blob_open Havoced: sqlite3ErrorMsg
Current: sqlite3_blob_open Havoced: sqlite3ErrorMsg
Current: sqlite3_blob_open Havoced: sqlite3ErrorMsg
Current: sqlite3_blob_open Havoced: sqlite3DbFree
Current: sqlite3_blob_open Havoced: sqlite3BtreeLeaveAll
Current: sqlite3_blob_open Havoced: sqlite3SchemaToIndex
Current: sqlite3_blob_open Havoced: sqlite3StrICmp
Current: sqlite3_blob_open Havoced: sqlite3VdbeCreate
Current: sqlite3_blob_open Havoced: sqlite3SchemaToIndex
Current: sqlite3_blob_open Havoced: sqlite3VdbeAddOp4Int
Current: sqlite3_blob_open Havoced: sqlite3VdbeChangeP5
Current: sqlite3_blob_open Havoced: sqlite3VdbeAddOpList
Current: sqlite3_blob_open Havoced: sqlite3VdbeUsesBtree
Current: sqlite3_blob_open Havoced: sqlite3VdbeChangeP4
Current: sqlite3_blob_open Havoced: sqlite3VdbeMakeReady
Current: sqlite3_blob_open Havoced: sqlite3BtreeLeaveAll
Current: sqlite3_blob_open Havoced: blobSeekToRow
Current: sqlite3_blob_open Havoced: sqlite3DbFree
Current: sqlite3_blob_open Havoced: sqlite3MPrintf
Current: sqlite3_blob_open Havoced: sqlite3BtreeLeaveAll
Current: sqlite3_blob_open Havoced: sqlite3DbFree
Current: sqlite3_blob_open Havoced: sqlite3MPrintf
Current: sqlite3_blob_open Havoced: sqlite3BtreeLeaveAll
Current: sqlite3_blob_open Havoced: sqlite3VdbeFinalize
Current: sqlite3_blob_open Havoced: sqlite3DbFree
Current: sqlite3_blob_open Havoced: sqlite3ErrorWithMsg
Current: sqlite3_blob_open Havoced: sqlite3DbFree
Current: sqlite3_blob_open Havoced: sqlite3ParserReset
Current: sqlite3_blob_open Havoced: sqlite3ApiExit
Current: sqlite3_blob_open Havoced: sqlite3_mutex_leave
                      0 sec [DONE]
        Number of expressions:                        155940
        after encoding

      7 assertions before transformations (6 no_back_edge, 1 custom).

      Performing formula transformations ...
        Simplifier
          Number of rewrites                            3844
        Fixed Memory Address Assigner
          Number of moved ops                              0
          Number of rewrites                            5208
        Simplifier
          Number of moved ops                              0
          Number of rewrites                           72637
        Memory Model Encoder
          Number of moved ops                              0rewriteAllocaOprewriteStackAddressOp
rewriteAllocaOprewriteStackAddressOp

          Number of rewrites                               2
        Simplifier
          Number of moved ops                              0
          Number of rewrites                              13
        Simplifier
          Number of moved ops                              0
          Number of rewrites                             959
        ToASC Analyser
          Memcpy/memset found                             no
        Byte-Based Memory Creator
        Instantiation-Based ToASC Simplifier
        Simplifier
        FP Abstraction
          Number of rewrites                              44

Abstracted floating point operations.  The result might be a false positive.

        Simplifier
          Number of moved ops                              0
          Number of rewrites                               0
                                                           0 sec [DONE]
        
      7 assertions remain after transformations (6 no_back_edge, 1 custom).
after rewriteFormula
after sanityCheckFormula

      Running SMT solver (STP with MiniSat) ...            0 sec [DONE]
        
                                                           1 sec [DONE]
      after performing Check
evaluateCheckerResultsViaRefinementLoop
checker.getResult() is Trace
checkOnlyPrecon: 0, size:1
getFailingCheckFor
setStatusMarkerAccordingToFailingInstruction
BranchInst - LoopBound
trying to exclude Assertions for Failing Instruction

    Rerunning SMT solver (STP with MiniSat) ...            0 sec [DONE]
      checker.getResult() is Trace
checkOnlyPrecon: 0, size:1
getFailingCheckFor
setStatusMarkerAccordingToFailingInstruction
BranchInst - LoopBound
trying to exclude Assertions for Failing Instruction

    Rerunning SMT solver (STP with MiniSat) ...            0 sec [DONE]
      checker.getResult() is Trace
checkOnlyPrecon: 0, size:1
getFailingCheckFor
setStatusMarkerAccordingToFailingInstruction
BranchInst - LoopBound
trying to exclude Assertions for Failing Instruction

    Rerunning SMT solver (STP with MiniSat) ...            0 sec [DONE]
      checker.getResult() is Trace
checkOnlyPrecon: 0, size:1
getFailingCheckFor
setStatusMarkerAccordingToFailingInstruction
BranchInst - LoopBound
trying to exclude Assertions for Failing Instruction

    Rerunning SMT solver (STP with MiniSat) ...            0 sec [DONE]
      checker.getResult() is Trace
checkOnlyPrecon: 0, size:1
getFailingCheckFor
setStatusMarkerAccordingToFailingInstruction
BranchInst - LoopBound
trying to exclude Assertions for Failing Instruction

    Rerunning SMT solver (STP with MiniSat) ...            0 sec [DONE]
      checker.getResult() is Trace
checkOnlyPrecon: 0, size:1
getFailingCheckFor
setStatusMarkerAccordingToFailingInstruction
BranchInst - LoopBound
trying to exclude Assertions for Failing Instruction

    Rerunning SMT solver (STP with MiniSat) ...            0 sec [DONE]
      checker.getResult() is Trace
checkOnlyPrecon: 0, size:1
getFailingCheckFor
setCheckToUnsafe
setCheckToUnsafe
Check for floating point traces / abstractions currently deactivated
trying to exclude Assertions for Failing Instruction

    Rerunning SMT solver (STP with MiniSat) ...            0 sec [DONE]
      getCheckerResultAfterUpdatingMarker
Result is NoTrace

                                                           5 sec [DONE]
    allunsafe
    
                                                           5 sec [DONE]
  