runJobCommand
arguents: child
arguents: job
arguents: mode
Careful, HavocLimit is not zero. Call Abstraction is activated
handleJobInSeparateProcess0

Checking job 6853 ...about to run job:
preconNumber: 0, 0

  Running Model Checker with 1 checks ...try
try ready

    SMTSolver : stp
    CallStackBound : 0
    StopEncodingAfterCheckLoop : 0
    LoopUnrollBound : 1
    HavocLimit : 1
    PreconditionNumber : 0
    PreconditionLocation : jobs/6853
    TimeOut : 600
    InitializedGlobals : false
    IgnoreMissingFunctions : false
    StopEncodingAfterCheck : false
    OverApproxVaArgs : false
    PreconditionCheckMemory : false
    PreconditionOnlyArguments : trueI [0] lib/ModelChecker/Verifier.cpp:247 | EntryPoint : sqlite3SelectAddColumnTypeAndCollation
m_checker->run()

    Performing bounded model checking ...
      Unrolling loop in function "sqlite3SelectAddColumnTypeAndCollation" for 1 iterations succeeded.
      Transformed "sqlite3SelectAddColumnTypeAndCollation" from 17 to 18 basic blocks and from 150 to 157 instructions
      Performing pre-transformations on LLVM IR ...        0 sec [DONE]
        
      Performing logical encoding ...isMemset:   call void @llvm.memset.p0i8.i64(i8* %6, i8 0, i64 56, i32 8, i1 false), !dbg !5667
Current: sqlite3SelectAddColumnTypeAndCollation Havoced: columnTypeImpl
Current: sqlite3SelectAddColumnTypeAndCollation Havoced: sqlite3ExprAffinity
Current: sqlite3SelectAddColumnTypeAndCollation Havoced: sqlite3Strlen30
Current: sqlite3SelectAddColumnTypeAndCollation Havoced: sqlite3Strlen30
Current: sqlite3SelectAddColumnTypeAndCollation Havoced: sqlite3DbReallocOrFree
isMemcpy:   call void @llvm.memcpy.p0i8.p0i8.i64(i8* %55, i8* %33, i64 %57, i32 1, i1 false), !dbg !5723
Current: sqlite3SelectAddColumnTypeAndCollation Havoced: sqlite3ExprCollSeq
Current: sqlite3SelectAddColumnTypeAndCollation Havoced: sqlite3DbStrDup
                      0 sec [DONE]
        Number of expressions:                        155244
        after encoding

      2 assertions before transformations (1 no_back_edge, 1 custom).

      Performing formula transformations ...
        Simplifier
          Number of rewrites                            3457
        Fixed Memory Address Assigner
          Number of moved ops                              0
          Number of rewrites                            5208
        Simplifier
          Number of moved ops                              0
          Number of rewrites                           72608
        Memory Model Encoder
          Number of moved ops                              0rewriteAllocaOprewriteStackAddressOp

          Number of rewrites                               1
        Simplifier
          Number of moved ops                              0
          Number of rewrites                               5
        Simplifier
          Number of moved ops                              0
          Number of rewrites                             199
        ToASC Analyser
          Memcpy/memset found                            yes
        Byte-Based Memory Creator
          Number of rewrites                            8939
        Instantiation-Based ToASC Simplifier
          Number of rewrites                               1
        Simplifier
          Number of moved ops                              5
          Number of rewrites                           23125
        FP Abstraction
          Number of rewrites                              22

Abstracted floating point operations.  The result might be a false positive.

        Simplifier
          Number of moved ops                              0
          Number of rewrites                               0
                                                           0 sec [DONE]
        
      2 assertions remain after transformations (1 no_back_edge, 1 custom).
after rewriteFormula
after sanityCheckFormula

      Running SMT solver (STP with MiniSat) ...