runJobCommand
arguents: child
arguents: job
arguents: mode
Careful, HavocLimit is not zero. Call Abstraction is activated
handleJobInSeparateProcess0

Checking job 4280 ...about to run job:
preconNumber: 0, 0

  Running Model Checker with 1 checks ...try
try ready

    SMTSolver : stp
    CallStackBound : 0
    StopEncodingAfterCheckLoop : 0
    LoopUnrollBound : 1
    HavocLimit : 2
    PreconditionNumber : 0
    PreconditionLocation : jobs/4280
    TimeOut : 600
    InitializedGlobals : false
    IgnoreMissingFunctions : false
    StopEncodingAfterCheck : false
    OverApproxVaArgs : false
    PreconditionCheckMemory : false
    PreconditionOnlyArguments : trueI [0] lib/ModelChecker/Verifier.cpp:247 | EntryPoint : sqlite3Reprepare
m_checker->run()

    Performing bounded model checking ...
      Performing pre-transformations on LLVM IR ...        0 sec [DONE]
        
      Performing logical encoding ...
        Unrolling loop in function "sqlite3LockAndPrepare" for 1 iterations succeeded.
        Transformed "sqlite3LockAndPrepare" from 69 to 70 instructionsCurrent: sqlite3LockAndPrepare Havoced: sqlite3SafetyCheckOk
Current: sqlite3LockAndPrepare Havoced: sqlite3_mutex_enter
Current: sqlite3LockAndPrepare Havoced: sqlite3BtreeEnterAll
Current: sqlite3LockAndPrepare Havoced: sqlite3Prepare
Current: sqlite3LockAndPrepare Havoced: sqlite3ResetOneSchema
Current: sqlite3LockAndPrepare Havoced: sqlite3BtreeLeaveAll
Current: sqlite3LockAndPrepare Havoced: sqlite3ApiExit
Current: sqlite3LockAndPrepare Havoced: sqlite3_mutex_leave
Current: sqlite3LockAndPrepare Havoced: sqlite3MisuseError
isMemcpy:   call void @llvm.memcpy.p0i8.p0i8.i64(i8* %3, i8* %4, i64 296, i32 8, i1 false), !dbg !5620
isMemcpy:   call void @llvm.memcpy.p0i8.p0i8.i64(i8* %5, i8* %6, i64 296, i32 8, i1 false), !dbg !5621
isMemcpy:   call void @llvm.memcpy.p0i8.p0i8.i64(i8* %7, i8* %8, i64 296, i32 8, i1 false), !dbg !5622
isMemcpy:   call void @llvm.memcpy.p0i8.p0i8.i64(i8* %35, i8* %38, i64 28, i32 8, i1 false), !dbg !5651

        Unrolling loop in function "sqlite3TransferBindings" for 1 iterations succeeded.
        Transformed "sqlite3TransferBindings" from 5 to 6 basic blocks and from 46 to 52 instructionsCurrent: sqlite3TransferBindings Havoced: sqlite3_mutex_enter
Current: sqlite3TransferBindings Havoced: sqlite3VdbeMemMove
Current: sqlite3TransferBindings Havoced: sqlite3_mutex_leave
Current: sqlite3VdbeFinalize Havoced: sqlite3VdbeReset
Current: sqlite3VdbeFinalize Havoced: sqlite3VdbeDelete

                                                           0 sec [DONE]
        Number of expressions:                        155527
        after encoding

      3 assertions before transformations (2 no_back_edge, 1 custom).

      Performing formula transformations ...
        Simplifier
          Number of rewrites                            3597
        Fixed Memory Address Assigner
          Number of moved ops                              0
          Number of rewrites                            5208
        Simplifier
          Number of moved ops                              0
          Number of rewrites                           72621
        Memory Model Encoder
          Number of moved ops                              0rewriteAllocaOprewriteStackAddressOp
rewriteAllocaOprewriteStackAddressOp

          Number of rewrites                               2
        Simplifier
          Number of moved ops                              0
          Number of rewrites                               4
        Simplifier
          Number of moved ops                              0
          Number of rewrites                             744
        ToASC Analyser
          Memcpy/memset found                             no
        Byte-Based Memory Creator
        Instantiation-Based ToASC Simplifier
        Simplifier
        FP Abstraction
          Number of rewrites                              44

Abstracted floating point operations.  The result might be a false positive.

        Simplifier
          Number of moved ops                              0
          Number of rewrites                               0
                                                           0 sec [DONE]
        
      3 assertions remain after transformations (2 no_back_edge, 1 custom).
after rewriteFormula
after sanityCheckFormula

      Running SMT solver (STP with MiniSat) ...