runJobCommand
arguents: child
arguents: job
arguents: mode
Careful, HavocLimit is not zero. Call Abstraction is activated
handleJobInSeparateProcess0

Checking job 6277 ...about to run job:
preconNumber: 0, 0

  Running Model Checker with 1 checks ...try
try ready

    SMTSolver : stp
    CallStackBound : 0
    StopEncodingAfterCheckLoop : 0
    LoopUnrollBound : 1
    HavocLimit : 2
    PreconditionNumber : 0
    PreconditionLocation : jobs/6277
    TimeOut : 600
    InitializedGlobals : false
    IgnoreMissingFunctions : false
    StopEncodingAfterCheck : false
    OverApproxVaArgs : false
    PreconditionCheckMemory : false
    PreconditionOnlyArguments : trueI [0] lib/ModelChecker/Verifier.cpp:247 | EntryPoint : sqlite3FkActions
m_checker->run()

    Performing bounded model checking ...
      Unrolling loop in function "sqlite3FkActions" for 1 iterations succeeded.
      Transformed "sqlite3FkActions" from 12 to 13 basic blocks and from 48 to 51 instructions
      Performing pre-transformations on LLVM IR ...        0 sec [DONE]
        
      Performing logical encoding ...Current: sqlite3FkReferences Havoced: sqlite3HashFind

        Unrolling loop in function "fkParentIsModified" for 1 iterations succeeded.
        Unrolling loop in function "fkParentIsModified" for 1 iterations succeeded.
        Transformed "fkParentIsModified" from 21 to 23 basic blocks and from 87 to 97 instructionsCurrent: fkParentIsModified Havoced: sqlite3StrICmp

        Unrolling loop in function "fkActionTrigger" for 1 iterations succeeded.
        Transformed "fkActionTrigger" from 57 to 62 basic blocks and from 421 to 441 instructionsCurrent: fkActionTrigger Havoced: sqlite3FkLocateIndex
isMemcpy:   call void @llvm.memcpy.p0i8.p0i8.i64(i8* %40, i8* bitcast (%struct.anon.1* @fkActionTrigger.tOld to i8*), i64 16, i32 8, i1 false), !dbg !5705
isMemcpy:   call void @llvm.memcpy.p0i8.p0i8.i64(i8* %41, i8* bitcast (%struct.anon.1* @fkActionTrigger.tNew to i8*), i64 16, i32 8, i1 false), !dbg !5707
Current: fkActionTrigger Havoced: sqlite3TokenInit
Current: fkActionTrigger Havoced: sqlite3TokenInit
Current: fkActionTrigger Havoced: sqlite3ExprAlloc
Current: fkActionTrigger Havoced: sqlite3ExprAlloc
Current: fkActionTrigger Havoced: sqlite3PExpr
Current: fkActionTrigger Havoced: sqlite3ExprAlloc
Current: fkActionTrigger Havoced: sqlite3PExpr
Current: fkActionTrigger Havoced: sqlite3ExprAnd
Current: fkActionTrigger Havoced: sqlite3ExprAlloc
Current: fkActionTrigger Havoced: sqlite3ExprAlloc
Current: fkActionTrigger Havoced: sqlite3PExpr
Current: fkActionTrigger Havoced: sqlite3ExprAlloc
Current: fkActionTrigger Havoced: sqlite3ExprAlloc
Current: fkActionTrigger Havoced: sqlite3PExpr
Current: fkActionTrigger Havoced: sqlite3PExpr
Current: fkActionTrigger Havoced: sqlite3ExprAnd
Current: fkActionTrigger Havoced: sqlite3ExprAlloc
Current: fkActionTrigger Havoced: sqlite3ExprAlloc
Current: fkActionTrigger Havoced: sqlite3ExprDup
Current: fkActionTrigger Havoced: sqlite3ExprAlloc
Current: fkActionTrigger Havoced: sqlite3ExprAlloc
Current: fkActionTrigger Havoced: sqlite3PExpr
Current: fkActionTrigger Havoced: sqlite3ExprListAppend
Current: fkActionTrigger Havoced: sqlite3ExprListSetName
Current: fkActionTrigger Havoced: sqlite3DbFree
Current: fkActionTrigger Havoced: sqlite3Strlen30
Current: fkActionTrigger Havoced: sqlite3Expr
Current: fkActionTrigger Havoced: sqlite3ExprListAppend
Current: fkActionTrigger Havoced: sqlite3SrcListAppend
Current: fkActionTrigger Havoced: sqlite3SelectNew
Current: fkActionTrigger Havoced: sqlite3DbMallocZero
isMemcpy:   call void @llvm.memcpy.p0i8.p0i8.i64(i8* %168, i8* %135, i64 %169, i32 1, i1 false), !dbg !5874
Current: fkActionTrigger Havoced: sqlite3ExprDup
Current: fkActionTrigger Havoced: sqlite3ExprListDup
Current: fkActionTrigger Havoced: sqlite3SelectDup
Current: fkActionTrigger Havoced: sqlite3PExpr
Current: fkActionTrigger Havoced: sqlite3ExprDup
Current: fkActionTrigger Havoced: sqlite3ExprDelete
Current: fkActionTrigger Havoced: sqlite3ExprDelete
Current: fkActionTrigger Havoced: sqlite3ExprListDelete
Current: fkActionTrigger Havoced: sqlite3SelectDelete
Current: fkActionTrigger Havoced: fkTriggerDelete
Current: sqlite3CodeRowTriggerDirect Havoced: sqlite3GetVdbe
Current: sqlite3CodeRowTriggerDirect Havoced: getRowTrigger
Current: sqlite3CodeRowTriggerDirect Havoced: sqlite3VdbeAddOp4
Current: sqlite3CodeRowTriggerDirect Havoced: sqlite3VdbeChangeP5

                                                           0 sec [DONE]
        Number of expressions:                        156147
        after encoding

      5 assertions before transformations (4 no_back_edge, 1 custom).

      Performing formula transformations ...
        Simplifier
          Number of rewrites                            3963
        Fixed Memory Address Assigner
          Number of moved ops                              2
          Number of rewrites                            5208
        Simplifier
          Number of moved ops                              0
          Number of rewrites                           72682
        Memory Model Encoder
          Number of moved ops                              0rewriteAllocaOprewriteStackAddressOp
rewriteAllocaOprewriteStackAddressOp
rewriteAllocaOprewriteStackAddressOp
rewriteAllocaOprewriteStackAddressOp
rewriteAllocaOprewriteStackAddressOp
rewriteAllocaOprewriteStackAddressOp
rewriteAllocaOprewriteStackAddressOp

          Number of rewrites                               7
        Simplifier
          Number of moved ops                              0
          Number of rewrites                              63
        Simplifier
          Number of moved ops                              0
          Number of rewrites                             464
        ToASC Analyser
          Memcpy/memset found                            yes
        Byte-Based Memory Creator
          Number of rewrites                            9019
        Instantiation-Based ToASC Simplifier
          Number of rewrites                               1
        Simplifier
          Number of moved ops                              0
          Number of rewrites                           23306
        FP Abstraction
          Number of rewrites                              22

Abstracted floating point operations.  The result might be a false positive.

        Simplifier
          Number of moved ops                              0
          Number of rewrites                               0
                                                           0 sec [DONE]
        
      5 assertions remain after transformations (4 no_back_edge, 1 custom).
after rewriteFormula
after sanityCheckFormula

      Running SMT solver (STP with MiniSat) ...oced: sqlite3ExprCheckHeight
Current: sqlite3ExprAnd Havoced: sqlite3ExprDeferredDelete
Current: sqlite3ExprAnd Havoced: sqlite3ExprDeferredDelete
Current: sqlite3ExprAnd Havoced: sqlite3Expr
Current: sqlite3ExprAnd Havoced: sqlite3PExpr
Current: sqlite3ExprAlloc Havoced: sqlite3GetInt32
Current: sqlite3ExprAlloc Havoced: sqlite3DbMallocRawNN
isMemset:   call void @llvm.memset.p0i8.i64(i8* %24, i8 0, i64 72, i32 8, i1 false), !dbg !5655
isMemcpy:   call void @llvm.memcpy.p0i8.p0i8.i64(i8* %49, i8* %51, i64 %54, i32 1, i1 false), !dbg !5695
Current: sqlite3ExprAlloc Havoced: sqlite3DequoteExpr
Current: sqlite3ExprAlloc Havoced: sqlite3GetInt32
Current: sqlite3ExprAlloc Havoced: sqlite3DbMallocRawNN
isMemset:   call void @llvm.memset.p0i8.i64(i8* %24, i8 0, i64 72, i32 8, i1 false), !dbg !5655
isMemcpy:   call void @llvm.memcpy.p0i8.p0i8.i64(i8* %49, i8* %51, i64 %54, i32 1, i1 false), !dbg !5695
Current: sqlite3ExprAlloc Havoced: sqlite3DequoteExpr
Current: sqlite3ExprDup Havoced: exprDup
Current: sqlite3ExprAlloc Havoced: sqlite3GetInt32
Current: sqlite3ExprAlloc Havoced: sqlite3DbMallocRawNN
isMemset:   call void @llvm.memset.p0i8.i64(i8* %24, i8 0, i64 72, i32 8, i1 false), !dbg !5655
isMemcpy:   call void @llvm.memcpy.p0i8.p0i8.i64(i8* %49, i8* %51, i64 %54, i32 1, i1 false), !dbg !5695
Current: sqlite3ExprAlloc Havoced: sqlite3DequoteExpr
Current: sqlite3ExprAlloc Havoced: sqlite3GetInt32
Current: sqlite3ExprAlloc Havoced: sqlite3DbMallocRawNN
isMemset:   call void @llvm.memset.p0i8.i64(i8* %24, i8 0, i64 72, i32 8, i1 false), !dbg !5655
isMemcpy:   call void @llvm.memcpy.p0i8.p0i8.i64(i8* %49, i8* %51, i64 %54, i32 1, i1 false), !dbg !5695
Current: sqlite3ExprAlloc Havoced: sqlite3DequoteExpr
Current: sqlite3PExpr Havoced: sqlite3DbMallocRawNN
Current: sqlite3PExpr Havoced: sqlite3ExprDelete
Current: sqlite3PExpr Havoced: sqlite3ExprDelete
isMemset:   call void @llvm.memset.p0i8.i64(i8* %9, i8 0, i64 72, i32 8, i1 false), !dbg !5626
Current: sqlite3PExpr Havoced: sqlite3ExprAttachSubtrees
Current: sqlite3PExpr Havoced: sqlite3ExprCheckHeight
isMemcpy:   call void @llvm.memcpy.p0i8.p0i8.i64(i8* %23, i8* bitcast (%struct.ExprList_item* @zeroItem to i8*), i64 24, i32 8, i1 false), !dbg !5641
Current: sqlite3ExprListAppend Havoced: sqlite3ExprListAppendGrow
Current: sqlite3ExprListAppend Havoced: sqlite3ExprListAppendNew
Current: sqlite3ExprListSetName Havoced: sqlite3DbStrNDup
Current: sqlite3ExprListSetName Havoced: sqlite3Dequote
Current: sqlite3ExprListSetName Havoced: sqlite3RenameTokenMap
Current: sqlite3DbFree Havoced: sqlite3DbFreeNN

        Unrolling loop in function "llbmc.strlen" for 0 iterations succeeded.
        Transformed "llbmc.strlen" from 8 to 9 instructionsCurrent: sqlite3Expr Havoced: sqlite3Strlen30
Current: sqlite3Expr Havoced: sqlite3ExprAlloc
isMemcpy:   call void @llvm.memcpy.p0i8.p0i8.i64(i8* %23, i8* bitcast (%struct.ExprList_item* @zeroItem to i8*), i64 24, i32 8, i1 false), !dbg !5641
Current: sqlite3ExprListAppend Havoced: sqlite3ExprListAppendGrow
Current: sqlite3ExprListAppend Havoced: sqlite3ExprListAppendNew
Current: sqlite3SrcListAppend Havoced: sqlite3SrcListEnlarge
Current: sqlite3SrcListAppend Havoced: sqlite3SrcListDelete
Current: sqlite3SrcListAppend Havoced: sqlite3DbMallocRawNN
isMemset:   call void @llvm.memset.p0i8.i64(i8* %16, i8 0, i64 112, i32 8, i1 false), !dbg !5646
Current: sqlite3SrcListAppend Havoced: sqlite3NameFromToken
Current: sqlite3SrcListAppend Havoced: sqlite3NameFromToken
Current: sqlite3SrcListAppend Havoced: sqlite3NameFromToken
Current: sqlite3SelectNew Havoced: sqlite3DbMallocRawNN
Current: sqlite3SelectNew Havoced: sqlite3Expr
Current: sqlite3SelectNew Havoced: sqlite3ExprListAppend
Current: sqlite3SelectNew Havoced: sqlite3DbMallocZero
Current: sqlite3SelectNew Havoced: clearSelect
Current: sqlite3DbMallocZero Havoced: sqlite3DbMallocRaw
isMemset:   call void @llvm.memset.p0i8.i64(i8* %2, i8 0, i64 %1, i32 1, i1 false), !dbg !5621
isMemcpy:   call void @llvm.memcpy.p0i8.p0i8.i64(i8* %164, i8* %131, i64 %165, i32 1, i1 false), !dbg !5874
Current: sqlite3ExprDup Havoced: exprDup

        Unrolling loop in function "sqlite3ExprListDup" for 1 iterations succeeded.
        Transformed "sqlite3ExprListDup" from 17 to 18 basic blocks and from 165 to 172 instructionsCurrent: sqlite3ExprListDup Havoced: sqlite3DbMallocSize
Current: sqlite3ExprListDup Havoced: sqlite3DbMallocRawNN
Current: sqlite3ExprListDup Havoced: sqlite3ExprDup
Current: sqlite3ExprListDup Havoced: sqlite3DbStrDup
isMemcpy:   call void @llvm.memcpy.p0i8.p0i8.i64(i8* %98, i8* %99, i64 4, i32 4, i1 false), !dbg !5720

        Unrolling loop in function "sqlite3SelectDup" for 1 iterations succeeded.
        Transformed "sqlite3SelectDup" from 12 to 14 basic blocks and from 146 to 153 instructionsCurrent: sqlite3SelectDup Havoced: sqlite3DbMallocRawNN
Current: sqlite3SelectDup Havoced: sqlite3ExprListDup
Current: sqlite3SelectDup Havoced: sqlite3SrcListDup
Current: sqlite3SelectDup Havoced: sqlite3ExprDup
Current: sqlite3SelectDup Havoced: sqlite3ExprListDup
Current: sqlite3SelectDup Havoced: sqlite3ExprDup
Current: sqlite3SelectDup Havoced: sqlite3ExprListDup
Current: sqlite3SelectDup Havoced: sqlite3ExprDup
Current: sqlite3SelectDup Havoced: sqlite3WithDup
Current: sqlite3SelectDup Havoced: sqlite3WindowListDup
Current: sqlite3SelectDup Havoced: gatherSelectWindows
Current: sqlite3SelectDup Havoced: sqlite3SelectDelete
Current: sqlite3PExpr Havoced: sqlite3DbMallocRawNN
Current: sqlite3PExpr Havoced: sqlite3ExprDelete
Current: sqlite3PExpr Havoced: sqlite3ExprDelete
isMemset:   call void @llvm.memset.p0i8.i64(i8* %9, i8 0, i64 72, i32 8, i1 false), !dbg !5626
Current: sqlite3PExpr Havoced: sqlite3ExprAttachSubtrees
Current: sqlite3PExpr Havoced: sqlite3ExprCheckHeight
Current: sqlite3ExprDup Havoced: exprDup
Current: sqlite3ExprDelete Havoced: sqlite3ExprDeleteNN
Current: sqlite3ExprDelete Havoced: sqlite3ExprDeleteNN
Current: sqlite3ExprListDelete Havoced: exprListDeleteNN
Current: sqlite3SelectDelete Havoced: clearSelect
Current: fkTriggerDelete Havoced: sqlite3ExprDelete
Current: fkTriggerDelete Havoced: sqlite3ExprListDelete
Current: fkTriggerDelete Havoced: sqlite3SelectDelete
Current: fkTriggerDelete Havoced: sqlite3ExprDelete
Current: fkTriggerDelete Havoced: sqlite3DbFree

                                                           0 sec [DONE]
        Number of expressions:                        160721
        after encoding

      9 assertions before transformations (8 no_back_edge, 1 custom).

      Performing formula transformations ...
        Simplifier
          Number of rewrites                            6841
        Fixed Memory Address Assigner
          Number of moved ops                              3
          Number of rewrites                            5208
        Simplifier
          Number of moved ops                              0
          Number of rewrites                           72807
        Memory Model Encoder
          Number of moved ops                              0rewriteAllocaOprewriteStackAddressOp
rewriteAllocaOprewriteStackAddressOp
rewriteAllocaOprewriteStackAddressOp
rewriteAllocaOprewriteStackAddressOp
rewriteAllocaOprewriteStackAddressOp
rewriteAllocaOprewriteStackAddressOp
rewriteAllocaOprewriteStackAddressOp
rewriteAllocaOprewriteStackAddressOp
rewriteAllocaOprewriteStackAddressOp
rewriteAllocaOprewriteStackAddressOp
rewriteAllocaOprewriteStackAddressOp
rewriteAllocaOprewriteStackAddressOp
rewriteAllocaOprewriteStackAddressOp
rewriteAllocaOprewriteStackAddressOp
rewriteAllocaOprewriteStackAddressOp
rewriteAllocaOprewriteStackAddressOp
rewriteAllocaOprewriteStackAddressOp
rewriteAllocaOprewriteStackAddressOp
rewriteAllocaOprewriteStackAddressOp
rewriteAllocaOprewriteStackAddressOp
rewriteAllocaOprewriteStackAddressOp

          Number of rewrites                              21
        Simplifier
          Number of moved ops                              0
          Number of rewrites                             202
        Simplifier
          Number of moved ops                              0
          Number of rewrites                             607
        ToASC Analyser
          Memcpy/memset found                            yes
        Byte-Based Memory Creator
          Number of rewrites                            9556
        Instantiation-Based ToASC Simplifier
          Number of rewrites                              11
        Simplifier
          Number of moved ops                            769
          Number of rewrites                           24237
        FP Abstraction
          Number of rewrites                              22

Abstracted floating point operations.  The result might be a false positive.

        Simplifier
          Number of moved ops                              0
          Number of rewrites                               0
                                                           0 sec [DONE]
        
      9 assertions remain after transformations (8 no_back_edge, 1 custom).
after rewriteFormula
after sanityCheckFormula

      Running SMT solver (STP with MiniSat) ...