runJobCommand
arguents: child
arguents: job
arguents: mode
Careful, HavocLimit is not zero. Call Abstraction is activated
handleJobInSeparateProcess0

Checking job 5106 ...about to run job:
preconNumber: 0, 0

  Running Model Checker with 1 checks ...try
try ready

    SMTSolver : stp
    CallStackBound : 0
    StopEncodingAfterCheckLoop : 0
    LoopUnrollBound : 1
    HavocLimit : 1
    PreconditionNumber : 0
    PreconditionLocation : jobs/5106
    TimeOut : 600
    InitializedGlobals : false
    IgnoreMissingFunctions : false
    StopEncodingAfterCheck : false
    OverApproxVaArgs : false
    PreconditionCheckMemory : false
    PreconditionOnlyArguments : trueI [0] lib/ModelChecker/Verifier.cpp:247 | EntryPoint : memjrnlWrite
m_checker->run()

    Performing bounded model checking ...
      Unrolling loop in function "memjrnlWrite" for 1 iterations succeeded.
      Transformed "memjrnlWrite" from 21 to 22 basic blocks and from 146 to 150 instructions
      Performing pre-transformations on LLVM IR ...        0 sec [DONE]
        
      Performing logical encoding ...Current: memjrnlWrite Havoced: sqlite3_malloc
isMemcpy:   call void @llvm.memcpy.p0i8.p0i8.i64(i8* %58, i8* %16, i64 %59, i32 1, i1 false), !dbg !5712
Current: memjrnlWrite Havoced: memjrnlCreateFile
Current: memjrnlWrite Havoced: sqlite3OsWrite
                      0 sec [DONE]
        Number of expressions:                        155262
        after encoding

      3 assertions before transformations (1 no_back_edge, 2 custom).

      Performing formula transformations ...
        Simplifier
          Number of rewrites                            3474
        Fixed Memory Address Assigner
          Number of moved ops                              0
          Number of rewrites                            5208
        Simplifier
          Number of moved ops                              0
          Number of rewrites                           72609
        Memory Model Encoder
          Number of moved ops                              0
          Number of rewrites                               0
        Simplifier
          Number of rewrites                               4
        Simplifier
          Number of moved ops                              0
          Number of rewrites                             142
        ToASC Analyser
          Memcpy/memset found                            yes
        Byte-Based Memory Creator
          Number of rewrites                            8929
        Instantiation-Based ToASC Simplifier
          Number of rewrites                               1
        Simplifier
          Number of moved ops                             11
          Number of rewrites                           23071
        FP Abstraction
          Number of rewrites                              22

Abstracted floating point operations.  The result might be a false positive.

        Simplifier
          Number of moved ops                              0
          Number of rewrites                               0
                                                           0 sec [DONE]
        
      3 assertions remain after transformations (1 no_back_edge, 2 custom).
after rewriteFormula
after sanityCheckFormula

      Running SMT solver (STP with MiniSat) ...