runJobCommand
arguents: child
arguents: job
arguents: mode
Careful, HavocLimit is not zero. Call Abstraction is activated
handleJobInSeparateProcess0

Checking job 5559 ...about to run job:
preconNumber: 0, 0

  Running Model Checker with 1 checks ...try
try ready

    SMTSolver : stp
    CallStackBound : 0
    StopEncodingAfterCheckLoop : 0
    LoopUnrollBound : 1
    HavocLimit : 2
    PreconditionNumber : 0
    PreconditionLocation : jobs/5559
    TimeOut : 600
    InitializedGlobals : false
    IgnoreMissingFunctions : false
    StopEncodingAfterCheck : false
    OverApproxVaArgs : false
    PreconditionCheckMemory : false
    PreconditionOnlyArguments : trueI [0] lib/ModelChecker/Verifier.cpp:247 | EntryPoint : renameTableTest
m_checker->run()

    Performing bounded model checking ...
      Performing pre-transformations on LLVM IR ...        0 sec [DONE]
        
      Performing logical encoding ...Current: sqlite3_value_text Havoced: sqlite3ValueText
Current: sqlite3_value_text Havoced: sqlite3ValueText
Current: sqlite3_value_int Havoced: sqlite3VdbeIntValue
Current: sqlite3_value_text Havoced: sqlite3ValueText
Current: sqlite3_value_int Havoced: sqlite3VdbeIntValue
Current: renameParseSql Havoced: sqlite3FindDbName
isMemset:   call void @llvm.memset.p0i8.i64(i8* %12, i8 0, i64 408, i32 8, i1 false), !dbg !5635
Current: renameParseSql Havoced: sqlite3RunParser
Current: renameParseSql Havoced: sqlite3CorruptError

        Unrolling loop in function "renameResolveTrigger" for 1 iterations succeeded.
        Unrolling loop in function "renameResolveTrigger" for 1 iterations succeeded.
        Transformed "renameResolveTrigger" from 48 to 111 basic blocks and from 284 to 656 instructionsisMemset:   call void @llvm.memset.p0i8.i64(i8* %6, i8 0, i64 56, i32 8, i1 false), !dbg !5665
Current: renameResolveTrigger Havoced: sqlite3SchemaToIndex
Current: renameResolveTrigger Havoced: sqlite3FindTable
Current: renameResolveTrigger Havoced: sqlite3ViewGetColumnNames
Current: renameResolveTrigger Havoced: sqlite3ResolveExprNames
Current: renameResolveTrigger Havoced: sqlite3SelectPrep
Current: renameResolveTrigger Havoced: sqlite3TriggerStepSrc
Current: renameResolveTrigger Havoced: sqlite3LocateTableItem
Current: renameResolveTrigger Havoced: sqlite3ViewGetColumnNames
Current: renameResolveTrigger Havoced: sqlite3SelectPrep
Current: renameResolveTrigger Havoced: sqlite3ExpandSubquery
Current: renameResolveTrigger Havoced: sqlite3SelectPrep
Current: renameResolveTrigger Havoced: sqlite3ResolveExprNames
Current: renameResolveTrigger Havoced: sqlite3ResolveExprListNames
Current: renameResolveTrigger Havoced: sqlite3ResolveExprListNames
Current: renameResolveTrigger Havoced: sqlite3ResolveExprListNames
Current: renameResolveTrigger Havoced: sqlite3ResolveExprNames
Current: renameResolveTrigger Havoced: sqlite3ResolveExprNames
Current: renameResolveTrigger Havoced: sqlite3SrcListDelete
Current: renameResolveTrigger Havoced: sqlite3SelectPrep
Current: renameResolveTrigger Havoced: sqlite3TriggerStepSrc
Current: renameResolveTrigger Havoced: sqlite3LocateTableItem
Current: renameResolveTrigger Havoced: sqlite3ViewGetColumnNames
Current: renameResolveTrigger Havoced: sqlite3SelectPrep
Current: renameResolveTrigger Havoced: sqlite3ExpandSubquery
Current: renameResolveTrigger Havoced: sqlite3SelectPrep
Current: renameResolveTrigger Havoced: sqlite3ResolveExprNames
Current: renameResolveTrigger Havoced: sqlite3ResolveExprListNames
Current: renameResolveTrigger Havoced: sqlite3ResolveExprListNames
Current: renameResolveTrigger Havoced: sqlite3ResolveExprListNames
Current: renameResolveTrigger Havoced: sqlite3ResolveExprNames
Current: renameResolveTrigger Havoced: sqlite3ResolveExprNames
Current: renameResolveTrigger Havoced: sqlite3SrcListDelete
Current: renameResolveTrigger Havoced: sqlite3LocateTableItem
Current: renameResolveTrigger Havoced: sqlite3ViewGetColumnNames
Current: renameResolveTrigger Havoced: sqlite3SelectPrep
Current: renameResolveTrigger Havoced: sqlite3ExpandSubquery
Current: renameResolveTrigger Havoced: sqlite3SelectPrep
Current: renameResolveTrigger Havoced: sqlite3LocateTableItem
Current: renameResolveTrigger Havoced: sqlite3ViewGetColumnNames
Current: renameResolveTrigger Havoced: sqlite3SelectPrep
Current: renameResolveTrigger Havoced: sqlite3ExpandSubquery
Current: renameResolveTrigger Havoced: sqlite3SelectPrep

        Unrolling loop in function "sqlite3SchemaToIndex" for 1 iterations succeeded.
        Transformed "sqlite3SchemaToIndex" from 32 to 36 instructions
        Unrolling loop in function "sqlite3FindDbName" for 1 iterations succeeded.
        Transformed "sqlite3FindDbName" from 12 to 14 basic blocks and from 50 to 60 instructionsCurrent: sqlite3FindDbName Havoced: sqlite3_stricmp
Current: sqlite3FindDbName Havoced: sqlite3_stricmp
Current: sqlite3_result_int Havoced: sqlite3VdbeMemSetInt64
isMemset:   call void @llvm.memset.p0i8.i64(i8* %50, i8 0, i64 56, i32 8, i1 false), !dbg !5722
Current: sqlite3SelectPrep Havoced: sqlite3SelectExpand
Current: sqlite3SelectPrep Havoced: sqlite3ResolveSelectNames
Current: sqlite3SelectPrep Havoced: sqlite3SelectAddTypeInfo
Current: renameColumnParseError Havoced: sqlite3_value_text
Current: renameColumnParseError Havoced: sqlite3_value_text
Current: renameColumnParseError Havoced: sqlite3_mprintf
Current: renameColumnParseError Havoced: sqlite3_result_error
Current: renameColumnParseError Havoced: sqlite3_free

        Unrolling loop in function "renameParseCleanup" for 1 iterations succeeded.
        Transformed "renameParseCleanup" from 6 to 7 basic blocks and from 41 to 46 instructionsCurrent: renameParseCleanup Havoced: sqlite3VdbeFinalize
Current: renameParseCleanup Havoced: sqlite3DeleteTable
Current: renameParseCleanup Havoced: sqlite3FreeIndex
Current: renameParseCleanup Havoced: sqlite3DeleteTrigger
Current: renameParseCleanup Havoced: sqlite3DbFree
Current: renameParseCleanup Havoced: renameTokenFree
Current: renameParseCleanup Havoced: sqlite3ParserReset

                                                           0 sec [DONE]
        Number of expressions:                        157163
        after encoding

      7 assertions before transformations (6 no_back_edge, 1 custom).

      Performing formula transformations ...
        Simplifier
          Number of rewrites                            4484
        Fixed Memory Address Assigner
          Number of moved ops                              0
          Number of rewrites                            5208
        Simplifier
          Number of moved ops                              0
          Number of rewrites                           72735
        Memory Model Encoder
          Number of moved ops                              0rewriteAllocaOprewriteStackAddressOp
rewriteAllocaOprewriteStackAddressOp
rewriteAllocaOprewriteStackAddressOp
rewriteAllocaOprewriteStackAddressOp

          Number of rewrites                               4
        Simplifier
          Number of moved ops                              0
          Number of rewrites                              72
        Simplifier
          Number of moved ops                              0
          Number of rewrites                             777
        ToASC Analyser
          Memcpy/memset found                             no
        Byte-Based Memory Creator
        Instantiation-Based ToASC Simplifier
        Simplifier
        FP Abstraction
          Number of rewrites                              44

Abstracted floating point operations.  The result might be a false positive.

        Simplifier
          Number of moved ops                              0
          Number of rewrites                               0
                                                           0 sec [DONE]
        
      7 assertions remain after transformations (6 no_back_edge, 1 custom).
after rewriteFormula
after sanityCheckFormula

      Running SMT solver (STP with MiniSat) ...