runJobCommand
arguents: child
arguents: job
arguents: mode
Careful, HavocLimit is not zero. Call Abstraction is activated
handleJobInSeparateProcess0

Checking job 8010 ...about to run job:
preconNumber: 0, 0

  Running Model Checker with 1 checks ...try
try ready

    SMTSolver : stp
    CallStackBound : 0
    StopEncodingAfterCheckLoop : 0
    LoopUnrollBound : 1
    HavocLimit : 2
    PreconditionNumber : 0
    PreconditionLocation : jobs/8010
    TimeOut : 600
    InitializedGlobals : false
    IgnoreMissingFunctions : false
    StopEncodingAfterCheck : false
    OverApproxVaArgs : false
    PreconditionCheckMemory : false
    PreconditionOnlyArguments : trueI [0] lib/ModelChecker/Verifier.cpp:247 | EntryPoint : windowCodeOp
m_checker->run()

    Performing bounded model checking ...
      Transformed "windowCodeOp" from 55 to 59 basic blocks and from 285 to 292 instructions
      Performing pre-transformations on LLVM IR ...        0 sec [DONE]
        
      Performing logical encoding ...Current: sqlite3VdbeAddOp3 Havoced: growOp3

        Transformed "windowCodeRangeTest" from 22 to 32 basic blocks and from 138 to 156 instructionsCurrent: windowCodeRangeTest Havoced: sqlite3GetVdbe
Current: windowCodeRangeTest Havoced: sqlite3GetTempReg
Current: windowCodeRangeTest Havoced: sqlite3GetTempReg
Current: windowCodeRangeTest Havoced: sqlite3VdbeMakeLabel
Current: windowCodeRangeTest Havoced: windowReadPeerValues
Current: windowCodeRangeTest Havoced: windowReadPeerValues
Current: windowCodeRangeTest Havoced: sqlite3VdbeAddOp1
Current: windowCodeRangeTest Havoced: sqlite3VdbeAddOp2
Current: windowCodeRangeTest Havoced: sqlite3VdbeAddOp2
Current: windowCodeRangeTest Havoced: sqlite3VdbeAddOp2
Current: windowCodeRangeTest Havoced: sqlite3VdbeAddOp2
Current: windowCodeRangeTest Havoced: sqlite3VdbeJumpHere
Current: windowCodeRangeTest Havoced: sqlite3VdbeAddOp2
Current: windowCodeRangeTest Havoced: sqlite3VdbeChangeP2
Current: windowCodeRangeTest Havoced: sqlite3VdbeAddOp4
Current: windowCodeRangeTest Havoced: sqlite3VdbeAddOp3
Current: windowCodeRangeTest Havoced: sqlite3VdbeAddOp3
Current: windowCodeRangeTest Havoced: sqlite3VdbeAddOp3
Current: windowCodeRangeTest Havoced: sqlite3VdbeJumpHere
Current: windowCodeRangeTest Havoced: sqlite3VdbeAddOp3
Current: windowCodeRangeTest Havoced: sqlite3ExprNNCollSeq
Current: windowCodeRangeTest Havoced: sqlite3VdbeAppendP4
Current: windowCodeRangeTest Havoced: sqlite3VdbeChangeP5
Current: windowCodeRangeTest Havoced: sqlite3VdbeResolveLabel
Current: windowCodeRangeTest Havoced: sqlite3ReleaseTempReg
Current: windowCodeRangeTest Havoced: sqlite3ReleaseTempReg
Current: windowCodeRangeTest Havoced: sqlite3GetVdbe
Current: windowCodeRangeTest Havoced: sqlite3GetTempReg
Current: windowCodeRangeTest Havoced: sqlite3GetTempReg
Current: windowCodeRangeTest Havoced: sqlite3VdbeMakeLabel
Current: windowCodeRangeTest Havoced: windowReadPeerValues
Current: windowCodeRangeTest Havoced: windowReadPeerValues
Current: windowCodeRangeTest Havoced: sqlite3VdbeAddOp1
Current: windowCodeRangeTest Havoced: sqlite3VdbeAddOp2
Current: windowCodeRangeTest Havoced: sqlite3VdbeAddOp2
Current: windowCodeRangeTest Havoced: sqlite3VdbeAddOp2
Current: windowCodeRangeTest Havoced: sqlite3VdbeAddOp2
Current: windowCodeRangeTest Havoced: sqlite3VdbeJumpHere
Current: windowCodeRangeTest Havoced: sqlite3VdbeAddOp2
Current: windowCodeRangeTest Havoced: sqlite3VdbeChangeP2
Current: windowCodeRangeTest Havoced: sqlite3VdbeAddOp4
Current: windowCodeRangeTest Havoced: sqlite3VdbeAddOp3
Current: windowCodeRangeTest Havoced: sqlite3VdbeAddOp3
Current: windowCodeRangeTest Havoced: sqlite3VdbeAddOp3
Current: windowCodeRangeTest Havoced: sqlite3VdbeJumpHere
Current: windowCodeRangeTest Havoced: sqlite3VdbeAddOp3
Current: windowCodeRangeTest Havoced: sqlite3ExprNNCollSeq
Current: windowCodeRangeTest Havoced: sqlite3VdbeAppendP4
Current: windowCodeRangeTest Havoced: sqlite3VdbeChangeP5
Current: windowCodeRangeTest Havoced: sqlite3VdbeResolveLabel
Current: windowCodeRangeTest Havoced: sqlite3ReleaseTempReg
Current: windowCodeRangeTest Havoced: sqlite3ReleaseTempReg
Current: windowCodeRangeTest Havoced: sqlite3GetVdbe
Current: windowCodeRangeTest Havoced: sqlite3GetTempReg
Current: windowCodeRangeTest Havoced: sqlite3GetTempReg
Current: windowCodeRangeTest Havoced: sqlite3VdbeMakeLabel
Current: windowCodeRangeTest Havoced: windowReadPeerValues
Current: windowCodeRangeTest Havoced: windowReadPeerValues
Current: windowCodeRangeTest Havoced: sqlite3VdbeAddOp1
Current: windowCodeRangeTest Havoced: sqlite3VdbeAddOp2
Current: windowCodeRangeTest Havoced: sqlite3VdbeAddOp2
Current: windowCodeRangeTest Havoced: sqlite3VdbeAddOp2
Current: windowCodeRangeTest Havoced: sqlite3VdbeAddOp2
Current: windowCodeRangeTest Havoced: sqlite3VdbeJumpHere
Current: windowCodeRangeTest Havoced: sqlite3VdbeAddOp2
Current: windowCodeRangeTest Havoced: sqlite3VdbeChangeP2
Current: windowCodeRangeTest Havoced: sqlite3VdbeAddOp4
Current: windowCodeRangeTest Havoced: sqlite3VdbeAddOp3
Current: windowCodeRangeTest Havoced: sqlite3VdbeAddOp3
Current: windowCodeRangeTest Havoced: sqlite3VdbeAddOp3
Current: windowCodeRangeTest Havoced: sqlite3VdbeJumpHere
Current: windowCodeRangeTest Havoced: sqlite3VdbeAddOp3
Current: windowCodeRangeTest Havoced: sqlite3ExprNNCollSeq
Current: windowCodeRangeTest Havoced: sqlite3VdbeAppendP4
Current: windowCodeRangeTest Havoced: sqlite3VdbeChangeP5
Current: windowCodeRangeTest Havoced: sqlite3VdbeResolveLabel
Current: windowCodeRangeTest Havoced: sqlite3ReleaseTempReg
Current: windowCodeRangeTest Havoced: sqlite3ReleaseTempReg

        Unrolling loop in function "windowAggFinal" for 1 iterations succeeded.
        Transformed "windowAggFinal" from 16 to 17 basic blocks and from 102 to 105 instructionsCurrent: windowAggFinal Havoced: sqlite3GetVdbe
Current: windowAggFinal Havoced: windowArgCount
Current: windowAggFinal Havoced: sqlite3VdbeAddOp3
Current: windowAggFinal Havoced: sqlite3VdbeAppendP4
Current: windowAggFinal Havoced: sqlite3VdbeAddOp2
Current: windowAggFinal Havoced: sqlite3VdbeAppendP4
Current: windowAggFinal Havoced: sqlite3VdbeAddOp2
Current: windowAggFinal Havoced: sqlite3VdbeAddOp2
Current: windowAggFinal Havoced: sqlite3VdbeAddOp2
Current: windowAggFinal Havoced: sqlite3VdbeAddOp1
Current: windowAggFinal Havoced: sqlite3VdbeAddOp3
Current: windowAggFinal Havoced: sqlite3VdbeCurrentAddr
Current: windowAggFinal Havoced: sqlite3VdbeJumpHere
Current: sqlite3VdbeAddOp2 Havoced: sqlite3VdbeAddOp3
Current: sqlite3VdbeAddOp3 Havoced: growOp3
Current: sqlite3VdbeAddOp2 Havoced: sqlite3VdbeAddOp3
Current: sqlite3VdbeAddOp2 Havoced: sqlite3VdbeAddOp3
Current: sqlite3VdbeAddOp3 Havoced: growOp3

        Unrolling loop in function "windowAggStep" for 1 iterations succeeded.
        Unrolling loop in function "windowAggStep" for 1 iterations succeeded.
        Unrolling loop in function "windowAggStep" for 1 iterations succeeded.
        Transformed "windowAggStep" from 46 to 49 basic blocks and from 286 to 295 instructionsCurrent: windowAggStep Havoced: sqlite3GetVdbe
Current: windowAggStep Havoced: windowArgCount
Current: windowAggStep Havoced: sqlite3VdbeAddOp3
Current: windowAggStep Havoced: sqlite3VdbeAddOp3
Current: windowAggStep Havoced: sqlite3GetTempReg
Current: windowAggStep Havoced: sqlite3VdbeAddOp3
Current: windowAggStep Havoced: sqlite3VdbeAddOp3
Current: windowAggStep Havoced: sqlite3ReleaseTempReg
Current: windowAggStep Havoced: sqlite3VdbeCurrentAddr
Current: windowAggStep Havoced: sqlite3GetTempRange
Current: windowAggStep Havoced: sqlite3ExprCodeExprList
Current: windowAggStep Havoced: sqlite3VdbeCurrentAddr
Current: windowAggStep Havoced: sqlite3VdbeGetOp
Current: windowAggStep Havoced: sqlite3ExprNNCollSeq
Current: windowAggStep Havoced: sqlite3VdbeAddOp4
Current: windowAggStep Havoced: sqlite3VdbeAddOp3
Current: windowAggStep Havoced: sqlite3VdbeAppendP4
Current: windowAggStep Havoced: sqlite3VdbeChangeP5
Current: windowAggStep Havoced: sqlite3ReleaseTempRange
Current: windowAggStep Havoced: sqlite3VdbeJumpHere
Current: windowAggStep Havoced: sqlite3VdbeAddOp2
Current: windowAggStep Havoced: sqlite3VdbeAddOp1
Current: windowAggStep Havoced: sqlite3VdbeAddOp4Int
Current: windowAggStep Havoced: sqlite3VdbeAddOp1
Current: windowAggStep Havoced: sqlite3VdbeCurrentAddr
Current: windowAggStep Havoced: sqlite3VdbeJumpHere
Current: windowAggStep Havoced: sqlite3VdbeAddOp2
Current: windowAggStep Havoced: sqlite3VdbeAddOp2
Current: windowAggStep Havoced: sqlite3VdbeAddOp3
Current: windowAggStep Havoced: sqlite3VdbeAddOp2
Current: windowAggStep Havoced: sqlite3VdbeJumpHere
Current: sqlite3VdbeAddOp2 Havoced: sqlite3VdbeAddOp3
Current: windowAggStep Havoced: sqlite3GetVdbe
Current: windowAggStep Havoced: windowArgCount
Current: windowAggStep Havoced: sqlite3VdbeAddOp3
Current: windowAggStep Havoced: sqlite3VdbeAddOp3
Current: windowAggStep Havoced: sqlite3GetTempReg
Current: windowAggStep Havoced: sqlite3VdbeAddOp3
Current: windowAggStep Havoced: sqlite3VdbeAddOp3
Current: windowAggStep Havoced: sqlite3ReleaseTempReg
Current: windowAggStep Havoced: sqlite3VdbeCurrentAddr
Current: windowAggStep Havoced: sqlite3GetTempRange
Current: windowAggStep Havoced: sqlite3ExprCodeExprList
Current: windowAggStep Havoced: sqlite3VdbeCurrentAddr
Current: windowAggStep Havoced: sqlite3VdbeGetOp
Current: windowAggStep Havoced: sqlite3ExprNNCollSeq
Current: windowAggStep Havoced: sqlite3VdbeAddOp4
Current: windowAggStep Havoced: sqlite3VdbeAddOp3
Current: windowAggStep Havoced: sqlite3VdbeAppendP4
Current: windowAggStep Havoced: sqlite3VdbeChangeP5
Current: windowAggStep Havoced: sqlite3ReleaseTempRange
Current: windowAggStep Havoced: sqlite3VdbeJumpHere
Current: windowAggStep Havoced: sqlite3VdbeAddOp2
Current: windowAggStep Havoced: sqlite3VdbeAddOp1
Current: windowAggStep Havoced: sqlite3VdbeAddOp4Int
Current: windowAggStep Havoced: sqlite3VdbeAddOp1
Current: windowAggStep Havoced: sqlite3VdbeCurrentAddr
Current: windowAggStep Havoced: sqlite3VdbeJumpHere
Current: windowAggStep Havoced: sqlite3VdbeAddOp2
Current: windowAggStep Havoced: sqlite3VdbeAddOp2
Current: windowAggStep Havoced: sqlite3VdbeAddOp3
Current: windowAggStep Havoced: sqlite3VdbeAddOp2
Current: windowAggStep Havoced: sqlite3VdbeJumpHere
Current: sqlite3VdbeAddOp2 Havoced: sqlite3VdbeAddOp3

        Unrolling loop in function "windowReturnOneRow" for 1 iterations succeeded.
        Transformed "windowReturnOneRow" from 24 to 25 basic blocks and from 180 to 183 instructionsCurrent: windowReturnOneRow Havoced: sqlite3VdbeMakeLabel
Current: windowReturnOneRow Havoced: sqlite3GetTempReg
Current: windowReturnOneRow Havoced: sqlite3VdbeAddOp3
Current: windowReturnOneRow Havoced: sqlite3VdbeAddOp2
Current: windowReturnOneRow Havoced: sqlite3VdbeAddOp2
Current: windowReturnOneRow Havoced: sqlite3GetTempReg
Current: windowReturnOneRow Havoced: sqlite3VdbeAddOp3
Current: windowReturnOneRow Havoced: sqlite3VdbeAddOp3
Current: windowReturnOneRow Havoced: sqlite3ReleaseTempReg
Current: windowReturnOneRow Havoced: sqlite3VdbeAddOp2
Current: windowReturnOneRow Havoced: sqlite3VdbeAddOp3
Current: windowReturnOneRow Havoced: sqlite3VdbeAddOp3
Current: windowReturnOneRow Havoced: sqlite3VdbeResolveLabel
Current: windowReturnOneRow Havoced: sqlite3ReleaseTempReg
Current: windowReturnOneRow Havoced: sqlite3VdbeMakeLabel
Current: windowReturnOneRow Havoced: sqlite3GetTempReg
Current: windowReturnOneRow Havoced: sqlite3VdbeAddOp2
Current: windowReturnOneRow Havoced: sqlite3VdbeAddOp2
Current: windowReturnOneRow Havoced: sqlite3VdbeAddOp3
Current: windowReturnOneRow Havoced: windowCheckValue
Current: windowReturnOneRow Havoced: sqlite3VdbeAddOp3
Current: windowReturnOneRow Havoced: sqlite3VdbeAddOp3
Current: windowReturnOneRow Havoced: sqlite3VdbeAddOp3
Current: windowReturnOneRow Havoced: sqlite3VdbeAddOp3
Current: windowReturnOneRow Havoced: sqlite3VdbeResolveLabel
Current: windowReturnOneRow Havoced: sqlite3ReleaseTempReg
Current: windowReturnOneRow Havoced: windowFullScan
Current: windowReturnOneRow Havoced: sqlite3VdbeAddOp2
Current: sqlite3VdbeAddOp1 Havoced: sqlite3VdbeAddOp3
Current: sqlite3VdbeAddOp2 Havoced: sqlite3VdbeAddOp3
Current: sqlite3VdbeAddOp2 Havoced: sqlite3VdbeAddOp3
Current: sqlite3VdbeAddOp2 Havoced: sqlite3VdbeAddOp3
Current: sqlite3VdbeAddOp0 Havoced: sqlite3VdbeAddOp3
Current: sqlite3GetTempRange Havoced: sqlite3GetTempReg

        Unrolling loop in function "windowReadPeerValues" for 1 iterations succeeded.
        Transformed "windowReadPeerValues" from 10 to 11 basic blocks and from 59 to 63 instructionsCurrent: windowReadPeerValues Havoced: sqlite3GetVdbe
Current: windowReadPeerValues Havoced: sqlite3VdbeAddOp3
Current: windowIfNewPeer Havoced: sqlite3GetVdbe
Current: windowIfNewPeer Havoced: sqlite3VdbeAddOp2
Current: windowIfNewPeer Havoced: sqlite3KeyInfoFromExprList
Current: windowIfNewPeer Havoced: sqlite3VdbeAddOp3
Current: windowIfNewPeer Havoced: sqlite3VdbeAppendP4
Current: windowIfNewPeer Havoced: sqlite3VdbeCurrentAddr
Current: windowIfNewPeer Havoced: sqlite3VdbeCurrentAddr
Current: windowIfNewPeer Havoced: sqlite3VdbeAddOp3
Current: windowIfNewPeer Havoced: sqlite3VdbeAddOp3
Current: sqlite3ReleaseTempRange Havoced: sqlite3ReleaseTempReg
Current: sqlite3VdbeAddOp2 Havoced: sqlite3VdbeAddOp3
Current: sqlite3VdbeResolveLabel Havoced: resizeResolveLabel

                                                           0 sec [DONE]
        Number of expressions:                        158974
        after encoding

      11 assertions before transformations (9 no_back_edge, 2 custom).

      Performing formula transformations ...
        Simplifier
          Number of rewrites                            5851
        Fixed Memory Address Assigner
          Number of moved ops                              0
          Number of rewrites                            5208
        Simplifier
          Number of moved ops                              0
          Number of rewrites                           73031
        Memory Model Encoder
          Number of moved ops                              0
          Number of rewrites                               0
        Simplifier
          Number of rewrites                              23
        Simplifier
          Number of moved ops                              0
          Number of rewrites                             142
        ToASC Analyser
          Memcpy/memset found                             no
        Byte-Based Memory Creator
        Instantiation-Based ToASC Simplifier
        Simplifier
        FP Abstraction
          Number of rewrites                              44

Abstracted floating point operations.  The result might be a false positive.

        Simplifier
          Number of moved ops                              0
          Number of rewrites                               0
                                                           0 sec [DONE]
        
      11 assertions remain after transformations (9 no_back_edge, 2 custom).
after rewriteFormula
after sanityCheckFormula

      Running SMT solver (STP with MiniSat) ...