runJobCommand
arguents: child
arguents: job
arguents: mode
Careful, HavocLimit is not zero. Call Abstraction is activated
handleJobInSeparateProcess0

Checking job 296 ...about to run job:
preconNumber: 0, 0

  Running Model Checker with 1 checks ...try
try ready

    SMTSolver : stp
    CallStackBound : 0
    StopEncodingAfterCheckLoop : 0
    LoopUnrollBound : 1
    HavocLimit : 1
    PreconditionNumber : 0
    PreconditionLocation : jobs/296
    TimeOut : 300
    InitializedGlobals : false
    IgnoreMissingFunctions : true
    StopEncodingAfterCheck : false
    OverApproxVaArgs : false
    PreconditionCheckMemory : false
    PreconditionOnlyArguments : trueI [0] lib/ModelChecker/Verifier.cpp:247 | EntryPoint : navigation
m_checker->run()

    Performing bounded model checking ...
      Unrolling loop in function "navigation" for 1 iterations succeeded.
      Unrolling loop in function "navigation" for 1 iterations succeeded.
      Transformed "navigation" from 19 to 30 basic blocks and from 342 to 431 instructions
      Performing pre-transformations on LLVM IR ...        0 sec [DONE]
        
      Performing logical encoding ...Current: navigation Havoced: mat_creat
Current: navigation Havoced: mat_creat
Current: navigation Havoced: mat_creat
Current: navigation Havoced: mat_creat
Current: navigation Havoced: mat_creat
Current: navigation Havoced: mat_creat
Current: navigation Havoced: mat_creat
Current: navigation Havoced: mat_creat
Current: navigation Havoced: mat_creat
Current: navigation Havoced: mat_creat
Current: navigation Havoced: mat_creat
Current: navigation Havoced: mat_creat
Current: navigation Havoced: mat_creat
Current: navigation Havoced: mat_creat
Current: navigation Havoced: mat_creat
Current: navigation Havoced: mat_creat
Current: navigation Havoced: mat_creat
Current: navigation Havoced: mat_creat
Current: navigation Havoced: mat_creat
Current: navigation Havoced: mat_creat
isMemcpy:   call void @llvm.memcpy.p0i8.p0i8.i64(i8* %186, i8* %187, i64 16, i32 8, i1 false), !dbg !1672
isMemcpy:   call void @llvm.memcpy.p0i8.p0i8.i64(i8* %199, i8* bitcast (%struct.gps* @gpspacket to i8*), i64 64, i32 8, i1 false), !dbg !1691
isMemcpy:   call void @llvm.memcpy.p0i8.p0i8.i64(i8* %202, i8* bitcast (%struct.imu* @imupacket to i8*), i64 128, i32 8, i1 false), !dbg !1694
Current: navigation Havoced: navigation_algorithm
Current: navigation Havoced: get_Time
Current: navigation Havoced: snap_time_interval
isMemcpy:   call void @llvm.memcpy.p0i8.p0i8.i64(i8* %247, i8* bitcast (%struct.gps* @gpspacket to i8*), i64 64, i32 8, i1 false), !dbg !1691
isMemcpy:   call void @llvm.memcpy.p0i8.p0i8.i64(i8* %250, i8* bitcast (%struct.imu* @imupacket to i8*), i64 128, i32 8, i1 false), !dbg !1694
Current: navigation Havoced: navigation_algorithm
Current: navigation Havoced: get_Time
Current: navigation Havoced: snap_time_interval
                      0 sec [DONE]
        Number of expressions:                          6681
        after encoding

      5 assertions before transformations (2 no_back_edge, 2 custom, 1 no_unreachable_executed).

      Performing formula transformations ...
        Simplifier
          Number of rewrites                             296
        Fixed Memory Address Assigner
          Number of moved ops                             14
          Number of rewrites                             364
        Simplifier
          Number of moved ops                              0
          Number of rewrites                            5341
        Memory Model Encoder
          Number of moved ops                              0rewriteAllocaOprewriteStackAddressOp
rewriteAllocaOprewriteStackAddressOp
rewriteAllocaOprewriteStackAddressOp
rewriteAllocaOprewriteStackAddressOp
rewriteAllocaOprewriteStackAddressOp

          Number of rewrites                               5
        Simplifier
          Number of moved ops                              0
          Number of rewrites                              17
        Simplifier
          Number of moved ops                              0
          Number of rewrites                           21037
        ToASC Analyser
          Memcpy/memset found                             no
        Byte-Based Memory Creator
        Instantiation-Based ToASC Simplifier
        Simplifier
        FP Abstraction
          Number of rewrites                              49

Abstracted floating point operations.  The result might be a false positive.

        Simplifier
          Number of moved ops                              0
          Number of rewrites                               0
                                                           0 sec [DONE]
        
      5 assertions remain after transformations (2 no_back_edge, 2 custom, 1 no_unreachable_executed).
after rewriteFormula
after sanityCheckFormula

      Running SMT solver (STP with MiniSat) ...            0 sec [DONE]
        
                                                           0 sec [DONE]
      after performing Check
evaluateCheckerResultsViaRefinementLoop
checker.getResult() is Trace
checkOnlyPrecon: 0, size:1
getFailingCheckFor
setStatusMarkerAccordingToFailingInstruction
BranchInst - LoopBound
trying to exclude Assertions for Failing Instruction

    Rerunning SMT solver (STP with MiniSat) ...            0 sec [DONE]
      checker.getResult() is Trace
checkOnlyPrecon: 0, size:1
getFailingCheckFor
setStatusMarkerAccordingToFailingInstruction
BranchInst - LoopBound
trying to exclude Assertions for Failing Instruction

    Rerunning SMT solver (STP with MiniSat) ...            0 sec [DONE]
      checker.getResult() is Trace
checkOnlyPrecon: 0, size:1
getFailingCheckFor
setCheckToUnsafe
setCheckToUnsafe
Check for floating point traces / abstractions currently deactivated
trying to exclude Assertions for Failing Instruction

    Rerunning SMT solver (STP with MiniSat) ...            0 sec [DONE]
      getCheckerResultAfterUpdatingMarker
Result is NoTrace

                                                           3 sec [DONE]
    allunsafe
    
                                                           3 sec [DONE]
  