runJobCommand
arguents: child
arguents: job
arguents: mode
handleJobInSeparateProcess0

Checking job 709 ...about to run job:
preconNumber: 0, 0

  Running Model Checker with 4 checks ...try
try ready

    SMTSolver : stp
    CallStackBound : 0
    StopEncodingAfterCheckLoop : 0
    LoopUnrollBound : 1
    HavocLimit : 0
    PreconditionNumber : 0
    PreconditionLocation : jobs/709
    TimeOut : 600
    InitializedGlobals : false
    IgnoreMissingFunctions : false
    StopEncodingAfterCheck : false
    OverApproxVaArgs : false
    PreconditionCheckMemory : false
    PreconditionOnlyArguments : trueI [1] lib/ModelChecker/Verifier.cpp:247 | EntryPoint : rtrimCollFunc
m_checker->run()

    Performing bounded model checking ...
      Unrolling loop in function "rtrimCollFunc" for 1 iterations succeeded.
      Unrolling loop in function "rtrimCollFunc" for 1 iterations succeeded.
      Transformed "rtrimCollFunc" from 11 to 19 basic blocks and from 56 to 96 instructions
      Performing pre-transformations on LLVM IR ...        0 sec [DONE]
        
      Performing logical encoding ...
        Unrolling loop in function "llbmc.memcmp" for 0 iterations succeeded.
        Transformed "llbmc.memcmp" from 17 to 20 instructions
                                                           0 sec [DONE]
        Number of expressions:                        155393
        after encoding

      11 assertions before transformations (3 no_back_edge, 8 custom).

      Performing formula transformations ...
        Simplifier
          Number of rewrites                            3549
        Fixed Memory Address Assigner
          Number of moved ops                              0
          Number of rewrites                            5208
        Simplifier
          Number of moved ops                              0
          Number of rewrites                           72614
        Memory Model Encoder
          Number of moved ops                              1
          Number of rewrites                               0
        Simplifier
          Number of rewrites                               6
        Simplifier
          Number of moved ops                              0
          Number of rewrites                             142
        ToASC Analyser
          Memcpy/memset found                             no
        Byte-Based Memory Creator
        Instantiation-Based ToASC Simplifier
        Simplifier
        FP Abstraction
          Number of rewrites                              44

Abstracted floating point operations.  The result might be a false positive.

        Simplifier
          Number of moved ops                              0
          Number of rewrites                               0
                                                           0 sec [DONE]
        
      11 assertions remain after transformations (3 no_back_edge, 8 custom).
after rewriteFormula
after sanityCheckFormula

      Running SMT solver (STP with MiniSat) ...