runJobCommand
arguents: child
arguents: job
arguents: mode
handleJobInSeparateProcess0

Checking job 4966 ...about to run job:
preconNumber: 5, 1

  Running Model Checker with 1 checks ...W [0] lib/Slicer/LocalDependencyCollector.cpp:328 | function without implementation called: 'memcmp'
W [0] lib/Slicer/LocalSlicer.cpp:368 | argument 0 (i32* undef) has pointer type
W [0] lib/Slicer/LocalSlicer.cpp:368 | argument 0 (i32* undef) has pointer type
W [0] lib/Slicer/LocalSlicer.cpp:368 | argument 0 (i32* undef) has pointer type
W [0] lib/Slicer/LocalSlicer.cpp:368 | argument 0 (i32* undef) has pointer type
W [0] lib/Slicer/LocalSlicer.cpp:357 | argument i8* undef of call instruction has pointer type
W [0] lib/Slicer/LocalSlicer.cpp:368 | argument 0 (i32* undef) has pointer type
W [0] lib/Slicer/LocalSlicer.cpp:368 | argument 0 (i32* undef) has pointer type
W [0] lib/Slicer/LocalSlicer.cpp:495 | unused argument: , qpr.slicing.unused.arg.vdbeSorterCompareText.0
W [0] lib/Slicer/LocalSlicer.cpp:495 | unused argument: , qpr.slicing.unused.arg.vdbeSorterCompareText.1
W [0] lib/Slicer/LocalSlicer.cpp:495 | unused argument: , qpr.slicing.unused.arg.vdbeSorterCompareText.2
W [0] lib/Slicer/LocalSlicer.cpp:495 | unused argument: , qpr.slicing.unused.arg.vdbeSorterCompareText.3
W [0] lib/Slicer/LocalSlicer.cpp:495 | unused argument: , qpr.slicing.unused.arg.vdbeSorterCompareText.4
W [0] lib/Slicer/LocalSlicer.cpp:495 | unused argument: , qpr.slicing.unused.arg.vdbeSorterCompareText.5
I [0] lib/Slicer/LocalSlicer.cpp:104 | slicing finished
try
try ready

    SMTSolver : stp
    CallStackBound : 0
    StopEncodingAfterCheckLoop : 1
    LoopUnrollBound : 1
    HavocLimit : 0
    PreconditionNumber : 5
    PreconditionLocation : jobs/4966
    TimeOut : 600
    InitializedGlobals : false
    IgnoreMissingFunctions : false
    StopEncodingAfterCheck : true
    OverApproxVaArgs : false
    PreconditionCheckMemory : false
    PreconditionOnlyArguments : trueI [0] lib/ModelChecker/Verifier.cpp:247 | EntryPoint : vdbeSorterCompareText
m_checker->run()

    Performing bounded model checking ...
      Performing pre-transformations on LLVM IR ...        0 sec [DONE]
        
      Performing logical encoding ...size Alloca: 1
size Alloca: 1
size Alloca: 1
size Alloca: 1
-----found check = true
                      0 sec [DONE]
        Number of expressions:                        130933
        after encoding

      1 assertion before transformations (1 custom).

      Performing formula transformations ...
        Simplifier
          Number of rewrites                            2572
        Fixed Memory Address Assigner
          Number of moved ops                              4
          Number of rewrites                            4900
        Simplifier
          Number of moved ops                              4
          Number of rewrites                           61884
        Memory Model Encoder
          Number of moved ops                              0
          Number of rewrites                               0
        Simplifier
          Number of rewrites                               0
        Simplifier
          Number of rewrites                              88
        ToASC Analyser
          Memcpy/memset found                             no
        Byte-Based Memory Creator
        Instantiation-Based ToASC Simplifier
        Simplifier
        FP Abstraction
          Number of rewrites                               0
        Simplifier
          Number of moved ops                              0
          Number of rewrites                               0
                                                           0 sec [DONE]
        
      1 assertion remains after transformations (1 custom).
after rewriteFormula
after sanityCheckFormula

      Running SMT solver (STP with MiniSat) ...            0 sec [DONE]
        
                                                           0 sec [DONE]
      after performing Check
evaluateCheckerResultsViaRefinementLoop
checker.getResult() is Trace
checkOnlyPrecon: 0, size:1
getFailingCheckFor
setCheckToUnsafe
setCheckToUnsafe
Check for floating point traces / abstractions currently deactivated
getCheckerResultAfterUpdatingMarker
failingInst:   call void @llbmc.assert(i1 %5, i32 %0)
Preconditions internal: 
i32 %arg3:arbitrary; i32 %arg5:arbitrary; 
 function does not read memory: 0, checkValidLoad:0, checkMemory: 0
function does not read memory 

assumePair: i32 %arg3 = nondef() : 0
error: No matching SMT expression for Op %arg3 (nondef) found!assumePair: i32 %arg5 = nondef() : 0
error: No matching SMT expression for Op %arg5 (nondef) found!
    Rerunning SMT solver (STP with MiniSat) ...            0 sec [DONE]
      failingInst:   call void @llbmc.assert(i1 %5, i32 %0)
Preconditions internal: 
i32 %arg3:arbitrary; i32 %arg5:arbitrary; 
 function does not read memory: 0, checkValidLoad:0, checkMemory: 0
function does not read memory 

assumePair: i32 %arg3 = nondef() : 0
error: No matching SMT expression for Op %arg3 (nondef) found!assumePair: i32 %arg5 = nondef() : 0
error: No matching SMT expression for Op %arg5 (nondef) found!
    Rerunning SMT solver (STP with MiniSat) ...            0 sec [DONE]
      failingInst:   call void @llbmc.assert(i1 %5, i32 %0)
Preconditions internal: 
i32 %arg3:arbitrary; i32 %arg5:arbitrary; 
 function does not read memory: 0, checkValidLoad:0, checkMemory: 0
function does not read memory 

assumePair: i32 %arg3 = nondef() : 0
error: No matching SMT expression for Op %arg3 (nondef) found!assumePair: i32 %arg5 = nondef() : 0
error: No matching SMT expression for Op %arg5 (nondef) found!
    Rerunning SMT solver (STP with MiniSat) ...            0 sec [DONE]
      failingInst:   call void @llbmc.assert(i1 %5, i32 %0)
Preconditions internal: 
i32 %arg3:arbitrary; i32 %arg5:arbitrary; 
 function does not read memory: 0, checkValidLoad:0, checkMemory: 0
function does not read memory 

assumePair: i32 %arg3 = nondef() : 0
error: No matching SMT expression for Op %arg3 (nondef) found!assumePair: i32 %arg5 = nondef() : 0
error: No matching SMT expression for Op %arg5 (nondef) found!
    Rerunning SMT solver (STP with MiniSat) ...            0 sec [DONE]
      failingInst:   call void @llbmc.assert(i1 %5, i32 %0)
Preconditions internal: 
i32 %arg3:arbitrary; i32 %arg5:arbitrary; 
 function does not read memory: 0, checkValidLoad:0, checkMemory: 0
function does not read memory 

assumePair: i32 %arg3 = nondef() : 0
error: No matching SMT expression for Op %arg3 (nondef) found!assumePair: i32 %arg5 = nondef() : 0
error: No matching SMT expression for Op %arg5 (nondef) found!
    Rerunning SMT solver (STP with MiniSat) ...            0 sec [DONE]
      name of function arguments: Writing precondition at: jobs/4966/precondition_vdbeSorterCompareText.txt

Generated Preconditions:
[underoverapprox]name of function arguments: 
i32 %arg3:arbitrary; i32 %arg5:arbitrary; 
i32 %arg3:arbitrary; i32 %arg5:arbitrary; 
i32 %arg3:arbitrary; i32 %arg5:arbitrary; 
i32 %arg3:arbitrary; i32 %arg5:arbitrary; 
i32 %arg3:arbitrary; i32 %arg5:arbitrary; 

                                                           1 sec [DONE]
    allunsafe
    
                                                           1 sec [DONE]
  