runJobCommand
arguents: child
arguents: job
arguents: mode
Careful, HavocLimit is not zero. Call Abstraction is activated
handleJobInSeparateProcess0

Checking job 1880 ...about to run job:
preconNumber: 0, 0

  Running Model Checker with 1 checks ...try
try ready

    SMTSolver : stp
    CallStackBound : 0
    StopEncodingAfterCheckLoop : 0
    LoopUnrollBound : 1
    HavocLimit : 2
    PreconditionNumber : 0
    PreconditionLocation : jobs/1880
    TimeOut : 600
    InitializedGlobals : false
    IgnoreMissingFunctions : false
    StopEncodingAfterCheck : false
    OverApproxVaArgs : false
    PreconditionCheckMemory : false
    PreconditionOnlyArguments : trueI [0] lib/ModelChecker/Verifier.cpp:247 | EntryPoint : sqlite3AtoF
m_checker->run()

    Performing bounded model checking ...
      Unrolling loop in function "sqlite3AtoF" for 1 iterations succeeded.
      Unrolling loop in function "sqlite3AtoF" for 1 iterations succeeded.
      Unrolling loop in function "sqlite3AtoF" for 1 iterations succeeded.
      Unrolling loop in function "sqlite3AtoF" for 1 iterations succeeded.
      Unrolling loop in function "sqlite3AtoF" for 1 iterations succeeded.
      Unrolling loop in function "sqlite3AtoF" for 1 iterations succeeded.
      Unrolling loop in function "sqlite3AtoF" for 1 iterations succeeded.
      Unrolling loop in function "sqlite3AtoF" for 1 iterations succeeded.
      Transformed "sqlite3AtoF" from 123 to 170 basic blocks and from 645 to 983 instructions
      Performing pre-transformations on LLVM IR ...        0 sec [DONE]
        
      Performing logical encoding ...
        Unrolling loop in function "sqlite3Pow10" for 1 iterations succeeded.
        Transformed "sqlite3Pow10" from 7 to 11 basic blocks and from 33 to 58 instructions
                                                           0 sec [DONE]
        Number of expressions:                        156856
        after encoding

      15 assertions before transformations (11 no_back_edge, 4 custom).

      Performing formula transformations ...
        Simplifier
          Number of rewrites                            4610
        Fixed Memory Address Assigner
          Number of moved ops                              0
          Number of rewrites                            5208
        Simplifier
          Number of moved ops                              0
          Number of rewrites                           72828
        Memory Model Encoder
          Number of moved ops                              0
          Number of rewrites                               0
        Simplifier
          Number of rewrites                               9
        Simplifier
          Number of moved ops                              0
          Number of rewrites                             142
        ToASC Analyser
          Memcpy/memset found                             no
        Byte-Based Memory Creator
        Instantiation-Based ToASC Simplifier
        Simplifier
        FP Abstraction
          Number of rewrites                              75

Abstracted floating point operations.  The result might be a false positive.

        Simplifier
          Number of moved ops                              0
          Number of rewrites                               0
                                                           0 sec [DONE]
        
      15 assertions remain after transformations (11 no_back_edge, 4 custom).
after rewriteFormula
after sanityCheckFormula

      Running SMT solver (STP with MiniSat) ...  0 sec [DONE]
      getCheckerResultAfterUpdatingMarker
Result is NoTrace

                                                           1 sec [DONE]
    allunsafe
    
                                                           1 sec [DONE]
  