runJobCommand
arguents: child
arguents: job
arguents: mode
Careful, HavocLimit is not zero. Call Abstraction is activated
handleJobInSeparateProcess0

Checking job 7609 ...about to run job:
preconNumber: 0, 0

  Running Model Checker with 1 checks ...try
try ready

    SMTSolver : stp
    CallStackBound : 0
    StopEncodingAfterCheckLoop : 0
    LoopUnrollBound : 1
    HavocLimit : 1
    PreconditionNumber : 0
    PreconditionLocation : jobs/7609
    TimeOut : 600
    InitializedGlobals : false
    IgnoreMissingFunctions : false
    StopEncodingAfterCheck : false
    OverApproxVaArgs : false
    PreconditionCheckMemory : false
    PreconditionOnlyArguments : trueI [0] lib/ModelChecker/Verifier.cpp:247 | EntryPoint : constructAutomaticIndex
m_checker->run()

    Performing bounded model checking ...
      Unrolling loop in function "constructAutomaticIndex" for 1 iterations succeeded.
      Unrolling loop in function "constructAutomaticIndex" for 1 iterations succeeded.
      Unrolling loop in function "constructAutomaticIndex" for 1 iterations succeeded.
      Unrolling loop in function "constructAutomaticIndex" for 1 iterations succeeded.
      Unrolling loop in function "constructAutomaticIndex" for 1 iterations succeeded.
      Transformed "constructAutomaticIndex" from 71 to 76 basic blocks and from 642 to 684 instructions
      Performing pre-transformations on LLVM IR ...        0 sec [DONE]
        
      Performing logical encoding ...Current: constructAutomaticIndex Havoced: sqlite3VdbeAddOp0
Current: constructAutomaticIndex Havoced: sqlite3ExprIsTableConstant
Current: constructAutomaticIndex Havoced: sqlite3ExprDup
Current: constructAutomaticIndex Havoced: sqlite3ExprAnd
Current: constructAutomaticIndex Havoced: termCanDriveIndex
Current: constructAutomaticIndex Havoced: sqlite3_log
Current: constructAutomaticIndex Havoced: whereLoopResize
Current: constructAutomaticIndex Havoced: sqlite3AllocateIndexObject
Current: constructAutomaticIndex Havoced: termCanDriveIndex
Current: constructAutomaticIndex Havoced: sqlite3ExprCompareCollSeq
Current: constructAutomaticIndex Havoced: sqlite3VdbeAddOp2
Current: constructAutomaticIndex Havoced: sqlite3VdbeSetP4KeyInfo
Current: constructAutomaticIndex Havoced: sqlite3VdbeAddOp1
Current: constructAutomaticIndex Havoced: sqlite3VdbeAddOp2
Current: constructAutomaticIndex Havoced: sqlite3VdbeAddOp3
Current: constructAutomaticIndex Havoced: sqlite3VdbeAddOp1
Current: constructAutomaticIndex Havoced: sqlite3VdbeMakeLabel
Current: constructAutomaticIndex Havoced: sqlite3ExprIfFalse
Current: constructAutomaticIndex Havoced: sqlite3GetTempReg
Current: constructAutomaticIndex Havoced: sqlite3GenerateIndexKey
Current: constructAutomaticIndex Havoced: sqlite3VdbeAddOp2
Current: constructAutomaticIndex Havoced: sqlite3VdbeChangeP5
Current: constructAutomaticIndex Havoced: sqlite3VdbeResolveLabel
Current: constructAutomaticIndex Havoced: sqlite3VdbeAddOp2
Current: constructAutomaticIndex Havoced: sqlite3VdbeChangeP5
Current: constructAutomaticIndex Havoced: sqlite3VdbeChangeP2
Current: constructAutomaticIndex Havoced: translateColumnToCopy
Current: constructAutomaticIndex Havoced: sqlite3VdbeGoto
Current: constructAutomaticIndex Havoced: sqlite3VdbeJumpHere
Current: constructAutomaticIndex Havoced: sqlite3ReleaseTempReg
Current: constructAutomaticIndex Havoced: sqlite3VdbeJumpHere
Current: constructAutomaticIndex Havoced: sqlite3ExprDelete
                      0 sec [DONE]
        Number of expressions:                        155939
        after encoding

      6 assertions before transformations (5 no_back_edge, 1 custom).

      Performing formula transformations ...
        Simplifier
          Number of rewrites                            3844
        Fixed Memory Address Assigner
          Number of moved ops                              0
          Number of rewrites                            5208
        Simplifier
          Number of moved ops                              0
          Number of rewrites                           72643
        Memory Model Encoder
          Number of moved ops                              0rewriteAllocaOprewriteStackAddressOp

          Number of rewrites                               1
        Simplifier
          Number of moved ops                              0
          Number of rewrites                               2
        Simplifier
          Number of moved ops                              0
          Number of rewrites                             142
        ToASC Analyser
          Memcpy/memset found                             no
        Byte-Based Memory Creator
        Instantiation-Based ToASC Simplifier
        Simplifier
        FP Abstraction
          Number of rewrites                              44

Abstracted floating point operations.  The result might be a false positive.

        Simplifier
          Number of moved ops                              0
          Number of rewrites                               0
                                                           0 sec [DONE]
        
      6 assertions remain after transformations (5 no_back_edge, 1 custom).
after rewriteFormula
after sanityCheckFormula

      Running SMT solver (STP with MiniSat) ...            0 sec [DONE]
        
                                                           1 sec [DONE]
      after performing Check
evaluateCheckerResultsViaRefinementLoop
checker.getResult() is Trace
checkOnlyPrecon: 0, size:1
getFailingCheckFor
setStatusMarkerAccordingToFailingInstruction
BranchInst - LoopBound
trying to exclude Assertions for Failing Instruction

    Rerunning SMT solver (STP with MiniSat) ...            0 sec [DONE]
      checker.getResult() is Trace
checkOnlyPrecon: 0, size:1
getFailingCheckFor
setStatusMarkerAccordingToFailingInstruction
BranchInst - LoopBound
trying to exclude Assertions for Failing Instruction

    Rerunning SMT solver (STP with MiniSat) ...            0 sec [DONE]
      checker.getResult() is Trace
checkOnlyPrecon: 0, size:1
getFailingCheckFor
setStatusMarkerAccordingToFailingInstruction
BranchInst - LoopBound
trying to exclude Assertions for Failing Instruction

    Rerunning SMT solver (STP with MiniSat) ...            0 sec [DONE]
      checker.getResult() is Trace
checkOnlyPrecon: 0, size:1
getFailingCheckFor
setStatusMarkerAccordingToFailingInstruction
BranchInst - LoopBound
trying to exclude Assertions for Failing Instruction

    Rerunning SMT solver (STP with MiniSat) ...            0 sec [DONE]
      checker.getResult() is Trace
checkOnlyPrecon: 0, size:1
getFailingCheckFor
setCheckToUnsafe
setCheckToUnsafe
Check for floating point traces / abstractions currently deactivated
trying to exclude Assertions for Failing Instruction

    Rerunning SMT solver (STP with MiniSat) ...            0 sec [DONE]
      getCheckerResultAfterUpdatingMarker
Result is NoTrace

                                                           5 sec [DONE]
    allunsafe
    
                                                           5 sec [DONE]
  