runJobCommand
arguents: child
arguents: job
arguents: mode
Careful, HavocLimit is not zero. Call Abstraction is activated
handleJobInSeparateProcess0

Checking job 8028 ...about to run job:
preconNumber: 0, 0

  Running Model Checker with 1 checks ...try
try ready

    SMTSolver : stp
    CallStackBound : 0
    StopEncodingAfterCheckLoop : 0
    LoopUnrollBound : 1
    HavocLimit : 1
    PreconditionNumber : 0
    PreconditionLocation : jobs/8028
    TimeOut : 600
    InitializedGlobals : false
    IgnoreMissingFunctions : false
    StopEncodingAfterCheck : false
    OverApproxVaArgs : false
    PreconditionCheckMemory : false
    PreconditionOnlyArguments : trueI [0] lib/ModelChecker/Verifier.cpp:247 | EntryPoint : windowReturnOneRow
m_checker->run()

    Performing bounded model checking ...
      Unrolling loop in function "windowReturnOneRow" for 1 iterations succeeded.
      Transformed "windowReturnOneRow" from 24 to 25 basic blocks and from 180 to 183 instructions
      Performing pre-transformations on LLVM IR ...        0 sec [DONE]
        
      Performing logical encoding ...Current: windowReturnOneRow Havoced: sqlite3VdbeMakeLabel
Current: windowReturnOneRow Havoced: sqlite3GetTempReg
Current: windowReturnOneRow Havoced: sqlite3VdbeAddOp3
Current: windowReturnOneRow Havoced: sqlite3VdbeAddOp2
Current: windowReturnOneRow Havoced: sqlite3VdbeAddOp2
Current: windowReturnOneRow Havoced: sqlite3GetTempReg
Current: windowReturnOneRow Havoced: sqlite3VdbeAddOp3
Current: windowReturnOneRow Havoced: sqlite3VdbeAddOp3
Current: windowReturnOneRow Havoced: sqlite3ReleaseTempReg
Current: windowReturnOneRow Havoced: sqlite3VdbeAddOp2
Current: windowReturnOneRow Havoced: sqlite3VdbeAddOp3
Current: windowReturnOneRow Havoced: sqlite3VdbeAddOp3
Current: windowReturnOneRow Havoced: sqlite3VdbeResolveLabel
Current: windowReturnOneRow Havoced: sqlite3ReleaseTempReg
Current: windowReturnOneRow Havoced: sqlite3VdbeMakeLabel
Current: windowReturnOneRow Havoced: sqlite3GetTempReg
Current: windowReturnOneRow Havoced: sqlite3VdbeAddOp2
Current: windowReturnOneRow Havoced: sqlite3VdbeAddOp2
Current: windowReturnOneRow Havoced: sqlite3VdbeAddOp3
Current: windowReturnOneRow Havoced: windowCheckValue
Current: windowReturnOneRow Havoced: sqlite3VdbeAddOp3
Current: windowReturnOneRow Havoced: sqlite3VdbeAddOp3
Current: windowReturnOneRow Havoced: sqlite3VdbeAddOp3
Current: windowReturnOneRow Havoced: sqlite3VdbeAddOp3
Current: windowReturnOneRow Havoced: sqlite3VdbeResolveLabel
Current: windowReturnOneRow Havoced: sqlite3ReleaseTempReg
Current: windowReturnOneRow Havoced: windowFullScan
Current: windowReturnOneRow Havoced: sqlite3VdbeAddOp2
                      0 sec [DONE]
        Number of expressions:                        155330
        after encoding

      2 assertions before transformations (1 no_back_edge, 1 custom).

      Performing formula transformations ...
        Simplifier
          Number of rewrites                            3475
        Fixed Memory Address Assigner
          Number of moved ops                              0
          Number of rewrites                            5208
        Simplifier
          Number of moved ops                              0
          Number of rewrites                           72609
        Memory Model Encoder
          Number of moved ops                              0
          Number of rewrites                               0
        Simplifier
          Number of rewrites                               4
        Simplifier
          Number of moved ops                              0
          Number of rewrites                             142
        ToASC Analyser
          Memcpy/memset found                             no
        Byte-Based Memory Creator
        Instantiation-Based ToASC Simplifier
        Simplifier
        FP Abstraction
          Number of rewrites                              44

Abstracted floating point operations.  The result might be a false positive.

        Simplifier
          Number of moved ops                              0
          Number of rewrites                               0
                                                           0 sec [DONE]
        
      2 assertions remain after transformations (1 no_back_edge, 1 custom).
after rewriteFormula
after sanityCheckFormula

      Running SMT solver (STP with MiniSat) ...