runJobCommand
arguents: child
arguents: job
arguents: mode
Careful, HavocLimit is not zero. Call Abstraction is activated
handleJobInSeparateProcess0

Checking job 7895 ...about to run job:
preconNumber: 0, 0

  Running Model Checker with 1 checks ...try
try ready

    SMTSolver : stp
    CallStackBound : 0
    StopEncodingAfterCheckLoop : 0
    LoopUnrollBound : 1
    HavocLimit : 1
    PreconditionNumber : 0
    PreconditionLocation : jobs/7895
    TimeOut : 600
    InitializedGlobals : false
    IgnoreMissingFunctions : false
    StopEncodingAfterCheck : false
    OverApproxVaArgs : false
    PreconditionCheckMemory : false
    PreconditionOnlyArguments : trueI [0] lib/ModelChecker/Verifier.cpp:247 | EntryPoint : sqlite3WhereBegin
m_checker->run()

    Performing bounded model checking ...
      Unrolling loop in function "sqlite3WhereBegin" for 1 iterations succeeded.
      Unrolling loop in function "sqlite3WhereBegin" for 1 iterations succeeded.
      Unrolling loop in function "sqlite3WhereBegin" for 1 iterations succeeded.
      Unrolling loop in function "sqlite3WhereBegin" for 1 iterations succeeded.
      Unrolling loop in function "sqlite3WhereBegin" for 1 iterations succeeded.
      Unrolling loop in function "sqlite3WhereBegin" for 1 iterations succeeded.
      Unrolling loop in function "sqlite3WhereBegin" for 1 iterations succeeded.
      Unrolling loop in function "sqlite3WhereBegin" for 1 iterations succeeded.
      Unrolling loop in function "sqlite3WhereBegin" for 1 iterations succeeded.
      Transformed "sqlite3WhereBegin" from 184 to 196 basic blocks and from 1191 to 1249 instructions
      Performing pre-transformations on LLVM IR ...        0 sec [DONE]
        
      Performing logical encoding ...isMemset:   call void @llvm.memset.p0i8.i64(i8* %5, i8 0, i64 48, i32 8, i1 false), !dbg !5756
Current: sqlite3WhereBegin Havoced: sqlite3DbMallocRawNN
Current: sqlite3WhereBegin Havoced: sqlite3VdbeMakeLabel
isMemset:   call void @llvm.memset.p0i8.i64(i8* %64, i8 0, i64 39, i32 1, i1 false), !dbg !5841
isMemset:   call void @llvm.memset.p0i8.i64(i8* %67, i8 0, i64 %70, i32 8, i1 false), !dbg !5844
Current: sqlite3WhereBegin Havoced: whereLoopInit
Current: sqlite3WhereBegin Havoced: sqlite3WhereClauseInit
Current: sqlite3WhereBegin Havoced: sqlite3WhereSplit
Current: sqlite3WhereBegin Havoced: createMask
Current: sqlite3WhereBegin Havoced: sqlite3WhereTabFuncArgs
Current: sqlite3WhereBegin Havoced: sqlite3VdbeExplain
Current: sqlite3WhereBegin Havoced: sqlite3WhereExprAnalyze
Current: sqlite3WhereBegin Havoced: exprIsDeterministic
Current: sqlite3WhereBegin Havoced: sqlite3ExprIfFalse
Current: sqlite3WhereBegin Havoced: isDistinctRedundant
Current: sqlite3WhereBegin Havoced: whereShortCut
Current: sqlite3WhereBegin Havoced: whereLoopAddAll
Current: sqlite3WhereBegin Havoced: wherePathSolver
Current: sqlite3WhereBegin Havoced: wherePathSolver
Current: sqlite3WhereBegin Havoced: sqlite3WhereExprListUsage
Current: sqlite3WhereBegin Havoced: sqlite3WhereExprListUsage
isMemmove:   call void @llvm.memmove.p0i8.p0i8.i64(i8* %338, i8* %343, i64 %344, i32 8, i1 false), !dbg !6207
Current: sqlite3WhereBegin Havoced: sqlite3SchemaToIndex
Current: sqlite3WhereBegin Havoced: sqlite3TableLock
Current: sqlite3WhereBegin Havoced: sqlite3OpenTable
Current: sqlite3WhereBegin Havoced: sqlite3VdbeChangeP4
Current: sqlite3WhereBegin Havoced: sqlite3VdbeChangeP5
Current: sqlite3WhereBegin Havoced: sqlite3GetVTable
Current: sqlite3WhereBegin Havoced: sqlite3VdbeAddOp4
Current: sqlite3WhereBegin Havoced: sqlite3VdbeAddOp3
Current: sqlite3WhereBegin Havoced: sqlite3VdbeSetP4KeyInfo
Current: sqlite3WhereBegin Havoced: sqlite3VdbeChangeP5
Current: sqlite3WhereBegin Havoced: sqlite3CodeVerifySchema
Current: sqlite3WhereBegin Havoced: sqlite3VdbeCurrentAddr
Current: sqlite3WhereBegin Havoced: constructAutomaticIndex
Current: sqlite3WhereBegin Havoced: sqlite3WhereExplainOneScan
Current: sqlite3WhereBegin Havoced: sqlite3VdbeCurrentAddr
Current: sqlite3WhereBegin Havoced: sqlite3WhereCodeOneLoopStart
Current: sqlite3WhereBegin Havoced: sqlite3VdbeCurrentAddr
Current: sqlite3WhereBegin Havoced: sqlite3DbFree
Current: sqlite3WhereBegin Havoced: whereUndoExprMods
Current: sqlite3WhereBegin Havoced: whereInfoFree
Current: sqlite3WhereBegin Havoced: sqlite3ErrorMsg
                      0 sec [DONE]
        Number of expressions:                        157217
        after encoding

      10 assertions before transformations (9 no_back_edge, 1 custom).

      Performing formula transformations ...
        Simplifier
          Number of rewrites                            4500
        Fixed Memory Address Assigner
          Number of moved ops                              0
          Number of rewrites                            5208
        Simplifier
          Number of moved ops                              0
          Number of rewrites                           72712
        Memory Model Encoder
          Number of moved ops                              0rewriteAllocaOprewriteStackAddressOp

          Number of rewrites                               1
        Simplifier
          Number of moved ops                              0
          Number of rewrites                              16
        Simplifier
          Number of moved ops                              0
          Number of rewrites                             193
        ToASC Analyser
          Memcpy/memset found                            yes
        Byte-Based Memory Creator
          Number of rewrites                            9094
        Instantiation-Based ToASC Simplifier
          Number of rewrites                               2
        Simplifier
          Number of moved ops                            353
          Number of rewrites                           23304
        FP Abstraction
          Number of rewrites                              22

Abstracted floating point operations.  The result might be a false positive.

        Simplifier
          Number of moved ops                              1
          Number of rewrites                               0
                                                           0 sec [DONE]
        
      10 assertions remain after transformations (9 no_back_edge, 1 custom).
after rewriteFormula
after sanityCheckFormula

      Running SMT solver (STP with MiniSat) ...