runJobCommand
arguents: child
arguents: job
arguents: mode
Careful, HavocLimit is not zero. Call Abstraction is activated
handleJobInSeparateProcess0

Checking job 2685 ...about to run job:
preconNumber: 0, 0

  Running Model Checker with 1 checks ...try
try ready

    SMTSolver : stp
    CallStackBound : 0
    StopEncodingAfterCheckLoop : 0
    LoopUnrollBound : 1
    HavocLimit : 1
    PreconditionNumber : 0
    PreconditionLocation : jobs/2685
    TimeOut : 600
    InitializedGlobals : false
    IgnoreMissingFunctions : false
    StopEncodingAfterCheck : false
    OverApproxVaArgs : false
    PreconditionCheckMemory : false
    PreconditionOnlyArguments : trueI [1] lib/ModelChecker/Verifier.cpp:247 | EntryPoint : sqlite3PagerOpen
m_checker->run()

    Performing bounded model checking ...
      Unrolling loop in function "sqlite3PagerOpen" for 1 iterations succeeded.
      Transformed "sqlite3PagerOpen" from 76 to 77 basic blocks and from 691 to 698 instructions
      Performing pre-transformations on LLVM IR ...        0 sec [DONE]
        
      Performing logical encoding ...Current: sqlite3PagerOpen Havoced: sqlite3PcacheSize
Current: sqlite3PagerOpen Havoced: sqlite3JournalSize
Current: sqlite3PagerOpen Havoced: sqlite3DbStrDup
Current: sqlite3PagerOpen Havoced: sqlite3Strlen30
Current: sqlite3PagerOpen Havoced: sqlite3DbMallocRaw
Current: sqlite3PagerOpen Havoced: sqlite3OsFullPathname
Current: sqlite3PagerOpen Havoced: sqlite3Strlen30
Current: sqlite3PagerOpen Havoced: sqlite3Strlen30

        Unrolling loop in function "llbmc.strlen" for 0 iterations succeeded.
        Transformed "llbmc.strlen" from 8 to 9 instructionsCurrent: sqlite3PagerOpen Havoced: sqlite3CantopenError
Current: sqlite3PagerOpen Havoced: sqlite3MallocZero
Current: sqlite3PagerOpen Havoced: sqlite3DbFree
isMemcpy:   call void @llvm.memcpy.p0i8.p0i8.i64(i8* %142, i8* %143, i64 8, i32 1, i1 false), !dbg !5837
isMemcpy:   call void @llvm.memcpy.p0i8.p0i8.i64(i8* %145, i8* %82, i64 %149, i32 1, i1 false), !dbg !5848
isMemcpy:   call void @llvm.memcpy.p0i8.p0i8.i64(i8* %152, i8* %80, i64 %154, i32 1, i1 false), !dbg !5856
isMemcpy:   call void @llvm.memcpy.p0i8.p0i8.i64(i8* %159, i8* %82, i64 %163, i32 1, i1 false), !dbg !5870
isMemcpy:   call void @llvm.memcpy.p0i8.p0i8.i64(i8* %165, i8* getelementptr inbounds ([9 x i8], [9 x i8]* @.str.92.1917, i32 0, i32 0), i64 8, i32 1, i1 false), !dbg !5872
isMemcpy:   call void @llvm.memcpy.p0i8.p0i8.i64(i8* %169, i8* %82, i64 %173, i32 1, i1 false), !dbg !5887
isMemcpy:   call void @llvm.memcpy.p0i8.p0i8.i64(i8* %175, i8* getelementptr inbounds ([5 x i8], [5 x i8]* @.str.93.1918, i32 0, i32 0), i64 4, i32 1, i1 false), !dbg !5889
Current: sqlite3PagerOpen Havoced: sqlite3DbFree
Current: sqlite3PagerOpen Havoced: sqlite3OsOpen
Current: sqlite3PagerOpen Havoced: sqlite3OsDeviceCharacteristics
Current: sqlite3PagerOpen Havoced: setSectorSize
Current: sqlite3PagerOpen Havoced: sqlite3_uri_boolean
Current: sqlite3PagerOpen Havoced: sqlite3_uri_boolean
Current: sqlite3PagerOpen Havoced: sqlite3PagerSetPagesize
Current: sqlite3PagerOpen Havoced: sqlite3PcacheOpen
Current: sqlite3PagerOpen Havoced: setSectorSize
Current: sqlite3PagerOpen Havoced: setGetterMethod
Current: sqlite3PagerOpen Havoced: sqlite3OsClose
Current: sqlite3PagerOpen Havoced: sqlite3PageFree
Current: sqlite3PagerOpen Havoced: sqlite3_free
Current: sqlite3PagerOpen Havoced: sqlite3DbFree

                                                           0 sec [DONE]
        Number of expressions:                        156055
        after encoding

      4 assertions before transformations (3 no_back_edge, 1 custom).

      Performing formula transformations ...
        Simplifier
          Number of rewrites                            3857
        Fixed Memory Address Assigner
          Number of moved ops                              0
          Number of rewrites                            5208
        Simplifier
          Number of moved ops                              0
          Number of rewrites                           72694
        Memory Model Encoder
          Number of moved ops                              0rewriteAllocaOprewriteStackAddressOp
rewriteAllocaOprewriteStackAddressOp
rewriteAllocaOprewriteStackAddressOp

          Number of rewrites                               3
        Simplifier
          Number of moved ops                              0
          Number of rewrites                               9
        Simplifier
          Number of moved ops                              0
          Number of rewrites                             168
        ToASC Analyser
          Memcpy/memset found                            yes
        Byte-Based Memory Creator
          Number of rewrites                            9074
        Instantiation-Based ToASC Simplifier
          Number of rewrites                               4
        Simplifier
          Number of moved ops                           1990
          Number of rewrites                           24185
        FP Abstraction
          Number of rewrites                              22

Abstracted floating point operations.  The result might be a false positive.

        Simplifier
          Number of moved ops                              0
          Number of rewrites                               0
                                                           0 sec [DONE]
        
      4 assertions remain after transformations (3 no_back_edge, 1 custom).
after rewriteFormula
after sanityCheckFormula

      Running SMT solver (STP with MiniSat) ...           89 sec [DONE]
        
                                                          91 sec [DONE]
      after performing Check
evaluateCheckerResultsViaRefinementLoop
checker.getResult() is Trace
checkOnlyPrecon: 0, size:1
getFailingCheckFor
setStatusMarkerAccordingToFailingInstruction
BranchInst - LoopBound
trying to exclude Assertions for Failing Instruction

    Rerunning SMT solver (STP with MiniSat) ...          101 sec [DONE]
      checker.getResult() is Trace
checkOnlyPrecon: 0, size:1
getFailingCheckFor
setCheckToUnsafe
setCheckToUnsafe
Check for floating point traces / abstractions currently deactivated
trying to exclude Assertions for Failing Instruction

    Rerunning SMT solver (STP with MiniSat) ...            0 sec [DONE]
      getCheckerResultAfterUpdatingMarker
Result is NoTrace

                                                         193 sec [DONE]
    allunsafe
    
                                                         193 sec [DONE]
  