
Run script ...
  Set option ...
    Setting ForkJobs to true
                                                           0 sec [DONE]
    
  Set option ...
    Setting XMLTraces to false
                                                           0 sec [DONE]
    
  Set option ...
    Setting DumpVerifierBitcodeFiles to false
                                                           0 sec [DONE]
    
  Set option ...
    Setting Hosted to false
                                                           0 sec [DONE]
    
  Set option ...
    Setting TimeOut to 300
                                                           0 sec [DONE]
    
  Set option ...
    Setting LoopUnrollBound to 3
                                                           0 sec [DONE]
    
  Set option ...
    Setting AnalyzeChecksIndividually to true
                                                           0 sec [DONE]
    
  Set option ...
    Setting EnableSlicing to false
                                                           0 sec [DONE]
    
  Searching for source files ...
    Added 2 source files
                                                           0 sec [DONE]
    
  Adding compiler option ...                               0 sec [DONE]
    Success
    
  Adding compiler option ...                               0 sec [DONE]
    Success
    
  Analysing code for properties to be checked ...          0 sec [DONE]
    Found 2593 properties to check
    
  Compiling bitcode ...                                    0 sec [DONE]
    
  Post-processing bitcode ...                              0 sec [DONE]
    
  Copying source and header files ...                      0 sec [DONE]
    Success
    
  Creating XML source view ...                             0 sec [DONE]
    Success
    
                                                           1 sec [DONE]
  