runJobCommand
arguents: child
arguents: job
arguents: mode
Careful, HavocLimit is not zero. Call Abstraction is activated
handleJobInSeparateProcess0

Checking job 2936 ...about to run job:
preconNumber: 0, 0

  Running Model Checker with 1 checks ...try
try ready

    SMTSolver : stp
    CallStackBound : 0
    StopEncodingAfterCheckLoop : 0
    LoopUnrollBound : 1
    HavocLimit : 1
    PreconditionNumber : 0
    PreconditionLocation : jobs/2936
    TimeOut : 600
    InitializedGlobals : false
    IgnoreMissingFunctions : false
    StopEncodingAfterCheck : false
    OverApproxVaArgs : false
    PreconditionCheckMemory : false
    PreconditionOnlyArguments : trueI [1] lib/ModelChecker/Verifier.cpp:247 | EntryPoint : walCheckpoint
m_checker->run()

    Performing bounded model checking ...
      Unrolling loop in function "walCheckpoint" for 1 iterations succeeded.
      Unrolling loop in function "walCheckpoint" for 1 iterations succeeded.
      Unrolling loop in function "walCheckpoint" for 1 iterations succeeded.
      Transformed "walCheckpoint" from 69 to 77 basic blocks and from 420 to 456 instructions
      Performing pre-transformations on LLVM IR ...        0 sec [DONE]
        
      Performing logical encoding ...Current: walCheckpoint Havoced: walPagesize
Current: walCheckpoint Havoced: walCkptInfo
Current: walCheckpoint Havoced: walBusyLock
Current: walCheckpoint Havoced: walUnlockExclusive
Current: walCheckpoint Havoced: walIteratorInit
Current: walCheckpoint Havoced: walBusyLock
Current: walCheckpoint Havoced: sqlite3OsSync
Current: walCheckpoint Havoced: sqlite3OsFileControl
Current: walCheckpoint Havoced: sqlite3OsFileSize
Current: walCheckpoint Havoced: sqlite3OsFileControlHint
Current: walCheckpoint Havoced: sqlite3CorruptError
Current: walCheckpoint Havoced: walIteratorNext
Current: walCheckpoint Havoced: walIteratorNext
Current: walCheckpoint Havoced: sqlite3OsRead
Current: walCheckpoint Havoced: sqlite3OsWrite
Current: walCheckpoint Havoced: sqlite3OsFileControl
Current: walCheckpoint Havoced: walIndexHdr
Current: walCheckpoint Havoced: sqlite3OsTruncate
Current: walCheckpoint Havoced: sqlite3OsSync
Current: walCheckpoint Havoced: walUnlockExclusive
Current: walCheckpoint Havoced: sqlite3_randomness
Current: walCheckpoint Havoced: walBusyLock
Current: walCheckpoint Havoced: walRestartHdr
Current: walCheckpoint Havoced: sqlite3OsTruncate
Current: walCheckpoint Havoced: walUnlockExclusive
Current: walCheckpoint Havoced: walIteratorFree
                      0 sec [DONE]
        Number of expressions:                        155835
        after encoding

      4 assertions before transformations (3 no_back_edge, 1 custom).

      Performing formula transformations ...
        Simplifier
          Number of rewrites                            3910
        Fixed Memory Address Assigner
          Number of moved ops                              0
          Number of rewrites                            5208
        Simplifier
          Number of moved ops                              0
          Number of rewrites                           72617
        Memory Model Encoder
          Number of moved ops                              0rewriteAllocaOprewriteStackAddressOp
rewriteAllocaOprewriteStackAddressOp
rewriteAllocaOprewriteStackAddressOp
rewriteAllocaOprewriteStackAddressOp
rewriteAllocaOprewriteStackAddressOp
rewriteAllocaOprewriteStackAddressOp

          Number of rewrites                               6
        Simplifier
          Number of moved ops                              0
          Number of rewrites                               2
        Simplifier
          Number of moved ops                              0
          Number of rewrites                             142
        ToASC Analyser
          Memcpy/memset found                             no
        Byte-Based Memory Creator
        Instantiation-Based ToASC Simplifier
        Simplifier
        FP Abstraction
          Number of rewrites                              44

Abstracted floating point operations.  The result might be a false positive.

        Simplifier
          Number of moved ops                              0
          Number of rewrites                               0
                                                           0 sec [DONE]
        
      4 assertions remain after transformations (3 no_back_edge, 1 custom).
after rewriteFormula
after sanityCheckFormula

      Running SMT solver (STP with MiniSat) ...            0 sec [DONE]
        
                                                           0 sec [DONE]
      after performing Check
evaluateCheckerResultsViaRefinementLoop
checker.getResult() is Trace
checkOnlyPrecon: 0, size:1
getFailingCheckFor
setStatusMarkerAccordingToFailingInstruction
BranchInst - LoopBound
trying to exclude Assertions for Failing Instruction

    Rerunning SMT solver (STP with MiniSat) ...            0 sec [DONE]
      getCheckerResultAfterUpdatingMarker
Result is NoTrace

                                                           1 sec [DONE]
    allsafe
    
                                                           1 sec [DONE]
  