runJobCommand
arguents: child
arguents: job
arguents: mode
Careful, HavocLimit is not zero. Call Abstraction is activated
handleJobInSeparateProcess0

Checking job 6074 ...about to run job:
preconNumber: 0, 0

  Running Model Checker with 1 checks ...try
try ready

    SMTSolver : stp
    CallStackBound : 0
    StopEncodingAfterCheckLoop : 0
    LoopUnrollBound : 1
    HavocLimit : 1
    PreconditionNumber : 0
    PreconditionLocation : jobs/6074
    TimeOut : 600
    InitializedGlobals : false
    IgnoreMissingFunctions : false
    StopEncodingAfterCheck : false
    OverApproxVaArgs : false
    PreconditionCheckMemory : false
    PreconditionOnlyArguments : trueI [1] lib/ModelChecker/Verifier.cpp:247 | EntryPoint : instrFunc
m_checker->run()

    Performing bounded model checking ...
      Unrolling loop in function "instrFunc" for 1 iterations succeeded.
      Unrolling loop in function "instrFunc" for 1 iterations succeeded.
      Transformed "instrFunc" from 39 to 50 basic blocks and from 214 to 271 instructions
      Performing pre-transformations on LLVM IR ...        0 sec [DONE]
        
      Performing logical encoding ...Current: instrFunc Havoced: sqlite3_value_type
Current: instrFunc Havoced: sqlite3_value_type
Current: instrFunc Havoced: sqlite3_value_bytes
Current: instrFunc Havoced: sqlite3_value_bytes
Current: instrFunc Havoced: sqlite3_value_dup
Current: instrFunc Havoced: sqlite3_value_text
Current: instrFunc Havoced: sqlite3_value_bytes
Current: instrFunc Havoced: sqlite3_value_dup
Current: instrFunc Havoced: sqlite3_value_text
Current: instrFunc Havoced: sqlite3_value_bytes
Current: instrFunc Havoced: sqlite3_value_text
Current: instrFunc Havoced: sqlite3_value_text
Current: instrFunc Havoced: sqlite3_value_blob
Current: instrFunc Havoced: sqlite3_value_blob

        Unrolling loop in function "llbmc.memcmp" for 0 iterations succeeded.
        Transformed "llbmc.memcmp" from 17 to 20 instructionsCurrent: instrFunc Havoced: sqlite3_result_int
Current: instrFunc Havoced: sqlite3_result_error_nomem
Current: instrFunc Havoced: sqlite3_value_free
Current: instrFunc Havoced: sqlite3_value_free

                                                           0 sec [DONE]
        Number of expressions:                        155623
        after encoding

      7 assertions before transformations (5 no_back_edge, 2 custom).

      Performing formula transformations ...
        Simplifier
          Number of rewrites                            3731
        Fixed Memory Address Assigner
          Number of moved ops                              0
          Number of rewrites                            5208
        Simplifier
          Number of moved ops                              0
          Number of rewrites                           72674
        Memory Model Encoder
          Number of moved ops                              0
          Number of rewrites                               0
        Simplifier
          Number of rewrites                               8
        Simplifier
          Number of moved ops                              0
          Number of rewrites                             142
        ToASC Analyser
          Memcpy/memset found                             no
        Byte-Based Memory Creator
        Instantiation-Based ToASC Simplifier
        Simplifier
        FP Abstraction
          Number of rewrites                              44

Abstracted floating point operations.  The result might be a false positive.

        Simplifier
          Number of moved ops                              0
          Number of rewrites                               0
                                                           0 sec [DONE]
        
      7 assertions remain after transformations (5 no_back_edge, 2 custom).
after rewriteFormula
after sanityCheckFormula

      Running SMT solver (STP with MiniSat) ...            0 sec [DONE]
        
                                                           0 sec [DONE]
      after performing Check
evaluateCheckerResultsViaRefinementLoop
checker.getResult() is Trace
checkOnlyPrecon: 0, size:1
getFailingCheckFor
setStatusMarkerAccordingToFailingInstruction
BranchInst - LoopBound
trying to exclude Assertions for Failing Instruction

    Rerunning SMT solver (STP with MiniSat) ...            0 sec [DONE]
      checker.getResult() is Trace
checkOnlyPrecon: 0, size:1
getFailingCheckFor
setStatusMarkerAccordingToFailingInstruction
BranchInst - LoopBound
trying to exclude Assertions for Failing Instruction

    Rerunning SMT solver (STP with MiniSat) ...            0 sec [DONE]
      checker.getResult() is Trace
checkOnlyPrecon: 0, size:1
getFailingCheckFor
setStatusMarkerAccordingToFailingInstruction
BranchInst - LoopBound
trying to exclude Assertions for Failing Instruction

    Rerunning SMT solver (STP with MiniSat) ...            0 sec [DONE]
      checker.getResult() is Trace
checkOnlyPrecon: 0, size:1
getFailingCheckFor
setStatusMarkerAccordingToFailingInstruction
BranchInst - LoopBound
trying to exclude Assertions for Failing Instruction

    Rerunning SMT solver (STP with MiniSat) ...            0 sec [DONE]
      getCheckerResultAfterUpdatingMarker
Result is NoTrace

                                                           1 sec [DONE]
    allsafe
    
                                                           1 sec [DONE]
  