runJobCommand
arguents: child
arguents: job
arguents: mode
handleJobInSeparateProcess0

Checking job 249 ...about to run job:
preconNumber: 0, 0

  Running Model Checker with 1 checks ...try
try ready

    SMTSolver : stp
    CallStackBound : 0
    StopEncodingAfterCheckLoop : 0
    LoopUnrollBound : 1
    HavocLimit : 0
    PreconditionNumber : 0
    PreconditionLocation : jobs/249
    TimeOut : 300
    InitializedGlobals : false
    IgnoreMissingFunctions : true
    StopEncodingAfterCheck : false
    OverApproxVaArgs : false
    PreconditionCheckMemory : false
    PreconditionOnlyArguments : trueI [0] lib/ModelChecker/Verifier.cpp:247 | EntryPoint : EcefToEnu
m_checker->run()

    Performing bounded model checking ...
      Unrolling loop in function "EcefToEnu" for 3 iterations succeeded.
      Transformed "EcefToEnu" from 5 to 8 basic blocks and from 136 to 172 instructions
      Performing pre-transformations on LLVM IR ...        0 sec [DONE]
        
      Performing logical encoding ...
        Unrolling loop in function "_mat_creat" for 1 iterations succeeded.
        Transformed "_mat_creat" from 10 to 11 basic blocks and from 54 to 57 instructions
        Transformed "mat_error" from 5 to 10 basic blocks and from 10 to 19 instructions
        Unrolling loop in function "mat_fill" for 1 iterations succeeded.
        Unrolling loop in function "mat_fill" for 1 iterations succeeded.
        Transformed "mat_fill" from 18 to 24 basic blocks and from 67 to 82 instructions
        Unrolling loop in function "mat_copy" for 1 iterations succeeded.
        Unrolling loop in function "mat_copy" for 1 iterations succeeded.
        Transformed "mat_copy" from 9 to 11 basic blocks and from 49 to 57 instructions
        Unrolling loop in function "mat_sub" for 1 iterations succeeded.
        Unrolling loop in function "mat_sub" for 1 iterations succeeded.
        Transformed "mat_sub" from 9 to 11 basic blocks and from 58 to 66 instructions
        Unrolling loop in function "mat_mul" for 1 iterations succeeded.
        Unrolling loop in function "mat_mul" for 1 iterations succeeded.
        Unrolling loop in function "mat_mul" for 1 iterations succeeded.
        Transformed "mat_mul" from 13 to 16 basic blocks and from 82 to 94 instructions
        Unrolling loop in function "mat_free" for 1 iterations succeeded.
        Transformed "mat_free" from 8 to 9 basic blocks and from 33 to 37 instructions
                                                           0 sec [DONE]
        Number of expressions:                          9650
        after encoding

      29 assertions before transformations (28 no_back_edge, 1 custom).

      Performing formula transformations ...
        Simplifier
          Number of rewrites                            2970
        Fixed Memory Address Assigner
          Number of moved ops                              0
          Number of rewrites                             384
        Simplifier
          Number of moved ops                              0
          Number of rewrites                           43851
        Memory Model Encoder
          Number of moved ops                              0
          Number of rewrites                               0
        Simplifier
          Number of rewrites                               0
        Simplifier
          Number of rewrites                               0
        ToASC Analyser
          Memcpy/memset found                             no
        Byte-Based Memory Creator
        Instantiation-Based ToASC Simplifier
        Simplifier
        FP Abstraction
          Number of rewrites                              64

Abstracted floating point operations.  The result might be a false positive.

        Simplifier
          Number of rewrites                               1
                                                           0 sec [DONE]
        
      29 assertions remain after transformations (28 no_back_edge, 1 custom).
after rewriteFormula
after sanityCheckFormula

      Running SMT solver (STP with MiniSat) ...            0 sec [DONE]
        
                                                           0 sec [DONE]
      after performing Check
evaluateCheckerResultsViaRefinementLoop
checker.getResult() is Trace
checkOnlyPrecon: 0, size:1
getFailingCheckFor
setStatusMarkerAccordingToFailingInstruction
BranchInst - LoopBound
trying to exclude Assertions for Failing Instruction

    Rerunning SMT solver (STP with MiniSat) ...            0 sec [DONE]
      getCheckerResultAfterUpdatingMarker
Result is NoTrace

                                                           0 sec [DONE]
    allsafe
    
                                                           0 sec [DONE]
  33 basic blocks and from 239 to 261 instructions
        Unrolling loop in function "mat_backsubs1" for 1 iterations succeeded.
        Unrolling loop in function "mat_backsubs1" for 1 iterations succeeded.
        Unrolling loop in function "mat_backsubs1" for 1 iterations succeeded.
        Unrolling loop in function "mat_backsubs1" for 1 iterations succeeded.
        Transformed "mat_backsubs1" from 17 to 21 basic blocks and from 201 to 216 instructions
        Unrolling loop in function "mat_free" for 1 iterations succeeded.
        Transformed "mat_free" from 8 to 9 basic blocks and from 33 to 37 instructions
        Unrolling loop in function "mat_mul" for 1 iterations succeeded.
        Unrolling loop in function "mat_mul" for 1 iterations succeeded.
        Unrolling loop in function "mat_mul" for 1 iterations succeeded.
        Transformed "mat_mul" from 13 to 16 basic blocks and from 82 to 94 instructions
        Unrolling loop in function "mat_mymul1" for 1 iterations succeeded.
        Unrolling loop in function "mat_mymul1" for 1 iterations succeeded.
        Unrolling loop in function "mat_mymul1" for 1 iterations succeeded.
        Transformed "mat_mymul1" from 13 to 16 basic blocks and from 88 to 103 instructions
        Unrolling loop in function "mat_sub" for 1 iterations succeeded.
        Unrolling loop in function "mat_sub" for 1 iterations succeeded.
        Transformed "mat_sub" from 9 to 11 basic blocks and from 58 to 66 instructions
        Unrolling loop in function "mat_mymul5" for 1 iterations succeeded.
        Unrolling loop in function "mat_mymul5" for 1 iterations succeeded.
        Unrolling loop in function "mat_mymul5" for 1 iterations succeeded.
        Unrolling loop in function "mat_mymul5" for 1 iterations succeeded.
        Unrolling loop in function "mat_mymul5" for 1 iterations succeeded.
        Transformed "mat_mymul5" from 21 to 26 basic blocks and from 136 to 159 instructions
                                                           0 sec [DONE]
        Number of expressions:                         15778
        after encoding

      94 assertions before transformations (91 no_back_edge, 2 custom, 1 no_unreachable_executed).

      Performing formula transformations ...
        Simplifier
          Number of rewrites                            6243
        Fixed Memory Address Assigner
          Number of moved ops                              9
          Number of rewrites                             376
        Simplifier
          Number of moved ops                              0
          Number of rewrites                            3200
        Memory Model Encoder
          Number of moved ops                              0rewriteAllocaOprewriteStackAddressOp
rewriteAllocaOprewriteStackAddressOp
rewriteAllocaOprewriteStackAddressOp
rewriteAllocaOprewriteStackAddressOp
rewriteAllocaOprewriteStackAddressOp

          Number of rewrites                               5
        Simplifier
          Number of moved ops                              0
          Number of rewrites                           13016
        Simplifier
          Number of moved ops                              0
          Number of rewrites                             100
        ToASC Analyser
          Memcpy/memset found                             no
        Byte-Based Memory Creator
        Instantiation-Based ToASC Simplifier
        Simplifier
        FP Abstraction
          Number of rewrites                             560

Abstracted floating point operations.  The result might be a false positive.

        Simplifier
          Number of moved ops                              0
          Number of rewrites                              34
                                                           0 sec [DONE]
        
      94 assertions remain after transformations (91 no_back_edge, 2 custom, 1 no_unreachable_executed).
after rewriteFormula
after sanityCheckFormula

      Running SMT solver (STP with MiniSat) ...