runJobCommand
arguents: child
arguents: job
arguents: mode
Careful, HavocLimit is not zero. Call Abstraction is activated
handleJobInSeparateProcess0

Checking job 3541 ...about to run job:
preconNumber: 0, 0

  Running Model Checker with 1 checks ...try
try ready

    SMTSolver : stp
    CallStackBound : 0
    StopEncodingAfterCheckLoop : 0
    LoopUnrollBound : 1
    HavocLimit : 1
    PreconditionNumber : 0
    PreconditionLocation : jobs/3541
    TimeOut : 600
    InitializedGlobals : false
    IgnoreMissingFunctions : false
    StopEncodingAfterCheck : false
    OverApproxVaArgs : false
    PreconditionCheckMemory : false
    PreconditionOnlyArguments : trueI [0] lib/ModelChecker/Verifier.cpp:247 | EntryPoint : allocateBtreePage
m_checker->run()

    Performing bounded model checking ...
      Unrolling loop in function "allocateBtreePage" for 1 iterations succeeded.
      Unrolling loop in function "allocateBtreePage" for 1 iterations succeeded.
      Unrolling loop in function "allocateBtreePage" for 1 iterations succeeded.
      Transformed "allocateBtreePage" from 122 to 125 basic blocks and from 716 to 748 instructions
      Performing pre-transformations on LLVM IR ...        0 sec [DONE]
        
      Performing logical encoding ...Current: allocateBtreePage Havoced: btreePagecount
Current: allocateBtreePage Havoced: sqlite3Get4byte
Current: allocateBtreePage Havoced: sqlite3PagerWrite
Current: allocateBtreePage Havoced: ptrmapPageno
Current: allocateBtreePage Havoced: btreeGetUnusedPage
Current: allocateBtreePage Havoced: sqlite3PagerWrite
Current: allocateBtreePage Havoced: releasePage
Current: allocateBtreePage Havoced: sqlite3Put4byte
Current: allocateBtreePage Havoced: btreeGetUnusedPage
Current: allocateBtreePage Havoced: sqlite3PagerWrite
Current: allocateBtreePage Havoced: releasePage
Current: allocateBtreePage Havoced: ptrmapGet
Current: allocateBtreePage Havoced: sqlite3PagerWrite
Current: allocateBtreePage Havoced: sqlite3Put4byte
Current: allocateBtreePage Havoced: sqlite3Get4byte
Current: allocateBtreePage Havoced: sqlite3Get4byte
Current: allocateBtreePage Havoced: btreeGetUnusedPage
Current: allocateBtreePage Havoced: sqlite3CorruptError
Current: allocateBtreePage Havoced: sqlite3Get4byte
Current: allocateBtreePage Havoced: sqlite3PagerWrite
isMemcpy:   call void @llvm.memcpy.p0i8.p0i8.i64(i8* %72, i8* %76, i64 4, i32 1, i1 false), !dbg !5808
Current: allocateBtreePage Havoced: sqlite3Get4byte
Current: allocateBtreePage Havoced: sqlite3AbsInt32
Current: allocateBtreePage Havoced: sqlite3Get4byte
Current: allocateBtreePage Havoced: sqlite3AbsInt32
Current: allocateBtreePage Havoced: sqlite3Get4byte
Current: allocateBtreePage Havoced: sqlite3Get4byte
Current: allocateBtreePage Havoced: sqlite3PagerWrite
isMemcpy:   call void @llvm.memcpy.p0i8.p0i8.i64(i8* %233, i8* %237, i64 4, i32 1, i1 false), !dbg !6068
Current: allocateBtreePage Havoced: sqlite3Put4byte
Current: allocateBtreePage Havoced: btreeGetHasContent
Current: allocateBtreePage Havoced: btreeGetUnusedPage
Current: allocateBtreePage Havoced: sqlite3PagerWrite
Current: allocateBtreePage Havoced: releasePage
Current: allocateBtreePage Havoced: sqlite3CorruptError
Current: allocateBtreePage Havoced: sqlite3PagerWrite
Current: allocateBtreePage Havoced: sqlite3Get4byte
Current: allocateBtreePage Havoced: btreeGetUnusedPage
Current: allocateBtreePage Havoced: sqlite3PagerWrite
isMemcpy:   call void @llvm.memcpy.p0i8.p0i8.i64(i8* %135, i8* %139, i64 4, i32 1, i1 false), !dbg !5910
Current: allocateBtreePage Havoced: sqlite3Put4byte
isMemcpy:   call void @llvm.memcpy.p0i8.p0i8.i64(i8* %148, i8* %152, i64 %155, i32 1, i1 false), !dbg !5922
Current: allocateBtreePage Havoced: releasePage
Current: allocateBtreePage Havoced: sqlite3Put4byte
Current: allocateBtreePage Havoced: sqlite3PagerWrite
Current: allocateBtreePage Havoced: sqlite3Put4byte
Current: allocateBtreePage Havoced: releasePage
Current: allocateBtreePage Havoced: sqlite3CorruptError
isMemcpy:   call void @llvm.memcpy.p0i8.p0i8.i64(i8* %100, i8* %104, i64 4, i32 1, i1 false), !dbg !5859
Current: allocateBtreePage Havoced: sqlite3PagerWrite
isMemcpy:   call void @llvm.memcpy.p0i8.p0i8.i64(i8* %111, i8* %115, i64 4, i32 1, i1 false), !dbg !5874
Current: allocateBtreePage Havoced: releasePage
Current: allocateBtreePage Havoced: sqlite3CorruptError
Current: allocateBtreePage Havoced: releasePage
Current: allocateBtreePage Havoced: releasePage
Current: allocateBtreePage Havoced: sqlite3CorruptError
                      0 sec [DONE]
        Number of expressions:                        156343
        after encoding

      4 assertions before transformations (3 no_back_edge, 1 custom).

      Performing formula transformations ...
        Simplifier
          Number of rewrites                            4066
        Fixed Memory Address Assigner
          Number of moved ops                              0
          Number of rewrites                            5208
        Simplifier
          Number of moved ops                              0
          Number of rewrites                           72687
        Memory Model Encoder
          Number of moved ops                              0rewriteAllocaOprewriteStackAddressOp
rewriteAllocaOprewriteStackAddressOp
rewriteAllocaOprewriteStackAddressOp
rewriteAllocaOprewriteStackAddressOp

          Number of rewrites                               4
        Simplifier
          Number of moved ops                              0
          Number of rewrites                               5
        Simplifier
          Number of moved ops                              0
          Number of rewrites                             157
        ToASC Analyser
          Memcpy/memset found                            yes
        Byte-Based Memory Creator
          Number of rewrites                            9073
        Instantiation-Based ToASC Simplifier
          Number of rewrites                               1
        Simplifier
          Number of moved ops                              0
          Number of rewrites                           23266
        FP Abstraction
          Number of rewrites                              22

Abstracted floating point operations.  The result might be a false positive.

        Simplifier
          Number of moved ops                              0
          Number of rewrites                               0
                                                           0 sec [DONE]
        
      4 assertions remain after transformations (3 no_back_edge, 1 custom).
after rewriteFormula
after sanityCheckFormula

      Running SMT solver (STP with MiniSat) ...            0 sec [DONE]
        
                                                           1 sec [DONE]
      after performing Check
evaluateCheckerResultsViaRefinementLoop
checker.getResult() is Trace
checkOnlyPrecon: 0, size:1
getFailingCheckFor
setStatusMarkerAccordingToFailingInstruction
BranchInst - LoopBound
trying to exclude Assertions for Failing Instruction

    Rerunning SMT solver (STP with MiniSat) ...            0 sec [DONE]
      checker.getResult() is Trace
checkOnlyPrecon: 0, size:1
getFailingCheckFor
setStatusMarkerAccordingToFailingInstruction
BranchInst - LoopBound
trying to exclude Assertions for Failing Instruction

    Rerunning SMT solver (STP with MiniSat) ...            0 sec [DONE]
      checker.getResult() is Trace
checkOnlyPrecon: 0, size:1
getFailingCheckFor
setStatusMarkerAccordingToFailingInstruction
BranchInst - LoopBound
trying to exclude Assertions for Failing Instruction

    Rerunning SMT solver (STP with MiniSat) ...            0 sec [DONE]
      checker.getResult() is Trace
checkOnlyPrecon: 0, size:1
E [3] lib/ModelChecker/Verifier.cpp:515 | VerificationException due to Could not find the failing instruction. This is a bug that only  leads to CheckStatus::InternalError for robustness reasons. (Note that instructions optimized away are a different case, which does not yield a check ID at all)
getCheckerResultAfterUpdatingMarker
E [3] lib/ModelChecker/Verifier.cpp:299 | The Model checker terminated with an exception
E [4] lib/Core/CheckStatusMarker.cpp:61 | A job finished with an internal error
E [4] lib/Core/CheckStatusMarker.cpp:63 | The model checker terminated with an exception (job:3541)

                                                           3 sec [DONE]
    The model checker terminated with an exception
    
                                                           3 sec [DONE]
  