runJobCommand
precondition analysis with entry:sqlite3VdbeSorterWrite
arguents: child
arguents: job
arguents: mode
arguents: precondition
handleJobInSeparateProcess0

Checking job 5036 ...about to run job:
preconNumber: 5, 1

  Running Model Checker with 1 checks ...entry: sqlite3VdbeSorterWrite, functionName: vdbeSorterFlushPMA
  <badref> = call i32 @qpr.precondition.vdbeSorterFlushPMA(%struct.VdbeSorter.288* %6)
entry: sqlite3VdbeSorterWrite, functionName: sqlite3VdbeSorterWrite
entry: sqlite3VdbeSorterWrite, functionName: vdbeSorterFlushPMA
try
try ready

    SMTSolver : stp
    CallStackBound : 0
    StopEncodingAfterCheckLoop : 1
    LoopUnrollBound : 1
    HavocLimit : 0
    PreconditionNumber : 5
    PreconditionLocation : jobs/5036
    TimeOut : 600
    InitializedGlobals : false
    IgnoreMissingFunctions : false
    StopEncodingAfterCheck : true
    OverApproxVaArgs : false
    PreconditionCheckMemory : false
    PreconditionOnlyArguments : trueI [1] lib/ModelChecker/Verifier.cpp:247 | EntryPoint : sqlite3VdbeSorterWrite
m_checker->run()

    Performing bounded model checking ...
      Unrolling loop in function "sqlite3VdbeSorterWrite" for 1 iterations succeeded.
      Transformed "sqlite3VdbeSorterWrite" from 50 to 51 basic blocks and from 353 to 359 instructions
      Performing pre-transformations on LLVM IR ...        0 sec [DONE]
        
      Performing logical encoding ...size Alloca: 1
size Alloca: 1

        Unrolling loop in function "sqlite3VarintLen" for 1 iterations succeeded.
        Transformed "sqlite3VarintLen" from 5 to 6 basic blocks and from 21 to 31 instructionsTODO MKB implement precondition handling: IE
Reading in precondition at: jobs/5036/precondition_vdbeSorterFlushPMA.txt
preconFile: jobs/5036/precondition_vdbeSorterFlushPMA.txt
ref: [underoverapprox]name of function arguments, argValue:  
ref: [underoverapprox]name of function arguments, argValue:  
name of function arguments line
ERROR boolCond is nullptr
ERROR boolCond is nullptr
ERROR boolCond is nullptr
ERROR boolCond is nullptr
ERROR boolCond is nullptr
Writing precondition type at: jobs/5036/precondition_type_sqlite3VdbeSorterWrite.txt

Type of Precondition:
[underoverapprox]
precondition found, end encoding

                                                           0 sec [DONE]
        Number of expressions:                        155672
        after encoding

      1 assertion before transformations (1 no_back_edge).

      Performing formula transformations ...
        Simplifier
          Number of rewrites                            3658
        Fixed Memory Address Assigner
          Number of moved ops                              3
          Number of rewrites                            5210
        Simplifier
          Number of moved ops                              2
          Number of rewrites                           73312
        Memory Model Encoder
          Number of moved ops                              0rewriteAllocaOprewriteStackAddressOp
rewriteAllocaOprewriteStackAddressOp

          Number of rewrites                               2
        Simplifier
          Number of moved ops                              0
          Number of rewrites                               5
        Simplifier
          Number of moved ops                              0
          Number of rewrites                           69268
        ToASC Analyser
          Memcpy/memset found                             no
        Byte-Based Memory Creator
        Instantiation-Based ToASC Simplifier
        Simplifier
        FP Abstraction
          Number of rewrites                              44

Abstracted floating point operations.  The result might be a false positive.

        Simplifier
          Number of moved ops                              0
          Number of rewrites                               0
                                                           0 sec [DONE]
        
      1 assertion remains after transformations (1 no_back_edge).
after rewriteFormula
after sanityCheckFormula

      Running SMT solver (STP with MiniSat) ...iSat) ...            0 sec [DONE]
      failingInst:   call void @llbmc.assert(i1 %4, i32 %0)
Preconditions internal: 

 function does not read memory: 0, checkValidLoad:0, checkMemory: 0
function does not read memory 


    Rerunning SMT solver (STP with MiniSat) ...            0 sec [DONE]
      failingInst:   call void @llbmc.assert(i1 %4, i32 %0)
Preconditions internal: 

 function does not read memory: 0, checkValidLoad:0, checkMemory: 0
function does not read memory 


    Rerunning SMT solver (STP with MiniSat) ...            0 sec [DONE]
      failingInst:   call void @llbmc.assert(i1 %4, i32 %0)
Preconditions internal: 

 function does not read memory: 0, checkValidLoad:0, checkMemory: 0
function does not read memory 


    Rerunning SMT solver (STP with MiniSat) ...            0 sec [DONE]
      failingInst:   call void @llbmc.assert(i1 %4, i32 %0)
Preconditions internal: 

 function does not read memory: 0, checkValidLoad:0, checkMemory: 0
function does not read memory 


    Rerunning SMT solver (STP with MiniSat) ...            0 sec [DONE]
      name of function arguments: Writing precondition at: jobs/5036/precondition_vdbeSorterFlushPMA.txt

Generated Preconditions:
[underoverapprox]name of function arguments: 






                                                           1 sec [DONE]
    allunsafe
    
                                                           1 sec [DONE]
  